-- 53 <30
-- 1 <29
-- 6 <28
-- 18 <27
-- 39 <26
-- 68 <25
-- 89 <24
-- 201 <23
-- 496 <22
-- 919 <21
-- 1894 <20
-- 3483 <19
-- 6557 <18
-- 12151 <17
-- 22643 <16
-- 42523 <15
true 82502310
(0 -> -1) (1 -> 0) (2 -> -1) (3 -> -1) (4 -> 14) (5 -> 6) (6 -> -1) (7 -> -1) (8 -> 19) (9 -> -1) (10 -> 9) (11 -> -1) (12 -> 4) (13 -> 20) (14 -> -1) (15 -> 29) (16 -> -1) (17 -> 16) (18 -> 3) (19 -> 1) (20 -> -1) (21 -> 24) (22 -> 26) (23 -> -1) (24 -> -1) (25 -> -1) (26 -> 18) (27 -> -1) (28 -> -1) (29 -> -1) 
91996 53 1 6 18 39 68 89 201 496 919 1894 3483 6557 12151 22643 42523 843
EXCEPT=16 FAIL0=53 FAIL1=1 FAIL10=1894 FAIL11=3483 FAIL12=6557 FAIL13=12151 FAIL14=22643 FAIL15=42523 FAIL2=6 FAIL3=18 FAIL4=39 FAIL5=68 FAIL6=89 FAIL7=201 FAIL8=496 FAIL9=919 SIZE=14 
