-- 19 <30
-- 43 <29
-- 48 <28
-- 36 <27
-- 27 <26
-- 74 <25
-- 101 <24
-- 175 <23
-- 359 <22
-- 687 <21
-- 1405 <20
-- 2766 <19
-- 5352 <18
-- 10165 <17
-- 19600 <16
-- 37534 <15
true 72700615
(0 -> 24) (1 -> -1) (2 -> 14) (3 -> 28) (4 -> -1) (5 -> -1) (6 -> 12) (7 -> 5) (8 -> -1) (9 -> 2) (10 -> -1) (11 -> 6) (12 -> -1) (13 -> 11) (14 -> 7) (15 -> -1) (16 -> 19) (17 -> -1) (18 -> -1) (19 -> -1) (20 -> -1) (21 -> -1) (22 -> 25) (23 -> 16) (24 -> -1) (25 -> -1) (26 -> -1) (27 -> 26) (28 -> 22) (29 -> -1) 
78540 19 43 48 36 27 74 101 175 359 687 1405 2766 5352 10165 19600 37534 138
EXCEPT=16 FAIL0=19 FAIL1=43 FAIL10=1405 FAIL11=2766 FAIL12=5352 FAIL13=10165 FAIL14=19600 FAIL15=37534 FAIL2=48 FAIL3=36 FAIL4=27 FAIL5=74 FAIL6=101 FAIL7=175 FAIL8=359 FAIL9=687 SIZE=14 
