-- 2492 1
-- 2492 2
-- 2492 3
-- 2492 4
-- 2493 5
-- 2493 6
-- 2493 7
-- 2493 8
-- 2493 9
-- 2493 10
-- 2493 11
-- 2493 12
-- 2493 13
-- 2493 14
-- 2493 15
-- 2493 16
-- 2493 17
-- 2493 18
-- 2493 19
-- 2493 20
-- 2494 21
-- 2494 22
-- 2494 23
-- 5511 24
-- 15054 25
true 6189275 aborted 25
(0 -> 36) (2 -> 40) (6 -> 33) (8 -> 44) (10 -> 7) (11 -> 38) (12 -> 2) (13 -> 17) (14 -> 47) (15 -> 11) (19 -> 49) (22 -> 46) (24 -> 20) (26 -> 34) (27 -> 15) (33 -> 1) (35 -> 13) (36 -> 30) (37 -> 29) (38 -> 27) (39 -> 31) (40 -> 8) (41 -> 42) (46 -> 25) (49 -> 19) 
100000
