-- 2489 1
-- 2489 2
-- 2489 3
-- 2489 4
-- 2489 5
-- 2490 6
-- 2490 7
-- 2490 8
-- 2490 9
-- 2490 10
-- 2490 11
-- 2490 12
-- 2490 13
-- 2490 14
-- 2490 15
-- 2490 16
-- 2490 17
-- 2490 18
-- 2490 19
-- 2490 20
-- 2490 21
-- 2490 22
-- 2490 23
-- 2492 24
-- 2911 25
true 5502594 aborted 25
(0 -> 16) (2 -> 19) (4 -> 26) (5 -> 43) (6 -> 17) (7 -> 32) (10 -> 39) (12 -> 27) (14 -> 18) (17 -> 31) (19 -> 44) (20 -> 35) (21 -> 3) (22 -> 23) (24 -> 11) (28 -> 47) (30 -> 38) (31 -> 49) (35 -> 20) (36 -> 34) (38 -> 10) (39 -> 40) (40 -> 33) (44 -> 2) (48 -> 42) 
100000
