-- 2504 1
-- 2505 2
-- 2505 3
-- 2505 4
-- 2505 5
-- 2505 6
-- 2505 7
-- 2505 8
-- 2505 9
-- 2505 10
-- 2505 11
-- 2505 12
-- 2506 13
-- 2506 14
-- 2506 15
-- 2506 16
-- 2506 17
-- 2506 18
-- 2506 19
-- 2506 20
-- 2506 21
-- 2506 22
-- 2506 23
-- 2506 24
-- 2507 25
-- 2567 26
true 5010156 aborted 26
(0 -> 37) (3 -> 8) (4 -> 34) (5 -> 4) (9 -> 28) (12 -> 45) (17 -> 21) (18 -> 14) (19 -> 20) (20 -> 24) (21 -> 42) (22 -> 35) (23 -> 30) (24 -> 40) (32 -> 17) (34 -> 2) (35 -> 48) (36 -> 33) (39 -> 11) (41 -> 1) (42 -> 25) (43 -> 27) (44 -> 39) (45 -> 19) (46 -> 47) (49 -> 23) 
100000
