-- 2467 1
-- 2467 2
-- 2467 3
-- 2467 4
-- 2467 5
-- 2468 6
-- 2468 7
-- 2468 8
-- 2468 9
-- 2468 10
-- 2468 11
-- 2468 12
-- 2468 13
-- 2468 14
-- 2468 15
-- 2468 16
-- 2468 17
-- 2468 18
-- 2468 19
-- 2468 20
-- 2468 21
-- 2468 22
-- 2956 23
-- 41588 24
true 5834135 aborted 24
(1 -> 47) (6 -> 28) (9 -> 30) (13 -> 9) (17 -> 36) (18 -> 20) (19 -> 25) (21 -> 8) (23 -> 1) (24 -> 18) (25 -> 38) (26 -> 2) (28 -> 48) (29 -> 27) (30 -> 24) (31 -> 6) (34 -> 7) (35 -> 26) (38 -> 19) (40 -> 15) (43 -> 43) (45 -> 45) (46 -> 49) (48 -> 42) 
100000
