-- 2423 1
-- 2423 2
-- 2423 3
-- 2423 4
-- 2424 5
-- 2424 6
-- 2424 7
-- 2424 8
-- 2424 9
-- 2424 10
-- 2424 11
-- 2424 12
-- 2424 13
-- 2424 14
-- 2424 15
-- 2424 16
-- 2424 17
-- 2424 18
-- 2424 19
-- 2424 20
-- 2424 21
-- 2424 22
-- 2440 23
-- 9642 24
-- 55679 25
-- 56922 26
true 5683083 aborted 26
(2 -> 49) (3 -> 31) (4 -> 19) (5 -> 45) (6 -> 14) (7 -> 37) (8 -> 29) (9 -> 5) (17 -> 28) (19 -> 39) (20 -> 0) (21 -> 11) (22 -> 46) (23 -> 26) (26 -> 10) (27 -> 16) (29 -> 36) (33 -> 8) (35 -> 21) (38 -> 17) (40 -> 3) (41 -> 42) (43 -> 33) (44 -> 18) (47 -> 40) (48 -> 15) 
100000
