-- 2495 1
-- 2495 2
-- 2495 3
-- 2495 4
-- 2496 5
-- 2496 6
-- 2496 7
-- 2496 8
-- 2496 9
-- 2496 10
-- 2496 11
-- 2496 12
-- 2496 13
-- 2496 14
-- 2496 15
-- 2496 16
-- 2496 17
-- 2496 18
-- 2496 19
-- 2496 20
-- 2496 21
-- 2496 22
-- 2496 23
-- 2496 24
-- 3680 25
-- 6369 26
-- 25418 27
-- 70806 28
true 5754811 aborted 28
(0 -> 22) (2 -> 4) (3 -> 32) (5 -> 42) (8 -> 26) (9 -> 8) (10 -> 20) (11 -> 29) (12 -> 49) (14 -> 10) (15 -> 40) (18 -> 27) (19 -> 13) (23 -> 47) (24 -> 16) (25 -> 35) (26 -> 43) (27 -> 44) (31 -> 15) (32 -> 25) (35 -> 33) (37 -> 48) (38 -> 6) (40 -> 3) (43 -> 30) (44 -> 14) (48 -> 39) (49 -> 46) 
100000
