-- 2442 1
-- 2443 2
-- 2443 3
-- 2443 4
-- 2443 5
-- 2443 6
-- 2443 7
-- 2443 8
-- 2443 9
-- 2444 10
-- 2444 11
-- 2444 12
-- 2444 13
-- 2444 14
-- 2444 15
-- 2444 16
-- 2444 17
-- 2444 18
-- 2444 19
-- 2444 20
-- 3085 21
-- 3154 22
-- 80310 23
true 7218664 aborted 23
(0 -> 13) (2 -> 42) (4 -> 38) (6 -> 28) (7 -> 19) (13 -> 7) (18 -> 37) (19 -> 47) (22 -> 45) (26 -> 6) (27 -> 20) (30 -> 29) (31 -> 36) (32 -> 27) (34 -> 31) (35 -> 46) (37 -> 2) (39 -> 17) (41 -> 3) (43 -> 39) (44 -> 15) (48 -> 48) (49 -> 40) 
100000
