-- 840 1
-- 840 2
-- 840 3
-- 840 4
-- 840 5
-- 840 6
-- 840 7
-- 840 8
-- 840 9
-- 840 10
-- 840 11
-- 840 12
-- 840 13
-- 840 14
-- 840 15
-- 842 16
-- 842 17
-- 843 18
-- 893 19
-- 1769 20
-- 3245 21
-- 56268 22
-- 71912 23
true 8869280 aborted 23
(2 -> 38) (3 -> 6) (5 -> 28) (7 -> 30) (14 -> 36) (15 -> 15) (16 -> 39) (17 -> 4) (21 -> 26) (23 -> 32) (24 -> 22) (25 -> 10) (26 -> 7) (29 -> 35) (30 -> 19) (31 -> 34) (33 -> 17) (34 -> 25) (35 -> 29) (36 -> 16) (37 -> 2) (38 -> 3) (39 -> 27) 
100000
