-- 2325 1
-- 2325 2
-- 2325 3
-- 2325 4
-- 2325 5
-- 2326 6
-- 2326 7
-- 2326 8
-- 2326 9
-- 2326 10
-- 2326 11
-- 2326 12
-- 2326 13
-- 2326 14
-- 2326 15
-- 2326 16
-- 2326 17
-- 2326 18
-- 2326 19
-- 2331 20
-- 2335 21
-- 2336 22
-- 2898 23
-- 3134 24
-- 33843 25
true 5744356 aborted 25
(2 -> 32) (3 -> 14) (5 -> 44) (6 -> 22) (7 -> 26) (8 -> 18) (10 -> 38) (11 -> 10) (15 -> 49) (16 -> 39) (17 -> 31) (19 -> 11) (21 -> 17) (23 -> 30) (25 -> 27) (29 -> 5) (30 -> 8) (32 -> 45) (33 -> 28) (35 -> 20) (37 -> 37) (39 -> 1) (44 -> 35) (45 -> 40) (46 -> 36) 
100000
