-- 2675 1
-- 2675 2
-- 2675 3
-- 2675 4
-- 2675 5
-- 2675 6
-- 2676 7
-- 2676 8
-- 2676 9
-- 2676 10
-- 2676 11
-- 2676 12
-- 2676 13
-- 2676 14
-- 2676 15
-- 2676 16
-- 2676 17
-- 2676 18
-- 2676 19
-- 2676 20
-- 2676 21
-- 2676 22
-- 2676 23
-- 2676 24
-- 21486 25
-- 84944 26
true 4788666 aborted 26
(1 -> 15) (3 -> 1) (4 -> 44) (6 -> 22) (9 -> 10) (10 -> 48) (11 -> 6) (14 -> 27) (15 -> 25) (16 -> 23) (19 -> 39) (20 -> 30) (21 -> 40) (22 -> 31) (24 -> 47) (28 -> 7) (29 -> 8) (30 -> 3) (31 -> 5) (32 -> 32) (33 -> 42) (38 -> 38) (42 -> 13) (43 -> 26) (44 -> 2) (47 -> 35) 
100000
