-- 2801 1
-- 2801 2
-- 2801 3
-- 2801 4
-- 2801 5
-- 2801 6
-- 2802 7
-- 2802 8
-- 2802 9
-- 2802 10
-- 2802 11
-- 2802 12
-- 2802 13
-- 2802 14
-- 2802 15
-- 2802 16
-- 2802 17
-- 2802 18
-- 2802 19
-- 2802 20
-- 2802 21
-- 2802 22
-- 2802 23
-- 2803 24
-- 3096 25
-- 3467 26
true 5020341 aborted 26
(1 -> 27) (2 -> 25) (5 -> 34) (7 -> 9) (8 -> 35) (10 -> 42) (18 -> 19) (19 -> 2) (20 -> 31) (22 -> 49) (24 -> 33) (26 -> 47) (27 -> 5) (28 -> 10) (29 -> 29) (30 -> 22) (32 -> 38) (35 -> 1) (36 -> 8) (37 -> 13) (38 -> 46) (40 -> 4) (41 -> 21) (47 -> 48) (48 -> 26) (49 -> 44) 
100000
