-- 2390 1
-- 2390 2
-- 2390 3
-- 2391 4
-- 2391 5
-- 2391 6
-- 2391 7
-- 2391 8
-- 2391 9
-- 2391 10
-- 2391 11
-- 2391 12
-- 2391 13
-- 2391 14
-- 2391 15
-- 2391 16
-- 2391 17
-- 2391 18
-- 2391 19
-- 2391 20
-- 2391 21
-- 2440 22
-- 2543 23
-- 5037 24
-- 7958 25
true 4730709 aborted 25
(1 -> 22) (2 -> 18) (3 -> 45) (6 -> 21) (10 -> 19) (12 -> 2) (14 -> 46) (18 -> 10) (19 -> 6) (20 -> 20) (21 -> 31) (23 -> 40) (27 -> 1) (28 -> 49) (29 -> 42) (30 -> 30) (31 -> 29) (32 -> 8) (33 -> 16) (34 -> 41) (37 -> 4) (38 -> 25) (43 -> 32) (45 -> 26) (48 -> 48) 
100000
