-- 2250 1
-- 2251 2
-- 2251 3
-- 2251 4
-- 2251 5
-- 2251 6
-- 2251 7
-- 2251 8
-- 2251 9
-- 2251 10
-- 2251 11
-- 2251 12
-- 2251 13
-- 2251 14
-- 2251 15
-- 2251 16
-- 2251 17
-- 2251 18
-- 2251 19
-- 2251 20
-- 2258 21
-- 6109 22
-- 9861 23
-- 9861 24
-- 9861 25
-- 9861 26
true 5035783 aborted 26
(4 -> 45) (5 -> 6) (7 -> 1) (8 -> 38) (10 -> 28) (12 -> 2) (13 -> 7) (14 -> 11) (17 -> 24) (19 -> 4) (24 -> 35) (26 -> 10) (27 -> 22) (28 -> 17) (29 -> 23) (30 -> 33) (32 -> 42) (33 -> 21) (34 -> 26) (35 -> 39) (37 -> 49) (40 -> 27) (41 -> 32) (46 -> 31) (47 -> 46) (49 -> 12) 
100000
