-- 868 1
-- 868 2
-- 868 3
-- 868 4
-- 868 5
-- 868 6
-- 869 7
-- 869 8
-- 869 9
-- 869 10
-- 869 11
-- 869 12
-- 869 13
-- 869 14
-- 869 15
-- 869 16
-- 869 17
-- 869 18
-- 869 19
-- 870 20
-- 896 21
-- 897 22
-- 7561 23
-- 7669 24
-- 7673 25
true 10080947 aborted 25
(0 -> 39) (1 -> 35) (2 -> 24) (8 -> 0) (9 -> 25) (10 -> 10) (13 -> 27) (14 -> 4) (15 -> 15) (17 -> 29) (20 -> 19) (22 -> 21) (24 -> 37) (26 -> 36) (27 -> 6) (28 -> 5) (29 -> 28) (30 -> 13) (31 -> 23) (32 -> 32) (34 -> 2) (35 -> 30) (37 -> 20) (38 -> 3) (39 -> 33) 
100000
