-- 2578 1
-- 2578 2
-- 2578 3
-- 2579 4
-- 2579 5
-- 2579 6
-- 2579 7
-- 2579 8
-- 2579 9
-- 2579 10
-- 2579 11
-- 2580 12
-- 2580 13
-- 2580 14
-- 2580 15
-- 2580 16
-- 2580 17
-- 2580 18
-- 2586 19
-- 2586 20
-- 2586 21
-- 2586 22
-- 2593 23
-- 2622 24
-- 2627 25
-- 2643 26
-- 3533 27
-- 3533 28
-- 13976 29
-- 36226 30
true 4208418 aborted 30
(0 -> 23) (3 -> 43) (4 -> 38) (10 -> 42) (12 -> 8) (13 -> 9) (14 -> 14) (15 -> 17) (18 -> 35) (21 -> 21) (23 -> 7) (24 -> 29) (28 -> 48) (29 -> 15) (30 -> 0) (31 -> 18) (32 -> 5) (33 -> 36) (34 -> 32) (35 -> 44) (36 -> 26) (37 -> 2) (38 -> 33) (39 -> 39) (40 -> 45) (41 -> 6) (42 -> 28) (44 -> 12) (46 -> 30) (48 -> 47) 
100001
