-- 443 1
-- 444 2
-- 444 3
-- 444 4
-- 444 5
-- 444 6
-- 444 7
-- 444 8
-- 444 9
-- 444 10
-- 444 11
-- 444 12
-- 444 13
-- 444 14
-- 444 15
-- 444 16
-- 444 17
-- 444 18
-- 449 19
-- 490 20
-- 491 21
-- 492 22
-- 1210 23
-- 86488 24
true 12043115 aborted 24
(0 -> 11) (1 -> 23) (2 -> 22) (3 -> 21) (4 -> 29) (7 -> 13) (9 -> 20) (10 -> 26) (11 -> 27) (12 -> 16) (15 -> 9) (16 -> 12) (18 -> 30) (19 -> 4) (21 -> 5) (23 -> 19) (24 -> 10) (25 -> 7) (27 -> 2) (28 -> 25) (30 -> 0) (31 -> 18) (32 -> 28) (34 -> 31) 
100000
