-- 873 1
-- 874 2
-- 874 3
-- 874 4
-- 874 5
-- 874 6
-- 874 7
-- 874 8
-- 874 9
-- 874 10
-- 874 11
-- 874 12
-- 875 13
-- 875 14
-- 875 15
-- 875 16
-- 875 17
-- 875 18
-- 875 19
-- 875 20
-- 875 21
-- 875 22
-- 875 23
-- 875 24
-- 931 25
-- 1317 26
-- 1725 27
-- 5092 28
true 8055303 aborted 28
(0 -> 7) (1 -> 38) (3 -> 39) (5 -> 3) (7 -> 18) (8 -> 34) (9 -> 16) (10 -> 17) (11 -> 10) (12 -> 2) (13 -> 36) (14 -> 19) (17 -> 31) (18 -> 1) (19 -> 23) (21 -> 14) (24 -> 12) (25 -> 20) (26 -> 9) (27 -> 33) (29 -> 15) (30 -> 11) (31 -> 32) (33 -> 13) (34 -> 29) (35 -> 27) (36 -> 26) (38 -> 5) 
100000
