-- 2447 1
-- 2448 2
-- 2448 3
-- 2448 4
-- 2448 5
-- 2448 6
-- 2448 7
-- 2448 8
-- 2449 9
-- 2449 10
-- 2449 11
-- 2449 12
-- 2449 13
-- 2449 14
-- 2449 15
-- 2449 16
-- 2449 17
-- 2449 18
-- 2449 19
-- 2449 20
-- 2449 21
-- 2451 22
-- 2795 23
-- 19364 24
-- 20559 25
-- 53335 26
true 5732875 aborted 26
(1 -> 7) (6 -> 9) (7 -> 2) (9 -> 13) (10 -> 44) (14 -> 19) (16 -> 36) (19 -> 4) (20 -> 28) (22 -> 49) (23 -> 39) (24 -> 38) (26 -> 16) (27 -> 30) (28 -> 14) (32 -> 42) (33 -> 10) (34 -> 8) (36 -> 26) (39 -> 35) (40 -> 45) (42 -> 34) (44 -> 6) (45 -> 43) (47 -> 33) (48 -> 3) 
100000
