-- 2514 1
-- 2515 2
-- 2515 3
-- 2515 4
-- 2515 5
-- 2515 6
-- 2515 7
-- 2515 8
-- 2515 9
-- 2516 10
-- 2516 11
-- 2516 12
-- 2516 13
-- 2516 14
-- 2516 15
-- 2516 16
-- 2516 17
-- 2516 18
-- 2516 19
-- 2516 20
-- 2537 21
-- 2548 22
-- 2792 23
-- 12740 24
-- 76991 25
true 4937745 aborted 25
(2 -> 48) (6 -> 33) (9 -> 23) (13 -> 45) (14 -> 40) (15 -> 3) (16 -> 13) (17 -> 42) (20 -> 19) (22 -> 2) (24 -> 1) (25 -> 38) (32 -> 31) (34 -> 20) (36 -> 10) (38 -> 41) (40 -> 26) (41 -> 11) (42 -> 5) (43 -> 37) (44 -> 15) (46 -> 49) (47 -> 9) (48 -> 47) (49 -> 34) 
100000
