-- 871 1
-- 871 2
-- 871 3
-- 871 4
-- 871 5
-- 871 6
-- 872 7
-- 872 8
-- 872 9
-- 872 10
-- 872 11
-- 872 12
-- 872 13
-- 872 14
-- 872 15
-- 872 16
-- 872 17
-- 872 18
-- 872 19
-- 872 20
-- 872 21
-- 872 22
-- 872 23
-- 872 24
-- 872 25
-- 1346 26
true 8027462 aborted 26
(0 -> 31) (3 -> 38) (5 -> 23) (6 -> 6) (7 -> 33) (8 -> 22) (11 -> 36) (12 -> 7) (14 -> 5) (15 -> 11) (16 -> 10) (18 -> 34) (19 -> 14) (21 -> 27) (22 -> 37) (24 -> 18) (25 -> 9) (26 -> 19) (28 -> 17) (29 -> 4) (30 -> 30) (31 -> 12) (34 -> 29) (36 -> 3) (38 -> 15) (39 -> 8) 
100000
