-- 2560 1
-- 2560 2
-- 2560 3
-- 2561 4
-- 2561 5
-- 2561 6
-- 2561 7
-- 2561 8
-- 2561 9
-- 2561 10
-- 2561 11
-- 2561 12
-- 2561 13
-- 2561 14
-- 2561 15
-- 2561 16
-- 2562 17
-- 2562 18
-- 2562 19
-- 2562 20
-- 2562 21
-- 2562 22
-- 2562 23
-- 2562 24
-- 2562 25
-- 2563 26
-- 2750 27
-- 20733 28
true 5823992 aborted 28
(0 -> 25) (1 -> 44) (2 -> 15) (3 -> 41) (4 -> 9) (7 -> 11) (9 -> 34) (11 -> 43) (14 -> 33) (15 -> 40) (16 -> 0) (17 -> 46) (18 -> 26) (20 -> 7) (21 -> 27) (28 -> 37) (33 -> 18) (35 -> 1) (36 -> 22) (39 -> 3) (40 -> 20) (41 -> 42) (42 -> 30) (45 -> 23) (46 -> 29) (47 -> 49) (48 -> 45) (49 -> 8) 
100000
