-- 2449 1
-- 2450 2
-- 2450 3
-- 2450 4
-- 2450 5
-- 2450 6
-- 2450 7
-- 2450 8
-- 2450 9
-- 2451 10
-- 2451 11
-- 2451 12
-- 2451 13
-- 2451 14
-- 2451 15
-- 2451 16
-- 2451 17
-- 2451 18
-- 2451 19
-- 2451 20
-- 2451 21
-- 2451 22
-- 2451 23
-- 2451 24
-- 3058 25
-- 21890 26
-- 22250 27
-- 52358 28
true 5334442 aborted 28
(5 -> 24) (7 -> 30) (8 -> 7) (9 -> 42) (11 -> 41) (12 -> 38) (13 -> 14) (14 -> 45) (17 -> 12) (19 -> 10) (22 -> 9) (23 -> 3) (24 -> 21) (26 -> 8) (27 -> 48) (28 -> 20) (29 -> 40) (31 -> 2) (33 -> 23) (34 -> 44) (37 -> 0) (40 -> 43) (41 -> 31) (42 -> 33) (45 -> 39) (47 -> 28) (48 -> 26) (49 -> 11) 
100000
