-- 2573 1
-- 2573 2
-- 2574 3
-- 2574 4
-- 2574 5
-- 2574 6
-- 2574 7
-- 2574 8
-- 2574 9
-- 2574 10
-- 2574 11
-- 2574 12
-- 2575 13
-- 2575 14
-- 2575 15
-- 2575 16
-- 2575 17
-- 2575 18
-- 2575 19
-- 2575 20
-- 2575 21
-- 2575 22
-- 2576 23
-- 2576 24
-- 2577 25
-- 2821 26
-- 3198 27
true 5291233 aborted 27
(0 -> 11) (2 -> 44) (5 -> 42) (6 -> 12) (7 -> 5) (9 -> 28) (10 -> 15) (12 -> 41) (13 -> 25) (14 -> 26) (15 -> 38) (16 -> 7) (19 -> 40) (22 -> 4) (24 -> 1) (26 -> 35) (27 -> 45) (29 -> 27) (31 -> 14) (33 -> 48) (35 -> 29) (38 -> 37) (40 -> 3) (43 -> 18) (44 -> 6) (45 -> 0) (49 -> 30) 
100000
