-- 396 1
-- 396 2
-- 396 3
-- 396 4
-- 396 5
-- 396 6
-- 396 7
-- 396 8
-- 396 9
-- 396 10
-- 396 11
-- 396 12
-- 396 13
-- 396 14
-- 396 15
-- 396 16
-- 396 17
-- 396 18
-- 396 19
-- 396 20
-- 404 21
-- 404 22
-- 404 23
-- 404 24
true 8836086 aborted 24
(0 -> 2) (1 -> 15) (2 -> 11) (4 -> 8) (5 -> 6) (7 -> 33) (8 -> 14) (9 -> 9) (11 -> 0) (13 -> 24) (14 -> 25) (15 -> 10) (17 -> 3) (18 -> 29) (19 -> 16) (21 -> 23) (22 -> 28) (25 -> 30) (27 -> 27) (28 -> 34) (30 -> 18) (32 -> 4) (33 -> 19) (34 -> 31) 
100000
