-- 212 1
-- 212 2
-- 212 3
-- 212 4
-- 212 5
-- 212 6
-- 212 7
-- 213 8
-- 213 9
-- 213 10
-- 213 11
-- 213 12
-- 213 13
-- 213 14
-- 213 15
-- 213 16
-- 213 17
-- 213 18
-- 213 19
-- 213 20
-- 213 21
-- 213 22
-- 213 23
-- 213 24
-- 213 25
-- 213 26
-- 213 27
true 5424388 27
(0 -> 20) (1 -> 25) (2 -> 16) (3 -> 17) (4 -> 26) (6 -> 28) (8 -> 21) (9 -> 3) (10 -> 10) (12 -> 2) (13 -> 24) (14 -> 11) (15 -> 29) (16 -> 14) (17 -> 4) (18 -> 7) (19 -> 5) (20 -> 18) (21 -> 0) (22 -> 9) (23 -> 1) (24 -> 13) (25 -> 8) (26 -> 12) (27 -> 23) (28 -> 19) (29 -> 22) 
51503
