-- 176 1
-- 176 2
-- 176 3
-- 176 4
-- 176 5
-- 176 6
-- 176 7
-- 176 8
-- 176 9
-- 176 10
-- 176 11
-- 176 12
-- 189 13
-- 267 14
-- 1267 15
-- 1267 16
-- 1267 17
-- 1267 18
-- 1267 19
-- 2960 20
-- 2960 21
-- 2960 22
-- 2960 23
-- 2960 24
-- 2960 25
-- 2960 26
-- 2960 27
true 679767 27
(0 -> 2) (1 -> 5) (2 -> 10) (3 -> 16) (4 -> 6) (6 -> 8) (8 -> 19) (9 -> 12) (10 -> 9) (11 -> 28) (13 -> 3) (14 -> 18) (15 -> 25) (16 -> 26) (17 -> 22) (18 -> 11) (19 -> 15) (20 -> 7) (21 -> 14) (22 -> 23) (23 -> 24) (24 -> 27) (25 -> 4) (26 -> 13) (27 -> 29) (28 -> 20) (29 -> 21) 
4054
