-- 218 1
-- 219 2
-- 219 3
-- 219 4
-- 219 5
-- 219 6
-- 219 7
-- 219 8
-- 219 9
-- 219 10
-- 219 11
-- 219 12
-- 219 13
-- 219 14
-- 219 15
-- 219 16
-- 219 17
-- 219 18
-- 219 19
-- 393 20
-- 601 21
-- 8188 22
-- 8300 23
-- 72067 24
-- 72089 25
-- 72089 26
true 14023968 aborted 26
(0 -> 28) (1 -> 0) (3 -> 2) (4 -> 6) (5 -> 21) (6 -> 15) (7 -> 25) (8 -> 10) (9 -> 18) (11 -> 23) (12 -> 27) (14 -> 3) (15 -> 17) (16 -> 16) (17 -> 20) (18 -> 19) (19 -> 1) (21 -> 26) (22 -> 5) (23 -> 24) (24 -> 14) (25 -> 8) (26 -> 29) (27 -> 9) (28 -> 7) (29 -> 13) 
100000
