-- 193 1
-- 193 2
-- 193 3
-- 193 4
-- 193 5
-- 193 6
-- 193 7
-- 193 8
-- 193 9
-- 193 10
-- 193 11
-- 193 12
-- 193 13
-- 193 14
-- 193 15
-- 193 16
-- 193 17
-- 193 18
-- 193 19
-- 193 20
-- 193 21
-- 193 22
-- 193 23
-- 193 24
-- 193 25
-- 194 26
-- 194 27
-- 451 28
true 1742991 28
(0 -> 28) (1 -> 29) (2 -> 15) (3 -> 17) (4 -> 14) (5 -> 9) (6 -> 25) (7 -> 13) (8 -> 18) (9 -> 8) (10 -> 10) (11 -> 4) (12 -> 5) (13 -> 16) (14 -> 23) (15 -> 1) (16 -> 27) (17 -> 24) (18 -> 22) (20 -> 20) (21 -> 21) (23 -> 26) (24 -> 11) (25 -> 3) (26 -> 6) (27 -> 0) (28 -> 7) (29 -> 2) 
18693
