-- 197 1
-- 197 2
-- 197 3
-- 197 4
-- 197 5
-- 198 6
-- 198 7
-- 198 8
-- 198 9
-- 198 10
-- 198 11
-- 198 12
-- 198 13
-- 198 14
-- 206 15
-- 245 16
-- 613 17
-- 722 18
-- 722 19
-- 2261 20
-- 62092 21
-- 62092 22
-- 62092 23
-- 62092 24
-- 62092 25
-- 62092 26
-- 62092 27
true 14717260 27
(0 -> 14) (2 -> 21) (3 -> 11) (4 -> 5) (5 -> 9) (6 -> 1) (8 -> 25) (9 -> 6) (10 -> 22) (11 -> 7) (12 -> 29) (13 -> 23) (14 -> 3) (15 -> 8) (16 -> 17) (17 -> 16) (18 -> 24) (19 -> 28) (20 -> 2) (21 -> 13) (22 -> 20) (23 -> 12) (24 -> 0) (26 -> 18) (27 -> 10) (28 -> 27) (29 -> 19) 
96968
