-- 452 1
-- 452 2
-- 452 3
-- 452 4
-- 452 5
-- 452 6
-- 452 7
-- 452 8
-- 452 9
-- 452 10
-- 452 11
-- 452 12
-- 453 13
-- 508 14
-- 928 15
-- 928 16
-- 928 17
-- 928 18
-- 928 19
-- 17785 20
-- 17785 21
-- 64735 22
-- 64735 23
-- 64735 24
-- 64735 25
-- 64735 26
-- 64736 27
-- 64736 28
-- 64736 29
-- 64736 30
-- 64736 31
true 7824171 31
(0 -> 8) (1 -> 3) (2 -> 9) (3 -> 10) (4 -> 22) (5 -> 1) (6 -> 18) (7 -> 13) (8 -> 34) (9 -> 5) (10 -> 26) (11 -> 15) (12 -> 23) (13 -> 20) (14 -> 33) (15 -> 6) (16 -> 4) (19 -> 11) (20 -> 28) (21 -> 17) (22 -> 12) (24 -> 7) (25 -> 27) (26 -> 30) (27 -> 25) (28 -> 24) (29 -> 16) (31 -> 21) (32 -> 19) (33 -> 32) (34 -> 2) 
74881
