-- 885 1
-- 885 2
-- 885 3
-- 885 4
-- 886 5
-- 886 6
-- 886 7
-- 886 8
-- 886 9
-- 886 10
-- 886 11
-- 886 12
-- 886 13
-- 886 14
-- 886 15
-- 886 16
-- 886 17
-- 886 18
-- 886 19
-- 886 20
-- 886 21
-- 887 22
-- 887 23
-- 890 24
-- 890 25
-- 927 26
-- 927 27
true 8029399 aborted 27
(2 -> 9) (3 -> 29) (5 -> 24) (6 -> 35) (7 -> 8) (8 -> 27) (9 -> 7) (10 -> 0) (12 -> 3) (13 -> 12) (18 -> 32) (19 -> 33) (20 -> 37) (21 -> 15) (24 -> 10) (25 -> 38) (26 -> 23) (27 -> 5) (28 -> 18) (30 -> 13) (31 -> 39) (32 -> 4) (33 -> 6) (35 -> 30) (36 -> 22) (37 -> 1) (39 -> 26) 
100000
