-- 182 1
-- 182 2
-- 182 3
-- 182 4
-- 182 5
-- 182 6
-- 182 7
-- 182 8
-- 183 9
-- 183 10
-- 183 11
-- 183 12
-- 194 13
-- 204 14
-- 790 15
-- 790 16
-- 790 17
-- 790 18
-- 790 19
-- 790 20
-- 2112 21
-- 2112 22
-- 2112 23
-- 2112 24
-- 2112 25
-- 2112 26
true 632430 26
(2 -> 21) (3 -> 26) (4 -> 15) (5 -> 7) (6 -> 9) (7 -> 22) (8 -> 1) (11 -> 19) (12 -> 2) (13 -> 16) (14 -> 6) (15 -> 12) (16 -> 23) (17 -> 17) (18 -> 11) (19 -> 27) (20 -> 24) (21 -> 5) (22 -> 20) (23 -> 25) (24 -> 10) (25 -> 4) (26 -> 18) (27 -> 14) (28 -> 13) (29 -> 8) 
5121
