-- 72 9
-- 72 10
-- 72 11
-- 72 12
-- 72 13
-- 75 14
-- 75 15
-- 76 17
-- 76 18
-- 77 21
-- 77 22
-- 77 23
-- 77 24
-- 77 25
-- 77 28
-- 78 30
-- 78 37
-- 78 39
-- 78 40
true 14070 40
(2 -> 72) (3 -> 29) (4 -> 2) (5 -> 78) (9 -> 71) (13 -> 43) (16 -> 66) (17 -> 15) (20 -> 74) (21 -> 28) (22 -> 10) (23 -> 40) (25 -> 4) (27 -> 79) (30 -> 64) (34 -> 17) (35 -> 62) (36 -> 48) (37 -> 18) (40 -> 32) (41 -> 5) (44 -> 44) (48 -> 76) (50 -> 77) (51 -> 12) (53 -> 42) (54 -> 39) (58 -> 21) (61 -> 35) (62 -> 75) (63 -> 27) (66 -> 58) (67 -> 36) (69 -> 31) (71 -> 45) (72 -> 61) (73 -> 55) (75 -> 73) (76 -> 0) (77 -> 52) 
79
