-- 65 21
-- 65 22
-- 65 23
-- 66 24
-- 67 25
-- 69 26
-- 75 27
-- 103 28
-- 134 29
-- 147 32
-- 156 34
-- 309 35
-- 311 36
-- 533 37
-- 616 38
-- 636 39
-- 707 40
-- 735 41
-- 740 42
-- 740 45
true 3121279 45
(0 -> 80) (1 -> 42) (2 -> 73) (3 -> 89) (4 -> 21) (6 -> 47) (8 -> 87) (11 -> 30) (13 -> 33) (14 -> 61) (15 -> 29) (16 -> 60) (21 -> 74) (22 -> 86) (24 -> 85) (26 -> 23) (27 -> 67) (29 -> 81) (30 -> 62) (31 -> 8) (32 -> 70) (33 -> 51) (37 -> 13) (42 -> 65) (44 -> 16) (46 -> 53) (49 -> 64) (50 -> 14) (51 -> 49) (53 -> 5) (59 -> 1) (60 -> 31) (62 -> 82) (65 -> 39) (66 -> 22) (68 -> 68) (69 -> 54) (71 -> 2) (74 -> 17) (77 -> 3) (78 -> 26) (83 -> 11) (84 -> 38) (87 -> 75) (88 -> 43) 
885
