-- 35 12
-- 35 13
-- 35 14
-- 35 15
-- 36 16
-- 37 17
-- 38 18
-- 38 19
-- 38 20
-- 39 22
-- 40 23
-- 41 28
-- 42 31
-- 42 32
-- 42 33
-- 42 34
-- 45 35
true 21304 35
(0 -> 52) (2 -> 16) (3 -> 43) (5 -> 7) (6 -> 18) (8 -> 69) (10 -> 37) (11 -> 46) (14 -> 62) (15 -> 54) (17 -> 59) (19 -> 9) (20 -> 30) (21 -> 14) (27 -> 34) (28 -> 26) (29 -> 57) (35 -> 55) (38 -> 8) (43 -> 41) (45 -> 0) (46 -> 20) (50 -> 13) (52 -> 63) (53 -> 64) (55 -> 45) (57 -> 25) (58 -> 48) (59 -> 58) (61 -> 10) (62 -> 36) (64 -> 40) (67 -> 38) (68 -> 50) (69 -> 33) 
45
