-- 65 24
-- 65 25
-- 68 26
-- 87 28
-- 91 29
-- 95 30
-- 96 31
-- 163 32
-- 167 33
-- 167 34
-- 224 35
-- 224 36
-- 225 37
-- 540 38
-- 700 39
-- 702 40
-- 785 41
-- 786 45
true 3931190 45
(2 -> 68) (3 -> 74) (4 -> 65) (5 -> 37) (9 -> 70) (10 -> 0) (12 -> 77) (14 -> 85) (15 -> 5) (16 -> 64) (17 -> 56) (20 -> 31) (21 -> 86) (22 -> 81) (25 -> 58) (28 -> 54) (30 -> 46) (31 -> 27) (33 -> 29) (37 -> 78) (39 -> 55) (41 -> 20) (42 -> 82) (44 -> 76) (46 -> 34) (51 -> 7) (56 -> 25) (57 -> 61) (58 -> 89) (60 -> 53) (63 -> 71) (64 -> 28) (65 -> 8) (66 -> 39) (67 -> 1) (68 -> 63) (69 -> 88) (71 -> 44) (72 -> 16) (74 -> 19) (77 -> 9) (81 -> 23) (83 -> 32) (84 -> 14) (86 -> 59) 
1110
