-- 1 <42
-- 3 <41
-- 3 <40
-- 4 <39
-- 5 <38
-- 6 <37
-- 7 <36
-- 8 <35
-- 9 <34
-- 10 <33
-- 11 <32
-- 11 <31
-- 12 <30
-- 13 <29
-- 14 <28
-- 15 <27
-- 15 <26
-- 16 <25
-- 17 <24
-- 18 <23
-- 20 <22
-- 19 <21
-- 20 <20
-- 62 <19
-- 64 <18
-- 105 <17
-- 206 <16
-- 350 <15
-- 520 <14
-- 973 <13
-- 1400 <12
-- 2179 <11
-- 2996 <10
-- 4516 <9
-- 6688 <8
-- 10411 <7
-- 18341 <6
-- 34300 <5
true 8323605
(0 -> 35) (1 -> 28) (2 -> -1) (3 -> -1) (4 -> -1) (5 -> -1) (6 -> 20) (7 -> -1) (8 -> -1) (9 -> -1) (10 -> -1) (11 -> -1) (12 -> -1) (13 -> -1) (14 -> 18) (15 -> -1) (16 -> -1) (17 -> -1) (18 -> -1) (19 -> -1) (20 -> -1) (21 -> -1) (22 -> -1) (23 -> -1) (24 -> -1) (25 -> -1) (26 -> -1) (27 -> -1) (28 -> -1) (29 -> -1) (30 -> -1) (31 -> -1) (32 -> -1) (33 -> -1) (34 -> -1) (35 -> -1) (36 -> -1) (37 -> -1) (38 -> -1) (39 -> -1) (40 -> -1) (41 -> -1) 
83405 1 3 3 4 5 6 7 8 9 10 11 11 12 13 14 15 15 16 17 18 20 19 20 62 64 105 206 350 520 973 1400 2179 2996 4516 6688 10411 18341 34300 14
EXCEPT=38 FAIL0=1 FAIL1=3 FAIL10=11 FAIL11=11 FAIL12=12 FAIL13=13 FAIL14=14 FAIL15=15 FAIL16=15 FAIL17=16 FAIL18=17 FAIL19=18 FAIL2=3 FAIL20=20 FAIL21=19 FAIL22=20 FAIL23=62 FAIL24=64 FAIL25=105 FAIL26=206 FAIL27=350 FAIL28=520 FAIL29=973 FAIL3=4 FAIL30=1400 FAIL31=2179 FAIL32=2996 FAIL33=4516 FAIL34=6688 FAIL35=10411 FAIL36=18341 FAIL37=34300 FAIL4=5 FAIL5=6 FAIL6=7 FAIL7=8 FAIL8=9 FAIL9=10 SIZE=4 
