Incumbent size: 1
Incumbent size: 2
Incumbent size: 3
Incumbent size: 4
Incumbent size: 5
Incumbent size: 6
Incumbent size: 7
Incumbent size: 8
Incumbent size: 9
Incumbent size: 10
Incumbent size: 11
Incumbent size: 12
Incumbent size: 13
Incumbent size: 14
Incumbent size: 15
Incumbent size: 16
Incumbent size: 17
Incumbent size: 18
Incumbent size: 19
Incumbent size: 20
Incumbent size: 21
Incumbent size: 22
Incumbent size: 23
Incumbent size: 24
Incumbent size: 25
Incumbent size: 26
Incumbent size: 27
Incumbent size: 28
Incumbent size: 29
Incumbent size: 30
Incumbent size: 31
Solution size 31
(5 -> 49) (7 -> 32) (8 -> 6) (9 -> 30) (10 -> 43) (11 -> 48) (12 -> 24) (13 -> 10) (14 -> 34) (15 -> 2) (16 -> 14) (17 -> 22) (18 -> 18) (20 -> 16) (23 -> 3) (24 -> 1) (25 -> 28) (27 -> 21) (28 -> 41) (30 -> 4) (33 -> 5) (34 -> 8) (35 -> 42) (36 -> 20) (37 -> 40) (38 -> 7) (39 -> 23) (41 -> 36) (45 -> 0) (46 -> 19) (48 -> 25) 
Nodes:                      688382073
CPU time (ms):              100000
TIMEOUT
