Incumbent size: 1
Incumbent size: 2
Incumbent size: 3
Incumbent size: 4
Incumbent size: 5
Incumbent size: 6
Incumbent size: 7
Incumbent size: 8
Incumbent size: 9
Incumbent size: 10
Incumbent size: 11
Incumbent size: 12
Incumbent size: 13
Incumbent size: 14
Incumbent size: 15
Incumbent size: 16
Incumbent size: 17
Incumbent size: 18
Incumbent size: 19
Incumbent size: 20
Incumbent size: 21
Solution size 21
(0 -> 3) (8 -> 45) (10 -> 38) (11 -> 48) (14 -> 23) (20 -> 24) (21 -> 25) (22 -> 7) (24 -> 35) (27 -> 36) (29 -> 10) (31 -> 14) (32 -> 41) (33 -> 37) (36 -> 32) (38 -> 27) (41 -> 30) (44 -> 33) (46 -> 29) (48 -> 1) (49 -> 34) 
Nodes:                      282202733
CPU time (ms):              100000
TIMEOUT
