Incumbent size: 1
Incumbent size: 2
Incumbent size: 3
Incumbent size: 4
Incumbent size: 5
Incumbent size: 6
Incumbent size: 7
Incumbent size: 8
Incumbent size: 9
Incumbent size: 10
Incumbent size: 11
Incumbent size: 12
Incumbent size: 13
Incumbent size: 14
Incumbent size: 15
Incumbent size: 16
Incumbent size: 17
Incumbent size: 18
Incumbent size: 19
Incumbent size: 20
Incumbent size: 21
Incumbent size: 22
Incumbent size: 23
Incumbent size: 24
Solution size 24
(0 -> 22) (3 -> 44) (7 -> 45) (9 -> 5) (11 -> 31) (13 -> 13) (15 -> 8) (16 -> 34) (20 -> 28) (23 -> 6) (25 -> 9) (26 -> 21) (27 -> 29) (28 -> 19) (30 -> 17) (32 -> 15) (33 -> 2) (34 -> 10) (38 -> 26) (40 -> 46) (43 -> 4) (45 -> 38) (46 -> 36) (48 -> 33) 
Nodes:                      300477104
CPU time (ms):              100000
TIMEOUT
