Incumbent size: 1
Incumbent size: 2
Incumbent size: 3
Incumbent size: 4
Incumbent size: 5
Incumbent size: 6
Incumbent size: 7
Incumbent size: 8
Incumbent size: 9
Incumbent size: 10
Incumbent size: 11
Incumbent size: 12
Incumbent size: 13
Incumbent size: 14
Incumbent size: 15
Incumbent size: 16
Incumbent size: 17
Incumbent size: 18
Incumbent size: 19
Incumbent size: 20
Incumbent size: 21
Incumbent size: 22
Incumbent size: 23
Incumbent size: 24
Incumbent size: 25
Incumbent size: 26
Incumbent size: 27
Incumbent size: 28
Incumbent size: 29
Incumbent size: 30
Incumbent size: 31
Incumbent size: 32
Incumbent size: 33
Solution size 33
(1 -> 39) (2 -> 13) (4 -> 7) (5 -> 5) (8 -> 28) (11 -> 25) (12 -> 27) (14 -> 18) (15 -> 44) (16 -> 35) (17 -> 11) (19 -> 23) (20 -> 43) (21 -> 17) (22 -> 1) (23 -> 38) (26 -> 29) (27 -> 37) (28 -> 21) (29 -> 20) (31 -> 2) (33 -> 14) (34 -> 49) (35 -> 46) (36 -> 42) (37 -> 9) (42 -> 33) (43 -> 3) (44 -> 32) (45 -> 15) (46 -> 24) (47 -> 45) (48 -> 48) 
Nodes:                      535466574
CPU time (ms):              100000
TIMEOUT
