Incumbent size: 1
Incumbent size: 2
Incumbent size: 3
Incumbent size: 4
Incumbent size: 5
Incumbent size: 6
Incumbent size: 7
Incumbent size: 8
Incumbent size: 9
Incumbent size: 10
Incumbent size: 11
Incumbent size: 12
Incumbent size: 13
Incumbent size: 14
Incumbent size: 15
Incumbent size: 16
Incumbent size: 17
Incumbent size: 18
Incumbent size: 19
Incumbent size: 20
Incumbent size: 21
Incumbent size: 22
Incumbent size: 23
Incumbent size: 24
Incumbent size: 25
Incumbent size: 26
Incumbent size: 27
Incumbent size: 28
Solution size 28
(0 -> 24) (1 -> 37) (2 -> 29) (4 -> 11) (6 -> 43) (7 -> 41) (9 -> 30) (10 -> 15) (13 -> 18) (15 -> 23) (18 -> 2) (19 -> 3) (24 -> 26) (25 -> 48) (27 -> 16) (28 -> 44) (29 -> 45) (32 -> 6) (34 -> 5) (35 -> 13) (36 -> 0) (40 -> 47) (42 -> 7) (43 -> 46) (44 -> 42) (45 -> 20) (47 -> 32) (49 -> 19) 
Nodes:                      711239008
CPU time (ms):              100000
TIMEOUT
