Incumbent size: 1
Incumbent size: 2
Incumbent size: 3
Incumbent size: 4
Incumbent size: 5
Incumbent size: 6
Incumbent size: 7
Incumbent size: 8
Incumbent size: 9
Incumbent size: 10
Incumbent size: 11
Incumbent size: 12
Incumbent size: 13
Incumbent size: 14
Incumbent size: 15
Incumbent size: 16
Incumbent size: 17
Incumbent size: 18
Incumbent size: 19
Incumbent size: 20
Incumbent size: 21
Incumbent size: 22
Incumbent size: 23
Incumbent size: 24
Solution size 24
(2 -> 48) (4 -> 23) (6 -> 25) (8 -> 16) (9 -> 10) (10 -> 31) (13 -> 42) (14 -> 22) (17 -> 45) (19 -> 44) (23 -> 5) (26 -> 29) (29 -> 49) (30 -> 1) (32 -> 27) (35 -> 26) (37 -> 43) (39 -> 32) (40 -> 20) (42 -> 40) (43 -> 39) (44 -> 47) (48 -> 3) (49 -> 36) 
Nodes:                      298912164
CPU time (ms):              100000
TIMEOUT
