Incumbent size: 1
Incumbent size: 2
Incumbent size: 3
Incumbent size: 4
Incumbent size: 5
Incumbent size: 6
Incumbent size: 7
Incumbent size: 8
Incumbent size: 9
Incumbent size: 10
Incumbent size: 11
Incumbent size: 12
Incumbent size: 13
Incumbent size: 14
Incumbent size: 15
Incumbent size: 16
Incumbent size: 17
Incumbent size: 18
Incumbent size: 19
Incumbent size: 20
Incumbent size: 21
Incumbent size: 22
Incumbent size: 23
Incumbent size: 24
Incumbent size: 25
Incumbent size: 26
Incumbent size: 27
Incumbent size: 28
Solution size 28
(4 -> 27) (5 -> 5) (6 -> 20) (7 -> 4) (8 -> 25) (9 -> 28) (10 -> 32) (13 -> 7) (14 -> 39) (15 -> 14) (16 -> 26) (17 -> 31) (18 -> 16) (21 -> 0) (22 -> 6) (24 -> 23) (25 -> 19) (26 -> 34) (29 -> 22) (30 -> 11) (31 -> 12) (32 -> 2) (33 -> 33) (34 -> 9) (35 -> 35) (36 -> 30) (37 -> 17) (38 -> 37) 
Nodes:                      592668423
CPU time (ms):              100000
TIMEOUT
