Incumbent size: 1
Incumbent size: 2
Incumbent size: 3
Incumbent size: 4
Incumbent size: 5
Incumbent size: 6
Incumbent size: 7
Incumbent size: 8
Incumbent size: 9
Incumbent size: 10
Incumbent size: 11
Incumbent size: 12
Incumbent size: 13
Incumbent size: 14
Incumbent size: 15
Incumbent size: 16
Incumbent size: 17
Incumbent size: 18
Incumbent size: 19
Incumbent size: 20
Incumbent size: 21
Incumbent size: 22
Incumbent size: 23
Incumbent size: 24
Incumbent size: 25
Incumbent size: 26
Solution size 26
(1 -> 1) (2 -> 29) (3 -> 3) (5 -> 28) (8 -> 9) (9 -> 17) (10 -> 36) (11 -> 10) (13 -> 38) (14 -> 16) (16 -> 7) (18 -> 32) (19 -> 39) (20 -> 4) (21 -> 12) (22 -> 8) (23 -> 2) (28 -> 37) (29 -> 34) (31 -> 21) (32 -> 5) (33 -> 20) (35 -> 25) (36 -> 0) (38 -> 6) (39 -> 24) 
Nodes:                      487298173
CPU time (ms):              100000
TIMEOUT
