Incumbent size: 1
Incumbent size: 2
Incumbent size: 3
Incumbent size: 4
Incumbent size: 5
Incumbent size: 6
Incumbent size: 7
Incumbent size: 8
Incumbent size: 9
Incumbent size: 10
Incumbent size: 11
Incumbent size: 12
Incumbent size: 13
Incumbent size: 14
Incumbent size: 15
Incumbent size: 16
Incumbent size: 17
Incumbent size: 18
Incumbent size: 19
Incumbent size: 20
Incumbent size: 21
Incumbent size: 22
Incumbent size: 23
Incumbent size: 24
Incumbent size: 25
Incumbent size: 26
Incumbent size: 27
Incumbent size: 28
Incumbent size: 29
Incumbent size: 30
Solution size 30
(0 -> 15) (1 -> 2) (2 -> 44) (3 -> 18) (6 -> 46) (7 -> 3) (8 -> 42) (9 -> 7) (10 -> 6) (11 -> 27) (15 -> 9) (17 -> 14) (18 -> 22) (19 -> 43) (20 -> 49) (22 -> 31) (23 -> 21) (26 -> 33) (27 -> 19) (30 -> 11) (31 -> 35) (33 -> 26) (34 -> 28) (36 -> 0) (39 -> 12) (40 -> 36) (45 -> 4) (46 -> 1) (47 -> 17) (48 -> 25) 
Nodes:                      677095480
CPU time (ms):              100000
TIMEOUT
