Incumbent size: 1
Incumbent size: 2
Incumbent size: 3
Incumbent size: 4
Incumbent size: 5
Incumbent size: 6
Incumbent size: 7
Incumbent size: 8
Incumbent size: 9
Incumbent size: 10
Incumbent size: 11
Incumbent size: 12
Incumbent size: 13
Incumbent size: 14
Incumbent size: 15
Incumbent size: 16
Solution size 16
(0 -> 24) (1 -> 1) (5 -> 0) (14 -> 18) (15 -> 3) (21 -> 4) (29 -> 41) (31 -> 36) (33 -> 47) (36 -> 7) (39 -> 27) (41 -> 17) (42 -> 5) (46 -> 8) (47 -> 16) (49 -> 33) 
Nodes:                      231881936
CPU time (ms):              100000
TIMEOUT
