Incumbent size: 1
Incumbent size: 2
Incumbent size: 3
Incumbent size: 4
Incumbent size: 5
Incumbent size: 6
Incumbent size: 7
Incumbent size: 8
Incumbent size: 9
Incumbent size: 10
Incumbent size: 11
Incumbent size: 12
Incumbent size: 13
Incumbent size: 14
Incumbent size: 15
Incumbent size: 16
Incumbent size: 17
Incumbent size: 18
Incumbent size: 19
Incumbent size: 20
Incumbent size: 21
Incumbent size: 22
Incumbent size: 23
Incumbent size: 24
Incumbent size: 25
Incumbent size: 26
Solution size 26
(0 -> 9) (1 -> 14) (2 -> 21) (3 -> 18) (5 -> 17) (8 -> 32) (9 -> 37) (10 -> 1) (11 -> 0) (12 -> 4) (15 -> 35) (18 -> 8) (19 -> 16) (22 -> 20) (23 -> 29) (25 -> 25) (26 -> 27) (27 -> 31) (28 -> 22) (31 -> 13) (32 -> 34) (34 -> 15) (36 -> 33) (37 -> 19) (38 -> 23) (39 -> 5) 
Nodes:                      423691933
CPU time (ms):              100000
TIMEOUT
