Incumbent size: 1
Incumbent size: 2
Incumbent size: 3
Incumbent size: 4
Incumbent size: 5
Incumbent size: 6
Incumbent size: 7
Incumbent size: 8
Incumbent size: 9
Incumbent size: 10
Incumbent size: 11
Incumbent size: 12
Incumbent size: 13
Incumbent size: 14
Incumbent size: 15
Incumbent size: 16
Incumbent size: 17
Incumbent size: 18
Incumbent size: 19
Incumbent size: 20
Incumbent size: 21
Incumbent size: 22
Incumbent size: 23
Incumbent size: 24
Incumbent size: 25
Incumbent size: 26
Incumbent size: 27
Incumbent size: 28
Incumbent size: 29
Solution size 29
(1 -> 4) (2 -> 39) (3 -> 47) (4 -> 30) (5 -> 21) (6 -> 20) (7 -> 37) (8 -> 1) (9 -> 15) (12 -> 32) (14 -> 10) (15 -> 46) (16 -> 7) (17 -> 18) (18 -> 13) (19 -> 25) (21 -> 19) (22 -> 6) (28 -> 42) (29 -> 48) (31 -> 45) (32 -> 11) (33 -> 9) (34 -> 38) (35 -> 24) (38 -> 17) (41 -> 49) (44 -> 22) (49 -> 23) 
Nodes:                      385754493
CPU time (ms):              100000
TIMEOUT
