Incumbent size: 1
Incumbent size: 2
Incumbent size: 3
Incumbent size: 4
Incumbent size: 5
Incumbent size: 6
Incumbent size: 7
Incumbent size: 8
Incumbent size: 9
Incumbent size: 10
Incumbent size: 11
Incumbent size: 12
Incumbent size: 13
Incumbent size: 14
Incumbent size: 15
Incumbent size: 16
Incumbent size: 17
Incumbent size: 18
Incumbent size: 19
Incumbent size: 20
Incumbent size: 21
Incumbent size: 22
Incumbent size: 23
Incumbent size: 24
Incumbent size: 25
Incumbent size: 26
Incumbent size: 27
Incumbent size: 28
Incumbent size: 29
Solution size 29
(0 -> 11) (1 -> 30) (2 -> 7) (4 -> 46) (6 -> 3) (7 -> 29) (9 -> 15) (11 -> 42) (12 -> 33) (15 -> 37) (16 -> 8) (17 -> 41) (21 -> 4) (24 -> 1) (25 -> 24) (29 -> 49) (30 -> 0) (32 -> 47) (33 -> 39) (34 -> 38) (35 -> 32) (36 -> 22) (38 -> 44) (40 -> 2) (41 -> 21) (42 -> 27) (43 -> 12) (45 -> 43) (48 -> 34) 
Nodes:                      732652657
CPU time (ms):              100000
TIMEOUT
