Incumbent size: 1
Incumbent size: 2
Incumbent size: 3
Incumbent size: 4
Incumbent size: 5
Incumbent size: 6
Incumbent size: 7
Incumbent size: 8
Incumbent size: 9
Incumbent size: 10
Incumbent size: 11
Incumbent size: 12
Incumbent size: 13
Incumbent size: 14
Incumbent size: 15
Incumbent size: 16
Incumbent size: 17
Incumbent size: 18
Incumbent size: 19
Incumbent size: 20
Incumbent size: 21
Incumbent size: 22
Solution size 22
(0 -> 0) (1 -> 16) (2 -> 45) (3 -> 7) (8 -> 19) (10 -> 18) (13 -> 12) (15 -> 37) (17 -> 38) (18 -> 14) (21 -> 4) (23 -> 13) (26 -> 11) (28 -> 44) (29 -> 31) (30 -> 36) (32 -> 20) (36 -> 39) (37 -> 26) (38 -> 42) (44 -> 30) (47 -> 48) 
Nodes:                      280377312
CPU time (ms):              100000
TIMEOUT
