Incumbent size: 1
Incumbent size: 2
Incumbent size: 3
Incumbent size: 4
Incumbent size: 5
Incumbent size: 6
Incumbent size: 7
Incumbent size: 8
Incumbent size: 9
Incumbent size: 10
Incumbent size: 11
Incumbent size: 12
Incumbent size: 13
Incumbent size: 14
Incumbent size: 15
Incumbent size: 16
Incumbent size: 17
Incumbent size: 18
Incumbent size: 19
Incumbent size: 20
Incumbent size: 21
Incumbent size: 22
Incumbent size: 23
Incumbent size: 24
Incumbent size: 25
Solution size 25
(1 -> 27) (3 -> 6) (4 -> 16) (5 -> 14) (9 -> 32) (10 -> 19) (11 -> 11) (13 -> 38) (14 -> 18) (16 -> 37) (19 -> 4) (20 -> 23) (23 -> 10) (25 -> 5) (26 -> 33) (27 -> 36) (28 -> 13) (30 -> 29) (31 -> 24) (32 -> 39) (33 -> 21) (35 -> 2) (36 -> 22) (37 -> 26) (39 -> 7) 
Nodes:                      346167160
CPU time (ms):              100000
TIMEOUT
