Incumbent size: 1
Incumbent size: 2
Incumbent size: 3
Incumbent size: 4
Incumbent size: 5
Incumbent size: 6
Incumbent size: 7
Incumbent size: 8
Incumbent size: 9
Incumbent size: 10
Incumbent size: 11
Incumbent size: 12
Incumbent size: 13
Incumbent size: 14
Incumbent size: 15
Incumbent size: 16
Incumbent size: 17
Incumbent size: 18
Incumbent size: 19
Incumbent size: 20
Incumbent size: 21
Incumbent size: 22
Incumbent size: 23
Incumbent size: 24
Incumbent size: 25
Incumbent size: 26
Incumbent size: 27
Incumbent size: 28
Incumbent size: 29
Incumbent size: 30
Incumbent size: 31
Incumbent size: 32
Incumbent size: 33
Incumbent size: 34
Incumbent size: 35
Incumbent size: 36
Solution size 36
(0 -> 42) (1 -> 7) (2 -> 14) (3 -> 48) (4 -> 43) (5 -> 3) (6 -> 46) (7 -> 37) (8 -> 25) (10 -> 30) (11 -> 28) (12 -> 17) (13 -> 13) (14 -> 36) (15 -> 45) (17 -> 1) (18 -> 19) (20 -> 21) (21 -> 47) (26 -> 33) (28 -> 12) (29 -> 16) (31 -> 2) (32 -> 34) (33 -> 20) (35 -> 5) (36 -> 11) (38 -> 39) (39 -> 32) (40 -> 35) (41 -> 27) (43 -> 26) (45 -> 49) (47 -> 44) (48 -> 23) (49 -> 4) 
Nodes:                      452061010
CPU time (ms):              100000
TIMEOUT
