-- worker thread times 0 0 0 0 0 0 0 0 0 0 0 0 0 0 0
-- 2 <50
-- worker thread times 0 0 0 1 1 1 0 1 0 0 1 0 1 0 1
-- 3 <49
-- worker thread times 3 5 6 5 5 4 6 3 4 6 4 1 5 6 4
-- 8 <48
-- worker thread times 30 29 27 27 29 28 27 26 28 25 26 25 28 29 26
-- 32 <47
-- worker thread times 131 129 133 131 134 131 130 133 130 133 131 131 133 130 132
-- 136 <46
-- worker thread times 563 565 563 562 564 564 562 562 563 562 560 564 560 561 562
-- 567 <45
-- worker thread times 2401 2400 2398 2396 2398 2396 2399 2397 2400 2398 2397 2397 2394 2397 2400
-- 2404 <44
-- worker thread times 8014 8011 8007 8012 8011 8007 8011 8008 8009 8013 8010 8012 8008 8009 8013
-- 8017 <43
-- worker thread times 27330 27328 27326 27325 27324 27327 27326 27325 27325 27321 27328 27323 27326 27325 27325
-- 27333 <42
-- worker thread times 61493 61493 61492 61493 61492 61492 61493 61492 61492 61492 61492 61492 61493 61493 61493
-- 61495 <41
false 12214637 aborted

100001 2 3 8 32 136 567 2404 8017 27333 61495
FAIL0=2 FAIL1=3 FAIL2=8 FAIL3=32 FAIL4=136 FAIL5=567 FAIL6=2404 FAIL7=8017 FAIL8=27333 FAIL9=61495 
