-- worker thread times 0 0 0 0 0 0 0 0 0 0 0 0 0 0 0
-- 1 <40
-- worker thread times 0 0 0 0 0 0 0 0 0 0 1 1 0 0 0
-- 2 <39
-- worker thread times 4 3 4 4 3 2 1 4 4 3 3 3 3 2 5
-- 6 <38
-- worker thread times 23 21 23 22 22 22 19 22 22 22 22 23 20 21 22
-- 25 <37
-- worker thread times 90 89 87 91 89 89 92 91 89 90 88 91 86 91 89
-- 95 <36
-- worker thread times 263 264 264 266 266 265 263 263 263 262 262 263 265 265 267
-- 269 <35
-- worker thread times 732 732 733 732 729 732 731 729 731 732 729 729 730 733 731
-- 737 <34
-- worker thread times 1664 1659 1662 1661 1663 1663 1660 1662 1663 1660 1663 1661 1657 1660 1659
-- 1667 <33
-- worker thread times 3679 3675 3674 3678 3676 3676 3674 3677 3679 3678 3674 3675 3679 3679 3679
-- 3684 <32
-- worker thread times 7827 7827 7826 7821 7825 7825 7825 7823 7825 7823 7826 7822 7820 7826 7827
-- 7832 <31
-- worker thread times 14321 14318 14317 14318 14320 14318 14315 14320 14316 14315 14316 14317 14317 14316 14316
-- 14325 <30
-- worker thread times 26983 26983 26984 26979 26984 26983 26980 26984 26985 26985 26982 26988 26983 26984 26984
-- 26992 <29
-- worker thread times 44353 44354 44354 44353 44353 44354 44353 44353 44354 44353 44354 44353 44351 44352 44353
-- 44357 <28
false 16801015 aborted

100001 1 2 6 25 95 269 737 1667 3684 7832 14325 26992 44357
FAIL0=1 FAIL1=2 FAIL10=14325 FAIL11=26992 FAIL12=44357 FAIL2=6 FAIL3=25 FAIL4=95 FAIL5=269 FAIL6=737 FAIL7=1667 FAIL8=3684 FAIL9=7832 
