-- worker thread times 0 0 0 0 0 0 0 0 0 0 0 0 0 0 0
-- 1 <20
-- worker thread times 0 0 0 0 0 0 0 0 0 0 0 0 0 0 0
-- 2 <19
-- worker thread times 1 1 1 1 1 0 0 1 1 0 1 1 1 1 0
-- 3 <18
-- worker thread times 8 7 5 6 7 6 7 7 6 7 5 6 6 7 7
-- 10 <17
-- worker thread times 22 21 21 22 23 23 22 22 23 21 22 23 23 21 22
-- 26 <16
-- worker thread times 61 58 57 60 61 59 60 59 59 57 58 59 61 58 59
-- 63 <15
-- worker thread times 132 134 134 133 134 131 134 133 132 134 133 134 132 134 135
-- 137 <14
-- worker thread times 295 294 293 294 295 294 293 292 295 294 294 291 295 294 294
-- 298 <13
-- worker thread times 497 497 497 497 497 497 497 497 496 497 497 497 497 496 497
true 304132
(0 -> -1) (1 -> -1) (2 -> 9) (3 -> -1) (4 -> 4) (5 -> -1) (6 -> 19) (7 -> 1) (8 -> 2) (9 -> 18) (10 -> 6) (11 -> 5) (12 -> -1) (13 -> -1) (14 -> -1) (15 -> 14) (16 -> 11) (17 -> 12) (18 -> -1) (19 -> 7) 
1044 1 2 3 10 26 63 137 298 499
EXCEPT=8 FAIL0=1 FAIL1=2 FAIL2=3 FAIL3=10 FAIL4=26 FAIL5=63 FAIL6=137 FAIL7=298 SIZE=12 
