-- worker thread times 0 0 0 0 0 0 0 0 0 0 0 0 0 0 0
-- 2 <50
-- worker thread times 1 0 0 0 0 0 1 0 0 0 0 0 0 0 0
-- 2 <49
-- worker thread times 5 4 3 4 4 4 4 3 4 4 3 4 3 3 5
-- 7 <48
-- worker thread times 31 30 29 27 26 30 30 30 28 29 27 27 27 27 30
-- 33 <47
-- worker thread times 212 207 207 210 209 206 207 211 209 207 207 211 209 211 209
-- 214 <46
-- worker thread times 1278 1273 1272 1272 1275 1277 1272 1274 1273 1272 1276 1272 1276 1274 1278
-- 1280 <45
-- worker thread times 6850 6847 6843 6847 6847 6846 6845 6846 6846 6846 6846 6847 6848 6847 6847
-- 6852 <44
-- worker thread times 38590 38587 38586 38586 38582 38586 38589 38584 38582 38588 38586 38585 38583 38588 38589
-- 38592 <43
-- worker thread times 53012 53012 53012 53012 53012 53012 53012 53012 53012 53012 53012 53012 53012 53012 53012
-- 53014 <42
false 10861255 aborted

100001 2 2 7 33 214 1280 6852 38592 53014
FAIL0=2 FAIL1=2 FAIL2=7 FAIL3=33 FAIL4=214 FAIL5=1280 FAIL6=6852 FAIL7=38592 FAIL8=53014 
