-- worker thread times 0 0 0 0 0 0 0 0 0 0 0 0 0 0 0
-- 1 <40
-- worker thread times 0 0 0 0 0 0 1 0 0 0 0 0 0 1 0
-- 2 <39
-- worker thread times 2 3 3 4 4 4 4 2 2 5 4 1 1 3 5
-- 6 <38
-- worker thread times 26 25 26 28 25 24 26 24 24 26 24 26 26 27 27
-- 30 <37
-- worker thread times 176 169 173 169 176 170 175 168 175 173 176 170 176 175 167
-- 178 <36
-- worker thread times 941 936 938 933 934 935 938 936 935 935 933 937 936 936 940
-- 942 <35
-- worker thread times 5107 5102 5101 5101 5103 5099 5099 5099 5105 5103 5102 5103 5103 5104 5105
-- 5108 <34
-- worker thread times 28092 28090 28083 28087 28087 28087 28084 28090 28084 28091 28084 28086 28085 28079 28083
-- 28094 <33
-- worker thread times 65631 65630 65631 65630 65629 65631 65631 65631 65631 65631 65630 65630 65631 65631 65631
-- 65633 <32
false 14923474 aborted

100001 1 2 6 30 178 942 5108 28094 65633
FAIL0=1 FAIL1=2 FAIL2=6 FAIL3=30 FAIL4=178 FAIL5=942 FAIL6=5108 FAIL7=28094 FAIL8=65633 
