-- worker thread times 0 0 0 0 0 0 0 0 0 0 0 0 0 0 0
-- 1 <35
-- worker thread times 0 0 0 0 0 0 0 0 0 0 0 0 0 0 0
-- 2 <34
-- worker thread times 2 2 1 2 2 0 2 0 2 2 2 2 3 2 1
-- 4 <33
-- worker thread times 11 6 10 10 6 9 10 9 10 10 8 7 9 9 10
-- 13 <32
-- worker thread times 29 26 29 29 29 28 29 29 29 28 25 28 28 27 29
-- 33 <31
-- worker thread times 76 82 82 83 83 81 81 78 79 82 82 82 81 80 79
-- 85 <30
-- worker thread times 214 212 213 215 211 213 214 215 213 214 213 212 211 211 216
-- 219 <29
-- worker thread times 589 589 586 587 589 588 588 584 587 587 589 589 588 589 589
-- 594 <28
-- worker thread times 1525 1521 1522 1515 1523 1522 1518 1518 1518 1519 1523 1524 1520 1521 1517
-- 1529 <27
-- worker thread times 3904 3901 3906 3907 3907 3903 3904 3903 3908 3903 3902 3904 3907 3905 3903
-- 3912 <26
-- worker thread times 9772 9769 9772 9767 9772 9772 9771 9771 9768 9771 9769 9772 9772 9768 9772
-- 9778 <25
-- worker thread times 25837 25832 25835 25837 25835 25832 25836 25837 25836 25830 25834 25836 25832 25838 25831
-- 25843 <24
-- worker thread times 57976 57976 57977 57976 57978 57975 57977 57977 57976 57976 57976 57976 57976 57978 57977
-- 57981 <23
false 19013739 aborted

100001 1 2 4 13 33 85 219 594 1529 3912 9778 25843 57981
FAIL0=1 FAIL1=2 FAIL10=9778 FAIL11=25843 FAIL12=57981 FAIL2=4 FAIL3=13 FAIL4=33 FAIL5=85 FAIL6=219 FAIL7=594 FAIL8=1529 FAIL9=3912 
