-- worker thread times 0 0 0 0 0 0 0 0 0 0 0 0 0 0 0
-- 2 <50
-- worker thread times 1 0 0 0 0 0 0 0 0 0 0 0 0 0 0
-- 2 <49
-- worker thread times 4 0 4 2 1 4 3 3 3 4 1 2 3 2 3
-- 6 <48
-- worker thread times 31 31 29 28 30 28 28 30 30 30 30 29 29 30 29
-- 33 <47
-- worker thread times 106 101 103 104 104 105 104 105 104 105 105 106 105 103 103
-- 109 <46
-- worker thread times 332 333 334 332 331 332 332 332 333 332 331 334 331 331 335
-- 337 <45
-- worker thread times 957 956 956 958 956 955 958 957 955 955 957 958 957 956 958
-- 962 <44
-- worker thread times 2129 2125 2127 2126 2123 2126 2123 2128 2129 2124 2125 2129 2127 2127 2127
-- 2134 <43
-- worker thread times 5388 5389 5386 5388 5387 5388 5382 5387 5387 5387 5389 5381 5385 5386 5389
-- 5394 <42
-- worker thread times 11442 11436 11439 11443 11438 11440 11439 11436 11437 11437 11438 11437 11438 11441 11438
-- 11446 <41
-- worker thread times 22553 22552 22550 22552 22550 22549 22548 22552 22549 22548 22551 22549 22547 22548 22549
-- 22558 <40
-- worker thread times 43266 43259 43263 43258 43261 43263 43261 43261 43261 43261 43263 43261 43262 43261 43261
-- 43271 <39
-- worker thread times 13738 13737 13737 13737 13738 13737 13737 13738 13737 13738 13738 13738 13738 13738 13737
-- 13740 <38
false 10601187 aborted

100001 2 2 6 33 109 337 962 2134 5394 11446 22558 43271 13740
FAIL0=2 FAIL1=2 FAIL10=22558 FAIL11=43271 FAIL12=13740 FAIL2=6 FAIL3=33 FAIL4=109 FAIL5=337 FAIL6=962 FAIL7=2134 FAIL8=5394 FAIL9=11446 
