-- worker thread times 0 0 0 0 0 0 0 0 0 0 0 0 0 0 0
-- 1 <30
-- worker thread times 0 0 0 0 0 0 0 0 0 0 0 0 0 0 0
-- 2 <29
-- worker thread times 2 2 3 4 4 3 3 4 3 3 4 3 2 2 1
-- 6 <28
-- worker thread times 14 14 16 14 13 15 17 16 16 17 15 14 16 16 16
-- 19 <27
-- worker thread times 50 50 48 50 47 51 46 49 51 50 50 49 48 46 50
-- 53 <26
-- worker thread times 144 143 141 144 143 144 143 144 145 144 145 145 140 145 145
-- 148 <25
-- worker thread times 369 367 369 368 369 368 368 368 367 367 366 368 368 369 367
-- 373 <24
-- worker thread times 768 770 766 767 769 767 769 769 770 768 767 767 769 768 771
-- 774 <23
-- worker thread times 1544 1541 1544 1540 1541 1542 1541 1541 1543 1541 1541 1542 1541 1540 1543
-- 1548 <22
-- worker thread times 2950 2947 2945 2949 2944 2946 2945 2949 2947 2945 2947 2950 2946 2949 2947
-- 2954 <21
-- worker thread times 6093 6093 6090 6094 6092 6091 6095 6092 6095 6090 6095 6094 6094 6092 6098
-- 6102 <20
-- worker thread times 11347 11345 11342 11342 11343 11346 11347 11344 11346 11342 11346 11343 11339 11343 11347
-- 11352 <19
-- worker thread times 21145 21142 21140 21142 21140 21144 21139 21143 21138 21139 21138 21141 21141 21135 21133
-- 21149 <18
-- worker thread times 42731 42728 42724 42725 42727 42730 42725 42726 42727 42725 42723 42727 42726 42725 42727
-- 42736 <17
-- worker thread times 12775 12774 12774 12775 12775 12775 12775 12774 12774 12774 12775 12775 12775 12774 12775
-- 12776 <16
false 25479387 aborted

100000 1 2 6 19 53 148 373 774 1548 2954 6102 11352 21149 42736 12776
FAIL0=1 FAIL1=2 FAIL10=6102 FAIL11=11352 FAIL12=21149 FAIL13=42736 FAIL14=12776 FAIL2=6 FAIL3=19 FAIL4=53 FAIL5=148 FAIL6=373 FAIL7=774 FAIL8=1548 FAIL9=2954 
