-- worker thread times 0 0 0 0 0 0 0 0 0 0 0 0 0 0 0
-- 2 <40
-- worker thread times 0 0 0 1 0 0 0 0 1 1 1 0 1 0 0
-- 3 <39
-- worker thread times 4 5 4 3 3 4 4 5 4 4 3 5 4 4 5
-- 7 <38
-- worker thread times 20 20 20 18 20 19 19 19 19 20 19 21 17 18 18
-- 23 <37
-- worker thread times 69 68 70 66 69 70 70 69 70 70 69 70 69 69 71
-- 73 <36
-- worker thread times 228 228 229 229 231 231 228 232 229 230 232 230 232 230 229
-- 235 <35
-- worker thread times 685 688 688 688 687 689 685 689 687 686 688 689 686 688 689
-- 693 <34
-- worker thread times 1969 1966 1965 1969 1967 1961 1966 1966 1966 1962 1966 1966 1964 1966 1966
-- 1972 <33
-- worker thread times 5489 5485 5487 5487 5486 5489 5488 5484 5486 5485 5487 5485 5486 5484 5484
-- 5493 <32
-- worker thread times 14390 14385 14383 14384 14386 14385 14388 14387 14383 14388 14383 14381 14384 14386 14388
-- 14394 <31
-- worker thread times 36192 36194 36191 36195 36188 36193 36190 36191 36192 36196 36195 36195 36192 36193 36191
-- 36201 <30
-- worker thread times 40897 40898 40897 40897 40897 40897 40897 40897 40897 40897 40897 40897 40897 40897 40897
-- 40899 <29
false 16025178 aborted

100001 2 3 7 23 73 235 693 1972 5493 14394 36201 40899
FAIL0=2 FAIL1=3 FAIL10=36201 FAIL11=40899 FAIL2=7 FAIL3=23 FAIL4=73 FAIL5=235 FAIL6=693 FAIL7=1972 FAIL8=5493 FAIL9=14394 
