-- worker thread times 0 0 0 0 0 0 0 0 0 0 0 0 0 0 0
-- 1 <50
-- worker thread times 0 0 0 0 0 0 0 0 0 0 0 0 0 0 0
-- 2 <49
-- worker thread times 1 0 0 0 0 0 0 0 0 0 1 0 1 0 0
-- 3 <48
-- worker thread times 7 5 5 6 4 6 5 5 5 6 5 5 4 5 5
-- 8 <47
-- worker thread times 16 17 17 18 18 17 18 17 17 18 17 17 19 18 18
-- 21 <46
-- worker thread times 93 93 91 89 92 91 88 90 90 89 92 91 91 91 87
-- 96 <45
-- worker thread times 327 323 326 323 320 323 326 322 322 324 325 324 322 325 324
-- 330 <44
-- worker thread times 1153 1151 1153 1151 1152 1150 1148 1150 1151 1152 1149 1150 1146 1148 1147
-- 1157 <43
-- worker thread times 3676 3675 3674 3671 3669 3674 3670 3670 3673 3673 3677 3675 3674 3672 3674
-- 3681 <42
-- worker thread times 13838 13837 13836 13836 13833 13837 13833 13834 13833 13832 13832 13834 13835 13836 13835
-- 13841 <41
-- worker thread times 45544 45543 45539 45544 45541 45541 45542 45541 45539 45542 45537 45543 45543 45544 45541
-- 45549 <40
-- worker thread times 35304 35304 35304 35304 35305 35304 35304 35304 35304 35305 35304 35304 35304 35304 35304
-- 35307 <39
false 12500431 aborted

100001 1 2 3 8 21 96 330 1157 3681 13841 45549 35307
FAIL0=1 FAIL1=2 FAIL10=45549 FAIL11=35307 FAIL2=3 FAIL3=8 FAIL4=21 FAIL5=96 FAIL6=330 FAIL7=1157 FAIL8=3681 FAIL9=13841 
