-- worker thread times 0 0 0 0 0 0 0 0 0 0 0 0 0 0 0
-- 1 <40
-- worker thread times 1 1 1 0 0 0 0 0 0 0 1 0 0 0 0
-- 2 <39
-- worker thread times 3 6 6 5 2 5 4 6 5 2 2 4 3 4 2
-- 7 <38
-- worker thread times 27 27 24 25 24 26 25 25 22 26 26 26 24 24 24
-- 29 <37
-- worker thread times 115 114 116 115 115 114 115 113 113 111 114 116 117 114 111
-- 119 <36
-- worker thread times 455 452 450 454 454 455 450 449 456 454 456 453 454 454 455
-- 459 <35
-- worker thread times 1556 1555 1557 1559 1552 1557 1558 1556 1555 1557 1557 1555 1557 1555 1559
-- 1562 <34
-- worker thread times 5865 5863 5864 5861 5858 5861 5861 5861 5865 5859 5860 5859 5866 5861 5864
-- 5868 <33
-- worker thread times 22021 22023 22026 22018 22025 22024 22023 22018 22024 22025 22027 22022 22021 22025 22022
-- 22031 <32
-- worker thread times 69914 69914 69913 69914 69916 69913 69914 69915 69913 69912 69914 69915 69914 69915 69916
-- 69918 <31
false 15743592 aborted

100001 1 2 7 29 119 459 1562 5868 22031 69918
FAIL0=1 FAIL1=2 FAIL2=7 FAIL3=29 FAIL4=119 FAIL5=459 FAIL6=1562 FAIL7=5868 FAIL8=22031 FAIL9=69918 
