-- worker thread times 0 0 0 0 0 0 0 0 0 0 0 0 0 0 0
-- 2 <50
-- worker thread times 1 0 0 0 0 0 0 0 0 0 1 1 0 0 0
-- 3 <49
-- worker thread times 7 2 6 8 7 5 6 2 7 6 7 7 6 6 8
-- 10 <48
-- worker thread times 56 56 52 52 54 56 54 55 53 54 55 52 51 52 54
-- 58 <47
-- worker thread times 320 317 319 319 317 319 317 315 316 318 318 321 318 318 317
-- 322 <46
-- worker thread times 1746 1747 1747 1744 1745 1747 1743 1745 1746 1744 1744 1746 1745 1743 1747
-- 1750 <45
-- worker thread times 9992 9990 9989 9988 9990 9991 9992 9989 9989 9989 9988 9988 9989 9987 9991
-- 9995 <44
-- worker thread times 51744 51744 51740 51741 51742 51743 51738 51742 51743 51741 51743 51741 51739 51742 51742
-- 51749 <43
-- worker thread times 36107 36107 36107 36106 36106 36107 36106 36107 36107 36106 36106 36107 36106 36106 36107
-- 36109 <42
false 13238273 aborted

100001 2 3 10 58 322 1750 9995 51749 36109
FAIL0=2 FAIL1=3 FAIL2=10 FAIL3=58 FAIL4=322 FAIL5=1750 FAIL6=9995 FAIL7=51749 FAIL8=36109 
