-- worker thread times 0 0 0 0 0 0 0 0 0 0 0 0 0 0 0
-- 2 <35
-- worker thread times 1 1 0 0 0 0 0 1 0 1 0 0 0 0 0
-- 2 <34
-- worker thread times 3 3 3 2 2 3 4 3 2 2 2 1 3 3 3
-- 5 <33
-- worker thread times 13 13 12 12 11 13 12 13 13 12 12 13 12 13 12
-- 16 <32
-- worker thread times 44 42 43 44 45 44 42 42 41 42 43 44 43 42 42
-- 47 <31
-- worker thread times 137 137 136 136 136 137 137 138 135 137 138 137 138 134 139
-- 142 <30
-- worker thread times 372 369 373 370 371 370 367 368 369 371 368 369 372 372 371
-- 376 <29
-- worker thread times 804 807 807 808 807 810 804 806 807 802 807 809 808 805 808
-- 813 <28
-- worker thread times 1725 1723 1728 1719 1726 1721 1726 1724 1724 1724 1723 1725 1722 1725 1726
-- 1731 <27
-- worker thread times 3037 3034 3036 3035 3034 3038 3037 3036 3035 3039 3035 3036 3036 3037 3037
-- 3043 <26
-- worker thread times 6656 6653 6655 6651 6655 6652 6652 6655 6654 6656 6656 6652 6653 6653 6655
-- 6662 <25
-- worker thread times 12182 12178 12176 12179 12177 12179 12177 12181 12180 12177 12178 12177 12176 12176 12179
-- 12187 <24
-- worker thread times 22283 22283 22283 22279 22280 22280 22283 22280 22281 22280 22281 22285 22282 22281 22283
-- 22289 <23
-- worker thread times 39207 39202 39202 39199 39200 39202 39199 39202 39200 39206 39199 39200 39203 39204 39197
-- 39210 <22
-- worker thread times 13468 13467 13468 13467 13467 13467 13467 13468 13467 13467 13466 13467 13468 13467 13467
-- 13469 <21
false 21317421 aborted

100001 2 2 5 16 47 142 376 813 1731 3043 6662 12187 22289 39210 13469
FAIL0=2 FAIL1=2 FAIL10=6662 FAIL11=12187 FAIL12=22289 FAIL13=39210 FAIL14=13469 FAIL2=5 FAIL3=16 FAIL4=47 FAIL5=142 FAIL6=376 FAIL7=813 FAIL8=1731 FAIL9=3043 
