-- worker thread times 0 0 0 0 0 0 0 0 0 0 0 0 0 0 0
-- 1 <30
-- worker thread times 0 0 0 0 0 0 0 0 0 0 0 0 0 0 0
-- 2 <29
-- worker thread times 0 0 0 0 0 1 0 0 1 0 0 1 1 0 0
-- 2 <28
-- worker thread times 4 3 4 2 3 3 3 4 2 4 2 4 4 3 2
-- 6 <27
-- worker thread times 18 17 13 16 17 17 16 15 12 15 17 13 14 16 16
-- 19 <26
-- worker thread times 74 70 70 71 72 71 70 73 69 70 73 71 73 74 73
-- 77 <25
-- worker thread times 223 221 222 222 224 221 222 221 222 223 221 220 221 222 223
-- 227 <24
-- worker thread times 704 703 701 704 704 701 701 704 702 705 704 699 702 703 703
-- 708 <23
-- worker thread times 2787 2781 2784 2781 2786 2782 2785 2783 2784 2788 2785 2783 2784 2782 2782
-- 2791 <22
-- worker thread times 9934 9933 9934 9934 9933 9936 9930 9934 9932 9932 9936 9933 9929 9933 9936
-- 9941 <21
-- worker thread times 32018 32022 32020 32017 32020 32022 32018 32020 32020 32020 32014 32017 32021 32021 32020
-- 32027 <20
-- worker thread times 7485 7485 7485 7485 7485 7485 7485 7485 7485 7485 7485 7485 7485 7485 7485
true 12304526
(0 -> 20) (1 -> -1) (2 -> 12) (3 -> -1) (4 -> -1) (5 -> 17) (6 -> -1) (7 -> -1) (8 -> 6) (9 -> 26) (10 -> 16) (11 -> 29) (12 -> -1) (13 -> 15) (14 -> -1) (15 -> 3) (16 -> -1) (17 -> 19) (18 -> 0) (19 -> 4) (20 -> 28) (21 -> -1) (22 -> -1) (23 -> 13) (24 -> 10) (25 -> 21) (26 -> 2) (27 -> 22) (28 -> -1) (29 -> 5) 
53294 1 2 2 6 19 77 227 708 2791 9941 32027 7486
EXCEPT=11 FAIL0=1 FAIL1=2 FAIL10=32027 FAIL2=2 FAIL3=6 FAIL4=19 FAIL5=77 FAIL6=227 FAIL7=708 FAIL8=2791 FAIL9=9941 SIZE=19 
