-- worker thread times 0 0 0 0 0 0 0 0 0 0 0 0 0 0 0
-- 1 <30
-- worker thread times 0 0 0 0 0 0 0 0 0 0 0 0 0 0 0
-- 2 <29
-- worker thread times 2 1 0 1 1 0 0 1 1 0 1 0 1 2 0
-- 3 <28
-- worker thread times 5 3 4 5 3 5 3 3 3 2 5 2 4 3 4
-- 7 <27
-- worker thread times 17 15 13 16 17 14 16 16 15 14 17 14 16 14 15
-- 19 <26
-- worker thread times 51 50 50 50 47 48 50 49 51 47 47 47 51 49 51
-- 54 <25
-- worker thread times 146 143 145 145 142 145 145 146 142 144 144 145 144 141 143
-- 150 <24
-- worker thread times 466 465 463 463 464 464 460 462 468 464 465 464 463 466 463
-- 471 <23
-- worker thread times 1453 1450 1448 1452 1454 1454 1451 1453 1453 1452 1450 1452 1454 1451 1455
-- 1459 <22
-- worker thread times 4290 4291 4289 4288 4289 4284 4287 4286 4289 4289 4289 4285 4285 4289 4287
-- 4295 <21
-- worker thread times 15683 15682 15684 15681 15683 15681 15677 15681 15675 15683 15682 15680 15682 15683 15677
-- 15689 <20
-- worker thread times 22846 22846 22844 22846 22845 22845 22846 22846 22846 22846 22846 22846 22846 22845 22846
true 11223386
(0 -> -1) (1 -> 17) (2 -> 22) (3 -> -1) (4 -> 15) (5 -> 21) (6 -> 8) (7 -> 3) (8 -> 19) (9 -> -1) (10 -> -1) (11 -> 26) (12 -> 2) (13 -> 24) (14 -> 5) (15 -> 16) (16 -> -1) (17 -> 4) (18 -> -1) (19 -> -1) (20 -> 0) (21 -> 6) (22 -> -1) (23 -> -1) (24 -> -1) (25 -> -1) (26 -> 7) (27 -> 13) (28 -> 28) (29 -> 11) 
45005 1 2 3 7 19 54 150 471 1459 4295 15689 22849
EXCEPT=11 FAIL0=1 FAIL1=2 FAIL10=15689 FAIL2=3 FAIL3=7 FAIL4=19 FAIL5=54 FAIL6=150 FAIL7=471 FAIL8=1459 FAIL9=4295 SIZE=19 
