-- worker thread times 0 0 0 0 0 0 0 0 0 0 0 0 0 0 0
-- 2 <50
-- worker thread times 1 1 0 0 0 1 0 1 1 0 1 0 1 0 1
-- 3 <49
-- worker thread times 5 4 4 4 4 5 4 3 3 5 5 3 4 5 4
-- 7 <48
-- worker thread times 17 15 17 15 15 16 16 17 17 16 17 15 16 18 17
-- 20 <47
-- worker thread times 54 56 56 60 58 58 58 57 57 59 58 58 58 59 58
-- 62 <46
-- worker thread times 219 215 215 217 216 217 218 217 216 217 217 216 216 214 217
-- 222 <45
-- worker thread times 738 736 736 736 735 736 734 736 739 738 736 737 735 734 737
-- 742 <44
-- worker thread times 2798 2800 2797 2798 2798 2796 2797 2802 2794 2800 2795 2798 2797 2798 2801
-- 2805 <43
-- worker thread times 7884 7883 7880 7880 7888 7887 7883 7881 7886 7884 7884 7881 7883 7884 7888
-- 7891 <42
-- worker thread times 22590 22593 22590 22592 22590 22593 22587 22590 22585 22589 22588 22590 22590 22591 22594
-- 22598 <41
-- worker thread times 65641 65639 65641 65640 65641 65640 65640 65640 65640 65640 65641 65640 65641 65640 65640
-- 65644 <40
false 12365835 aborted

100001 2 3 7 20 62 222 742 2805 7891 22598 65644
FAIL0=2 FAIL1=3 FAIL10=65644 FAIL2=7 FAIL3=20 FAIL4=62 FAIL5=222 FAIL6=742 FAIL7=2805 FAIL8=7891 FAIL9=22598 
