-- worker thread times 0 0 0 0 0 0 0 0 0 0 0 0 0 0 0
-- 1 <40
-- worker thread times 0 0 0 0 0 0 0 0 0 0 0 0 0 0 0
-- 2 <39
-- worker thread times 0 3 0 2 2 2 2 2 2 2 2 2 1 2 2
-- 4 <38
-- worker thread times 18 19 19 16 19 20 19 19 19 18 19 19 17 19 19
-- 22 <37
-- worker thread times 78 76 76 77 76 78 77 78 77 79 77 79 77 77 78
-- 81 <36
-- worker thread times 469 467 467 464 468 469 469 467 468 469 466 467 469 468 469
-- 472 <35
-- worker thread times 1664 1665 1660 1663 1662 1662 1662 1663 1663 1663 1663 1662 1663 1663 1663
-- 1668 <34
-- worker thread times 6859 6858 6860 6858 6856 6859 6858 6856 6858 6860 6856 6859 6856 6855 6860
-- 6864 <33
-- worker thread times 22797 22794 22792 22789 22795 22795 22791 22793 22795 22796 22797 22796 22793 22793 22791
-- 22800 <32
-- worker thread times 68078 68078 68077 68079 68079 68078 68078 68077 68077 68078 68077 68076 68078 68078 68079
-- 68081 <31
false 17286680 aborted

100001 1 2 4 22 81 472 1668 6864 22800 68081
FAIL0=1 FAIL1=2 FAIL2=4 FAIL3=22 FAIL4=81 FAIL5=472 FAIL6=1668 FAIL7=6864 FAIL8=22800 FAIL9=68081 
