-- worker thread times 0 0 0 0 0 0 0 0 0 0 0 0 0 0 0
-- 2 <35
-- worker thread times 0 0 0 0 0 0 0 1 0 1 1 1 0 0 0
-- 2 <34
-- worker thread times 2 0 3 3 1 3 3 3 1 0 2 2 1 3 0
-- 5 <33
-- worker thread times 9 9 8 6 7 9 9 8 6 7 8 9 9 5 9
-- 12 <32
-- worker thread times 26 24 22 26 24 25 23 23 21 24 22 22 25 22 26
-- 29 <31
-- worker thread times 67 66 69 72 70 68 68 69 65 71 70 68 71 68 67
-- 74 <30
-- worker thread times 190 189 189 189 186 186 187 186 190 185 185 184 185 187 187
-- 194 <29
-- worker thread times 530 524 525 525 526 525 525 525 523 528 523 526 527 525 522
-- 533 <28
-- worker thread times 1325 1322 1322 1324 1322 1328 1326 1325 1326 1320 1325 1326 1327 1327 1330
-- 1333 <27
-- worker thread times 3462 3461 3458 3455 3452 3459 3460 3457 3460 3457 3451 3455 3457 3459 3453
-- 3465 <26
-- worker thread times 7741 7741 7738 7740 7736 7739 7741 7737 7737 7741 7737 7736 7740 7735 7739
-- 7747 <25
-- worker thread times 17656 17652 17650 17649 17654 17653 17649 17653 17649 17654 17649 17652 17654 17651 17654
-- 17662 <24
-- worker thread times 39961 39958 39950 39956 39953 39953 39953 39958 39957 39952 39954 39954 39956 39949 39952
-- 39965 <23
-- worker thread times 28971 28970 28971 28971 28970 28970 28971 28971 28971 28971 28970 28971 28970 28971 28971
-- 28973 <22
false 20499086 aborted

100001 2 2 5 12 29 74 194 533 1333 3465 7747 17662 39965 28973
FAIL0=2 FAIL1=2 FAIL10=7747 FAIL11=17662 FAIL12=39965 FAIL13=28973 FAIL2=5 FAIL3=12 FAIL4=29 FAIL5=74 FAIL6=194 FAIL7=533 FAIL8=1333 FAIL9=3465 
