-- worker thread times 0 0 0 0 0 0 0 0 0 0 0 0 0 0 0
-- 2 <50
-- worker thread times 0 0 1 0 0 0 0 0 0 0 0 0 1 0 0
-- 2 <49
-- worker thread times 5 5 4 4 3 5 3 2 4 4 4 4 4 3 5
-- 7 <48
-- worker thread times 13 16 16 17 14 17 14 16 18 18 16 16 17 15 18
-- 20 <47
-- worker thread times 43 45 44 44 46 44 46 43 45 46 45 43 46 46 46
-- 49 <46
-- worker thread times 136 140 136 136 134 140 140 137 137 137 138 136 138 139 138
-- 142 <45
-- worker thread times 346 342 348 349 347 345 345 343 346 346 345 347 347 343 345
-- 352 <44
-- worker thread times 885 880 884 876 879 883 884 876 879 874 878 882 881 880 875
-- 888 <43
-- worker thread times 1813 1815 1810 1810 1808 1812 1810 1816 1815 1817 1812 1817 1817 1815 1813
-- 1822 <42
-- worker thread times 4199 4199 4204 4205 4204 4196 4202 4203 4198 4202 4202 4203 4202 4202 4203
-- 4211 <41
-- worker thread times 9892 9896 9896 9901 9896 9900 9892 9901 9892 9901 9893 9899 9898 9894 9897
-- 9906 <40
-- worker thread times 23370 23367 23373 23370 23369 23364 23371 23365 23367 23371 23368 23367 23369 23363 23370
-- 23378 <39
-- worker thread times 56025 56028 56030 56034 56027 56029 56026 56027 56032 56030 56024 56024 56030 56027 56034
-- 56040 <38
-- worker thread times 3172 3171 3172 3172 3172 3171 3171 3172 3172 3171 3172 3172 3171 3171 3171
-- 3173 <37
false 13592844 aborted

100001 2 2 7 20 49 142 352 888 1822 4211 9906 23378 56040 3173
FAIL0=2 FAIL1=2 FAIL10=9906 FAIL11=23378 FAIL12=56040 FAIL13=3173 FAIL2=7 FAIL3=20 FAIL4=49 FAIL5=142 FAIL6=352 FAIL7=888 FAIL8=1822 FAIL9=4211 
