-- worker thread times 0 0 0 0 0 0 0 0 0 0 0 0 0 0 0
-- 2 <50
-- worker thread times 0 0 1 1 0 0 0 0 1 1 0 0 1 1 0
-- 3 <49
-- worker thread times 7 5 6 5 6 3 4 6 5 7 4 7 3 4 5
-- 8 <48
-- worker thread times 21 18 20 18 19 20 20 20 19 21 16 19 20 15 18
-- 23 <47
-- worker thread times 80 73 77 76 77 79 78 76 75 75 78 75 74 78 75
-- 82 <46
-- worker thread times 197 196 196 198 196 197 196 199 196 198 198 193 197 198 198
-- 202 <45
-- worker thread times 496 497 496 495 495 497 493 491 497 491 493 493 494 493 494
-- 500 <44
-- worker thread times 1215 1214 1214 1214 1217 1214 1213 1215 1210 1213 1216 1215 1216 1212 1211
-- 1221 <43
-- worker thread times 2954 2948 2950 2950 2949 2951 2954 2952 2950 2951 2951 2952 2946 2948 2957
-- 2960 <42
-- worker thread times 7092 7089 7095 7093 7093 7095 7095 7095 7093 7094 7094 7095 7093 7092 7097
-- 7103 <41
-- worker thread times 16862 16865 16861 16865 16863 16861 16867 16865 16860 16858 16866 16865 16863 16864 16860
-- 16872 <40
-- worker thread times 46352 46350 46351 46349 46345 46349 46352 46348 46350 46348 46345 46353 46349 46351 46349
-- 46359 <39
-- worker thread times 24657 24657 24657 24658 24657 24657 24658 24657 24657 24657 24657 24657 24658 24657 24658
-- 24659 <38
false 12169621 aborted

100001 2 3 8 23 82 202 500 1221 2960 7103 16872 46359 24659
FAIL0=2 FAIL1=3 FAIL10=16872 FAIL11=46359 FAIL12=24659 FAIL2=8 FAIL3=23 FAIL4=82 FAIL5=202 FAIL6=500 FAIL7=1221 FAIL8=2960 FAIL9=7103 
