-- worker thread times 0 0 0 0 0 0 0 0 0 0 0 0 0 0 0
-- 2 <40
-- worker thread times 1 0 0 0 0 0 0 0 0 0 0 0 0 0 0
-- 2 <39
-- worker thread times 2 1 1 1 1 2 1 0 2 2 2 0 0 2 0
-- 4 <38
-- worker thread times 8 8 6 8 6 7 5 7 8 8 6 7 6 7 8
-- 10 <37
-- worker thread times 33 31 30 31 32 30 30 32 30 33 29 29 30 32 29
-- 35 <36
-- worker thread times 86 81 83 83 84 84 82 84 84 81 83 80 83 83 82
-- 88 <35
-- worker thread times 257 256 255 255 254 251 254 254 254 251 256 255 256 255 256
-- 261 <34
-- worker thread times 744 741 738 739 740 738 738 738 740 741 740 739 737 741 740
-- 747 <33
-- worker thread times 1956 1956 1960 1957 1956 1957 1958 1958 1953 1961 1956 1959 1958 1961 1958
-- 1965 <32
-- worker thread times 6008 6003 6008 6008 6002 6005 6007 6002 6005 6008 6006 6004 6006 6003 6006
-- 6014 <31
-- worker thread times 18046 18043 18044 18040 18045 18042 18040 18044 18041 18041 18046 18043 18041 18044 18039
-- 18052 <30
-- worker thread times 51694 51690 51689 51685 51691 51688 51687 51687 51691 51691 51689 51682 51686 51690 51686
-- 51699 <29
-- worker thread times 21115 21115 21115 21115 21115 21115 21115 21115 21115 21115 21116 21115 21115 21115 21116
-- 21117 <28
false 16424148 aborted

100001 2 2 4 10 35 88 261 747 1965 6014 18052 51699 21117
FAIL0=2 FAIL1=2 FAIL10=18052 FAIL11=51699 FAIL12=21117 FAIL2=4 FAIL3=10 FAIL4=35 FAIL5=88 FAIL6=261 FAIL7=747 FAIL8=1965 FAIL9=6014 
