-- worker thread times 0 0 0 0 0 0 0 0 0 0 0 0 0 0 0
-- 1 <25
-- worker thread times 0 0 0 0 0 0 0 0 0 0 0 0 0 0 0
-- 1 <24
-- worker thread times 1 0 1 0 0 0 1 0 0 0 0 0 0 0 0
-- 2 <23
-- worker thread times 1 1 2 0 2 2 1 2 2 0 1 2 0 1 3
-- 4 <22
-- worker thread times 11 10 11 9 9 8 9 11 11 9 8 10 9 8 8
-- 13 <21
-- worker thread times 32 30 30 33 32 30 33 33 31 31 29 29 32 33 34
-- 36 <20
-- worker thread times 95 94 96 94 94 95 94 97 96 96 94 94 94 94 96
-- 100 <19
-- worker thread times 243 238 237 236 240 239 240 240 240 243 241 239 241 237 242
-- 246 <18
-- worker thread times 594 597 596 594 590 597 595 597 595 594 595 592 595 594 595
-- 601 <17
-- worker thread times 1194 1191 1194 1192 1189 1190 1193 1194 1193 1192 1189 1191 1191 1193 1192
-- 1199 <16
-- worker thread times 2748 2746 2744 2746 2743 2742 2746 2744 2748 2743 2742 2746 2748 2746 2740
-- 2753 <15
-- worker thread times 6566 6568 6567 6567 6567 6567 6567 6564 6566 6569 6565 6564 6561 6565 6569
-- 6574 <14
-- worker thread times 242 241 242 241 241 241 241 241 241 241 241 241 241 241 241
true 3613416
(0 -> 18) (1 -> 19) (2 -> -1) (3 -> -1) (4 -> 11) (5 -> -1) (6 -> 22) (7 -> 1) (8 -> -1) (9 -> -1) (10 -> 21) (11 -> -1) (12 -> -1) (13 -> -1) (14 -> -1) (15 -> 23) (16 -> 24) (17 -> 9) (18 -> 7) (19 -> 10) (20 -> -1) (21 -> 5) (22 -> -1) (23 -> 14) (24 -> -1) 
11779 1 1 2 4 13 36 100 246 601 1199 2753 6574 243
EXCEPT=12 FAIL0=1 FAIL1=1 FAIL10=2753 FAIL11=6574 FAIL2=2 FAIL3=4 FAIL4=13 FAIL5=36 FAIL6=100 FAIL7=246 FAIL8=601 FAIL9=1199 SIZE=13 
