-- worker thread times 0 0 0 0 0 0 0 0 0 0 0 0 0 0 0
-- 2 <50
-- worker thread times 0 0 0 0 0 0 0 0 0 0 1 0 1 0 0
-- 2 <49
-- worker thread times 4 2 2 3 3 2 4 2 3 3 2 3 3 2 3
-- 5 <48
-- worker thread times 22 21 21 20 21 18 19 21 21 20 20 21 20 21 20
-- 24 <47
-- worker thread times 69 70 69 70 70 70 70 70 70 69 71 69 68 68 71
-- 73 <46
-- worker thread times 188 188 189 188 190 189 189 190 189 188 189 189 189 188 189
-- 193 <45
-- worker thread times 503 501 502 502 499 499 502 500 502 502 501 503 499 502 502
-- 507 <44
-- worker thread times 1138 1138 1139 1136 1137 1137 1137 1139 1136 1137 1138 1138 1137 1134 1135
-- 1143 <43
-- worker thread times 2475 2474 2473 2472 2472 2475 2472 2473 2473 2475 2475 2474 2473 2474 2475
-- 2480 <42
-- worker thread times 6134 6129 6131 6130 6127 6128 6127 6128 6131 6127 6127 6129 6130 6130 6133
-- 6138 <41
-- worker thread times 13781 13776 13779 13775 13774 13778 13772 13772 13779 13773 13776 13775 13777 13774 13777
-- 13784 <40
-- worker thread times 31935 31935 31934 31933 31933 31934 31934 31933 31931 31931 31935 31930 31928 31933 31927
-- 31941 <39
-- worker thread times 43699 43699 43699 43699 43700 43699 43699 43699 43699 43700 43700 43700 43698 43700 43699
-- 43702 <38
false 12598551 aborted

100001 2 2 5 24 73 193 507 1143 2480 6138 13784 31941 43702
FAIL0=2 FAIL1=2 FAIL10=13784 FAIL11=31941 FAIL12=43702 FAIL2=5 FAIL3=24 FAIL4=73 FAIL5=193 FAIL6=507 FAIL7=1143 FAIL8=2480 FAIL9=6138 
