-- worker thread times 0 0 0 0 0 0 0 0 0 0 0 0 0 0 0
-- 2 <50
-- worker thread times 0 0 0 0 0 0 1 1 0 0 1 0 1 1 0
-- 2 <49
-- worker thread times 10 9 8 9 8 9 9 9 9 8 7 8 8 8 8
-- 11 <48
-- worker thread times 85 84 84 83 81 86 85 84 82 83 80 80 86 83 86
-- 88 <47
-- worker thread times 406 404 400 399 404 401 403 402 401 402 402 404 404 400 406
-- 408 <46
-- worker thread times 1797 1796 1795 1797 1793 1795 1795 1795 1794 1792 1798 1794 1795 1793 1798
-- 1800 <45
-- worker thread times 7215 7212 7212 7214 7210 7208 7208 7210 7208 7211 7210 7209 7213 7213 7212
-- 7217 <44
-- worker thread times 26350 26351 26350 26352 26352 26345 26352 26348 26352 26350 26350 26353 26351 26350 26354
-- 26358 <43
-- worker thread times 64108 64107 64107 64108 64108 64108 64108 64108 64107 64108 64107 64108 64108 64108 64108
-- 64110 <42
false 12115928 aborted

100001 2 2 11 88 408 1800 7217 26358 64110
FAIL0=2 FAIL1=2 FAIL2=11 FAIL3=88 FAIL4=408 FAIL5=1800 FAIL6=7217 FAIL7=26358 FAIL8=64110 
