-- worker thread times 0 0 0 0 0 0 0 0 0 0 0 0 0 0 0
-- 1 <30
-- worker thread times 0 0 0 0 0 0 0 0 0 0 0 0 0 0 0
-- 2 <29
-- worker thread times 1 2 0 1 1 1 1 0 1 0 0 1 1 2 0
-- 3 <28
-- worker thread times 3 4 5 6 5 6 5 2 5 5 5 6 4 4 6
-- 8 <27
-- worker thread times 17 18 17 18 19 20 18 17 18 19 19 19 18 20 18
-- 22 <26
-- worker thread times 56 55 59 55 57 55 56 58 57 58 56 56 57 55 58
-- 61 <25
-- worker thread times 184 180 183 185 182 183 181 181 183 183 183 181 181 183 184
-- 188 <24
-- worker thread times 602 599 602 601 599 598 598 602 599 600 602 600 598 599 602
-- 607 <23
-- worker thread times 1866 1861 1863 1864 1863 1861 1864 1860 1862 1863 1859 1867 1862 1863 1862
-- 1870 <22
-- worker thread times 4389 4382 4383 4388 4386 4384 4382 4385 4384 4383 4389 4382 4383 4387 4384
-- 4393 <21
-- worker thread times 3717 3716 3717 3717 3717 3718 3718 3716 3717 3718 3717 3718 3717 3718 3718
true 2565072
(0 -> 24) (1 -> 6) (2 -> 7) (3 -> 2) (4 -> 0) (5 -> -1) (6 -> -1) (7 -> -1) (8 -> 17) (9 -> 16) (10 -> -1) (11 -> 29) (12 -> -1) (13 -> -1) (14 -> -1) (15 -> 25) (16 -> -1) (17 -> 3) (18 -> 21) (19 -> -1) (20 -> -1) (21 -> 19) (22 -> 13) (23 -> 10) (24 -> 11) (25 -> 26) (26 -> 5) (27 -> 12) (28 -> 9) (29 -> 1) 
10878 1 2 3 8 22 61 188 607 1870 4393 3719
EXCEPT=10 FAIL0=1 FAIL1=2 FAIL2=3 FAIL3=8 FAIL4=22 FAIL5=61 FAIL6=188 FAIL7=607 FAIL8=1870 FAIL9=4393 SIZE=20 
