-- worker thread times 0 0 0 0 0 0 0 0 0 0 0 0 0 0 0
-- 2 <50
-- worker thread times 0 0 0 0 0 0 0 0 0 0 0 0 0 0 0
-- 2 <49
-- worker thread times 1 0 2 2 1 2 1 0 1 1 2 1 1 1 1
-- 4 <48
-- worker thread times 11 10 11 10 11 10 11 7 11 11 9 11 10 9 11
-- 14 <47
-- worker thread times 60 57 59 57 56 56 58 59 60 58 57 59 59 58 57
-- 63 <46
-- worker thread times 274 275 275 270 275 271 274 273 274 273 272 274 275 273 275
-- 279 <45
-- worker thread times 1207 1205 1201 1206 1206 1203 1202 1204 1204 1207 1204 1203 1204 1205 1205
-- 1210 <44
-- worker thread times 4994 4994 4987 4992 4993 4991 4990 4992 4994 4993 4989 4995 4988 4993 4995
-- 4998 <43
-- worker thread times 20621 20624 20623 20620 20623 20624 20626 20625 20623 20618 20623 20622 20624 20627 20627
-- 20630 <42
-- worker thread times 71171 71160 71168 71167 71163 71169 71161 71166 71166 71165 71168 71166 71167 71166 71161
-- 71174 <41
-- worker thread times 1620 1619 1619 1620 1619 1620 1620 1619 1619 1619 1620 1619 1620 1619 1620
-- 1622 <40
false 12355499 aborted

100001 2 2 4 14 63 279 1210 4998 20630 71174 1622
FAIL0=2 FAIL1=2 FAIL10=1622 FAIL2=4 FAIL3=14 FAIL4=63 FAIL5=279 FAIL6=1210 FAIL7=4998 FAIL8=20630 FAIL9=71174 
