-- worker thread times 0 0 0 0 0 0 0 0 0 0 0 0 0 0 0
-- 2 <35
-- worker thread times 0 1 0 1 0 1 0 1 0 0 1 0 0 0 1
-- 3 <34
-- worker thread times 7 5 6 7 4 6 5 4 5 6 6 6 5 6 6
-- 9 <33
-- worker thread times 23 25 23 24 25 24 24 23 22 26 24 25 23 25 23
-- 27 <32
-- worker thread times 68 69 69 71 69 71 69 69 69 70 69 70 68 70 70
-- 74 <31
-- worker thread times 200 196 199 198 199 197 194 198 194 196 195 197 198 198 194
-- 203 <30
-- worker thread times 446 447 443 446 447 446 449 446 447 447 444 444 445 448 447
-- 451 <29
-- worker thread times 979 982 981 978 978 979 977 979 980 980 981 977 979 978 982
-- 985 <28
-- worker thread times 2096 2093 2089 2094 2093 2096 2094 2095 2095 2095 2093 2095 2093 2094 2089
-- 2100 <27
-- worker thread times 4384 4383 4381 4383 4386 4384 4385 4387 4385 4386 4383 4381 4383 4385 4383
-- 4391 <26
-- worker thread times 8935 8933 8929 8934 8928 8934 8931 8935 8935 8931 8931 8933 8933 8928 8931
-- 8939 <25
-- worker thread times 18397 18397 18396 18393 18393 18389 18394 18391 18393 18394 18390 18392 18392 18392 18391
-- 18401 <24
-- worker thread times 38487 38482 38480 38486 38483 38484 38481 38487 38484 38482 38483 38481 38480 38485 38481
-- 38492 <23
-- worker thread times 25914 25915 25914 25915 25914 25915 25915 25914 25914 25915 25915 25914 25914 25914 25915
-- 25917 <22
false 21786041 aborted

100001 2 3 9 27 74 203 451 985 2100 4391 8939 18401 38492 25917
FAIL0=2 FAIL1=3 FAIL10=8939 FAIL11=18401 FAIL12=38492 FAIL13=25917 FAIL2=9 FAIL3=27 FAIL4=74 FAIL5=203 FAIL6=451 FAIL7=985 FAIL8=2100 FAIL9=4391 
