-- worker thread times 0 0 0 0 0 0 0 0 0 0 0 0 0 0 0
-- 1 <30
-- worker thread times 0 0 0 0 0 0 0 0 0 0 0 0 0 0 0
-- 2 <29
-- worker thread times 1 1 0 0 0 0 0 0 0 1 0 0 0 0 0
-- 2 <28
-- worker thread times 3 2 3 3 3 2 0 1 0 1 3 1 2 2 2
-- 5 <27
-- worker thread times 12 12 8 11 9 7 8 10 10 11 10 9 10 7 11
-- 14 <26
-- worker thread times 40 40 41 40 41 41 42 41 40 40 40 41 39 41 39
-- 45 <25
-- worker thread times 140 139 140 139 137 140 139 135 139 137 137 139 139 137 138
-- 144 <24
-- worker thread times 601 602 604 603 604 603 604 604 606 604 602 601 599 603 602
-- 609 <23
-- worker thread times 2142 2141 2139 2138 2140 2139 2142 2137 2138 2138 2138 2140 2136 2137 2140
-- 2146 <22
-- worker thread times 6099 6097 6097 6095 6092 6097 6093 6098 6096 6092 6098 6095 6092 6095 6099
-- 6103 <21
-- worker thread times 21810 21812 21810 21809 21807 21810 21809 21809 21811 21807 21808 21809 21809 21807 21807
-- 21817 <20
-- worker thread times 15519 15518 15518 15517 15518 15518 15518 15518 15518 15518 15518 15518 15519 15518 15518
true 11464461
(0 -> 6) (1 -> -1) (2 -> 9) (3 -> -1) (4 -> 25) (5 -> 0) (6 -> -1) (7 -> 21) (8 -> 16) (9 -> 4) (10 -> -1) (11 -> -1) (12 -> -1) (13 -> -1) (14 -> 1) (15 -> 5) (16 -> 13) (17 -> -1) (18 -> 18) (19 -> -1) (20 -> 23) (21 -> 7) (22 -> 10) (23 -> 19) (24 -> 27) (25 -> -1) (26 -> 15) (27 -> -1) (28 -> 3) (29 -> 29) 
46413 1 2 2 5 14 45 144 609 2146 6103 21817 15520
EXCEPT=11 FAIL0=1 FAIL1=2 FAIL10=21817 FAIL2=2 FAIL3=5 FAIL4=14 FAIL5=45 FAIL6=144 FAIL7=609 FAIL8=2146 FAIL9=6103 SIZE=19 
