-- worker thread times 0 0 0 0 0 0 0 0 0 0 0 0 0 0 0
-- 1 <40
-- worker thread times 0 0 0 0 0 0 0 0 0 0 0 0 0 0 0
-- 2 <39
-- worker thread times 0 0 2 0 1 0 1 1 1 1 2 1 0 1 0
-- 3 <38
-- worker thread times 8 6 7 7 7 6 8 8 7 5 8 7 7 4 7
-- 10 <37
-- worker thread times 31 31 29 31 31 30 31 31 31 31 30 32 30 31 30
-- 34 <36
-- worker thread times 108 106 108 102 108 109 107 108 106 107 107 107 106 107 106
-- 112 <35
-- worker thread times 310 310 306 308 309 308 309 309 307 311 307 310 309 308 309
-- 314 <34
-- worker thread times 876 876 875 873 876 877 874 872 870 877 876 875 875 876 872
-- 881 <33
-- worker thread times 2338 2336 2334 2337 2337 2340 2335 2338 2337 2336 2338 2333 2340 2335 2337
-- 2344 <32
-- worker thread times 6288 6281 6283 6286 6284 6285 6280 6281 6282 6283 6283 6281 6279 6285 6284
-- 6291 <31
-- worker thread times 16149 16150 16151 16150 16149 16148 16148 16150 16150 16151 16151 16149 16151 16150 16154
-- 16158 <30
-- worker thread times 38322 38323 38321 38320 38321 38315 38324 38320 38323 38321 38319 38317 38322 38319 38324
-- 38329 <29
-- worker thread times 35514 35514 35514 35514 35513 35514 35514 35513 35514 35513 35514 35513 35514 35513 35514
-- 35516 <28
false 16124755 aborted

100001 1 2 3 10 34 112 314 881 2344 6291 16158 38329 35516
FAIL0=1 FAIL1=2 FAIL10=16158 FAIL11=38329 FAIL12=35516 FAIL2=3 FAIL3=10 FAIL4=34 FAIL5=112 FAIL6=314 FAIL7=881 FAIL8=2344 FAIL9=6291 
