-- worker thread times 0 0 0 0 0 0 0 0 0 0 0 0 0 0 0
-- 1 <40
-- worker thread times 0 0 0 0 0 0 0 0 0 0 0 0 0 0 0
-- 2 <39
-- worker thread times 1 0 0 0 0 0 0 1 0 1 0 0 0 0 0
-- 2 <38
-- worker thread times 5 3 5 1 3 4 5 4 4 2 4 4 3 5 4
-- 7 <37
-- worker thread times 28 28 27 27 27 29 28 27 26 28 26 26 26 27 27
-- 31 <36
-- worker thread times 144 143 143 138 141 140 142 141 139 140 143 140 141 138 141
-- 146 <35
-- worker thread times 660 666 665 665 663 664 661 663 663 662 665 664 664 663 663
-- 669 <34
-- worker thread times 2717 2716 2715 2714 2714 2711 2712 2712 2713 2712 2711 2715 2716 2716 2713
-- 2720 <33
-- worker thread times 12363 12362 12364 12363 12361 12359 12360 12360 12364 12362 12365 12362 12361 12361 12363
-- 12369 <32
-- worker thread times 62073 62070 62069 62069 62070 62070 62068 62064 62068 62066 62066 62064 62070 62071 62073
-- 62078 <31
-- worker thread times 21970 21970 21969 21970 21970 21969 21970 21970 21969 21970 21970 21969 21969 21970 21970
-- 21972 <30
false 15949646 aborted

100001 1 2 2 7 31 146 669 2720 12369 62078 21972
FAIL0=1 FAIL1=2 FAIL10=21972 FAIL2=2 FAIL3=7 FAIL4=31 FAIL5=146 FAIL6=669 FAIL7=2720 FAIL8=12369 FAIL9=62078 
