-- worker thread times 0 0 0 0 0 0 0 0 0 0 0 0 0 0 0
-- 1 <40
-- worker thread times 0 0 0 0 0 0 0 0 0 0 0 0 0 0 0
-- 2 <39
-- worker thread times 1 2 1 1 2 2 3 1 3 2 1 2 2 2 1
-- 5 <38
-- worker thread times 24 23 21 24 23 23 22 22 21 22 23 21 23 21 22
-- 26 <37
-- worker thread times 148 146 146 147 146 144 145 147 145 144 145 146 145 144 145
-- 150 <36
-- worker thread times 877 877 874 870 876 875 875 875 872 876 875 870 875 875 877
-- 879 <35
-- worker thread times 4617 4618 4617 4620 4618 4617 4621 4620 4618 4619 4615 4621 4616 4622 4616
-- 4624 <34
-- worker thread times 23621 23617 23615 23617 23619 23619 23615 23615 23610 23615 23617 23616 23613 23619 23614
-- 23623 <33
-- worker thread times 70685 70685 70686 70685 70685 70685 70686 70685 70686 70686 70684 70685 70685 70686 70685
-- 70688 <32
false 12924337 aborted

100001 1 2 5 26 150 879 4624 23623 70688
FAIL0=1 FAIL1=2 FAIL2=5 FAIL3=26 FAIL4=150 FAIL5=879 FAIL6=4624 FAIL7=23623 FAIL8=70688 
