-- worker thread times 0 0 0 0 0 0 0 0 0 0 0 0 0 0 0
-- 1 <40
-- worker thread times 0 0 0 0 0 0 0 0 0 0 0 1 0 1 0
-- 2 <39
-- worker thread times 3 1 3 1 2 1 2 1 1 1 2 3 1 3 2
-- 5 <38
-- worker thread times 12 11 11 12 12 13 12 13 13 13 11 13 12 12 12
-- 15 <37
-- worker thread times 52 51 52 53 51 52 52 52 52 53 51 51 50 52 51
-- 55 <36
-- worker thread times 162 156 161 159 160 158 158 159 159 158 157 158 159 159 159
-- 165 <35
-- worker thread times 412 409 412 409 411 407 413 412 412 411 413 413 412 413 414
-- 417 <34
-- worker thread times 990 992 988 989 988 992 991 991 988 989 989 990 991 990 991
-- 996 <33
-- worker thread times 2252 2250 2249 2246 2251 2250 2250 2253 2248 2248 2251 2251 2248 2252 2251
-- 2257 <32
-- worker thread times 4207 4204 4205 4208 4207 4203 4204 4204 4204 4205 4202 4204 4206 4204 4204
-- 4212 <31
-- worker thread times 8246 8246 8246 8247 8247 8243 8242 8245 8244 8243 8245 8246 8245 8244 8246
-- 8252 <30
-- worker thread times 16394 16395 16396 16395 16396 16395 16397 16396 16396 16393 16397 16398 16395 16395 16398
-- 16403 <29
-- worker thread times 29659 29657 29657 29656 29656 29652 29656 29651 29651 29655 29654 29653 29653 29656 29652
-- 29663 <28
-- worker thread times 37545 37545 37544 37545 37546 37544 37546 37545 37545 37545 37545 37545 37546 37545 37545
-- 37549 <27
false 16742178 aborted

100001 1 2 5 15 55 165 417 996 2257 4212 8252 16403 29663 37549
FAIL0=1 FAIL1=2 FAIL10=8252 FAIL11=16403 FAIL12=29663 FAIL13=37549 FAIL2=5 FAIL3=15 FAIL4=55 FAIL5=165 FAIL6=417 FAIL7=996 FAIL8=2257 FAIL9=4212 
