-- worker thread times 0 0 0 0 0 0 0 0 0 0 0 0 0 0 0
-- 1 <40
-- worker thread times 0 0 0 0 0 0 0 0 0 0 0 0 0 0 0
-- 1 <39
-- worker thread times 1 0 0 0 0 0 0 1 0 0 0 0 0 0 0
-- 2 <38
-- worker thread times 4 4 0 2 2 3 3 2 2 4 3 2 2 3 3
-- 5 <37
-- worker thread times 39 37 40 36 39 39 41 38 39 40 40 39 38 39 41
-- 43 <36
-- worker thread times 240 239 238 237 237 238 240 238 238 234 238 236 237 238 239
-- 243 <35
-- worker thread times 1243 1240 1239 1241 1241 1241 1239 1240 1240 1242 1243 1240 1241 1241 1241
-- 1247 <34
-- worker thread times 6067 6064 6065 6065 6068 6066 6064 6062 6064 6066 6065 6064 6064 6061 6066
-- 6071 <33
-- worker thread times 34992 34988 34990 34985 34985 34987 34985 34990 34985 34986 34989 34982 34988 34984 34985
-- 34994 <32
-- worker thread times 57385 57385 57385 57384 57385 57385 57385 57386 57386 57384 57385 57385 57385 57384 57385
-- 57387 <31
false 15679014 aborted

100001 1 1 2 5 43 243 1247 6071 34994 57387
FAIL0=1 FAIL1=1 FAIL2=2 FAIL3=5 FAIL4=43 FAIL5=243 FAIL6=1247 FAIL7=6071 FAIL8=34994 FAIL9=57387 
