-- worker thread times 0 0 0 0 0 0 0 0 0 0 0 0 0 0 0
-- 2 <20
-- worker thread times 0 0 1 0 0 0 1 0 0 0 0 0 0 0 0
-- 2 <19
-- worker thread times 1 1 1 1 0 1 1 1 0 1 1 1 1 1 0
-- 3 <18
-- worker thread times 5 4 3 4 4 3 3 4 4 4 3 3 4 3 3
-- 6 <17
-- worker thread times 9 10 8 10 9 11 9 10 10 10 9 11 11 10 9
-- 13 <16
-- worker thread times 30 28 27 28 29 27 29 27 27 27 28 29 29 28 30
-- 32 <15
-- worker thread times 85 82 82 81 82 84 82 83 81 83 83 81 81 81 83
-- 86 <14
-- worker thread times 154 154 158 153 156 156 154 158 157 156 156 157 156 156 152
-- 161 <13
-- worker thread times 19 19 19 19 19 19 18 18 18 19 19 19 19 19 19
true 68406
(0 -> 0) (1 -> -1) (2 -> -1) (3 -> -1) (4 -> 5) (5 -> 13) (6 -> -1) (7 -> 16) (8 -> 2) (9 -> 10) (10 -> 4) (11 -> -1) (12 -> -1) (13 -> 15) (14 -> 9) (15 -> -1) (16 -> 7) (17 -> 14) (18 -> 19) (19 -> -1) 
329 2 2 3 6 13 32 86 161 20
EXCEPT=8 FAIL0=2 FAIL1=2 FAIL2=3 FAIL3=6 FAIL4=13 FAIL5=32 FAIL6=86 FAIL7=161 SIZE=12 
