-- worker thread times 0 0 0 0 0 0 0 0 0 0 0 0 0 0 0
-- 3 <40
-- worker thread times 0 0 1 0 0 0 1 0 0 0 0 1 0 0 1
-- 4 <39
-- worker thread times 6 7 4 6 5 6 6 4 3 5 4 6 7 5 7
-- 10 <38
-- worker thread times 40 40 41 40 37 40 42 42 41 41 40 41 39 42 42
-- 45 <37
-- worker thread times 268 271 266 267 268 269 269 271 267 269 268 268 269 269 268
-- 275 <36
-- worker thread times 1491 1490 1482 1487 1487 1487 1489 1486 1490 1489 1489 1487 1489 1489 1488
-- 1495 <35
-- worker thread times 7069 7066 7066 7064 7062 7065 7064 7063 7066 7067 7065 7068 7066 7069 7069
-- 7073 <34
-- worker thread times 46106 46110 46106 46108 46109 46107 46105 46105 46106 46105 46102 46105 46105 46108 46109
-- 46114 <33
-- worker thread times 44975 44975 44975 44975 44975 44975 44975 44975 44975 44975 44975 44975 44975 44975 44975
-- 44978 <32
false 15106309 aborted

100001 3 4 10 45 275 1495 7073 46114 44978
FAIL0=3 FAIL1=4 FAIL2=10 FAIL3=45 FAIL4=275 FAIL5=1495 FAIL6=7073 FAIL7=46114 FAIL8=44978 
