-- worker thread times 0 0 0 0 0 0 0 0 0 0 0 0 0 0 0
-- 1 <40
-- worker thread times 0 0 0 0 0 0 0 0 0 0 0 0 0 0 0
-- 2 <39
-- worker thread times 0 1 0 1 0 0 0 0 1 1 1 0 1 0 0
-- 3 <38
-- worker thread times 8 6 7 6 6 5 7 7 5 6 4 7 4 6 6
-- 9 <37
-- worker thread times 37 34 37 35 36 37 36 32 36 38 37 35 32 36 34
-- 40 <36
-- worker thread times 228 226 224 226 227 227 227 225 226 222 227 228 227 226 224
-- 231 <35
-- worker thread times 954 953 952 952 950 952 951 949 952 952 954 953 952 954 949
-- 958 <34
-- worker thread times 4096 4098 4098 4095 4095 4096 4098 4096 4096 4090 4098 4094 4092 4094 4091
-- 4102 <33
-- worker thread times 17582 17579 17576 17581 17580 17575 17580 17577 17577 17578 17577 17579 17578 17576 17576
-- 17585 <32
-- worker thread times 72246 72245 72239 72247 72244 72243 72244 72242 72242 72245 72244 72235 72247 72242 72244
-- 72252 <31
-- worker thread times 4810 4811 4810 4810 4810 4811 4810 4810 4811 4810 4811 4810 4810 4811 4810
-- 4812 <30
false 15432010 aborted

100001 1 2 3 9 40 231 958 4102 17585 72252 4812
FAIL0=1 FAIL1=2 FAIL10=4812 FAIL2=3 FAIL3=9 FAIL4=40 FAIL5=231 FAIL6=958 FAIL7=4102 FAIL8=17585 FAIL9=72252 
