-- worker thread times 0 0 0 0 0 0 0 0 0 0 0 0 0 0 0
-- 1 <30
-- worker thread times 0 0 0 0 0 0 0 0 0 0 0 0 0 0 0
-- 2 <29
-- worker thread times 2 3 1 3 2 2 1 1 2 1 2 1 2 0 2
-- 4 <28
-- worker thread times 16 13 12 13 14 14 14 14 15 15 12 13 14 16 16
-- 18 <27
-- worker thread times 71 71 68 70 71 71 71 70 70 70 70 70 70 73 72
-- 75 <26
-- worker thread times 358 357 357 356 353 356 353 354 354 353 355 353 355 353 355
-- 360 <25
-- worker thread times 1721 1718 1718 1718 1715 1719 1720 1716 1718 1719 1719 1718 1716 1716 1720
-- 1723 <24
-- worker thread times 10397 10398 10392 10392 10392 10395 10391 10394 10396 10397 10389 10394 10391 10395 10389
-- 10401 <23
-- worker thread times 10049 10049 10049 10049 10049 10049 10049 10049 10049 10049 10049 10049 10049 10049 10049
true 5066638
(0 -> 16) (1 -> -1) (2 -> 4) (3 -> 1) (4 -> 13) (5 -> 14) (6 -> -1) (7 -> 3) (8 -> -1) (9 -> 27) (10 -> 2) (11 -> 8) (12 -> -1) (13 -> 26) (14 -> 22) (15 -> 15) (16 -> 29) (17 -> -1) (18 -> 19) (19 -> -1) (20 -> 17) (21 -> 24) (22 -> -1) (23 -> 23) (24 -> 5) (25 -> -1) (26 -> 12) (27 -> 20) (28 -> 0) (29 -> 9) 
22640 1 2 4 18 75 360 1723 10401 10051
EXCEPT=8 FAIL0=1 FAIL1=2 FAIL2=4 FAIL3=18 FAIL4=75 FAIL5=360 FAIL6=1723 FAIL7=10401 SIZE=22 
