-- worker thread times 0 0 0 0 0 0 0 0 0 0 0 0 0 0 0
-- 1 <40
-- worker thread times 0 0 0 0 0 0 0 0 0 0 0 0 0 0 0
-- 2 <39
-- worker thread times 1 1 0 1 0 0 0 1 0 0 1 0 0 0 0
-- 3 <38
-- worker thread times 7 6 8 6 7 7 7 7 6 6 8 7 7 7 7
-- 10 <37
-- worker thread times 49 49 48 48 47 48 48 44 46 47 47 49 46 48 48
-- 51 <36
-- worker thread times 274 270 274 271 271 273 273 273 273 271 272 273 273 272 270
-- 277 <35
-- worker thread times 1327 1325 1325 1325 1325 1323 1321 1325 1322 1328 1327 1328 1327 1327 1325
-- 1331 <34
-- worker thread times 5946 5943 5937 5943 5942 5939 5938 5940 5941 5940 5943 5942 5942 5943 5939
-- 5948 <33
-- worker thread times 30222 30220 30212 30219 30214 30217 30216 30219 30219 30214 30219 30218 30218 30217 30215
-- 30226 <32
-- worker thread times 62145 62144 62144 62145 62144 62143 62144 62144 62144 62144 62144 62143 62144 62144 62144
-- 62147 <31
false 15299985 aborted

100001 1 2 3 10 51 277 1331 5948 30226 62147
FAIL0=1 FAIL1=2 FAIL2=3 FAIL3=10 FAIL4=51 FAIL5=277 FAIL6=1331 FAIL7=5948 FAIL8=30226 FAIL9=62147 
