-- worker thread times 0 0 0 0 0 0 0 0 0 0 0 0 0 0 0
-- 1 <50
-- worker thread times 0 0 0 0 0 0 0 0 0 0 0 0 0 0 0
-- 2 <49
-- worker thread times 3 1 2 2 2 1 2 0 0 2 0 2 3 1 1
-- 4 <48
-- worker thread times 14 17 17 17 17 16 15 14 15 17 15 14 18 16 17
-- 19 <47
-- worker thread times 65 67 66 65 67 64 66 65 66 66 67 65 64 66 62
-- 70 <46
-- worker thread times 249 248 245 245 249 248 247 247 246 249 244 247 247 249 249
-- 252 <45
-- worker thread times 862 862 861 859 863 864 860 862 861 860 861 860 857 858 864
-- 867 <44
-- worker thread times 3006 3003 3004 3004 3000 3000 3001 3001 3003 3004 3002 3004 3005 2998 3002
-- 3009 <43
-- worker thread times 11828 11825 11825 11827 11827 11828 11826 11826 11824 11827 11826 11825 11825 11823 11825
-- 11833 <42
-- worker thread times 46273 46269 46271 46268 46269 46271 46271 46271 46268 46271 46270 46270 46267 46270 46269
-- 46277 <41
-- worker thread times 37659 37658 37658 37658 37658 37658 37658 37658 37658 37658 37658 37659 37658 37658 37658
-- 37660 <40
false 13592601 aborted

100001 1 2 4 19 70 252 867 3009 11833 46277 37660
FAIL0=1 FAIL1=2 FAIL10=37660 FAIL2=4 FAIL3=19 FAIL4=70 FAIL5=252 FAIL6=867 FAIL7=3009 FAIL8=11833 FAIL9=46277 
