-- worker thread times 0 0 0 0 0 0 0 0 0 0 0 0 0 0 0
-- 1 <40
-- worker thread times 0 0 0 0 0 0 0 0 0 0 0 0 0 0 0
-- 2 <39
-- worker thread times 1 2 1 3 2 3 3 2 1 2 2 2 3 2 3
-- 5 <38
-- worker thread times 16 16 15 15 14 17 15 16 17 16 15 18 17 14 18
-- 20 <37
-- worker thread times 77 76 76 76 77 75 77 76 76 76 73 77 76 75 78
-- 80 <36
-- worker thread times 453 449 453 451 451 451 451 453 449 452 454 452 451 451 452
-- 456 <35
-- worker thread times 1520 1519 1519 1520 1521 1519 1519 1519 1520 1522 1518 1520 1518 1517 1519
-- 1524 <34
-- worker thread times 4991 4996 4994 4992 4995 4994 4994 4993 4992 4994 4996 4996 4996 4996 4993
-- 5000 <33
-- worker thread times 16762 16759 16757 16759 16759 16758 16756 16760 16760 16760 16756 16763 16758 16758 16758
-- 16766 <32
-- worker thread times 51278 51274 51275 51275 51275 51272 51270 51273 51277 51276 51275 51272 51276 51277 51274
-- 51282 <31
-- worker thread times 24856 24856 24856 24856 24856 24856 24856 24856 24856 24856 24856 24856 24856 24855 24856
-- 24858 <30
false 18187251 aborted

100001 1 2 5 20 80 456 1524 5000 16766 51282 24858
FAIL0=1 FAIL1=2 FAIL10=24858 FAIL2=5 FAIL3=20 FAIL4=80 FAIL5=456 FAIL6=1524 FAIL7=5000 FAIL8=16766 FAIL9=51282 
