-- worker thread times 0 0 0 0 0 0 0 0 0 0 0 0 0 0 0
-- 1 <30
-- worker thread times 0 0 0 0 0 0 0 0 0 0 0 0 0 0 0
-- 2 <29
-- worker thread times 2 3 2 1 2 2 2 2 2 2 1 2 3 2 1
-- 4 <28
-- worker thread times 12 11 11 11 12 11 11 11 11 12 12 11 12 12 11
-- 14 <27
-- worker thread times 42 42 39 41 41 39 41 39 39 39 41 40 40 42 43
-- 44 <26
-- worker thread times 132 135 132 130 134 136 135 132 134 133 134 134 134 134 134
-- 138 <25
-- worker thread times 345 343 343 342 343 340 343 345 345 342 345 343 341 337 341
-- 347 <24
-- worker thread times 1130 1128 1125 1128 1128 1129 1127 1125 1126 1125 1128 1129 1128 1126 1126
-- 1133 <23
-- worker thread times 668 668 668 668 668 668 668 668 668 667 668 667 668 668 668
true 601964
(0 -> 22) (1 -> 18) (2 -> -1) (3 -> 17) (4 -> 21) (5 -> 24) (6 -> 28) (7 -> 4) (8 -> -1) (9 -> -1) (10 -> 12) (11 -> 9) (12 -> 16) (13 -> 7) (14 -> 2) (15 -> 10) (16 -> 13) (17 -> -1) (18 -> -1) (19 -> 11) (20 -> -1) (21 -> -1) (22 -> -1) (23 -> 0) (24 -> 8) (25 -> 3) (26 -> 5) (27 -> 23) (28 -> 20) (29 -> 14) 
2357 1 2 4 14 44 138 347 1133 669
EXCEPT=8 FAIL0=1 FAIL1=2 FAIL2=4 FAIL3=14 FAIL4=44 FAIL5=138 FAIL6=347 FAIL7=1133 SIZE=22 
