-- worker thread times 0 0 0 0 0 0 0 0 0 0 0 0 0 0 0
-- 2 <40
-- worker thread times 0 1 1 1 1 0 0 0 0 0 0 0 0 0 0
-- 2 <39
-- worker thread times 3 2 2 1 2 3 2 2 2 2 3 3 1 3 2
-- 5 <38
-- worker thread times 12 12 14 12 12 10 11 12 13 12 12 11 11 12 12
-- 15 <37
-- worker thread times 42 37 40 38 39 39 39 40 37 37 39 39 39 39 39
-- 44 <36
-- worker thread times 119 121 120 117 118 120 120 121 121 120 117 122 120 122 121
-- 125 <35
-- worker thread times 336 335 337 334 335 333 336 334 335 335 333 333 337 332 336
-- 340 <34
-- worker thread times 769 775 776 774 772 776 771 771 774 775 773 775 775 772 773
-- 780 <33
-- worker thread times 1901 1901 1899 1899 1898 1899 1899 1896 1893 1901 1901 1899 1898 1897 1899
-- 1904 <32
-- worker thread times 4408 4409 4409 4408 4409 4408 4406 4408 4409 4408 4406 4407 4406 4409 4407
-- 4414 <31
-- worker thread times 9142 9138 9142 9139 9141 9140 9139 9141 9140 9136 9138 9133 9139 9138 9143
-- 9147 <30
-- worker thread times 19900 19898 19903 19901 19902 19900 19900 19901 19898 19901 19893 19899 19898 19901 19903
-- 19907 <29
-- worker thread times 18526 18526 18526 18525 18525 18526 18526 18525 18526 18525 18525 18525 18524 18525 18526
true 9724737
(0 -> 37) (1 -> 8) (2 -> -1) (3 -> 30) (4 -> 27) (5 -> 20) (6 -> 3) (7 -> 0) (8 -> 39) (9 -> 21) (10 -> 25) (11 -> -1) (12 -> 18) (13 -> -1) (14 -> 7) (15 -> 2) (16 -> -1) (17 -> -1) (18 -> 31) (19 -> 32) (20 -> 28) (21 -> 38) (22 -> -1) (23 -> -1) (24 -> -1) (25 -> 34) (26 -> -1) (27 -> -1) (28 -> 12) (29 -> 14) (30 -> 35) (31 -> 24) (32 -> 1) (33 -> -1) (34 -> 23) (35 -> 16) (36 -> 29) (37 -> 19) (38 -> -1) (39 -> 33) 
55220 2 2 5 15 44 125 340 780 1904 4414 9147 19907 18528
EXCEPT=12 FAIL0=2 FAIL1=2 FAIL10=9147 FAIL11=19907 FAIL2=5 FAIL3=15 FAIL4=44 FAIL5=125 FAIL6=340 FAIL7=780 FAIL8=1904 FAIL9=4414 SIZE=28 
