-- worker thread times 0 0 0 0 0 0 0 0 0 0 0 0 0 0 0
-- 1 <40
-- worker thread times 0 1 1 0 0 1 0 0 0 0 1 1 0 0 1
-- 3 <39
-- worker thread times 10 9 8 10 8 6 8 7 9 9 10 8 8 10 9
-- 12 <38
-- worker thread times 70 69 68 66 67 67 68 67 67 68 65 66 69 70 67
-- 71 <37
-- worker thread times 329 329 326 327 325 327 326 327 329 326 329 325 328 328 324
-- 332 <36
-- worker thread times 1299 1300 1299 1300 1295 1299 1293 1298 1296 1296 1298 1299 1295 1297 1301
-- 1303 <35
-- worker thread times 6337 6342 6338 6340 6336 6342 6339 6340 6337 6338 6341 6337 6337 6341 6335
-- 6345 <34
-- worker thread times 30644 30643 30638 30639 30636 30638 30642 30639 30638 30638 30639 30640 30640 30637 30639
-- 30646 <33
-- worker thread times 61282 61282 61282 61282 61282 61282 61282 61281 61282 61282 61282 61282 61282 61282 61282
-- 61284 <32
false 15741044 aborted

100001 1 3 12 71 332 1303 6345 30646 61284
FAIL0=1 FAIL1=3 FAIL2=12 FAIL3=71 FAIL4=332 FAIL5=1303 FAIL6=6345 FAIL7=30646 FAIL8=61284 
