-- worker thread times 0 0 0 0 0 0 0 0 0 0 0 0 0 0 0
-- 2 <40
-- worker thread times 1 0 1 0 1 1 0 1 1 1 1 1 1 1 0
-- 3 <39
-- worker thread times 5 7 7 5 6 6 6 7 7 7 5 6 6 6 5
-- 8 <38
-- worker thread times 26 24 25 25 25 24 25 24 24 23 24 24 23 23 24
-- 27 <37
-- worker thread times 66 66 65 64 66 66 64 65 67 66 65 66 65 65 65
-- 69 <36
-- worker thread times 316 315 314 314 310 312 315 311 314 313 315 315 316 316 314
-- 319 <35
-- worker thread times 1067 1071 1069 1069 1065 1070 1068 1069 1072 1068 1069 1069 1071 1069 1067
-- 1075 <34
-- worker thread times 3424 3420 3423 3416 3425 3421 3423 3421 3418 3418 3422 3424 3420 3424 3421
-- 3428 <33
-- worker thread times 11037 11035 11037 11032 11035 11034 11033 11033 11031 11036 11034 11031 11032 11034 11032
-- 11041 <32
-- worker thread times 37630 37630 37628 37628 37628 37629 37627 37631 37629 37631 37626 37626 37628 37627 37633
-- 37637 <31
-- worker thread times 6246 6246 6245 6245 6245 6246 6245 6246 6245 6245 6246 6245 6246 6245 6245
true 9214177
(0 -> 5) (1 -> -1) (2 -> -1) (3 -> 22) (4 -> 23) (5 -> 10) (6 -> 17) (7 -> -1) (8 -> 0) (9 -> 35) (10 -> 25) (11 -> 11) (12 -> -1) (13 -> 21) (14 -> -1) (15 -> 28) (16 -> 3) (17 -> 24) (18 -> -1) (19 -> 15) (20 -> 33) (21 -> 39) (22 -> 13) (23 -> 18) (24 -> -1) (25 -> -1) (26 -> 37) (27 -> 38) (28 -> -1) (29 -> 34) (30 -> 2) (31 -> 8) (32 -> 32) (33 -> -1) (34 -> 7) (35 -> 31) (36 -> 19) (37 -> 26) (38 -> 36) (39 -> 6) 
59861 2 3 8 27 69 319 1075 3428 11041 37637 6247
EXCEPT=10 FAIL0=2 FAIL1=3 FAIL2=8 FAIL3=27 FAIL4=69 FAIL5=319 FAIL6=1075 FAIL7=3428 FAIL8=11041 FAIL9=37637 SIZE=30 
