-- worker thread times 0 0 0 0 0 0 0 0 0 0 0 0 0 0 0
-- 1 <35
-- worker thread times 2 3 2 1 1 2 1 2 1 2 2 1 2 1 2
-- 4 <34
-- worker thread times 16 15 15 15 15 15 16 14 15 14 14 16 16 16 16
-- 18 <33
-- worker thread times 59 57 57 59 59 57 59 58 57 57 59 58 59 59 59
-- 61 <32
-- worker thread times 359 356 355 356 357 355 355 356 354 357 356 357 353 356 356
-- 360 <31
-- worker thread times 1463 1462 1463 1462 1461 1462 1463 1463 1459 1463 1461 1464 1463 1461 1461
-- 1466 <30
-- worker thread times 6974 6970 6974 6972 6973 6973 6973 6973 6971 6972 6974 6971 6972 6971 6972
-- 6977 <29
-- worker thread times 35545 35542 35542 35542 35541 35539 35540 35541 35538 35540 35542 35542 35540 35541 35541
-- 35547 <28
-- worker thread times 41206 41206 41205 41206 41206 41206 41206 41205 41206 41206 41206 41206 41206 41206 41206
true 16667826
(0 -> 9) (1 -> 14) (2 -> 16) (3 -> -1) (4 -> 11) (5 -> -1) (6 -> -1) (7 -> 3) (8 -> 19) (9 -> 27) (10 -> 15) (11 -> 1) (12 -> 17) (13 -> 4) (14 -> 6) (15 -> 21) (16 -> 34) (17 -> -1) (18 -> -1) (19 -> 33) (20 -> 26) (21 -> 23) (22 -> 22) (23 -> 18) (24 -> 10) (25 -> 8) (26 -> -1) (27 -> 12) (28 -> 2) (29 -> 30) (30 -> 7) (31 -> 5) (32 -> -1) (33 -> -1) (34 -> 29) 
85647 1 4 18 61 360 1466 6977 35547 41208
EXCEPT=8 FAIL0=1 FAIL1=4 FAIL2=18 FAIL3=61 FAIL4=360 FAIL5=1466 FAIL6=6977 FAIL7=35547 SIZE=27 
