-- worker thread times 0 0 0 0 0 0 0 0 0 0 0 0 0 0 0
-- 1 <40
-- worker thread times 0 0 0 0 0 0 0 0 0 0 0 0 0 0 0
-- 2 <39
-- worker thread times 0 1 2 1 0 2 0 0 1 2 1 0 1 0 1
-- 4 <38
-- worker thread times 10 8 8 10 9 7 10 11 10 11 8 10 9 11 9
-- 14 <37
-- worker thread times 52 48 49 48 50 51 47 50 49 48 49 48 50 48 50
-- 54 <36
-- worker thread times 202 198 202 203 200 202 202 198 200 200 199 199 203 202 203
-- 205 <35
-- worker thread times 837 839 840 840 838 838 836 837 838 838 839 838 834 837 840
-- 843 <34
-- worker thread times 2323 2322 2318 2325 2320 2322 2322 2322 2321 2320 2320 2323 2322 2322 2323
-- 2327 <33
-- worker thread times 7741 7741 7740 7741 7741 7740 7739 7740 7739 7740 7739 7738 7740 7740 7739
-- 7746 <32
-- worker thread times 23533 23529 23529 23530 23530 23530 23530 23528 23532 23530 23529 23530 23530 23527 23530
-- 23537 <31
-- worker thread times 65259 65259 65260 65261 65259 65259 65259 65260 65261 65259 65260 65260 65259 65260 65260
-- 65263 <30
false 16371789 aborted

100001 1 2 4 14 54 205 843 2327 7746 23537 65263
FAIL0=1 FAIL1=2 FAIL10=65263 FAIL2=4 FAIL3=14 FAIL4=54 FAIL5=205 FAIL6=843 FAIL7=2327 FAIL8=7746 FAIL9=23537 
