-- worker thread times 0 0 0 0 0 0 0 0 0 0 0 0 0 0 0
-- 2 <40
-- worker thread times 2 1 1 2 2 2 1 2 2 2 2 1 1 2 1
-- 4 <39
-- worker thread times 8 8 9 8 7 8 7 8 8 9 9 7 7 7 7
-- 11 <38
-- worker thread times 27 27 28 27 29 29 26 28 27 28 27 25 27 27 28
-- 32 <37
-- worker thread times 81 86 85 86 86 88 85 86 87 84 85 87 86 85 86
-- 90 <36
-- worker thread times 226 225 223 223 226 225 221 224 226 226 225 222 224 225 226
-- 230 <35
-- worker thread times 581 580 577 579 579 578 578 580 581 579 578 576 577 581 582
-- 585 <34
-- worker thread times 1415 1411 1412 1411 1411 1411 1408 1408 1406 1412 1412 1412 1413 1410 1411
-- 1418 <33
-- worker thread times 3235 3232 3235 3233 3231 3232 3232 3233 3231 3229 3233 3232 3237 3232 3235
-- 3239 <32
-- worker thread times 6986 6986 6987 6981 6985 6985 6984 6986 6986 6982 6986 6986 6984 6981 6987
-- 6992 <31
-- worker thread times 15206 15208 15202 15206 15201 15206 15203 15207 15202 15204 15204 15204 15202 15206 15208
-- 15213 <30
-- worker thread times 35372 35373 35367 35370 35370 35368 35367 35370 35368 35367 35369 35367 35369 35369 35371
-- 35377 <29
-- worker thread times 36798 36799 36799 36799 36799 36799 36799 36799 36799 36799 36799 36799 36799 36799 36799
-- 36801 <28
false 17314063 aborted

100001 2 4 11 32 90 230 585 1418 3239 6992 15213 35377 36801
FAIL0=2 FAIL1=4 FAIL10=15213 FAIL11=35377 FAIL12=36801 FAIL2=11 FAIL3=32 FAIL4=90 FAIL5=230 FAIL6=585 FAIL7=1418 FAIL8=3239 FAIL9=6992 
