-- worker thread times 0 0 0 0 0 0 0 0 0 0 0 0 0 0 0
-- 1 <25
-- worker thread times 0 0 0 0 0 0 0 0 0 0 0 0 0 0 0
-- 2 <24
-- worker thread times 1 0 0 0 1 0 0 2 2 1 0 0 1 0 2
-- 3 <23
-- worker thread times 9 7 9 8 6 9 7 7 9 8 7 6 8 8 7
-- 11 <22
-- worker thread times 25 27 28 27 26 24 26 27 27 26 25 26 27 26 28
-- 31 <21
-- worker thread times 74 72 75 74 73 73 74 75 74 76 72 71 72 75 76
-- 79 <20
-- worker thread times 176 174 174 177 175 174 174 173 175 171 176 177 176 175 177
-- 180 <19
-- worker thread times 367 366 364 366 364 367 366 368 363 368 365 366 366 369 369
-- 372 <18
-- worker thread times 809 812 812 812 809 808 812 812 808 809 810 813 811 810 809
-- 817 <17
-- worker thread times 549 548 548 548 549 549 549 548 549 548 549 549 548 549 549
true 469131
(0 -> 4) (1 -> 8) (2 -> -1) (3 -> 19) (4 -> -1) (5 -> 5) (6 -> 9) (7 -> 1) (8 -> -1) (9 -> 2) (10 -> 7) (11 -> -1) (12 -> 24) (13 -> 15) (14 -> -1) (15 -> -1) (16 -> 21) (17 -> 20) (18 -> -1) (19 -> -1) (20 -> 6) (21 -> -1) (22 -> 3) (23 -> 23) (24 -> 13) 
2051 1 2 3 11 31 79 180 372 817 550
EXCEPT=9 FAIL0=1 FAIL1=2 FAIL2=3 FAIL3=11 FAIL4=31 FAIL5=79 FAIL6=180 FAIL7=372 FAIL8=817 SIZE=16 
