-- worker thread times 0 0 0 0 0 0 0 0 0 0 0 0 0 0 0
-- 1 <35
-- worker thread times 0 0 0 0 0 0 0 0 0 0 0 0 0 0 0
-- 1 <34
-- worker thread times 0 1 1 1 1 0 1 1 0 0 1 0 0 2 1
-- 4 <33
-- worker thread times 9 8 8 8 9 10 9 10 11 7 10 6 11 9 9
-- 13 <32
-- worker thread times 40 40 41 38 42 41 38 40 41 36 41 39 41 40 41
-- 45 <31
-- worker thread times 151 150 152 151 154 152 152 152 154 154 155 152 153 153 151
-- 158 <30
-- worker thread times 470 470 468 468 468 468 470 467 472 469 471 470 469 469 469
-- 476 <29
-- worker thread times 1422 1418 1421 1420 1421 1417 1417 1420 1420 1419 1420 1421 1419 1417 1421
-- 1427 <28
-- worker thread times 3730 3729 3728 3728 3728 3733 3731 3730 3732 3728 3729 3729 3730 3727 3729
-- 3736 <27
-- worker thread times 9663 9662 9659 9661 9658 9656 9660 9659 9657 9659 9660 9655 9659 9655 9661
-- 9667 <26
-- worker thread times 25447 25452 25451 25450 25451 25448 25449 25450 25448 25449 25450 25452 25450 25451 25455
-- 25459 <25
-- worker thread times 22084 22084 22084 22085 22085 22084 22084 22084 22085 22085 22085 22084 22085 22085 22085
true 12096298
(0 -> 19) (1 -> 5) (2 -> -1) (3 -> 9) (4 -> 28) (5 -> -1) (6 -> -1) (7 -> 6) (8 -> 2) (9 -> 20) (10 -> 10) (11 -> 8) (12 -> 15) (13 -> 3) (14 -> 34) (15 -> -1) (16 -> -1) (17 -> 18) (18 -> 22) (19 -> -1) (20 -> 4) (21 -> 16) (22 -> 27) (23 -> -1) (24 -> 14) (25 -> 12) (26 -> 25) (27 -> 32) (28 -> 7) (29 -> -1) (30 -> 30) (31 -> 17) (32 -> -1) (33 -> -1) (34 -> -1) 
63079 1 1 4 13 45 158 476 1427 3736 9667 25459 22087
EXCEPT=11 FAIL0=1 FAIL1=1 FAIL10=25459 FAIL2=4 FAIL3=13 FAIL4=45 FAIL5=158 FAIL6=476 FAIL7=1427 FAIL8=3736 FAIL9=9667 SIZE=24 
