-- worker thread times 0 0 0 0 0 0 0 0 0 0 0 0 0 0 0
-- 1 <35
-- worker thread times 1 1 0 1 0 0 0 0 0 0 0 0 0 0 0
-- 2 <34
-- worker thread times 5 3 3 5 4 2 3 4 5 4 3 4 4 4 4
-- 6 <33
-- worker thread times 31 31 31 29 32 31 28 30 31 31 30 30 31 30 32
-- 34 <32
-- worker thread times 141 143 142 140 140 139 142 142 140 141 139 141 141 141 141
-- 145 <31
-- worker thread times 620 620 621 620 622 623 622 622 620 621 623 622 622 622 620
-- 626 <30
-- worker thread times 2512 2511 2506 2509 2512 2509 2509 2512 2511 2512 2509 2510 2511 2508 2510
-- 2515 <29
-- worker thread times 9036 9036 9033 9032 9033 9034 9034 9034 9032 9033 9031 9032 9033 9032 9035
-- 9039 <28
-- worker thread times 33558 33558 33554 33558 33553 33556 33558 33555 33555 33552 33555 33555 33557 33556 33555
-- 33562 <27
-- worker thread times 34751 34750 34751 34751 34751 34750 34751 34751 34751 34751 34751 34751 34751 34751 34751
true 17271953
(0 -> -1) (1 -> 28) (2 -> 18) (3 -> -1) (4 -> -1) (5 -> 7) (6 -> -1) (7 -> -1) (8 -> 14) (9 -> 15) (10 -> 10) (11 -> 8) (12 -> -1) (13 -> 24) (14 -> -1) (15 -> 12) (16 -> 26) (17 -> -1) (18 -> 4) (19 -> 9) (20 -> 2) (21 -> 17) (22 -> 21) (23 -> 27) (24 -> 23) (25 -> 31) (26 -> 3) (27 -> 6) (28 -> 20) (29 -> 32) (30 -> 16) (31 -> 30) (32 -> 5) (33 -> 25) (34 -> -1) 
80689 1 2 6 34 145 626 2515 9039 33562 34753
EXCEPT=9 FAIL0=1 FAIL1=2 FAIL2=6 FAIL3=34 FAIL4=145 FAIL5=626 FAIL6=2515 FAIL7=9039 FAIL8=33562 SIZE=26 
