-- worker thread times 0 0 0 0 0 0 0 0 0 0 0 0 0 0 0
-- 1 <50
-- worker thread times 0 0 0 0 0 0 0 0 0 0 0 0 0 0 0
-- 2 <49
-- worker thread times 0 1 1 1 1 0 0 1 1 0 1 2 1 2 2
-- 4 <48
-- worker thread times 20 22 21 22 18 21 21 18 21 21 19 20 22 20 22
-- 24 <47
-- worker thread times 161 158 159 160 160 159 159 159 159 161 160 160 159 159 161
-- 164 <46
-- worker thread times 909 909 912 910 908 911 908 909 909 908 906 908 910 911 909
-- 914 <45
-- worker thread times 4006 4009 4008 4009 4008 4008 4008 4004 4007 4007 4009 4007 4007 4005 4006
-- 4013 <44
-- worker thread times 16294 16293 16291 16292 16286 16292 16289 16293 16291 16291 16288 16287 16290 16290 16290
-- 16298 <43
-- worker thread times 78572 78572 78573 78573 78571 78571 78571 78572 78573 78573 78571 78572 78573 78572 78572
-- 78576 <42
false 12273873 aborted

100001 1 2 4 24 164 914 4013 16298 78576
FAIL0=1 FAIL1=2 FAIL2=4 FAIL3=24 FAIL4=164 FAIL5=914 FAIL6=4013 FAIL7=16298 FAIL8=78576 
