-- worker thread times 0 0 0 0 0 0 0 0 0 0 0 0 0 0 0
-- 1 <40
-- worker thread times 0 0 0 0 0 0 0 0 0 0 0 0 0 0 0
-- 2 <39
-- worker thread times 0 3 1 2 2 2 2 3 1 2 1 1 1 2 3
-- 4 <38
-- worker thread times 13 12 11 13 12 12 12 12 11 13 11 10 11 13 12
-- 15 <37
-- worker thread times 64 63 63 64 63 63 63 65 61 65 63 65 63 61 64
-- 68 <36
-- worker thread times 320 318 318 319 320 318 316 320 319 318 317 318 316 317 318
-- 324 <35
-- worker thread times 1604 1597 1599 1600 1600 1598 1601 1603 1597 1601 1599 1600 1599 1599 1599
-- 1606 <34
-- worker thread times 7189 7188 7188 7189 7188 7187 7184 7189 7186 7188 7187 7185 7188 7188 7189
-- 7193 <33
-- worker thread times 31698 31698 31699 31698 31698 31696 31700 31699 31695 31698 31699 31698 31698 31698 31698
-- 31704 <32
-- worker thread times 59077 59076 59076 59076 59076 59076 59077 59076 59076 59076 59076 59075 59076 59076 59076
-- 59078 <31
false 16417529 aborted

100001 1 2 4 15 68 324 1606 7193 31704 59078
FAIL0=1 FAIL1=2 FAIL2=4 FAIL3=15 FAIL4=68 FAIL5=324 FAIL6=1606 FAIL7=7193 FAIL8=31704 FAIL9=59078 
