Incumbent size: 1
Incumbent size: 2
Incumbent size: 3
Incumbent size: 4
Incumbent size: 5
Incumbent size: 6
Incumbent size: 7
Incumbent size: 8
Incumbent size: 9
Incumbent size: 10
Incumbent size: 11
Incumbent size: 12
Incumbent size: 13
Incumbent size: 14
Incumbent size: 15
Incumbent size: 16
Incumbent size: 17
Incumbent size: 18
Incumbent size: 19
Incumbent size: 20
Incumbent size: 21
Incumbent size: 22
Incumbent size: 23
Incumbent size: 24
Incumbent size: 25
Incumbent size: 26
Incumbent size: 27
Incumbent size: 28
Incumbent size: 29
Incumbent size: 30
Incumbent size: 31
Solution size 31
(1 -> 33) (2 -> 26) (4 -> 14) (6 -> 2) (7 -> 37) (8 -> 40) (9 -> 46) (10 -> 13) (11 -> 17) (14 -> 48) (15 -> 6) (16 -> 36) (17 -> 15) (18 -> 5) (19 -> 43) (20 -> 27) (21 -> 42) (22 -> 32) (25 -> 47) (27 -> 21) (29 -> 3) (30 -> 41) (31 -> 45) (32 -> 7) (33 -> 16) (38 -> 11) (40 -> 22) (42 -> 39) (43 -> 35) (47 -> 20) (48 -> 44) 
Nodes:                      333724386
CPU time (ms):              100000
TIMEOUT
