Incumbent size: 1
Incumbent size: 2
Incumbent size: 3
Incumbent size: 4
Incumbent size: 5
Incumbent size: 6
Incumbent size: 7
Incumbent size: 8
Incumbent size: 9
Incumbent size: 10
Incumbent size: 11
Incumbent size: 12
Incumbent size: 13
Incumbent size: 14
Incumbent size: 15
Incumbent size: 16
Incumbent size: 17
Incumbent size: 18
Incumbent size: 19
Incumbent size: 20
Incumbent size: 21
Incumbent size: 22
Incumbent size: 23
Incumbent size: 24
Incumbent size: 25
Incumbent size: 26
Incumbent size: 27
Incumbent size: 28
Incumbent size: 29
Incumbent size: 30
Incumbent size: 31
Incumbent size: 32
Incumbent size: 33
Solution size 33
(0 -> 18) (1 -> 43) (3 -> 22) (4 -> 35) (5 -> 13) (7 -> 24) (8 -> 29) (10 -> 6) (12 -> 26) (13 -> 16) (14 -> 30) (16 -> 49) (17 -> 33) (18 -> 21) (19 -> 1) (21 -> 7) (22 -> 42) (23 -> 2) (24 -> 19) (25 -> 11) (27 -> 44) (29 -> 36) (30 -> 37) (35 -> 47) (36 -> 40) (39 -> 38) (42 -> 10) (43 -> 23) (44 -> 46) (46 -> 34) (47 -> 12) (48 -> 15) (49 -> 17) 
Nodes:                      359479915
CPU time (ms):              100000
TIMEOUT
