Incumbent size: 1
Incumbent size: 2
Incumbent size: 3
Incumbent size: 4
Incumbent size: 5
Incumbent size: 6
Incumbent size: 7
Incumbent size: 8
Incumbent size: 9
Incumbent size: 10
Incumbent size: 11
Incumbent size: 12
Incumbent size: 13
Incumbent size: 14
Incumbent size: 15
Incumbent size: 16
Incumbent size: 17
Incumbent size: 18
Incumbent size: 19
Incumbent size: 20
Incumbent size: 21
Incumbent size: 22
Incumbent size: 23
Incumbent size: 24
Solution size 24
(0 -> 12) (1 -> 31) (2 -> 13) (3 -> 19) (5 -> 11) (10 -> 1) (12 -> 15) (13 -> 8) (14 -> 29) (15 -> 14) (16 -> 25) (17 -> 17) (18 -> 3) (19 -> 16) (20 -> 0) (21 -> 30) (23 -> 37) (25 -> 7) (28 -> 36) (30 -> 9) (33 -> 24) (35 -> 21) (36 -> 10) (39 -> 5) 
Nodes:                      310678189
CPU time (ms):              100000
TIMEOUT
