Incumbent size: 1
Incumbent size: 2
Incumbent size: 3
Incumbent size: 4
Incumbent size: 5
Incumbent size: 6
Incumbent size: 7
Incumbent size: 8
Incumbent size: 9
Incumbent size: 10
Incumbent size: 11
Incumbent size: 12
Incumbent size: 13
Incumbent size: 14
Incumbent size: 15
Incumbent size: 16
Incumbent size: 17
Incumbent size: 18
Incumbent size: 19
Incumbent size: 20
Incumbent size: 21
Incumbent size: 22
Incumbent size: 23
Incumbent size: 24
Incumbent size: 25
Incumbent size: 26
Incumbent size: 27
Solution size 27
(0 -> 34) (2 -> 11) (4 -> 15) (5 -> 18) (6 -> 24) (8 -> 21) (9 -> 3) (11 -> 25) (18 -> 4) (19 -> 12) (20 -> 0) (22 -> 39) (23 -> 26) (24 -> 36) (25 -> 32) (26 -> 9) (27 -> 13) (28 -> 31) (29 -> 14) (31 -> 5) (32 -> 27) (33 -> 38) (34 -> 22) (35 -> 20) (36 -> 2) (37 -> 28) (38 -> 19) 
Nodes:                      348765361
CPU time (ms):              100000
TIMEOUT
