Incumbent size: 1
Incumbent size: 2
Incumbent size: 3
Incumbent size: 4
Incumbent size: 5
Incumbent size: 6
Incumbent size: 7
Incumbent size: 8
Incumbent size: 9
Incumbent size: 10
Incumbent size: 11
Incumbent size: 12
Incumbent size: 13
Incumbent size: 14
Incumbent size: 15
Incumbent size: 16
Incumbent size: 17
Incumbent size: 18
Incumbent size: 19
Incumbent size: 20
Incumbent size: 21
Incumbent size: 22
Incumbent size: 23
Incumbent size: 24
Incumbent size: 25
Incumbent size: 26
Incumbent size: 27
Incumbent size: 28
Incumbent size: 29
Incumbent size: 30
Incumbent size: 31
Incumbent size: 32
Solution size 32
(0 -> 26) (3 -> 8) (4 -> 32) (7 -> 11) (8 -> 42) (10 -> 28) (11 -> 1) (12 -> 21) (13 -> 12) (15 -> 9) (17 -> 48) (18 -> 45) (19 -> 29) (22 -> 24) (23 -> 17) (24 -> 36) (25 -> 33) (26 -> 35) (27 -> 0) (28 -> 15) (29 -> 40) (30 -> 27) (31 -> 25) (32 -> 34) (37 -> 31) (40 -> 38) (41 -> 47) (42 -> 4) (43 -> 16) (46 -> 2) (47 -> 6) (48 -> 19) 
Nodes:                      383843773
CPU time (ms):              100000
TIMEOUT
