Incumbent size: 1
Incumbent size: 2
Incumbent size: 3
Incumbent size: 4
Incumbent size: 5
Incumbent size: 6
Incumbent size: 7
Incumbent size: 8
Incumbent size: 9
Incumbent size: 10
Incumbent size: 11
Incumbent size: 12
Incumbent size: 13
Incumbent size: 14
Incumbent size: 15
Incumbent size: 16
Incumbent size: 17
Incumbent size: 18
Incumbent size: 19
Incumbent size: 20
Incumbent size: 21
Incumbent size: 22
Incumbent size: 23
Incumbent size: 24
Incumbent size: 25
Incumbent size: 26
Solution size 26
(0 -> 8) (1 -> 10) (2 -> 30) (3 -> 33) (4 -> 20) (5 -> 32) (6 -> 24) (8 -> 13) (9 -> 34) (10 -> 21) (12 -> 11) (13 -> 29) (14 -> 27) (17 -> 22) (18 -> 39) (20 -> 2) (21 -> 14) (22 -> 7) (23 -> 38) (25 -> 23) (27 -> 26) (28 -> 35) (30 -> 16) (34 -> 17) (37 -> 37) (38 -> 0) 
Nodes:                      354562159
CPU time (ms):              100000
TIMEOUT
