Incumbent size: 1
Incumbent size: 2
Incumbent size: 3
Incumbent size: 4
Incumbent size: 5
Incumbent size: 6
Incumbent size: 7
Incumbent size: 8
Incumbent size: 9
Incumbent size: 10
Incumbent size: 11
Incumbent size: 12
Incumbent size: 13
Incumbent size: 14
Incumbent size: 15
Incumbent size: 16
Incumbent size: 17
Incumbent size: 18
Incumbent size: 19
Incumbent size: 20
Incumbent size: 21
Incumbent size: 22
Incumbent size: 23
Incumbent size: 24
Incumbent size: 25
Incumbent size: 26
Incumbent size: 27
Incumbent size: 28
Solution size 28
(0 -> 28) (2 -> 36) (6 -> 41) (7 -> 22) (11 -> 18) (13 -> 0) (14 -> 2) (15 -> 21) (18 -> 29) (19 -> 42) (21 -> 23) (23 -> 49) (25 -> 31) (26 -> 13) (28 -> 19) (29 -> 34) (30 -> 39) (31 -> 11) (32 -> 44) (33 -> 38) (34 -> 6) (35 -> 20) (38 -> 1) (43 -> 17) (44 -> 5) (45 -> 25) (46 -> 3) (48 -> 33) 
Nodes:                      337687498
CPU time (ms):              100000
TIMEOUT
