Incumbent size: 1
Incumbent size: 2
Incumbent size: 3
Incumbent size: 4
Incumbent size: 5
Incumbent size: 6
Incumbent size: 7
Incumbent size: 8
Incumbent size: 9
Incumbent size: 10
Incumbent size: 11
Incumbent size: 12
Incumbent size: 13
Incumbent size: 14
Incumbent size: 15
Incumbent size: 16
Incumbent size: 17
Incumbent size: 18
Incumbent size: 19
Incumbent size: 20
Incumbent size: 21
Incumbent size: 22
Incumbent size: 23
Incumbent size: 24
Incumbent size: 25
Incumbent size: 26
Incumbent size: 27
Incumbent size: 28
Incumbent size: 29
Incumbent size: 30
Incumbent size: 31
Incumbent size: 32
Incumbent size: 33
Incumbent size: 34
Incumbent size: 35
Incumbent size: 36
Incumbent size: 37
Solution size 37
(0 -> 21) (1 -> 30) (2 -> 3) (3 -> 31) (4 -> 43) (5 -> 12) (6 -> 18) (7 -> 38) (9 -> 14) (10 -> 27) (11 -> 29) (12 -> 32) (13 -> 34) (14 -> 9) (15 -> 16) (16 -> 42) (17 -> 20) (18 -> 47) (19 -> 39) (21 -> 4) (25 -> 8) (26 -> 22) (27 -> 25) (28 -> 2) (30 -> 5) (34 -> 13) (35 -> 6) (38 -> 36) (39 -> 40) (41 -> 24) (42 -> 7) (43 -> 11) (45 -> 49) (46 -> 19) (47 -> 46) (48 -> 10) (49 -> 15) 
Nodes:                      380964356
CPU time (ms):              100000
TIMEOUT
