Incumbent size: 1
Incumbent size: 2
Incumbent size: 3
Incumbent size: 4
Incumbent size: 5
Incumbent size: 6
Incumbent size: 7
Incumbent size: 8
Incumbent size: 9
Incumbent size: 10
Incumbent size: 11
Incumbent size: 12
Incumbent size: 13
Incumbent size: 14
Incumbent size: 15
Incumbent size: 16
Incumbent size: 17
Incumbent size: 18
Incumbent size: 19
Incumbent size: 20
Incumbent size: 21
Incumbent size: 22
Incumbent size: 23
Incumbent size: 24
Incumbent size: 25
Incumbent size: 26
Incumbent size: 27
Incumbent size: 28
Incumbent size: 29
Solution size 29
(0 -> 47) (1 -> 27) (2 -> 21) (5 -> 46) (7 -> 17) (8 -> 1) (10 -> 29) (12 -> 11) (14 -> 4) (16 -> 35) (17 -> 24) (21 -> 20) (23 -> 37) (25 -> 32) (26 -> 3) (28 -> 41) (29 -> 23) (31 -> 39) (34 -> 25) (36 -> 14) (37 -> 8) (38 -> 7) (40 -> 34) (42 -> 19) (44 -> 18) (45 -> 5) (46 -> 9) (47 -> 31) (49 -> 2) 
Nodes:                      324198734
CPU time (ms):              100000
TIMEOUT
