Incumbent size: 1
Incumbent size: 2
Incumbent size: 3
Incumbent size: 4
Incumbent size: 5
Incumbent size: 6
Incumbent size: 7
Incumbent size: 8
Incumbent size: 9
Incumbent size: 10
Incumbent size: 11
Incumbent size: 12
Incumbent size: 13
Incumbent size: 14
Incumbent size: 15
Incumbent size: 16
Incumbent size: 17
Incumbent size: 18
Incumbent size: 19
Incumbent size: 20
Incumbent size: 21
Incumbent size: 22
Incumbent size: 23
Incumbent size: 24
Incumbent size: 25
Incumbent size: 26
Incumbent size: 27
Incumbent size: 28
Solution size 28
(0 -> 2) (3 -> 16) (4 -> 9) (7 -> 11) (8 -> 22) (10 -> 34) (11 -> 37) (13 -> 4) (15 -> 29) (17 -> 17) (19 -> 21) (20 -> 13) (21 -> 15) (22 -> 26) (23 -> 36) (24 -> 31) (26 -> 35) (27 -> 6) (29 -> 39) (30 -> 3) (31 -> 38) (32 -> 19) (33 -> 12) (34 -> 27) (35 -> 8) (36 -> 33) (37 -> 32) (38 -> 18) 
Nodes:                      361414531
CPU time (ms):              100000
TIMEOUT
