Incumbent size: 1
Incumbent size: 2
Incumbent size: 3
Incumbent size: 4
Incumbent size: 5
Incumbent size: 6
Incumbent size: 7
Incumbent size: 8
Incumbent size: 9
Incumbent size: 10
Incumbent size: 11
Incumbent size: 12
Incumbent size: 13
Incumbent size: 14
Incumbent size: 15
Incumbent size: 16
Incumbent size: 17
Incumbent size: 18
Incumbent size: 19
Incumbent size: 20
Incumbent size: 21
Incumbent size: 22
Incumbent size: 23
Incumbent size: 24
Incumbent size: 25
Incumbent size: 26
Incumbent size: 27
Incumbent size: 28
Incumbent size: 29
Incumbent size: 30
Incumbent size: 31
Solution size 31
(0 -> 6) (1 -> 14) (3 -> 18) (4 -> 22) (5 -> 9) (6 -> 43) (7 -> 36) (8 -> 1) (10 -> 0) (12 -> 38) (15 -> 11) (16 -> 41) (17 -> 3) (20 -> 16) (21 -> 12) (24 -> 17) (27 -> 15) (28 -> 33) (29 -> 47) (30 -> 10) (32 -> 27) (34 -> 23) (37 -> 35) (38 -> 34) (42 -> 44) (43 -> 42) (44 -> 25) (45 -> 49) (46 -> 28) (48 -> 21) (49 -> 20) 
Nodes:                      375903231
CPU time (ms):              100000
TIMEOUT
