Incumbent size: 1
Incumbent size: 2
Incumbent size: 3
Incumbent size: 4
Incumbent size: 5
Incumbent size: 6
Incumbent size: 7
Incumbent size: 8
Incumbent size: 9
Incumbent size: 10
Incumbent size: 11
Incumbent size: 12
Incumbent size: 13
Incumbent size: 14
Incumbent size: 15
Incumbent size: 16
Incumbent size: 17
Incumbent size: 18
Incumbent size: 19
Solution size 19
(0 -> 10) (1 -> 42) (2 -> 45) (3 -> 11) (6 -> 46) (7 -> 41) (11 -> 19) (12 -> 43) (18 -> 24) (23 -> 7) (24 -> 48) (26 -> 16) (27 -> 14) (28 -> 13) (30 -> 17) (33 -> 27) (43 -> 20) (47 -> 8) (48 -> 36) 
Nodes:                      219895998
CPU time (ms):              100000
TIMEOUT
