Incumbent size: 1
Incumbent size: 2
Incumbent size: 3
Incumbent size: 4
Incumbent size: 5
Incumbent size: 6
Incumbent size: 7
Incumbent size: 8
Incumbent size: 9
Incumbent size: 10
Incumbent size: 11
Incumbent size: 12
Incumbent size: 13
Incumbent size: 14
Incumbent size: 15
Incumbent size: 16
Incumbent size: 17
Incumbent size: 18
Incumbent size: 19
Incumbent size: 20
Incumbent size: 21
Incumbent size: 22
Incumbent size: 23
Incumbent size: 24
Incumbent size: 25
Incumbent size: 26
Incumbent size: 27
Incumbent size: 28
Incumbent size: 29
Incumbent size: 30
Incumbent size: 31
Incumbent size: 32
Incumbent size: 33
Incumbent size: 34
Incumbent size: 35
Solution size 35
(0 -> 40) (1 -> 15) (3 -> 20) (4 -> 45) (5 -> 32) (6 -> 5) (8 -> 30) (9 -> 1) (10 -> 19) (11 -> 18) (12 -> 2) (13 -> 47) (15 -> 48) (16 -> 24) (17 -> 28) (18 -> 39) (19 -> 44) (20 -> 10) (21 -> 29) (22 -> 6) (23 -> 9) (24 -> 36) (31 -> 37) (32 -> 3) (33 -> 31) (36 -> 43) (37 -> 25) (38 -> 35) (39 -> 13) (42 -> 27) (43 -> 4) (44 -> 34) (45 -> 12) (48 -> 33) (49 -> 14) 
Nodes:                      354439880
CPU time (ms):              100000
TIMEOUT
