Incumbent size: 1
Incumbent size: 2
Incumbent size: 3
Incumbent size: 4
Incumbent size: 5
Incumbent size: 6
Incumbent size: 7
Incumbent size: 8
Incumbent size: 9
Incumbent size: 10
Incumbent size: 11
Incumbent size: 12
Incumbent size: 13
Incumbent size: 14
Incumbent size: 15
Incumbent size: 16
Incumbent size: 17
Incumbent size: 18
Incumbent size: 19
Incumbent size: 20
Incumbent size: 21
Incumbent size: 22
Incumbent size: 23
Incumbent size: 24
Incumbent size: 25
Incumbent size: 26
Incumbent size: 27
Solution size 27
(1 -> 21) (2 -> 37) (3 -> 8) (5 -> 6) (7 -> 1) (12 -> 14) (14 -> 43) (16 -> 35) (17 -> 7) (18 -> 16) (19 -> 18) (23 -> 31) (24 -> 17) (27 -> 44) (29 -> 24) (30 -> 47) (31 -> 32) (32 -> 22) (35 -> 34) (38 -> 11) (39 -> 25) (41 -> 33) (43 -> 39) (44 -> 10) (45 -> 20) (48 -> 9) (49 -> 38) 
Nodes:                      193440241
CPU time (ms):              100000
TIMEOUT
