-- worker thread times 0 0 0
-- 1 <35
-- worker thread times 2 2 2
-- 3 <34
-- worker thread times 8 7 8
-- 9 <33
-- worker thread times 30 29 29
-- 31 <32
-- worker thread times 139 138 138
-- 141 <31
-- worker thread times 477 476 476
-- 479 <30
-- worker thread times 1429 1430 1431
-- 1433 <29
-- worker thread times 3987 3987 3987
-- 3992 <28
-- worker thread times 11133 11132 11132
-- 11137 <27
-- worker thread times 27221 27222 27223
-- 27226 <26
-- worker thread times 55540 55540 55540
-- 55542 <25
false 6915908 aborted

100000 1 3 9 31 141 479 1433 3992 11137 27226 55542
FAIL0=1 FAIL1=3 FAIL10=55542 FAIL2=9 FAIL3=31 FAIL4=141 FAIL5=479 FAIL6=1433 FAIL7=3992 FAIL8=11137 FAIL9=27226 
