-- worker thread times 0 0 0
-- 1 <30
-- worker thread times 1 0 0
-- 1 <29
-- worker thread times 4 3 3
-- 5 <28
-- worker thread times 16 17 17
-- 19 <27
-- worker thread times 76 76 77
-- 78 <26
-- worker thread times 257 257 258
-- 261 <25
-- worker thread times 734 737 736
-- 739 <24
-- worker thread times 1730 1729 1726
-- 1732 <23
-- worker thread times 3828 3829 3827
-- 3832 <22
-- worker thread times 7895 7893 7894
-- 7899 <21
-- worker thread times 15635 15634 15633
-- 15638 <20
-- worker thread times 30694 30692 30693
-- 30697 <19
-- worker thread times 39092 39092 39092
-- 39094 <18
false 8724644 aborted

100000 1 1 5 19 78 261 739 1732 3832 7899 15638 30697 39094
FAIL0=1 FAIL1=1 FAIL10=15638 FAIL11=30697 FAIL12=39094 FAIL2=5 FAIL3=19 FAIL4=78 FAIL5=261 FAIL6=739 FAIL7=1732 FAIL8=3832 FAIL9=7899 
