-- worker thread times 0 0 0
-- 0 <20
-- worker thread times 0 0 0
-- 1 <19
-- worker thread times 1 1 1
-- 2 <18
-- worker thread times 4 4 4
-- 5 <17
-- worker thread times 26 25 25
-- 27 <16
-- worker thread times 86 85 85
-- 89 <15
-- worker thread times 217 216 214
-- 218 <14
-- worker thread times 462 461 461
-- 465 <13
-- worker thread times 1076 1074 1076
-- 1079 <12
-- worker thread times 63 63 63
true 299648
(0 -> 19) (1 -> -1) (2 -> -1) (3 -> 0) (4 -> -1) (5 -> -1) (6 -> -1) (7 -> -1) (8 -> -1) (9 -> 18) (10 -> 16) (11 -> 4) (12 -> -1) (13 -> 6) (14 -> 10) (15 -> 7) (16 -> 13) (17 -> 9) (18 -> 11) (19 -> -1) 
1953 0 1 2 5 27 89 218 465 1079 64
EXCEPT=9 FAIL0=0 FAIL1=1 FAIL2=2 FAIL3=5 FAIL4=27 FAIL5=89 FAIL6=218 FAIL7=465 FAIL8=1079 SIZE=11 
