-- worker thread times 0 0 0
-- 1 <35
-- worker thread times 1 1 1
-- 2 <34
-- worker thread times 4 5 5
-- 6 <33
-- worker thread times 20 19 18
-- 21 <32
-- worker thread times 66 65 66
-- 69 <31
-- worker thread times 217 215 215
-- 219 <30
-- worker thread times 497 497 494
-- 499 <29
-- worker thread times 1639 1638 1638
-- 1641 <28
-- worker thread times 6407 6408 6408
-- 6412 <27
-- worker thread times 20522 20522 20521
-- 20527 <26
-- worker thread times 64380 64379 64379
-- 64384 <25
-- worker thread times 6212 6212 6212
-- 6212 <24
false 6965749 aborted

100000 1 2 6 21 69 219 499 1641 6412 20527 64384 6212
FAIL0=1 FAIL1=2 FAIL10=64384 FAIL11=6212 FAIL2=6 FAIL3=21 FAIL4=69 FAIL5=219 FAIL6=499 FAIL7=1641 FAIL8=6412 FAIL9=20527 
