-- worker thread times 0 0 0
-- 1 <30
-- worker thread times 1 0 0
-- 1 <29
-- worker thread times 4 5 4
-- 6 <28
-- worker thread times 25 24 25
-- 27 <27
-- worker thread times 134 134 132
-- 136 <26
-- worker thread times 741 739 739
-- 742 <25
-- worker thread times 3449 3449 3447
-- 3451 <24
-- worker thread times 16440 16439 16438
-- 16442 <23
-- worker thread times 303 303 303
true 1480615
(0 -> 17) (1 -> 21) (2 -> -1) (3 -> 28) (4 -> -1) (5 -> -1) (6 -> 5) (7 -> 10) (8 -> 24) (9 -> 18) (10 -> 27) (11 -> -1) (12 -> -1) (13 -> 19) (14 -> 12) (15 -> 29) (16 -> 15) (17 -> 6) (18 -> 11) (19 -> 4) (20 -> -1) (21 -> 8) (22 -> -1) (23 -> 2) (24 -> 25) (25 -> -1) (26 -> 16) (27 -> 20) (28 -> 13) (29 -> 22) 
21115 1 1 6 27 136 742 3451 16442 304
EXCEPT=8 FAIL0=1 FAIL1=1 FAIL2=6 FAIL3=27 FAIL4=136 FAIL5=742 FAIL6=3451 FAIL7=16442 SIZE=22 
