-- worker thread times 0 0 0
-- 1 <30
-- worker thread times 0 0 0
-- 1 <29
-- worker thread times 1 2 1
-- 3 <28
-- worker thread times 13 11 12
-- 14 <27
-- worker thread times 44 44 43
-- 46 <26
-- worker thread times 121 122 122
-- 125 <25
-- worker thread times 289 288 287
-- 291 <24
-- worker thread times 1066 1068 1066
-- 1071 <23
-- worker thread times 3037 3036 3036
-- 3040 <22
-- worker thread times 9327 9325 9324
-- 9330 <21
-- worker thread times 29826 29825 29822
-- 29830 <20
-- worker thread times 5188 5188 5188
true 4294171
(0 -> -1) (1 -> 21) (2 -> 23) (3 -> 5) (4 -> -1) (5 -> -1) (6 -> 0) (7 -> -1) (8 -> -1) (9 -> 27) (10 -> -1) (11 -> 9) (12 -> -1) (13 -> 3) (14 -> 25) (15 -> -1) (16 -> 17) (17 -> -1) (18 -> 29) (19 -> 28) (20 -> 12) (21 -> 2) (22 -> -1) (23 -> 14) (24 -> 6) (25 -> 1) (26 -> 8) (27 -> -1) (28 -> 4) (29 -> 16) 
48945 1 1 3 14 46 125 291 1071 3040 9330 29830 5188
EXCEPT=11 FAIL0=1 FAIL1=1 FAIL10=29830 FAIL2=3 FAIL3=14 FAIL4=46 FAIL5=125 FAIL6=291 FAIL7=1071 FAIL8=3040 FAIL9=9330 SIZE=19 
