-- worker thread times 0 0 0
-- 1 <35
-- worker thread times 0 0 0
-- 1 <34
-- worker thread times 2 1 1
-- 3 <33
-- worker thread times 9 9 9
-- 11 <32
-- worker thread times 47 49 49
-- 52 <31
-- worker thread times 211 211 212
-- 214 <30
-- worker thread times 845 845 845
-- 849 <29
-- worker thread times 4250 4249 4248
-- 4252 <28
-- worker thread times 20274 20273 20270
-- 20276 <27
-- worker thread times 74335 74335 74334
-- 74337 <26
false 6167132 aborted

100000 1 1 3 11 52 214 849 4252 20276 74337
FAIL0=1 FAIL1=1 FAIL2=3 FAIL3=11 FAIL4=52 FAIL5=214 FAIL6=849 FAIL7=4252 FAIL8=20276 FAIL9=74337 
