-- worker thread times 0 0 0
-- 0 <30
-- worker thread times 0 0 0
-- 1 <29
-- worker thread times 2 2 2
-- 3 <28
-- worker thread times 12 12 13
-- 14 <27
-- worker thread times 50 50 51
-- 52 <26
-- worker thread times 267 267 268
-- 272 <25
-- worker thread times 1181 1179 1182
-- 1184 <24
-- worker thread times 5051 5048 5051
-- 5054 <23
-- worker thread times 21047 21047 21047
-- 21051 <22
-- worker thread times 57167 57167 57166
true 6750718
(0 -> 14) (1 -> 26) (2 -> 15) (3 -> 20) (4 -> 18) (5 -> -1) (6 -> -1) (7 -> 19) (8 -> 13) (9 -> -1) (10 -> 21) (11 -> 11) (12 -> 9) (13 -> 4) (14 -> 12) (15 -> 16) (16 -> 10) (17 -> 2) (18 -> -1) (19 -> -1) (20 -> 28) (21 -> -1) (22 -> 6) (23 -> 8) (24 -> 7) (25 -> -1) (26 -> 3) (27 -> -1) (28 -> -1) (29 -> 29) 
84804 0 1 3 14 52 272 1184 5054 21051 57168
EXCEPT=9 FAIL0=0 FAIL1=1 FAIL2=3 FAIL3=14 FAIL4=52 FAIL5=272 FAIL6=1184 FAIL7=5054 FAIL8=21051 SIZE=21 
