-- worker thread times 0 0 0
-- 1 <40
-- worker thread times 1 1 1
-- 3 <39
-- worker thread times 7 6 8
-- 9 <38
-- worker thread times 45 44 43
-- 46 <37
-- worker thread times 97 96 97
-- 99 <36
-- worker thread times 466 464 465
-- 468 <35
-- worker thread times 1587 1585 1588
-- 1589 <34
-- worker thread times 4689 4688 4685
-- 4690 <33
-- worker thread times 14564 14563 14562
-- 14567 <32
-- worker thread times 44691 44689 44685
-- 44694 <31
-- worker thread times 33829 33829 33829
-- 33830 <30
false 5970739 aborted

100000 1 3 9 46 99 468 1589 4690 14567 44694 33830
FAIL0=1 FAIL1=3 FAIL10=33830 FAIL2=9 FAIL3=46 FAIL4=99 FAIL5=468 FAIL6=1589 FAIL7=4690 FAIL8=14567 FAIL9=44694 
