-- worker thread times 0 0 0
-- 0 <30
-- worker thread times 1 1 0
-- 2 <29
-- worker thread times 5 4 5
-- 6 <28
-- worker thread times 18 16 18
-- 19 <27
-- worker thread times 56 56 55
-- 58 <26
-- worker thread times 170 169 168
-- 171 <25
-- worker thread times 533 531 530
-- 535 <24
-- worker thread times 1630 1629 1627
-- 1632 <23
-- worker thread times 4593 4591 4592
-- 4595 <22
-- worker thread times 12308 12309 12305
-- 12311 <21
-- worker thread times 7556 7556 7556
true 2195425
(0 -> 24) (1 -> 6) (2 -> 7) (3 -> 2) (4 -> 0) (5 -> -1) (6 -> -1) (7 -> -1) (8 -> 17) (9 -> 16) (10 -> -1) (11 -> 29) (12 -> -1) (13 -> -1) (14 -> -1) (15 -> 25) (16 -> -1) (17 -> 3) (18 -> 21) (19 -> -1) (20 -> -1) (21 -> 19) (22 -> 13) (23 -> 10) (24 -> 11) (25 -> 26) (26 -> 5) (27 -> 12) (28 -> 9) (29 -> 1) 
26891 0 2 6 19 58 171 535 1632 4595 12311 7557
EXCEPT=10 FAIL0=0 FAIL1=2 FAIL2=6 FAIL3=19 FAIL4=58 FAIL5=171 FAIL6=535 FAIL7=1632 FAIL8=4595 FAIL9=12311 SIZE=20 
