-- worker thread times 0 0 0
-- 1 <50
-- worker thread times 0 1 0
-- 2 <49
-- worker thread times 9 7 7
-- 10 <48
-- worker thread times 40 38 39
-- 41 <47
-- worker thread times 157 158 156
-- 160 <46
-- worker thread times 556 554 555
-- 558 <45
-- worker thread times 1591 1590 1591
-- 1594 <44
-- worker thread times 3947 3946 3944
-- 3949 <43
-- worker thread times 9688 9687 9689
-- 9692 <42
-- worker thread times 23529 23527 23527
-- 23532 <41
-- worker thread times 56590 56588 56586
-- 56592 <40
-- worker thread times 3861 3861 3861
-- 3862 <39
false 4226093 aborted

100000 1 2 10 41 160 558 1594 3949 9692 23532 56592 3862
FAIL0=1 FAIL1=2 FAIL10=56592 FAIL11=3862 FAIL2=10 FAIL3=41 FAIL4=160 FAIL5=558 FAIL6=1594 FAIL7=3949 FAIL8=9692 FAIL9=23532 
