-- worker thread times 0 0 0
-- 1 <35
-- worker thread times 0 0 0
-- 1 <34
-- worker thread times 1 0 1
-- 2 <33
-- worker thread times 5 5 7
-- 8 <32
-- worker thread times 36 36 36
-- 38 <31
-- worker thread times 160 161 160
-- 162 <30
-- worker thread times 603 602 602
-- 605 <29
-- worker thread times 1977 1976 1976
-- 1979 <28
-- worker thread times 6745 6744 6744
-- 6748 <27
-- worker thread times 20200 20198 20199
-- 20203 <26
-- worker thread times 61180 61180 61178
-- 61184 <25
-- worker thread times 9063 9063 9063
-- 9064 <24
false 6783129 aborted

100000 1 1 2 8 38 162 605 1979 6748 20203 61184 9064
FAIL0=1 FAIL1=1 FAIL10=61184 FAIL11=9064 FAIL2=2 FAIL3=8 FAIL4=38 FAIL5=162 FAIL6=605 FAIL7=1979 FAIL8=6748 FAIL9=20203 
