-- worker thread times 0 0 0
-- 1 <30
-- worker thread times 0 1 0
-- 2 <29
-- worker thread times 4 4 3
-- 5 <28
-- worker thread times 21 21 21
-- 23 <27
-- worker thread times 75 73 74
-- 76 <26
-- worker thread times 178 177 178
-- 180 <25
-- worker thread times 436 434 435
-- 437 <24
-- worker thread times 1464 1463 1461
-- 1466 <23
-- worker thread times 4232 4232 4232
-- 4236 <22
-- worker thread times 11752 11753 11752
-- 11756 <21
-- worker thread times 36491 36489 36488
-- 36493 <20
-- worker thread times 45319 45319 45319
-- 45320 <19
false 8953158 aborted

100000 1 2 5 23 76 180 437 1466 4236 11756 36493 45320
FAIL0=1 FAIL1=2 FAIL10=36493 FAIL11=45320 FAIL2=5 FAIL3=23 FAIL4=76 FAIL5=180 FAIL6=437 FAIL7=1466 FAIL8=4236 FAIL9=11756 
