-- worker thread times 0 0 0
-- 0 <25
-- worker thread times 0 0 0
-- 1 <24
-- worker thread times 3 2 3
-- 4 <23
-- worker thread times 12 12 12
-- 14 <22
-- worker thread times 39 38 40
-- 41 <21
-- worker thread times 131 129 130
-- 133 <20
-- worker thread times 377 376 377
-- 380 <19
-- worker thread times 1172 1170 1171
-- 1174 <18
-- worker thread times 3438 3437 3438
-- 3440 <17
-- worker thread times 8777 8776 8777
true 1410614
(0 -> 18) (1 -> -1) (2 -> 12) (3 -> 3) (4 -> -1) (5 -> 13) (6 -> 11) (7 -> 23) (8 -> -1) (9 -> 22) (10 -> 10) (11 -> 8) (12 -> 7) (13 -> -1) (14 -> 21) (15 -> -1) (16 -> -1) (17 -> -1) (18 -> -1) (19 -> 20) (20 -> 2) (21 -> 0) (22 -> -1) (23 -> 4) (24 -> 9) 
13970 0 1 4 14 41 133 380 1174 3440 8779
EXCEPT=9 FAIL0=0 FAIL1=1 FAIL2=4 FAIL3=14 FAIL4=41 FAIL5=133 FAIL6=380 FAIL7=1174 FAIL8=3440 SIZE=16 
