-- worker thread times 0 0 0
-- 1 <35
-- worker thread times 1 2 2
-- 3 <34
-- worker thread times 17 16 16
-- 18 <33
-- worker thread times 70 70 71
-- 72 <32
-- worker thread times 223 225 223
-- 226 <31
-- worker thread times 471 469 471
-- 473 <30
-- worker thread times 1503 1501 1502
-- 1505 <29
-- worker thread times 3354 3353 3353
-- 3356 <28
-- worker thread times 7987 7985 7985
-- 7990 <27
-- worker thread times 17210 17207 17209
-- 17213 <26
-- worker thread times 36741 36740 36737
-- 36743 <25
-- worker thread times 3414 3414 3414
true 4721210
(0 -> 32) (1 -> 20) (2 -> 12) (3 -> 33) (4 -> 29) (5 -> -1) (6 -> -1) (7 -> 31) (8 -> 30) (9 -> 9) (10 -> 10) (11 -> 15) (12 -> -1) (13 -> -1) (14 -> 11) (15 -> 1) (16 -> 22) (17 -> 19) (18 -> -1) (19 -> 23) (20 -> 14) (21 -> 34) (22 -> 6) (23 -> 16) (24 -> 18) (25 -> -1) (26 -> 8) (27 -> -1) (28 -> 24) (29 -> 4) (30 -> -1) (31 -> 0) (32 -> -1) (33 -> -1) (34 -> -1) 
71022 1 3 18 72 226 473 1505 3356 7990 17213 36743 3415
EXCEPT=11 FAIL0=1 FAIL1=3 FAIL10=36743 FAIL2=18 FAIL3=72 FAIL4=226 FAIL5=473 FAIL6=1505 FAIL7=3356 FAIL8=7990 FAIL9=17213 SIZE=24 
