-- worker thread times 0 0 0
-- 1 <35
-- worker thread times 1 1 0
-- 2 <34
-- worker thread times 4 3 4
-- 5 <33
-- worker thread times 25 25 25
-- 28 <32
-- worker thread times 109 109 108
-- 111 <31
-- worker thread times 376 374 375
-- 378 <30
-- worker thread times 1012 1012 1012
-- 1014 <29
-- worker thread times 3827 3828 3827
-- 3831 <28
-- worker thread times 11731 11732 11731
-- 11736 <27
-- worker thread times 10793 10792 10793
true 1701503
(0 -> 2) (1 -> 3) (2 -> 25) (3 -> -1) (4 -> 7) (5 -> 20) (6 -> -1) (7 -> 24) (8 -> 21) (9 -> 22) (10 -> -1) (11 -> 19) (12 -> -1) (13 -> 23) (14 -> 8) (15 -> 13) (16 -> 30) (17 -> 4) (18 -> 29) (19 -> 6) (20 -> -1) (21 -> 16) (22 -> -1) (23 -> -1) (24 -> 1) (25 -> 18) (26 -> -1) (27 -> 10) (28 -> -1) (29 -> 5) (30 -> 31) (31 -> 34) (32 -> 12) (33 -> 17) (34 -> 0) 
27906 1 2 5 28 111 378 1014 3831 11736 10794
EXCEPT=9 FAIL0=1 FAIL1=2 FAIL2=5 FAIL3=28 FAIL4=111 FAIL5=378 FAIL6=1014 FAIL7=3831 FAIL8=11736 SIZE=26 
