-- worker thread times 0 0 0
-- 1 <35
-- worker thread times 0 0 1
-- 1 <34
-- worker thread times 2 2 3
-- 4 <33
-- worker thread times 26 26 25
-- 28 <32
-- worker thread times 96 96 97
-- 98 <31
-- worker thread times 297 296 297
-- 299 <30
-- worker thread times 1023 1021 1022
-- 1025 <29
-- worker thread times 3854 3852 3853
-- 3856 <28
-- worker thread times 13938 13940 13936
-- 13943 <27
-- worker thread times 6328 6328 6328
true 1707242
(0 -> -1) (1 -> 9) (2 -> 17) (3 -> -1) (4 -> -1) (5 -> 23) (6 -> 32) (7 -> -1) (8 -> 28) (9 -> 34) (10 -> -1) (11 -> 2) (12 -> -1) (13 -> 7) (14 -> 14) (15 -> 6) (16 -> -1) (17 -> 12) (18 -> 31) (19 -> 33) (20 -> 8) (21 -> 25) (22 -> 4) (23 -> 29) (24 -> 20) (25 -> 10) (26 -> 0) (27 -> -1) (28 -> 18) (29 -> 5) (30 -> 15) (31 -> 24) (32 -> 1) (33 -> -1) (34 -> 26) 
25589 1 1 4 28 98 299 1025 3856 13943 6329
EXCEPT=9 FAIL0=1 FAIL1=1 FAIL2=4 FAIL3=28 FAIL4=98 FAIL5=299 FAIL6=1025 FAIL7=3856 FAIL8=13943 SIZE=26 
