-- worker thread times 0 0 0
-- 1 <35
-- worker thread times 2 1 2
-- 3 <34
-- worker thread times 16 15 16
-- 17 <33
-- worker thread times 57 56 57
-- 59 <32
-- worker thread times 202 200 202
-- 204 <31
-- worker thread times 510 509 507
-- 512 <30
-- worker thread times 1791 1792 1791
-- 1796 <29
-- worker thread times 4757 4756 4755
-- 4759 <28
-- worker thread times 14204 14204 14205
-- 14209 <27
-- worker thread times 39043 39046 39043
-- 39049 <26
-- worker thread times 39386 39386 39386
-- 39387 <25
false 6910433 aborted

100000 1 3 17 59 204 512 1796 4759 14209 39049 39387
FAIL0=1 FAIL1=3 FAIL10=39387 FAIL2=17 FAIL3=59 FAIL4=204 FAIL5=512 FAIL6=1796 FAIL7=4759 FAIL8=14209 FAIL9=39049 
