-- worker thread times 0 0 0
-- 1 <30
-- worker thread times 1 1 1
-- 2 <29
-- worker thread times 11 12 12
-- 13 <28
-- worker thread times 48 49 47
-- 50 <27
-- worker thread times 149 150 149
-- 151 <26
-- worker thread times 372 372 371
-- 374 <25
-- worker thread times 1278 1275 1276
-- 1279 <24
-- worker thread times 3908 3907 3904
-- 3910 <23
-- worker thread times 780 780 780
true 514682
(0 -> 7) (1 -> 15) (2 -> -1) (3 -> 8) (4 -> -1) (5 -> 0) (6 -> 25) (7 -> 21) (8 -> -1) (9 -> -1) (10 -> 24) (11 -> 29) (12 -> 5) (13 -> 17) (14 -> 9) (15 -> 3) (16 -> 11) (17 -> 27) (18 -> 23) (19 -> 18) (20 -> 26) (21 -> -1) (22 -> -1) (23 -> 22) (24 -> 16) (25 -> -1) (26 -> 1) (27 -> 19) (28 -> -1) (29 -> 4) 
6565 1 2 13 50 151 374 1279 3910 781
EXCEPT=8 FAIL0=1 FAIL1=2 FAIL2=13 FAIL3=50 FAIL4=151 FAIL5=374 FAIL6=1279 FAIL7=3910 SIZE=22 
