-- worker thread times 0 0 0
-- 1 <35
-- worker thread times 1 1 1
-- 2 <34
-- worker thread times 10 9 9
-- 11 <33
-- worker thread times 42 41 42
-- 44 <32
-- worker thread times 146 144 145
-- 148 <31
-- worker thread times 455 455 456
-- 458 <30
-- worker thread times 906 902 903
-- 907 <29
-- worker thread times 2974 2973 2972
-- 2976 <28
-- worker thread times 6957 6954 6956
-- 6960 <27
-- worker thread times 16059 16057 16057
-- 16062 <26
-- worker thread times 3584 3584 3584
true 2037960
(0 -> 9) (1 -> 21) (2 -> 3) (3 -> 12) (4 -> 7) (5 -> -1) (6 -> 2) (7 -> 19) (8 -> -1) (9 -> 34) (10 -> -1) (11 -> 5) (12 -> 31) (13 -> 32) (14 -> -1) (15 -> 33) (16 -> -1) (17 -> 29) (18 -> 30) (19 -> 20) (20 -> 23) (21 -> 27) (22 -> -1) (23 -> -1) (24 -> 24) (25 -> 0) (26 -> 28) (27 -> -1) (28 -> 1) (29 -> -1) (30 -> -1) (31 -> 10) (32 -> 18) (33 -> 16) (34 -> 17) 
31159 1 2 11 44 148 458 907 2976 6960 16062 3585
EXCEPT=10 FAIL0=1 FAIL1=2 FAIL2=11 FAIL3=44 FAIL4=148 FAIL5=458 FAIL6=907 FAIL7=2976 FAIL8=6960 FAIL9=16062 SIZE=25 
