-- worker thread times 0 0 0
-- 0 <25
-- worker thread times 1 0 1
-- 2 <24
-- worker thread times 12 12 12
-- 13 <23
-- worker thread times 50 50 49
-- 52 <22
-- worker thread times 139 138 138
-- 140 <21
-- worker thread times 334 331 332
-- 335 <20
-- worker thread times 533 534 534
-- 537 <19
-- worker thread times 1430 1430 1429
-- 1433 <18
-- worker thread times 141 141 141
true 233281
(0 -> 9) (1 -> 10) (2 -> 15) (3 -> 20) (4 -> -1) (5 -> 23) (6 -> -1) (7 -> 14) (8 -> -1) (9 -> 2) (10 -> 5) (11 -> 7) (12 -> 22) (13 -> 21) (14 -> 16) (15 -> -1) (16 -> 18) (17 -> -1) (18 -> 6) (19 -> 19) (20 -> -1) (21 -> -1) (22 -> -1) (23 -> 8) (24 -> 0) 
2657 0 2 13 52 140 335 537 1433 142
EXCEPT=8 FAIL0=0 FAIL1=2 FAIL2=13 FAIL3=52 FAIL4=140 FAIL5=335 FAIL6=537 FAIL7=1433 SIZE=17 
