-- worker thread times 0 0 0
-- 1 <35
-- worker thread times 1 1 1
-- 2 <34
-- worker thread times 10 10 9
-- 11 <33
-- worker thread times 57 57 55
-- 59 <32
-- worker thread times 280 280 281
-- 283 <31
-- worker thread times 1135 1133 1135
-- 1137 <30
-- worker thread times 3821 3821 3818
-- 3823 <29
-- worker thread times 11778 11776 11776
-- 11780 <28
-- worker thread times 15518 15518 15518
true 2146671
(0 -> 22) (1 -> -1) (2 -> 24) (3 -> 4) (4 -> -1) (5 -> -1) (6 -> 10) (7 -> -1) (8 -> 20) (9 -> 12) (10 -> 0) (11 -> 17) (12 -> -1) (13 -> 2) (14 -> 31) (15 -> 33) (16 -> 6) (17 -> 25) (18 -> 5) (19 -> 18) (20 -> 28) (21 -> 8) (22 -> 27) (23 -> -1) (24 -> 14) (25 -> 23) (26 -> -1) (27 -> -1) (28 -> 9) (29 -> 16) (30 -> 19) (31 -> 11) (32 -> 1) (33 -> 32) (34 -> 21) 
32620 1 2 11 59 283 1137 3823 11780 15519
EXCEPT=8 FAIL0=1 FAIL1=2 FAIL2=11 FAIL3=59 FAIL4=283 FAIL5=1137 FAIL6=3823 FAIL7=11780 SIZE=27 
