-- worker thread times 0 0 0
-- 0 <25
-- worker thread times 2 1 1
-- 3 <24
-- worker thread times 7 6 6
-- 8 <23
-- worker thread times 32 31 33
-- 33 <22
-- worker thread times 116 115 116
-- 118 <21
-- worker thread times 295 295 295
-- 297 <20
-- worker thread times 501 501 501
-- 503 <19
-- worker thread times 1405 1404 1405
-- 1407 <18
-- worker thread times 150 150 150
true 231111
(0 -> 9) (1 -> 18) (2 -> 1) (3 -> 13) (4 -> 14) (5 -> -1) (6 -> 3) (7 -> -1) (8 -> 22) (9 -> 10) (10 -> -1) (11 -> 4) (12 -> 20) (13 -> 23) (14 -> 19) (15 -> -1) (16 -> 2) (17 -> 5) (18 -> -1) (19 -> 12) (20 -> -1) (21 -> -1) (22 -> 24) (23 -> 6) (24 -> -1) 
2525 0 3 8 33 118 297 503 1407 151
EXCEPT=8 FAIL0=0 FAIL1=3 FAIL2=8 FAIL3=33 FAIL4=118 FAIL5=297 FAIL6=503 FAIL7=1407 SIZE=17 
