-- worker thread times 0 0 0
-- 0 <25
-- worker thread times 0 0 0
-- 1 <24
-- worker thread times 2 3 3
-- 3 <23
-- worker thread times 19 16 18
-- 20 <22
-- worker thread times 70 69 70
-- 72 <21
-- worker thread times 265 265 265
-- 268 <20
-- worker thread times 996 996 995
-- 997 <19
-- worker thread times 3216 3215 3214
-- 3218 <18
-- worker thread times 2142 2142 2142
true 727341
(0 -> -1) (1 -> -1) (2 -> -1) (3 -> 10) (4 -> 23) (5 -> 13) (6 -> 17) (7 -> 6) (8 -> -1) (9 -> 0) (10 -> 15) (11 -> 9) (12 -> 14) (13 -> 19) (14 -> -1) (15 -> 8) (16 -> -1) (17 -> 11) (18 -> 4) (19 -> 5) (20 -> -1) (21 -> 20) (22 -> -1) (23 -> 12) (24 -> 22) 
6727 0 1 3 20 72 268 997 3218 2143
EXCEPT=8 FAIL0=0 FAIL1=1 FAIL2=3 FAIL3=20 FAIL4=72 FAIL5=268 FAIL6=997 FAIL7=3218 SIZE=17 
