Incumbent size: 1
Incumbent size: 2
Incumbent size: 3
Incumbent size: 4
Incumbent size: 5
Incumbent size: 6
Incumbent size: 7
Incumbent size: 8
Incumbent size: 9
Incumbent size: 10
Incumbent size: 11
Incumbent size: 12
Incumbent size: 13
Incumbent size: 14
Incumbent size: 15
Incumbent size: 16
Incumbent size: 17
Incumbent size: 18
Incumbent size: 19
Incumbent size: 20
Incumbent size: 21
Incumbent size: 22
Incumbent size: 23
Incumbent size: 24
Incumbent size: 25
Incumbent size: 26
Incumbent size: 27
Incumbent size: 28
Incumbent size: 29
Incumbent size: 30
Solution size 30
(0 -> 40) (1 -> 85) (2 -> 78) (5 -> 19) (6 -> 46) (9 -> 84) (11 -> 55) (12 -> 5) (13 -> 1) (18 -> 3) (21 -> 83) (22 -> 69) (32 -> 63) (37 -> 49) (39 -> 34) (45 -> 87) (48 -> 32) (52 -> 74) (58 -> 57) (59 -> 27) (60 -> 50) (62 -> 29) (68 -> 43) (73 -> 47) (75 -> 59) (77 -> 67) (79 -> 56) (81 -> 23) (84 -> 54) (86 -> 44) 
Nodes:                      407325529
CPU time (ms):              100000
TIMEOUT
