Incumbent size: 1
Incumbent size: 2
Incumbent size: 3
Incumbent size: 4
Incumbent size: 5
Incumbent size: 6
Incumbent size: 7
Incumbent size: 8
Incumbent size: 9
Incumbent size: 10
Incumbent size: 11
Incumbent size: 12
Incumbent size: 13
Incumbent size: 14
Incumbent size: 15
Incumbent size: 16
Incumbent size: 17
Incumbent size: 18
Incumbent size: 19
Incumbent size: 20
Incumbent size: 21
Incumbent size: 22
Incumbent size: 23
Incumbent size: 24
Incumbent size: 25
Incumbent size: 26
Incumbent size: 27
Incumbent size: 28
Incumbent size: 29
Incumbent size: 30
Incumbent size: 31
Incumbent size: 32
Incumbent size: 33
Incumbent size: 34
Incumbent size: 35
Incumbent size: 36
Incumbent size: 37
Incumbent size: 38
Incumbent size: 39
Solution size 39
(2 -> 45) (5 -> 9) (8 -> 16) (9 -> 63) (10 -> 49) (15 -> 79) (16 -> 53) (20 -> 98) (25 -> 96) (26 -> 5) (27 -> 73) (29 -> 71) (31 -> 40) (33 -> 69) (34 -> 37) (40 -> 81) (44 -> 67) (47 -> 87) (48 -> 57) (52 -> 59) (53 -> 83) (55 -> 68) (57 -> 88) (59 -> 39) (62 -> 92) (65 -> 12) (66 -> 76) (67 -> 8) (69 -> 2) (75 -> 91) (78 -> 29) (79 -> 24) (83 -> 10) (84 -> 52) (88 -> 75) (89 -> 90) (90 -> 21) (91 -> 0) (97 -> 86) 
Nodes:                      299439374
CPU time (ms):              100000
TIMEOUT
