Incumbent size: 1
Incumbent size: 2
Incumbent size: 3
Incumbent size: 4
Incumbent size: 5
Incumbent size: 6
Incumbent size: 7
Incumbent size: 8
Incumbent size: 9
Incumbent size: 10
Incumbent size: 11
Incumbent size: 12
Incumbent size: 13
Incumbent size: 14
Incumbent size: 15
Incumbent size: 16
Incumbent size: 17
Incumbent size: 18
Incumbent size: 19
Incumbent size: 20
Incumbent size: 21
Incumbent size: 22
Incumbent size: 23
Incumbent size: 24
Incumbent size: 25
Incumbent size: 26
Incumbent size: 27
Solution size 27
(0 -> 55) (8 -> 0) (16 -> 13) (17 -> 11) (19 -> 53) (20 -> 74) (23 -> 72) (26 -> 5) (30 -> 65) (31 -> 77) (34 -> 56) (35 -> 49) (37 -> 57) (39 -> 32) (41 -> 8) (47 -> 58) (49 -> 67) (51 -> 69) (52 -> 42) (56 -> 68) (58 -> 10) (62 -> 76) (66 -> 45) (73 -> 51) (75 -> 12) (76 -> 44) (77 -> 54) 
Nodes:                      302637920
CPU time (ms):              100000
TIMEOUT
