Incumbent size: 1
Incumbent size: 2
Incumbent size: 3
Incumbent size: 4
Incumbent size: 5
Incumbent size: 6
Incumbent size: 7
Incumbent size: 8
Incumbent size: 9
Incumbent size: 10
Incumbent size: 11
Incumbent size: 12
Incumbent size: 13
Incumbent size: 14
Incumbent size: 15
Incumbent size: 16
Incumbent size: 17
Incumbent size: 18
Incumbent size: 19
Incumbent size: 20
Incumbent size: 21
Incumbent size: 22
Incumbent size: 23
Incumbent size: 24
Incumbent size: 25
Incumbent size: 26
Incumbent size: 27
Incumbent size: 28
Incumbent size: 29
Incumbent size: 30
Incumbent size: 31
Incumbent size: 32
Incumbent size: 33
Incumbent size: 34
Incumbent size: 35
Solution size 35
(5 -> 44) (7 -> 54) (8 -> 30) (9 -> 15) (12 -> 23) (13 -> 75) (18 -> 21) (19 -> 43) (21 -> 50) (24 -> 49) (26 -> 41) (27 -> 24) (29 -> 27) (33 -> 25) (34 -> 78) (38 -> 9) (39 -> 40) (43 -> 37) (46 -> 48) (47 -> 31) (48 -> 28) (51 -> 16) (52 -> 59) (54 -> 1) (55 -> 18) (59 -> 69) (61 -> 65) (62 -> 73) (63 -> 32) (72 -> 39) (73 -> 57) (76 -> 13) (85 -> 35) (86 -> 3) (89 -> 7) 
Nodes:                      374383725
CPU time (ms):              100000
TIMEOUT
