Incumbent size: 1
Incumbent size: 2
Incumbent size: 3
Incumbent size: 4
Incumbent size: 5
Incumbent size: 6
Incumbent size: 7
Incumbent size: 8
Incumbent size: 9
Incumbent size: 10
Incumbent size: 11
Incumbent size: 12
Incumbent size: 13
Incumbent size: 14
Incumbent size: 15
Incumbent size: 16
Incumbent size: 17
Incumbent size: 18
Incumbent size: 19
Incumbent size: 20
Incumbent size: 21
Incumbent size: 22
Incumbent size: 23
Incumbent size: 24
Incumbent size: 25
Incumbent size: 26
Incumbent size: 27
Incumbent size: 28
Incumbent size: 29
Incumbent size: 30
Incumbent size: 31
Incumbent size: 32
Incumbent size: 33
Incumbent size: 34
Incumbent size: 35
Solution size 35
(4 -> 22) (5 -> 87) (8 -> 34) (15 -> 52) (17 -> 17) (20 -> 71) (21 -> 14) (25 -> 54) (29 -> 13) (33 -> 9) (38 -> 86) (42 -> 43) (44 -> 4) (48 -> 77) (55 -> 23) (56 -> 85) (57 -> 6) (58 -> 57) (59 -> 7) (64 -> 55) (65 -> 74) (66 -> 31) (67 -> 21) (69 -> 97) (72 -> 8) (73 -> 15) (74 -> 36) (76 -> 53) (78 -> 78) (86 -> 16) (88 -> 12) (91 -> 50) (95 -> 61) (96 -> 59) (98 -> 46) 
Nodes:                      270721800
CPU time (ms):              100000
TIMEOUT
