Incumbent size: 1
Incumbent size: 2
Incumbent size: 3
Incumbent size: 4
Incumbent size: 5
Incumbent size: 6
Incumbent size: 7
Incumbent size: 8
Incumbent size: 9
Incumbent size: 10
Incumbent size: 11
Incumbent size: 12
Incumbent size: 13
Incumbent size: 14
Incumbent size: 15
Incumbent size: 16
Incumbent size: 17
Incumbent size: 18
Incumbent size: 19
Incumbent size: 20
Incumbent size: 21
Incumbent size: 22
Incumbent size: 23
Incumbent size: 24
Incumbent size: 25
Incumbent size: 26
Incumbent size: 27
Incumbent size: 28
Incumbent size: 29
Incumbent size: 30
Incumbent size: 31
Incumbent size: 32
Incumbent size: 33
Incumbent size: 34
Solution size 34
(2 -> 6) (4 -> 68) (5 -> 59) (12 -> 8) (16 -> 16) (17 -> 67) (23 -> 41) (24 -> 49) (26 -> 72) (28 -> 21) (29 -> 33) (30 -> 70) (31 -> 5) (35 -> 55) (37 -> 32) (43 -> 14) (51 -> 4) (52 -> 20) (53 -> 17) (55 -> 82) (57 -> 27) (58 -> 50) (59 -> 40) (62 -> 39) (66 -> 35) (70 -> 2) (71 -> 87) (74 -> 34) (75 -> 13) (78 -> 76) (79 -> 58) (81 -> 28) (86 -> 75) (89 -> 79) 
Nodes:                      358291243
CPU time (ms):              100000
TIMEOUT
