-- worker thread times 0 0 0 0 0 0 0 0 0 0 0 0 0 0 0 0 0 0 0 0 0 0 0 0 0 0 0 0 0 0 0
-- 3 <50
-- worker thread times 0 1 0 0 0 0 0 0 0 0 0 0 0 0 0 0 0 0 0 0 0 0 0 0 0 0 0 0 0 0 0
-- 3 <49
-- worker thread times 2 0 2 1 2 0 1 0 0 0 0 0 0 0 0 0 0 0 1 0 1 0 0 0 0 1 0 0 0 0 0
-- 5 <48
-- worker thread times 5 1 3 1 2 5 3 2 3 3 4 5 0 4 6 1 3 0 3 5 1 2 5 4 1 3 2 2 2 2 3
-- 9 <47
-- worker thread times 12 12 10 15 14 13 17 17 15 15 14 15 19 17 17 16 17 16 17 19 16 16 18 19 15 15 14 17 20 16 17
-- 23 <46
-- worker thread times 71 71 65 65 71 66 68 65 69 70 67 58 69 69 67 69 67 67 69 65 68 68 63 70 69 69 70 65 63 66 72
-- 76 <45
-- worker thread times 226 227 227 222 223 227 217 226 222 221 228 220 225 223 223 220 228 227 218 222 222 225 225 223 220 225 225 222 225 229 226
-- 233 <44
-- worker thread times 677 670 677 679 676 675 678 673 675 675 675 674 675 679 664 670 672 676 671 675 674 674 672 673 675 676 667 674 672 677 681
-- 685 <43
-- worker thread times 1925 1933 1927 1933 1933 1935 1934 1928 1926 1933 1930 1931 1933 1932 1928 1934 1930 1928 1929 1933 1926 1929 1931 1924 1927 1934 1934 1931 1929 1930 1934
-- 1942 <42
-- worker thread times 5313 5312 5310 5311 5313 5305 5313 5312 5317 5313 5314 5310 5307 5314 5306 5317 5315 5314 5313 5314 5310 5308 5307 5308 5315 5318 5311 5315 5312 5314 5314
-- 5325 <41
-- worker thread times 14263 14262 14266 14262 14255 14263 14265 14256 14259 14260 14262 14260 14262 14262 14261 14263 14261 14261 14254 14266 14260 14257 14257 14267 14264 14258 14257 14265 14256 14259 14268
-- 14276 <40
-- worker thread times 36814 36820 36814 36815 36807 36815 36811 36815 36809 36815 36814 36814 36814 36816 36811 36815 36815 36819 36818 36812 36812 36815 36815 36811 36816 36810 36812 36815 36811 36812 36812
-- 36829 <39
-- worker thread times 40584 40583 40583 40582 40583 40581 40583 40583 40580 40582 40582 40583 40582 40583 40583 40584 40583 40580 40582 40583 40580 40583 40583 40584 40582 40582 40583 40582 40583 40583 40583
-- 40587 <38
false 16894576 aborted

100002 3 3 5 9 23 76 233 685 1942 5325 14276 36829 40587
FAIL0=3 FAIL1=3 FAIL10=14276 FAIL11=36829 FAIL12=40587 FAIL2=5 FAIL3=9 FAIL4=23 FAIL5=76 FAIL6=233 FAIL7=685 FAIL8=1942 FAIL9=5325 
