-- worker thread times 0 0 0 0 0 0 0 0 0 0 0 0 0 0 0 0 0 0 0 0 0 0 0 0 0 0 0 0 0 0 0
-- 3 <40
-- worker thread times 0 0 0 0 0 1 0 0 0 0 0 0 0 0 0 0 0 0 0 0 1 1 0 1 0 0 0 0 0 0 0
-- 4 <39
-- worker thread times 2 1 1 3 0 0 2 1 1 3 1 1 0 1 2 0 1 2 1 1 1 1 2 2 2 2 2 1 2 2 3
-- 6 <38
-- worker thread times 14 16 14 15 16 14 15 14 11 16 16 12 16 15 16 9 12 15 16 13 13 8 11 17 15 13 10 10 14 9 17
-- 20 <37
-- worker thread times 52 57 53 50 55 50 53 54 57 56 54 55 57 55 53 55 55 54 53 50 53 53 53 53 51 56 53 55 55 54 55
-- 61 <36
-- worker thread times 185 186 182 184 184 180 181 182 188 182 183 184 185 183 180 183 183 186 186 181 184 179 185 185 179 180 184 181 179 183 188
-- 192 <35
-- worker thread times 522 525 519 519 520 518 520 526 525 523 524 520 526 520 520 524 524 515 525 520 525 519 527 517 522 522 522 522 519 519 522
-- 532 <34
-- worker thread times 1236 1238 1233 1234 1236 1236 1233 1236 1235 1234 1234 1237 1235 1236 1235 1234 1237 1233 1235 1232 1235 1235 1235 1235 1237 1237 1234 1234 1235 1237 1232
-- 1245 <33
-- worker thread times 2627 2628 2624 2625 2629 2627 2625 2628 2630 2628 2625 2628 2629 2629 2629 2625 2628 2627 2627 2627 2632 2624 2628 2632 2632 2627 2628 2625 2628 2632 2632
-- 2639 <32
-- worker thread times 5487 5485 5486 5484 5484 5487 5485 5486 5488 5488 5486 5486 5489 5478 5487 5485 5491 5486 5487 5486 5488 5488 5481 5492 5486 5483 5479 5487 5487 5482 5490
-- 5499 <31
-- worker thread times 10567 10564 10567 10569 10563 10572 10569 10569 10563 10567 10568 10567 10567 10565 10563 10565 10565 10567 10572 10568 10571 10563 10572 10573 10566 10566 10567 10566 10561 10563 10573
-- 10580 <30
-- worker thread times 20842 20838 20843 20841 20841 20841 20844 20846 20847 20845 20842 20840 20842 20846 20838 20848 20846 20842 20841 20841 20842 20848 20840 20845 20845 20844 20846 20842 20842 20845 20846
-- 20857 <29
-- worker thread times 38116 38120 38123 38124 38115 38118 38116 38116 38121 38119 38117 38118 38121 38120 38117 38118 38122 38120 38121 38119 38121 38113 38120 38121 38120 38115 38117 38121 38120 38121 38122
-- 38134 <28
-- worker thread times 20220 20221 20220 20219 20221 20221 20220 20220 20220 20220 20220 20220 20219 20220 20221 20219 20220 20219 20220 20220 20220 20220 20221 20221 20220 20220 20220 20221 20221 20221 20219
-- 20224 <27
false 20950856 aborted

100002 3 4 6 20 61 192 532 1245 2639 5499 10580 20857 38134 20224
FAIL0=3 FAIL1=4 FAIL10=10580 FAIL11=20857 FAIL12=38134 FAIL13=20224 FAIL2=6 FAIL3=20 FAIL4=61 FAIL5=192 FAIL6=532 FAIL7=1245 FAIL8=2639 FAIL9=5499 
