-- worker thread times 0 0 0 0 0 0 0 0 0 0 0 0 0 0 0 0 0 0 0 0 0 0 0 0 0 0 0 0 0 0 0
-- 2 <25
-- worker thread times 1 0 0 0 0 0 0 0 0 0 0 0 0 0 0 0 0 0 0 0 0 0 0 1 0 1 0 0 0 1 0
-- 3 <24
-- worker thread times 3 1 0 1 0 0 2 2 0 1 1 0 0 0 1 0 1 1 1 2 0 0 0 0 1 1 1 0 0 2 2
-- 5 <23
-- worker thread times 8 9 6 4 5 6 7 6 7 6 4 7 6 5 6 4 4 5 8 2 6 5 7 7 6 8 5 3 6 6 7
-- 11 <22
-- worker thread times 30 34 33 30 32 25 31 31 28 29 33 28 27 28 30 30 30 31 25 29 28 27 31 30 32 31 30 32 29 26 27
-- 37 <21
-- worker thread times 121 114 120 113 115 120 119 114 118 118 120 115 118 119 119 115 116 121 116 120 117 119 119 118 115 120 120 122 119 120 120
-- 126 <20
-- worker thread times 456 459 457 457 457 460 458 454 453 457 456 457 454 456 457 459 450 454 456 455 454 449 456 447 452 459 453 456 457 458 455
-- 465 <19
-- worker thread times 1646 1650 1641 1648 1639 1648 1646 1649 1646 1645 1650 1648 1650 1644 1642 1646 1643 1644 1644 1648 1646 1644 1651 1648 1648 1648 1646 1651 1644 1644 1652
-- 1657 <18
-- worker thread times 1927 1926 1926 1926 1928 1927 1927 1927 1928 1926 1926 1927 1926 1924 1922 1923 1928 1925 1927 1927 1927 1923 1927 1923 1927 1926 1925 1927 1927 1927 1928
true 746867
(0 -> -1) (1 -> 6) (2 -> -1) (3 -> 13) (4 -> 20) (5 -> 21) (6 -> 1) (7 -> 2) (8 -> 24) (9 -> 7) (10 -> 14) (11 -> 11) (12 -> 8) (13 -> -1) (14 -> -1) (15 -> 0) (16 -> 12) (17 -> 19) (18 -> -1) (19 -> 15) (20 -> -1) (21 -> -1) (22 -> 23) (23 -> 22) (24 -> -1) 
4240 2 3 5 11 37 126 465 1657 1930
EXCEPT=8 FAIL0=2 FAIL1=3 FAIL2=5 FAIL3=11 FAIL4=37 FAIL5=126 FAIL6=465 FAIL7=1657 SIZE=17 
