-- worker thread times 0 0 0 0 0 0 0 0 0 0 0 0 0 0 0 0 0 0 0 0 0 0 0 0 0 0 0 0 0 0 0
-- 2 <25
-- worker thread times 0 0 0 0 0 0 0 0 0 0 0 0 0 0 0 0 0 1 0 0 0 0 0 0 0 1 0 0 0 0 0
-- 3 <24
-- worker thread times 2 0 0 0 1 1 0 2 1 1 2 1 1 1 0 0 1 1 1 1 0 0 0 0 0 2 0 1 2 0 0
-- 5 <23
-- worker thread times 7 9 5 7 7 7 6 8 5 4 8 6 4 10 7 7 6 4 9 8 5 7 9 9 4 5 6 6 8 9 8
-- 13 <22
-- worker thread times 42 41 39 44 43 42 40 44 46 41 45 41 45 39 42 44 42 40 43 44 43 42 38 41 44 40 40 39 43 45 38
-- 49 <21
-- worker thread times 179 182 179 182 181 174 176 179 181 180 178 180 180 182 175 174 178 177 181 176 178 182 179 177 181 180 184 178 181 180 184
-- 188 <20
-- worker thread times 644 639 644 646 639 641 646 645 641 643 639 647 643 645 645 639 640 646 641 639 645 639 644 647 645 635 641 642 648 646 639
-- 653 <19
-- worker thread times 2076 2072 2069 2072 2074 2074 2074 2066 2071 2074 2075 2065 2069 2069 2069 2072 2069 2068 2071 2068 2073 2070 2072 2074 2074 2071 2070 2072 2068 2074 2078
-- 2083 <18
-- worker thread times 7039 7041 7039 7041 7036 7041 7040 7041 7040 7036 7038 7042 7040 7038 7039 7039 7041 7040 7043 7041 7042 7039 7038 7037 7038 7037 7042 7038 7037 7040 7039
true 1711434
(0 -> 21) (1 -> 9) (2 -> -1) (3 -> 5) (4 -> 11) (5 -> 6) (6 -> 16) (7 -> 18) (8 -> 17) (9 -> 14) (10 -> -1) (11 -> 8) (12 -> 1) (13 -> -1) (14 -> 4) (15 -> 23) (16 -> -1) (17 -> 3) (18 -> -1) (19 -> -1) (20 -> -1) (21 -> 15) (22 -> 24) (23 -> -1) (24 -> 10) 
10047 2 3 5 13 49 188 653 2083 7048
EXCEPT=8 FAIL0=2 FAIL1=3 FAIL2=5 FAIL3=13 FAIL4=49 FAIL5=188 FAIL6=653 FAIL7=2083 SIZE=17 
