-- worker thread times 0 0 0 0 0 0 0 0 0 0 0 0 0 0 0 0 0 0 0 0 0 0 0 0 0 0 0 0 0 0 0
-- 3 <50
-- worker thread times 0 0 0 0 0 0 0 0 0 0 0 0 0 0 0 1 0 1 0 0 1 1 0 0 1 0 0 0 0 0 0
-- 4 <49
-- worker thread times 3 1 1 0 0 0 3 0 0 2 1 0 0 3 1 2 0 1 0 0 1 2 1 0 0 1 2 1 3 1 2
-- 6 <48
-- worker thread times 10 9 10 6 12 9 9 13 11 11 12 13 8 13 11 10 10 11 6 14 10 11 8 11 11 11 10 11 9 14 14
-- 17 <47
-- worker thread times 85 85 86 88 87 84 91 89 89 90 86 84 84 86 87 86 86 88 85 87 86 89 84 87 89 88 87 84 89 85 91
-- 95 <46
-- worker thread times 586 579 580 581 580 580 580 582 578 583 579 583 577 580 584 580 576 579 583 584 578 577 580 583 582 578 583 578 586 577 582
-- 589 <45
-- worker thread times 4131 4130 4127 4126 4127 4128 4126 4125 4129 4126 4129 4128 4126 4130 4131 4131 4126 4129 4126 4126 4120 4126 4126 4128 4130 4125 4129 4130 4129 4130 4134
-- 4139 <44
-- worker thread times 29335 29337 29337 29332 29338 29336 29339 29337 29333 29338 29330 29332 29335 29334 29327 29333 29332 29329 29332 29336 29337 29340 29336 29332 29333 29335 29333 29340 29335 29336 29341
-- 29347 <43
-- worker thread times 65795 65790 65795 65795 65792 65794 65795 65794 65795 65795 65795 65793 65795 65792 65795 65794 65792 65794 65794 65794 65795 65795 65794 65795 65793 65794 65795 65791 65794 65795 65796
-- 65799 <42
false 15927223 aborted

100002 3 4 6 17 95 589 4139 29347 65799
FAIL0=3 FAIL1=4 FAIL2=6 FAIL3=17 FAIL4=95 FAIL5=589 FAIL6=4139 FAIL7=29347 FAIL8=65799 
