-- worker thread times 0 0 0 0 0 0 0 0 0 0 0 0 0 0 0 0 0 0 0 0 0 0 0 0 0 0 0 0 0 0 0
-- 3 <35
-- worker thread times 0 0 0 0 0 0 0 0 0 0 0 0 0 0 0 0 0 0 0 0 0 0 0 0 0 0 0 0 0 0 0
-- 3 <34
-- worker thread times 2 1 1 0 0 1 0 0 0 1 0 0 0 0 0 0 1 0 1 0 1 1 0 1 0 0 0 0 0 0 0
-- 5 <33
-- worker thread times 6 2 6 5 3 4 5 1 3 1 4 2 2 4 5 2 4 4 4 5 5 2 6 3 4 4 2 2 6 6 3
-- 9 <32
-- worker thread times 22 21 19 15 20 18 19 20 20 20 13 20 14 20 19 19 17 16 16 20 18 15 18 19 19 21 19 17 16 17 18
-- 25 <31
-- worker thread times 88 89 87 90 85 91 88 92 85 88 90 84 91 89 83 92 88 85 93 91 88 89 90 87 91 91 87 88 87 88 84
-- 96 <30
-- worker thread times 283 285 281 283 282 282 284 283 280 282 281 284 279 284 285 276 283 283 282 281 281 282 283 286 283 277 279 280 281 281 283
-- 292 <29
-- worker thread times 831 835 826 833 829 828 832 829 834 831 826 829 826 832 830 831 822 833 829 832 831 836 833 831 837 830 830 826 828 835 837
-- 842 <28
-- worker thread times 2070 2067 2063 2066 2069 2064 2063 2069 2064 2066 2069 2065 2069 2060 2066 2063 2063 2066 2061 2071 2067 2065 2063 2068 2066 2068 2065 2070 2065 2071 2068
-- 2079 <27
-- worker thread times 4591 4593 4592 4591 4589 4585 4596 4589 4591 4583 4593 4587 4597 4588 4587 4589 4595 4591 4585 4589 4595 4590 4587 4588 4591 4581 4590 4591 4587 4595 4598
-- 4605 <26
-- worker thread times 9474 9473 9470 9472 9479 9474 9473 9483 9476 9472 9479 9476 9477 9477 9475 9476 9479 9469 9474 9475 9475 9476 9479 9477 9476 9480 9480 9476 9473 9485 9483
-- 9492 <25
-- worker thread times 18884 18894 18889 18891 18888 18887 18878 18888 18883 18888 18895 18892 18892 18888 18889 18895 18891 18895 18889 18888 18895 18889 18897 18894 18892 18889 18893 18886 18889 18881 18891
-- 18907 <24
-- worker thread times 36434 36448 36437 36442 36440 36439 36437 36436 36430 36439 36444 36437 36438 36430 36434 36443 36433 36434 36432 36439 36441 36438 36430 36434 36438 36440 36438 36436 36433 36432 36432
-- 36455 <23
-- worker thread times 27180 27179 27180 27180 27180 27180 27170 27179 27178 27179 27179 27179 27180 27179 27176 27179 27180 27179 27176 27180 27177 27180 27180 27177 27176 27177 27175 27176 27179 27181 27178
-- 27184 <22
false 18578505 aborted

100002 3 3 5 9 25 96 292 842 2079 4605 9492 18907 36455 27184
FAIL0=3 FAIL1=3 FAIL10=9492 FAIL11=18907 FAIL12=36455 FAIL13=27184 FAIL2=5 FAIL3=9 FAIL4=25 FAIL5=96 FAIL6=292 FAIL7=842 FAIL8=2079 FAIL9=4605 
