-- worker thread times 0 0 0 0 0 0 0 0 0 0 0 0 0 0 0 0 0 0 0 0 0 0 0 0 0 0 0 0 0 0 0
-- 3 <40
-- worker thread times 0 0 0 0 0 0 0 0 0 0 0 0 0 0 0 0 0 0 0 0 0 0 0 0 0 0 0 0 0 0 0
-- 3 <39
-- worker thread times 2 1 2 2 1 2 1 1 1 0 0 0 1 1 2 0 2 3 2 1 2 1 2 1 1 1 2 0 2 1 3
-- 6 <38
-- worker thread times 12 10 6 11 10 9 11 9 9 7 8 11 9 11 7 11 10 9 8 10 12 10 10 10 10 7 8 10 10 9 9
-- 15 <37
-- worker thread times 60 58 57 59 56 61 54 58 56 53 59 60 56 58 56 60 55 52 57 59 58 56 57 59 56 51 56 54 58 55 56
-- 64 <36
-- worker thread times 296 302 294 299 295 295 299 298 297 299 297 294 292 296 293 292 294 296 296 297 297 292 301 301 298 295 297 301 294 301 298
-- 305 <35
-- worker thread times 1222 1224 1223 1221 1223 1227 1221 1226 1222 1222 1224 1222 1228 1223 1221 1226 1221 1221 1219 1224 1222 1218 1225 1227 1218 1222 1225 1220 1224 1222 1217
-- 1232 <34
-- worker thread times 5420 5417 5417 5415 5416 5418 5421 5421 5418 5424 5426 5421 5422 5423 5424 5423 5423 5420 5418 5419 5415 5417 5416 5423 5421 5419 5423 5424 5422 5420 5421
-- 5431 <33
-- worker thread times 22161 22152 22155 22156 22157 22157 22151 22153 22156 22155 22154 22160 22158 22156 22158 22159 22162 22160 22155 22158 22155 22157 22146 22151 22157 22160 22154 22157 22154 22153 22157
-- 22167 <32
-- worker thread times 70763 70765 70766 70764 70766 70766 70765 70767 70767 70766 70765 70766 70763 70765 70765 70762 70767 70766 70766 70764 70765 70764 70762 70763 70765 70766 70766 70765 70764 70765 70763
-- 70771 <31
false 17545944 aborted

100002 3 3 6 15 64 305 1232 5431 22167 70771
FAIL0=3 FAIL1=3 FAIL2=6 FAIL3=15 FAIL4=64 FAIL5=305 FAIL6=1232 FAIL7=5431 FAIL8=22167 FAIL9=70771 
