-- worker thread times 0 0 0 0 0 0 0 0 0 0 0 0 0 0 0 0 0 0 0 0 0 0 0 0 0 0 0 0 0 0 0
-- 3 <40
-- worker thread times 0 0 0 0 0 0 0 0 0 0 0 0 0 0 0 0 0 0 0 1 0 0 0 0 0 0 0 0 0 0 1
-- 4 <39
-- worker thread times 3 0 3 3 3 4 1 1 2 0 1 0 3 3 4 4 4 1 3 2 1 4 1 1 1 2 2 0 0 3 4
-- 7 <38
-- worker thread times 11 13 17 12 15 14 11 13 16 14 16 12 14 14 15 14 12 15 12 15 13 16 13 13 14 13 13 16 12 14 13
-- 20 <37
-- worker thread times 69 70 72 68 67 67 69 69 71 71 66 71 65 64 69 71 68 64 64 69 67 69 69 64 67 67 69 71 66 70 66
-- 75 <36
-- worker thread times 321 320 310 318 316 315 317 318 318 318 312 316 317 319 318 321 314 317 317 315 318 314 319 315 319 317 315 319 313 322 315
-- 324 <35
-- worker thread times 1192 1192 1189 1186 1185 1191 1193 1189 1194 1193 1187 1189 1188 1187 1186 1187 1188 1191 1191 1188 1189 1187 1189 1193 1189 1188 1187 1190 1189 1191 1190
-- 1198 <34
-- worker thread times 4788 4788 4791 4788 4790 4789 4787 4787 4790 4791 4784 4788 4785 4789 4790 4791 4785 4790 4793 4792 4785 4790 4784 4788 4789 4789 4788 4791 4785 4789 4790
-- 4798 <33
-- worker thread times 18695 18695 18693 18688 18696 18694 18688 18692 18698 18696 18693 18693 18694 18693 18692 18687 18695 18692 18700 18695 18693 18691 18692 18692 18693 18696 18692 18693 18693 18700 18693
-- 18705 <32
-- worker thread times 74858 74857 74852 74854 74856 74856 74856 74851 74853 74858 74858 74856 74859 74856 74855 74858 74851 74858 74856 74859 74858 74858 74858 74858 74858 74856 74856 74849 74852 74858 74856
-- 74863 <31
false 16626552 aborted

100002 3 4 7 20 75 324 1198 4798 18705 74863
FAIL0=3 FAIL1=4 FAIL2=7 FAIL3=20 FAIL4=75 FAIL5=324 FAIL6=1198 FAIL7=4798 FAIL8=18705 FAIL9=74863 
