-- worker thread times 0 0 0 0 0 0 0 0 0 0 0 0 0 0 0 0 0 0 0 0 0 0 0 0 0 0 0 0 0 0 0
-- 2 <25
-- worker thread times 0 0 0 0 0 0 0 0 0 0 0 0 0 0 0 0 0 0 0 0 0 0 0 0 0 0 0 0 0 0 0
-- 2 <24
-- worker thread times 1 0 0 0 0 0 1 0 0 0 0 0 1 1 1 0 0 0 1 0 0 1 0 0 0 0 0 0 0 0 1
-- 4 <23
-- worker thread times 5 4 7 4 5 6 4 2 4 6 5 4 4 4 3 5 6 5 3 1 3 5 2 1 5 5 2 1 4 3 7
-- 10 <22
-- worker thread times 36 34 36 33 36 39 36 38 36 40 37 36 35 36 39 35 32 37 37 34 36 39 35 40 38 36 39 33 36 36 39
-- 43 <21
-- worker thread times 187 178 181 180 183 181 181 182 180 177 184 181 183 183 183 183 184 186 183 184 181 184 182 183 183 179 183 183 183 179 182
-- 191 <20
-- worker thread times 802 797 799 794 794 797 796 793 794 793 798 797 798 797 801 796 795 794 796 799 793 798 796 797 800 795 797 792 793 795 795
-- 806 <19
-- worker thread times 3036 3035 3026 3037 3032 3034 3034 3031 3035 3029 3029 3034 3028 3035 3034 3027 3037 3035 3030 3034 3032 3032 3035 3035 3035 3029 3036 3031 3031 3032 3035
-- 3043 <18
-- worker thread times 10584 10583 10576 10583 10588 10582 10584 10582 10585 10585 10582 10585 10587 10573 10588 10585 10584 10582 10586 10585 10588 10585 10581 10580 10586 10584 10586 10587 10580 10586 10588
-- 10594 <17
-- worker thread times 35 36 35 35 35 36 35 36 35 34 36 36 35 35 35 35 35 35 35 36 35 35 35 35 34 35 35 35 34 35 35
true 2517204
(0 -> 13) (1 -> 12) (2 -> -1) (3 -> 23) (4 -> 11) (5 -> -1) (6 -> 21) (7 -> -1) (8 -> 8) (9 -> -1) (10 -> -1) (11 -> -1) (12 -> 2) (13 -> 1) (14 -> 6) (15 -> 9) (16 -> -1) (17 -> 4) (18 -> -1) (19 -> 24) (20 -> -1) (21 -> 16) (22 -> 3) (23 -> 18) (24 -> 19) 
14739 2 2 4 10 43 191 806 3043 10594 38
EXCEPT=9 FAIL0=2 FAIL1=2 FAIL2=4 FAIL3=10 FAIL4=43 FAIL5=191 FAIL6=806 FAIL7=3043 FAIL8=10594 SIZE=16 
