-- worker thread times 0 0 0 0 0 0 0 0 0 0 0 0 0 0 0 0 0 0 0 0 0 0 0 0 0 0 0 0 0 0 0
-- 2 <25
-- worker thread times 1 0 0 0 0 0 0 0 0 0 0 0 0 0 0 0 0 0 0 0 0 0 0 0 0 0 0 0 0 0 0
-- 3 <24
-- worker thread times 3 0 2 1 2 2 1 0 0 0 1 0 1 0 1 0 1 1 1 1 0 1 0 1 0 0 2 1 2 0 1
-- 5 <23
-- worker thread times 4 9 4 7 8 6 7 9 5 4 7 5 6 7 3 7 6 6 5 6 9 8 4 8 7 6 8 6 4 8 7
-- 12 <22
-- worker thread times 25 25 27 23 27 29 27 27 28 26 20 30 30 28 28 27 27 27 29 30 26 25 27 28 26 30 27 26 27 29 30
-- 34 <21
-- worker thread times 95 94 91 95 97 95 96 95 97 95 98 96 95 92 91 92 96 97 91 94 97 96 91 94 100 98 94 95 94 93 92
-- 102 <20
-- worker thread times 299 301 301 302 300 296 298 301 304 301 298 300 300 301 301 301 298 304 303 301 297 301 303 298 300 299 299 300 296 299 305
-- 309 <19
-- worker thread times 858 857 859 861 859 857 857 861 857 858 859 861 851 862 859 860 860 851 853 855 855 855 859 860 857 858 860 856 861 856 864
-- 868 <18
-- worker thread times 2461 2454 2455 2452 2452 2455 2459 2457 2461 2454 2459 2459 2459 2454 2450 2453 2446 2450 2456 2452 2460 2456 2452 2454 2454 2453 2448 2453 2456 2459 2456
-- 2466 <17
-- worker thread times 1422 1424 1424 1422 1423 1423 1424 1419 1423 1422 1422 1423 1423 1423 1423 1422 1423 1422 1423 1424 1422 1423 1424 1424 1418 1423 1423 1423 1423 1423 1423
true 901528
(0 -> 11) (1 -> -1) (2 -> -1) (3 -> 15) (4 -> 22) (5 -> 16) (6 -> -1) (7 -> 5) (8 -> 6) (9 -> -1) (10 -> 3) (11 -> 7) (12 -> 18) (13 -> -1) (14 -> 14) (15 -> -1) (16 -> 2) (17 -> -1) (18 -> 13) (19 -> 23) (20 -> 8) (21 -> -1) (22 -> 12) (23 -> -1) (24 -> 9) 
5233 2 3 5 12 34 102 309 868 2466 1427
EXCEPT=9 FAIL0=2 FAIL1=3 FAIL2=5 FAIL3=12 FAIL4=34 FAIL5=102 FAIL6=309 FAIL7=868 FAIL8=2466 SIZE=16 
