-- worker thread times 0 0 0 0 0 0 0 0 0 0 0 0 0 0 0 0 0 0 0 0 0 0 0 0 0 0 0 0 0 0 0
-- 2 <25
-- worker thread times 0 0 0 0 0 0 0 0 0 0 0 0 0 0 0 0 0 0 0 0 0 0 0 0 0 0 0 0 0 0 0
-- 2 <24
-- worker thread times 0 0 0 1 0 0 1 0 0 0 0 1 0 1 0 0 0 0 0 0 1 1 1 0 0 0 0 1 0 0 0
-- 4 <23
-- worker thread times 4 2 3 2 4 4 2 1 2 2 3 3 0 1 2 3 0 1 1 0 4 3 3 2 1 3 0 4 4 1 0
-- 6 <22
-- worker thread times 19 15 17 16 15 10 15 13 16 14 17 17 16 13 16 17 16 18 16 14 17 19 16 17 19 18 19 18 18 19 17
-- 22 <21
-- worker thread times 94 98 93 98 99 99 91 87 94 94 96 96 96 97 95 95 99 97 99 98 93 97 96 96 92 99 95 98 94 97 94
-- 103 <20
-- worker thread times 430 432 427 432 430 432 427 430 424 431 430 425 430 431 432 430 426 430 429 430 425 431 427 432 432 430 432 427 430 427 427
-- 438 <19
-- worker thread times 1626 1634 1629 1640 1638 1636 1638 1637 1638 1636 1637 1635 1637 1633 1637 1631 1635 1633 1639 1640 1633 1636 1637 1638 1640 1640 1630 1637 1638 1636 1637
-- 1646 <18
-- worker thread times 2783 2787 2784 2785 2787 2788 2786 2787 2787 2789 2785 2788 2785 2786 2787 2787 2787 2788 2787 2783 2782 2785 2788 2787 2787 2787 2788 2788 2786 2788 2788
true 930183
(0 -> 24) (1 -> 17) (2 -> 9) (3 -> 2) (4 -> 13) (5 -> 21) (6 -> 16) (7 -> 12) (8 -> -1) (9 -> -1) (10 -> 22) (11 -> 6) (12 -> -1) (13 -> 3) (14 -> -1) (15 -> -1) (16 -> -1) (17 -> 19) (18 -> 20) (19 -> 10) (20 -> 18) (21 -> 15) (22 -> -1) (23 -> 0) (24 -> -1) 
5021 2 2 4 6 22 103 438 1646 2791
EXCEPT=8 FAIL0=2 FAIL1=2 FAIL2=4 FAIL3=6 FAIL4=22 FAIL5=103 FAIL6=438 FAIL7=1646 SIZE=17 
