-- worker thread times 0 0 0 0 0 0 0 0 0 0 0 0 0 0 0 0 0 0 0 0 0 0 0 0 0 0 0 0 0 0 0
-- 2 <30
-- worker thread times 0 0 0 0 0 0 0 0 1 1 0 0 0 1 0 1 0 0 0 0 0 0 0 1 0 1 0 0 0 0 0
-- 4 <29
-- worker thread times 1 1 3 1 2 2 0 2 2 1 1 1 3 2 1 1 1 1 1 2 2 2 1 2 2 1 1 1 1 1 0
-- 6 <28
-- worker thread times 4 5 7 7 6 6 6 9 8 7 7 6 5 5 7 8 7 10 7 3 9 7 7 6 7 9 5 8 7 5 7
-- 12 <27
-- worker thread times 31 26 32 35 29 27 31 30 28 25 25 29 31 32 32 31 32 28 33 32 29 29 26 30 32 34 25 33 31 31 34
-- 38 <26
-- worker thread times 116 113 120 118 115 117 113 113 110 116 114 111 118 117 109 117 113 107 116 119 109 116 117 113 116 117 115 114 117 116 117
-- 124 <25
-- worker thread times 398 391 390 394 386 389 394 389 388 391 393 396 392 391 389 391 389 394 390 395 395 395 390 391 390 392 394 394 393 390 392
-- 401 <24
-- worker thread times 1219 1219 1218 1221 1217 1220 1216 1218 1218 1219 1217 1217 1218 1216 1214 1217 1221 1218 1221 1218 1218 1217 1220 1218 1218 1218 1218 1215 1215 1220 1215
-- 1228 <23
-- worker thread times 3705 3705 3702 3706 3702 3709 3699 3704 3706 3702 3703 3701 3707 3705 3701 3705 3700 3709 3700 3704 3704 3706 3703 3700 3705 3703 3703 3703 3704 3699 3705
-- 3714 <22
-- worker thread times 11610 11613 11610 11605 11610 11610 11609 11608 11606 11610 11610 11608 11612 11608 11605 11601 11607 11601 11610 11610 11611 11607 11609 11607 11608 11600 11611 11611 11607 11612 11607
-- 11620 <21
-- worker thread times 35146 35145 35141 35142 35149 35153 35143 35146 35151 35145 35148 35143 35148 35146 35145 35148 35142 35152 35147 35148 35138 35148 35146 35148 35149 35145 35140 35151 35145 35144 35148
-- 35160 <20
-- worker thread times 47683 47682 47682 47681 47680 47679 47681 47679 47679 47680 47681 47682 47680 47681 47683 47681 47681 47682 47681 47683 47682 47681 47682 47681 47682 47682 47682 47682 47681 47682 47681
-- 47686 <19
false 19034192 aborted

100002 2 4 6 12 38 124 401 1228 3714 11620 35160 47686
FAIL0=2 FAIL1=4 FAIL10=35160 FAIL11=47686 FAIL2=6 FAIL3=12 FAIL4=38 FAIL5=124 FAIL6=401 FAIL7=1228 FAIL8=3714 FAIL9=11620 
