-- worker thread times 0 0 0 0 0 0 1 0 0 0 0 1 0 0 0 1 0 0 0 0 1 0 0 1 0 0 0 1 0 1 0
-- 4 <40
-- worker thread times 1 0 0 0 0 0 0 0 0 0 0 0 0 0 0 0 0 0 0 0 0 0 0 0 0 0 1 0 0 0 0
-- 4 <39
-- worker thread times 3 1 3 3 1 2 1 2 1 2 3 0 2 3 1 1 0 1 1 1 2 1 2 1 3 1 1 0 1 1 0
-- 6 <38
-- worker thread times 13 15 14 14 14 14 13 17 13 16 15 16 10 11 15 13 13 15 13 13 11 17 14 17 16 13 14 16 15 15 17
-- 20 <37
-- worker thread times 113 111 112 111 110 108 112 112 109 111 108 107 109 112 112 107 113 111 107 114 104 109 110 107 107 108 106 108 108 109 112
-- 117 <36
-- worker thread times 652 647 652 653 648 649 650 646 649 651 652 650 649 653 649 652 648 653 654 650 652 655 652 655 650 648 654 654 656 655 649
-- 660 <35
-- worker thread times 4225 4217 4225 4221 4217 4216 4221 4221 4215 4218 4223 4222 4219 4222 4222 4224 4218 4219 4217 4224 4215 4221 4218 4218 4221 4219 4214 4220 4217 4217 4216
-- 4229 <34
-- worker thread times 25584 25588 25574 25585 25576 25584 25577 25574 25582 25571 25570 25573 25572 25572 25573 25572 25574 25577 25578 25580 25575 25580 25569 25574 25574 25567 25578 25572 25578 25571 25578
-- 25591 <33
-- worker thread times 69363 69363 69363 69363 69362 69364 69362 69363 69362 69362 69363 69362 69363 69362 69362 69363 69364 69362 69363 69363 69363 69363 69365 69363 69362 69363 69364 69361 69361 69363 69360
-- 69368 <32
false 21278832 aborted

100002 4 4 6 20 117 660 4229 25591 69368
FAIL0=4 FAIL1=4 FAIL2=6 FAIL3=20 FAIL4=117 FAIL5=660 FAIL6=4229 FAIL7=25591 FAIL8=69368 
