-- worker thread times 0 0 0 0 0 0 0 0 0 0 0 0 0 0 0 0 0 0 0 0 0 0 0 0 0 0 0 0 0 0 0
-- 2 <25
-- worker thread times 1 0 0 0 0 0 0 0 0 1 0 0 0 0 1 0 0 0 0 1 0 0 0 0 0 1 1 0 1 0 0
-- 4 <24
-- worker thread times 2 0 1 1 1 1 3 0 1 0 3 1 2 0 0 3 2 1 1 1 1 1 2 3 1 3 3 2 1 1 2
-- 5 <23
-- worker thread times 13 11 13 13 5 9 12 10 10 10 8 8 10 10 12 13 9 10 13 12 13 11 6 13 10 9 8 9 12 10 11
-- 16 <22
-- worker thread times 57 66 60 59 64 63 61 60 61 61 62 59 65 64 62 61 60 64 61 60 63 63 58 58 61 63 62 58 63 65 65
-- 69 <21
-- worker thread times 271 274 269 273 271 273 272 271 274 272 274 270 274 271 276 276 270 274 273 262 270 266 272 268 269 273 273 272 276 275 276
-- 281 <20
-- worker thread times 1082 1078 1076 1073 1081 1082 1074 1077 1076 1074 1078 1076 1078 1076 1072 1076 1073 1077 1080 1079 1072 1077 1072 1078 1077 1079 1077 1079 1078 1072 1077
-- 1087 <19
-- worker thread times 4556 4556 4556 4548 4550 4550 4547 4555 4551 4550 4548 4548 4550 4548 4550 4546 4551 4556 4549 4546 4553 4552 4554 4551 4554 4553 4550 4549 4551 4557 4556
-- 4564 <18
-- worker thread times 369 369 369 369 367 369 369 369 368 369 369 369 368 369 369 369 369 368 368 369 368 368 368 368 368 369 368 368 369 369 368
true 1033102
(0 -> 5) (1 -> 6) (2 -> 22) (3 -> -1) (4 -> -1) (5 -> 17) (6 -> 12) (7 -> 21) (8 -> 3) (9 -> -1) (10 -> 14) (11 -> 4) (12 -> 11) (13 -> -1) (14 -> 8) (15 -> -1) (16 -> -1) (17 -> -1) (18 -> 9) (19 -> 18) (20 -> 7) (21 -> 20) (22 -> 16) (23 -> -1) (24 -> 13) 
6402 2 4 5 16 69 281 1087 4564 372
EXCEPT=8 FAIL0=2 FAIL1=4 FAIL2=5 FAIL3=16 FAIL4=69 FAIL5=281 FAIL6=1087 FAIL7=4564 SIZE=17 
