-- worker thread times 0 0 0 0 0 0 0 0 0 0 0 0 0 0 0 0 0 0 0 0 0 0 0 0 0 0 0 0 0 0 0
-- 3 <50
-- worker thread times 0 0 0 0 0 0 0 0 0 0 0 0 0 0 0 0 0 0 0 0 0 0 0 0 0 0 0 0 0 0 0
-- 3 <49
-- worker thread times 2 1 2 0 2 2 2 1 2 1 1 2 0 0 2 0 0 2 2 1 0 1 1 0 2 0 0 3 0 1 3
-- 6 <48
-- worker thread times 8 13 11 12 10 10 10 10 8 9 11 11 8 8 12 13 10 7 11 6 13 12 11 13 10 14 10 13 11 9 14
-- 17 <47
-- worker thread times 71 70 62 71 67 70 67 68 70 64 70 67 66 65 71 66 71 71 69 67 71 67 70 71 68 63 68 66 73 66 66
-- 77 <46
-- worker thread times 328 319 318 326 319 319 316 324 326 324 325 325 321 316 322 326 327 323 319 323 322 323 321 323 322 320 323 319 325 321 323
-- 331 <45
-- worker thread times 1441 1443 1435 1440 1437 1442 1439 1443 1443 1439 1437 1443 1440 1440 1440 1439 1440 1440 1435 1441 1442 1440 1434 1441 1440 1439 1442 1436 1439 1439 1444
-- 1450 <44
-- worker thread times 6821 6830 6825 6822 6825 6822 6821 6820 6821 6820 6825 6821 6822 6822 6819 6818 6818 6820 6820 6820 6821 6820 6826 6825 6821 6820 6821 6821 6824 6824 6825
-- 6833 <43
-- worker thread times 23754 23749 23745 23749 23746 23749 23749 23746 23750 23743 23748 23749 23749 23746 23745 23745 23746 23744 23747 23749 23749 23745 23748 23751 23752 23755 23746 23747 23746 23749 23755
-- 23760 <42
-- worker thread times 67511 67511 67512 67512 67510 67513 67511 67511 67508 67512 67510 67509 67511 67511 67510 67513 67512 67514 67513 67513 67513 67511 67513 67513 67511 67509 67512 67513 67513 67512 67512
-- 67518 <41
false 16783189 aborted

100002 3 3 6 17 77 331 1450 6833 23760 67518
FAIL0=3 FAIL1=3 FAIL2=6 FAIL3=17 FAIL4=77 FAIL5=331 FAIL6=1450 FAIL7=6833 FAIL8=23760 FAIL9=67518 
