-- worker thread times 0 0 0 0 0 0 0 0 0 0 0 0 0 0 0 0 0 0 0 0 0 0 0 0 0 0 0 0 0 0 0
-- 2 <30
-- worker thread times 0 0 0 1 0 0 0 0 0 0 0 0 0 0 0 0 0 0 0 0 0 0 0 0 0 0 0 1 0 1 1
-- 4 <29
-- worker thread times 3 1 2 1 1 0 2 2 3 2 4 0 3 1 1 2 2 1 1 4 3 2 1 2 3 1 3 1 2 4 4
-- 7 <28
-- worker thread times 12 10 9 11 10 11 8 9 10 9 11 7 9 8 8 10 6 8 10 7 6 10 7 10 9 12 7 5 10 9 7
-- 15 <27
-- worker thread times 44 40 42 44 44 37 41 41 41 40 43 43 38 41 42 38 44 43 45 40 41 41 44 42 41 45 41 42 42 39 42
-- 49 <26
-- worker thread times 157 157 158 154 159 151 154 159 157 156 157 161 160 153 161 159 158 158 159 157 157 160 158 159 157 156 158 160 163 158 158
-- 167 <25
-- worker thread times 715 724 724 719 715 719 721 724 721 725 720 718 720 719 717 712 718 723 727 723 725 721 720 719 715 725 721 717 720 723 730
-- 733 <24
-- worker thread times 3084 3083 3081 3096 3087 3091 3083 3087 3091 3087 3093 3093 3091 3086 3088 3089 3084 3092 3093 3095 3096 3084 3091 3091 3088 3095 3082 3084 3091 3087 3091
-- 3102 <23
-- worker thread times 13429 13422 13424 13422 13407 13420 13420 13422 13420 13416 13423 13426 13417 13414 13416 13423 13419 13419 13420 13415 13409 13409 13408 13428 13414 13415 13412 13411 13418 13430 13417
-- 13435 <22
-- worker thread times 7579 7578 7573 7579 7578 7578 7578 7576 7574 7578 7577 7577 7575 7575 7578 7578 7577 7575 7577 7577 7577 7578 7578 7576 7573 7578 7577 7578 7578 7578 7576
true 4242802
(0 -> 22) (1 -> 5) (2 -> 2) (3 -> 15) (4 -> -1) (5 -> -1) (6 -> -1) (7 -> 16) (8 -> -1) (9 -> 1) (10 -> 20) (11 -> 8) (12 -> 13) (13 -> -1) (14 -> 3) (15 -> 24) (16 -> -1) (17 -> 21) (18 -> 25) (19 -> 28) (20 -> 14) (21 -> 10) (22 -> 27) (23 -> 26) (24 -> 9) (25 -> 23) (26 -> -1) (27 -> -1) (28 -> 19) (29 -> -1) 
25101 2 4 7 15 49 167 733 3102 13435 7582
EXCEPT=9 FAIL0=2 FAIL1=4 FAIL2=7 FAIL3=15 FAIL4=49 FAIL5=167 FAIL6=733 FAIL7=3102 FAIL8=13435 SIZE=21 
