-- worker thread times 0 0 0 0 0 0 0 0 0 0 0 0 0 0 0 0 0 0 0 0 0 0 0 0 0 0 0 0 0 0 0
-- 3 <25
-- worker thread times 1 0 0 0 1 0 0 0 0 1 1 0 0 0 0 0 0 0 0 0 0 1 0 1 0 0 1 0 1 0 0
-- 3 <24
-- worker thread times 0 2 0 0 0 1 1 0 0 0 0 0 0 0 2 0 0 0 0 0 1 0 2 1 1 0 2 2 0 1 0
-- 4 <23
-- worker thread times 5 3 5 5 3 6 3 4 6 3 4 3 5 3 3 5 3 3 6 4 1 4 2 4 4 6 2 5 3 2 6
-- 9 <22
-- worker thread times 17 16 14 17 16 13 16 15 16 15 16 19 15 15 13 19 15 13 18 17 14 15 15 18 17 15 18 19 15 16 19
-- 22 <21
-- worker thread times 59 56 55 59 56 52 59 59 55 57 58 59 56 56 50 56 54 56 55 56 58 58 55 54 58 57 59 61 56 56 57
-- 63 <20
-- worker thread times 184 183 175 180 183 182 180 184 178 180 179 178 180 184 181 182 177 179 175 180 179 181 180 179 179 177 177 177 180 179 183
-- 189 <19
-- worker thread times 581 582 580 580 578 584 573 583 582 576 578 573 584 581 579 577 578 579 575 578 579 574 580 576 575 579 579 583 582 579 586
-- 589 <18
-- worker thread times 1776 1775 1776 1774 1772 1775 1772 1768 1774 1771 1768 1773 1772 1770 1774 1769 1767 1771 1777 1772 1775 1775 1773 1765 1773 1775 1772 1777 1773 1773 1775
-- 1784 <17
-- worker thread times 1625 1623 1620 1624 1623 1621 1624 1623 1622 1624 1622 1622 1623 1622 1622 1622 1623 1623 1624 1623 1624 1622 1619 1620 1623 1620 1623 1623 1622 1623 1624
true 797735
(0 -> 14) (1 -> 24) (2 -> 5) (3 -> -1) (4 -> 16) (5 -> 23) (6 -> -1) (7 -> 2) (8 -> -1) (9 -> 13) (10 -> 10) (11 -> 11) (12 -> -1) (13 -> -1) (14 -> -1) (15 -> 9) (16 -> 7) (17 -> 22) (18 -> -1) (19 -> -1) (20 -> 6) (21 -> 19) (22 -> 17) (23 -> 18) (24 -> -1) 
4298 3 3 4 9 22 63 189 589 1784 1627
EXCEPT=9 FAIL0=3 FAIL1=3 FAIL2=4 FAIL3=9 FAIL4=22 FAIL5=63 FAIL6=189 FAIL7=589 FAIL8=1784 SIZE=16 
