-- worker thread times 1 0 0 0 0 0 0 0 0 0 0 0 0 0 0 0 0 0 0 0 0 0 0 0 0 1 0 0 0 0 0
-- 4 <50
-- worker thread times 2 0 1 2 0 2 1 2 2 0 0 1 2 2 0 1 2 2 1 0 0 1 2 1 1 1 1 2 0 1 0
-- 5 <49
-- worker thread times 6 7 10 7 10 9 9 7 10 7 9 7 7 9 7 8 7 6 10 10 6 8 10 10 9 8 7 9 7 11 11
-- 14 <48
-- worker thread times 55 57 56 57 58 57 55 57 58 59 59 57 58 57 57 58 61 59 56 57 56 52 56 56 57 59 56 56 57 57 60
-- 64 <47
-- worker thread times 352 352 351 350 353 350 351 350 347 352 348 346 351 348 351 342 350 349 349 352 350 348 349 348 346 349 349 347 349 349 350
-- 357 <46
-- worker thread times 1858 1859 1863 1859 1861 1857 1851 1860 1856 1864 1861 1860 1861 1859 1855 1859 1860 1858 1859 1860 1859 1858 1857 1855 1856 1862 1862 1858 1857 1860 1862
-- 1868 <45
-- worker thread times 9781 9770 9771 9772 9773 9768 9776 9772 9775 9779 9775 9772 9770 9769 9777 9770 9778 9777 9772 9779 9777 9776 9778 9776 9772 9775 9776 9779 9775 9777 9775
-- 9784 <44
-- worker thread times 47391 47393 47389 47392 47396 47397 47394 47392 47393 47389 47390 47384 47395 47390 47388 47392 47393 47388 47388 47391 47391 47389 47394 47387 47390 47390 47392 47392 47391 47385 47389
-- 47402 <43
-- worker thread times 40496 40497 40496 40497 40496 40496 40496 40496 40497 40496 40496 40496 40496 40498 40497 40497 40497 40497 40496 40497 40497 40497 40497 40497 40497 40497 40498 40498 40497 40496 40497
-- 40501 <42
false 16351963 aborted

100002 4 5 14 64 357 1868 9784 47402 40501
FAIL0=4 FAIL1=5 FAIL2=14 FAIL3=64 FAIL4=357 FAIL5=1868 FAIL6=9784 FAIL7=47402 FAIL8=40501 
