-- worker thread times 0 0 0 0 0 0 0 0 0 0 0 0 0 0 0 0 0 0 0 0 0 0 0 0 0 0 0 0 0 0 0
-- 3 <50
-- worker thread times 1 1 0 0 0 0 0 0 1 0 1 0 0 0 1 0 0 0 0 0 0 1 0 0 0 1 0 0 0 0 0
-- 4 <49
-- worker thread times 5 3 4 3 2 2 3 4 2 1 3 3 3 1 1 4 3 1 2 2 4 4 4 5 4 3 3 5 3 4 4
-- 8 <48
-- worker thread times 30 34 30 28 32 32 33 28 29 30 33 32 32 30 33 31 30 33 34 28 32 35 33 32 32 32 33 34 33 32 31
-- 39 <47
-- worker thread times 175 173 170 170 167 171 171 175 172 174 173 170 169 169 172 168 166 171 171 168 172 172 174 169 169 172 169 173 169 171 172
-- 179 <46
-- worker thread times 836 841 834 839 836 836 838 837 834 842 838 839 836 842 832 840 837 837 839 839 838 840 837 839 839 838 836 830 837 836 840
-- 846 <45
-- worker thread times 4178 4173 4170 4169 4177 4170 4169 4177 4173 4173 4176 4168 4168 4173 4170 4170 4172 4178 4176 4167 4165 4172 4173 4169 4166 4168 4175 4177 4175 4169 4174
-- 4182 <44
-- worker thread times 23955 23952 23945 23946 23948 23950 23956 23949 23948 23938 23943 23939 23944 23948 23955 23947 23945 23950 23948 23953 23946 23950 23952 23949 23946 23948 23953 23949 23951 23947 23951
-- 23960 <43
-- worker thread times 70772 70772 70771 70771 70771 70772 70771 70770 70772 70771 70770 70771 70770 70770 70772 70772 70771 70771 70771 70768 70771 70771 70772 70772 70770 70771 70772 70772 70770 70770 70771
-- 70776 <42
false 16728685 aborted

100003 3 4 8 39 179 846 4182 23960 70776
FAIL0=3 FAIL1=4 FAIL2=8 FAIL3=39 FAIL4=179 FAIL5=846 FAIL6=4182 FAIL7=23960 FAIL8=70776 
