-- worker thread times 0 0 0 0 0 0 0 0 0 0 0 0 0 0 0 0 0 0 0 0 0 0 0 0 0 0 0 0 0 0 0
-- 4 <50
-- worker thread times 0 1 0 0 0 0 0 0 0 0 0 0 0 0 0 0 0 0 0 0 0 0 0 1 0 0 0 0 1 0 1
-- 5 <49
-- worker thread times 1 0 0 0 0 0 0 2 1 0 0 1 3 1 1 0 0 0 1 2 0 2 0 0 1 0 0 0 0 0 1
-- 7 <48
-- worker thread times 5 3 4 4 7 3 6 7 6 5 3 4 5 6 4 4 3 5 5 2 5 6 4 6 7 4 7 7 7 4 8
-- 12 <47
-- worker thread times 24 24 24 22 22 20 23 19 23 18 21 23 19 18 22 20 25 24 18 23 19 22 23 21 24 20 22 23 22 21 23
-- 30 <46
-- worker thread times 72 74 72 77 77 74 78 73 77 72 73 74 76 76 74 78 73 74 73 73 75 77 78 75 76 76 73 76 77 71 80
-- 86 <45
-- worker thread times 214 220 221 225 218 222 214 221 221 219 223 216 223 224 221 224 220 218 223 216 221 221 222 220 218 213 222 223 223 221 224
-- 232 <44
-- worker thread times 526 522 526 523 519 524 528 522 524 530 528 519 521 528 529 524 525 529 529 527 529 522 524 529 527 526 529 527 525 527 533
-- 539 <43
-- worker thread times 1281 1279 1272 1282 1281 1279 1279 1285 1281 1286 1283 1281 1280 1283 1284 1285 1281 1281 1290 1282 1278 1283 1281 1285 1281 1281 1279 1283 1285 1278 1282
-- 1296 <42
-- worker thread times 3152 3152 3151 3151 3145 3153 3157 3151 3154 3160 3156 3155 3159 3155 3152 3154 3157 3154 3163 3157 3155 3154 3158 3157 3161 3157 3151 3158 3160 3161 3161
-- 3171 <41
-- worker thread times 7900 7895 7881 7890 7896 7889 7901 7898 7891 7895 7886 7896 7901 7896 7901 7899 7897 7897 7889 7891 7894 7893 7901 7902 7894 7897 7896 7896 7896 7900 7902
-- 7912 <40
-- worker thread times 19671 19673 19672 19666 19677 19677 19667 19674 19674 19674 19674 19675 19676 19670 19665 19675 19679 19673 19666 19670 19677 19673 19671 19679 19672 19673 19675 19678 19681 19670 19678
-- 19691 <39
-- worker thread times 50468 50460 50472 50469 50460 50469 50468 50463 50458 50463 50468 50469 50463 50471 50471 50468 50468 50466 50467 50468 50468 50464 50468 50469 50470 50464 50466 50469 50467 50460 50470
-- 50483 <38
-- worker thread times 16522 16523 16522 16522 16521 16521 16522 16521 16522 16522 16522 16521 16522 16521 16523 16522 16521 16522 16522 16522 16521 16521 16522 16521 16523 16522 16522 16523 16522 16522 16522
-- 16527 <37
false 17957574 aborted

100003 4 5 7 12 30 86 232 539 1296 3171 7912 19691 50483 16527
FAIL0=4 FAIL1=5 FAIL10=7912 FAIL11=19691 FAIL12=50483 FAIL13=16527 FAIL2=7 FAIL3=12 FAIL4=30 FAIL5=86 FAIL6=232 FAIL7=539 FAIL8=1296 FAIL9=3171 
