-- worker thread times 0 0 0 0 0 0 0 0 0 0 0 0 0 0 0 0 0 0 0 0 0 0 0 0 0 0 0 0 0 0 0
-- 3 <35
-- worker thread times 0 0 0 0 0 0 1 0 1 1 0 0 0 0 0 0 0 0 0 0 0 0 0 0 0 0 0 1 0 0 0
-- 3 <34
-- worker thread times 5 2 1 4 3 2 5 2 2 3 3 2 2 2 3 2 2 3 5 1 3 2 3 5 1 4 4 3 2 0 1
-- 8 <33
-- worker thread times 23 25 19 21 20 23 23 20 21 20 24 22 21 21 19 22 21 19 21 24 24 22 19 24 24 21 22 22 21 19 20
-- 28 <32
-- worker thread times 138 143 140 138 136 138 140 135 141 139 136 138 139 136 141 143 136 132 142 139 134 139 141 137 137 136 137 134 142 134 140
-- 146 <31
-- worker thread times 817 810 812 815 812 815 812 809 815 808 814 810 816 808 812 813 814 812 811 813 810 808 810 807 810 810 809 813 812 811 810
-- 820 <30
-- worker thread times 4394 4391 4388 4395 4393 4392 4392 4396 4393 4389 4394 4392 4393 4392 4391 4389 4391 4393 4384 4387 4390 4393 4388 4392 4389 4388 4388 4394 4396 4389 4388
-- 4401 <29
-- worker thread times 29543 29551 29548 29544 29541 29546 29542 29537 29542 29540 29546 29536 29544 29548 29543 29545 29538 29536 29543 29548 29548 29543 29539 29544 29548 29547 29541 29545 29548 29536 29545
-- 29558 <28
-- worker thread times 6191 6192 6190 6191 6192 6192 6191 6192 6192 6191 6191 6192 6193 6192 6191 6192 6191 6192 6192 6192 6190 6191 6192 6191 6191 6191 6190 6192 6191 6193 6192
true 6915524
(0 -> 33) (1 -> -1) (2 -> 23) (3 -> 13) (4 -> 17) (5 -> 20) (6 -> 29) (7 -> -1) (8 -> 22) (9 -> 34) (10 -> 26) (11 -> 5) (12 -> 25) (13 -> -1) (14 -> 32) (15 -> -1) (16 -> 24) (17 -> 28) (18 -> 9) (19 -> 11) (20 -> 8) (21 -> 12) (22 -> -1) (23 -> 30) (24 -> 6) (25 -> -1) (26 -> -1) (27 -> 15) (28 -> -1) (29 -> 18) (30 -> 0) (31 -> 4) (32 -> 2) (33 -> 21) (34 -> 7) 
41165 3 3 8 28 146 820 4401 29558 6195
EXCEPT=8 FAIL0=3 FAIL1=3 FAIL2=8 FAIL3=28 FAIL4=146 FAIL5=820 FAIL6=4401 FAIL7=29558 SIZE=27 
