-- worker thread times 0 0 0 0 0 0 0 0 0 0 0 0 0 0 0 0 0 0 0 0 0 0 0 0 0 0 0 0 0 0 0
-- 3 <50
-- worker thread times 1 1 0 0 0 0 1 1 1 0 0 0 0 1 0 0 0 1 0 0 0 0 1 0 0 0 0 1 0 0 0
-- 4 <49
-- worker thread times 8 6 5 5 5 7 5 6 3 6 7 5 5 6 5 7 8 5 4 4 5 6 7 7 7 7 6 8 4 3 6
-- 11 <48
-- worker thread times 35 36 39 38 39 36 40 35 30 36 33 39 33 38 36 36 39 38 38 36 36 37 39 35 37 34 35 35 35 39 39
-- 43 <47
-- worker thread times 203 204 204 200 201 205 198 201 202 200 203 204 201 198 202 199 200 201 201 201 201 203 205 199 203 204 201 200 201 198 205
-- 209 <46
-- worker thread times 874 868 868 872 873 873 870 872 873 873 869 869 870 868 870 869 871 869 873 871 869 866 866 869 869 875 874 868 872 872 874
-- 879 <45
-- worker thread times 3455 3452 3452 3451 3448 3451 3448 3446 3453 3452 3452 3448 3453 3449 3446 3448 3451 3451 3450 3448 3451 3454 3448 3456 3452 3450 3453 3455 3449 3455 3454
-- 3460 <44
-- worker thread times 13336 13336 13334 13335 13334 13337 13338 13337 13330 13339 13335 13334 13336 13336 13338 13336 13334 13335 13335 13336 13336 13340 13337 13337 13339 13337 13340 13339 13333 13337 13336
-- 13346 <43
-- worker thread times 52419 52417 52418 52419 52409 52412 52413 52413 52417 52410 52408 52418 52419 52416 52414 52418 52419 52414 52413 52412 52417 52415 52412 52418 52410 52415 52411 52413 52413 52416 52419
-- 52426 <42
-- worker thread times 29613 29612 29613 29613 29612 29613 29612 29612 29612 29611 29612 29611 29612 29612 29612 29613 29612 29611 29612 29611 29612 29612 29613 29611 29611 29611 29612 29611 29612 29613 29612
-- 29616 <41
false 16343257 aborted

100002 3 4 11 43 209 879 3460 13346 52426 29616
FAIL0=3 FAIL1=4 FAIL2=11 FAIL3=43 FAIL4=209 FAIL5=879 FAIL6=3460 FAIL7=13346 FAIL8=52426 FAIL9=29616 
