-- worker thread times 0 0 0 0 0 0 0 0 0 0 0 0 0 0 0 0 0 0 0 0 0 0 0 0 0 0 0 0 0 0 0
-- 2 <30
-- worker thread times 0 0 0 0 0 0 0 1 1 0 0 0 0 0 0 0 0 1 0 0 0 0 0 0 0 0 0 1 0 0 1
-- 4 <29
-- worker thread times 4 2 3 2 1 3 2 3 2 0 3 1 0 1 3 0 3 3 2 1 1 1 1 1 1 0 2 4 1 2 2
-- 7 <28
-- worker thread times 11 8 9 9 11 11 11 9 7 11 8 9 9 9 10 9 11 10 10 12 11 10 12 9 11 9 11 9 10 10 13
-- 15 <27
-- worker thread times 36 34 31 29 35 30 31 35 27 35 31 30 35 33 33 30 32 30 35 34 35 36 33 34 30 34 33 36 33 35 31
-- 39 <26
-- worker thread times 98 101 98 101 100 104 98 99 98 103 98 98 101 98 101 90 101 101 101 98 96 99 103 99 99 96 95 99 100 97 102
-- 108 <25
-- worker thread times 254 246 250 249 251 251 249 253 250 248 247 252 250 254 253 251 253 250 246 249 245 252 250 252 250 253 250 251 245 251 253
-- 261 <24
-- worker thread times 579 576 572 575 575 576 570 578 571 571 576 572 575 576 574 577 569 576 570 571 575 573 574 566 573 568 573 567 573 570 581
-- 585 <23
-- worker thread times 1279 1291 1289 1285 1287 1285 1288 1281 1284 1287 1286 1286 1283 1291 1289 1291 1286 1287 1282 1286 1278 1289 1287 1288 1287 1293 1282 1286 1279 1283 1290
-- 1299 <22
-- worker thread times 2818 2815 2815 2810 2807 2819 2812 2812 2808 2806 2818 2814 2807 2812 2817 2820 2812 2811 2810 2816 2817 2809 2809 2811 2818 2812 2823 2816 2817 2814 2817
-- 2828 <21
-- worker thread times 6290 6280 6285 6289 6288 6286 6292 6282 6288 6277 6288 6289 6283 6289 6278 6285 6288 6280 6286 6282 6280 6283 6290 6280 6292 6289 6284 6286 6293 6294 6286
-- 6302 <20
-- worker thread times 13823 13811 13814 13818 13820 13812 13809 13817 13812 13816 13810 13817 13816 13821 13814 13812 13803 13815 13815 13816 13810 13813 13806 13815 13818 13807 13810 13811 13810 13807 13814
-- 13829 <19
-- worker thread times 30339 30337 30337 30337 30325 30342 30331 30341 30339 30334 30336 30335 30337 30342 30344 30329 30335 30335 30333 30335 30336 30330 30335 30333 30333 30338 30329 30337 30339 30337 30341
-- 30352 <18
-- worker thread times 44358 44356 44355 44360 44358 44357 44353 44359 44358 44353 44356 44361 44356 44356 44358 44359 44357 44357 44359 44354 44357 44360 44351 44360 44359 44359 44359 44359 44355 44357 44358
-- 44364 <17
false 18802099 aborted

100002 2 4 7 15 39 108 261 585 1299 2828 6302 13829 30352 44364
FAIL0=2 FAIL1=4 FAIL10=6302 FAIL11=13829 FAIL12=30352 FAIL13=44364 FAIL2=7 FAIL3=15 FAIL4=39 FAIL5=108 FAIL6=261 FAIL7=585 FAIL8=1299 FAIL9=2828 
