-- worker thread times 0 0 0 0 0 0 0 0 0 0 0 0 0 0 0 0 0 0 0 0 0 0 0 0 0 0 0 0 0 0 0
-- 3 <35
-- worker thread times 1 0 0 0 0 0 0 0 0 0 0 0 0 0 0 0 0 0 0 0 0 0 0 0 0 0 0 0 0 0 0
-- 3 <34
-- worker thread times 1 0 1 0 0 1 1 0 0 0 0 1 0 0 1 1 0 0 1 0 0 0 0 2 1 0 0 1 0 2 2
-- 5 <33
-- worker thread times 5 4 2 7 3 3 5 5 4 6 3 7 3 3 7 4 5 3 5 7 3 5 5 5 7 7 4 6 4 5 7
-- 10 <32
-- worker thread times 35 31 31 26 26 33 32 29 30 31 33 35 30 30 27 28 31 34 28 33 33 33 27 34 31 29 29 30 31 29 32
-- 38 <31
-- worker thread times 140 135 136 131 130 137 136 136 130 136 133 135 134 138 135 133 132 135 135 137 132 129 133 138 135 138 133 133 133 136 135
-- 143 <30
-- worker thread times 571 572 572 564 571 573 569 570 575 574 572 569 570 570 572 567 569 571 570 571 577 570 573 570 567 577 572 578 574 574 577
-- 581 <29
-- worker thread times 2336 2343 2340 2338 2330 2334 2330 2337 2338 2332 2332 2332 2340 2334 2334 2337 2327 2337 2332 2332 2333 2335 2334 2330 2331 2336 2335 2329 2337 2331 2331
-- 2346 <28
-- worker thread times 9301 9290 9293 9294 9287 9293 9288 9294 9295 9290 9296 9288 9281 9294 9295 9296 9289 9286 9292 9294 9293 9296 9290 9289 9293 9294 9282 9299 9296 9290 9295
-- 9305 <27
-- worker thread times 39610 39599 39608 39606 39597 39604 39604 39600 39598 39600 39602 39607 39610 39605 39605 39602 39606 39605 39607 39603 39606 39606 39607 39597 39609 39601 39596 39597 39613 39609 39610
-- 39618 <26
-- worker thread times 47943 47943 47942 47943 47942 47941 47941 47942 47940 47943 47940 47939 47942 47940 47941 47942 47942 47943 47942 47942 47939 47943 47938 47942 47942 47942 47943 47942 47942 47942 47942
-- 47947 <25
false 18467949 aborted

100003 3 3 5 10 38 143 581 2346 9305 39618 47947
FAIL0=3 FAIL1=3 FAIL10=47947 FAIL2=5 FAIL3=10 FAIL4=38 FAIL5=143 FAIL6=581 FAIL7=2346 FAIL8=9305 FAIL9=39618 
