-- worker thread times 0 0 0 0 0 0 0 0 0 0 0 0 0 0 0 0 0 0 0 0 0 0 0 0 0 0 0 0 0 0 0
-- 4 <50
-- worker thread times 2 1 0 0 0 0 0 0 1 0 0 0 2 0 1 1 1 1 0 0 1 0 1 2 0 1 0 0 0 0 0
-- 5 <49
-- worker thread times 10 6 9 9 10 12 6 11 8 11 8 11 5 7 11 11 10 10 10 7 13 12 8 13 6 10 11 12 6 9 9
-- 16 <48
-- worker thread times 60 56 58 56 60 56 56 58 56 58 55 54 58 55 56 53 54 56 56 55 57 54 56 56 60 56 54 57 57 56 57
-- 63 <47
-- worker thread times 287 287 283 286 288 285 287 291 288 292 289 288 286 289 287 289 287 288 285 283 291 283 290 283 288 285 287 289 284 288 288
-- 295 <46
-- worker thread times 1547 1552 1549 1547 1550 1545 1546 1545 1548 1549 1549 1552 1550 1552 1549 1549 1551 1550 1548 1552 1552 1549 1552 1548 1547 1546 1551 1550 1551 1547 1544
-- 1557 <45
-- worker thread times 9020 9028 9017 9021 9025 9028 9022 9018 9024 9023 9024 9022 9025 9017 9023 9016 9024 9025 9024 9021 9020 9019 9020 9013 9024 9019 9024 9026 9025 9021 9016
-- 9031 <44
-- worker thread times 58547 58551 58537 58543 58533 58547 58545 58539 58543 58539 58550 58540 58540 58544 58542 58541 58531 58539 58532 58538 58540 58547 58549 58548 58548 58545 58544 58543 58544 58538 58548
-- 58555 <43
-- worker thread times 30468 30467 30469 30468 30468 30468 30466 30468 30468 30468 30468 30468 30467 30468 30469 30468 30468 30468 30469 30469 30468 30468 30468 30468 30467 30469 30468 30468 30468 30468 30469
-- 30472 <42
false 16209990 aborted

100002 4 5 16 63 295 1557 9031 58555 30472
FAIL0=4 FAIL1=5 FAIL2=16 FAIL3=63 FAIL4=295 FAIL5=1557 FAIL6=9031 FAIL7=58555 FAIL8=30472 
