-- worker thread times 0 0 0 0 0 0 0 0 0 0 0 0 0 0 0 0 0 0 0 0 0 0 0 0 0 0 0 0 0 0 0
-- 3 <25
-- worker thread times 0 0 0 0 0 0 0 0 0 0 0 0 0 0 0 0 0 0 0 0 0 0 0 0 0 0 0 0 0 0 0
-- 5 <24
-- worker thread times 2 1 1 2 1 1 0 1 0 0 0 1 0 1 1 2 0 1 0 1 1 0 0 1 1 1 1 0 1 0 1
-- 6 <23
-- worker thread times 4 4 3 4 5 3 3 3 2 4 1 3 5 2 4 2 6 5 4 2 4 2 4 3 5 3 2 4 4 4 3
-- 9 <22
-- worker thread times 13 14 11 15 11 12 15 16 12 16 16 17 10 15 15 16 16 14 12 13 12 11 14 15 16 17 13 13 16 15 16
-- 22 <21
-- worker thread times 46 39 46 49 45 44 44 49 47 45 44 46 46 46 45 46 43 48 46 44 46 43 43 43 47 45 43 46 47 47 49
-- 54 <20
-- worker thread times 147 152 149 148 148 149 150 148 142 145 149 142 144 143 150 150 148 145 141 153 144 148 146 149 150 146 150 149 147 146 144
-- 158 <19
-- worker thread times 592 597 598 597 590 590 597 593 594 595 589 595 585 592 598 585 587 592 595 592 586 591 592 594 588 600 591 593 591 584 587
-- 604 <18
-- worker thread times 1542 1529 1542 1528 1535 1536 1539 1535 1533 1535 1528 1533 1537 1532 1537 1533 1532 1538 1539 1535 1537 1538 1539 1541 1532 1531 1531 1539 1532 1539 1537
-- 1548 <17
-- worker thread times 4807 4809 4802 4812 4808 4799 4805 4808 4806 4811 4808 4808 4811 4805 4806 4811 4798 4812 4812 4800 4809 4800 4808 4810 4812 4813 4811 4808 4807 4801 4812
-- 4821 <16
-- worker thread times 617 616 616 615 616 616 615 616 617 616 616 616 615 616 617 616 616 617 616 616 615 616 616 617 616 616 616 616 616 616 616
true 1431625
(0 -> 10) (1 -> -1) (2 -> -1) (3 -> 8) (4 -> -1) (5 -> -1) (6 -> 12) (7 -> -1) (8 -> 14) (9 -> 21) (10 -> 1) (11 -> 2) (12 -> 19) (13 -> 24) (14 -> 0) (15 -> 13) (16 -> -1) (17 -> -1) (18 -> -1) (19 -> -1) (20 -> 15) (21 -> 22) (22 -> 4) (23 -> -1) (24 -> 3) 
7856 3 5 6 9 22 54 158 604 1548 4821 621
EXCEPT=10 FAIL0=3 FAIL1=5 FAIL2=6 FAIL3=9 FAIL4=22 FAIL5=54 FAIL6=158 FAIL7=604 FAIL8=1548 FAIL9=4821 SIZE=15 
