-- worker thread times 0 0 0 0 0 0 0 0 0 0 0 0 0 0 0 0 0 0 0 0 0 0 0 0 0 0 0 0 0 0 0
-- 3 <25
-- worker thread times 0 0 1 0 0 0 0 1 0 0 0 1 0 0 1 0 0 0 0 0 0 0 0 0 0 0 0 1 0 0 0
-- 4 <24
-- worker thread times 1 2 2 2 2 1 2 0 0 0 1 0 0 1 1 0 0 1 2 1 0 2 1 1 3 2 0 0 2 0 2
-- 5 <23
-- worker thread times 8 8 5 6 3 7 4 5 4 6 4 4 3 6 7 4 4 7 6 5 6 5 6 7 4 6 2 7 6 8 5
-- 10 <22
-- worker thread times 26 23 25 26 22 22 26 19 22 24 26 22 22 17 22 23 24 21 26 21 22 19 21 24 18 22 25 21 24 22 25
-- 29 <21
-- worker thread times 79 75 76 80 76 77 73 79 72 75 75 75 75 70 77 76 77 80 76 73 80 73 76 77 79 78 76 77 76 79 78
-- 85 <20
-- worker thread times 198 194 200 200 195 198 199 200 198 197 201 197 190 199 195 194 198 193 200 198 199 193 198 196 198 194 198 200 193 198 195
-- 207 <19
-- worker thread times 494 498 498 504 499 499 499 500 493 501 503 499 501 500 500 500 495 496 497 501 497 500 502 499 503 497 504 499 495 496 497
-- 510 <18
-- worker thread times 1147 1148 1145 1148 1146 1151 1150 1150 1149 1150 1151 1145 1141 1146 1151 1145 1150 1151 1145 1145 1146 1146 1143 1152 1153 1149 1151 1137 1144 1150 1144
-- 1160 <17
-- worker thread times 2607 2609 2609 2612 2602 2605 2611 2608 2598 2606 2611 2602 2611 2606 2610 2604 2605 2609 2605 2610 2610 2613 2609 2613 2610 2608 2603 2608 2611 2604 2605
-- 2620 <16
-- worker thread times 5866 5861 5856 5865 5870 5865 5861 5864 5859 5863 5868 5863 5861 5867 5870 5863 5854 5871 5867 5867 5865 5868 5865 5862 5868 5867 5866 5862 5856 5863 5867
-- 5878 <15
-- worker thread times 12981 12980 12978 12978 12983 12981 12977 12980 12984 12986 12981 12980 12976 12984 12986 12980 12983 12984 12981 12982 12983 12983 12978 12981 12979 12979 12983 12984 12977 12984 12986
-- 12996 <14
-- worker thread times 788 787 786 787 787 787 787 787 786 787 787 787 787 787 787 787 788 787 786 787 787 786 787 787 787 787 787 786 787 787 787
true 4472834
(0 -> 24) (1 -> 4) (2 -> -1) (3 -> -1) (4 -> 8) (5 -> 1) (6 -> -1) (7 -> 5) (8 -> -1) (9 -> 23) (10 -> 9) (11 -> 20) (12 -> -1) (13 -> -1) (14 -> -1) (15 -> 14) (16 -> -1) (17 -> -1) (18 -> -1) (19 -> -1) (20 -> 10) (21 -> 17) (22 -> 19) (23 -> -1) (24 -> 6) 
24303 3 4 5 10 29 85 207 510 1160 2620 5878 12996 790
EXCEPT=12 FAIL0=3 FAIL1=4 FAIL10=5878 FAIL11=12996 FAIL2=5 FAIL3=10 FAIL4=29 FAIL5=85 FAIL6=207 FAIL7=510 FAIL8=1160 FAIL9=2620 SIZE=13 
