-- worker thread times 0 0 0 0 0 0 0 0 0 0 0 0 0 0 0 0 0 0 0 0 0 0 0 0 0 0 0 0 0 0 0
-- 3 <40
-- worker thread times 0 0 0 0 0 0 0 0 0 0 0 0 0 1 0 0 0 0 0 0 0 0 0 0 0 0 0 0 0 0 1
-- 3 <39
-- worker thread times 4 3 4 2 4 3 2 2 3 3 2 3 4 0 2 3 2 2 2 3 3 0 2 3 3 0 2 3 2 4 3
-- 7 <38
-- worker thread times 19 22 21 22 23 21 20 22 22 19 19 24 22 21 24 17 21 22 21 22 24 21 19 22 23 20 20 20 22 21 24
-- 27 <37
-- worker thread times 125 128 127 120 125 123 125 125 119 126 125 126 126 123 123 121 126 123 122 121 124 124 123 125 124 122 124 124 125 127 122
-- 132 <36
-- worker thread times 677 676 676 679 678 683 676 675 681 676 673 679 679 680 680 677 680 679 679 680 679 677 680 679 674 676 677 672 678 672 683
-- 687 <35
-- worker thread times 4990 4981 4984 4986 4987 4984 4985 4980 4984 4977 4979 4984 4982 4982 4987 4977 4985 4979 4982 4984 4980 4985 4980 4985 4980 4987 4989 4980 4988 4985 4992
-- 4996 <34
-- worker thread times 43591 43591 43593 43587 43585 43584 43584 43589 43593 43588 43587 43588 43598 43592 43585 43588 43593 43593 43589 43583 43583 43590 43590 43584 43594 43593 43595 43590 43588 43595 43598
-- 43603 <33
-- worker thread times 50537 50536 50535 50535 50536 50535 50535 50534 50536 50535 50535 50536 50536 50535 50536 50535 50535 50535 50535 50535 50536 50536 50535 50536 50536 50536 50535 50536 50535 50536 50535
-- 50539 <32
false 16769098 aborted

100003 3 3 7 27 132 687 4996 43603 50539
FAIL0=3 FAIL1=3 FAIL2=7 FAIL3=27 FAIL4=132 FAIL5=687 FAIL6=4996 FAIL7=43603 FAIL8=50539 
