-- worker thread times 1 0 0 0 0 0 0 0 0 0 0 0 0 0 0 0 0 1 0 1 0 0 0 0 0 0 0 0 0 1 0
-- 4 <50
-- worker thread times 3 3 1 2 2 2 1 1 1 2 0 2 2 1 2 2 0 2 0 2 0 2 0 2 1 0 3 1 0 1 2
-- 6 <49
-- worker thread times 11 11 7 9 7 8 7 11 10 7 11 5 10 7 9 9 6 9 9 11 10 3 4 7 7 9 10 6 9 9 9
-- 14 <48
-- worker thread times 47 46 45 42 46 46 45 45 47 42 46 45 42 46 42 45 44 44 45 45 46 45 44 43 44 44 45 43 44 43 46
-- 51 <47
-- worker thread times 218 224 220 218 222 221 221 223 220 219 219 220 216 222 219 221 221 220 223 222 222 221 218 221 218 215 224 222 218 217 217
-- 228 <46
-- worker thread times 981 984 984 981 982 980 985 976 984 984 983 981 985 982 984 980 981 982 977 979 981 986 980 978 979 983 984 982 982 984 987
-- 990 <45
-- worker thread times 3994 3991 3991 3987 3993 3994 3993 3992 3993 3989 3993 3994 3989 3993 3988 3993 3990 3990 3989 3992 3982 3990 3992 3990 3992 3989 3994 3992 3993 3997 3993
-- 4001 <44
-- worker thread times 15297 15295 15298 15295 15293 15294 15294 15291 15295 15293 15295 15296 15293 15292 15293 15291 15295 15298 15288 15291 15295 15294 15294 15293 15296 15291 15291 15292 15296 15294 15297
-- 15304 <43
-- worker thread times 61038 61037 61039 61030 61033 61035 61039 61034 61039 61042 61040 61038 61034 61035 61034 61040 61035 61035 61040 61038 61039 61039 61038 61040 61031 61035 61030 61036 61037 61036 61043
-- 61048 <42
-- worker thread times 18347 18347 18347 18347 18347 18347 18347 18347 18348 18346 18348 18347 18347 18348 18347 18347 18346 18345 18347 18348 18346 18348 18347 18347 18347 18346 18347 18348 18348 18347 18348
-- 18351 <41
false 15459862 aborted

100002 4 6 14 51 228 990 4001 15304 61048 18351
FAIL0=4 FAIL1=6 FAIL2=14 FAIL3=51 FAIL4=228 FAIL5=990 FAIL6=4001 FAIL7=15304 FAIL8=61048 FAIL9=18351 
