-- worker thread times 0 0 0 0 0 0 0 0 0 0 0 0 0 0 0 0 0 0 0 0 0 0 0 0 0 0 0 0 1 0 1
-- 4 <50
-- worker thread times 0 1 0 0 0 0 0 0 0 0 1 1 0 1 1 1 0 1 0 0 0 0 0 0 0 0 1 0 0 0 2
-- 4 <49
-- worker thread times 2 4 4 6 4 3 6 3 5 6 5 5 5 6 1 3 5 4 5 3 5 4 5 4 3 4 6 4 2 7 7
-- 10 <48
-- worker thread times 21 19 18 21 18 20 16 22 20 16 21 19 18 18 21 20 17 18 19 18 20 20 20 17 19 20 21 22 18 17 20
-- 26 <47
-- worker thread times 62 62 57 58 56 63 59 60 59 58 56 62 62 55 53 59 60 62 54 59 58 55 62 61 60 59 55 63 61 60 61
-- 67 <46
-- worker thread times 173 177 176 179 175 174 175 175 174 176 175 178 173 177 176 175 178 178 170 176 172 171 177 175 169 176 177 171 175 176 175
-- 183 <45
-- worker thread times 486 488 484 487 480 485 487 488 485 483 480 482 482 484 487 487 488 485 488 485 489 484 488 489 486 486 487 486 487 485 488
-- 495 <44
-- worker thread times 1344 1348 1345 1349 1348 1345 1344 1342 1337 1345 1343 1342 1342 1346 1344 1345 1338 1342 1346 1338 1341 1344 1340 1336 1340 1346 1343 1342 1346 1345 1349
-- 1355 <43
-- worker thread times 3332 3327 3336 3329 3331 3335 3335 3335 3332 3337 3331 3333 3334 3336 3332 3328 3329 3336 3338 3337 3333 3331 3338 3334 3328 3338 3336 3335 3333 3331 3332
-- 3346 <42
-- worker thread times 8466 8470 8466 8473 8466 8467 8467 8465 8468 8472 8466 8465 8465 8471 8464 8474 8468 8469 8471 8472 8463 8472 8472 8470 8472 8473 8467 8467 8473 8469 8473
-- 8480 <41
-- worker thread times 20479 20476 20478 20471 20471 20475 20475 20468 20466 20471 20470 20472 20471 20475 20471 20477 20470 20475 20473 20472 20475 20472 20477 20474 20472 20474 20475 20469 20472 20469 20467
-- 20485 <40
-- worker thread times 47107 47107 47108 47106 47102 47102 47109 47103 47102 47107 47110 47106 47104 47104 47104 47108 47098 47107 47104 47103 47105 47106 47109 47102 47111 47103 47107 47105 47105 47106 47105
-- 47119 <39
-- worker thread times 18419 18417 18418 18417 18417 18418 18419 18418 18419 18419 18417 18417 18418 18418 18418 18419 18418 18418 18418 18418 18418 18419 18419 18417 18418 18419 18417 18419 18418 18418 18419
-- 18422 <38
false 18008873 aborted

100002 4 4 10 26 67 183 495 1355 3346 8480 20485 47119 18422
FAIL0=4 FAIL1=4 FAIL10=20485 FAIL11=47119 FAIL12=18422 FAIL2=10 FAIL3=26 FAIL4=67 FAIL5=183 FAIL6=495 FAIL7=1355 FAIL8=3346 FAIL9=8480 
