-- worker thread times 0 0 0 0 0 0 0 0 0 0 0 0 0 0 0 0 0 0 0 0 0 0 0 0 0 0 0 0 0 0 0
-- 4 <50
-- worker thread times 0 0 0 0 0 0 0 0 0 0 0 0 0 0 0 0 0 0 0 0 0 0 0 0 0 0 0 0 0 0 0
-- 4 <49
-- worker thread times 0 0 0 0 1 0 0 0 0 0 0 0 1 1 0 1 0 0 0 0 1 0 1 1 1 1 0 0 0 1 2
-- 5 <48
-- worker thread times 3 5 6 3 3 5 7 3 7 7 3 5 7 4 3 1 8 8 5 4 3 6 5 6 5 7 7 5 4 8 7
-- 13 <47
-- worker thread times 27 27 29 27 27 28 25 29 27 31 24 29 28 29 32 24 30 28 28 27 27 28 30 29 30 28 29 28 22 28 29
-- 37 <46
-- worker thread times 96 95 92 88 93 91 90 92 91 91 94 96 93 94 94 87 94 94 92 90 93 91 94 96 89 92 89 90 90 92 92
-- 102 <45
-- worker thread times 268 271 270 264 262 270 265 266 270 275 273 270 264 267 272 271 270 269 264 266 268 269 271 262 270 269 265 271 273 264 272
-- 280 <44
-- worker thread times 697 697 693 698 702 703 697 701 698 697 700 702 696 699 697 702 698 696 697 698 698 693 699 702 693 696 698 699 698 698 701
-- 711 <43
-- worker thread times 1795 1796 1785 1796 1794 1793 1794 1792 1800 1794 1792 1791 1792 1794 1795 1792 1796 1792 1793 1793 1797 1792 1789 1796 1789 1796 1798 1795 1792 1792 1798
-- 1809 <42
-- worker thread times 4408 4413 4411 4415 4412 4413 4414 4415 4415 4410 4415 4410 4412 4412 4411 4411 4409 4420 4408 4411 4411 4409 4412 4414 4416 4412 4414 4411 4413 4416 4414
-- 4427 <41
-- worker thread times 10669 10669 10662 10666 10665 10667 10667 10662 10667 10665 10668 10664 10663 10671 10662 10660 10669 10664 10672 10666 10661 10662 10666 10667 10673 10664 10670 10667 10665 10663 10666
-- 10682 <40
-- worker thread times 25725 25720 25723 25721 25721 25719 25717 25727 25721 25721 25720 25723 25719 25717 25719 25720 25721 25717 25714 25726 25715 25722 25728 25727 25720 25721 25723 25720 25722 25721 25717
-- 25738 <39
-- worker thread times 56177 56173 56170 56166 56173 56173 56173 56172 56175 56174 56175 56170 56168 56173 56172 56172 56169 56171 56175 56173 56174 56173 56175 56172 56174 56170 56171 56168 56176 56172 56174
-- 56183 <38
false 16963099 aborted

100003 4 4 5 13 37 102 280 711 1809 4427 10682 25738 56183
FAIL0=4 FAIL1=4 FAIL10=10682 FAIL11=25738 FAIL12=56183 FAIL2=5 FAIL3=13 FAIL4=37 FAIL5=102 FAIL6=280 FAIL7=711 FAIL8=1809 FAIL9=4427 
