-- worker thread times 0 0 0 0 0 0 0 0 0 0 0 0 0 0 0 0 0 0 0 0 0 0 0 0 0 0 0 0 0 0 0
-- 3 <35
-- worker thread times 1 0 0 0 0 0 0 0 0 0 0 1 0 1 0 0 0 0 0 0 1 1 0 0 0 1 0 0 1 0 0
-- 4 <34
-- worker thread times 0 2 1 2 3 3 3 1 3 3 4 4 4 1 1 2 0 4 4 4 0 2 3 2 2 0 0 1 4 3 4
-- 7 <33
-- worker thread times 9 11 10 11 9 7 11 10 9 10 12 9 11 11 11 7 9 12 9 9 10 10 12 11 11 10 12 9 11 8 14
-- 17 <32
-- worker thread times 44 42 35 44 45 44 41 40 40 40 44 38 45 42 41 46 43 45 42 40 44 45 40 43 41 45 41 45 42 40 45
-- 49 <31
-- worker thread times 183 181 181 177 177 174 181 178 180 176 173 174 178 178 180 177 173 176 176 178 182 182 179 176 180 178 179 177 174 178 183
-- 186 <30
-- worker thread times 612 610 615 614 611 617 614 613 614 615 614 612 612 611 612 613 611 616 613 611 616 610 615 615 613 613 613 615 616 616 612
-- 621 <29
-- worker thread times 1963 1963 1966 1964 1964 1967 1967 1963 1961 1964 1966 1964 1965 1966 1965 1964 1962 1961 1963 1966 1967 1965 1967 1964 1962 1968 1967 1963 1962 1966 1970
-- 1974 <28
-- worker thread times 6068 6070 6067 6067 6074 6068 6068 6073 6067 6073 6067 6069 6074 6074 6069 6073 6071 6068 6072 6065 6073 6071 6071 6074 6067 6071 6069 6072 6070 6071 6075
-- 6080 <27
-- worker thread times 18039 18048 18047 18040 18042 18044 18042 18040 18044 18045 18046 18043 18041 18042 18044 18037 18038 18045 18043 18038 18044 18041 18041 18046 18044 18043 18044 18042 18047 18043 18049
-- 18054 <26
-- worker thread times 53775 53773 53769 53767 53765 53775 53774 53770 53774 53764 53775 53776 53774 53773 53772 53773 53772 53772 53773 53770 53769 53769 53771 53769 53769 53776 53776 53773 53776 53775 53776
-- 53786 <25
-- worker thread times 19213 19214 19214 19212 19213 19213 19213 19213 19213 19213 19213 19213 19213 19213 19214 19213 19214 19213 19214 19214 19212 19213 19213 19214 19214 19213 19214 19212 19213 19212 19213
-- 19217 <24
false 18990915 aborted

100002 3 4 7 17 49 186 621 1974 6080 18054 53786 19217
FAIL0=3 FAIL1=4 FAIL10=53786 FAIL11=19217 FAIL2=7 FAIL3=17 FAIL4=49 FAIL5=186 FAIL6=621 FAIL7=1974 FAIL8=6080 FAIL9=18054 
