-- worker thread times 0 0 0 0 0 0 0 0 0 0 0 0 0 0 0 0 0 0 0 0 0 0 0 0 0 0 0 0 0 0 0
-- 3 <35
-- worker thread times 0 0 0 0 0 0 0 0 0 0 0 0 0 0 0 0 0 0 0 0 0 0 0 0 0 0 0 0 0 0 1
-- 3 <34
-- worker thread times 1 3 0 0 1 1 0 1 0 1 1 0 2 0 0 1 0 0 2 1 0 0 0 0 0 1 0 1 2 1 0
-- 5 <33
-- worker thread times 6 3 5 2 1 3 5 5 3 3 2 4 4 6 3 2 2 5 5 3 3 3 2 3 4 3 4 2 3 5 3
-- 9 <32
-- worker thread times 30 29 29 26 28 30 30 28 28 29 25 27 30 28 28 25 31 31 28 29 31 27 28 31 30 29 32 32 26 25 29
-- 36 <31
-- worker thread times 200 194 194 199 198 195 201 194 198 197 195 196 194 200 200 198 197 202 199 198 197 195 196 199 193 192 203 197 200 194 198
-- 207 <30
-- worker thread times 1146 1141 1143 1138 1136 1141 1140 1144 1143 1147 1139 1142 1140 1140 1142 1140 1139 1138 1135 1140 1138 1134 1143 1138 1136 1139 1140 1140 1137 1144 1145
-- 1151 <29
-- worker thread times 8667 8657 8667 8662 8662 8659 8663 8656 8658 8656 8661 8661 8660 8655 8658 8661 8652 8667 8659 8660 8660 8650 8658 8663 8661 8666 8659 8653 8665 8668 8663
-- 8674 <28
-- worker thread times 89896 89903 89901 89906 89901 89900 89901 89906 89906 89904 89901 89904 89902 89904 89905 89896 89900 89902 89902 89900 89901 89904 89902 89900 89900 89900 89903 89898 89906 89894 89902
-- 89911 <27
false 15773903 aborted

100002 3 3 5 9 36 207 1151 8674 89911
FAIL0=3 FAIL1=3 FAIL2=5 FAIL3=9 FAIL4=36 FAIL5=207 FAIL6=1151 FAIL7=8674 FAIL8=89911 
