-- worker thread times 0 0 0 0 0 0 0 0 0 0 0 0 0 0 0 0 0 0 0 0 0 0 0 0 0 0 0 0 0 0 0
-- 3 <40
-- worker thread times 1 0 0 0 0 0 1 0 0 0 1 1 0 0 0 0 1 0 0 0 0 0 0 0 0 0 0 1 1 0 1
-- 4 <39
-- worker thread times 2 4 3 5 5 4 5 3 4 3 5 4 3 4 4 5 1 3 3 2 3 4 3 3 4 5 4 2 4 3 5
-- 9 <38
-- worker thread times 30 30 31 31 32 31 32 31 29 31 27 34 31 31 29 30 31 29 32 33 34 32 33 29 32 32 30 33 27 28 32
-- 37 <37
-- worker thread times 165 162 159 165 163 165 162 160 165 161 162 159 161 161 162 162 162 165 164 161 163 163 160 164 166 163 164 164 162 160 161
-- 169 <36
-- worker thread times 832 829 829 831 833 827 834 833 832 830 831 835 833 834 829 833 825 833 835 838 833 833 835 839 836 826 826 827 837 831 830
-- 842 <35
-- worker thread times 6913 6911 6917 6913 6907 6912 6915 6917 6916 6908 6906 6913 6913 6910 6914 6903 6911 6906 6912 6911 6914 6906 6908 6910 6918 6911 6917 6918 6914 6916 6915
-- 6925 <34
-- worker thread times 49202 49195 49193 49187 49189 49178 49187 49194 49188 49188 49186 49193 49187 49195 49188 49188 49198 49197 49192 49180 49202 49197 49197 49193 49184 49190 49188 49192 49199 49203 49181
-- 49207 <33
-- worker thread times 42799 42799 42798 42799 42799 42800 42799 42799 42800 42798 42798 42799 42799 42798 42799 42800 42799 42798 42800 42798 42799 42798 42798 42799 42799 42798 42798 42799 42798 42798 42799
-- 42803 <32
false 19708312 aborted

100002 3 4 9 37 169 842 6925 49207 42803
FAIL0=3 FAIL1=4 FAIL2=9 FAIL3=37 FAIL4=169 FAIL5=842 FAIL6=6925 FAIL7=49207 FAIL8=42803 
