-- worker thread times 0 0 0 0 0 0 0 0 0 0 0 0 0 0 0 0 0 0 0 0 0 0 0 0 0 0 0 0 0 0 0
-- 3 <40
-- worker thread times 0 0 0 0 0 0 0 0 0 0 0 0 0 0 0 0 0 0 0 0 0 0 0 0 0 0 0 0 0 0 0
-- 3 <39
-- worker thread times 2 0 0 0 0 0 0 0 0 0 1 1 0 0 0 0 0 0 0 0 0 0 0 0 0 0 0 1 0 0 0
-- 5 <38
-- worker thread times 4 4 6 2 5 2 3 3 2 1 4 5 2 0 2 4 4 2 2 4 1 4 3 2 4 1 1 3 2 5 5
-- 8 <37
-- worker thread times 30 24 31 26 25 27 30 29 30 27 25 31 29 28 26 28 28 29 28 32 28 30 30 29 31 28 29 28 30 29 30
-- 35 <36
-- worker thread times 175 177 176 181 178 183 180 178 176 179 179 179 178 175 179 180 180 180 179 178 181 175 180 182 177 178 174 180 181 180 180
-- 187 <35
-- worker thread times 1005 1014 1008 1009 1008 1010 1011 1011 1009 1007 1011 1003 1010 1012 1013 1009 1013 1010 1011 1012 1011 1008 1008 1015 1012 1012 1009 1011 1014 1011 1014
-- 1020 <34
-- worker thread times 5642 5635 5636 5641 5641 5643 5638 5639 5643 5643 5641 5643 5641 5638 5638 5636 5640 5639 5639 5642 5642 5635 5641 5643 5642 5639 5644 5636 5638 5639 5637
-- 5650 <33
-- worker thread times 29053 29062 29063 29059 29055 29054 29054 29061 29056 29060 29059 29060 29059 29061 29054 29057 29059 29054 29056 29060 29056 29064 29060 29057 29057 29052 29058 29062 29055 29069 29053
-- 29072 <32
-- worker thread times 64011 64010 64011 64011 64008 64010 64011 64012 64010 64011 64010 64011 64010 64011 64011 64011 64012 64009 64011 64005 64010 64010 64011 64009 64011 64011 64011 64008 64011 64007 64012
-- 64015 <31
false 19026175 aborted

100002 3 3 5 8 35 187 1020 5650 29072 64015
FAIL0=3 FAIL1=3 FAIL2=5 FAIL3=8 FAIL4=35 FAIL5=187 FAIL6=1020 FAIL7=5650 FAIL8=29072 FAIL9=64015 
