-- worker thread times 0 0 0 0 0 0 0 0 0 0 0 0 0 0 0 0 0 0 0 0 0 0 0 0 0 0 0 0 0 0 0
-- 4 <35
-- worker thread times 1 1 1 0 1 0 0 0 0 0 1 0 0 0 0 0 1 1 1 0 0 0 0 1 1 0 0 1 0 1 0
-- 4 <34
-- worker thread times 3 3 2 1 2 2 3 2 1 2 3 1 2 0 1 3 2 2 1 2 3 4 2 0 4 4 2 1 0 2 4
-- 6 <33
-- worker thread times 8 10 10 9 10 12 10 11 10 9 12 11 12 12 11 10 6 12 8 8 11 10 12 11 11 11 10 11 11 13 12
-- 16 <32
-- worker thread times 39 40 38 37 40 38 38 41 40 38 35 36 40 39 40 39 37 37 42 39 38 38 41 40 42 39 39 38 40 41 38
-- 47 <31
-- worker thread times 117 117 114 119 115 112 120 117 117 118 117 116 111 116 113 113 116 121 121 119 115 120 115 114 118 120 119 115 118 117 121
-- 126 <30
-- worker thread times 300 292 300 299 300 296 303 299 303 302 302 300 299 298 296 301 300 296 302 299 299 295 299 296 294 301 300 301 296 299 298
-- 309 <29
-- worker thread times 714 709 715 707 715 712 705 713 709 704 713 711 711 711 717 708 713 711 707 715 716 716 714 714 715 714 715 712 717 717 716
-- 725 <28
-- worker thread times 1621 1624 1619 1621 1619 1622 1620 1618 1620 1617 1624 1616 1618 1614 1620 1606 1620 1621 1614 1619 1612 1614 1620 1619 1619 1620 1616 1616 1617 1625 1616
-- 1631 <27
-- worker thread times 3586 3597 3595 3591 3592 3593 3592 3596 3599 3593 3589 3591 3591 3596 3589 3589 3594 3587 3592 3588 3584 3596 3592 3592 3591 3591 3589 3594 3592 3594 3599
-- 3605 <26
-- worker thread times 7927 7930 7925 7922 7926 7919 7923 7926 7928 7920 7925 7922 7924 7927 7924 7924 7915 7920 7920 7923 7921 7922 7925 7918 7927 7923 7920 7922 7925 7925 7920
-- 7939 <25
-- worker thread times 17481 17471 17474 17473 17469 17476 17473 17476 17475 17478 17474 17475 17465 17479 17482 17478 17468 17471 17477 17470 17475 17479 17469 17474 17468 17476 17477 17480 17483 17481 17475
-- 17492 <24
-- worker thread times 39810 39812 39817 39818 39815 39805 39820 39816 39810 39805 39822 39821 39809 39816 39806 39813 39807 39815 39811 39811 39820 39818 39814 39815 39811 39806 39824 39819 39815 39805 39820
-- 39832 <23
-- worker thread times 28257 28256 28257 28256 28257 28257 28256 28255 28256 28254 28257 28257 28257 28257 28256 28257 28257 28256 28256 28257 28257 28256 28256 28257 28256 28256 28257 28256 28257 28255 28256
-- 28260 <22
false 17043288 aborted

100002 4 4 6 16 47 126 309 725 1631 3605 7939 17492 39832 28260
FAIL0=4 FAIL1=4 FAIL10=7939 FAIL11=17492 FAIL12=39832 FAIL13=28260 FAIL2=6 FAIL3=16 FAIL4=47 FAIL5=126 FAIL6=309 FAIL7=725 FAIL8=1631 FAIL9=3605 
