-- worker thread times 0 0 0 0 0 0 0 0 0 0 0 0 0 0 0 0 0 0 0 0 0 0 0 0 0 0 0 0 0 0 0
-- 3 <40
-- worker thread times 1 0 0 0 0 0 0 0 0 0 0 0 0 0 0 0 0 0 1 0 0 0 0 0 0 0 0 0 0 0 0
-- 3 <39
-- worker thread times 2 0 0 1 0 1 1 0 0 2 1 1 2 1 0 1 0 1 1 2 1 0 0 1 0 2 2 0 0 1 0
-- 5 <38
-- worker thread times 6 8 6 9 5 6 5 8 7 7 8 9 8 6 6 4 6 5 8 6 8 3 9 5 6 8 6 5 5 6 10
-- 12 <37
-- worker thread times 40 43 43 44 40 44 38 44 39 44 44 40 43 43 43 44 41 44 43 43 43 40 40 42 42 40 41 40 41 42 44
-- 49 <36
-- worker thread times 219 217 226 225 226 219 224 224 225 223 225 218 221 223 219 223 224 219 225 226 224 224 226 219 226 225 220 225 223 221 222
-- 231 <35
-- worker thread times 1115 1119 1120 1114 1121 1111 1119 1121 1119 1115 1112 1116 1117 1118 1117 1120 1119 1119 1114 1120 1121 1118 1121 1114 1116 1119 1115 1120 1116 1121 1123
-- 1127 <34
-- worker thread times 4978 4973 4976 4969 4977 4981 4972 4975 4976 4973 4971 4978 4977 4976 4968 4975 4973 4973 4976 4977 4977 4975 4973 4971 4972 4975 4974 4973 4978 4979 4974
-- 4985 <33
-- worker thread times 21851 21855 21856 21861 21859 21852 21856 21862 21858 21852 21860 21859 21858 21855 21856 21860 21863 21861 21859 21851 21857 21863 21856 21856 21856 21847 21865 21856 21854 21856 21847
-- 21869 <32
-- worker thread times 71704 71708 71709 71709 71710 71707 71708 71709 71706 71708 71709 71708 71708 71708 71703 71709 71707 71708 71704 71707 71707 71706 71704 71708 71708 71707 71709 71705 71706 71706 71709
-- 71713 <31
false 18179830 aborted

100002 3 3 5 12 49 231 1127 4985 21869 71713
FAIL0=3 FAIL1=3 FAIL2=5 FAIL3=12 FAIL4=49 FAIL5=231 FAIL6=1127 FAIL7=4985 FAIL8=21869 FAIL9=71713 
