-- worker thread times 0 0 0 0 0 0 0 0 0 0 0 0 0 0 0 0 0 0 0 0 0 0 0 0 0 0 0 0 0 0 0
-- 3 <40
-- worker thread times 0 1 1 0 0 0 0 0 0 0 0 0 0 0 0 0 0 0 0 0 0 0 0 0 0 0 0 0 0 1 0
-- 4 <39
-- worker thread times 0 3 1 0 1 0 0 1 2 0 3 2 0 0 2 1 1 2 1 2 0 1 2 1 2 2 2 3 1 1 3
-- 6 <38
-- worker thread times 7 6 6 9 1 8 10 10 8 8 5 8 7 7 9 8 7 9 9 4 9 9 8 9 9 7 3 7 5 6 10
-- 13 <37
-- worker thread times 23 23 24 26 23 22 24 22 21 25 22 23 24 24 24 23 20 25 20 22 22 20 22 24 24 25 20 22 25 25 24
-- 30 <36
-- worker thread times 70 71 69 71 69 70 70 66 70 67 68 70 71 65 71 68 71 68 67 71 69 64 68 74 68 67 70 71 73 71 68
-- 77 <35
-- worker thread times 230 233 233 229 235 230 228 232 233 230 230 234 228 229 234 228 230 234 232 229 230 232 236 232 230 227 228 234 226 224 235
-- 241 <34
-- worker thread times 745 747 749 746 739 750 745 747 746 744 744 741 745 745 746 749 737 748 742 748 749 740 742 749 751 747 749 748 745 742 750
-- 756 <33
-- worker thread times 2483 2475 2480 2482 2483 2479 2482 2478 2478 2478 2475 2476 2482 2479 2479 2479 2469 2477 2479 2481 2482 2482 2479 2487 2476 2481 2480 2481 2482 2481 2483
-- 2492 <32
-- worker thread times 7932 7937 7930 7931 7933 7937 7925 7935 7932 7929 7936 7931 7927 7930 7931 7925 7924 7929 7933 7934 7934 7928 7931 7937 7930 7929 7932 7925 7936 7923 7931
-- 7944 <31
-- worker thread times 25478 25479 25478 25481 25482 25482 25486 25472 25478 25480 25476 25484 25474 25482 25479 25479 25482 25483 25484 25482 25483 25484 25481 25480 25477 25482 25474 25482 25480 25476 25487
-- 25495 <30
-- worker thread times 62927 62926 62927 62932 62931 62928 62932 62930 62932 62932 62933 62931 62931 62933 62929 62930 62932 62925 62929 62930 62928 62931 62929 62932 62926 62930 62930 62932 62926 62932 62930
-- 62937 <29
false 18455853 aborted

100002 3 4 6 13 30 77 241 756 2492 7944 25495 62937
FAIL0=3 FAIL1=4 FAIL10=25495 FAIL11=62937 FAIL2=6 FAIL3=13 FAIL4=30 FAIL5=77 FAIL6=241 FAIL7=756 FAIL8=2492 FAIL9=7944 
