-- worker thread times 0 0 0 0 0 0 0 0 0 0 0 0 0 0 0 0 0 0 0 0 0 0 0 0 0 0 0 0 0 0 0
-- 3 <50
-- worker thread times 0 0 0 0 0 0 0 0 0 0 0 0 0 0 0 0 0 0 0 0 0 0 0 0 0 0 0 0 0 0 0
-- 3 <49
-- worker thread times 1 3 1 1 1 3 1 0 0 3 0 2 3 1 1 2 3 3 0 2 0 0 2 0 3 1 1 1 0 1 3
-- 7 <48
-- worker thread times 18 11 16 13 15 16 19 14 19 17 14 14 14 14 16 16 17 19 15 18 19 15 17 17 20 5 16 13 18 11 18
-- 23 <47
-- worker thread times 90 100 98 94 99 92 98 97 96 98 97 95 98 90 97 100 93 94 92 100 92 96 97 93 94 92 97 94 100 99 96
-- 103 <46
-- worker thread times 499 502 503 500 500 499 500 499 496 505 504 498 504 502 499 500 499 506 504 502 498 504 502 505 501 499 504 506 494 498 503
-- 509 <45
-- worker thread times 2455 2452 2453 2457 2451 2450 2453 2455 2460 2452 2456 2458 2451 2451 2455 2454 2450 2455 2452 2448 2452 2454 2456 2450 2454 2457 2452 2450 2455 2458 2452
-- 2464 <44
-- worker thread times 10415 10411 10417 10415 10417 10416 10415 10413 10415 10410 10409 10414 10413 10414 10410 10409 10417 10415 10419 10415 10416 10407 10416 10418 10418 10411 10418 10417 10417 10421 10417
-- 10425 <43
-- worker thread times 43465 43456 43461 43459 43451 43457 43462 43456 43463 43460 43458 43458 43452 43462 43461 43459 43460 43459 43459 43458 43451 43460 43459 43458 43454 43455 43457 43459 43459 43458 43462
-- 43471 <42
-- worker thread times 42986 42985 42986 42986 42985 42985 42984 42985 42984 42985 42984 42985 42985 42985 42984 42984 42986 42984 42985 42985 42985 42984 42985 42985 42985 42984 42986 42985 42984 42984 42986
-- 42989 <41
false 17540944 aborted

100003 3 3 7 23 103 509 2464 10425 43471 42989
FAIL0=3 FAIL1=3 FAIL2=7 FAIL3=23 FAIL4=103 FAIL5=509 FAIL6=2464 FAIL7=10425 FAIL8=43471 FAIL9=42989 
