-- worker thread times 0 0 0 0 0 0 0 0 0 0 0 0 0 0 0 0 0 0 0 0 0 0 0 0 0 0 0 0 0 0 0
-- 2 <35
-- worker thread times 1 0 0 0 0 0 0 0 1 0 0 0 0 0 0 0 0 0 0 0 0 0 0 0 0 0 0 0 0 0 0
-- 4 <34
-- worker thread times 0 2 0 0 0 1 0 1 0 1 0 1 1 0 0 2 1 2 0 0 1 0 2 1 1 2 1 2 1 1 1
-- 5 <33
-- worker thread times 6 2 6 3 4 3 6 5 6 3 8 6 7 4 7 6 2 5 4 4 5 4 8 5 5 5 4 6 7 3 7
-- 11 <32
-- worker thread times 37 32 32 37 39 36 30 33 31 31 36 38 33 35 34 34 38 32 38 35 34 36 33 38 37 38 39 34 35 37 39
-- 43 <31
-- worker thread times 135 134 130 131 130 138 135 133 136 136 130 133 130 137 135 136 136 136 136 133 131 137 133 134 131 136 128 132 130 132 135
-- 142 <30
-- worker thread times 383 381 371 375 381 375 378 374 378 381 378 378 376 377 381 379 378 382 377 377 377 380 375 376 380 380 378 381 382 378 378
-- 388 <29
-- worker thread times 1190 1184 1186 1183 1183 1186 1189 1188 1189 1188 1186 1186 1192 1187 1179 1190 1183 1184 1187 1185 1184 1182 1181 1184 1184 1186 1189 1187 1192 1187 1190
-- 1198 <28
-- worker thread times 3917 3917 3916 3918 3917 3918 3917 3916 3918 3922 3919 3913 3917 3914 3919 3919 3910 3913 3922 3915 3914 3914 3913 3918 3915 3919 3916 3913 3921 3919 3924
-- 3929 <27
-- worker thread times 12950 12933 12942 12948 12950 12947 12945 12947 12943 12945 12945 12947 12948 12954 12947 12939 12948 12942 12946 12948 12943 12944 12948 12949 12954 12953 12947 12948 12940 12951 12953
-- 12960 <26
-- worker thread times 43100 43097 43099 43099 43094 43097 43101 43103 43092 43091 43100 43096 43096 43100 43098 43094 43096 43096 43101 43095 43089 43099 43097 43095 43105 43094 43101 43102 43102 43092 43088
-- 43112 <25
-- worker thread times 33745 33744 33744 33744 33745 33745 33745 33744 33744 33745 33746 33744 33745 33744 33746 33744 33744 33744 33745 33745 33745 33744 33744 33744 33745 33745 33745 33745 33745 33744 33745
true 19413698
(0 -> 33) (1 -> 19) (2 -> 27) (3 -> 5) (4 -> -1) (5 -> 25) (6 -> 13) (7 -> 16) (8 -> 26) (9 -> 2) (10 -> 15) (11 -> 22) (12 -> -1) (13 -> -1) (14 -> -1) (15 -> 18) (16 -> 3) (17 -> 34) (18 -> 14) (19 -> 7) (20 -> -1) (21 -> 29) (22 -> 30) (23 -> 4) (24 -> -1) (25 -> 24) (26 -> 23) (27 -> -1) (28 -> -1) (29 -> -1) (30 -> 9) (31 -> -1) (32 -> 11) (33 -> 10) (34 -> -1) 
95547 2 4 5 11 43 142 388 1198 3929 12960 43112 33749
EXCEPT=11 FAIL0=2 FAIL1=4 FAIL10=43112 FAIL2=5 FAIL3=11 FAIL4=43 FAIL5=142 FAIL6=388 FAIL7=1198 FAIL8=3929 FAIL9=12960 SIZE=24 
