-- worker thread times 0 0 0 0 0 0 0 0 0 0 0 0 0 0 0 0 0 0 0 0 0 0 0 0 0 0 0 0 0 0 0
-- 3 <50
-- worker thread times 1 0 0 0 0 0 1 0 0 0 0 0 0 0 0 0 0 0 0 1 0 0 0 0 0 1 1 0 0 0 1
-- 4 <49
-- worker thread times 3 0 0 2 0 2 0 0 2 2 0 3 2 1 0 0 1 2 2 3 3 2 3 0 3 0 2 0 0 1 3
-- 6 <48
-- worker thread times 11 3 9 7 7 11 8 9 8 11 10 8 8 8 10 9 8 8 7 6 7 11 9 9 9 9 8 5 6 4 10
-- 14 <47
-- worker thread times 31 29 28 28 27 30 27 25 30 28 28 31 29 29 26 26 25 26 29 26 29 31 27 24 27 27 27 28 26 28 29
-- 35 <46
-- worker thread times 91 92 93 88 92 92 91 91 95 91 92 94 85 90 94 92 87 91 91 90 94 92 91 85 92 87 92 94 94 92 93
-- 99 <45
-- worker thread times 289 284 281 285 290 287 288 291 289 289 287 287 285 288 286 290 290 289 287 286 289 280 286 285 289 289 286 287 284 289 292
-- 297 <44
-- worker thread times 779 781 790 792 785 786 790 789 789 790 782 788 787 787 784 789 785 789 785 792 790 787 789 788 791 792 788 785 787 790 791
-- 799 <43
-- worker thread times 2171 2168 2176 2174 2172 2174 2171 2177 2170 2174 2169 2176 2170 2171 2170 2171 2167 2173 2173 2174 2168 2166 2175 2172 2170 2167 2173 2175 2171 2170 2167
-- 2185 <42
-- worker thread times 5507 5508 5501 5508 5501 5498 5509 5501 5506 5507 5508 5506 5501 5505 5503 5508 5511 5510 5502 5504 5507 5507 5504 5504 5509 5502 5501 5505 5509 5512 5508
-- 5519 <41
-- worker thread times 14103 14105 14110 14103 14106 14104 14104 14101 14100 14110 14100 14098 14104 14103 14105 14102 14097 14105 14105 14102 14101 14101 14097 14101 14097 14104 14106 14108 14106 14103 14106
-- 14117 <40
-- worker thread times 35611 35617 35619 35616 35619 35620 35618 35620 35619 35616 35624 35624 35620 35617 35618 35621 35625 35623 35623 35615 35624 35623 35621 35619 35620 35625 35616 35619 35610 35614 35611
-- 35635 <39
-- worker thread times 41277 41277 41276 41277 41275 41278 41276 41274 41277 41276 41275 41278 41277 41276 41277 41277 41276 41275 41277 41278 41276 41273 41275 41277 41278 41274 41277 41272 41276 41277 41277
-- 41281 <38
false 17454643 aborted

100002 3 4 6 14 35 99 297 799 2185 5519 14117 35635 41281
FAIL0=3 FAIL1=4 FAIL10=14117 FAIL11=35635 FAIL12=41281 FAIL2=6 FAIL3=14 FAIL4=35 FAIL5=99 FAIL6=297 FAIL7=799 FAIL8=2185 FAIL9=5519 
