-- worker thread times 0 0 0 0 0 0 0 0 0 0 0 0 0 0 0 0 0 0 0 0 0 0 0 0 0 0 0 0 0 0 0
-- 3 <50
-- worker thread times 1 0 0 0 1 1 0 0 0 0 0 1 0 1 1 0 0 0 0 0 0 0 0 0 1 0 0 1 0 0 0
-- 4 <49
-- worker thread times 4 1 3 2 2 1 2 0 2 4 1 1 3 2 2 2 1 3 0 2 2 3 1 2 2 3 0 3 3 1 4
-- 7 <48
-- worker thread times 13 15 9 8 11 13 10 12 10 13 9 13 15 13 12 12 10 11 10 13 11 11 9 11 9 12 12 10 13 14 11
-- 18 <47
-- worker thread times 70 68 72 71 71 75 68 71 71 71 74 74 64 72 66 72 65 68 69 72 72 73 71 73 72 69 68 71 71 71 70
-- 78 <46
-- worker thread times 332 338 332 333 336 334 336 334 337 332 335 337 336 330 339 335 337 335 335 335 336 335 334 333 334 333 333 337 332 332 337
-- 343 <45
-- worker thread times 1498 1505 1504 1498 1498 1500 1503 1501 1504 1499 1496 1500 1503 1503 1500 1499 1496 1499 1498 1501 1501 1501 1502 1498 1497 1501 1493 1502 1499 1504 1505
-- 1509 <44
-- worker thread times 6016 6022 6021 6025 6018 6020 6017 6024 6021 6022 6018 6018 6023 6021 6025 6018 6019 6022 6019 6023 6020 6019 6019 6020 6015 6013 6021 6024 6019 6020 6024
-- 6031 <43
-- worker thread times 22729 22719 22728 22728 22725 22721 22726 22727 22725 22726 22721 22726 22720 22720 22727 22726 22727 22722 22727 22723 22725 22727 22724 22724 22723 22722 22723 22718 22725 22724 22721
-- 22734 <42
-- worker thread times 69264 69264 69259 69262 69263 69261 69262 69261 69262 69261 69262 69265 69263 69263 69265 69264 69265 69264 69265 69262 69264 69265 69263 69261 69265 69261 69266 69260 69262 69260 69264
-- 69269 <41
false 16583754 aborted

100002 3 4 7 18 78 343 1509 6031 22734 69269
FAIL0=3 FAIL1=4 FAIL2=7 FAIL3=18 FAIL4=78 FAIL5=343 FAIL6=1509 FAIL7=6031 FAIL8=22734 FAIL9=69269 
