-- worker thread times 0 0 0 0 0 0 0 0 0 0 0 0 0 0 0 0 0 0 0 0 0 0 0 0 0 0 0 0 0 0 0
-- 2 <40
-- worker thread times 1 0 0 0 0 0 0 0 0 0 1 0 0 0 0 0 0 0 0 0 0 0 0 0 0 0 0 0 0 0 0
-- 3 <39
-- worker thread times 5 0 4 3 4 3 1 2 1 3 2 3 1 4 2 2 4 2 4 0 0 1 4 2 1 1 1 1 2 0 2
-- 8 <38
-- worker thread times 25 28 21 23 24 24 24 23 26 22 25 21 23 22 23 23 21 27 21 23 26 23 27 20 26 23 24 23 21 23 23
-- 30 <37
-- worker thread times 194 191 188 190 191 191 191 192 194 185 190 189 189 192 190 192 193 192 192 193 190 190 185 189 189 188 186 189 187 188 191
-- 198 <36
-- worker thread times 1191 1186 1186 1186 1188 1189 1187 1185 1191 1188 1190 1190 1190 1188 1184 1189 1188 1188 1190 1188 1188 1192 1191 1187 1188 1189 1188 1188 1188 1191 1192
-- 1197 <35
-- worker thread times 7440 7437 7444 7440 7442 7442 7435 7439 7444 7440 7439 7431 7441 7443 7443 7436 7435 7440 7436 7443 7437 7434 7445 7439 7438 7437 7433 7444 7442 7448 7443
-- 7453 <34
-- worker thread times 55780 55774 55778 55785 55782 55776 55776 55778 55776 55778 55778 55775 55781 55774 55783 55775 55775 55775 55774 55774 55776 55768 55780 55778 55774 55775 55773 55779 55778 55770 55772
-- 55791 <33
-- worker thread times 35312 35311 35312 35310 35312 35311 35312 35312 35312 35312 35311 35312 35311 35312 35313 35312 35312 35311 35312 35312 35313 35312 35313 35311 35312 35311 35312 35312 35311 35312 35313
-- 35316 <32
false 18729715 aborted

100002 2 3 8 30 198 1197 7453 55791 35316
FAIL0=2 FAIL1=3 FAIL2=8 FAIL3=30 FAIL4=198 FAIL5=1197 FAIL6=7453 FAIL7=55791 FAIL8=35316 
