-- worker thread times 0 0 0 0 0 0 0 0 0 0 0 0 0 0 0 0 0 0 0 0 0 0 0 0 0 0 0 0 0 0 0
-- 3 <35
-- worker thread times 0 0 0 0 0 0 0 0 0 0 0 0 0 0 1 0 0 0 0 0 0 0 0 0 0 0 1 0 0 0 0
-- 3 <34
-- worker thread times 4 3 3 3 4 0 2 3 2 2 4 2 1 3 0 2 3 2 4 4 3 2 2 5 0 3 2 2 5 3 5
-- 8 <33
-- worker thread times 21 17 21 22 22 21 21 20 19 21 18 22 20 22 17 19 19 19 21 19 17 22 19 18 21 21 19 19 21 23 21
-- 26 <32
-- worker thread times 95 93 93 95 92 91 96 92 94 91 92 87 91 93 92 92 94 91 94 92 95 91 94 89 96 96 90 94 95 97 96
-- 100 <31
-- worker thread times 413 412 410 406 412 410 408 409 408 410 409 411 414 411 407 415 411 412 411 414 410 413 411 414 409 412 408 411 411 411 412
-- 419 <30
-- worker thread times 1412 1415 1415 1417 1413 1421 1416 1416 1418 1417 1419 1414 1417 1418 1414 1418 1416 1416 1412 1416 1416 1412 1416 1416 1414 1414 1417 1416 1411 1417 1420
-- 1424 <29
-- worker thread times 5100 5101 5097 5101 5101 5093 5099 5095 5099 5094 5099 5100 5097 5099 5100 5097 5094 5098 5097 5095 5095 5101 5097 5097 5100 5098 5098 5101 5099 5102 5098
-- 5106 <28
-- worker thread times 8658 8656 8657 8657 8656 8655 8655 8655 8656 8655 8655 8656 8654 8652 8657 8657 8656 8656 8657 8653 8655 8656 8656 8657 8656 8655 8652 8650 8654 8657 8657
true 2544246
(0 -> -1) (1 -> 9) (2 -> 24) (3 -> 15) (4 -> 31) (5 -> 21) (6 -> -1) (7 -> 6) (8 -> 18) (9 -> 13) (10 -> 2) (11 -> 3) (12 -> 23) (13 -> 8) (14 -> -1) (15 -> 14) (16 -> -1) (17 -> 33) (18 -> -1) (19 -> -1) (20 -> 10) (21 -> -1) (22 -> 7) (23 -> 17) (24 -> -1) (25 -> 19) (26 -> 25) (27 -> 22) (28 -> 27) (29 -> 34) (30 -> 12) (31 -> 16) (32 -> 1) (33 -> 30) (34 -> 32) 
15753 3 3 8 26 100 419 1424 5106 8661
EXCEPT=8 FAIL0=3 FAIL1=3 FAIL2=8 FAIL3=26 FAIL4=100 FAIL5=419 FAIL6=1424 FAIL7=5106 SIZE=27 
