-- worker thread times 0 0 0 0 0 0 0 0 0 0 0 0 0 0 0 0 0 0 0 0 0 0 0 0 0 0 0 0 0 0 0
-- 3 <50
-- worker thread times 0 0 0 0 0 0 0 0 1 0 0 0 0 1 1 0 0 0 0 0 0 0 1 0 0 0 0 1 0 0 0
-- 4 <49
-- worker thread times 1 0 2 3 2 2 2 1 2 2 3 1 3 3 2 5 1 3 3 2 0 3 2 3 4 3 2 3 2 4 6
-- 9 <48
-- worker thread times 28 29 29 27 24 30 27 28 27 29 29 31 27 28 23 25 26 25 28 28 27 26 28 26 27 30 25 28 29 26 27
-- 34 <47
-- worker thread times 160 159 154 156 158 155 154 155 157 159 155 157 155 160 158 159 157 159 157 154 157 158 157 155 155 161 158 157 153 154 161
-- 165 <46
-- worker thread times 756 752 751 753 754 755 750 757 747 753 748 753 750 751 750 752 747 757 754 752 751 748 753 755 750 756 749 752 748 748 752
-- 761 <45
-- worker thread times 3099 3099 3101 3097 3095 3095 3096 3096 3099 3097 3099 3097 3101 3102 3099 3099 3101 3094 3098 3100 3096 3102 3099 3096 3094 3100 3101 3099 3098 3097 3105
-- 3108 <44
-- worker thread times 12207 12207 12209 12205 12205 12200 12203 12207 12207 12206 12212 12207 12201 12207 12212 12208 12210 12211 12209 12209 12205 12211 12202 12208 12209 12208 12213 12211 12213 12209 12210
-- 12220 <43
-- worker thread times 44429 44428 44430 44429 44434 44435 44431 44430 44434 44433 44427 44435 44432 44425 44436 44429 44433 44429 44431 44431 44430 44431 44429 44431 44437 44427 44431 44429 44431 44428 44430
-- 44443 <42
-- worker thread times 39247 39247 39246 39247 39246 39247 39246 39246 39246 39245 39246 39247 39246 39246 39246 39246 39246 39247 39246 39246 39247 39245 39246 39246 39247 39246 39246 39246 39245 39247 39246
-- 39250 <41
false 17786920 aborted

100002 3 4 9 34 165 761 3108 12220 44443 39250
FAIL0=3 FAIL1=4 FAIL2=9 FAIL3=34 FAIL4=165 FAIL5=761 FAIL6=3108 FAIL7=12220 FAIL8=44443 FAIL9=39250 
