-- worker thread times 0 0 0 0 0 0 0 0 0 0 0 0 0 0 0 0 0 0 0 0 0 0 0 0 0 0 0 0 0 0 0
-- 4 <50
-- worker thread times 1 1 0 0 0 0 0 0 0 0 0 1 0 1 0 0 0 0 0 0 0 0 0 0 1 0 1 0 0 0 0
-- 4 <49
-- worker thread times 2 0 2 0 2 2 1 2 2 2 2 2 3 2 2 1 3 2 2 1 1 0 0 4 4 1 3 4 4 2 4
-- 8 <48
-- worker thread times 11 13 16 13 12 15 12 16 15 14 15 15 12 13 15 12 9 13 13 14 15 12 12 13 14 13 15 11 15 14 12
-- 19 <47
-- worker thread times 58 50 52 55 54 56 53 52 53 54 52 53 55 51 50 57 52 57 51 55 54 53 50 53 55 56 51 51 52 56 59
-- 62 <46
-- worker thread times 172 170 173 170 171 168 170 171 172 169 167 169 173 164 173 170 170 169 172 165 167 166 169 164 168 168 171 171 170 168 172
-- 179 <45
-- worker thread times 456 456 453 451 454 454 456 456 456 455 450 458 455 453 448 457 451 452 456 447 450 456 453 452 454 453 456 449 454 450 456
-- 463 <44
-- worker thread times 1128 1120 1123 1127 1119 1123 1123 1123 1122 1126 1125 1123 1116 1124 1118 1123 1125 1126 1124 1124 1124 1119 1125 1122 1128 1124 1125 1121 1122 1120 1125
-- 1134 <43
-- worker thread times 2897 2894 2898 2896 2891 2894 2900 2895 2894 2896 2899 2901 2895 2895 2896 2894 2899 2900 2894 2894 2897 2897 2895 2897 2894 2898 2892 2896 2902 2894 2899
-- 2909 <42
-- worker thread times 7010 7008 7016 7019 7010 7016 7012 7013 7013 7016 7011 7016 7020 7015 7006 7006 7015 7010 7010 7015 7011 7010 7015 7009 7012 7012 7016 7016 7014 7018 7016
-- 7026 <41
-- worker thread times 17125 17131 17119 17130 17115 17125 17127 17123 17127 17124 17120 17123 17117 17126 17129 17128 17125 17119 17126 17120 17126 17128 17125 17122 17133 17129 17129 17128 17127 17128 17130
-- 17140 <40
-- worker thread times 40076 40069 40075 40066 40074 40069 40067 40069 40075 40074 40074 40074 40064 40070 40074 40071 40068 40071 40074 40069 40072 40067 40073 40072 40068 40068 40073 40073 40068 40066 40080
-- 40086 <39
-- worker thread times 30956 30955 30955 30954 30957 30957 30956 30955 30952 30957 30956 30956 30956 30956 30957 30956 30955 30954 30957 30956 30956 30955 30955 30957 30956 30956 30956 30954 30955 30956 30956
-- 30961 <38
false 17154631 aborted

100002 4 4 8 19 62 179 463 1134 2909 7026 17140 40086 30961
FAIL0=4 FAIL1=4 FAIL10=17140 FAIL11=40086 FAIL12=30961 FAIL2=8 FAIL3=19 FAIL4=62 FAIL5=179 FAIL6=463 FAIL7=1134 FAIL8=2909 FAIL9=7026 
