-- worker thread times 0 0 0 0 0 0 0 0 0 0 0 0 0 0 0 0 0 0 0 0 0 0 0 0 0 0 0 0 0 0 0
-- 3 <30
-- worker thread times 0 0 0 0 0 0 0 0 0 0 0 0 0 0 0 0 0 0 0 0 0 0 0 0 0 0 0 0 0 0 0
-- 3 <29
-- worker thread times 1 2 0 2 0 2 0 0 1 0 0 0 0 0 0 2 0 0 0 1 0 0 1 1 0 1 1 0 0 1 0
-- 4 <28
-- worker thread times 4 3 4 5 4 2 3 2 3 3 3 3 1 4 4 2 2 4 3 3 3 4 2 3 4 3 2 4 5 2 4
-- 8 <27
-- worker thread times 13 16 12 17 13 15 15 10 17 13 13 12 12 15 14 16 12 12 15 10 14 12 14 15 11 11 14 16 10 16 15
-- 21 <26
-- worker thread times 62 58 61 56 59 58 59 55 53 61 57 57 60 57 52 61 61 60 52 59 59 56 60 55 59 57 59 54 59 54 63
-- 66 <25
-- worker thread times 209 208 208 214 211 210 214 208 208 208 207 211 212 213 205 207 210 208 214 212 212 206 208 213 207 213 211 206 215 204 213
-- 219 <24
-- worker thread times 706 704 699 702 706 703 704 705 697 704 700 704 699 704 704 703 704 704 703 707 704 705 708 699 704 705 703 706 705 700 707
-- 714 <23
-- worker thread times 2204 2206 2206 2201 2209 2203 2207 2204 2207 2206 2208 2206 2202 2208 2204 2207 2204 2206 2204 2206 2206 2204 2210 2206 2207 2201 2205 2200 2204 2205 2210
-- 2218 <22
-- worker thread times 2847 2850 2850 2842 2845 2843 2843 2848 2849 2848 2850 2848 2850 2849 2849 2849 2849 2847 2849 2848 2850 2849 2846 2849 2849 2846 2849 2850 2849 2849 2849
true 1109015
(0 -> 8) (1 -> 18) (2 -> -1) (3 -> 28) (4 -> 11) (5 -> 27) (6 -> 0) (7 -> -1) (8 -> 9) (9 -> 24) (10 -> 25) (11 -> 21) (12 -> 29) (13 -> 14) (14 -> 3) (15 -> 1) (16 -> -1) (17 -> -1) (18 -> -1) (19 -> 16) (20 -> -1) (21 -> -1) (22 -> 10) (23 -> 12) (24 -> 6) (25 -> 22) (26 -> 13) (27 -> 4) (28 -> -1) (29 -> -1) 
6114 3 3 4 8 21 66 219 714 2218 2853
EXCEPT=9 FAIL0=3 FAIL1=3 FAIL2=4 FAIL3=8 FAIL4=21 FAIL5=66 FAIL6=219 FAIL7=714 FAIL8=2218 SIZE=21 
