-- worker thread times 0 0 0 0 0 0 0 0 0 0 0 0 0 0 0 0 0 0 0 0 0 0 0 0 0 0 0 0 0 0 0
-- 3 <30
-- worker thread times 0 0 0 0 0 0 0 0 0 0 1 0 0 0 0 0 1 0 0 0 0 0 0 1 0 0 1 0 1 0 0
-- 4 <29
-- worker thread times 0 2 0 1 1 1 1 0 0 0 0 0 0 1 0 0 1 1 2 1 0 2 1 3 2 1 2 2 0 1 3
-- 5 <28
-- worker thread times 5 7 6 7 9 8 7 9 7 6 8 8 8 6 10 6 4 5 7 8 7 4 7 8 5 7 8 8 5 7 10
-- 13 <27
-- worker thread times 31 38 36 33 37 35 37 36 37 34 39 29 35 31 36 33 34 34 34 32 34 36 36 36 36 36 31 37 35 37 34
-- 43 <26
-- worker thread times 117 117 114 118 116 114 121 117 121 120 111 116 123 117 121 116 114 122 118 117 118 113 114 121 118 118 122 111 119 115 119
-- 127 <25
-- worker thread times 313 313 310 309 311 309 312 306 315 311 312 308 309 301 309 306 313 302 314 308 315 311 310 310 314 313 312 310 308 314 308
-- 321 <24
-- worker thread times 764 766 772 770 770 762 769 769 767 769 767 768 767 770 762 768 766 771 769 768 766 767 770 767 759 773 770 770 766 766 773
-- 779 <23
-- worker thread times 1770 1769 1764 1772 1763 1767 1766 1770 1767 1773 1772 1769 1769 1762 1767 1766 1768 1765 1772 1767 1770 1770 1768 1768 1761 1766 1770 1775 1768 1763 1773
-- 1781 <22
-- worker thread times 1743 1747 1740 1747 1738 1746 1746 1747 1747 1742 1743 1745 1745 1744 1745 1745 1743 1744 1747 1745 1745 1744 1746 1746 1742 1743 1741 1746 1742 1747 1747
true 781243
(0 -> 2) (1 -> 23) (2 -> 14) (3 -> 29) (4 -> 21) (5 -> 13) (6 -> 11) (7 -> -1) (8 -> -1) (9 -> 9) (10 -> 0) (11 -> 17) (12 -> -1) (13 -> 26) (14 -> 19) (15 -> 22) (16 -> 18) (17 -> -1) (18 -> 7) (19 -> 5) (20 -> 8) (21 -> -1) (22 -> 25) (23 -> -1) (24 -> -1) (25 -> -1) (26 -> 3) (27 -> -1) (28 -> 20) (29 -> 16) 
4830 3 4 5 13 43 127 321 779 1781 1750
EXCEPT=9 FAIL0=3 FAIL1=4 FAIL2=5 FAIL3=13 FAIL4=43 FAIL5=127 FAIL6=321 FAIL7=779 FAIL8=1781 SIZE=21 
