-- worker thread times 0 0 0 0 0 0 0 0 0 0 0 0 0 0 0 0 0 0 0 0 0 0 0 0 0 0 0 0 0 0 0
-- 3 <25
-- worker thread times 1 0 0 1 2 1 1 0 1 0 0 0 0 0 0 1 1 0 0 1 0 1 0 0 1 1 1 0 0 0 2
-- 4 <24
-- worker thread times 2 7 5 6 5 5 5 5 5 6 4 6 5 1 4 4 4 5 2 1 4 6 6 3 6 5 2 6 5 3 4
-- 9 <23
-- worker thread times 20 20 21 20 19 19 18 21 19 18 19 20 16 16 22 19 22 21 19 20 20 19 20 21 22 19 19 19 22 19 22
-- 25 <22
-- worker thread times 59 58 58 58 59 59 60 58 58 59 59 60 61 59 62 62 58 61 57 60 57 62 59 59 60 55 62 61 61 59 63
-- 66 <21
-- worker thread times 146 145 142 143 145 141 141 144 142 143 139 143 145 143 143 141 138 145 143 143 144 145 146 145 139 142 141 142 144 143 145
-- 150 <20
-- worker thread times 320 315 316 318 314 312 314 312 316 309 318 318 319 319 316 315 316 311 314 316 315 316 313 313 311 318 316 313 317 315 310
-- 324 <19
-- worker thread times 690 694 697 694 690 694 693 688 691 694 694 689 691 687 690 690 693 696 691 693 689 696 692 693 690 688 693 694 691 692 695
-- 702 <18
-- worker thread times 210 210 210 210 209 209 210 209 210 209 210 209 209 209 210 209 210 210 209 210 210 209 210 210 210 209 209 210 210 209 210
true 253471
(0 -> -1) (1 -> 5) (2 -> -1) (3 -> -1) (4 -> 14) (5 -> -1) (6 -> 12) (7 -> -1) (8 -> 24) (9 -> -1) (10 -> 3) (11 -> 21) (12 -> 4) (13 -> 6) (14 -> 13) (15 -> 0) (16 -> -1) (17 -> 11) (18 -> -1) (19 -> 23) (20 -> 15) (21 -> 2) (22 -> 10) (23 -> 18) (24 -> 7) 
1501 3 4 9 25 66 150 324 702 213
EXCEPT=8 FAIL0=3 FAIL1=4 FAIL2=9 FAIL3=25 FAIL4=66 FAIL5=150 FAIL6=324 FAIL7=702 SIZE=17 
