-- worker thread times 0 0 0 0 0 0 0 0 0 0 0 0 0 0 0 0 0 0 0 0 0 0 0 0 0 0 0 0 0 0 0
-- 3 <40
-- worker thread times 1 0 0 0 0 0 0 1 0 0 0 1 0 1 0 0 1 0 0 0 0 1 0 0 0 0 0 0 0 1 2
-- 4 <39
-- worker thread times 8 5 1 6 7 4 5 7 4 5 5 4 5 6 6 3 3 3 3 2 7 5 6 5 6 5 5 2 5 3 4
-- 10 <38
-- worker thread times 35 37 37 40 36 40 36 36 34 38 34 32 37 34 39 35 36 34 39 37 35 36 36 36 40 39 37 36 38 38 40
-- 43 <37
-- worker thread times 234 230 232 234 237 231 231 236 232 232 229 231 234 233 235 233 234 235 233 230 232 230 236 234 230 235 233 234 230 233 237
-- 241 <36
-- worker thread times 1256 1261 1259 1249 1255 1258 1253 1258 1258 1250 1257 1253 1254 1260 1253 1255 1253 1261 1256 1256 1257 1253 1253 1257 1255 1259 1249 1257 1254 1254 1257
-- 1265 <35
-- worker thread times 6045 6036 6051 6039 6051 6050 6049 6042 6042 6044 6047 6049 6045 6042 6048 6042 6042 6048 6044 6047 6038 6050 6043 6049 6050 6046 6042 6046 6044 6045 6049
-- 6055 <34
-- worker thread times 33338 33345 33345 33337 33344 33349 33342 33337 33339 33340 33349 33344 33343 33342 33340 33342 33342 33339 33349 33340 33345 33340 33342 33338 33341 33344 33346 33339 33348 33339 33337
-- 33354 <33
-- worker thread times 59020 59019 59019 59018 59018 59017 59020 59018 59019 59018 59020 59019 59019 59019 59019 59016 59019 59020 59019 59018 59019 59018 59019 59018 59018 59015 59018 59020 59019 59019 59020
-- 59023 <32
false 16990545 aborted

100003 3 4 10 43 241 1265 6055 33354 59023
FAIL0=3 FAIL1=4 FAIL2=10 FAIL3=43 FAIL4=241 FAIL5=1265 FAIL6=6055 FAIL7=33354 FAIL8=59023 
