-- 1086 25
-- 1086 26
-- 1088 27
-- 1123 28
-- 1182 29
-- 1486 30
-- 4445 31
-- 5245 32
-- 5248 33
-- 5698 34
-- 6226 35
-- 6363 36
-- 6409 37
-- 6496 38
-- 6657 39
-- 28300 40
-- 33057 42
-- 34900 43
-- 44867 49
true 25666083 aborted 49
(0 -> 30) (1 -> 21) (2 -> 36) (3 -> 2) (4 -> 15) (5 -> 7) (6 -> 45) (7 -> 17) (8 -> 35) (9 -> 33) (10 -> 42) (11 -> 9) (12 -> 29) (13 -> 23) (14 -> 16) (15 -> 41) (16 -> 43) (17 -> 8) (18 -> 14) (19 -> 28) (20 -> 24) (21 -> 0) (22 -> 40) (23 -> 13) (24 -> 20) (25 -> 34) (26 -> 44) (27 -> 49) (28 -> 19) (29 -> 37) (30 -> 22) (31 -> 38) (32 -> 5) (33 -> 31) (34 -> 1) (35 -> 4) (36 -> 39) (37 -> 25) (38 -> 27) (39 -> 3) (40 -> 6) (41 -> 46) (42 -> 32) (43 -> 12) (44 -> 18) (45 -> 10) (47 -> 11) (48 -> 47) (49 -> 48) 
100001
