-- worker thread times 0 0 0 0 0 0 0 0 0 0 0 0 0 0 0 0 0 0 0 0 0 0 0 0 0 0 0 0 0 0 0
-- 2 <30
-- worker thread times 1 0 0 0 0 0 0 0 0 0 1 0 0 0 0 1 0 0 0 0 0 0 1 0 0 1 0 0 0 1 0
-- 3 <29
-- worker thread times 2 0 1 0 1 1 2 0 1 1 3 2 1 0 0 0 0 2 2 2 0 1 0 1 0 2 2 0 1 0 2
-- 5 <28
-- worker thread times 6 9 5 3 8 7 6 9 5 4 5 4 6 5 8 5 4 5 6 9 7 6 8 3 7 6 3 8 8 6 8
-- 11 <27
-- worker thread times 35 32 32 35 32 28 30 33 34 31 31 33 34 35 36 37 35 33 35 32 37 27 35 32 31 32 31 33 33 34 28
-- 40 <26
-- worker thread times 126 128 123 127 128 125 122 129 125 128 129 123 128 130 127 126 128 128 124 130 128 131 126 128 124 125 124 127 124 129 131
-- 136 <25
-- worker thread times 411 409 410 409 413 414 409 409 413 412 409 407 413 411 408 406 413 409 409 408 406 409 411 406 406 408 409 411 414 401 413
-- 419 <24
-- worker thread times 1466 1466 1460 1460 1457 1462 1452 1465 1465 1463 1468 1468 1458 1465 1461 1460 1455 1458 1465 1467 1465 1458 1462 1463 1457 1463 1463 1459 1459 1462 1460
-- 1472 <23
-- worker thread times 4276 4280 4275 4279 4278 4272 4275 4270 4272 4276 4279 4279 4269 4269 4274 4275 4277 4280 4273 4275 4267 4276 4280 4278 4282 4277 4274 4274 4273 4279 4279
-- 4286 <22
-- worker thread times 13070 13060 13065 13061 13064 13067 13060 13070 13065 13066 13066 13067 13067 13056 13067 13063 13070 13059 13061 13065 13061 13061 13064 13065 13061 13067 13061 13067 13067 13068 13064
-- 13076 <21
-- worker thread times 41009 41011 41012 41011 41014 41007 41006 41006 40999 41005 41005 41010 41005 41008 41006 41003 41008 41004 41000 40998 41003 41006 41008 41008 41004 41001 41006 41002 41002 41003 41008
-- 41020 <20
-- worker thread times 39519 39520 39522 39521 39520 39518 39521 39521 39521 39522 39520 39521 39521 39520 39521 39520 39520 39520 39521 39520 39521 39521 39521 39520 39520 39521 39521 39521 39521 39521 39521
-- 39525 <19
false 20224734 aborted

100002 2 3 5 11 40 136 419 1472 4286 13076 41020 39525
FAIL0=2 FAIL1=3 FAIL10=41020 FAIL11=39525 FAIL2=5 FAIL3=11 FAIL4=40 FAIL5=136 FAIL6=419 FAIL7=1472 FAIL8=4286 FAIL9=13076 
