-- worker thread times 0 0 0 0 0 0 0 0 0 0 0 0 0 0 0 0 0 0 0 0 0 0 0 0 0 0 0 0 0 0 0
-- 2 <30
-- worker thread times 0 0 0 0 0 0 0 0 0 0 0 0 0 0 0 0 0 0 0 0 0 0 0 0 0 0 0 0 0 0 0
-- 3 <29
-- worker thread times 0 1 1 0 0 0 0 0 0 0 0 0 0 0 0 0 0 0 0 0 0 0 0 0 0 0 1 0 0 0 0
-- 4 <28
-- worker thread times 4 1 2 2 4 2 3 1 3 3 2 1 3 1 3 3 1 2 3 3 0 3 3 3 3 2 2 3 4 3 1
-- 7 <27
-- worker thread times 13 13 13 16 13 15 15 15 12 15 14 15 15 15 16 10 11 16 16 14 15 14 13 15 12 11 14 13 16 15 12
-- 20 <26
-- worker thread times 72 70 66 65 67 71 67 68 71 74 66 73 69 67 69 69 72 73 70 71 71 73 69 73 69 70 67 68 72 69 75
-- 79 <25
-- worker thread times 314 310 310 313 309 311 315 307 308 308 314 310 314 306 315 309 309 312 304 309 308 311 306 308 310 311 313 308 315 309 307
-- 321 <24
-- worker thread times 1137 1133 1132 1136 1137 1138 1138 1137 1138 1133 1132 1139 1139 1137 1139 1137 1136 1135 1138 1134 1132 1139 1135 1133 1138 1136 1132 1137 1134 1141 1134
-- 1147 <23
-- worker thread times 3854 3865 3863 3856 3859 3861 3858 3854 3856 3859 3858 3858 3858 3859 3854 3859 3858 3859 3860 3859 3857 3861 3862 3851 3856 3855 3857 3856 3855 3856 3856
-- 3870 <22
-- worker thread times 12942 12936 12941 12940 12945 12939 12940 12940 12940 12946 12937 12938 12939 12944 12941 12940 12936 12939 12940 12942 12936 12939 12942 12942 12935 12941 12941 12932 12940 12936 12946
-- 12953 <21
-- worker thread times 41809 41806 41803 41807 41803 41808 41801 41808 41808 41805 41809 41802 41801 41808 41802 41797 41807 41799 41807 41806 41803 41808 41800 41805 41804 41801 41805 41806 41802 41809 41807
-- 41817 <20
-- worker thread times 22807 22805 22804 22805 22804 22805 22805 22805 22805 22805 22805 22805 22805 22803 22806 22805 22805 22805 22805 22805 22805 22805 22805 22804 22805 22805 22805 22806 22806 22806 22805
true 16473987
(0 -> 12) (1 -> -1) (2 -> 26) (3 -> 9) (4 -> 28) (5 -> 15) (6 -> -1) (7 -> -1) (8 -> -1) (9 -> 17) (10 -> 7) (11 -> 6) (12 -> 5) (13 -> 27) (14 -> 18) (15 -> -1) (16 -> 16) (17 -> 3) (18 -> 25) (19 -> 19) (20 -> 10) (21 -> -1) (22 -> -1) (23 -> 11) (24 -> -1) (25 -> 22) (26 -> -1) (27 -> 2) (28 -> -1) (29 -> -1) 
83037 2 3 4 7 20 79 321 1147 3870 12953 41817 22809
EXCEPT=11 FAIL0=2 FAIL1=3 FAIL10=41817 FAIL2=4 FAIL3=7 FAIL4=20 FAIL5=79 FAIL6=321 FAIL7=1147 FAIL8=3870 FAIL9=12953 SIZE=19 
