-- worker thread times 0 0 0 0 0 0 0 0 0 0 0 0 0 0 0 0 0 0 0 0 0 0 0 0 0 0 0 0 0 0 0
-- 3 <35
-- worker thread times 0 1 1 0 0 0 0 0 0 0 1 0 0 0 0 0 0 1 0 0 0 1 0 1 0 0 0 1 0 0 0
-- 4 <34
-- worker thread times 1 3 2 2 2 3 1 1 0 3 1 2 1 2 3 3 4 3 2 1 1 1 4 4 2 4 3 1 0 1 1
-- 7 <33
-- worker thread times 8 9 8 10 10 9 8 9 6 11 10 10 10 9 10 6 7 8 8 9 10 8 6 8 8 8 8 8 6 12 10
-- 15 <32
-- worker thread times 41 43 37 42 42 42 39 41 42 38 39 37 42 41 41 38 42 45 34 38 42 43 37 45 40 40 42 42 42 41 42
-- 48 <31
-- worker thread times 135 135 131 129 137 134 131 132 130 131 135 133 135 136 134 138 135 135 133 129 133 133 137 132 129 133 129 136 134 131 134
-- 141 <30
-- worker thread times 407 405 409 405 403 412 409 407 404 411 407 410 410 408 407 405 401 407 407 404 410 410 406 411 408 404 410 407 403 405 403
-- 416 <29
-- worker thread times 1021 1022 1024 1025 1016 1020 1022 1020 1021 1021 1019 1023 1026 1021 1024 1018 1023 1021 1017 1017 1017 1011 1025 1022 1023 1019 1021 1020 1021 1026 1023
-- 1031 <28
-- worker thread times 2234 2232 2230 2231 2228 2232 2231 2225 2229 2230 2227 2228 2227 2234 2228 2226 2230 2228 2220 2230 2227 2224 2228 2234 2224 2232 2226 2226 2231 2229 2233
-- 2241 <27
-- worker thread times 4576 4576 4578 4577 4570 4575 4572 4573 4570 4578 4573 4568 4569 4579 4572 4578 4576 4574 4575 4580 4576 4575 4578 4572 4577 4575 4576 4577 4570 4574 4577
-- 4588 <26
-- worker thread times 8934 8933 8926 8930 8930 8929 8934 8940 8934 8927 8931 8933 8931 8930 8930 8931 8931 8933 8930 8933 8935 8929 8935 8929 8930 8928 8934 8933 8926 8933 8935
-- 8945 <25
-- worker thread times 17226 17220 17217 17219 17219 17220 17217 17220 17222 17222 17218 17221 17216 17217 17222 17216 17222 17219 17221 17219 17222 17217 17220 17216 17219 17218 17221 17217 17223 17225 17223
-- 17234 <24
-- worker thread times 32705 32704 32709 32697 32702 32701 32704 32701 32701 32704 32698 32703 32702 32697 32695 32701 32701 32699 32698 32700 32701 32705 32699 32703 32700 32704 32706 32704 32709 32701 32709
-- 32718 <23
-- worker thread times 32600 32599 32601 32596 32600 32599 32597 32599 32600 32597 32600 32600 32594 32599 32598 32597 32599 32599 32595 32599 32600 32597 32600 32600 32597 32601 32599 32599 32599 32600 32600
-- 32605 <22
false 19549634 aborted

100003 3 4 7 15 48 141 416 1031 2241 4588 8945 17234 32718 32605
FAIL0=3 FAIL1=4 FAIL10=8945 FAIL11=17234 FAIL12=32718 FAIL13=32605 FAIL2=7 FAIL3=15 FAIL4=48 FAIL5=141 FAIL6=416 FAIL7=1031 FAIL8=2241 FAIL9=4588 
