-- worker thread times 0 0 0 0 0 0 0 0 0 0 0 0 0 0 0 0 0 0 0 0 0 0 0 0 0 0 0 0 0 0 0
-- 3 <40
-- worker thread times 0 0 0 0 0 0 0 0 0 0 0 0 0 0 0 0 0 0 0 0 0 0 0 0 0 0 0 0 0 0 0
-- 3 <39
-- worker thread times 2 1 1 0 2 1 2 2 0 2 0 1 0 1 1 1 0 0 1 0 1 0 0 0 1 0 1 0 0 2 1
-- 5 <38
-- worker thread times 7 5 6 7 10 9 8 6 6 7 3 7 9 11 6 5 9 9 7 9 9 11 8 10 7 6 8 7 9 3 11
-- 14 <37
-- worker thread times 67 68 67 68 66 68 68 69 65 69 71 72 70 65 66 67 72 70 66 70 67 65 69 72 69 73 66 72 66 67 71
-- 76 <36
-- worker thread times 489 480 483 485 480 481 481 487 482 479 484 474 483 477 484 479 482 486 485 478 482 481 480 481 477 480 485 488 486 486 485
-- 491 <35
-- worker thread times 3185 3178 3184 3178 3182 3185 3182 3180 3180 3183 3176 3183 3180 3176 3182 3179 3174 3178 3180 3176 3179 3180 3179 3178 3175 3181 3175 3179 3180 3184 3178
-- 3190 <34
-- worker thread times 22682 22685 22685 22687 22685 22689 22684 22679 22685 22686 22682 22682 22678 22685 22684 22689 22684 22689 22682 22681 22676 22679 22690 22685 22692 22683 22683 22690 22687 22690 22687
-- 22698 <33
-- worker thread times 73513 73513 73509 73513 73514 73514 73514 73512 73513 73511 73509 73512 73514 73512 73513 73512 73514 73514 73512 73512 73513 73514 73513 73511 73514 73513 73513 73511 73512 73513 73513
-- 73517 <32
false 16980689 aborted

100002 3 3 5 14 76 491 3190 22698 73517
FAIL0=3 FAIL1=3 FAIL2=5 FAIL3=14 FAIL4=76 FAIL5=491 FAIL6=3190 FAIL7=22698 FAIL8=73517 
