-- worker thread times 0 0 0 0 0 0 0 0 0 0 0 0 0 0 0 0 0 0 0 0 0 0 0 0 0 0 0 0 0 0 1
-- 4 <40
-- worker thread times 0 2 0 0 1 0 0 0 0 0 0 1 1 0 0 0 0 1 0 0 0 1 0 0 1 0 0 0 0 0 0
-- 4 <39
-- worker thread times 1 2 1 1 1 1 2 2 2 2 2 3 3 2 1 1 1 4 1 1 1 3 1 1 0 2 0 3 1 4 4
-- 7 <38
-- worker thread times 17 17 16 12 15 13 14 12 16 13 16 17 15 14 15 17 14 12 15 13 15 13 11 17 13 14 14 11 13 9 16
-- 20 <37
-- worker thread times 60 57 59 59 60 60 59 60 62 57 57 58 59 59 59 56 58 57 56 59 59 61 54 57 59 61 54 57 55 59 59
-- 65 <36
-- worker thread times 198 198 203 195 199 203 199 197 201 202 202 199 196 198 201 199 194 198 204 198 202 200 200 202 201 201 201 202 201 202 203
-- 209 <35
-- worker thread times 558 556 560 555 560 558 557 559 557 559 559 560 552 556 560 559 554 560 553 558 559 562 558 553 560 562 556 552 560 558 561
-- 567 <34
-- worker thread times 1357 1354 1358 1354 1359 1356 1358 1356 1358 1358 1360 1353 1359 1352 1352 1357 1356 1359 1356 1360 1358 1356 1356 1358 1354 1358 1354 1353 1358 1354 1359
-- 1367 <33
-- worker thread times 2979 2981 2982 2977 2977 2982 2980 2985 2985 2979 2983 2980 2982 2980 2980 2977 2983 2983 2982 2983 2980 2981 2979 2977 2981 2982 2984 2979 2972 2980 2984
-- 2992 <32
-- worker thread times 6128 6130 6122 6124 6122 6120 6129 6124 6125 6124 6130 6124 6129 6130 6126 6130 6125 6125 6122 6127 6129 6125 6131 6125 6124 6127 6127 6126 6127 6128 6131
-- 6139 <31
-- worker thread times 12129 12130 12127 12126 12126 12124 12129 12123 12129 12122 12129 12125 12123 12122 12134 12126 12121 12128 12130 12129 12121 12124 12124 12126 12122 12128 12123 12129 12123 12122 12123
-- 12140 <30
-- worker thread times 22339 22338 22344 22341 22342 22342 22339 22340 22344 22346 22339 22341 22339 22341 22337 22338 22347 22338 22338 22343 22342 22349 22345 22341 22344 22342 22348 22343 22343 22335 22343
-- 22357 <29
-- worker thread times 42133 42130 42129 42128 42123 42133 42126 42133 42135 42130 42133 42128 42128 42133 42132 42132 42126 42129 42129 42131 42129 42126 42128 42129 42135 42129 42129 42131 42127 42133 42136
-- 42146 <28
-- worker thread times 11976 11975 11974 11975 11975 11974 11975 11974 11975 11976 11975 11975 11976 11975 11974 11974 11974 11975 11975 11974 11975 11975 11975 11973 11974 11975 11975 11975 11975 11976 11975
-- 11978 <27
false 18841351 aborted

100002 4 4 7 20 65 209 567 1367 2992 6139 12140 22357 42146 11978
FAIL0=4 FAIL1=4 FAIL10=12140 FAIL11=22357 FAIL12=42146 FAIL13=11978 FAIL2=7 FAIL3=20 FAIL4=65 FAIL5=209 FAIL6=567 FAIL7=1367 FAIL8=2992 FAIL9=6139 
