-- worker thread times 0 0 0 0 0 0 0 0 0 0 0 0 0 0 0 0 0 0 0 0 0 0 0 0 0 0 0 0 0 0 0
-- 2 <30
-- worker thread times 0 0 0 0 0 0 0 0 0 0 0 0 0 0 0 0 0 0 0 0 0 0 0 0 1 0 1 0 0 0 0
-- 3 <29
-- worker thread times 1 0 2 0 1 0 0 1 0 1 0 1 0 2 0 0 0 1 1 0 0 0 1 0 2 1 0 1 0 2 0
-- 5 <28
-- worker thread times 7 4 7 3 6 7 5 3 4 7 5 2 4 7 6 3 5 5 1 5 5 3 4 4 3 3 5 5 6 4 5
-- 10 <27
-- worker thread times 19 19 20 22 19 21 18 23 15 16 16 17 22 23 23 17 21 21 19 20 24 20 23 22 19 21 21 24 21 21 17
-- 27 <26
-- worker thread times 83 79 82 85 82 79 81 77 80 80 78 86 84 80 82 76 80 86 85 84 83 84 84 86 80 83 77 80 85 82 82
-- 91 <25
-- worker thread times 260 266 264 259 254 266 257 259 255 261 261 258 260 262 261 260 262 266 260 257 262 266 258 265 259 266 261 253 262 264 257
-- 272 <24
-- worker thread times 692 687 692 694 689 688 689 687 697 696 690 693 686 695 688 690 689 694 689 690 690 695 686 692 693 689 693 692 693 692 696
-- 704 <23
-- worker thread times 1601 1595 1591 1599 1597 1598 1596 1596 1601 1588 1597 1596 1599 1592 1592 1594 1599 1596 1597 1590 1587 1598 1600 1593 1600 1593 1599 1595 1589 1601 1589
-- 1608 <22
-- worker thread times 3411 3396 3406 3401 3406 3407 3400 3400 3406 3398 3404 3406 3404 3405 3403 3404 3398 3399 3403 3407 3407 3400 3406 3403 3398 3398 3402 3398 3403 3407 3405
-- 3418 <21
-- worker thread times 7122 7128 7126 7119 7125 7132 7124 7123 7122 7123 7115 7126 7126 7122 7125 7127 7117 7129 7121 7131 7121 7126 7112 7121 7124 7123 7130 7130 7110 7122 7134
-- 7141 <20
-- worker thread times 14386 14391 14384 14379 14376 14384 14380 14381 14379 14379 14377 14376 14386 14388 14383 14380 14375 14378 14375 14379 14380 14378 14386 14378 14382 14383 14379 14384 14381 14384 14391
-- 14398 <19
-- worker thread times 28503 28502 28503 28503 28491 28505 28502 28493 28503 28499 28499 28509 28489 28497 28499 28505 28493 28505 28500 28496 28495 28498 28492 28493 28493 28502 28494 28498 28493 28503 28504
-- 28517 <18
-- worker thread times 43791 43793 43791 43793 43787 43788 43794 43793 43788 43791 43794 43792 43787 43793 43785 43790 43792 43785 43783 43793 43793 43785 43786 43792 43793 43789 43792 43792 43792 43783 43788
-- 43799 <17
false 19635092 aborted

100002 2 3 5 10 27 91 272 704 1608 3418 7141 14398 28517 43799
FAIL0=2 FAIL1=3 FAIL10=7141 FAIL11=14398 FAIL12=28517 FAIL13=43799 FAIL2=5 FAIL3=10 FAIL4=27 FAIL5=91 FAIL6=272 FAIL7=704 FAIL8=1608 FAIL9=3418 
