-- worker thread times 0 0 0 0 0 0 0 0 0 0 0 0 0 0 0 0 0 0 0 0 0 0 0 0 0 0 0 0 0 0 0
-- 3 <50
-- worker thread times 0 1 0 0 0 0 0 0 0 0 0 0 0 0 0 0 0 0 0 0 0 0 0 0 0 0 0 0 0 0 0
-- 4 <49
-- worker thread times 0 0 2 0 0 0 0 1 0 1 0 0 1 0 0 0 0 0 1 0 0 0 2 2 0 0 0 0 0 0 2
-- 5 <48
-- worker thread times 5 4 5 3 2 5 7 5 4 5 5 4 4 6 5 4 4 3 3 3 3 2 4 6 6 3 4 5 5 6 6
-- 10 <47
-- worker thread times 39 36 37 36 40 39 38 36 34 37 32 34 37 38 33 39 37 35 35 35 36 38 40 34 34 32 33 36 37 37 37
-- 43 <46
-- worker thread times 254 252 249 251 249 246 248 248 249 256 247 251 252 253 243 250 251 248 249 254 244 248 252 249 250 253 249 254 255 247 249
-- 259 <45
-- worker thread times 1839 1837 1834 1840 1842 1839 1838 1840 1830 1841 1837 1837 1836 1841 1836 1841 1830 1843 1840 1840 1837 1839 1837 1844 1829 1834 1833 1834 1838 1844 1843
-- 1848 <44
-- worker thread times 13815 13811 13801 13804 13808 13810 13811 13807 13807 13808 13811 13809 13810 13814 13810 13804 13810 13809 13808 13804 13803 13812 13813 13811 13804 13813 13803 13811 13817 13811 13817
-- 13821 <43
-- worker thread times 83996 83999 83995 83995 83995 83996 83999 83999 83998 84000 83998 83999 84000 84001 83999 83999 84001 84001 84000 84000 83998 83998 83999 84000 83999 83999 84000 84000 83999 84001 83998
-- 84004 <42
false 18070982 aborted

100002 3 4 5 10 43 259 1848 13821 84004
FAIL0=3 FAIL1=4 FAIL2=5 FAIL3=10 FAIL4=43 FAIL5=259 FAIL6=1848 FAIL7=13821 FAIL8=84004 
