-- worker thread times 0 0 0 0 0 0 0 0 0 0 0 0 0 0 0 0 0 0 0 0 0 0 0 0 0 0 0 0 0 0 0
-- 3 <50
-- worker thread times 1 0 1 0 0 0 0 0 1 0 1 1 0 0 0 1 0 1 0 0 0 1 0 0 0 0 0 1 0 0 0
-- 4 <49
-- worker thread times 5 4 4 5 4 2 4 6 4 2 7 4 6 4 4 4 3 4 3 2 4 6 6 5 6 2 5 3 5 7 2
-- 10 <48
-- worker thread times 26 28 18 30 30 27 24 29 26 24 24 29 28 23 26 28 28 26 25 28 26 30 25 28 25 25 28 27 25 28 27
-- 33 <47
-- worker thread times 157 155 157 153 152 154 153 156 155 154 154 155 150 154 149 153 154 153 155 150 150 150 152 152 151 155 152 156 152 156 155
-- 161 <46
-- worker thread times 895 895 893 893 896 896 895 889 893 891 893 891 894 897 892 894 883 889 893 897 891 895 892 894 894 891 891 894 895 889 897
-- 902 <45
-- worker thread times 5214 5213 5218 5215 5217 5216 5209 5214 5208 5214 5210 5215 5212 5210 5216 5209 5215 5215 5211 5216 5211 5211 5211 5210 5208 5211 5213 5211 5217 5218 5213
-- 5224 <44
-- worker thread times 30644 30639 30641 30643 30637 30640 30641 30636 30632 30639 30643 30635 30642 30635 30634 30638 30640 30638 30640 30637 30635 30635 30639 30642 30639 30630 30644 30640 30632 30634 30639
-- 30649 <43
-- worker thread times 63008 63007 63008 63009 63008 63009 63008 63009 63008 63006 63007 63010 63007 63008 63004 63009 63009 63008 63008 63009 63009 63009 63009 63010 63009 63008 63008 63007 63008 63008 63009
-- 63013 <42
false 15715275 aborted

100003 3 4 10 33 161 902 5224 30649 63013
FAIL0=3 FAIL1=4 FAIL2=10 FAIL3=33 FAIL4=161 FAIL5=902 FAIL6=5224 FAIL7=30649 FAIL8=63013 
