-- worker thread times 0 0 0 0 0 0 0 0 0 0 0 0 0 0 0 0 0 0 0 0 0 0 0 0 0 0 0 0 0 0 0
-- 3 <50
-- worker thread times 0 0 0 0 0 0 0 0 0 0 0 0 0 0 0 0 0 0 0 0 0 0 0 0 0 0 0 0 0 0 0
-- 3 <49
-- worker thread times 2 1 1 0 0 0 0 1 1 0 2 0 1 0 0 0 0 1 1 1 1 0 0 0 0 0 0 0 0 1 0
-- 5 <48
-- worker thread times 3 3 4 2 5 3 5 4 5 5 5 6 4 7 4 3 5 7 5 5 4 3 2 1 4 3 1 2 2 6 7
-- 10 <47
-- worker thread times 30 25 19 28 24 26 26 27 26 26 21 22 21 20 19 21 22 29 24 24 29 28 24 25 24 24 30 27 25 24 24
-- 33 <46
-- worker thread times 135 139 137 140 129 136 136 139 136 133 134 135 138 135 136 132 133 134 137 136 133 137 134 140 133 138 141 131 134 138 141
-- 145 <45
-- worker thread times 687 697 692 693 690 684 691 691 689 693 691 696 692 690 697 697 691 690 689 691 690 687 692 692 689 695 689 693 684 690 690
-- 701 <44
-- worker thread times 3561 3561 3559 3561 3565 3553 3562 3562 3560 3563 3563 3561 3560 3562 3559 3566 3565 3564 3563 3558 3557 3561 3566 3558 3561 3564 3560 3562 3558 3565 3564
-- 3572 <43
-- worker thread times 17566 17564 17567 17566 17560 17567 17559 17564 17564 17567 17568 17564 17565 17568 17561 17557 17569 17563 17569 17569 17568 17565 17567 17566 17563 17565 17573 17562 17560 17564 17567
-- 17578 <42
-- worker thread times 76369 76366 76368 76365 76360 76364 76364 76370 76372 76363 76366 76362 76355 76373 76358 76360 76363 76363 76367 76359 76370 76364 76366 76368 76362 76369 76364 76358 76365 76375 76365
-- 76380 <41
-- worker thread times 1562 1562 1561 1562 1561 1563 1562 1562 1563 1562 1562 1562 1562 1562 1562 1563 1562 1563 1562 1562 1562 1561 1562 1563 1562 1563 1562 1559 1561 1562 1563
-- 1567 <40
false 15143215 aborted

100003 3 3 5 10 33 145 701 3572 17578 76380 1567
FAIL0=3 FAIL1=3 FAIL10=1567 FAIL2=5 FAIL3=10 FAIL4=33 FAIL5=145 FAIL6=701 FAIL7=3572 FAIL8=17578 FAIL9=76380 
