-- worker thread times 0 0 0 0 0 0 0 0 0 0 0 0 0 0 0 0 0 0 0 0 0 0 0 0 0 0 0 0 0 0 0
-- 2 <25
-- worker thread times 0 0 0 0 0 0 0 0 0 0 0 0 0 0 0 0 0 0 0 0 0 0 0 0 0 0 0 0 0 0 1
-- 3 <24
-- worker thread times 2 2 1 2 2 0 0 1 2 1 0 0 1 1 0 2 1 1 0 0 0 0 1 2 0 0 0 0 1 0 2
-- 4 <23
-- worker thread times 3 3 8 5 7 4 8 5 5 4 3 7 4 5 7 5 5 5 3 3 6 4 5 6 5 4 6 7 2 5 5
-- 10 <22
-- worker thread times 25 24 21 25 23 22 28 29 28 25 26 27 29 28 21 26 28 27 22 24 25 28 28 30 24 26 25 25 30 27 31
-- 33 <21
-- worker thread times 118 114 120 119 120 119 116 112 118 119 113 121 117 116 115 118 120 112 121 115 117 120 116 114 120 118 115 114 119 119 117
-- 126 <20
-- worker thread times 477 474 480 480 477 481 477 485 477 482 481 482 474 483 478 479 481 481 483 477 482 481 482 482 472 478 480 476 477 476 485
-- 489 <19
-- worker thread times 1704 1707 1704 1705 1701 1705 1707 1706 1698 1702 1705 1704 1703 1700 1700 1704 1702 1693 1708 1705 1696 1703 1702 1704 1700 1710 1703 1701 1708 1698 1703
-- 1714 <18
-- worker thread times 5686 5682 5674 5683 5675 5682 5684 5680 5681 5676 5680 5680 5679 5682 5685 5683 5674 5681 5679 5684 5679 5682 5679 5683 5680 5682 5677 5682 5679 5678 5684
-- 5691 <17
-- worker thread times 5909 5910 5910 5909 5909 5909 5910 5910 5909 5909 5909 5909 5909 5909 5909 5909 5910 5910 5909 5908 5909 5909 5910 5908 5908 5909 5910 5909 5909 5908 5909
true 2621948
(0 -> 22) (1 -> 17) (2 -> 7) (3 -> 11) (4 -> -1) (5 -> 12) (6 -> 6) (7 -> 3) (8 -> 18) (9 -> -1) (10 -> -1) (11 -> 20) (12 -> -1) (13 -> -1) (14 -> -1) (15 -> -1) (16 -> 10) (17 -> 0) (18 -> 8) (19 -> 16) (20 -> 19) (21 -> -1) (22 -> 1) (23 -> -1) (24 -> 14) 
13990 2 3 4 10 33 126 489 1714 5691 5913
EXCEPT=9 FAIL0=2 FAIL1=3 FAIL2=4 FAIL3=10 FAIL4=33 FAIL5=126 FAIL6=489 FAIL7=1714 FAIL8=5691 SIZE=16 
