-- worker thread times 0 0 0 0 0 0 0 0 0 0 0 0 0 0 0 0 0 0 0 0 0 0 0 0 0 0 0 0 0 0 0
-- 3 <50
-- worker thread times 0 0 0 0 0 0 0 0 0 0 0 0 0 0 0 0 0 1 0 0 1 0 0 0 0 0 0 0 0 0 1
-- 4 <49
-- worker thread times 0 2 2 0 1 0 2 2 1 1 3 2 1 0 1 3 0 1 1 0 2 1 0 0 1 1 1 2 3 2 3
-- 6 <48
-- worker thread times 9 14 12 10 12 10 4 8 13 8 4 11 5 5 14 14 8 13 10 8 8 10 11 9 7 12 10 12 11 11 14
-- 17 <47
-- worker thread times 45 46 49 49 50 45 48 48 45 46 46 45 47 47 44 48 46 46 45 46 48 45 48 47 51 43 48 51 47 49 51
-- 55 <46
-- worker thread times 212 212 213 212 214 215 209 213 217 209 215 212 213 209 212 214 214 215 215 215 212 212 213 212 210 209 214 209 213 217 214
-- 221 <45
-- worker thread times 882 878 876 876 869 874 879 877 879 877 872 875 873 874 879 877 878 880 873 872 873 875 869 878 874 877 878 875 877 878 882
-- 885 <44
-- worker thread times 3571 3579 3577 3582 3578 3582 3576 3580 3580 3579 3578 3578 3579 3581 3578 3576 3582 3576 3578 3582 3579 3573 3576 3576 3577 3576 3582 3567 3581 3574 3577
-- 3589 <43
-- worker thread times 14653 14650 14647 14644 14649 14652 14648 14645 14634 14651 14651 14647 14648 14642 14645 14646 14654 14647 14649 14654 14644 14648 14649 14651 14651 14646 14651 14652 14644 14652 14649
-- 14660 <42
-- worker thread times 61970 61974 61972 61968 61975 61969 61972 61979 61976 61969 61973 61980 61978 61975 61974 61975 61973 61975 61977 61967 61978 61978 61976 61983 61980 61973 61976 61975 61974 61976 61979
-- 61989 <41
-- worker thread times 18564 18562 18563 18563 18562 18562 18563 18562 18563 18564 18562 18563 18563 18563 18563 18564 18563 18563 18564 18563 18563 18563 18562 18561 18563 18563 18562 18563 18562 18563 18563
-- 18567 <40
false 16106130 aborted

100002 3 4 6 17 55 221 885 3589 14660 61989 18567
FAIL0=3 FAIL1=4 FAIL10=18567 FAIL2=6 FAIL3=17 FAIL4=55 FAIL5=221 FAIL6=885 FAIL7=3589 FAIL8=14660 FAIL9=61989 
