-- worker thread times 0 0 0 0 0 0 0 0 0 0 0 0 0 0 0 0 0 0 0 0 0 0 0 0 0 0 0 0 0 0 0
-- 3 <30
-- worker thread times 0 0 0 0 0 0 0 0 0 0 0 0 0 0 0 0 0 0 0 0 0 0 0 0 0 0 0 0 0 0 0
-- 3 <29
-- worker thread times 0 0 0 0 1 0 0 0 0 1 1 0 0 1 1 1 1 2 1 0 1 1 0 0 2 0 0 0 0 1 0
-- 4 <28
-- worker thread times 2 1 2 4 1 2 2 0 5 1 1 3 3 4 3 4 3 3 0 4 1 1 5 4 1 1 2 2 1 4 3
-- 7 <27
-- worker thread times 13 9 8 7 13 10 13 9 11 12 11 11 7 8 12 13 13 8 11 11 11 9 7 11 10 10 7 12 11 13 10
-- 16 <26
-- worker thread times 37 43 39 39 41 40 34 38 40 37 42 36 39 39 41 33 42 36 37 42 35 37 37 40 39 35 40 39 39 39 40
-- 47 <25
-- worker thread times 134 134 130 130 132 134 132 125 135 133 133 132 128 134 133 134 136 136 137 134 134 137 124 140 131 134 131 128 137 137 130
-- 144 <24
-- worker thread times 427 423 430 423 425 425 424 417 421 426 423 425 427 420 425 421 427 421 426 420 420 428 428 428 421 422 419 420 425 429 419
-- 436 <23
-- worker thread times 1328 1328 1326 1329 1335 1333 1330 1333 1323 1331 1328 1323 1337 1327 1326 1326 1327 1324 1328 1325 1329 1331 1328 1330 1330 1328 1324 1328 1322 1323 1333
-- 1341 <22
-- worker thread times 4286 4272 4281 4280 4282 4279 4281 4280 4279 4278 4281 4282 4280 4272 4281 4284 4277 4278 4283 4285 4283 4274 4276 4286 4273 4289 4280 4286 4280 4279 4276
-- 4294 <21
-- worker thread times 14331 14332 14329 14332 14328 14327 14330 14331 14337 14331 14330 14332 14330 14331 14327 14331 14331 14333 14328 14333 14335 14330 14331 14337 14336 14331 14326 14338 14337 14337 14334
-- 14347 <20
-- worker thread times 450 451 451 451 451 449 450 451 450 450 450 450 450 449 451 450 450 449 449 451 450 451 450 450 450 450 450 450 449 450 450
true 3863836
(0 -> -1) (1 -> -1) (2 -> 6) (3 -> 21) (4 -> -1) (5 -> -1) (6 -> 28) (7 -> -1) (8 -> 4) (9 -> 27) (10 -> -1) (11 -> 3) (12 -> -1) (13 -> 2) (14 -> 25) (15 -> 24) (16 -> 14) (17 -> 22) (18 -> 0) (19 -> 26) (20 -> 13) (21 -> 23) (22 -> -1) (23 -> 8) (24 -> 9) (25 -> 11) (26 -> -1) (27 -> -1) (28 -> 29) (29 -> -1) 
21101 3 3 4 7 16 47 144 436 1341 4294 14347 454
EXCEPT=11 FAIL0=3 FAIL1=3 FAIL10=14347 FAIL2=4 FAIL3=7 FAIL4=16 FAIL5=47 FAIL6=144 FAIL7=436 FAIL8=1341 FAIL9=4294 SIZE=19 
