-- worker thread times 0 0 0 0 0 0 0 0 0 0 0 0 0 0 0 0 0 0 0 0 0 0 0 0 0 0 0 0 0 0 0
-- 3 <40
-- worker thread times 0 0 0 0 0 0 0 0 0 0 0 0 1 0 0 0 0 0 0 0 0 0 0 0 0 0 0 0 0 0 1
-- 4 <39
-- worker thread times 3 2 2 0 0 0 0 1 2 1 0 0 0 2 2 0 0 1 0 0 2 1 1 0 3 1 1 1 1 0 3
-- 6 <38
-- worker thread times 5 10 8 5 4 6 7 6 8 7 10 9 4 5 4 8 5 9 8 4 10 7 7 10 6 7 6 6 8 3 9
-- 13 <37
-- worker thread times 46 49 42 42 44 47 45 45 44 45 39 42 44 45 39 46 44 46 40 38 48 38 43 45 44 44 48 42 47 44 43
-- 52 <36
-- worker thread times 300 301 294 295 291 298 297 297 289 291 297 293 300 290 296 291 298 297 297 290 300 298 297 289 297 297 299 297 293 294 293
-- 304 <35
-- worker thread times 2358 2366 2361 2349 2357 2364 2359 2361 2357 2362 2365 2360 2363 2358 2357 2353 2353 2361 2353 2364 2362 2355 2357 2363 2355 2356 2360 2354 2358 2358 2358
-- 2370 <34
-- worker thread times 18719 18722 18727 18709 18722 18717 18707 18713 18720 18711 18727 18716 18721 18713 18729 18729 18722 18715 18707 18711 18715 18711 18722 18725 18711 18711 18715 18707 18718 18715 18729
-- 18736 <33
-- worker thread times 78506 78506 78505 78507 78507 78504 78502 78501 78508 78505 78506 78501 78503 78503 78505 78505 78505 78504 78504 78508 78506 78506 78506 78502 78506 78505 78506 78504 78506 78504 78505
-- 78512 <32
false 14926364 aborted

100003 3 4 6 13 52 304 2370 18736 78512
FAIL0=3 FAIL1=4 FAIL2=6 FAIL3=13 FAIL4=52 FAIL5=304 FAIL6=2370 FAIL7=18736 FAIL8=78512 
