-- worker thread times 0 0 0 0 0 0 0 0 0 0 0 0 0 0 0 0 0 0 0 0 0 0 0 0 0 0 0 0 0 0 0
-- 3 <25
-- worker thread times 0 0 0 0 0 0 0 0 0 0 0 0 0 0 0 0 0 0 0 0 0 0 0 0 0 0 0 0 0 0 0
-- 3 <24
-- worker thread times 1 0 1 1 0 0 0 0 0 0 0 0 0 1 0 0 0 1 0 1 0 1 1 0 0 0 1 0 0 0 0
-- 4 <23
-- worker thread times 2 0 3 5 0 4 1 0 2 3 1 2 3 2 0 0 1 4 2 3 2 4 2 2 3 3 1 1 2 2 5
-- 8 <22
-- worker thread times 11 14 13 16 14 13 13 13 12 10 15 11 11 11 9 14 15 12 14 14 14 9 10 16 11 6 9 9 14 10 17
-- 19 <21
-- worker thread times 59 57 54 56 60 46 59 54 56 54 57 58 56 57 58 59 53 54 52 53 59 57 54 57 57 56 50 56 50 54 62
-- 65 <20
-- worker thread times 197 199 198 192 196 193 199 195 196 196 195 190 201 193 189 197 198 193 194 198 191 195 199 188 197 198 199 193 201 188 203
-- 206 <19
-- worker thread times 708 693 706 702 706 712 704 709 709 697 711 703 709 695 700 700 700 703 706 701 699 711 701 707 706 707 703 697 705 703 710
-- 714 <18
-- worker thread times 1735 1725 1729 1727 1729 1730 1732 1733 1731 1729 1726 1733 1726 1728 1732 1728 1734 1731 1731 1734 1735 1730 1731 1723 1735 1734 1728 1729 1733 1733 1736
true 452392
(0 -> 12) (1 -> 8) (2 -> -1) (3 -> 20) (4 -> 9) (5 -> 24) (6 -> 7) (7 -> -1) (8 -> -1) (9 -> -1) (10 -> 13) (11 -> 5) (12 -> -1) (13 -> -1) (14 -> 23) (15 -> 4) (16 -> 17) (17 -> -1) (18 -> 11) (19 -> 6) (20 -> -1) (21 -> 19) (22 -> 0) (23 -> 15) (24 -> 1) 
2764 3 3 4 8 19 65 206 714 1738
EXCEPT=8 FAIL0=3 FAIL1=3 FAIL2=4 FAIL3=8 FAIL4=19 FAIL5=65 FAIL6=206 FAIL7=714 SIZE=17 
