-- worker thread times 0 0 0 0 0 0 0 0 0 0 0 0 0 0 0 0 0 0 0 0 0 0 0 0 0 0 0 0 0 0 0
-- 3 <35
-- worker thread times 1 0 1 0 2 1 0 1 1 0 0 0 0 1 1 0 0 0 0 0 1 0 0 1 1 0 0 0 0 0 1
-- 4 <34
-- worker thread times 1 1 6 4 3 3 4 5 3 4 4 2 2 4 3 3 3 5 3 3 5 3 4 3 3 2 5 3 3 1 4
-- 8 <33
-- worker thread times 16 17 17 15 14 18 16 14 17 17 16 14 16 18 17 13 15 15 16 17 13 14 18 18 16 12 16 12 16 14 18
-- 22 <32
-- worker thread times 52 51 50 50 52 53 48 51 51 50 49 53 48 51 51 49 47 49 50 50 52 49 51 50 51 49 50 49 49 50 51
-- 57 <31
-- worker thread times 157 158 154 154 156 160 159 154 157 155 159 159 159 158 159 156 160 159 158 159 158 159 158 157 160 157 157 155 157 156 158
-- 165 <30
-- worker thread times 512 511 508 506 505 510 509 512 509 508 505 506 509 509 510 508 507 509 508 511 513 503 504 507 507 510 506 513 510 506 506
-- 518 <29
-- worker thread times 1653 1654 1649 1653 1652 1652 1653 1651 1655 1654 1645 1648 1655 1656 1651 1651 1659 1650 1645 1647 1654 1655 1656 1649 1657 1651 1646 1654 1650 1652 1656
-- 1664 <28
-- worker thread times 5057 5063 5066 5053 5060 5066 5063 5062 5058 5063 5062 5065 5062 5060 5061 5064 5062 5064 5066 5062 5060 5067 5061 5062 5060 5060 5063 5064 5062 5057 5060
-- 5073 <27
-- worker thread times 15161 15164 15162 15161 15161 15164 15161 15158 15158 15161 15164 15165 15158 15160 15165 15162 15160 15163 15157 15163 15161 15164 15160 15159 15158 15168 15160 15160 15162 15161 15166
-- 15173 <26
-- worker thread times 44392 44388 44390 44388 44390 44384 44393 44388 44386 44391 44383 44390 44388 44390 44395 44386 44392 44387 44390 44391 44385 44389 44387 44388 44384 44390 44392 44390 44385 44387 44393
-- 44401 <25
-- worker thread times 32904 32903 32904 32903 32903 32903 32903 32903 32905 32903 32903 32904 32903 32904 32904 32904 32903 32903 32904 32903 32904 32903 32904 32904 32903 32904 32903 32903 32903 32904 32903
-- 32908 <24
false 18972128 aborted

100002 3 4 8 22 57 165 518 1664 5073 15173 44401 32908
FAIL0=3 FAIL1=4 FAIL10=44401 FAIL11=32908 FAIL2=8 FAIL3=22 FAIL4=57 FAIL5=165 FAIL6=518 FAIL7=1664 FAIL8=5073 FAIL9=15173 
