-- worker thread times 0 0 0 0 0 0 0 0 0 0 0 0 0 0 0 0 0 0 0 0 0 0 0 0 0 0 0 0 0 0 0
-- 2 <20
-- worker thread times 0 0 0 0 0 0 0 0 0 0 0 0 0 0 0 0 0 0 0 0 0 0 0 0 0 0 0 0 0 0 0
-- 2 <19
-- worker thread times 0 2 1 1 0 0 0 0 1 0 0 0 0 0 0 0 0 0 0 0 0 1 0 0 0 0 0 1 0 1 1
-- 3 <18
-- worker thread times 0 3 3 4 2 2 4 1 4 2 2 2 1 4 3 3 4 2 4 1 0 3 1 4 3 2 3 2 1 3 4
-- 7 <17
-- worker thread times 12 7 12 14 12 13 12 11 9 9 12 14 12 9 9 10 9 12 13 12 10 12 11 13 12 14 14 9 10 14 8
-- 17 <16
-- worker thread times 37 36 41 37 39 42 40 36 39 37 38 39 41 39 34 37 38 42 36 40 39 42 38 38 35 34 39 38 36 32 41
-- 46 <15
-- worker thread times 127 118 121 128 119 128 129 125 122 125 122 123 125 126 124 121 122 120 126 125 127 122 125 121 127 123 120 128 121 125 127
-- 133 <14
-- worker thread times 356 347 348 345 347 346 350 355 347 347 352 349 349 352 351 351 348 351 344 351 346 357 351 350 342 346 354 348 351 352 338
-- 360 <13
-- worker thread times 116 116 116 117 116 115 116 117 116 116 116 116 116 116 116 116 116 117 116 117 116 116 116 117 116 115 116 116 117 116 117
true 115359
(0 -> -1) (1 -> 4) (2 -> 17) (3 -> 6) (4 -> -1) (5 -> -1) (6 -> -1) (7 -> 7) (8 -> -1) (9 -> 11) (10 -> 10) (11 -> 18) (12 -> 14) (13 -> 3) (14 -> -1) (15 -> 19) (16 -> -1) (17 -> 12) (18 -> 15) (19 -> -1) 
694 2 2 3 7 17 46 133 360 119
EXCEPT=8 FAIL0=2 FAIL1=2 FAIL2=3 FAIL3=7 FAIL4=17 FAIL5=46 FAIL6=133 FAIL7=360 SIZE=12 
