-- worker thread times 0 0 0 0 0 0 0 0 0 0 0 0 0 0 0 0 0 0 0 0 0 0 0 0 0 0 0 0 0 0 0
-- 3 <35
-- worker thread times 1 0 0 0 1 0 0 1 0 0 0 0 0 0 0 0 0 0 0 0 0 0 0 0 0 0 0 0 0 0 0
-- 3 <34
-- worker thread times 2 4 4 0 1 2 3 1 2 2 2 2 2 1 3 2 3 2 1 0 3 1 1 2 2 2 1 1 1 2 1
-- 7 <33
-- worker thread times 8 9 8 6 9 7 7 7 10 10 8 4 8 9 7 8 6 10 9 9 8 7 9 6 4 8 9 5 8 5 6
-- 13 <32
-- worker thread times 23 24 23 23 24 26 22 24 24 22 24 26 28 25 25 26 23 25 24 23 25 26 23 23 22 27 25 25 25 24 27
-- 31 <31
-- worker thread times 83 80 84 81 81 81 84 83 84 82 77 82 83 82 84 80 81 84 83 83 82 83 83 84 83 80 82 83 80 79 87
-- 91 <30
-- worker thread times 276 270 270 274 276 276 270 272 277 273 271 273 273 273 270 276 274 272 276 277 275 273 277 275 275 268 276 274 264 276 276
-- 283 <29
-- worker thread times 890 891 887 893 887 889 888 888 885 890 889 892 885 891 882 891 888 884 891 888 890 890 886 889 891 889 889 884 887 894 890
-- 899 <28
-- worker thread times 2850 2851 2852 2856 2849 2851 2852 2853 2858 2852 2854 2853 2853 2853 2850 2854 2854 2852 2856 2855 2855 2856 2855 2852 2850 2856 2855 2856 2852 2851 2857
-- 2865 <27
-- worker thread times 8444 8437 8443 8438 8438 8447 8442 8441 8445 8442 8443 8443 8439 8448 8440 8443 8448 8442 8439 8439 8439 8439 8443 8441 8442 8440 8435 8446 8438 8440 8443
-- 8454 <26
-- worker thread times 23680 23683 23681 23677 23685 23677 23683 23678 23676 23682 23673 23679 23681 23679 23682 23687 23679 23684 23680 23678 23680 23680 23677 23685 23681 23682 23681 23683 23680 23687 23684
-- 23695 <25
-- worker thread times 63646 63643 63645 63641 63644 63647 63642 63643 63646 63644 63644 63645 63644 63643 63641 63640 63644 63644 63643 63644 63645 63645 63646 63645 63639 63644 63644 63646 63643 63647 63649
-- 63653 <24
false 18716014 aborted

100003 3 3 7 13 31 91 283 899 2865 8454 23695 63653
FAIL0=3 FAIL1=3 FAIL10=23695 FAIL11=63653 FAIL2=7 FAIL3=13 FAIL4=31 FAIL5=91 FAIL6=283 FAIL7=899 FAIL8=2865 FAIL9=8454 
