-- worker thread times 0 0 0 0 0 0 0 0 0 0 0 0 0 0 0 0 0 0 0 0 0 0 0 0 0 0 0 0 0 0 0
-- 2 <30
-- worker thread times 0 0 0 0 0 0 0 0 0 0 0 0 0 0 0 0 0 0 0 0 0 0 0 0 0 0 0 0 0 1 1
-- 4 <29
-- worker thread times 2 3 0 2 2 0 1 2 2 2 0 2 2 1 3 0 2 0 2 2 1 1 0 0 2 0 1 0 3 1 1
-- 6 <28
-- worker thread times 9 10 9 8 8 11 7 8 6 10 9 7 7 6 10 7 9 9 7 7 7 6 6 8 10 9 8 8 7 9 8
-- 14 <27
-- worker thread times 27 27 28 24 29 29 30 22 29 29 25 27 26 28 26 25 26 27 29 27 27 27 24 28 29 28 29 27 24 31 31
-- 34 <26
-- worker thread times 86 86 85 87 86 84 85 84 85 86 84 85 85 88 82 88 84 87 81 85 85 87 87 88 84 86 89 85 88 88 90
-- 94 <25
-- worker thread times 255 257 258 253 254 258 245 257 257 259 252 253 255 257 259 254 253 256 251 253 252 253 253 259 255 255 259 255 251 258 259
-- 265 <24
-- worker thread times 724 725 721 722 724 726 726 722 731 726 726 724 727 726 725 727 720 727 727 725 722 721 724 722 720 725 716 726 716 721 724
-- 736 <23
-- worker thread times 1989 1986 1984 1982 1981 1985 1980 1982 1979 1981 1985 1983 1980 1978 1981 1984 1984 1985 1987 1969 1979 1977 1976 1986 1979 1982 1976 1987 1987 1976 1980
-- 1995 <22
-- worker thread times 5747 5745 5748 5744 5744 5748 5741 5742 5744 5738 5749 5739 5749 5738 5741 5746 5741 5749 5748 5740 5743 5741 5742 5748 5741 5739 5746 5745 5746 5747 5752
-- 5759 <21
-- worker thread times 17722 17721 17724 17722 17723 17721 17726 17719 17720 17722 17718 17725 17721 17725 17726 17723 17717 17728 17719 17724 17724 17716 17724 17720 17720 17720 17724 17725 17724 17725 17724
-- 17736 <20
-- worker thread times 57313 57308 57301 57312 57305 57309 57303 57310 57303 57300 57309 57307 57304 57309 57308 57299 57295 57303 57308 57311 57305 57309 57309 57307 57310 57304 57303 57309 57312 57310 57314
-- 57321 <19
-- worker thread times 3919 3920 3920 3920 3919 3920 3918 3919 3920 3920 3920 3919 3920 3919 3919 3920 3920 3919 3920 3920 3920 3919 3919 3920 3920 3920 3920 3920 3919 3920 3920
true 16610866
(0 -> 10) (1 -> -1) (2 -> -1) (3 -> 29) (4 -> 20) (5 -> 0) (6 -> -1) (7 -> 5) (8 -> -1) (9 -> 13) (10 -> 26) (11 -> 22) (12 -> 15) (13 -> -1) (14 -> -1) (15 -> 25) (16 -> 14) (17 -> -1) (18 -> -1) (19 -> 8) (20 -> 16) (21 -> -1) (22 -> 9) (23 -> -1) (24 -> 3) (25 -> -1) (26 -> 7) (27 -> 12) (28 -> -1) (29 -> 4) 
87894 2 4 6 14 34 94 265 736 1995 5759 17736 57321 3923
EXCEPT=12 FAIL0=2 FAIL1=4 FAIL10=17736 FAIL11=57321 FAIL2=6 FAIL3=14 FAIL4=34 FAIL5=94 FAIL6=265 FAIL7=736 FAIL8=1995 FAIL9=5759 SIZE=18 
