-- worker thread times 0 0 0 0 0 0 0 0 0 0 0 0 0 0 0 0 0 0 0 0 0 1 0 0 0 0 0 0 0 0 1
-- 4 <35
-- worker thread times 0 0 0 0 0 0 0 1 1 1 0 2 2 0 0 0 0 0 1 2 1 1 0 0 1 0 0 0 2 1 0
-- 5 <34
-- worker thread times 4 1 1 1 3 1 0 1 1 1 2 4 2 1 1 1 1 0 0 2 3 2 2 1 3 1 3 1 3 2 3
-- 6 <33
-- worker thread times 7 6 7 8 9 4 7 8 6 6 8 6 5 7 9 5 7 5 7 5 9 7 6 5 7 5 6 5 8 9 5
-- 13 <32
-- worker thread times 20 18 18 22 24 19 19 23 22 20 19 18 21 21 18 20 19 22 24 20 22 21 22 18 18 19 17 23 24 20 21
-- 28 <31
-- worker thread times 63 62 63 64 64 64 59 60 58 56 58 59 60 60 63 61 61 61 59 56 61 62 62 57 59 58 58 57 60 54 62
-- 69 <30
-- worker thread times 178 176 177 175 172 176 170 175 179 175 173 176 176 175 174 175 169 170 176 177 174 174 178 172 176 174 165 174 174 177 177
-- 185 <29
-- worker thread times 463 472 472 461 459 468 464 466 469 461 471 469 471 469 455 465 466 463 463 459 465 462 469 468 466 469 471 473 467 464 460
-- 478 <28
-- worker thread times 1249 1248 1249 1247 1246 1241 1244 1240 1247 1247 1243 1247 1248 1241 1245 1246 1251 1242 1253 1254 1249 1247 1244 1250 1246 1247 1243 1253 1247 1246 1253
-- 1260 <27
-- worker thread times 3035 3039 3044 3028 3037 3042 3029 3039 3037 3036 3041 3043 3037 3039 3040 3036 3033 3033 3040 3034 3039 3044 3036 3038 3038 3037 3040 3030 3039 3043 3040
-- 3052 <26
-- worker thread times 7560 7558 7556 7557 7554 7552 7557 7560 7561 7554 7559 7559 7564 7559 7550 7561 7558 7559 7554 7552 7551 7555 7550 7559 7563 7554 7562 7563 7558 7560 7564
-- 7573 <25
-- worker thread times 18390 18385 18385 18380 18383 18388 18378 18383 18388 18386 18381 18387 18383 18384 18387 18382 18389 18383 18384 18387 18380 18382 18377 18382 18383 18389 18389 18388 18392 18375 18387
-- 18400 <24
-- worker thread times 46067 46083 46081 46075 46076 46080 46084 46086 46081 46084 46076 46074 46081 46075 46085 46083 46076 46076 46077 46088 46079 46075 46084 46078 46082 46080 46079 46071 46078 46085 46077
-- 46097 <23
-- worker thread times 22823 22823 22823 22823 22823 22823 22822 22821 22824 22823 22822 22822 22822 22821 22823 22823 22822 22822 22823 22823 22822 22822 22823 22821 22822 22824 22823 22822 22823 22820 22824
-- 22827 <22
false 18446891 aborted

100002 4 5 6 13 28 69 185 478 1260 3052 7573 18400 46097 22827
FAIL0=4 FAIL1=5 FAIL10=7573 FAIL11=18400 FAIL12=46097 FAIL13=22827 FAIL2=6 FAIL3=13 FAIL4=28 FAIL5=69 FAIL6=185 FAIL7=478 FAIL8=1260 FAIL9=3052 
