-- worker thread times 0 0 0 0 0 0 0 0 0 0 0 0 0 0 0 0 0 0 0 0 0 0 0 0 0 0 0 0 0 0 0
-- 2 <40
-- worker thread times 0 0 0 0 0 0 0 0 0 0 0 0 0 0 0 0 0 0 0 0 0 0 0 0 0 0 0 0 0 0 0
-- 3 <39
-- worker thread times 1 0 1 1 0 1 0 0 1 0 0 0 1 0 0 0 1 0 2 0 0 1 0 0 0 0 0 1 1 1 2
-- 5 <38
-- worker thread times 6 4 7 6 7 4 5 6 6 8 5 6 5 5 6 7 5 5 6 7 8 6 5 6 7 5 8 9 6 6 6
-- 12 <37
-- worker thread times 59 51 56 49 53 59 56 54 52 58 57 56 53 55 52 54 56 54 56 55 55 58 53 55 48 54 56 55 53 54 54
-- 63 <36
-- worker thread times 414 411 410 407 408 412 408 410 410 408 409 404 403 409 409 408 408 412 407 405 410 409 413 404 409 408 408 412 404 414 413
-- 418 <35
-- worker thread times 2527 2518 2522 2517 2520 2520 2522 2522 2523 2510 2523 2518 2520 2523 2521 2518 2520 2524 2517 2521 2518 2519 2521 2522 2524 2521 2523 2520 2525 2520 2518
-- 2531 <34
-- worker thread times 16923 16930 16936 16924 16932 16929 16926 16927 16923 16924 16927 16930 16934 16931 16926 16918 16925 16926 16929 16929 16929 16928 16930 16927 16929 16930 16927 16933 16927 16921 16927
-- 16940 <33
-- worker thread times 80018 80020 80019 80016 80018 80019 80019 80018 80017 80018 80018 80018 80017 80019 80020 80017 80018 80017 80015 80016 80017 80017 80017 80021 80019 80018 80017 80021 80018 80017 80019
-- 80024 <32
false 16945934 aborted

100003 2 3 5 12 63 418 2531 16940 80024
FAIL0=2 FAIL1=3 FAIL2=5 FAIL3=12 FAIL4=63 FAIL5=418 FAIL6=2531 FAIL7=16940 FAIL8=80024 
