-- worker thread times 0 0 0 0 0 0 0 0 0 0 0 0 0 0 0 0 0 0 0 0 0 0 0 0 0 0 0 0 0 0 0
-- 3 <35
-- worker thread times 0 0 0 0 0 0 0 0 0 0 0 0 0 0 0 0 0 0 0 0 0 1 0 0 0 0 0 0 0 0 0
-- 3 <34
-- worker thread times 2 2 2 1 0 1 0 0 1 2 1 0 1 2 1 0 1 0 1 0 1 0 2 1 0 1 1 0 1 0 0
-- 5 <33
-- worker thread times 6 7 4 8 5 7 8 6 7 5 8 6 6 6 6 3 6 6 5 3 8 5 6 5 4 1 6 8 6 6 8
-- 11 <32
-- worker thread times 24 20 23 23 20 20 23 21 20 21 23 23 22 19 20 20 22 23 16 19 18 17 17 17 22 23 22 21 23 19 22
-- 27 <31
-- worker thread times 74 79 76 72 66 78 77 79 80 76 77 72 76 76 75 73 77 74 74 77 73 77 72 75 76 79 74 72 77 78 72
-- 83 <30
-- worker thread times 277 279 271 279 277 280 273 279 273 276 266 275 276 276 279 272 270 274 279 275 279 280 277 277 277 277 279 280 275 279 283
-- 286 <29
-- worker thread times 918 912 914 914 910 912 911 913 913 908 909 916 912 916 915 911 916 915 917 909 913 912 909 914 913 904 909 909 910 914 907
-- 924 <28
-- worker thread times 2831 2831 2831 2833 2826 2835 2832 2833 2828 2835 2828 2832 2833 2823 2828 2832 2829 2832 2826 2830 2831 2827 2835 2831 2837 2827 2834 2832 2826 2830 2835
-- 2843 <27
-- worker thread times 8951 8948 8949 8958 8951 8950 8950 8957 8955 8955 8949 8947 8956 8952 8953 8956 8953 8951 8953 8957 8953 8952 8955 8949 8944 8953 8954 8953 8946 8957 8953
-- 8965 <26
-- worker thread times 28768 28772 28778 28776 28765 28773 28776 28772 28779 28777 28771 28771 28777 28769 28777 28773 28776 28774 28773 28774 28779 28779 28776 28769 28775 28767 28774 28780 28774 28775 28780
-- 28789 <25
-- worker thread times 58047 58049 58051 58051 58047 58051 58051 58048 58052 58050 58051 58050 58050 58051 58050 58048 58049 58050 58052 58050 58048 58051 58049 58050 58051 58051 58048 58049 58048 58051 58050
-- 58056 <24
false 18659506 aborted

100002 3 3 5 11 27 83 286 924 2843 8965 28789 58056
FAIL0=3 FAIL1=3 FAIL10=28789 FAIL11=58056 FAIL2=5 FAIL3=11 FAIL4=27 FAIL5=83 FAIL6=286 FAIL7=924 FAIL8=2843 FAIL9=8965 
