-- worker thread times 0 0 0 0 0 0 0 0 0 0 0 0 0 0 0 0 0 0 0 0 0 0 0 0 0 0 0 0 0 0 0
-- 3 <50
-- worker thread times 1 1 0 0 1 0 0 0 0 0 0 0 0 0 1 0 0 0 0 0 0 0 1 1 1 0 0 0 0 0 0
-- 4 <49
-- worker thread times 4 7 2 4 1 5 0 5 4 4 4 5 1 1 6 6 4 1 5 4 4 4 3 5 4 6 7 2 6 4 7
-- 10 <48
-- worker thread times 35 34 35 34 34 35 34 33 31 36 35 36 34 36 35 34 32 35 36 34 33 32 36 36 35 37 34 35 35 37 37
-- 41 <47
-- worker thread times 212 210 210 208 211 208 211 212 208 208 212 210 208 211 208 213 210 210 212 209 211 212 207 210 208 212 209 209 213 214 212
-- 218 <46
-- worker thread times 1054 1053 1052 1058 1052 1056 1055 1057 1058 1055 1058 1054 1053 1056 1055 1054 1054 1054 1057 1056 1055 1057 1054 1058 1057 1053 1055 1055 1054 1056 1058
-- 1063 <45
-- worker thread times 4690 4689 4683 4690 4689 4685 4688 4691 4686 4690 4690 4686 4687 4687 4685 4689 4686 4686 4688 4687 4690 4694 4687 4686 4687 4691 4690 4690 4687 4692 4691
-- 4698 <44
-- worker thread times 19367 19360 19367 19364 19368 19366 19365 19358 19359 19361 19367 19369 19365 19366 19366 19368 19365 19362 19366 19367 19364 19363 19367 19367 19361 19363 19356 19368 19364 19363 19370
-- 19375 <43
-- worker thread times 74578 74578 74581 74578 74579 74577 74578 74578 74581 74581 74579 74580 74580 74581 74580 74582 74578 74579 74579 74577 74577 74579 74578 74579 74579 74581 74577 74579 74580 74577 74581
-- 74585 <42
false 16055252 aborted

100003 3 4 10 41 218 1063 4698 19375 74585
FAIL0=3 FAIL1=4 FAIL2=10 FAIL3=41 FAIL4=218 FAIL5=1063 FAIL6=4698 FAIL7=19375 FAIL8=74585 
