-- worker thread times 0 0 0 0 0 0 0 0 0 0 0 0 0 0 0 0 0 0 0 0 0 0 0 0 0 0 0 0 0 0 0
-- 3 <35
-- worker thread times 0 0 1 0 0 0 0 0 0 0 0 0 0 0 0 0 0 0 0 0 0 0 0 0 0 1 0 0 1 1 0
-- 4 <34
-- worker thread times 0 2 0 3 0 0 1 0 3 0 0 1 0 1 3 2 1 2 1 1 1 1 1 0 0 0 0 3 1 3 1
-- 6 <33
-- worker thread times 7 4 4 3 1 3 6 6 6 3 4 4 4 4 6 5 3 3 6 4 5 5 6 3 7 2 6 5 3 6 6
-- 9 <32
-- worker thread times 20 20 20 17 20 16 16 16 21 16 16 14 17 18 19 22 18 20 21 16 19 19 17 19 19 15 21 14 21 21 22
-- 25 <31
-- worker thread times 65 64 58 60 61 58 60 58 61 58 59 55 63 62 64 63 62 64 65 62 62 63 63 64 59 61 63 62 61 59 62
-- 69 <30
-- worker thread times 205 210 206 208 206 207 207 209 206 205 203 200 208 207 208 210 204 202 205 210 209 206 208 208 202 208 208 208 207 208 210
-- 216 <29
-- worker thread times 673 676 672 666 666 670 667 667 674 669 670 668 669 667 668 669 671 670 668 671 661 664 670 668 661 665 669 672 668 668 673
-- 680 <28
-- worker thread times 2074 2078 2069 2069 2063 2074 2074 2077 2075 2071 2076 2069 2070 2074 2072 2071 2075 2073 2068 2072 2080 2075 2066 2073 2066 2077 2075 2069 2074 2068 2073
-- 2084 <27
-- worker thread times 6430 6429 6421 6422 6428 6426 6427 6426 6426 6426 6427 6429 6434 6427 6434 6424 6430 6429 6425 6423 6429 6428 6429 6430 6430 6430 6434 6422 6426 6436 6427
-- 6442 <26
-- worker thread times 20440 20438 20436 20433 20421 20425 20433 20439 20435 20431 20429 20438 20435 20432 20441 20434 20435 20433 20435 20437 20437 20438 20434 20429 20439 20435 20432 20439 20436 20435 20442
-- 20450 <25
-- worker thread times 64598 64597 64590 64596 64588 64593 64594 64593 64600 64583 64597 64594 64591 64590 64592 64585 64598 64591 64590 64591 64592 64597 64587 64585 64591 64588 64586 64588 64588 64591 64599
-- 64608 <24
-- worker thread times 5397 5396 5397 5396 5395 5396 5396 5396 5396 5396 5396 5397 5395 5397 5396 5396 5395 5396 5396 5397 5397 5396 5396 5396 5396 5397 5396 5396 5396 5396 5397
-- 5400 <23
false 18493738 aborted

100003 3 4 6 9 25 69 216 680 2084 6442 20450 64608 5400
FAIL0=3 FAIL1=4 FAIL10=20450 FAIL11=64608 FAIL12=5400 FAIL2=6 FAIL3=9 FAIL4=25 FAIL5=69 FAIL6=216 FAIL7=680 FAIL8=2084 FAIL9=6442 
