-- worker thread times 0 0 0 0 0 0 0 0 0 0 0 0 0 0 0 0 0 0 0 0 0 0 0 0 0 0 0 0 0 0 0
-- 2 <30
-- worker thread times 0 0 0 0 0 0 0 0 0 0 0 0 0 0 0 0 0 0 0 0 0 0 0 0 0 0 0 0 0 0 0
-- 3 <29
-- worker thread times 1 0 0 0 0 0 0 0 0 0 0 1 1 0 0 1 0 1 1 1 0 1 0 0 0 1 0 0 0 1 0
-- 4 <28
-- worker thread times 7 7 5 4 6 4 5 6 6 2 5 5 5 7 6 6 4 5 5 2 5 5 5 7 3 6 5 3 6 3 3
-- 11 <27
-- worker thread times 36 34 31 27 34 34 36 32 34 32 32 30 32 29 34 31 33 33 30 32 32 29 31 32 33 32 29 35 35 28 36
-- 39 <26
-- worker thread times 162 166 157 162 164 164 162 165 163 163 163 163 161 162 163 159 161 163 159 160 160 162 166 162 158 161 165 157 156 162 165
-- 170 <25
-- worker thread times 791 788 790 785 790 783 786 786 790 779 793 787 784 781 787 790 782 790 786 790 775 787 792 793 787 795 793 793 784 783 789
-- 797 <24
-- worker thread times 3587 3582 3587 3587 3584 3587 3586 3587 3586 3588 3582 3575 3580 3583 3580 3584 3588 3587 3583 3583 3584 3588 3584 3579 3584 3583 3586 3577 3586 3583 3584
-- 3595 <23
-- worker thread times 6128 6129 6127 6128 6128 6125 6128 6128 6124 6127 6124 6128 6128 6128 6128 6123 6127 6126 6128 6125 6127 6128 6127 6127 6127 6128 6128 6128 6128 6127 6128
true 1842211
(0 -> 8) (1 -> 28) (2 -> 11) (3 -> -1) (4 -> 0) (5 -> -1) (6 -> -1) (7 -> 5) (8 -> 20) (9 -> 22) (10 -> -1) (11 -> 18) (12 -> 10) (13 -> 3) (14 -> 7) (15 -> 23) (16 -> 21) (17 -> 14) (18 -> -1) (19 -> 16) (20 -> 13) (21 -> 2) (22 -> 4) (23 -> -1) (24 -> -1) (25 -> 25) (26 -> 24) (27 -> -1) (28 -> 26) (29 -> 1) 
10758 2 3 4 11 39 170 797 3595 6132
EXCEPT=8 FAIL0=2 FAIL1=3 FAIL2=4 FAIL3=11 FAIL4=39 FAIL5=170 FAIL6=797 FAIL7=3595 SIZE=22 
