-- worker thread times 0 0 0 0 0 0 0 0 0 0 0 0 0 0 0 0 0 0 0 0 0 0 0 0 0 0 0 0 0 0 0
-- 3 <40
-- worker thread times 0 0 1 0 0 1 0 0 0 0 0 0 0 0 0 0 0 0 0 0 0 0 1 0 0 0 0 0 0 0 0
-- 4 <39
-- worker thread times 1 0 1 2 2 0 0 1 0 0 1 1 0 0 2 1 2 1 0 1 0 0 1 0 0 1 1 0 0 0 2
-- 5 <38
-- worker thread times 6 6 5 6 4 4 5 7 4 5 3 5 3 4 6 6 3 2 7 5 5 5 5 4 7 4 8 5 5 4 5
-- 11 <37
-- worker thread times 26 26 27 26 27 24 25 26 23 28 27 23 27 28 24 25 22 24 27 24 22 20 21 27 25 26 22 23 27 23 28
-- 32 <36
-- worker thread times 102 95 103 102 97 100 102 99 97 101 102 100 98 97 98 98 100 99 93 100 100 97 102 97 94 99 99 99 103 97 98
-- 107 <35
-- worker thread times 328 332 333 335 336 334 331 332 334 330 332 329 331 333 334 336 333 332 327 334 334 333 333 331 328 332 333 329 335 331 332
-- 341 <34
-- worker thread times 856 857 858 864 860 859 857 859 863 857 863 858 862 859 861 861 861 857 860 860 859 864 863 860 860 859 861 853 856 858 861
-- 870 <33
-- worker thread times 2090 2087 2084 2087 2087 2087 2087 2088 2087 2092 2085 2087 2085 2082 2087 2088 2091 2085 2089 2088 2080 2085 2081 2092 2082 2093 2088 2088 2092 2083 2093
-- 2100 <32
-- worker thread times 4576 4591 4588 4591 4589 4591 4592 4591 4586 4587 4597 4592 4580 4591 4589 4592 4589 4590 4587 4587 4592 4594 4590 4590 4589 4590 4589 4591 4591 4588 4592
-- 4604 <31
-- worker thread times 9586 9583 9587 9581 9588 9583 9584 9581 9588 9585 9583 9588 9588 9588 9584 9584 9588 9577 9582 9575 9581 9581 9583 9584 9581 9589 9587 9587 9585 9580 9589
-- 9599 <30
-- worker thread times 19378 19375 19374 19382 19369 19381 19369 19382 19379 19376 19370 19369 19376 19366 19370 19377 19380 19374 19377 19382 19373 19372 19376 19374 19381 19376 19376 19375 19375 19378 19386
-- 19392 <29
-- worker thread times 37614 37621 37621 37612 37622 37627 37614 37629 37626 37622 37618 37623 37616 37619 37617 37618 37614 37620 37619 37621 37616 37626 37622 37621 37616 37620 37622 37623 37624 37620 37618
-- 37636 <28
-- worker thread times 25288 25288 25287 25287 25287 25286 25285 25284 25287 25285 25287 25287 25288 25288 25287 25285 25287 25287 25286 25288 25285 25287 25285 25286 25286 25287 25286 25286 25286 25285 25288
-- 25291 <27
false 17705415 aborted

100002 3 4 5 11 32 107 341 870 2100 4604 9599 19392 37636 25291
FAIL0=3 FAIL1=4 FAIL10=9599 FAIL11=19392 FAIL12=37636 FAIL13=25291 FAIL2=5 FAIL3=11 FAIL4=32 FAIL5=107 FAIL6=341 FAIL7=870 FAIL8=2100 FAIL9=4604 
