-- worker thread times 0 0 0 0 0 0 0 0 0 0 0 0 0 0 0 0 0 0 0 0 0 0 0 0 0 0 0 0 0 0 0
-- 3 <25
-- worker thread times 0 0 0 0 0 0 0 0 0 0 0 0 0 0 0 0 0 1 1 1 0 1 0 0 0 0 0 0 0 0 0
-- 3 <24
-- worker thread times 1 0 0 0 1 1 1 1 0 0 0 1 0 0 0 0 0 0 0 0 0 0 1 0 0 0 0 0 1 0 0
-- 4 <23
-- worker thread times 3 0 0 3 2 1 1 2 4 1 3 4 1 2 3 2 3 4 2 2 1 1 1 2 1 1 3 0 3 3 1
-- 7 <22
-- worker thread times 12 10 10 11 9 11 8 7 10 11 7 11 7 11 6 8 8 6 8 11 11 8 8 12 10 12 12 12 10 9 12
-- 16 <21
-- worker thread times 35 31 35 34 35 33 29 33 36 35 36 33 35 31 35 31 36 33 32 35 33 34 34 33 35 33 30 35 33 35 36
-- 41 <20
-- worker thread times 119 117 117 117 119 119 112 120 118 116 112 119 118 115 119 113 116 119 114 114 114 121 117 113 120 118 116 117 114 107 117
-- 126 <19
-- worker thread times 301 311 311 313 313 310 309 310 315 306 315 309 314 309 315 316 310 308 313 313 304 309 305 309 313 315 313 312 309 313 315
-- 321 <18
-- worker thread times 756 758 757 745 752 755 757 759 751 754 746 754 749 756 752 758 749 756 756 757 758 752 760 751 759 757 756 757 752 760 759
-- 768 <17
-- worker thread times 1760 1767 1757 1761 1749 1764 1762 1762 1766 1760 1763 1763 1759 1752 1766 1761 1756 1758 1755 1753 1759 1750 1757 1756 1753 1759 1760 1760 1760 1765 1761
-- 1774 <16
-- worker thread times 4151 4146 4149 4149 4146 4143 4148 4143 4144 4145 4139 4139 4141 4151 4148 4148 4152 4137 4145 4136 4147 4137 4144 4143 4138 4144 4137 4150 4145 4140 4146
-- 4159 <15
-- worker thread times 4101 4093 4101 4094 4094 4097 4100 4100 4101 4100 4101 4094 4101 4097 4098 4100 4100 4101 4100 4098 4101 4099 4101 4100 4094 4101 4093 4101 4099 4099 4101
true 1979645
(0 -> -1) (1 -> -1) (2 -> -1) (3 -> -1) (4 -> 6) (5 -> 18) (6 -> 23) (7 -> 7) (8 -> 20) (9 -> -1) (10 -> -1) (11 -> -1) (12 -> 12) (13 -> -1) (14 -> 2) (15 -> 14) (16 -> 8) (17 -> 11) (18 -> 0) (19 -> 3) (20 -> -1) (21 -> -1) (22 -> -1) (23 -> 10) (24 -> 15) 
11333 3 3 4 7 16 41 126 321 768 1774 4159 4104
EXCEPT=11 FAIL0=3 FAIL1=3 FAIL10=4159 FAIL2=4 FAIL3=7 FAIL4=16 FAIL5=41 FAIL6=126 FAIL7=321 FAIL8=768 FAIL9=1774 SIZE=14 
