-- worker thread times 0 0 0 0 0 0 0 0 0 0 0 0 0 0 0 0 0 0 0 0 0 0 0 0 0 0 0 0 0 0 0
-- 3 <50
-- worker thread times 1 1 2 0 0 0 0 1 1 1 0 0 1 0 1 2 0 2 0 0 1 0 0 1 1 0 2 0 0 0 2
-- 5 <49
-- worker thread times 12 11 11 14 13 13 13 12 12 15 13 13 15 13 12 7 13 16 13 13 16 12 10 15 13 15 15 15 14 15 12
-- 19 <48
-- worker thread times 72 75 71 72 66 75 73 72 72 73 73 75 74 73 75 73 72 69 71 71 74 68 75 74 73 75 72 70 71 71 76
-- 79 <47
-- worker thread times 336 339 336 340 338 336 340 336 338 336 339 337 339 338 336 338 339 342 338 341 337 342 342 340 338 338 335 337 338 336 342
-- 346 <46
-- worker thread times 1491 1492 1488 1494 1495 1491 1493 1488 1489 1492 1490 1492 1489 1491 1494 1488 1492 1486 1496 1492 1489 1490 1494 1491 1491 1494 1491 1492 1488 1489 1494
-- 1499 <45
-- worker thread times 5603 5605 5607 5603 5606 5608 5607 5604 5599 5601 5601 5604 5604 5604 5608 5607 5604 5606 5605 5600 5603 5601 5607 5606 5600 5604 5603 5608 5605 5603 5608
-- 5613 <44
-- worker thread times 19414 19417 19412 19414 19412 19410 19411 19417 19413 19404 19413 19408 19412 19411 19417 19413 19412 19406 19413 19417 19413 19414 19412 19412 19412 19419 19411 19411 19415 19413 19415
-- 19423 <43
-- worker thread times 70726 70734 70726 70727 70726 70729 70730 70718 70724 70729 70732 70723 70727 70726 70733 70732 70730 70732 70728 70725 70732 70728 70729 70730 70724 70728 70724 70724 70727 70729 70728
-- 70739 <42
-- worker thread times 2268 2267 2267 2267 2268 2267 2267 2268 2268 2267 2267 2267 2267 2267 2268 2268 2267 2267 2267 2268 2267 2267 2267 2267 2268 2268 2267 2267 2267 2267 2264
-- 2271 <41
false 15596283 aborted

100002 3 5 19 79 346 1499 5613 19423 70739 2271
FAIL0=3 FAIL1=5 FAIL2=19 FAIL3=79 FAIL4=346 FAIL5=1499 FAIL6=5613 FAIL7=19423 FAIL8=70739 FAIL9=2271 
