-- worker thread times 0 0 0 1 0 0 0 0 0 1 0 1 1 0 0 0 0 0 0 0 0 0 0 0 1 0 0 0 1 1 1
-- 4 <40
-- worker thread times 2 4 1 2 3 4 4 2 3 2 2 2 1 1 2 1 1 3 2 1 2 3 3 3 2 3 3 1 2 3 4
-- 7 <39
-- worker thread times 13 13 14 9 11 15 15 15 13 10 12 13 12 11 15 10 11 14 13 14 10 12 15 13 13 11 14 13 13 12 14
-- 18 <38
-- worker thread times 63 59 61 60 57 59 60 63 60 58 62 59 58 60 59 60 62 60 61 59 59 56 61 57 58 60 59 61 60 58 58
-- 66 <37
-- worker thread times 276 272 270 269 271 270 270 273 268 272 273 272 269 271 272 273 270 273 271 269 270 274 272 274 268 272 273 271 273 267 273
-- 278 <36
-- worker thread times 1225 1224 1223 1229 1217 1226 1224 1226 1222 1220 1226 1225 1223 1224 1219 1222 1226 1225 1224 1224 1222 1222 1225 1225 1224 1225 1220 1224 1225 1228 1227
-- 1233 <35
-- worker thread times 5385 5389 5392 5389 5388 5389 5389 5392 5388 5383 5385 5386 5388 5389 5389 5392 5388 5389 5384 5389 5385 5384 5387 5387 5392 5386 5387 5378 5392 5388 5387
-- 5397 <34
-- worker thread times 23607 23605 23606 23606 23605 23602 23600 23601 23608 23597 23606 23603 23602 23603 23599 23602 23608 23603 23599 23608 23607 23601 23599 23602 23604 23600 23603 23600 23608 23598 23603
-- 23614 <33
-- worker thread times 69376 69377 69377 69380 69380 69378 69377 69377 69378 69379 69378 69378 69375 69375 69379 69379 69378 69378 69380 69378 69379 69377 69380 69378 69379 69377 69378 69375 69376 69378 69378
-- 69383 <32
false 16739343 aborted

100003 4 7 18 66 278 1233 5397 23614 69383
FAIL0=4 FAIL1=7 FAIL2=18 FAIL3=66 FAIL4=278 FAIL5=1233 FAIL6=5397 FAIL7=23614 FAIL8=69383 
