-- worker thread times 0 0 0 0 0 0 0 0 0 0 0 0 0 0 0 0 0 0 0 0 0 0 0 0 0 0 0 0 0 0 0
-- 3 <40
-- worker thread times 0 1 0 0 0 0 0 0 1 1 0 0 0 0 0 0 0 0 0 0 0 0 0 0 0 0 0 0 0 0 0
-- 4 <39
-- worker thread times 3 1 0 0 2 1 0 2 0 2 1 0 0 1 0 0 1 1 0 0 1 2 0 0 2 0 1 1 1 1 0
-- 5 <38
-- worker thread times 6 6 6 7 6 6 1 6 6 7 4 8 5 6 5 8 3 5 5 3 7 3 5 7 8 4 7 3 8 5 5
-- 11 <37
-- worker thread times 27 32 33 34 36 31 33 31 36 31 32 35 29 30 34 36 30 32 32 35 32 33 31 31 30 34 33 32 32 34 31
-- 39 <36
-- worker thread times 167 170 164 166 167 162 170 171 167 164 165 163 166 171 166 171 164 169 169 165 166 169 168 168 164 164 168 164 170 165 171
-- 175 <35
-- worker thread times 799 801 807 801 803 804 801 801 803 798 800 801 803 805 803 797 798 800 802 806 795 804 796 803 803 804 802 802 799 806 804
-- 811 <34
-- worker thread times 3392 3389 3382 3389 3387 3390 3389 3390 3391 3389 3389 3388 3392 3389 3386 3388 3383 3384 3389 3390 3389 3390 3389 3391 3388 3387 3391 3395 3390 3388 3383
-- 3399 <33
-- worker thread times 15796 15789 15791 15793 15795 15795 15794 15791 15789 15797 15796 15794 15795 15786 15799 15795 15786 15790 15789 15796 15795 15798 15787 15797 15786 15796 15788 15797 15789 15798 15785
-- 15805 <32
-- worker thread times 77876 77873 77876 77873 77878 77881 77873 77879 77881 77880 77879 77879 77881 77880 77868 77881 77873 77873 77874 77879 77874 77869 77878 77877 77873 77876 77877 77883 77871 77871 77870
-- 77890 <31
-- worker thread times 1851 1851 1851 1851 1850 1850 1850 1851 1850 1850 1850 1851 1850 1851 1851 1851 1851 1850 1850 1851 1850 1850 1850 1850 1851 1851 1851 1851 1851 1850 1851
-- 1854 <30
false 17719233 aborted

100002 3 4 5 11 39 175 811 3399 15805 77890 1854
FAIL0=3 FAIL1=4 FAIL10=1854 FAIL2=5 FAIL3=11 FAIL4=39 FAIL5=175 FAIL6=811 FAIL7=3399 FAIL8=15805 FAIL9=77890 
