-- worker thread times 0 0 0 0 0 0 0 0 0 0 0 0 0 0 0 0 0 0 0 0 0 0 0 0 0 0 0 0 0 0 0
-- 3 <50
-- worker thread times 0 0 0 0 0 0 0 0 0 0 0 0 0 0 0 0 0 0 0 0 0 0 0 0 0 0 0 0 0 0 0
-- 3 <49
-- worker thread times 2 0 1 0 0 1 1 2 1 1 0 2 0 1 0 1 1 1 0 1 1 2 1 0 1 2 0 1 2 0 2
-- 6 <48
-- worker thread times 8 5 7 6 6 7 6 6 6 6 6 6 6 6 6 7 7 6 7 6 7 7 4 8 5 6 7 7 6 6 7
-- 12 <47
-- worker thread times 23 23 21 23 22 19 21 23 23 18 23 22 22 22 22 20 20 21 23 24 23 19 21 22 23 19 22 21 21 20 24
-- 28 <46
-- worker thread times 79 80 79 77 80 80 79 77 73 80 78 80 73 75 78 79 75 77 76 76 78 77 77 77 77 77 80 78 76 73 75
-- 85 <45
-- worker thread times 302 302 301 303 304 301 302 306 300 301 305 299 302 304 305 305 299 304 303 302 304 302 300 299 301 304 303 304 299 303 305
-- 310 <44
-- worker thread times 1238 1242 1240 1243 1241 1240 1238 1237 1239 1241 1236 1236 1239 1241 1243 1238 1241 1239 1238 1239 1240 1243 1238 1239 1239 1241 1241 1240 1241 1239 1243
-- 1249 <43
-- worker thread times 4914 4908 4911 4913 4913 4915 4907 4909 4916 4914 4907 4911 4915 4912 4913 4910 4912 4911 4914 4908 4911 4910 4908 4908 4914 4911 4909 4910 4915 4914 4918
-- 4922 <42
-- worker thread times 18179 18175 18178 18178 18171 18175 18175 18164 18176 18180 18180 18168 18173 18175 18174 18174 18169 18173 18173 18174 18176 18175 18177 18170 18176 18169 18174 18176 18170 18177 18176
-- 18184 <41
-- worker thread times 64576 64578 64586 64587 64583 64581 64576 64591 64582 64578 64583 64586 64586 64582 64581 64581 64586 64588 64580 64574 64590 64587 64588 64581 64577 64583 64582 64590 64583 64579 64592
-- 64596 <40
-- worker thread times 10596 10595 10595 10595 10595 10595 10594 10595 10594 10595 10595 10595 10596 10595 10595 10595 10595 10594 10594 10595 10596 10595 10594 10596 10595 10595 10594 10595 10596 10595 10594
-- 10599 <39
false 18036855 aborted

100002 3 3 6 12 28 85 310 1249 4922 18184 64596 10599
FAIL0=3 FAIL1=3 FAIL10=64596 FAIL11=10599 FAIL2=6 FAIL3=12 FAIL4=28 FAIL5=85 FAIL6=310 FAIL7=1249 FAIL8=4922 FAIL9=18184 
