-- worker thread times 0 0 0 0 0 0 0 0 0 0 0 0 0 0 0 0 0 0 0 0 0 0 0 0 0 0 0 0 0 0 0
-- 2 <35
-- worker thread times 0 0 0 0 0 0 0 0 0 0 0 0 0 0 0 0 0 0 0 0 0 0 0 0 0 0 0 0 0 0 0
-- 3 <34
-- worker thread times 2 0 0 0 1 1 0 0 0 0 0 0 1 0 0 0 0 0 0 0 0 1 0 2 0 1 1 0 0 0 0
-- 4 <33
-- worker thread times 2 3 3 4 4 4 2 3 3 3 6 1 7 5 3 2 2 4 5 3 4 4 4 5 4 4 5 5 4 5 7
-- 9 <32
-- worker thread times 33 28 29 30 29 33 26 31 29 30 26 30 33 28 30 29 27 26 27 26 30 27 28 27 30 23 31 26 32 28 30
-- 36 <31
-- worker thread times 186 183 187 186 183 180 178 181 174 176 180 179 180 183 181 180 178 185 180 179 184 177 184 182 180 185 181 181 172 180 181
-- 190 <30
-- worker thread times 1038 1037 1033 1031 1036 1041 1036 1038 1034 1033 1036 1037 1036 1039 1042 1030 1042 1038 1034 1041 1034 1037 1032 1036 1030 1044 1032 1036 1041 1038 1032
-- 1047 <29
-- worker thread times 4891 4898 4898 4882 4894 4896 4897 4897 4896 4896 4891 4896 4891 4890 4893 4892 4897 4890 4890 4893 4897 4896 4894 4891 4891 4898 4887 4890 4890 4898 4893
-- 4904 <28
-- worker thread times 25147 25142 25141 25135 25135 25144 25134 25133 25140 25138 25138 25140 25140 25137 25134 25125 25134 25134 25139 25132 25140 25135 25134 25136 25132 25136 25141 25141 25140 25133 25146
-- 25152 <27
-- worker thread times 22565 22565 22566 22566 22566 22566 22565 22567 22566 22565 22565 22566 22567 22566 22565 22565 22566 22566 22567 22565 22566 22566 22566 22566 22566 22565 22566 22566 22566 22566 22566
true 9793673
(0 -> -1) (1 -> -1) (2 -> 32) (3 -> 3) (4 -> 29) (5 -> 28) (6 -> 9) (7 -> 23) (8 -> -1) (9 -> 34) (10 -> 5) (11 -> 11) (12 -> 20) (13 -> -1) (14 -> -1) (15 -> -1) (16 -> 26) (17 -> 15) (18 -> 18) (19 -> 6) (20 -> -1) (21 -> 4) (22 -> 12) (23 -> 22) (24 -> 24) (25 -> 21) (26 -> -1) (27 -> 17) (28 -> 27) (29 -> -1) (30 -> 31) (31 -> 14) (32 -> 30) (33 -> 7) (34 -> 0) 
53923 2 3 4 9 36 190 1047 4904 25152 22570
EXCEPT=9 FAIL0=2 FAIL1=3 FAIL2=4 FAIL3=9 FAIL4=36 FAIL5=190 FAIL6=1047 FAIL7=4904 FAIL8=25152 SIZE=26 
