-- worker thread times 0 0 0 0 0 0 0 0 0 0 0 0 0 0 0 0 0 0 0 0 0 0 0 0 0 0 0 0 0 0 0
-- 2 <30
-- worker thread times 0 0 0 0 0 0 0 0 0 0 0 0 0 0 0 0 0 0 0 0 0 0 0 0 0 0 0 0 1 0 0
-- 3 <29
-- worker thread times 0 1 0 0 0 0 0 0 1 1 0 0 0 1 0 1 0 1 0 0 0 0 0 0 1 0 0 0 0 0 1
-- 4 <28
-- worker thread times 4 3 5 2 4 2 3 3 3 3 2 5 2 2 4 5 2 2 4 2 3 3 4 2 4 4 4 4 1 3 5
-- 8 <27
-- worker thread times 22 19 17 20 16 17 17 19 20 19 17 19 18 18 19 16 20 15 21 20 18 17 18 20 20 18 14 18 18 18 16
-- 25 <26
-- worker thread times 84 85 86 88 85 89 88 87 86 90 86 87 85 82 88 85 89 87 86 90 88 86 91 85 88 90 87 86 84 88 89
-- 95 <25
-- worker thread times 329 334 330 329 333 330 332 327 332 331 334 331 332 330 335 336 325 331 335 333 333 332 337 334 330 335 331 335 329 337 330
-- 341 <24
-- worker thread times 1247 1246 1242 1244 1249 1241 1248 1245 1246 1241 1243 1249 1243 1247 1247 1247 1242 1245 1248 1251 1251 1237 1247 1247 1248 1244 1250 1245 1248 1252 1248
-- 1257 <23
-- worker thread times 5138 5137 5138 5139 5138 5141 5142 5140 5137 5138 5142 5138 5141 5135 5137 5137 5134 5143 5132 5137 5140 5137 5144 5138 5139 5141 5137 5132 5144 5134 5139
-- 5152 <22
-- worker thread times 22678 22671 22681 22685 22672 22677 22676 22677 22678 22684 22674 22675 22677 22683 22683 22678 22684 22670 22676 22673 22673 22678 22686 22676 22670 22685 22684 22680 22684 22680 22686
-- 22694 <21
-- worker thread times 5336 5335 5335 5336 5335 5335 5335 5336 5335 5335 5335 5335 5334 5335 5334 5333 5334 5333 5335 5336 5336 5335 5335 5336 5335 5335 5336 5336 5335 5335 5335
true 6115473
(0 -> -1) (1 -> 5) (2 -> 10) (3 -> -1) (4 -> 4) (5 -> 11) (6 -> 22) (7 -> 2) (8 -> 14) (9 -> 27) (10 -> 3) (11 -> -1) (12 -> -1) (13 -> 21) (14 -> 28) (15 -> 9) (16 -> 6) (17 -> -1) (18 -> -1) (19 -> -1) (20 -> 7) (21 -> 29) (22 -> 16) (23 -> -1) (24 -> -1) (25 -> 0) (26 -> 25) (27 -> 15) (28 -> -1) (29 -> 12) 
34926 2 3 4 8 25 95 341 1257 5152 22694 5339
EXCEPT=10 FAIL0=2 FAIL1=3 FAIL2=4 FAIL3=8 FAIL4=25 FAIL5=95 FAIL6=341 FAIL7=1257 FAIL8=5152 FAIL9=22694 SIZE=20 
