-- worker thread times 0 0 0 0 0 0 0 0 0 0 0 0 0 0 0 0 0 0 0 0 0 0 0 0 0 0 0 0 0 0 0
-- 3 <35
-- worker thread times 0 0 0 0 0 0 0 0 0 0 0 0 0 0 0 0 0 0 0 0 0 0 0 0 0 0 0 0 0 0 0
-- 3 <34
-- worker thread times 1 1 0 0 0 0 0 0 0 0 0 0 2 0 1 0 1 0 1 1 0 0 1 0 0 1 1 1 1 0 1
-- 4 <33
-- worker thread times 5 7 5 5 6 5 3 9 6 5 5 6 6 7 6 5 7 4 8 8 8 7 5 6 5 3 3 4 5 5 3
-- 11 <32
-- worker thread times 34 29 30 30 31 28 28 33 29 30 29 28 30 27 30 25 29 29 34 27 30 29 29 30 29 30 32 25 33 29 30
-- 37 <31
-- worker thread times 136 135 137 137 139 144 141 140 142 138 136 140 140 134 140 134 138 136 142 139 137 137 137 138 139 139 145 137 137 137 139
-- 148 <30
-- worker thread times 624 623 622 619 620 620 620 623 622 620 620 622 620 617 620 621 623 626 620 620 622 622 621 623 623 621 621 619 623 623 617
-- 630 <29
-- worker thread times 2777 2783 2779 2784 2784 2782 2785 2776 2780 2780 2781 2776 2774 2777 2777 2777 2778 2781 2778 2780 2780 2781 2784 2781 2773 2779 2782 2773 2779 2778 2784
-- 2790 <28
-- worker thread times 11476 11478 11474 11480 11477 11477 11474 11472 11476 11469 11471 11475 11474 11473 11478 11473 11477 11476 11476 11474 11476 11476 11472 11476 11472 11475 11478 11477 11480 11476 11477
-- 11486 <27
-- worker thread times 52999 53000 52999 52992 52997 52991 52995 52998 52994 52994 52992 52983 52998 52994 52996 52989 52997 52999 52990 52988 52991 52988 52994 52996 52997 52999 52990 52994 52999 52994 52994
-- 53010 <26
-- worker thread times 31871 31870 31870 31871 31871 31870 31871 31871 31870 31870 31870 31870 31871 31870 31870 31870 31871 31870 31870 31871 31869 31870 31871 31870 31870 31871 31870 31870 31871 31870 31871
-- 31874 <25
false 18075813 aborted

100003 3 3 4 11 37 148 630 2790 11486 53010 31874
FAIL0=3 FAIL1=3 FAIL10=31874 FAIL2=4 FAIL3=11 FAIL4=37 FAIL5=148 FAIL6=630 FAIL7=2790 FAIL8=11486 FAIL9=53010 
