-- worker thread times 0 0 0 0 0 0 0 0 0 0 0 0 0 0 0 0 0 0 0 0 0 0 0 0 0 0 0 0 0 0 0
-- 3 <40
-- worker thread times 0 0 0 0 0 0 0 0 0 0 0 0 0 0 0 0 0 0 0 0 0 0 0 1 0 0 1 0 0 0 0
-- 3 <39
-- worker thread times 2 0 0 0 2 0 0 0 0 1 0 0 1 0 2 1 1 1 0 1 1 0 0 1 0 0 0 1 1 1 0
-- 5 <38
-- worker thread times 1 5 2 4 3 1 3 2 5 5 5 4 2 2 3 0 2 2 1 3 3 2 4 3 4 4 5 3 2 3 1
-- 8 <37
-- worker thread times 17 19 18 16 15 16 16 15 17 16 17 18 18 19 18 19 21 20 20 18 19 18 19 21 17 17 15 18 21 19 21
-- 25 <36
-- worker thread times 87 82 85 82 85 82 85 81 81 82 81 80 81 79 83 81 84 80 88 85 84 84 78 86 83 86 85 84 84 83 89
-- 91 <35
-- worker thread times 418 418 416 413 414 420 417 417 412 412 411 415 407 414 413 415 415 422 414 416 414 410 421 416 413 411 415 415 416 416 417
-- 425 <34
-- worker thread times 2004 2006 2004 1999 2006 2001 2001 2003 2002 2001 2006 2001 2001 2003 2003 2001 1995 2003 2005 1999 1997 2002 2008 1999 1999 1999 2002 2005 2001 2003 2005
-- 2013 <33
-- worker thread times 9887 9886 9885 9885 9883 9887 9888 9887 9881 9882 9884 9886 9883 9890 9877 9887 9882 9890 9884 9888 9883 9886 9885 9888 9888 9884 9887 9883 9885 9884 9893
-- 9897 <32
-- worker thread times 58676 58662 58668 58669 58665 58666 58657 58666 58669 58666 58648 58665 58663 58664 58665 58661 58666 58660 58666 58661 58666 58666 58663 58670 58664 58672 58665 58671 58665 58675 58678
-- 58682 <31
-- worker thread times 28840 28842 28840 28840 28840 28842 28840 28840 28840 28840 28840 28841 28840 28840 28840 28840 28840 28841 28840 28841 28840 28841 28842 28839 28840 28839 28841 28841 28840 28840 28840
-- 28845 <30
false 16199790 aborted

100003 3 3 5 8 25 91 425 2013 9897 58682 28845
FAIL0=3 FAIL1=3 FAIL10=28845 FAIL2=5 FAIL3=8 FAIL4=25 FAIL5=91 FAIL6=425 FAIL7=2013 FAIL8=9897 FAIL9=58682 
