-- worker thread times 0 0 0 0 0 0 0 0 0 0 0 0 0 0 0 0 0 0 0 0 0 0 0 0 0 0 0 0 0 0 0
-- 3 <50
-- worker thread times 0 0 0 0 0 0 0 0 0 0 0 0 0 0 0 0 0 0 0 0 0 0 0 0 0 0 0 0 0 0 0
-- 3 <49
-- worker thread times 0 2 1 0 2 0 1 0 1 1 0 1 0 1 2 1 1 0 0 0 0 0 0 0 1 0 0 0 0 0 0
-- 5 <48
-- worker thread times 9 8 9 12 9 11 7 8 9 10 7 11 10 8 6 7 11 10 7 8 7 9 11 7 6 12 10 11 7 11 11
-- 15 <47
-- worker thread times 63 60 59 59 62 59 59 57 59 60 60 56 61 60 59 58 58 58 60 58 61 58 60 57 59 58 59 57 56 62 62
-- 66 <46
-- worker thread times 318 317 315 314 313 314 315 312 313 313 316 314 317 311 315 311 311 315 312 314 312 314 314 317 315 314 313 312 314 315 319
-- 323 <45
-- worker thread times 1368 1366 1365 1365 1362 1360 1364 1363 1360 1362 1365 1363 1361 1366 1365 1364 1357 1353 1364 1358 1361 1366 1367 1362 1364 1359 1360 1361 1358 1361 1353
-- 1372 <44
-- worker thread times 5500 5496 5506 5501 5500 5503 5506 5500 5500 5504 5505 5507 5500 5504 5507 5502 5501 5498 5502 5502 5498 5500 5504 5502 5505 5506 5502 5507 5504 5507 5509
-- 5514 <43
-- worker thread times 21897 21895 21895 21906 21898 21901 21898 21894 21903 21899 21895 21896 21906 21894 21895 21901 21896 21896 21899 21897 21894 21888 21900 21899 21898 21903 21896 21894 21905 21897 21906
-- 21911 <42
-- worker thread times 70779 70780 70780 70778 70779 70775 70778 70779 70774 70780 70779 70778 70777 70781 70777 70780 70780 70778 70780 70780 70780 70780 70777 70780 70778 70779 70779 70780 70780 70781 70780
-- 70785 <41
false 18293464 aborted

100002 3 3 5 15 66 323 1372 5514 21911 70785
FAIL0=3 FAIL1=3 FAIL2=5 FAIL3=15 FAIL4=66 FAIL5=323 FAIL6=1372 FAIL7=5514 FAIL8=21911 FAIL9=70785 
