-- worker thread times 0 0 0 0 0 0 0 0 0 0 0 0 0 0 0 0 0 0 0 0 0 0 0 0 0 0 0 0 0 0 0
-- 3 <40
-- worker thread times 0 0 0 0 0 0 0 0 0 0 0 0 0 0 0 0 0 0 0 0 0 0 0 0 0 0 0 0 0 0 0
-- 3 <39
-- worker thread times 2 1 1 0 0 0 0 0 0 0 1 0 0 1 0 1 0 0 0 0 1 1 0 0 0 0 0 0 1 1 1
-- 5 <38
-- worker thread times 3 3 2 1 1 2 4 4 3 3 0 5 5 1 1 0 3 3 2 3 2 1 3 3 3 1 0 3 2 5 5
-- 8 <37
-- worker thread times 14 14 16 16 15 14 11 10 18 16 16 12 18 14 15 12 14 13 15 15 9 15 12 17 15 16 14 18 15 12 14
-- 21 <36
-- worker thread times 60 54 55 58 61 56 57 61 59 63 62 62 58 59 60 58 63 59 62 60 62 62 53 57 56 61 62 65 61 62 65
-- 68 <35
-- worker thread times 212 212 209 213 208 211 210 212 211 209 211 208 212 206 206 209 211 207 208 206 208 208 211 207 210 208 210 207 202 211 213
-- 219 <34
-- worker thread times 730 728 718 727 717 723 726 732 726 725 723 727 728 725 729 728 721 727 722 728 725 725 732 726 722 727 728 727 726 722 730
-- 736 <33
-- worker thread times 2572 2570 2563 2568 2575 2572 2574 2570 2575 2575 2579 2572 2572 2575 2574 2568 2574 2574 2569 2573 2575 2568 2572 2571 2575 2564 2570 2569 2573 2575 2576
-- 2584 <32
-- worker thread times 9075 9082 9075 9082 9080 9083 9077 9082 9079 9076 9080 9077 9075 9078 9078 9080 9076 9074 9075 9076 9075 9081 9079 9078 9080 9074 9078 9076 9079 9080 9082
-- 9091 <31
-- worker thread times 30817 30815 30814 30811 30810 30811 30815 30814 30813 30812 30811 30807 30812 30811 30807 30807 30811 30809 30812 30810 30808 30811 30813 30812 30811 30804 30813 30811 30810 30813 30813
-- 30825 <30
-- worker thread times 56426 56428 56429 56424 56427 56424 56425 56424 56427 56428 56426 56427 56429 56429 56426 56429 56428 56429 56427 56428 56426 56426 56426 56425 56429 56429 56427 56428 56426 56429 56427
-- 56433 <29
false 18674408 aborted

100002 3 3 5 8 21 68 219 736 2584 9091 30825 56433
FAIL0=3 FAIL1=3 FAIL10=30825 FAIL11=56433 FAIL2=5 FAIL3=8 FAIL4=21 FAIL5=68 FAIL6=219 FAIL7=736 FAIL8=2584 FAIL9=9091 
