-- worker thread times 0 0 0 0 0 0 0 0 0 0 0 0 0 0 0 0 0 0 0 0 0 0 0 0 0 0 0 0 0 0 0
-- 3 <50
-- worker thread times 1 0 0 0 0 0 0 0 0 0 1 0 0 1 0 0 0 0 0 0 1 1 1 0 0 0 1 0 1 0 0
-- 4 <49
-- worker thread times 6 5 4 5 4 4 4 3 2 5 5 6 6 3 5 2 2 2 4 4 5 3 3 2 2 1 6 5 4 3 4
-- 10 <48
-- worker thread times 22 20 20 18 20 18 20 22 19 17 22 20 18 21 17 21 21 17 18 19 21 19 21 19 18 20 22 17 20 20 20
-- 27 <47
-- worker thread times 70 69 72 72 70 69 70 72 69 70 67 68 68 71 70 72 68 68 69 69 68 68 69 70 66 70 69 68 71 70 63
-- 77 <46
-- worker thread times 212 210 206 209 209 208 209 205 209 205 205 208 207 207 208 205 209 208 210 207 208 208 211 200 209 207 208 210 211 210 212
-- 218 <45
-- worker thread times 572 576 575 569 570 573 568 572 574 573 571 569 574 571 573 570 577 575 573 571 574 570 572 570 575 574 571 572 573 571 574
-- 582 <44
-- worker thread times 1503 1499 1493 1491 1493 1491 1499 1499 1497 1495 1495 1496 1494 1494 1498 1493 1497 1498 1499 1497 1496 1495 1497 1494 1494 1497 1498 1497 1500 1499 1496
-- 1507 <43
-- worker thread times 3706 3714 3718 3711 3711 3713 3713 3716 3714 3713 3716 3718 3714 3718 3711 3711 3719 3719 3711 3708 3717 3714 3712 3715 3713 3710 3715 3712 3716 3721 3720
-- 3727 <42
-- worker thread times 9128 9130 9129 9134 9125 9135 9124 9132 9126 9132 9129 9122 9130 9128 9127 9127 9131 9127 9126 9130 9130 9129 9132 9133 9132 9126 9127 9126 9125 9126 9136
-- 9143 <41
-- worker thread times 21217 21225 21212 21217 21225 21218 21214 21222 21222 21218 21222 21214 21211 21215 21215 21217 21217 21220 21221 21220 21220 21217 21210 21212 21225 21220 21222 21221 21224 21219 21221
-- 21233 <40
-- worker thread times 49377 49380 49372 49373 49370 49374 49376 49366 49366 49375 49379 49378 49381 49371 49373 49369 49361 49379 49377 49370 49373 49367 49370 49376 49368 49378 49375 49375 49371 49373 49381
-- 49389 <39
-- worker thread times 14074 14073 14072 14073 14074 14073 14073 14073 14073 14072 14073 14073 14073 14074 14073 14073 14073 14073 14073 14073 14073 14074 14073 14072 14073 14072 14073 14073 14073 14073 14073
-- 14077 <38
false 17232524 aborted

100002 3 4 10 27 77 218 582 1507 3727 9143 21233 49389 14077
FAIL0=3 FAIL1=4 FAIL10=21233 FAIL11=49389 FAIL12=14077 FAIL2=10 FAIL3=27 FAIL4=77 FAIL5=218 FAIL6=582 FAIL7=1507 FAIL8=3727 FAIL9=9143 
