-- worker thread times 0 0 0 0 0 0 0 0 0 0 0 0 0 0 0 0 0 0 0 0 0 0 0 0 0 0 0 0 0 0 0
-- 3 <50
-- worker thread times 0 0 0 0 0 1 1 0 0 0 1 1 0 0 0 1 0 0 0 0 0 0 1 0 0 0 0 0 0 0 0
-- 4 <49
-- worker thread times 2 3 1 1 1 2 1 1 1 0 3 0 0 1 2 1 0 1 1 1 0 0 0 1 0 1 2 0 1 0 3
-- 5 <48
-- worker thread times 6 6 8 7 6 5 8 9 7 5 8 7 5 6 6 5 6 7 6 8 6 5 4 9 7 5 5 6 6 5 9
-- 13 <47
-- worker thread times 41 45 40 42 40 37 40 42 44 37 43 38 37 40 43 39 42 37 40 42 40 40 34 40 39 37 41 42 42 41 40
-- 48 <46
-- worker thread times 214 215 217 223 219 219 218 222 223 223 216 221 223 217 219 222 222 218 225 220 217 219 222 219 218 218 222 221 220 221 224
-- 228 <45
-- worker thread times 1127 1129 1125 1125 1126 1126 1122 1127 1120 1122 1123 1121 1122 1122 1122 1127 1125 1121 1122 1121 1127 1125 1125 1123 1123 1128 1122 1126 1123 1125 1127
-- 1133 <44
-- worker thread times 4875 4875 4878 4872 4878 4876 4881 4874 4877 4875 4875 4873 4874 4870 4871 4869 4875 4877 4871 4879 4877 4874 4879 4875 4875 4873 4876 4879 4876 4871 4876
-- 4885 <43
-- worker thread times 19250 19253 19254 19251 19254 19252 19249 19254 19255 19252 19249 19246 19252 19254 19252 19250 19252 19253 19252 19254 19255 19246 19257 19255 19257 19249 19246 19252 19248 19247 19258
-- 19263 <42
-- worker thread times 70527 70525 70526 70525 70524 70530 70521 70525 70523 70526 70525 70527 70527 70527 70526 70525 70526 70519 70530 70525 70524 70531 70524 70527 70524 70530 70523 70528 70527 70529 70532
-- 70538 <41
-- worker thread times 3872 3873 3872 3873 3872 3872 3872 3873 3873 3871 3872 3871 3872 3872 3873 3872 3873 3872 3872 3872 3873 3872 3872 3872 3872 3873 3873 3872 3872 3872 3873
-- 3876 <40
false 15997806 aborted

100002 3 4 5 13 48 228 1133 4885 19263 70538 3876
FAIL0=3 FAIL1=4 FAIL10=3876 FAIL2=5 FAIL3=13 FAIL4=48 FAIL5=228 FAIL6=1133 FAIL7=4885 FAIL8=19263 FAIL9=70538 
