-- worker thread times 0 0 0 0 0 0 0 0 0 0 0 0 0 0 0 0 0 0 0 0 0 0 0 0 0 0 0 0 0 0 0
-- 2 <20
-- worker thread times 0 0 0 0 0 0 0 0 0 0 0 0 0 0 0 0 0 0 0 0 0 0 0 0 0 0 0 0 0 0 0
-- 3 <19
-- worker thread times 0 2 1 0 0 1 1 1 0 0 0 1 0 0 0 0 0 1 1 0 0 0 0 0 0 0 0 1 0 1 0
-- 4 <18
-- worker thread times 5 3 2 4 1 3 1 1 2 4 1 3 5 1 3 1 3 2 3 4 2 4 2 1 2 2 1 1 1 4 3
-- 7 <17
-- worker thread times 15 13 11 9 13 14 11 15 12 14 14 17 13 10 15 16 15 14 15 10 14 14 13 13 11 12 14 15 15 16 17
-- 20 <16
-- worker thread times 52 48 47 49 48 48 50 52 52 47 52 52 49 49 52 47 49 48 50 44 49 44 48 51 46 52 49 50 50 50 51
-- 57 <15
-- worker thread times 152 156 156 158 157 155 158 158 158 156 153 152 156 155 159 155 155 158 152 156 161 158 154 157 148 157 158 159 159 160 160
-- 165 <14
-- worker thread times 488 484 486 484 483 487 483 487 485 483 485 487 483 483 482 483 486 487 484 482 489 482 483 488 488 489 488 480 484 488 484
-- 496 <13
-- worker thread times 75 75 75 74 75 75 75 74 75 75 75 74 74 75 75 74 74 75 74 75 75 74 75 73 75 74 75 75 74 75 75
true 140222
(0 -> -1) (1 -> -1) (2 -> 19) (3 -> -1) (4 -> 8) (5 -> 9) (6 -> -1) (7 -> 18) (8 -> 16) (9 -> 7) (10 -> -1) (11 -> 0) (12 -> 11) (13 -> 17) (14 -> -1) (15 -> 15) (16 -> 5) (17 -> 3) (18 -> -1) (19 -> -1) 
835 2 3 4 7 20 57 165 496 77
EXCEPT=8 FAIL0=2 FAIL1=3 FAIL2=4 FAIL3=7 FAIL4=20 FAIL5=57 FAIL6=165 FAIL7=496 SIZE=12 
