-- worker thread times 0 0 0 0 0 0 0 0 0 0 0 0 0 0 0 0 0 0 0 0 0 0 0 0 0 0 0 0 0 0 0
-- 3 <20
-- worker thread times 0 0 0 0 0 1 1 0 1 1 1 0 0 0 0 0 0 0 0 0 0 0 0 0 1 0 1 0 0 0 1
-- 3 <19
-- worker thread times 0 0 2 1 1 0 0 0 0 2 2 0 0 0 1 2 0 0 0 0 0 0 2 2 2 0 2 0 0 0 1
-- 4 <18
-- worker thread times 3 3 1 3 3 4 3 4 2 1 3 2 5 3 3 2 4 0 2 4 3 1 4 5 2 4 1 4 5 3 4
-- 7 <17
-- worker thread times 14 8 13 15 12 11 12 13 13 12 10 12 13 11 13 12 13 11 12 13 11 15 14 12 15 10 9 15 13 14 13
-- 18 <16
-- worker thread times 35 34 31 32 34 36 34 36 36 34 34 36 35 33 37 31 36 35 37 36 35 36 37 31 32 31 36 33 31 37 34
-- 42 <15
-- worker thread times 102 96 101 99 97 96 102 102 91 100 99 93 101 97 101 95 97 94 95 99 96 95 99 97 100 101 96 97 97 102 103
-- 107 <14
-- worker thread times 251 253 245 242 245 246 250 247 244 250 248 251 249 249 247 248 247 248 249 251 251 245 247 246 254 247 249 247 253 248 244
-- 257 <13
-- worker thread times 124 123 123 123 122 123 124 123 123 123 123 123 124 123 123 123 123 123 123 124 120 124 122 121 123 123 124 120 123 121 123
true 96542
(0 -> 13) (1 -> 1) (2 -> 14) (3 -> -1) (4 -> 6) (5 -> -1) (6 -> 9) (7 -> -1) (8 -> -1) (9 -> 12) (10 -> 5) (11 -> -1) (12 -> 2) (13 -> 7) (14 -> -1) (15 -> -1) (16 -> 19) (17 -> -1) (18 -> 10) (19 -> 4) 
572 3 3 4 7 18 42 107 257 126
EXCEPT=8 FAIL0=3 FAIL1=3 FAIL2=4 FAIL3=7 FAIL4=18 FAIL5=42 FAIL6=107 FAIL7=257 SIZE=12 
