-- worker thread times 0 0 0 0 0 0 0 0 0 0 0 0 0 0 0 0 0 0 0 0 0 0 0 0 0 0 0 0 0 0 0
-- 3 <40
-- worker thread times 0 0 0 0 0 0 0 1 0 1 0 0 0 0 0 0 0 1 0 0 0 0 0 0 0 0 0 1 0 0 0
-- 4 <39
-- worker thread times 0 0 0 0 0 0 1 0 0 0 0 1 1 1 0 2 1 1 0 0 1 0 0 1 2 2 0 2 0 0 1
-- 5 <38
-- worker thread times 3 2 4 1 2 1 3 5 3 3 4 1 2 2 2 3 2 4 2 2 5 0 3 3 2 3 2 4 2 3 4
-- 8 <37
-- worker thread times 17 14 14 13 16 18 10 11 16 15 16 13 15 15 15 13 12 14 15 14 14 18 13 12 16 13 15 13 15 18 14
-- 21 <36
-- worker thread times 56 62 60 55 63 62 60 59 59 55 57 62 57 61 60 57 57 58 60 64 60 59 53 57 60 57 57 60 58 59 65
-- 68 <35
-- worker thread times 298 295 296 296 301 292 297 292 294 294 294 290 296 293 296 292 290 295 296 299 298 299 298 300 298 291 296 297 296 291 291
-- 305 <34
-- worker thread times 1288 1278 1279 1278 1273 1274 1285 1284 1277 1281 1276 1282 1279 1280 1283 1284 1287 1274 1284 1279 1279 1281 1281 1285 1278 1279 1282 1281 1277 1279 1279
-- 1292 <33
-- worker thread times 5545 5539 5550 5547 5545 5546 5550 5545 5541 5547 5546 5544 5549 5543 5546 5542 5543 5546 5548 5545 5543 5537 5531 5548 5545 5545 5545 5544 5540 5543 5538
-- 5557 <32
-- worker thread times 26890 26892 26894 26889 26898 26894 26893 26896 26896 26898 26889 26892 26885 26893 26891 26895 26889 26893 26888 26891 26889 26895 26893 26896 26890 26885 26898 26892 26882 26890 26899
-- 26906 <31
-- worker thread times 65823 65823 65822 65823 65822 65817 65820 65823 65824 65818 65822 65824 65824 65823 65821 65823 65820 65822 65819 65822 65822 65822 65820 65824 65822 65823 65824 65820 65823 65818 65822
-- 65828 <30
false 19190038 aborted

100002 3 4 5 8 21 68 305 1292 5557 26906 65828
FAIL0=3 FAIL1=4 FAIL10=65828 FAIL2=5 FAIL3=8 FAIL4=21 FAIL5=68 FAIL6=305 FAIL7=1292 FAIL8=5557 FAIL9=26906 
