-- worker thread times 0 0 0 0 0 0 0 0 0 0 0 0 0 0 0 0 0 0 0 0 0 0 0 0 0 0 0 0 0 0 0
-- 3 <50
-- worker thread times 2 0 0 0 0 1 0 0 2 0 0 1 0 1 0 0 0 1 0 0 0 0 0 0 0 0 1 0 1 0 0
-- 5 <49
-- worker thread times 6 4 0 4 4 2 4 5 6 4 6 2 3 4 1 4 4 2 4 4 4 4 0 4 1 2 5 2 1 3 6
-- 9 <48
-- worker thread times 15 16 17 13 15 15 16 15 15 15 14 14 12 15 16 13 15 16 16 15 12 7 16 15 15 17 16 17 14 13 17
-- 20 <47
-- worker thread times 42 40 40 36 40 41 41 41 40 39 43 43 38 40 40 40 40 42 41 43 42 41 40 33 36 43 39 42 42 42 43
-- 47 <46
-- worker thread times 116 109 113 118 120 119 116 119 119 112 119 116 116 118 117 118 120 119 120 119 118 119 118 112 117 111 117 121 117 110 119
-- 126 <45
-- worker thread times 360 357 358 353 354 357 359 358 357 350 354 356 356 357 356 355 353 344 356 356 356 355 357 348 355 352 352 353 358 356 350
-- 364 <44
-- worker thread times 1075 1072 1075 1075 1069 1074 1074 1073 1074 1072 1069 1069 1075 1076 1072 1078 1072 1076 1065 1074 1069 1075 1073 1072 1071 1069 1073 1076 1071 1074 1074
-- 1084 <43
-- worker thread times 2697 2701 2703 2703 2701 2707 2699 2700 2703 2704 2702 2702 2703 2699 2700 2703 2697 2696 2703 2698 2703 2698 2699 2699 2700 2703 2700 2696 2705 2703 2695
-- 2713 <42
-- worker thread times 6321 6320 6321 6322 6324 6322 6322 6325 6322 6319 6325 6321 6323 6322 6321 6321 6324 6323 6319 6326 6324 6323 6322 6322 6325 6325 6321 6320 6325 6316 6327
-- 6335 <41
-- worker thread times 13129 13129 13128 13124 13121 13129 13126 13126 13127 13128 13126 13125 13127 13130 13127 13129 13129 13118 13122 13121 13127 13121 13124 13126 13130 13127 13127 13129 13127 13125 13126
-- 13139 <40
-- worker thread times 26269 26260 26258 26268 26268 26272 26266 26265 26264 26267 26269 26268 26270 26262 26272 26273 26265 26271 26267 26274 26266 26266 26263 26270 26268 26267 26273 26273 26271 26262 26275
-- 26281 <39
-- worker thread times 49386 49384 49384 49380 49389 49379 49383 49385 49384 49383 49383 49383 49379 49385 49384 49389 49386 49384 49382 49385 49389 49381 49383 49387 49386 49383 49376 49383 49383 49387 49387
-- 49399 <38
-- worker thread times 467 465 464 466 466 466 465 465 465 466 466 466 465 466 466 466 466 466 466 466 466 466 465 465 466 466 466 466 465 465 465
-- 469 <37
false 15910233 aborted

100002 3 5 9 20 47 126 364 1084 2713 6335 13139 26281 49399 469
FAIL0=3 FAIL1=5 FAIL10=13139 FAIL11=26281 FAIL12=49399 FAIL13=469 FAIL2=9 FAIL3=20 FAIL4=47 FAIL5=126 FAIL6=364 FAIL7=1084 FAIL8=2713 FAIL9=6335 
