-- worker thread times 0 0 0 0 0 0 0 0 0 0 0 0 0 0 0 0 0 0 0 0 0 0 0 0 0 0 0 0 0 0 0
-- 3 <40
-- worker thread times 0 1 0 0 0 0 1 0 0 1 1 1 0 0 0 0 0 0 0 0 0 0 1 0 1 0 0 0 1 0 0
-- 4 <39
-- worker thread times 3 3 3 2 3 2 2 0 2 3 3 0 2 3 1 0 3 1 3 2 3 0 4 1 4 3 1 3 3 3 2
-- 7 <38
-- worker thread times 17 13 14 16 13 16 15 16 15 17 14 14 16 14 16 15 13 15 16 17 15 16 13 17 15 15 14 16 16 13 17
-- 21 <37
-- worker thread times 54 56 56 60 57 57 58 56 56 57 57 55 56 54 52 58 56 56 57 56 55 57 58 57 54 55 56 56 55 56 58
-- 64 <36
-- worker thread times 188 185 188 184 185 188 184 184 188 185 185 187 185 186 185 186 184 178 184 188 184 185 186 186 181 187 185 183 182 185 190
-- 194 <35
-- worker thread times 623 624 626 622 619 620 620 623 621 625 625 620 619 625 616 618 625 622 621 616 615 623 616 624 623 625 620 620 624 621 627
-- 631 <34
-- worker thread times 2071 2064 2061 2055 2065 2066 2070 2062 2068 2067 2058 2065 2068 2064 2062 2058 2064 2065 2065 2057 2064 2064 2063 2063 2067 2062 2065 2062 2064 2064 2053
-- 2074 <33
-- worker thread times 7023 7021 7019 7015 7019 7018 7019 7016 7020 7015 7017 7021 7020 7014 7020 7019 7023 7010 7016 7011 7017 7015 7018 7024 7014 7016 7016 7009 7019 7017 7014
-- 7029 <32
-- worker thread times 5147 5145 5146 5147 5145 5147 5146 5145 5147 5146 5145 5146 5146 5146 5146 5147 5146 5147 5146 5147 5147 5145 5146 5146 5146 5146 5146 5146 5147 5146 5146
true 2633621
(0 -> 12) (1 -> 36) (2 -> -1) (3 -> 33) (4 -> 11) (5 -> 39) (6 -> -1) (7 -> -1) (8 -> -1) (9 -> 24) (10 -> 2) (11 -> 30) (12 -> 28) (13 -> 8) (14 -> -1) (15 -> 19) (16 -> 14) (17 -> 29) (18 -> 20) (19 -> 16) (20 -> 6) (21 -> 18) (22 -> 26) (23 -> 9) (24 -> 37) (25 -> 32) (26 -> 35) (27 -> -1) (28 -> 10) (29 -> -1) (30 -> 22) (31 -> 21) (32 -> 5) (33 -> 15) (34 -> 23) (35 -> -1) (36 -> 0) (37 -> 4) (38 -> 31) (39 -> -1) 
15181 3 4 7 21 64 194 631 2074 7029 5150
EXCEPT=9 FAIL0=3 FAIL1=4 FAIL2=7 FAIL3=21 FAIL4=64 FAIL5=194 FAIL6=631 FAIL7=2074 FAIL8=7029 SIZE=31 
