-- worker thread times 0 0 0 0 0 0 0 1 0 0 0 0 1 0 0 0 0 0 0 0 0 0 0 0 0 0 0 0 0 0 0
-- 3 <35
-- worker thread times 1 0 0 0 1 1 1 1 0 0 0 0 0 0 0 0 1 0 0 0 0 0 0 1 0 0 0 1 0 0 0
-- 4 <34
-- worker thread times 5 4 2 2 5 5 5 3 3 3 4 6 5 3 2 0 2 2 3 5 4 2 1 5 4 3 4 2 4 1 6
-- 9 <33
-- worker thread times 15 17 14 18 18 19 20 16 18 16 20 17 17 18 19 18 11 17 19 19 20 18 16 16 16 18 19 19 17 19 20
-- 24 <32
-- worker thread times 60 59 59 62 60 58 60 63 59 60 59 61 53 60 59 61 59 61 63 60 60 62 60 62 60 61 57 60 62 58 61
-- 67 <31
-- worker thread times 182 179 180 179 181 180 182 180 180 177 179 180 183 182 180 184 181 183 178 178 181 183 177 180 180 183 184 179 180 183 182
-- 190 <30
-- worker thread times 485 484 483 487 478 482 481 478 485 481 479 482 480 483 477 483 482 480 483 481 481 480 487 475 485 480 486 477 483 481 482
-- 491 <29
-- worker thread times 1130 1129 1130 1123 1127 1123 1132 1126 1126 1126 1127 1130 1124 1128 1131 1131 1124 1129 1129 1127 1127 1130 1124 1128 1126 1126 1130 1128 1126 1124 1130
-- 1138 <28
-- worker thread times 2500 2499 2504 2503 2497 2500 2500 2496 2496 2501 2499 2495 2499 2502 2497 2500 2497 2499 2496 2499 2498 2503 2502 2499 2498 2501 2501 2495 2497 2503 2505
-- 2512 <27
-- worker thread times 5236 5231 5226 5233 5227 5230 5223 5226 5228 5232 5226 5231 5233 5230 5225 5227 5226 5226 5224 5227 5230 5223 5231 5232 5227 5229 5230 5227 5226 5219 5228
-- 5243 <26
-- worker thread times 10578 10580 10581 10582 10586 10589 10586 10580 10579 10589 10585 10581 10585 10589 10590 10586 10584 10581 10587 10584 10584 10571 10590 10590 10584 10585 10583 10589 10583 10582 10589
-- 10598 <25
-- worker thread times 6291 6291 6292 6291 6291 6292 6290 6291 6291 6291 6290 6291 6291 6291 6291 6291 6291 6291 6292 6291 6291 6291 6291 6290 6291 6291 6291 6290 6290 6290 6291
true 4582937
(0 -> 22) (1 -> 24) (2 -> 28) (3 -> 14) (4 -> 8) (5 -> 16) (6 -> 4) (7 -> -1) (8 -> -1) (9 -> 30) (10 -> 3) (11 -> -1) (12 -> -1) (13 -> -1) (14 -> 11) (15 -> -1) (16 -> 9) (17 -> -1) (18 -> 12) (19 -> -1) (20 -> 5) (21 -> 0) (22 -> 7) (23 -> 34) (24 -> 18) (25 -> 23) (26 -> 19) (27 -> 15) (28 -> 33) (29 -> 29) (30 -> 21) (31 -> -1) (32 -> -1) (33 -> 6) (34 -> -1) 
26580 3 4 9 24 67 190 491 1138 2512 5243 10598 6295
EXCEPT=11 FAIL0=3 FAIL1=4 FAIL10=10598 FAIL2=9 FAIL3=24 FAIL4=67 FAIL5=190 FAIL6=491 FAIL7=1138 FAIL8=2512 FAIL9=5243 SIZE=24 
