-- worker thread times 0 0 0 0 0 0 0 0 0 0 0 0 0 0 0 0 0 0 0 0 0 0 0 0 0 0 0 0 0 0 0
-- 2 <25
-- worker thread times 1 0 0 0 0 0 0 0 0 0 0 0 0 0 0 0 0 0 0 0 0 0 0 0 0 0 0 0 0 0 0
-- 3 <24
-- worker thread times 1 0 0 0 0 0 1 1 2 0 0 1 0 0 0 0 0 0 0 1 1 1 0 1 0 1 0 0 0 0 2
-- 4 <23
-- worker thread times 1 3 5 4 4 2 2 3 5 3 4 4 3 4 3 3 5 1 3 3 1 5 5 4 4 3 2 3 0 2 2
-- 8 <22
-- worker thread times 14 9 16 12 16 10 11 10 14 13 14 13 13 9 13 8 14 12 11 11 14 13 9 9 13 13 15 13 9 13 9
-- 19 <21
-- worker thread times 45 40 40 40 40 38 44 40 40 42 41 44 44 42 45 44 43 43 40 37 45 42 43 43 40 41 39 44 44 45 44
-- 50 <20
-- worker thread times 126 127 124 123 129 126 127 127 126 126 124 129 125 123 125 129 127 126 125 126 128 124 127 124 124 123 130 124 124 123 132
-- 136 <19
-- worker thread times 331 330 333 329 328 325 321 330 331 327 325 333 332 332 327 329 333 321 328 328 331 322 331 331 327 332 324 325 323 327 326
-- 339 <18
-- worker thread times 258 258 258 258 257 258 258 256 257 258 258 258 258 257 257 258 258 258 257 258 258 257 259 256 258 256 257 258 256 257 258
true 140593
(0 -> 10) (1 -> -1) (2 -> 17) (3 -> -1) (4 -> 18) (5 -> -1) (6 -> 15) (7 -> -1) (8 -> 13) (9 -> -1) (10 -> 16) (11 -> 12) (12 -> 23) (13 -> 6) (14 -> 7) (15 -> -1) (16 -> 24) (17 -> 3) (18 -> 22) (19 -> -1) (20 -> 21) (21 -> 4) (22 -> 2) (23 -> -1) (24 -> 11) 
827 2 3 4 8 19 50 136 339 262
EXCEPT=8 FAIL0=2 FAIL1=3 FAIL2=4 FAIL3=8 FAIL4=19 FAIL5=50 FAIL6=136 FAIL7=339 SIZE=17 
