-- worker thread times 0 0 0 0 0 0 0 0 0 0 0 0 0 0 0 0 0 0 0 0 0 0 0 0 0 0 0 0 0 0 1
-- 4 <50
-- worker thread times 1 0 3 0 1 2 2 1 1 1 1 0 0 0 0 0 2 0 1 1 1 2 0 2 2 1 1 0 1 0 3
-- 6 <49
-- worker thread times 9 8 7 10 9 8 10 8 8 9 8 10 7 9 8 7 8 9 9 9 9 7 10 8 8 8 10 8 10 7 10
-- 14 <48
-- worker thread times 39 40 37 37 35 37 40 37 37 40 39 39 38 40 40 40 39 39 38 40 39 38 36 39 39 38 40 38 40 39 38
-- 44 <47
-- worker thread times 130 127 131 129 131 127 130 130 128 130 128 129 128 128 131 130 129 130 129 129 127 131 129 127 128 129 131 129 131 129 131
-- 137 <46
-- worker thread times 362 361 358 362 356 361 360 360 358 358 361 356 360 359 359 357 358 356 358 360 361 357 361 359 357 360 359 358 358 360 362
-- 367 <45
-- worker thread times 968 964 968 966 964 964 967 962 968 963 964 964 967 965 966 967 965 966 967 967 965 966 966 967 964 965 963 965 963 964 966
-- 974 <44
-- worker thread times 2581 2584 2580 2584 2583 2584 2581 2584 2586 2583 2587 2585 2581 2585 2579 2579 2584 2583 2583 2583 2584 2580 2583 2575 2582 2582 2584 2581 2584 2584 2582
-- 2592 <43
-- worker thread times 6397 6391 6391 6395 6390 6389 6396 6394 6392 6393 6390 6394 6393 6390 6392 6390 6388 6395 6394 6393 6393 6394 6393 6392 6392 6391 6395 6397 6391 6389 6393
-- 6403 <42
-- worker thread times 16296 16290 16296 16295 16292 16291 16294 16289 16294 16288 16295 16288 16293 16291 16292 16294 16289 16289 16292 16292 16293 16294 16294 16294 16287 16294 16290 16293 16290 16298 16290
-- 16303 <41
-- worker thread times 39927 39927 39928 39928 39930 39928 39927 39930 39925 39931 39926 39926 39925 39926 39923 39927 39927 39928 39926 39924 39926 39931 39929 39929 39932 39924 39926 39928 39927 39931 39928
-- 39939 <40
-- worker thread times 33210 33209 33209 33210 33211 33209 33210 33209 33210 33209 33209 33209 33210 33209 33209 33210 33210 33210 33210 33210 33211 33210 33209 33209 33210 33210 33210 33209 33209 33210 33210
-- 33214 <39
false 18326301 aborted

100002 4 6 14 44 137 367 974 2592 6403 16303 39939 33214
FAIL0=4 FAIL1=6 FAIL10=39939 FAIL11=33214 FAIL2=14 FAIL3=44 FAIL4=137 FAIL5=367 FAIL6=974 FAIL7=2592 FAIL8=6403 FAIL9=16303 
