-- worker thread times 3 0 0 3 3 3 0 0 0 0 0 0 0 0 0 3 0 0 0 0 0 3 3 0 0 0 0 0 3 3 3
-- 6 <50
-- worker thread times 0 0 0 0 0 0 0 0 0 0 0 0 0 0 1 0 0 0 0 0 0 0 0 0 0 0 0 0 0 0 1
-- 3 <49
-- worker thread times 4 1 1 3 1 1 4 3 1 1 2 2 1 3 2 1 0 0 1 1 3 0 1 3 2 4 3 1 3 0 2
-- 8 <48
-- worker thread times 26 26 27 31 28 31 31 27 25 26 30 32 32 31 28 26 28 24 26 24 28 29 29 27 32 31 26 31 26 30 33
-- 36 <47
-- worker thread times 295 298 294 294 290 293 291 291 294 293 293 292 284 295 293 291 293 289 296 295 295 296 297 294 294 296 292 293 294 293 293
-- 301 <46
-- worker thread times 1859 1856 1855 1859 1860 1858 1852 1861 1866 1859 1857 1859 1861 1857 1859 1864 1865 1859 1857 1863 1861 1858 1857 1856 1858 1860 1863 1859 1866 1860 1867
-- 1870 <45
-- worker thread times 11626 11628 11624 11619 11621 11622 11623 11623 11620 11625 11621 11622 11624 11624 11628 11623 11624 11622 11622 11623 11624 11624 11619 11627 11621 11622 11621 11622 11619 11620 11622
-- 11632 <44
-- worker thread times 70554 70552 70549 70551 70562 70551 70557 70551 70552 70540 70554 70550 70555 70560 70548 70551 70555 70550 70547 70549 70544 70552 70555 70549 70558 70549 70549 70553 70556 70549 70555
-- 70566 <43
-- worker thread times 15574 15575 15574 15573 15573 15575 15574 15574 15573 15573 15573 15574 15574 15574 15573 15573 15573 15574 15574 15575 15573 15574 15574 15574 15573 15574 15575 15574 15573 15575 15573
-- 15578 <42
false 15907419 aborted

100003 6 3 8 36 301 1870 11632 70566 15578
FAIL0=6 FAIL1=3 FAIL2=8 FAIL3=36 FAIL4=301 FAIL5=1870 FAIL6=11632 FAIL7=70566 FAIL8=15578 
