-- worker thread times 0 0 0 0 0 0 0 0 0 0 0 0 0 0 0 0 0 0 0 0 0 0 0 0 0 0 0 0 0 0 0
-- 3 <40
-- worker thread times 1 0 0 0 0 0 0 0 0 0 1 0 0 0 0 0 0 0 0 0 1 0 0 0 0 0 0 1 0 0 0
-- 4 <39
-- worker thread times 1 1 2 1 1 3 1 4 4 3 1 3 2 1 2 2 3 2 0 2 1 1 0 3 3 4 0 2 3 2 4
-- 7 <38
-- worker thread times 22 24 21 20 21 23 24 23 22 21 22 22 19 18 23 19 21 24 21 17 22 15 22 23 22 20 20 24 22 18 21
-- 27 <37
-- worker thread times 107 107 108 108 105 106 110 107 105 109 102 106 106 107 106 107 106 106 110 107 105 109 107 109 108 106 108 106 108 108 109
-- 114 <36
-- worker thread times 435 434 434 434 431 433 435 433 430 434 435 433 433 435 436 431 432 435 434 429 433 431 431 435 434 435 432 431 434 435 437
-- 441 <35
-- worker thread times 1572 1572 1575 1572 1573 1570 1569 1575 1568 1572 1571 1572 1572 1571 1570 1566 1573 1570 1570 1570 1568 1573 1574 1564 1569 1570 1573 1572 1572 1571 1574
-- 1579 <34
-- worker thread times 5609 5613 5606 5609 5610 5607 5610 5609 5611 5608 5610 5604 5611 5610 5607 5608 5611 5609 5607 5608 5610 5611 5611 5609 5608 5612 5611 5611 5605 5611 5613
-- 5619 <33
-- worker thread times 20190 20186 20195 20192 20194 20191 20192 20195 20193 20196 20192 20191 20193 20190 20193 20187 20194 20187 20193 20192 20191 20188 20194 20195 20191 20186 20192 20188 20194 20193 20193
-- 20202 <32
-- worker thread times 70992 70991 70987 70997 70990 70989 70991 70989 70991 70990 70995 70994 70987 70992 70990 70990 70984 70990 70993 70994 70988 70986 70989 70992 70985 70991 70988 70993 70984 70994 70989
-- 71001 <31
-- worker thread times 996 997 996 997 997 997 997 997 996 996 996 996 997 997 996 996 996 996 996 997 997 997 997 997 997 996 997 996 997 997 996
-- 1000 <30
false 16722940 aborted

100002 3 4 7 27 114 441 1579 5619 20202 71001 1000
FAIL0=3 FAIL1=4 FAIL10=1000 FAIL2=7 FAIL3=27 FAIL4=114 FAIL5=441 FAIL6=1579 FAIL7=5619 FAIL8=20202 FAIL9=71001 
