-- 28 <64
-- 2 <63
-- 2 <62
-- 2 <61
-- 2 <60
-- 3 <59
-- 3 <58
-- 3 <57
-- 3 <56
-- 4 <55
-- 4 <54
-- 4 <53
-- 5 <52
-- 5 <51
-- 6 <50
-- 6 <49
-- 6 <48
-- 7 <47
-- 7 <46
-- 7 <45
-- 8 <44
-- 8 <43
-- 8 <42
-- 9 <41
-- 9 <40
-- 9 <39
-- 10 <38
-- 10 <37
-- 10 <36
-- 11 <35
-- 11 <34
-- 11 <33
-- 11 <32
-- 12 <31
-- 12 <30
-- 13 <29
-- 13 <28
-- 13 <27
-- 14 <26
-- 14 <25
-- 13 <24
-- 13 <23
-- 14 <22
-- 15 <21
-- 15 <20
-- 16 <19
-- 15 <18
-- 16 <17
-- 15 <16
-- 16 <15
-- 16 <14
-- 18 <13
-- 83 <12
-- 276 <11
-- 361 <10
-- 520 <9
-- 656 <8
-- 993 <7
-- 1483 <6
-- 2353 <5
true 2301614
(0 -> -1) (1 -> -1) (2 -> -1) (3 -> -1) (4 -> -1) (5 -> -1) (6 -> -1) (7 -> -1) (8 -> 35) (9 -> 19) (10 -> 18) (11 -> 29) (12 -> -1) (13 -> -1) (14 -> -1) (15 -> -1) (16 -> -1) (17 -> -1) (18 -> -1) (19 -> -1) (20 -> -1) (21 -> -1) (22 -> -1) (23 -> -1) (24 -> -1) (25 -> -1) (26 -> -1) (27 -> -1) (28 -> -1) (29 -> -1) (30 -> -1) (31 -> -1) (32 -> -1) (33 -> -1) (34 -> -1) (35 -> -1) (36 -> -1) (37 -> -1) (38 -> -1) (39 -> -1) (40 -> -1) (41 -> -1) (42 -> -1) (43 -> -1) (44 -> -1) (45 -> -1) (46 -> -1) (47 -> -1) (48 -> -1) (49 -> -1) (50 -> -1) (51 -> -1) (52 -> -1) (53 -> -1) (54 -> -1) (55 -> -1) (56 -> -1) (57 -> -1) (58 -> -1) (59 -> -1) (60 -> -1) (61 -> -1) (62 -> -1) (63 -> -1) 
7275 28 2 2 2 2 3 3 3 3 4 4 4 5 5 6 6 6 7 7 7 8 8 8 9 9 9 10 10 10 11 11 11 11 12 12 13 13 13 14 14 13 13 14 15 15 16 15 16 15 16 16 18 83 276 361 520 656 993 1483 2353 6
EXCEPT=60 FAIL0=28 FAIL1=2 FAIL10=4 FAIL11=4 FAIL12=5 FAIL13=5 FAIL14=6 FAIL15=6 FAIL16=6 FAIL17=7 FAIL18=7 FAIL19=7 FAIL2=2 FAIL20=8 FAIL21=8 FAIL22=8 FAIL23=9 FAIL24=9 FAIL25=9 FAIL26=10 FAIL27=10 FAIL28=10 FAIL29=11 FAIL3=2 FAIL30=11 FAIL31=11 FAIL32=11 FAIL33=12 FAIL34=12 FAIL35=13 FAIL36=13 FAIL37=13 FAIL38=14 FAIL39=14 FAIL4=2 FAIL40=13 FAIL41=13 FAIL42=14 FAIL43=15 FAIL44=15 FAIL45=16 FAIL46=15 FAIL47=16 FAIL48=15 FAIL49=16 FAIL5=3 FAIL50=16 FAIL51=18 FAIL52=83 FAIL53=276 FAIL54=361 FAIL55=520 FAIL56=656 FAIL57=993 FAIL58=1483 FAIL59=2353 FAIL6=3 FAIL7=3 FAIL8=3 FAIL9=4 SIZE=4 
