-- 14 <37
-- 1 <36
-- 1 <35
-- 1 <34
-- 1 <33
-- 2 <32
-- 2 <31
-- 2 <30
-- 3 <29
-- 3 <28
-- 3 <27
-- 3 <26
-- 3 <25
-- 4 <24
-- 4 <23
-- 4 <22
-- 5 <21
-- 5 <20
-- 5 <19
-- 7 <18
-- 10 <17
-- 17 <16
-- 24 <15
-- 39 <14
-- 56 <13
-- 85 <12
-- 117 <11
-- 185 <10
-- 327 <9
-- 637 <8
true 621437
(0 -> 11) (1 -> -1) (2 -> -1) (3 -> -1) (4 -> 18) (5 -> -1) (6 -> -1) (7 -> -1) (8 -> -1) (9 -> 35) (10 -> 20) (11 -> -1) (12 -> 29) (13 -> -1) (14 -> -1) (15 -> -1) (16 -> -1) (17 -> -1) (18 -> -1) (19 -> -1) (20 -> -1) (21 -> -1) (22 -> -1) (23 -> -1) (24 -> 45) (25 -> -1) (26 -> -1) (27 -> -1) (28 -> 25) (29 -> -1) (30 -> -1) (31 -> -1) (32 -> -1) (33 -> -1) (34 -> -1) (35 -> -1) (36 -> -1) 
1599 14 1 1 1 1 2 2 2 3 3 3 3 3 4 4 4 5 5 5 7 10 17 24 39 56 85 117 185 327 637 13
EXCEPT=30 FAIL0=14 FAIL1=1 FAIL10=3 FAIL11=3 FAIL12=3 FAIL13=4 FAIL14=4 FAIL15=4 FAIL16=5 FAIL17=5 FAIL18=5 FAIL19=7 FAIL2=1 FAIL20=10 FAIL21=17 FAIL22=24 FAIL23=39 FAIL24=56 FAIL25=85 FAIL26=117 FAIL27=185 FAIL28=327 FAIL29=637 FAIL3=1 FAIL4=1 FAIL5=2 FAIL6=2 FAIL7=2 FAIL8=3 FAIL9=3 SIZE=7 
