-- 8 <270
-- worker thread times 0 5 5 5 5 5 5 5 5 1 1 1 1 0 5 1 0 0 0 0 5 0 5 0 0 5 5 5 5 1 1
-- 7 <269
-- worker thread times 4 4 4 4 4 4 4 4 4 4 4 4 4 0 4 4 4 0 0 4 0 0 4 0 4 4 1 1 4 0 4
-- worker thread times 11 8 5 3 9 6 8 7 8 5 5 10 7 11 10 7 10 8 4 8 8 9 10 6 9 9 4 5 5 9 13
-- 17 <268
-- worker thread times 15 11 12 11 24 19 14 13 19 15 24 16 12 16 15 15 12 15 23 4 14 21 11 14 13 12 20 14 24 21 24
-- 30 <267
-- worker thread times 54 30 47 22 63 30 35 43 56 35 59 50 59 39 49 37 59 41 50 38 47 47 45 57 31 42 36 61 39 64 48
-- 70 <266
-- worker thread times 122 117 120 115 123 115 123 130 132 120 130 100 133 121 124 121 112 128 128 129 124 131 133 128 131 122 134 123 133 133 121
-- 141 <265
-- worker thread times 460 465 447 463 458 462 477 474 476 458 466 451 449 470 472 460 475 456 472 472 467 464 467 449 454 468 479 472 476 458 475
-- 484 <264
-- worker thread times 1214 1224 1223 1225 1220 1215 1221 1215 1211 1223 1222 1226 1222 1208 1217 1208 1210 1211 1210 1214 1208 1226 1227 1216 1223 1214 1217 1228 1230 1228 1229
-- 1240 <263
-- worker thread times 2915 2949 2925 2938 2940 2943 2926 2925 2918 2910 2943 2936 2917 2921 2921 2940 2922 2923 2922 2928 2914 2911 2914 2920 2941 2936 2938 2948 2944 2915 2927
-- 2959 <262
-- worker thread times 6761 6741 6751 6737 6757 6740 6753 6740 6742 6747 6741 6750 6755 6739 6749 6749 6739 6744 6742 6742 6743 6748 6739 6743 6745 6749 6748 6758 6734 6750 6753
-- 6770 <261
-- worker thread times 14367 14358 14354 14351 14348 14353 14347 14340 14363 14355 14350 14349 14358 14352 14359 14352 14352 14360 14350 14346 14360 14346 14351 14346 14361 14345 14341 14350 14351 14353 14364
-- 14373 <260
-- worker thread times 30417 30404 30396 30407 30412 30405 30399 30401 30399 30408 30400 30409 30410 30407 30414 30398 30412 30398 30402 30413 30407 30405 30401 30411 30404 30405 30394 30398 30412 30407 30406
-- 30427 <259
-- worker thread times 43455 43461 43449 43454 43451 43460 43458 43438 43453 43449 43453 43454 43451 43447 43438 43457 43447 43435 43443 43444 43443 43452 43451 43456 43444 43450 43446 43448 43445 43461 43461
-- 43468 <258
false 1868598 aborted

100003 8 7 17 30 70 141 484 1240 2959 6770 14373 30427 43468
FAIL0=8 FAIL1=7 FAIL10=14373 FAIL11=30427 FAIL12=43468 FAIL2=17 FAIL3=30 FAIL4=70 FAIL5=141 FAIL6=484 FAIL7=1240 FAIL8=2959 FAIL9=6770 
