-- worker thread times 2 1 1 2 2 1 0 0 2 1 1 1 1 1 1 2 1 0 2 2 1 2 0 1 1 1 2 1 1 1 3
-- 7 <42
-- worker thread times 6 5 5 5 6 5 5 5 5 6 5 5 6 5 5 5 6 4 5 6 5 5 5 6 5 5 5 5 5 5 5
-- 12 <41
-- worker thread times 21 21 20 19 20 20 19 20 21 19 17 19 22 19 18 18 19 21 21 20 21 21 20 18 20 15 21 20 19 20 19
-- 28 <40
-- worker thread times 54 56 55 56 56 56 56 56 55 56 57 55 55 55 55 57 57 55 57 53 56 57 56 58 55 56 56 56 56 57 57
-- 64 <39
-- worker thread times 138 138 138 140 137 139 139 139 138 134 137 139 140 137 139 140 139 138 139 138 139 137 140 139 137 139 139 139 137 137 136
-- 147 <38
-- worker thread times 356 358 356 356 357 357 357 357 356 358 359 358 358 357 359 357 358 359 359 356 359 356 358 358 353 360 358 359 357 361 357
-- 367 <37
-- worker thread times 969 967 965 969 969 965 966 967 969 967 967 966 964 966 968 967 965 966 970 967 965 967 967 966 969 966 967 966 968 968 972
-- 977 <36
-- worker thread times 3430 3426 3429 3427 3427 3426 3425 3425 3426 3425 3429 3425 3429 3426 3424 3425 3423 3424 3429 3427 3426 3429 3427 3426 3426 3425 3426 3425 3426 3426 3429
-- 3437 <35
-- worker thread times 22434 22433 22428 22433 22429 22432 22424 22433 22437 22430 22429 22427 22432 22434 22421 22428 22430 22434 22427 22428 22432 22428 22433 22425 22430 22418 22429 22427 22420 22433 22436
-- 22444 <34
-- worker thread times 72507 72507 72507 72508 72507 72508 72505 72507 72507 72506 72507 72506 72506 72508 72505 72507 72506 72506 72506 72507 72506 72508 72505 72508 72506 72508 72507 72507 72507 72507 72506
-- 72513 <33
false 14820517 aborted

100003 7 12 28 64 147 367 977 3437 22444 72513
FAIL0=7 FAIL1=12 FAIL2=28 FAIL3=64 FAIL4=147 FAIL5=367 FAIL6=977 FAIL7=3437 FAIL8=22444 FAIL9=72513 
