-- worker thread times 0 0 0 0 0 0 0 0 0 0 0 0 0 0 0 0 0 0 0 0 0 0 0 0 0 0 0 0 0 0 0
-- 4 <48
-- worker thread times 0 0 0 0 0 1 0 0 0 0 0 0 0 0 0 0 0 0 0 1 0 0 0 1 0 0 0 0 0 0 1
-- 4 <47
-- worker thread times 2 0 0 0 0 1 0 0 0 0 0 0 0 0 1 0 0 0 0 0 0 0 0 1 0 0 1 0 0 0 1
-- 5 <46
-- worker thread times 3 1 0 1 0 0 0 0 0 0 2 0 1 0 2 1 1 1 3 0 1 0 1 1 0 1 0 1 1 0 1
-- 6 <45
-- worker thread times 4 1 4 1 2 1 2 1 2 3 0 3 3 1 2 4 2 2 1 2 0 0 1 2 2 1 2 1 1 3 2
-- 7 <44
-- worker thread times 5 5 5 5 7 3 4 3 3 5 4 4 2 5 4 2 2 6 3 2 6 4 3 5 4 1 2 7 3 5 6
-- 10 <43
-- worker thread times 8 12 6 9 9 8 4 6 9 8 8 7 6 7 8 9 5 8 10 7 9 5 7 7 10 9 7 8 10 9 6
-- 15 <42
-- worker thread times 17 16 18 13 16 16 14 18 16 19 15 18 11 19 13 17 15 16 18 15 19 17 14 14 21 13 20 17 16 16 15
-- 24 <41
-- worker thread times 44 38 40 39 39 39 37 38 38 42 40 40 40 38 39 37 36 39 41 42 41 37 43 34 39 36 34 37 42 33 30
-- 48 <40
-- worker thread times 59 65 60 59 58 59 57 59 59 59 58 58 56 54 58 56 62 59 57 57 53 57 57 59 57 58 59 61 58 57 58
-- 68 <39
-- worker thread times 97 106 92 94 88 90 97 88 89 92 96 98 93 89 100 99 99 92 98 97 93 92 96 99 93 99 95 101 94 100 95
-- 109 <38
-- worker thread times 132 125 124 122 125 123 122 129 130 116 115 128 126 126 126 123 124 126 125 129 125 128 130 118 123 125 119 124 129 121 135
-- 138 <37
-- worker thread times 233 224 219 224 220 220 218 226 224 219 231 225 218 225 224 222 225 219 226 227 218 223 225 217 224 221 214 222 218 219 234
-- 237 <36
-- worker thread times 687 688 684 708 687 685 688 692 703 695 696 686 707 683 683 702 689 680 684 701 695 685 692 705 686 684 679 692 694 694 704
-- 711 <35
-- worker thread times 98582 98577 98596 98598 98596 98595 98596 98596 98599 98587 98600 98599 98596 98593 98590 98593 98604 98598 98600 98597 98600 98593 98584 98601 98607 98597 98606 98590 98595 98593 98584
-- 98610 <34
false 11376293 aborted

100003 4 4 5 6 7 10 15 24 48 68 109 138 237 711 98610
FAIL0=4 FAIL1=4 FAIL10=109 FAIL11=138 FAIL12=237 FAIL13=711 FAIL14=98610 FAIL2=5 FAIL3=6 FAIL4=7 FAIL5=10 FAIL6=15 FAIL7=24 FAIL8=48 FAIL9=68 
