-- worker thread times 0 0 0 1 0 0 0 0 0 0 0 0 0 0 1 1 0 0 0 0 0 0 0 0 0 0 0 1 0 0 0
-- 5 <48
-- worker thread times 3 0 0 1 0 1 0 1 1 1 0 2 2 2 0 3 0 0 0 0 2 1 1 0 0 1 0 1 2 2 0
-- 7 <47
-- worker thread times 4 2 4 2 1 2 3 0 1 3 3 5 1 1 0 1 3 1 1 3 2 3 4 4 2 0 2 3 3 3 5
-- 9 <46
-- worker thread times 6 8 6 8 6 4 6 3 6 5 2 7 5 4 3 3 3 6 5 5 6 6 3 3 6 6 7 6 5 5 6
-- 12 <45
-- worker thread times 12 13 12 10 14 12 11 12 10 10 11 14 13 10 11 11 12 11 12 13 10 11 13 8 9 14 9 10 10 15 16
-- 20 <44
-- worker thread times 21 27 17 20 22 19 24 21 22 19 24 20 18 21 22 20 23 20 17 22 25 24 19 23 20 22 25 26 25 24 22
-- 31 <43
-- worker thread times 39 43 39 39 38 39 36 42 39 38 35 35 39 35 38 35 40 38 37 35 38 41 35 37 34 32 43 37 41 39 44
-- 49 <42
-- worker thread times 67 71 63 67 70 67 67 71 68 67 61 68 67 65 69 69 68 72 69 69 64 71 73 70 70 72 66 76 75 66 60
-- 80 <41
-- worker thread times 131 137 133 135 132 128 133 135 132 123 137 138 138 133 133 130 138 132 139 132 138 133 135 119 134 137 126 138 142 143 144
-- 148 <40
-- worker thread times 295 279 288 285 287 274 286 281 289 288 282 284 283 283 276 285 278 285 292 289 277 283 288 283 286 294 284 283 288 277 282
-- 300 <39
-- worker thread times 661 650 650 646 647 651 645 650 650 655 652 647 646 659 648 648 642 646 654 658 649 647 651 644 655 652 651 654 645 647 647
-- 665 <38
-- worker thread times 1707 1718 1710 1712 1712 1709 1715 1714 1710 1713 1714 1704 1707 1710 1712 1707 1719 1714 1715 1717 1716 1705 1701 1714 1709 1711 1711 1723 1706 1703 1717
-- 1728 <37
-- worker thread times 6151 6129 6132 6135 6134 6133 6137 6139 6150 6130 6127 6129 6136 6132 6137 6132 6142 6138 6133 6125 6136 6146 6132 6137 6139 6140 6130 6133 6135 6144 6129
-- 6156 <36
-- worker thread times 90770 90775 90781 90774 90781 90780 90779 90782 90778 90781 90775 90781 90780 90779 90777 90779 90777 90778 90780 90780 90774 90781 90774 90783 90779 90777 90781 90779 90780 90778 90781
-- 90787 <35
false 12382640 aborted

100004 5 7 9 12 20 31 49 80 148 300 665 1728 6156 90787
FAIL0=5 FAIL1=7 FAIL10=665 FAIL11=1728 FAIL12=6156 FAIL13=90787 FAIL2=9 FAIL3=12 FAIL4=20 FAIL5=31 FAIL6=49 FAIL7=80 FAIL8=148 FAIL9=300 
