-- worker thread times 1 0 1 0 2 0 0 0 1 1 1 1 1 0 1 1 1 1 1 1 1 1 1 0 1 1 1 1 0 0 0
-- 5 <49
-- worker thread times 0 0 0 1 1 0 0 0 0 0 0 0 0 0 1 0 0 0 1 0 0 0 0 0 0 0 0 1 0 0 0
-- 6 <48
-- worker thread times 3 1 2 2 2 3 2 2 2 0 3 2 2 2 1 0 2 2 3 0 1 1 2 2 1 1 1 1 0 2 2
-- 7 <47
-- worker thread times 0 0 1 0 0 1 0 1 1 0 1 0 0 1 0 1 1 1 1 3 1 1 0 0 1 1 0 1 3 1 1
-- 8 <46
-- worker thread times 0 1 0 0 0 0 0 0 0 0 0 0 1 0 0 0 0 0 0 0 0 0 0 0 0 1 0 0 1 0 0
-- 8 <45
-- worker thread times 1 1 0 0 1 1 0 0 0 1 0 0 0 1 0 0 0 0 1 1 0 0 0 4 1 1 1 1 0 0 1
-- 10 <44
-- worker thread times 0 4 4 2 1 4 1 3 1 0 3 0 1 0 1 0 0 2 0 1 4 3 1 6 0 3 0 5 4 3 4
-- 12 <43
-- worker thread times 2 0 1 1 2 0 2 1 0 1 0 0 1 1 1 1 2 2 1 0 1 0 0 1 2 2 2 1 1 2 2
-- 12 <42
-- worker thread times 70 69 69 69 68 67 69 69 68 69 70 69 70 69 68 68 68 70 68 68 70 70 70 68 69 69 68 69 69 68 70
-- 81 <41
-- worker thread times 444 444 444 447 444 446 446 447 442 447 445 444 447 446 444 440 444 447 447 445 445 443 443 444 442 445 443 446 444 443 446
true 62728
(0 -> -1) (1 -> -1) (2 -> -1) (3 -> -1) (4 -> -1) (5 -> -1) (6 -> -1) (7 -> 15) (8 -> -1) (9 -> 2) (10 -> 23) (11 -> 196) (12 -> 321) (13 -> -1) (14 -> 154) (15 -> 35) (16 -> 14) (17 -> 295) (18 -> 155) (19 -> 1) (20 -> 175) (21 -> 97) (22 -> 232) (23 -> 320) (24 -> 233) (25 -> 64) (26 -> 26) (27 -> 265) (28 -> 266) (29 -> 10) (30 -> 294) (31 -> 4) (32 -> 37) (33 -> 308) (34 -> 9) (35 -> 330) (36 -> 65) (37 -> 195) (38 -> 323) (39 -> 21) (40 -> 6) (41 -> 11) (42 -> 36) (43 -> 325) (44 -> 98) (45 -> 135) (46 -> 327) (47 -> 19) (48 -> 28) 
612 5 6 7 8 8 10 12 12 81 457
EXCEPT=9 FAIL0=5 FAIL1=6 FAIL2=7 FAIL3=8 FAIL4=8 FAIL5=10 FAIL6=12 FAIL7=12 FAIL8=81 SIZE=40 
