-- worker thread times 0 0 0 0 0 0 0 0 0 0 1 0 0 0 0 0 0 0 1 0 0 0 1 0 0 0 0 1 1 0 1
-- 5 <49
-- worker thread times 3 1 0 0 2 2 2 0 0 1 0 0 1 2 1 1 1 2 1 0 2 0 1 1 2 2 2 0 0 0 1
-- 7 <48
-- worker thread times 3 1 1 2 1 0 1 1 2 2 1 2 2 1 1 1 2 1 1 1 0 1 1 2 0 1 0 1 2 2 1
-- 7 <47
-- worker thread times 4 6 2 4 3 3 3 2 3 1 3 3 3 4 5 5 2 3 2 3 3 3 3 3 3 2 3 3 3 4 4
-- 10 <46
-- worker thread times 14 12 11 11 11 11 11 12 12 12 12 12 12 12 11 11 11 12 11 12 11 11 12 11 12 12 11 11 11 11 15
-- 18 <45
-- worker thread times 18 19 20 20 19 18 17 18 19 19 18 19 18 19 19 18 18 16 19 18 19 19 19 19 19 18 18 19 19 20 22
-- 27 <44
-- worker thread times 93 87 87 85 87 86 91 91 90 85 88 86 86 88 84 88 85 89 83 88 89 85 89 85 88 89 87 87 84 86 85
-- 97 <43
-- worker thread times 578 583 577 597 594 578 598 589 596 577 594 588 593 576 589 575 593 588 578 597 593 590 579 592 594 594 585 573 598 598 600
-- 604 <42
-- worker thread times 99219 99217 99215 99214 99217 99216 99217 99216 99207 99174 99216 99216 99183 99216 99214 99216 99216 99215 99217 99216 99218 99217 99216 99217 99218 99216 99217 99217 99216 99217 99216
-- 99223 <41
false 12400386 aborted

100003 5 7 7 10 18 27 97 604 99223
FAIL0=5 FAIL1=7 FAIL2=7 FAIL3=10 FAIL4=18 FAIL5=27 FAIL6=97 FAIL7=604 FAIL8=99223 
