-- worker thread times 0 0 0 0 0 0 0 0 0 0 0 0 0 0 0 0 0 0 0 0 0 0 0 0 0 0 0 0 0 0 0
-- 3 <64
-- worker thread times 0 0 0 0 0 0 0 0 0 0 0 0 0 0 0 0 0 0 0 0 0 0 0 0 0 0 0 0 0 0 0
-- 3 <63
-- worker thread times 0 0 0 0 0 0 0 0 0 0 0 0 0 0 0 0 0 0 0 0 0 0 0 0 0 0 0 0 0 0 0
-- 3 <62
-- worker thread times 0 0 0 0 0 0 0 0 0 0 0 0 0 0 0 0 0 0 0 0 0 0 0 0 0 0 0 0 0 0 0
-- 4 <61
-- worker thread times 0 0 0 0 0 0 0 0 0 0 0 0 0 0 0 0 0 0 0 0 0 0 0 0 0 0 0 0 0 0 0
-- 4 <60
-- worker thread times 0 0 0 0 0 0 0 0 0 0 0 0 0 0 0 0 0 0 0 0 0 0 0 0 0 0 0 0 0 0 0
-- 4 <59
-- worker thread times 0 0 0 0 0 0 0 0 0 0 0 0 0 0 0 0 0 0 0 0 0 0 0 0 0 0 0 0 0 0 0
-- 5 <58
-- worker thread times 0 0 0 0 0 0 0 0 0 0 0 0 0 0 0 0 0 0 0 0 0 0 0 0 0 0 0 0 0 0 0
-- 5 <57
-- worker thread times 0 0 0 0 0 0 0 0 0 0 0 0 0 0 0 0 0 0 0 0 0 0 0 0 0 0 0 0 0 0 0
-- 5 <56
-- worker thread times 0 0 0 0 0 0 0 0 0 0 0 0 0 0 0 0 0 0 0 0 0 0 0 0 0 0 0 0 0 0 0
-- 6 <55
-- worker thread times 0 0 0 0 0 0 0 0 0 0 0 0 0 0 0 0 0 0 0 0 0 0 0 0 0 0 0 0 0 0 0
-- 6 <54
-- worker thread times 1 0 0 0 0 0 0 0 0 0 0 0 0 0 0 0 0 0 0 0 0 0 0 0 0 0 0 0 0 0 0
-- 5 <53
-- worker thread times 0 0 0 0 0 0 0 0 0 0 0 0 0 0 0 0 0 0 0 0 0 0 0 0 0 0 0 0 0 0 1
-- 6 <52
-- worker thread times 0 0 0 0 0 0 0 0 0 0 0 0 0 0 0 0 0 0 0 0 0 0 0 0 0 0 0 0 0 0 0
-- 6 <51
-- worker thread times 1 0 0 0 0 0 0 0 0 0 0 0 0 0 0 0 0 0 0 0 0 0 0 0 0 0 0 0 0 0 0
-- 7 <50
-- worker thread times 0 0 0 0 0 0 0 0 0 0 0 0 0 0 0 0 0 0 0 0 0 0 0 0 0 0 0 0 0 0 0
-- 7 <49
-- worker thread times 0 0 0 0 0 0 0 0 0 0 0 0 0 0 0 0 0 0 0 0 0 0 0 0 0 0 0 0 0 0 0
-- 8 <48
-- worker thread times 0 0 0 0 0 0 0 0 0 0 0 0 0 0 0 0 1 0 0 0 0 0 0 0 0 0 0 0 2 0 0
-- 8 <47
-- worker thread times 0 0 0 0 0 0 0 0 0 0 0 0 0 0 0 0 0 0 0 0 0 0 0 0 0 0 0 0 0 0 3
-- 8 <46
-- worker thread times 0 0 0 0 0 0 0 0 0 0 0 0 0 0 0 0 0 0 0 0 0 0 0 0 0 0 0 0 0 0 0
-- 10 <45
-- worker thread times 0 0 0 0 0 0 0 0 0 0 0 0 0 0 0 4 0 0 0 0 0 1 0 0 0 0 0 0 0 0 0
-- 8 <44
-- worker thread times 0 0 0 0 0 0 0 0 0 0 0 0 0 0 0 0 0 0 0 0 0 0 0 0 0 0 0 0 0 0 0
-- 10 <43
-- worker thread times 0 0 0 0 0 0 0 0 0 0 0 0 0 0 0 0 0 0 0 0 0 0 0 0 0 0 0 0 0 0 2
-- 9 <42
-- worker thread times 0 0 0 0 0 0 0 0 0 0 0 0 0 0 0 0 0 0 0 0 0 0 0 0 0 0 0 0 0 0 4
-- 9 <41
-- worker thread times 0 0 0 0 0 0 0 0 0 0 0 0 0 0 0 0 0 0 0 0 0 0 0 0 0 0 0 0 0 0 4
-- 10 <40
-- worker thread times 0 0 0 0 0 0 0 0 0 0 0 0 0 0 0 0 0 0 0 0 0 0 0 0 0 0 0 0 0 0 0
-- 11 <39
-- worker thread times 4 0 0 0 0 0 0 0 0 0 0 0 0 0 0 0 0 0 0 0 0 0 0 0 0 0 0 0 0 0 0
-- 10 <38
-- worker thread times 0 0 0 0 0 0 0 0 0 0 0 0 0 0 0 0 0 0 0 0 0 0 0 0 0 1 0 0 0 0 3
-- 11 <37
-- worker thread times 0 0 0 0 0 0 1 0 0 0 0 0 0 0 0 0 0 0 0 0 0 0 0 0 0 0 0 0 0 0 2
-- 12 <36
-- worker thread times 0 0 0 0 0 0 0 0 0 0 3 0 0 0 1 0 0 0 0 0 0 0 0 6 0 0 0 0 0 0 0
-- 11 <35
-- worker thread times 0 0 0 0 0 0 0 0 0 0 0 0 0 0 0 0 0 0 0 0 0 0 0 0 0 0 0 0 0 0 4
-- 12 <34
-- worker thread times 0 0 1 0 0 0 0 0 0 0 0 0 0 0 0 0 0 0 0 0 0 0 0 0 0 0 0 0 0 0 0
-- 10 <33
-- worker thread times 0 0 0 0 0 0 0 0 0 0 0 0 0 0 1 0 0 2 0 0 0 0 0 0 0 0 0 0 0 0 0
-- 13 <32
-- worker thread times 0 0 0 0 0 0 0 0 0 0 0 0 0 0 0 0 0 0 0 0 0 0 0 0 0 0 0 0 0 0 0
-- 14 <31
-- worker thread times 0 0 0 0 0 0 0 0 0 0 0 0 0 0 0 0 0 0 0 0 0 0 0 0 0 0 0 0 0 0 7
-- 12 <30
-- worker thread times 4 0 0 0 0 0 0 0 0 0 0 0 0 0 0 0 0 0 0 0 0 0 0 0 1 1 0 0 0 0 0
-- 13 <29
-- worker thread times 0 0 0 0 0 0 0 0 0 0 0 0 0 0 0 0 0 0 0 0 0 0 0 0 0 0 0 0 0 0 0
-- 15 <28
-- worker thread times 0 0 0 0 0 0 0 0 0 0 0 0 0 0 0 0 0 0 0 0 0 0 0 0 0 0 0 0 0 0 6
-- 13 <27
-- worker thread times 0 0 0 0 0 0 0 0 0 0 0 0 0 0 0 0 0 0 0 0 0 0 0 0 0 0 0 0 0 0 8
-- 13 <26
-- worker thread times 0 0 0 0 0 0 0 0 0 0 0 0 0 0 0 0 0 0 0 0 0 0 0 0 0 0 0 0 0 0 0
-- 16 <25
-- worker thread times 0 0 0 0 0 0 0 0 0 0 0 0 0 0 0 0 0 0 0 0 0 0 0 0 0 0 0 0 0 0 0
-- 15 <24
-- worker thread times 0 0 0 0 0 0 0 0 0 0 0 0 0 0 0 0 0 0 0 0 0 0 0 0 0 0 0 0 0 0 0
-- 16 <23
-- worker thread times 0 10 0 0 0 0 0 0 0 0 0 0 0 0 0 0 0 0 0 0 0 0 0 0 0 0 0 0 0 0 0
-- 14 <22
-- worker thread times 0 0 0 0 0 0 0 0 1 0 0 0 0 0 0 0 0 0 0 0 0 0 0 0 0 0 0 0 0 0 1
-- 17 <21
-- worker thread times 0 0 0 0 0 0 0 0 0 0 0 0 0 0 0 0 0 0 0 0 0 0 0 0 0 0 0 0 0 6 0
-- 16 <20
-- worker thread times 0 0 0 0 0 0 0 0 0 0 0 0 0 0 0 0 0 0 0 0 0 0 0 0 2 0 0 0 0 0 0
-- 17 <19
-- worker thread times 0 0 0 0 0 0 0 0 0 0 0 0 0 0 0 0 0 0 0 0 0 0 0 0 0 0 0 0 0 0 0
-- 18 <18
-- worker thread times 0 0 0 0 0 0 0 0 0 0 0 0 0 0 0 0 0 0 0 0 0 0 0 0 0 0 0 0 0 0 0
-- 18 <17
-- worker thread times 0 0 0 0 0 0 0 0 0 1 0 0 0 0 0 0 0 0 0 0 1 0 0 0 0 0 0 0 0 0 0
-- 18 <16
-- worker thread times 0 0 0 0 0 0 0 0 0 0 0 0 0 0 0 0 0 0 0 0 0 0 0 0 0 0 0 0 0 0 0
-- 19 <15
-- worker thread times 0 0 0 0 0 0 0 0 0 1 0 0 0 0 0 0 0 0 0 0 0 0 0 0 0 0 0 0 0 0 10
-- 17 <14
-- worker thread times 5 0 1 0 0 3 0 0 0 3 0 2 4 5 3 0 1 3 0 0 3 3 0 5 1 6 4 0 0 2 0
-- 18 <13
-- worker thread times 71 78 79 68 73 69 71 72 71 62 78 77 79 69 81 68 71 70 71 71 75 70 71 73 68 65 72 82 72 77 71
-- 101 <12
-- worker thread times 273 282 271 269 283 281 275 271 265 271 271 268 277 281 279 282 277 274 271 283 283 274 289 272 274 282 278 268 276 277 283
-- 305 <11
-- worker thread times 378 375 383 378 380 380 383 376 372 384 377 383 380 381 378 376 381 386 374 378 384 382 379 372 390 378 386 380 381 384 382
-- 410 <10
-- worker thread times 553 551 554 551 552 552 550 554 554 555 553 553 555 551 555 551 556 553 552 552 553 555 553 555 556 547 556 555 553 554 551
-- 584 <9
-- worker thread times 761 761 763 762 762 760 761 759 765 762 761 762 763 763 763 763 763 760 762 765 761 765 761 765 760 764 760 762 768 761 761
-- 793 <8
-- worker thread times 1609 1611 1610 1612 1608 1607 1606 1611 1613 1610 1607 1608 1608 1604 1613 1610 1611 1609 1611 1605 1609 1611 1612 1607 1608 1612 1606 1609 1606 1606 1607
-- 1640 <7
-- worker thread times 3753 3751 3755 3756 3752 3751 3754 3756 3750 3755 3754 3754 3756 3753 3757 3750 3759 3755 3756 3758 3754 3754 3754 3753 3755 3753 3755 3755 3755 3753 3759
-- 3790 <6
-- worker thread times 8537 8537 8527 8531 8531 8533 8539 8531 8536 8531 8531 8535 8529 8539 8532 8534 8533 8538 8537 8528 8529 8532 8532 8525 8528 8540 8535 8539 8528 8534 8538
-- 8573 <5
-- worker thread times 15 15 18 15 15 15 15 14 15 15 15 16 15 14 14 18 15 16 16 17 14 15 15 16 15 18 12 15 15 17 16
true 2991958
(0 -> -1) (1 -> -1) (2 -> -1) (3 -> -1) (4 -> -1) (5 -> -1) (6 -> -1) (7 -> -1) (8 -> -1) (9 -> -1) (10 -> -1) (11 -> -1) (12 -> -1) (13 -> -1) (14 -> -1) (15 -> -1) (16 -> -1) (17 -> -1) (18 -> -1) (19 -> -1) (20 -> -1) (21 -> -1) (22 -> -1) (23 -> -1) (24 -> -1) (25 -> -1) (26 -> -1) (27 -> -1) (28 -> -1) (29 -> -1) (30 -> -1) (31 -> -1) (32 -> -1) (33 -> -1) (34 -> -1) (35 -> -1) (36 -> -1) (37 -> -1) (38 -> -1) (39 -> -1) (40 -> -1) (41 -> -1) (42 -> -1) (43 -> -1) (44 -> -1) (45 -> -1) (46 -> -1) (47 -> -1) (48 -> -1) (49 -> -1) (50 -> -1) (51 -> -1) (52 -> -1) (53 -> -1) (54 -> -1) (55 -> -1) (56 -> -1) (57 -> -1) (58 -> -1) (59 -> -1) (60 -> 18) (61 -> 20) (62 -> 28) (63 -> 35) 
16798 3 3 3 4 4 4 5 5 5 6 6 5 6 6 7 7 8 8 8 10 8 10 9 9 10 11 10 11 12 11 12 10 13 14 12 13 15 13 13 16 15 16 14 17 16 17 18 18 18 19 17 18 101 305 410 584 793 1640 3790 8573 21
EXCEPT=60 FAIL0=3 FAIL1=3 FAIL10=6 FAIL11=5 FAIL12=6 FAIL13=6 FAIL14=7 FAIL15=7 FAIL16=8 FAIL17=8 FAIL18=8 FAIL19=10 FAIL2=3 FAIL20=8 FAIL21=10 FAIL22=9 FAIL23=9 FAIL24=10 FAIL25=11 FAIL26=10 FAIL27=11 FAIL28=12 FAIL29=11 FAIL3=4 FAIL30=12 FAIL31=10 FAIL32=13 FAIL33=14 FAIL34=12 FAIL35=13 FAIL36=15 FAIL37=13 FAIL38=13 FAIL39=16 FAIL4=4 FAIL40=15 FAIL41=16 FAIL42=14 FAIL43=17 FAIL44=16 FAIL45=17 FAIL46=18 FAIL47=18 FAIL48=18 FAIL49=19 FAIL5=4 FAIL50=17 FAIL51=18 FAIL52=101 FAIL53=305 FAIL54=410 FAIL55=584 FAIL56=793 FAIL57=1640 FAIL58=3790 FAIL59=8573 FAIL6=5 FAIL7=5 FAIL8=5 FAIL9=6 SIZE=4 
