-- worker thread times 0 1 0 1 0 0 0 0 0 0 1 0 0 0 0 0 0 0 0 0 0 0 0 0 0 0 0 0 0 0 0
-- 4 <64
-- worker thread times 0 1 1 2 2 3 2 2 2 2 1 0 2 2 2 0 2 1 2 1 1 2 2 1 2 2 0 0 2 2 3
-- 6 <63
-- worker thread times 8 6 5 6 2 6 6 7 8 6 6 7 5 6 7 5 4 5 7 7 6 7 5 7 6 5 8 5 4 5 6
-- 11 <62
-- worker thread times 20 19 18 17 17 19 17 17 16 17 17 16 18 17 18 19 18 16 18 16 18 18 18 18 17 18 18 17 17 17 18
-- 24 <61
-- worker thread times 55 52 48 49 50 49 50 49 50 50 52 50 50 49 49 52 54 48 50 48 49 49 50 50 50 48 44 49 51 54 49
-- 58 <60
-- worker thread times 177 169 168 175 168 166 170 173 172 168 172 167 172 170 172 172 173 168 173 168 173 175 171 169 173 171 176 169 166 174 172
-- 180 <59
-- worker thread times 615 608 607 608 604 607 607 612 612 607 609 607 610 608 605 606 606 612 607 610 611 607 608 607 607 611 603 604 608 613 610
-- 618 <58
-- worker thread times 2172 2166 2161 2168 2164 2163 2165 2162 2161 2162 2170 2170 2165 2167 2167 2160 2165 2161 2165 2169 2165 2169 2163 2165 2162 2164 2163 2168 2167 2167 2163
-- 2175 <57
-- worker thread times 7187 7186 7190 7188 7187 7187 7189 7186 7188 7190 7188 7188 7189 7183 7187 7186 7190 7189 7193 7192 7177 7192 7188 7190 7191 7184 7196 7186 7187 7192 7192
-- 7199 <56
-- worker thread times 25206 25195 25196 25196 25200 25198 25196 25197 25199 25196 25194 25192 25199 25199 25192 25191 25196 25201 25199 25196 25197 25193 25191 25199 25198 25205 25201 25190 25195 25195 25203
-- 25209 <55
-- worker thread times 64505 64508 64506 64503 64505 64506 64507 64507 64506 64505 64506 64506 64507 64504 64506 64508 64507 64505 64506 64508 64506 64506 64508 64508 64508 64506 64507 64507 64506 64507 64508
-- 64512 <54
false 14505998 aborted

100002 4 6 11 24 58 180 618 2175 7199 25209 64512
FAIL0=4 FAIL1=6 FAIL10=64512 FAIL2=11 FAIL3=24 FAIL4=58 FAIL5=180 FAIL6=618 FAIL7=2175 FAIL8=7199 FAIL9=25209 
