-- worker thread times 1 2 2 2 1 3 2 2 3 3 2 2 2 3 1 1 1 1 1 1 1 3 1 3 1 1 2 1 2 2 1
-- 7 <64
-- worker thread times 2 1 2 3 1 3 2 2 3 2 3 2 2 3 3 3 3 3 2 2 2 3 3 3 2 3 2 2 3 2 2
-- 9 <63
-- worker thread times 4 4 4 2 4 4 4 4 3 4 4 4 4 4 3 4 4 4 2 3 3 4 3 4 4 4 4 3 3 4 3
-- 10 <62
-- worker thread times 4 4 5 5 4 5 4 4 5 2 5 4 5 5 5 4 5 5 4 4 5 4 4 5 3 5 5 3 5 5 5
-- 12 <61
-- worker thread times 6 5 2 5 6 6 6 5 6 5 5 1 6 6 5 6 6 5 5 4 1 6 5 5 5 6 5 6 5 5 4
-- 14 <60
-- worker thread times 7 4 7 7 7 4 6 7 7 7 7 4 6 7 7 4 7 7 7 7 7 7 7 7 7 7 7 7 7 7 7
-- 15 <59
-- worker thread times 8 7 7 8 6 4 8 7 8 8 8 7 8 7 8 8 8 8 8 1 8 8 7 8 8 8 9 8 7 8 4
-- 17 <58
-- worker thread times 9 9 5 9 8 8 9 10 9 9 9 9 9 6 8 9 8 8 8 8 9 7 6 9 9 8 0 9 9 4 9
-- 18 <57
-- worker thread times 10 11 9 6 10 9 9 8 6 11 11 11 11 11 5 3 11 11 11 11 9 9 9 3 4 7 6 11 7 9 10
-- 20 <56
-- worker thread times 11 11 11 11 9 10 11 11 10 5 12 11 11 8 11 10 11 9 11 11 7 10 11 10 8 11 10 11 11 8 11
-- 21 <55
-- worker thread times 13 11 12 11 12 11 10 11 10 12 11 13 12 11 8 10 11 13 12 12 12 12 13 11 7 11 12 11 12 10 12
-- 22 <54
-- worker thread times 7 12 7 11 12 13 13 12 13 13 13 13 12 13 13 10 13 13 11 6 13 12 13 12 9 8 13 13 13 13 13
-- 23 <53
-- worker thread times 8 9 13 15 15 13 15 12 13 13 13 15 13 12 15 13 9 15 11 15 15 14 13 13 10 15 10 11 15 15 14
-- 25 <52
-- worker thread times 15 15 15 15 15 15 15 15 15 15 15 13 15 15 15 15 14 15 15 15 15 14 14 15 15 15 15 15 15 14 14
-- 25 <51
-- worker thread times 14 12 17 14 15 12 12 16 14 14 15 12 11 12 14 15 15 16 14 15 15 15 15 14 14 9 11 17 15 15 16
-- 28 <50
-- worker thread times 14 18 15 15 15 18 17 10 17 15 15 17 18 18 17 19 17 18 18 14 18 17 15 18 17 18 12 12 14 10 18
-- 29 <49
-- worker thread times 17 17 10 15 17 16 16 17 17 17 17 17 13 7 18 17 16 17 18 13 12 16 16 16 17 18 18 17 18 16 15
-- 30 <48
-- worker thread times 17 16 16 16 14 16 12 17 15 15 14 17 16 10 17 18 19 16 18 13 19 12 15 8 14 14 10 14 14 15 16
-- 32 <47
-- worker thread times 18 19 18 13 19 18 13 19 19 19 19 17 19 9 18 19 18 19 18 19 18 19 19 19 19 18 17 18 19 18 19
-- 32 <46
-- worker thread times 17 16 17 15 11 15 13 17 16 17 14 16 18 15 11 12 18 13 15 17 16 16 15 17 17 16 17 19 15 15 16
-- 33 <45
-- worker thread times 279 279 280 279 278 281 279 281 278 277 279 280 280 278 278 281 281 273 279 277 279 279 277 281 279 278 279 280 280 278 279
-- 293 <44
-- worker thread times 1374 1373 1373 1370 1375 1372 1372 1371 1375 1371 1372 1372 1376 1373 1370 1374 1371 1375 1376 1374 1370 1376 1373 1368 1373 1372 1376 1375 1377 1373 1369
-- 1386 <43
-- worker thread times 1725 1721 1724 1722 1721 1721 1725 1720 1721 1722 1722 1718 1722 1721 1725 1722 1722 1725 1720 1720 1719 1724 1724 1725 1724 1724 1723 1721 1725 1721 1723
-- 1736 <42
-- worker thread times 2147 2143 2146 2143 2144 2145 2146 2145 2142 2145 2146 2145 2145 2143 2148 2147 2149 2143 2143 2147 2142 2144 2146 2145 2145 2148 2147 2146 2145 2146 2146
-- 2160 <41
-- worker thread times 2375 2376 2376 2374 2377 2374 2370 2373 2373 2377 2368 2376 2370 2371 2371 2371 2373 2374 2374 2371 2373 2369 2367 2371 2372 2375 2375 2368 2374 2370 2373
-- 2389 <40
-- worker thread times 3421 3422 3420 3421 3421 3422 3418 3421 3424 3422 3419 3419 3422 3423 3419 3420 3421 3424 3423 3419 3419 3421 3422 3421 3422 3420 3416 3415 3420 3417 3421
-- 3437 <39
-- worker thread times 10052 10053 10053 10054 10054 10051 10053 10052 10056 10052 10054 10055 10055 10052 10054 10055 10052 10053 10058 10057 10055 10053 10054 10052 10055 10058 10051 10054 10053 10054 10056
-- 10072 <38
-- worker thread times 24362 24360 24360 24358 24360 24360 24359 24363 24361 24360 24358 24361 24361 24359 24360 24359 24359 24358 24361 24360 24364 24359 24360 24363 24362 24361 24359 24361 24359 24357 24363
-- 24377 <37
-- worker thread times 53704 53704 53703 53703 53701 53703 53702 53702 53703 53703 53704 53704 53704 53703 53703 53703 53702 53703 53702 53704 53704 53703 53705 53702 53704 53703 53704 53701 53704 53703 53703
-- 53714 <36
false 7705623 aborted

100004 7 9 10 12 14 15 17 18 20 21 22 23 25 25 28 29 30 32 32 33 293 1386 1736 2160 2389 3437 10072 24377 53714
FAIL0=7 FAIL1=9 FAIL10=22 FAIL11=23 FAIL12=25 FAIL13=25 FAIL14=28 FAIL15=29 FAIL16=30 FAIL17=32 FAIL18=32 FAIL19=33 FAIL2=10 FAIL20=293 FAIL21=1386 FAIL22=1736 FAIL23=2160 FAIL24=2389 FAIL25=3437 FAIL26=10072 FAIL27=24377 FAIL28=53714 FAIL3=12 FAIL4=14 FAIL5=15 FAIL6=17 FAIL7=18 FAIL8=20 FAIL9=21 
