-- worker thread times 2 3 3 3 2 2 3 5 3 3 3 5 2 0 5 5 0 4 3 2 5 2 5 5 2 3 3 2 5 5 5
-- 11 <64
-- worker thread times 5 4 8 4 0 3 4 5 0 3 4 4 7 7 4 7 4 7 4 5 4 7 4 7 4 7 7 7 7 5 4
-- 13 <63
-- worker thread times 7 5 6 3 5 8 8 5 8 8 3 5 5 5 9 5 6 5 8 6 5 8 5 5 3 9 5 3 5 5 5
-- 15 <62
-- worker thread times 10 9 5 8 8 7 7 8 8 8 8 8 7 8 8 8 7 7 7 7 8 2 8 8 7 8 7 8 7 7 9
-- 16 <61
-- worker thread times 9 13 9 8 9 6 7 8 7 8 11 10 5 7 8 4 8 6 7 8 10 7 6 8 7 5 7 7 7 7 5
-- 19 <60
-- worker thread times 12 9 11 9 7 4 9 9 4 9 9 7 9 9 9 3 4 9 10 9 9 6 9 9 9 10 9 9 7 9 14
-- 20 <59
-- worker thread times 16 11 8 7 11 13 11 11 11 11 10 3 8 10 5 11 10 5 11 10 11 8 15 7 11 13 12 15 11 7 11
-- 22 <58
-- worker thread times 17 21 16 15 13 9 15 13 11 15 11 16 2 7 11 5 12 16 10 3 12 18 8 17 6 18 9 3 16 22 9
-- 29 <57
-- worker thread times 13 15 14 13 13 13 12 6 15 19 12 12 17 12 16 13 13 8 12 13 12 12 21 21 14 12 15 14 14 13 13
-- 26 <56
-- worker thread times 18 12 11 9 14 8 15 25 14 16 16 22 13 18 17 10 14 10 15 15 14 11 16 9 16 17 14 20 13 17 28
-- 34 <55
-- worker thread times 18 15 14 20 16 25 14 17 18 27 14 18 19 19 23 21 18 23 24 21 16 16 20 12 20 15 14 15 15 13 28
-- 34 <54
-- worker thread times 33 21 22 27 30 30 23 29 22 21 21 14 21 17 17 19 18 21 17 18 15 20 12 17 12 21 24 17 21 13 17
-- 39 <53
-- worker thread times 27 25 20 12 23 20 31 18 18 20 23 23 23 24 18 20 21 18 14 18 18 18 20 23 23 15 26 20 18 27 30
-- 39 <52
-- worker thread times 23 23 22 24 25 24 22 25 25 14 24 25 24 25 25 25 25 25 24 26 27 28 28 29 29 32 33 34 34 35 35
-- 40 <51
-- worker thread times 41 22 16 27 23 23 21 32 32 21 31 31 30 11 38 25 41 37 38 20 37 32 22 34 29 35 19 25 30 22 17
-- 50 <50
-- worker thread times 40 29 30 24 32 32 35 34 31 30 33 39 38 35 37 27 32 28 30 33 39 32 30 28 32 44 34 29 29 32 37
-- 49 <49
-- worker thread times 27 28 37 36 37 32 42 34 37 42 41 36 32 32 27 29 31 34 32 32 31 25 27 31 32 35 17 32 47 44 25
-- 53 <48
-- worker thread times 37 37 35 34 34 46 40 32 33 36 40 41 41 42 37 36 34 37 36 35 35 41 41 26 39 34 34 44 41 49 47
-- 56 <47
-- worker thread times 56 54 51 47 38 38 45 41 36 41 38 39 38 47 41 42 38 49 42 45 50 45 41 39 41 41 40 41 45 51 57
-- 64 <46
-- worker thread times 59 44 44 44 44 55 55 50 46 43 54 49 47 44 40 50 54 45 42 41 45 54 41 40 53 50 44 41 44 37 49
-- 65 <45
-- worker thread times 63 54 55 60 55 55 49 45 45 53 44 47 44 52 50 45 45 48 46 48 46 56 58 58 51 45 45 46 45 43 61
-- 68 <44
-- worker thread times 70 70 53 53 51 53 53 58 45 50 64 58 53 60 54 63 48 57 48 51 53 51 56 53 50 67 50 55 53 64 69
-- 76 <43
-- worker thread times 97 92 91 88 73 87 86 79 79 71 84 76 78 71 80 80 87 71 83 69 71 78 76 76 81 81 71 94 90 88 86
-- 102 <42
-- worker thread times 163 157 140 141 151 149 158 157 142 155 132 150 147 144 141 142 152 145 147 146 144 157 156 159 159 148 164 163 142 162 155
-- 172 <41
-- worker thread times 279 284 274 298 281 288 279 279 284 295 299 279 294 297 284 274 288 291 286 284 272 281 281 283 294 273 282 275 277 297 302
-- 308 <40
-- worker thread times 538 527 530 529 527 528 554 553 540 529 527 551 549 527 526 531 528 552 530 554 537 541 536 541 531 529 527 533 529 542 532
-- 560 <39
-- worker thread times 1972 1969 1994 1972 1973 1970 1973 1972 1969 1978 1976 1988 1979 1974 1989 1974 1977 1968 1970 1969 1972 1977 1972 1967 1973 1974 1967 1968 1972 1972 1974
-- 2000 <38
-- worker thread times 8062 8055 8059 8057 8053 8035 8039 8041 8042 8045 8037 8044 8040 8043 8041 8030 8043 8045 8052 8041 8055 8046 8041 8042 8042 8043 8024 8040 8042 8046 8055
-- 8068 <37
-- worker thread times 17038 17013 17013 17034 17019 17017 17018 17018 17018 17019 17035 17018 17033 17019 17006 17013 17019 17030 17017 17014 17030 17017 17018 17015 17032 17030 17018 17027 17016 17019 16998
-- 17044 <36
-- worker thread times 28336 28334 28312 28314 28313 28313 28313 28333 28310 28317 28293 28312 28324 28331 28315 28316 28324 28315 28312 28315 28325 28331 28324 28317 28327 28314 28315 28327 28310 28317 28313
-- 28342 <35
-- worker thread times 39688 39691 39707 39688 39692 39691 39685 39692 39689 39677 39686 39704 39686 39705 39691 39687 39688 39695 39703 39701 39699 39689 39689 39689 39685 39686 39699 39690 39686 39684 39695
-- 39715 <34
-- worker thread times 2824 2827 2827 2827 2826 2823 2826 2826 2826 2826 2826 2826 2826 2823 2826 2825 2826 2823 2823 2826 2823 2826 2826 2814 2827 2828 2827 2824 2822 2826 2826
-- 2833 <33
false 706661 aborted

100003 11 13 15 16 19 20 22 29 26 34 34 39 39 40 50 49 53 56 64 65 68 76 102 172 308 560 2000 8068 17044 28342 39715 2833
FAIL0=11 FAIL1=13 FAIL10=34 FAIL11=39 FAIL12=39 FAIL13=40 FAIL14=50 FAIL15=49 FAIL16=53 FAIL17=56 FAIL18=64 FAIL19=65 FAIL2=15 FAIL20=68 FAIL21=76 FAIL22=102 FAIL23=172 FAIL24=308 FAIL25=560 FAIL26=2000 FAIL27=8068 FAIL28=17044 FAIL29=28342 FAIL3=16 FAIL30=39715 FAIL31=2833 FAIL4=19 FAIL5=20 FAIL6=22 FAIL7=29 FAIL8=26 FAIL9=34 
