-- worker thread times 0 0 0 0 0 0 0 0 0 0 0 0 0 0 0 0 0 0 0 0 0 0 0 0 0 0 0 0 0 0 0
-- 4 <64
-- worker thread times 1 0 0 0 0 0 0 0 0 0 0 0 0 0 0 0 0 0 0 0 0 0 0 0 0 0 0 0 0 0 0
-- 4 <63
-- worker thread times 0 0 0 0 0 1 0 0 0 0 0 0 0 0 0 0 0 0 0 0 0 0 0 0 0 0 0 0 0 0 1
-- 4 <62
-- worker thread times 0 0 0 0 0 0 0 0 0 0 0 0 0 2 0 0 0 0 0 0 1 0 0 2 0 0 0 0 0 0 0
-- 5 <61
-- worker thread times 0 3 2 0 0 2 0 0 0 0 0 0 0 0 1 0 0 0 0 0 0 0 0 0 0 0 0 0 0 0 0
-- 6 <60
-- worker thread times 0 4 1 2 0 0 0 0 0 0 3 3 0 0 0 0 0 0 0 0 0 0 0 0 0 0 0 0 0 0 0
-- 7 <59
-- worker thread times 5 1 0 0 0 0 0 0 0 0 4 0 0 0 0 0 0 2 0 0 4 0 0 0 1 5 0 0 0 0 0
-- 9 <58
-- worker thread times 0 0 6 0 0 6 5 0 0 0 0 0 2 0 0 0 0 0 0 1 0 2 0 0 5 0 0 6 0 0 0
-- 9 <57
-- worker thread times 10 0 0 0 0 0 0 0 0 7 0 0 6 0 0 1 8 0 3 0 0 0 0 0 0 1 0 9 0 10 9
-- 14 <56
-- worker thread times 0 0 0 10 0 0 0 0 0 0 1 0 7 1 0 3 0 9 0 2 0 0 0 0 9 1 7 6 1 0 9
-- 13 <55
-- worker thread times 12 12 9 0 0 0 0 0 0 0 0 0 0 10 0 7 4 1 0 0 0 0 13 0 0 0 3 7 0 0 12
-- 17 <54
-- worker thread times 12 8 10 0 0 0 0 0 0 4 0 0 0 11 0 13 0 0 0 13 0 1 1 0 0 14 0 14 0 13 10
-- 18 <53
-- worker thread times 0 11 11 0 0 0 0 14 0 0 0 0 0 0 0 0 0 0 0 0 7 9 15 0 14 0 12 14 16 0 1
-- 19 <52
-- worker thread times 19 0 0 1 0 0 0 0 0 17 0 11 0 0 18 0 0 0 15 0 17 5 0 10 13 0 0 1 19 3 9
-- 22 <51
-- worker thread times 5 0 16 19 1 0 1 14 1 19 20 0 0 20 7 0 3 17 1 16 2 19 0 0 3 0 1 0 7 0 22
-- 26 <50
-- worker thread times 9 0 20 12 19 0 0 21 1 0 16 0 20 0 0 4 1 0 0 0 11 16 0 4 0 0 23 0 0 18 21
-- 28 <49
-- worker thread times 9 1 0 26 20 20 18 0 2 0 0 0 24 0 24 0 0 0 16 0 0 0 0 0 23 22 3 20 11 1 14
-- 29 <48
-- worker thread times 0 0 0 0 0 0 25 3 25 0 0 1 2 23 6 17 0 0 0 28 1 17 19 24 13 22 11 25 0 0 24
-- 32 <47
-- worker thread times 25 27 0 31 0 32 0 0 0 2 22 28 0 0 20 0 0 0 28 0 0 4 0 18 0 30 17 25 8 16 12
-- 37 <46
-- worker thread times 3 0 0 27 1 32 14 16 28 0 0 24 0 34 0 33 0 29 31 0 6 21 26 19 0 0 0 0 0 10 22
-- 38 <45
-- worker thread times 4 0 31 17 0 35 26 0 0 25 16 24 0 34 0 1 0 36 0 37 2 19 29 13 26 4 0 33 8 0 2
-- 42 <44
-- worker thread times 4 16 29 1 33 37 0 20 0 0 0 0 1 39 0 37 0 0 0 19 33 25 25 34 0 0 30 0 11 37 30
-- 46 <43
-- worker thread times 10 3 40 33 36 6 0 41 0 23 38 15 0 41 0 1 0 0 0 0 0 31 0 0 18 22 29 35 35 32 29
-- 49 <42
-- worker thread times 8 28 36 0 0 0 0 45 2 3 37 17 24 21 32 40 0 0 0 12 33 0 28 4 32 0 36 40 1 42 39
-- 53 <41
-- worker thread times 43 51 0 0 11 0 1 0 16 0 42 0 38 20 41 44 35 41 46 28 44 38 0 29 42 0 26 22 50 0 0
-- 58 <40
-- worker thread times 15 50 9 8 66 60 64 43 63 62 6 58 37 43 42 50 40 52 53 61 31 63 12 63 25 43 27 57 11 7 54
-- 80 <39
-- worker thread times 89 88 84 96 52 44 97 92 99 91 57 61 101 62 61 87 70 84 83 77 72 87 80 103 81 88 103 61 89 72 92
-- 117 <38
-- worker thread times 105 106 120 135 112 120 106 118 123 129 128 71 136 72 92 82 105 125 123 119 131 136 91 104 113 124 103 125 97 114 83
-- 150 <37
-- worker thread times 256 257 262 284 248 278 273 249 270 222 258 199 262 244 225 225 269 255 260 256 271 272 248 273 268 265 255 243 269 249 270
-- 292 <36
-- worker thread times 1100 1091 1075 1100 1081 1096 1089 1089 1076 1089 1088 1093 1093 1096 1092 1089 1096 1082 1095 1095 1105 1080 1101 1086 1073 1098 1110 1107 1107 1104 1096
-- 1121 <35
-- worker thread times 2982 3007 2997 2984 3010 3014 3009 2988 2981 2996 2997 2987 2998 3005 3000 2983 2986 2985 2986 2992 2998 2999 3007 2999 2998 2995 3005 2992 3012 2993 3007
-- 3022 <34
-- worker thread times 4811 4810 4816 4809 4807 4797 4800 4806 4800 4812 4796 4808 4813 4802 4808 4804 4809 4799 4815 4808 4803 4813 4806 4811 4802 4803 4816 4806 4799 4804 4809
-- 4830 <33
-- worker thread times 7659 7660 7661 7657 7642 7640 7658 7655 7658 7651 7641 7646 7647 7659 7646 7643 7644 7652 7654 7650 7655 7656 7650 7646 7639 7652 7660 7652 7657 7656 7665
-- 7676 <32
-- worker thread times 11345 11340 11328 11342 11329 11325 11322 11336 11327 11328 11334 11337 11338 11334 11327 11327 11340 11315 11329 11335 11341 11334 11331 11342 11345 11340 11335 11335 11339 11335 11330
-- 11359 <31
-- worker thread times 13677 13682 13666 13667 13672 13666 13670 13675 13676 13676 13681 13678 13676 13692 13687 13665 13673 13685 13684 13678 13674 13670 13664 13682 13671 13684 13697 13668 13672 13687 13679
-- 13705 <30
-- worker thread times 15708 15683 15696 15696 15696 15690 15693 15704 15705 15700 15701 15696 15696 15704 15698 15707 15708 15702 15680 15698 15705 15689 15702 15699 15705 15695 15702 15704 15696 15704 15690
-- 15726 <29
-- worker thread times 18278 18258 18263 18273 18267 18255 18276 18264 18252 18264 18266 18262 18264 18266 18259 18271 18259 18273 18271 18276 18259 18271 18255 18255 18271 18263 18253 18261 18263 18262 18261
-- 18294 <28
-- worker thread times 22162 22161 22158 22170 22165 22162 22156 22174 22155 22158 22158 22169 22159 22158 22158 22176 22142 22159 22149 22133 22152 22157 22148 22159 22151 22159 22165 22156 22166 22150 22171
-- 22189 <27
-- worker thread times 828 824 828 825 827 821 826 826 825 826 824 827 824 824 825 824 828 829 825 827 826 827 825 828 827 825 825 824 829 823 825
-- 832 <26
false 6069015 aborted

100004 4 4 4 5 6 7 9 9 14 13 17 18 19 22 26 28 29 32 37 38 42 46 49 53 58 80 117 150 292 1121 3022 4830 7676 11359 13705 15726 18294 22189 832
FAIL0=4 FAIL1=4 FAIL10=17 FAIL11=18 FAIL12=19 FAIL13=22 FAIL14=26 FAIL15=28 FAIL16=29 FAIL17=32 FAIL18=37 FAIL19=38 FAIL2=4 FAIL20=42 FAIL21=46 FAIL22=49 FAIL23=53 FAIL24=58 FAIL25=80 FAIL26=117 FAIL27=150 FAIL28=292 FAIL29=1121 FAIL3=5 FAIL30=3022 FAIL31=4830 FAIL32=7676 FAIL33=11359 FAIL34=13705 FAIL35=15726 FAIL36=18294 FAIL37=22189 FAIL38=832 FAIL4=6 FAIL5=7 FAIL6=9 FAIL7=9 FAIL8=14 FAIL9=13 
