-- worker thread times 0 0 0 0 0 0 0 0 0 0 0 0 0 0 0 0 0 0 0 0 0 0 0 0 0 0 0 0 0 0 0
-- 5 <64
-- worker thread times 1 1 0 0 0 0 0 0 1 0 1 0 0 0 0 1 0 0 0 0 1 0 1 1 1 1 1 1 0 0 1
-- 6 <63
-- worker thread times 0 0 1 2 0 0 0 1 0 1 1 0 0 1 1 1 0 0 0 1 0 0 1 1 2 1 1 0 0 0 0
-- 6 <62
-- worker thread times 0 1 1 0 1 1 1 0 1 1 0 1 0 2 1 1 0 3 0 2 2 0 1 1 1 0 2 1 2 2 4
-- 7 <61
-- worker thread times 0 1 4 1 0 1 1 1 0 0 0 1 0 0 0 1 1 1 0 1 1 2 0 1 1 0 0 1 0 1 2
-- 7 <60
-- worker thread times 0 0 0 0 0 0 0 0 0 0 0 0 1 0 1 0 0 0 0 0 1 0 0 0 0 0 0 1 2 3 4
-- 8 <59
-- worker thread times 1 0 0 1 3 3 2 0 1 1 0 1 1 1 0 0 0 0 0 1 1 0 0 0 1 0 5 3 1 0 0
-- 9 <58
-- worker thread times 3 0 0 2 3 1 0 1 0 0 1 1 0 0 0 1 0 0 1 0 0 0 2 1 0 1 2 0 2 5 5
-- 10 <57
-- worker thread times 0 5 5 5 3 0 1 1 0 0 1 2 1 0 1 2 1 1 1 0 0 1 1 0 0 0 1 0 0 0 6
-- 11 <56
-- worker thread times 2 0 1 0 1 1 0 0 1 0 1 0 0 0 1 1 0 0 1 0 0 1 1 4 0 3 4 5 6 7 1
-- 11 <55
-- worker thread times 0 1 2 2 0 0 0 1 1 2 1 5 5 8 0 7 4 0 0 0 2 1 1 1 3 0 0 2 0 7 9
-- 14 <54
-- worker thread times 3 2 0 0 2 4 0 0 4 3 1 3 1 3 5 9 7 6 0 1 1 0 1 1 5 9 3 10 0 0 1
-- 14 <53
-- worker thread times 9 0 0 0 0 1 0 1 0 0 0 1 0 1 1 2 3 5 7 8 0 1 1 1 0 0 6 9 4 1 6
-- 13 <52
-- worker thread times 0 0 4 4 6 7 8 0 9 3 2 3 1 0 1 0 0 0 0 1 0 1 0 1 1 6 0 8 10 2 2
-- 15 <51
-- worker thread times 7 6 6 4 3 1 1 0 0 0 0 0 1 0 2 2 0 0 1 1 3 4 4 5 0 0 1 8 9 9 10
-- 15 <50
-- worker thread times 9 9 0 0 0 0 0 8 4 2 1 0 7 1 2 0 5 6 1 0 0 0 7 3 0 0 1 0 10 11 5
-- 16 <49
-- worker thread times 6 0 6 5 0 1 1 1 1 1 5 2 4 2 0 9 7 1 0 0 2 1 1 0 10 10 8 2 10 12 13
-- 18 <48
-- worker thread times 7 3 3 0 7 0 1 1 11 10 1 0 2 5 0 4 4 1 1 1 4 0 1 10 1 11 1 0 7 9 13
-- 17 <47
-- worker thread times 13 12 1 13 11 8 9 5 1 6 5 2 1 1 2 0 3 2 1 3 1 2 1 11 0 14 1 4 7 1 1
-- 18 <46
-- worker thread times 15 14 12 2 1 0 9 9 10 0 9 0 8 0 7 3 1 2 0 5 12 1 5 1 0 12 0 1 4 1 7
-- 19 <45
-- worker thread times 13 9 12 10 1 13 0 9 4 6 1 2 2 0 2 0 7 7 4 2 4 1 1 2 14 8 9 1 16 16 17
-- 21 <44
-- worker thread times 17 2 5 12 12 2 9 7 11 9 3 8 16 0 1 13 14 12 3 4 1 2 11 3 1 0 2 2 6 5 16
-- 21 <43
-- worker thread times 7 1 9 3 18 2 2 8 9 7 10 1 10 14 17 16 2 4 3 2 2 0 0 10 12 11 10 0 4 0 17
-- 22 <42
-- worker thread times 13 12 15 9 16 11 2 1 5 15 9 18 19 12 1 8 4 10 1 5 6 1 19 17 6 1 0 16 0 2 1
-- 23 <41
-- worker thread times 20 5 1 2 1 2 4 2 13 2 13 14 17 16 18 6 2 11 10 4 7 12 8 7 0 10 0 15 11 16 20
-- 24 <40
-- worker thread times 21 2 3 10 17 14 19 20 21 18 8 8 6 1 1 0 17 6 16 14 1 12 1 15 4 5 10 11 1 22 18
-- 27 <39
-- worker thread times 17 12 13 13 15 17 16 16 16 11 10 7 6 2 0 0 0 5 7 2 3 9 5 2 18 19 19 23 4 2 22
-- 28 <38
-- worker thread times 24 17 13 14 14 0 9 0 1 8 4 7 16 13 6 3 10 16 10 1 0 19 4 18 6 11 22 21 24 21 19
-- 29 <37
-- worker thread times 24 15 11 1 10 23 24 23 18 19 14 6 1 5 4 16 21 21 20 18 15 3 10 8 9 12 1 0 6 2 25
-- 30 <36
-- worker thread times 28 16 20 3 3 21 22 24 24 23 26 26 19 17 20 19 5 11 14 14 5 5 11 12 9 27 15 15 9 28 8
-- 33 <35
-- worker thread times 31 20 23 11 21 15 25 26 7 16 25 20 21 10 7 13 7 10 29 18 11 10 21 17 25 28 26 15 6 14 31
-- 35 <34
-- worker thread times 27 21 9 7 10 25 7 18 19 26 32 20 14 22 19 28 17 16 23 29 6 7 24 5 30 8 15 12 24 28 32
-- 36 <33
-- worker thread times 36 25 33 28 9 7 31 13 13 15 14 22 14 23 21 14 30 29 26 20 26 18 32 34 12 17 35 35 24 36 37
-- 42 <32
-- worker thread times 35 32 32 32 33 29 34 28 21 18 9 15 21 12 19 17 15 25 24 24 22 28 23 26 13 31 9 28 9 36 37
-- 42 <31
-- worker thread times 38 17 14 29 30 35 32 25 32 30 34 12 27 25 20 32 36 23 20 22 40 14 38 19 28 17 14 24 26 10 37
-- 45 <30
-- worker thread times 45 38 29 44 27 53 32 36 31 24 42 39 36 50 51 52 49 28 35 48 42 40 28 37 47 47 26 43 44 31 53
-- 58 <29
-- worker thread times 52 50 46 35 43 43 40 21 41 42 42 21 27 50 38 49 26 38 32 30 36 24 50 44 48 46 34 29 28 37 26
-- 57 <28
-- worker thread times 51 51 51 48 48 42 46 28 33 44 35 38 28 24 26 32 42 43 31 40 38 37 46 47 43 51 36 30 53 53 55
-- 59 <27
-- worker thread times 59 57 37 46 48 50 51 36 62 56 35 34 41 53 43 38 60 41 39 46 59 55 44 49 64 63 60 43 52 55 65
-- 69 <26
-- worker thread times 38 62 37 61 42 54 56 59 57 59 50 57 45 39 44 39 49 51 51 52 54 60 48 40 41 63 47 35 43 64 47
-- 68 <25
-- worker thread times 59 29 44 42 45 31 58 40 35 35 53 55 56 57 52 54 51 53 41 38 26 30 33 49 32 36 48 44 48 60 61
-- 65 <24
-- worker thread times 54 55 55 58 37 37 46 45 48 49 49 38 37 32 46 40 42 39 40 36 35 51 52 53 53 58 59 60 60 61 63
-- 67 <23
-- worker thread times 76 70 60 61 73 54 51 69 64 72 66 70 56 67 63 45 50 56 49 71 43 73 59 66 57 63 48 75 51 53 75
-- 80 <22
-- worker thread times 58 78 48 52 58 65 70 64 77 60 53 73 62 73 66 52 54 67 55 71 63 74 71 59 50 66 74 71 60 80 80
-- 84 <21
-- worker thread times 51 53 81 68 67 48 57 48 70 58 48 53 63 78 77 72 52 70 76 60 65 50 60 61 73 46 65 73 67 61 56
-- 84 <20
-- worker thread times 75 57 72 64 57 61 59 73 63 71 72 60 62 69 59 69 68 66 54 55 74 63 77 78 78 80 80 81 83 84 84
-- 89 <19
-- worker thread times 66 64 57 72 72 75 57 67 70 75 60 72 68 66 58 63 64 62 74 61 61 54 76 77 77 79 81 81 82 83 84
-- 88 <18
-- worker thread times 66 78 53 57 60 75 76 64 69 75 61 51 49 57 65 72 45 71 54 67 50 73 70 51 58 74 53 78 79 80 68
-- 85 <17
-- worker thread times 88 78 80 93 76 91 83 75 68 75 84 80 83 86 88 87 74 74 74 79 70 88 74 73 65 92 67 95 97 97 98
-- 103 <16
-- worker thread times 89 76 73 81 85 75 79 89 90 80 75 84 85 79 72 79 75 87 73 67 72 70 90 92 94 95 95 95 97 99 86
-- 103 <15
-- worker thread times 104 74 77 82 85 80 93 92 98 84 99 103 84 76 100 76 96 79 90 92 72 75 72 97 77 96 99 88 86 96 78
-- 108 <14
-- worker thread times 92 94 93 90 81 83 85 86 85 88 87 61 72 73 67 68 77 80 60 69 90 94 92 68 73 75 72 76 66 68 80
-- 99 <13
-- worker thread times 94 77 80 82 90 82 90 92 93 79 78 84 87 87 85 71 70 73 71 73 78 75 68 81 81 77 77 95 95 90 88
-- 100 <12
-- worker thread times 132 125 120 130 115 116 122 129 112 120 119 131 125 127 125 111 122 116 109 109 110 118 104 120 133 132 127 109 116 122 112
-- 137 <11
-- worker thread times 134 121 136 110 116 125 132 134 115 129 128 123 128 115 114 131 115 109 121 117 134 122 136 138 138 138 129 100 106 121 102
-- 143 <10
-- worker thread times 170 177 172 175 165 171 185 170 176 157 183 180 165 159 142 155 167 171 171 167 158 184 172 173 154 149 177 185 154 170 180
-- 190 <9
-- worker thread times 368 397 369 363 389 364 354 375 357 370 354 357 363 393 389 366 391 378 358 394 366 342 364 358 365 348 356 388 396 360 367
-- 400 <8
-- worker thread times 867 829 866 845 823 827 825 833 833 833 835 832 860 865 833 830 832 832 821 806 838 826 845 804 825 841 818 868 834 824 820
-- 872 <7
-- worker thread times 3703 3630 3662 3671 3665 3660 3663 3649 3669 3636 3637 3637 3633 3654 3658 3660 3638 3633 3660 3651 3700 3701 3697 3644 3651 3652 3651 3664 3659 3647 3704
-- 3710 <6
-- worker thread times 11 10 11 8 10 9 11 9 10 10 10 9 9 8 8 11 10 10 11 9 6 11 9 5 5 11 11 8 9 11 11
true 565553
(0 -> 120) (1 -> -1) (2 -> -1) (3 -> -1) (4 -> -1) (5 -> -1) (6 -> -1) (7 -> -1) (8 -> -1) (9 -> -1) (10 -> 6) (11 -> -1) (12 -> -1) (13 -> -1) (14 -> -1) (15 -> -1) (16 -> -1) (17 -> 214) (18 -> -1) (19 -> -1) (20 -> -1) (21 -> -1) (22 -> -1) (23 -> -1) (24 -> -1) (25 -> -1) (26 -> -1) (27 -> -1) (28 -> -1) (29 -> -1) (30 -> -1) (31 -> -1) (32 -> -1) (33 -> -1) (34 -> -1) (35 -> -1) (36 -> -1) (37 -> -1) (38 -> -1) (39 -> -1) (40 -> -1) (41 -> -1) (42 -> -1) (43 -> -1) (44 -> 220) (45 -> 224) (46 -> -1) (47 -> -1) (48 -> -1) (49 -> -1) (50 -> -1) (51 -> -1) (52 -> -1) (53 -> -1) (54 -> -1) (55 -> -1) (56 -> -1) (57 -> -1) (58 -> -1) (59 -> -1) (60 -> -1) (61 -> -1) (62 -> -1) (63 -> -1) 
7668 5 6 6 7 7 8 9 10 11 11 14 14 13 15 15 16 18 17 18 19 21 21 22 23 24 27 28 29 30 33 35 36 42 42 45 58 57 59 69 68 65 67 80 84 84 89 88 85 103 103 108 99 100 137 143 190 400 872 3710 16
EXCEPT=59 FAIL0=5 FAIL1=6 FAIL10=14 FAIL11=14 FAIL12=13 FAIL13=15 FAIL14=15 FAIL15=16 FAIL16=18 FAIL17=17 FAIL18=18 FAIL19=19 FAIL2=6 FAIL20=21 FAIL21=21 FAIL22=22 FAIL23=23 FAIL24=24 FAIL25=27 FAIL26=28 FAIL27=29 FAIL28=30 FAIL29=33 FAIL3=7 FAIL30=35 FAIL31=36 FAIL32=42 FAIL33=42 FAIL34=45 FAIL35=58 FAIL36=57 FAIL37=59 FAIL38=69 FAIL39=68 FAIL4=7 FAIL40=65 FAIL41=67 FAIL42=80 FAIL43=84 FAIL44=84 FAIL45=89 FAIL46=88 FAIL47=85 FAIL48=103 FAIL49=103 FAIL5=8 FAIL50=108 FAIL51=99 FAIL52=100 FAIL53=137 FAIL54=143 FAIL55=190 FAIL56=400 FAIL57=872 FAIL58=3710 FAIL6=9 FAIL7=10 FAIL8=11 FAIL9=11 SIZE=5 
