-- worker thread times 81 77 79 67 79 76 82 67 76 79 69 78 67 77 79 77 78 77 77 69 79 83 77 77 67 80 79 69 80 71 64
-- 92 <64
-- worker thread times 95 110 111 109 117 113 106 117 107 106 106 115 93 106 106 97 95 109 117 106 117 115 97 103 118 115 106 114 115 111 106
-- 133 <63
-- worker thread times 158 152 149 160 161 152 158 165 150 160 162 161 148 160 140 163 153 164 140 152 156 149 162 163 160 145 140 147 157 140 155
-- 177 <62
-- worker thread times 171 192 204 178 178 191 196 190 190 191 203 188 195 178 201 191 195 190 201 194 187 190 205 190 195 186 187 168 198 194 193
-- 222 <61
-- worker thread times 231 224 232 218 230 231 225 214 225 230 232 225 230 230 223 223 230 236 230 230 231 220 232 234 231 225 227 234 234 230 232
-- 251 <60
-- worker thread times 263 263 273 274 261 279 251 262 274 268 251 254 265 276 262 265 265 264 262 262 276 263 255 269 277 275 254 274 262 253 254
-- 296 <59
-- worker thread times 303 294 301 303 276 285 303 289 289 295 286 295 285 287 288 281 305 304 295 301 287 298 303 306 277 297 306 306 283 303 303
-- 327 <58
-- worker thread times 322 324 333 326 339 332 330 332 338 323 330 332 330 311 329 334 324 333 338 331 324 330 314 332 330 333 331 330 323 332 333
-- 358 <57
-- worker thread times 370 358 369 357 377 374 373 367 367 380 360 358 344 369 333 357 384 370 367 358 384 381 356 368 377 349 371 369 369 357 386
-- 407 <56
-- worker thread times 419 412 412 404 401 415 386 412 412 384 404 386 404 407 418 409 412 404 415 389 402 385 418 419 414 405 409 417 411 419 406
-- 443 <55
-- worker thread times 458 453 418 453 445 435 461 458 425 448 429 448 462 453 453 459 454 435 443 453 455 434 435 457 445 431 446 458 444 446 455
-- 484 <54
-- worker thread times 493 498 492 490 490 491 486 490 489 490 492 473 493 488 486 488 482 491 490 491 490 492 473 492 492 490 494 498 491 492 485
-- 523 <53
-- worker thread times 519 515 527 527 528 517 519 521 526 515 522 518 518 520 519 516 518 527 520 524 525 527 529 517 525 515 529 517 520 512 528
-- 560 <52
-- worker thread times 560 558 552 557 560 549 548 519 560 562 552 549 549 559 532 553 553 559 566 553 540 553 539 556 559 561 541 549 539 542 561
-- 600 <51
-- worker thread times 594 597 592 597 593 582 587 581 581 574 592 588 574 585 584 593 587 556 575 595 573 574 587 594 585 584 592 591 593 574 584
-- 630 <50
-- worker thread times 612 629 608 602 614 620 627 628 616 623 620 615 619 579 620 623 625 620 610 619 601 627 616 610 627 603 626 614 603 622 616
-- 662 <49
-- worker thread times 645 650 652 644 652 634 654 655 651 639 660 653 652 652 645 658 650 653 654 651 653 652 655 647 651 653 652 653 652 645 654
-- 694 <48
-- worker thread times 688 680 683 669 658 693 691 691 692 689 682 692 684 692 688 691 691 694 694 685 691 651 685 679 694 680 685 691 687 681 689
-- 734 <47
-- worker thread times 717 712 704 713 706 712 710 706 711 711 712 714 711 711 705 704 714 712 714 712 708 712 705 712 714 705 702 711 716 711 713
-- 759 <46
-- worker thread times 736 743 738 735 739 736 745 718 744 743 748 744 746 740 734 746 748 739 735 743 737 747 728 750 737 746 739 734 748 745 746
-- 795 <45
-- worker thread times 775 771 760 766 765 778 761 766 765 765 777 778 775 767 757 768 762 772 756 778 763 766 764 778 778 770 775 775 759 775 776
-- 825 <44
-- worker thread times 805 807 809 809 806 802 812 807 765 805 798 802 807 807 809 807 801 800 806 777 810 795 809 770 792 802 806 806 809 805 788
-- 862 <43
-- worker thread times 843 846 835 839 831 846 829 841 837 842 834 829 844 813 825 841 839 831 831 837 839 837 839 833 822 832 826 833 834 824 840
-- 896 <42
-- worker thread times 856 868 862 847 870 857 866 849 862 849 851 867 876 863 870 848 876 870 868 876 866 856 883 882 854 877 856 878 869 853 868
-- 938 <41
-- worker thread times 859 880 892 882 888 903 892 897 905 907 904 894 896 888 905 886 904 904 896 893 893 883 893 894 904 908 902 885 899 893 882
-- 964 <40
-- worker thread times 925 922 908 931 913 929 921 933 922 924 914 932 926 914 933 932 935 936 930 932 920 929 930 935 914 933 925 922 935 936 931
-- 996 <39
-- worker thread times 977 965 958 969 956 967 950 951 950 961 952 970 962 938 943 961 951 953 939 960 960 951 951 960 950 951 974 961 965 958 949
-- 1037 <38
-- worker thread times 998 996 991 992 994 978 991 1001 988 991 995 995 996 1002 984 987 995 997 993 990 1001 990 990 972 985 990 981 988 1002 998 989
-- 1064 <37
-- worker thread times 1014 1020 1028 1038 1025 1016 1027 1013 1013 1010 1017 969 991 1022 1027 1023 1027 1015 1021 1033 1014 997 1038 1027 1023 1028 1010 994 1020 1005 1018
-- 1106 <36
-- worker thread times 1042 1068 1059 1055 1041 1042 1046 1051 1062 1044 1057 1032 1051 1051 1062 1065 1039 1051 1063 1064 1043 1049 1036 1053 1042 1068 1053 1041 1055 1038 1064
-- 1136 <35
-- worker thread times 1090 1093 1059 1078 1093 1075 1073 1086 1088 1090 1056 1093 1091 1085 1086 1079 1086 1090 1088 1070 1073 1090 1063 1080 1078 1093 1085 1084 1088 1070 1096
-- 1166 <34
-- worker thread times 1130 1108 1118 1116 1115 1118 1116 1103 1130 1096 1119 1118 1131 1117 1120 1104 1119 1118 1096 1119 1131 1106 1092 1118 1119 1130 1130 1117 1121 1117 1131
-- 1205 <33
-- worker thread times 1142 1143 1150 1147 1163 1156 1135 1158 1150 1159 1150 1140 1138 1140 1128 1148 1149 1152 1156 1136 1149 1149 1151 1144 1153 1152 1163 1139 1127 1163 1161
-- 1236 <32
-- worker thread times 1180 1174 1178 1166 1171 1178 1175 1180 1181 1176 1174 1168 1173 1180 1177 1178 1179 1174 1182 1169 1177 1160 1180 1170 1164 1177 1169 1169 1171 1168 1181
-- 1260 <31
-- worker thread times 1198 1205 1201 1210 1206 1201 1205 1204 1198 1204 1198 1197 1206 1209 1207 1198 1207 1213 1210 1207 1198 1210 1196 1211 1197 1187 1206 1207 1199 1211 1206
-- 1291 <30
-- worker thread times 1217 1233 1235 1221 1223 1219 1234 1223 1222 1221 1225 1232 1237 1234 1224 1225 1220 1232 1237 1208 1237 1227 1236 1234 1227 1223 1221 1237 1237 1227 1224
-- 1319 <29
-- worker thread times 1258 1262 1253 1258 1260 1263 1256 1255 1251 1260 1260 1255 1258 1262 1267 1257 1260 1262 1266 1249 1242 1263 1260 1259 1263 1264 1258 1254 1250 1253 1261
-- 1348 <28
-- worker thread times 1282 1284 1286 1285 1282 1285 1286 1277 1272 1263 1286 1284 1276 1283 1279 1274 1271 1279 1262 1276 1268 1276 1281 1271 1273 1286 1288 1290 1272 1283 1290
-- 1374 <27
-- worker thread times 1292 1291 1299 1302 1286 1296 1302 1300 1309 1299 1310 1280 1290 1316 1288 1305 1307 1310 1304 1299 1307 1291 1314 1303 1289 1302 1290 1298 1307 1302 1311
-- 1402 <26
-- worker thread times 1318 1346 1325 1336 1322 1346 1343 1333 1343 1330 1321 1332 1333 1327 1345 1342 1317 1323 1331 1331 1323 1349 1333 1331 1339 1335 1320 1333 1328 1326 1295
-- 1437 <25
-- worker thread times 1360 1368 1345 1368 1356 1354 1352 1364 1358 1354 1370 1361 1362 1352 1351 1356 1370 1360 1361 1366 1354 1368 1346 1355 1367 1355 1368 1367 1349 1366 1348
-- 1460 <24
-- worker thread times 1393 1394 1401 1393 1389 1382 1385 1396 1390 1401 1375 1385 1389 1401 1392 1383 1398 1380 1392 1398 1391 1384 1399 1403 1389 1397 1401 1391 1397 1391 1395
-- 1507 <23
-- worker thread times 1437 1432 1433 1426 1423 1425 1438 1437 1438 1430 1441 1432 1425 1439 1440 1435 1436 1434 1433 1433 1437 1435 1436 1423 1434 1436 1437 1433 1436 1435 1423
-- 1542 <22
-- worker thread times 1517 1483 1489 1491 1501 1484 1502 1494 1505 1460 1442 1467 1500 1516 1486 1497 1504 1500 1485 1506 1475 1497 1508 1470 1502 1478 1486 1513 1492 1496 1504
-- 1627 <21
-- worker thread times 1480 1482 1465 1470 1467 1481 1477 1467 1478 1475 1470 1480 1479 1482 1472 1479 1469 1477 1479 1472 1481 1481 1458 1475 1480 1478 1478 1476 1480 1480 1477
-- 1586 <20
-- worker thread times 1495 1496 1485 1484 1508 1498 1489 1497 1507 1499 1496 1498 1504 1494 1492 1496 1496 1501 1503 1492 1502 1500 1487 1487 1504 1502 1486 1503 1491 1504 1505
-- 1617 <19
-- worker thread times 1527 1512 1510 1520 1521 1510 1530 1530 1517 1517 1528 1540 1526 1524 1514 1530 1493 1510 1533 1517 1517 1530 1527 1545 1520 1506 1547 1528 1538 1526 1507
-- 1652 <18
-- worker thread times 1554 1551 1545 1551 1553 1544 1544 1545 1546 1553 1538 1534 1544 1557 1545 1552 1547 1550 1553 1552 1555 1555 1543 1554 1556 1558 1553 1552 1554 1554 1553
-- 1667 <17
-- worker thread times 1578 1578 1576 1570 1568 1575 1576 1575 1575 1577 1579 1569 1578 1567 1574 1575 1576 1580 1580 1579 1563 1582 1585 1581 1578 1568 1580 1564 1566 1578 1578
-- 1709 <16
-- worker thread times 1569 1587 1585 1578 1586 1585 1571 1585 1585 1582 1577 1589 1582 1594 1578 1590 1587 1588 1578 1590 1580 1580 1579 1578 1587 1581 1586 1574 1588 1564 1587
-- 1706 <15
-- worker thread times 1607 1598 1606 1609 1611 1607 1603 1600 1607 1596 1594 1597 1610 1593 1605 1606 1569 1607 1601 1595 1594 1609 1600 1597 1602 1610 1607 1602 1587 1605 1590
-- 1733 <14
-- worker thread times 1593 1635 1611 1630 1645 1628 1611 1642 1630 1618 1643 1616 1624 1632 1631 1649 1644 1614 1617 1620 1601 1644 1649 1622 1627 1633 1622 1616 1592 1637 1644
-- 1770 <13
-- worker thread times 1650 1636 1656 1657 1655 1640 1645 1643 1649 1662 1612 1633 1643 1647 1628 1639 1645 1662 1639 1651 1626 1659 1620 1639 1659 1651 1649 1658 1641 1627 1649
-- 1796 <12
-- worker thread times 44202 44201 44191 44205 44200 44192 44203 44196 44202 44208 44199 44199 44200 44199 44203 44208 44199 44200 44202 44198 44205 44201 44207 44196 44199 44194 44201 44210 44195 44203 44204
-- 44318 <11
-- worker thread times 2086 2079 2083 2074 2082 2076 2077 2082 2082 2085 2083 2084 2082 2077 2081 2076 2086 2073 2083 2064 2081 2084 2076 2077 2082 2079 2090 2081 2084 2079 2086
-- 2139 <10
false 1106701 aborted

100046 92 133 177 222 251 296 327 358 407 443 484 523 560 600 630 662 694 734 759 795 825 862 896 938 964 996 1037 1064 1106 1136 1166 1205 1236 1260 1291 1319 1348 1374 1402 1437 1460 1507 1542 1627 1586 1617 1652 1667 1709 1706 1733 1770 1796 44318 2139
FAIL0=92 FAIL1=133 FAIL10=484 FAIL11=523 FAIL12=560 FAIL13=600 FAIL14=630 FAIL15=662 FAIL16=694 FAIL17=734 FAIL18=759 FAIL19=795 FAIL2=177 FAIL20=825 FAIL21=862 FAIL22=896 FAIL23=938 FAIL24=964 FAIL25=996 FAIL26=1037 FAIL27=1064 FAIL28=1106 FAIL29=1136 FAIL3=222 FAIL30=1166 FAIL31=1205 FAIL32=1236 FAIL33=1260 FAIL34=1291 FAIL35=1319 FAIL36=1348 FAIL37=1374 FAIL38=1402 FAIL39=1437 FAIL4=251 FAIL40=1460 FAIL41=1507 FAIL42=1542 FAIL43=1627 FAIL44=1586 FAIL45=1617 FAIL46=1652 FAIL47=1667 FAIL48=1709 FAIL49=1706 FAIL5=296 FAIL50=1733 FAIL51=1770 FAIL52=1796 FAIL53=44318 FAIL54=2139 FAIL6=327 FAIL7=358 FAIL8=407 FAIL9=443 
