-- worker thread times 17 18 17 17 18 18 18 12 18 18 18 17 18 18 12 17 13 13 17 17 18 18 12 17 17 17 17 17 17 17 17
-- 26 <64
-- worker thread times 25 23 23 15 22 23 22 22 24 23 18 22 24 24 24 15 24 21 19 23 24 23 23 23 23 23 23 24 24 12 24
-- 34 <63
-- worker thread times 29 29 31 28 30 21 32 31 32 21 28 28 28 28 32 29 27 27 29 21 17 29 27 30 30 30 28 29 28 28 31
-- 41 <62
-- worker thread times 41 37 36 35 30 37 38 30 37 32 37 31 36 29 36 39 34 39 38 29 36 36 36 35 28 38 36 35 36 33 36
-- 49 <61
-- worker thread times 38 34 36 44 41 36 36 45 47 37 44 34 42 35 37 36 42 44 34 43 31 44 44 43 44 43 43 45 44 35 43
-- 56 <60
-- worker thread times 55 46 41 53 51 53 50 39 51 51 33 50 51 52 50 50 51 55 52 50 50 34 43 44 51 51 53 42 44 43 56
-- 65 <59
-- worker thread times 62 56 53 54 55 54 58 46 51 53 52 53 48 46 53 49 53 44 46 52 47 57 49 47 52 48 53 51 40 41 57
-- 71 <58
-- worker thread times 71 71 66 56 58 61 56 56 62 58 56 59 67 56 59 55 61 65 66 58 65 55 59 65 49 64 62 66 65 66 74
-- 83 <57
-- worker thread times 68 77 68 67 69 64 77 68 68 64 67 63 73 61 58 70 67 58 70 70 70 70 75 68 69 67 65 69 59 70 69
-- 86 <56
-- worker thread times 90 90 87 78 68 82 78 83 71 71 78 77 74 79 78 75 77 71 79 79 69 74 81 77 78 78 79 78 80 79 76
-- 102 <55
-- worker thread times 92 83 84 93 65 79 83 83 92 79 92 83 80 84 85 82 86 85 69 82 90 77 86 86 86 84 80 84 82 79 82
-- 102 <54
-- worker thread times 109 99 103 99 99 92 101 94 95 98 98 95 96 94 88 89 91 88 96 93 93 84 97 76 93 96 96 95 86 95 109
-- 119 <53
-- worker thread times 107 104 113 102 89 108 90 99 96 95 90 101 95 93 98 91 103 95 100 95 99 101 92 102 92 101 93 101 107 115 101
-- 124 <52
-- worker thread times 116 114 100 113 101 113 104 106 110 112 109 101 102 100 103 101 103 102 100 105 104 104 105 104 103 104 100 103 102 104 96
-- 126 <51
-- worker thread times 126 108 115 126 109 122 123 102 109 114 108 110 122 108 109 110 114 95 104 103 107 113 109 108 112 110 110 106 125 111 112
-- 135 <50
-- worker thread times 132 129 118 118 116 123 128 114 129 125 123 121 131 118 116 123 121 117 117 114 116 115 118 116 117 113 116 106 116 118 114
-- 143 <49
-- worker thread times 144 142 138 138 141 127 130 127 122 130 131 117 122 124 128 123 122 124 122 123 123 122 114 116 122 123 124 120 124 124 127
-- 155 <48
-- worker thread times 156 158 152 149 141 143 143 139 117 140 138 139 138 132 140 141 140 124 136 139 137 134 134 139 150 150 152 151 156 156 149
-- 168 <47
-- worker thread times 159 162 138 150 146 150 147 136 153 143 150 147 140 145 148 145 142 144 137 149 140 136 136 142 142 146 148 147 156 158 158
-- 179 <46
-- worker thread times 164 162 172 155 162 161 164 167 164 152 152 143 148 145 151 154 149 145 151 148 147 148 139 146 131 152 152 148 150 152 172
-- 183 <45
-- worker thread times 162 180 187 174 176 170 169 179 158 175 174 164 161 146 167 165 147 170 153 159 148 158 156 164 159 154 165 171 167 184 193
-- 203 <44
-- worker thread times 204 184 181 178 192 189 171 165 170 167 185 166 182 183 171 184 169 167 168 182 188 170 177 177 197 181 187 187 204 205 207
-- 216 <43
-- worker thread times 206 206 185 194 205 205 190 195 190 195 192 182 182 179 185 185 185 185 176 183 182 185 185 184 184 174 186 184 192 202 186
-- 219 <42
-- worker thread times 221 211 212 208 203 198 212 201 203 206 188 195 193 182 182 201 185 195 186 179 184 197 196 195 197 173 178 194 201 209 209
-- 233 <41
-- worker thread times 256 248 256 243 251 236 237 232 246 230 228 223 211 230 223 231 213 225 227 199 216 222 223 219 252 228 212 224 214 239 229
-- 268 <40
-- worker thread times 273 264 263 255 266 252 252 259 260 248 259 246 231 240 238 248 243 246 247 244 234 238 228 223 224 229 226 222 224 225 226
-- 283 <39
-- worker thread times 261 261 255 258 256 247 242 247 250 227 237 240 246 235 240 234 235 219 230 230 210 231 223 219 223 211 206 225 225 258 222
-- 271 <38
-- worker thread times 279 287 286 281 280 277 277 276 275 262 268 269 268 256 266 258 262 258 260 257 253 243 242 242 249 242 252 226 252 255 281
-- 298 <37
-- worker thread times 309 297 308 295 304 290 298 291 295 296 293 292 277 270 276 281 284 264 278 262 277 267 254 254 249 253 265 248 265 261 260
-- 320 <36
-- worker thread times 301 311 311 299 309 290 294 294 292 291 296 289 284 287 290 289 287 277 275 274 281 281 269 272 272 265 262 268 264 277 314
-- 325 <35
-- worker thread times 339 340 337 333 330 332 324 329 327 323 316 319 317 318 316 314 308 310 298 305 305 297 303 298 298 288 291 281 273 293 335
-- 352 <34
-- worker thread times 362 361 358 357 352 347 359 349 354 346 345 345 339 339 347 321 343 341 335 335 336 333 323 329 304 324 322 314 315 326 331
-- 379 <33
-- worker thread times 383 384 366 380 356 360 363 367 375 370 367 368 366 364 352 361 344 352 358 343 355 348 348 318 339 325 341 327 343 336 344
-- 391 <32
-- worker thread times 382 382 376 383 382 381 381 378 364 374 366 373 366 362 362 362 364 354 354 358 355 354 353 328 347 340 336 336 332 346 351
-- 401 <31
-- worker thread times 415 413 410 409 407 398 402 399 398 396 396 387 391 393 388 374 377 381 379 374 372 357 363 378 370 355 364 380 399 405 386
-- 424 <30
-- worker thread times 473 460 461 471 442 460 463 454 448 451 457 447 432 435 440 443 429 433 419 443 431 428 415 407 424 411 427 437 397 443 419
-- 484 <29
-- worker thread times 453 451 444 450 441 438 437 438 426 419 436 435 430 425 424 422 420 421 424 411 412 410 403 409 407 387 392 395 383 381 411
-- 464 <28
-- worker thread times 500 497 494 489 494 481 492 491 490 485 486 483 459 480 480 477 476 474 471 470 469 464 466 463 461 455 455 441 444 436 445
-- 510 <27
-- worker thread times 504 499 490 501 485 488 494 494 484 489 490 486 477 483 470 479 447 452 462 461 470 458 461 450 440 440 459 456 462 444 504
-- 515 <26
-- worker thread times 497 486 494 493 488 478 488 485 484 480 483 477 478 469 475 469 458 467 469 464 441 460 440 445 446 442 457 455 451 468 483
-- 506 <25
-- worker thread times 564 565 561 562 554 558 533 546 552 552 552 535 546 542 544 541 529 535 532 532 518 526 528 524 521 510 500 508 506 506 537
-- 575 <24
-- worker thread times 574 580 573 579 563 574 565 568 553 549 564 554 551 546 535 516 542 529 536 545 536 528 585 499 515 563 576 547 547 556 545
-- 596 <23
-- worker thread times 598 582 587 592 577 583 583 576 571 581 574 573 575 577 576 565 565 562 571 547 556 549 554 559 549 545 544 527 542 544 583
-- 609 <22
-- worker thread times 627 625 626 620 620 606 619 608 604 602 589 589 592 589 578 593 566 577 590 604 598 608 612 609 608 613 615 623 621 630 628
-- 639 <21
-- worker thread times 677 668 674 664 652 655 637 651 637 644 636 619 625 623 624 641 647 649 650 646 660 658 662 668 653 671 664 673 672 669 677
-- 690 <20
-- worker thread times 684 681 676 677 677 674 671 673 666 665 659 664 657 650 650 645 658 644 652 642 622 639 639 624 656 650 664 621 643 665 663
-- 691 <19
-- worker thread times 721 715 706 720 702 703 712 703 699 689 681 694 680 673 688 680 688 645 653 660 663 677 690 711 706 690 649 683 711 711 715
-- 732 <18
-- worker thread times 963 959 960 943 953 943 948 944 933 929 936 925 935 925 925 914 921 922 911 899 902 883 872 881 880 880 874 918 936 950 952
-- 975 <17
-- worker thread times 1576 1575 1496 1494 1495 1509 1508 1524 1562 1563 1496 1563 1567 1560 1509 1503 1500 1511 1514 1502 1509 1493 1502 1503 1501 1506 1500 1509 1498 1543 1507
-- 1588 <16
-- worker thread times 2975 2959 2962 2958 2965 2923 2880 2911 2892 2956 2889 2908 2891 2904 2910 2844 2879 2868 2892 2888 2892 2882 2876 2885 2848 2868 2869 2887 2917 2873 2892
-- 2985 <15
-- worker thread times 7720 7707 7579 7641 7610 7648 7649 7578 7588 7628 7632 7599 7621 7632 7638 7624 7640 7649 7649 7650 7620 7645 7663 7647 7643 7654 7603 7628 7639 7651 7715
-- 7730 <14
-- worker thread times 10801 10813 10818 10822 10808 10830 10802 10782 10793 10796 10813 10810 10799 10834 10813 10827 10810 10808 10778 10826 10817 10832 10802 10812 10821 10807 10838 10831 10811 10814 10891
-- 10901 <13
-- worker thread times 19922 19926 19919 19913 19915 19933 19912 19923 19938 19933 19922 19911 19903 19920 19932 19911 19933 19924 19923 19912 19916 19933 19932 19925 19941 19921 19935 19947 19926 19923 19999
-- 20007 <12
-- worker thread times 38665 38660 38640 38672 38658 38664 38660 38656 38660 38654 38650 38661 38649 38658 38660 38665 38659 38641 38657 38647 38655 38664 38648 38669 38664 38666 38647 38651 38662 38668 38717
-- 38728 <11
-- worker thread times 3362 3344 3350 3359 3353 3364 3341 3357 3349 3359 3357 3345 3354 3358 3359 3343 3360 3355 3346 3350 3352 3353 3343 3358 3344 3341 3353 3362 3336 3394 3359
-- 3404 <10
false 5656570 aborted

100040 26 34 41 49 56 65 71 83 86 102 102 119 124 126 135 143 155 168 179 183 203 216 219 233 268 283 271 298 320 325 352 379 391 401 424 484 464 510 515 506 575 596 609 639 690 691 732 975 1588 2985 7730 10901 20007 38728 3404
FAIL0=26 FAIL1=34 FAIL10=102 FAIL11=119 FAIL12=124 FAIL13=126 FAIL14=135 FAIL15=143 FAIL16=155 FAIL17=168 FAIL18=179 FAIL19=183 FAIL2=41 FAIL20=203 FAIL21=216 FAIL22=219 FAIL23=233 FAIL24=268 FAIL25=283 FAIL26=271 FAIL27=298 FAIL28=320 FAIL29=325 FAIL3=49 FAIL30=352 FAIL31=379 FAIL32=391 FAIL33=401 FAIL34=424 FAIL35=484 FAIL36=464 FAIL37=510 FAIL38=515 FAIL39=506 FAIL4=56 FAIL40=575 FAIL41=596 FAIL42=609 FAIL43=639 FAIL44=690 FAIL45=691 FAIL46=732 FAIL47=975 FAIL48=1588 FAIL49=2985 FAIL5=65 FAIL50=7730 FAIL51=10901 FAIL52=20007 FAIL53=38728 FAIL54=3404 FAIL6=71 FAIL7=83 FAIL8=86 FAIL9=102 
