-- worker thread times 4 11 4 9 5 1 6 9 9 9 4 9 9 10 5 10 10 10 9 6 10 4 10 10 10 10 4 10 10 9 10
-- 17 <80
-- worker thread times 14 10 14 14 14 10 10 15 10 10 14 14 14 14 10 14 14 14 14 8 14 14 13 14 15 5 14 14 10 14 15
-- 21 <79
-- worker thread times 19 15 19 19 14 19 15 20 14 7 15 20 9 19 15 15 15 19 19 7 20 19 14 19 16 19 19 19 14 14 19
-- 27 <78
-- worker thread times 17 9 24 15 24 17 24 19 23 24 22 18 23 24 23 23 24 13 18 23 14 24 22 18 22 13 18 22 24 14 24
-- 33 <77
-- worker thread times 28 19 23 28 23 16 28 17 23 28 23 23 23 23 13 19 28 23 28 15 14 23 23 23 23 23 28 29 23 28 23
-- 38 <76
-- worker thread times 34 29 24 35 27 36 23 23 29 24 23 31 33 36 34 34 24 36 35 25 34 24 34 30 29 29 35 24 29 30 35
-- 45 <75
-- worker thread times 36 32 36 36 36 32 37 37 31 36 37 21 36 36 31 33 36 38 38 31 25 35 37 36 36 35 36 37 37 37 35
-- 46 <74
-- worker thread times 38 17 38 39 39 35 39 38 38 33 35 33 39 38 39 38 39 38 36 36 38 34 29 38 38 37 24 33 35 34 30
-- 49 <73
-- worker thread times 42 42 39 42 38 43 39 43 42 42 42 43 42 43 42 43 43 39 43 43 42 42 33 42 38 42 42 42 22 38 42
-- 54 <72
-- worker thread times 45 45 32 41 46 41 46 45 45 45 46 45 39 41 45 45 32 45 45 41 46 45 41 45 45 45 28 45 45 45 45
-- 58 <71
-- worker thread times 49 50 44 50 49 44 44 51 44 49 44 51 50 49 44 44 51 44 44 50 44 50 44 44 49 44 49 44 49 41 49
-- 63 <70
-- worker thread times 40 54 58 58 51 47 57 58 51 59 36 58 58 52 58 58 51 56 55 56 52 52 48 58 49 54 57 39 48 53 53
-- 70 <69
-- worker thread times 79 77 84 88 89 64 88 89 83 89 83 85 90 83 83 84 67 89 88 89 88 87 89 84 75 90 90 83 81 77 80
-- 103 <68
-- worker thread times 96075 96063 96078 96073 96024 96070 96069 96065 96075 96065 96046 96075 96064 96061 96070 96070 96064 96068 96072 96069 96065 96070 96059 96042 96072 96068 96065 96069 96052 96068 96072
-- 96087 <67
-- worker thread times 3266 3267 3259 3268 3264 3263 3257 3268 3267 3249 3262 3248 3257 3262 3268 3270 3262 3264 3258 3261 3258 3258 3260 3261 3250 3264 3264 3258 3265 3257 3252
-- 3279 <66
false 313034 aborted

100005 17 21 27 33 38 45 46 49 54 58 63 70 103 96087 3279
FAIL0=17 FAIL1=21 FAIL10=63 FAIL11=70 FAIL12=103 FAIL13=96087 FAIL14=3279 FAIL2=27 FAIL3=33 FAIL4=38 FAIL5=45 FAIL6=46 FAIL7=49 FAIL8=54 FAIL9=58 
