-- worker thread times 0 0 0 0 0 0 0 0 0 0 0 0 0 0 0 0 0 0 0 0 0 0 0 0 0 0 0 0 0 0 0
-- 4 <80
-- worker thread times 0 2 0 0 0 0 0 0 0 0 0 0 2 0 0 1 0 0 0 0 0 0 1 0 0 1 0 1 0 0 0
-- 6 <79
-- worker thread times 4 3 1 0 0 2 0 2 0 2 1 0 3 0 4 0 2 3 2 1 0 1 1 2 0 1 0 2 2 1 2
-- 8 <78
-- worker thread times 13 5 11 13 11 8 7 14 13 11 12 11 11 12 11 11 10 11 9 11 8 12 2 14 9 10 8 9 14 7 13
-- 18 <77
-- worker thread times 39 40 30 35 36 39 41 32 38 30 38 39 37 31 35 40 37 38 41 36 39 37 39 36 41 18 34 38 38 41 30
-- 46 <76
-- worker thread times 113 105 109 108 114 110 111 108 112 111 112 110 110 111 108 114 109 111 111 111 105 112 116 116 114 113 110 110 99 113 114
-- 121 <75
-- worker thread times 446 457 455 447 445 450 441 440 451 453 452 445 451 449 439 450 446 448 446 437 441 448 439 450 443 443 447 447 449 446 451
-- 461 <74
-- worker thread times 3539 3537 3541 3539 3524 3539 3537 3539 3539 3529 3525 3529 3529 3529 3537 3535 3538 3535 3536 3535 3532 3533 3522 3530 3525 3537 3535 3529 3536 3538 3528
-- 3549 <73
-- worker thread times 70868 70867 70865 70861 70870 70861 70857 70866 70860 70865 70864 70866 70855 70865 70862 70855 70870 70872 70868 70870 70853 70862 70856 70865 70868 70873 70870 70845 70854 70867 70871
-- 70883 <72
-- worker thread times 24897 24893 24898 24896 24896 24893 24887 24893 24892 24893 24897 24893 24895 24892 24892 24895 24896 24895 24896 24889 24892 24893 24891 24891 24892 24891 24897 24897 24898 24895 24898
-- 24902 <71
false 7163436 aborted

100003 4 6 8 18 46 121 461 3549 70883 24902
FAIL0=4 FAIL1=6 FAIL2=8 FAIL3=18 FAIL4=46 FAIL5=121 FAIL6=461 FAIL7=3549 FAIL8=70883 FAIL9=24902 
