-- worker thread times 1 0 1 0 1 0 1 1 0 1 0 0 1 0 1 1 0 0 0 0 0 1 0 1 1 1 0 1 0 0 0
-- 5 <86
-- worker thread times 0 0 0 0 0 0 0 0 0 0 0 0 0 0 0 0 0 0 0 0 0 0 0 0 0 0 0 0 0 0 1
-- 5 <85
-- worker thread times 0 0 0 0 0 0 0 0 0 0 0 0 0 0 0 0 0 0 0 0 0 0 0 0 0 0 0 0 0 0 0
-- 6 <84
-- worker thread times 3 1 1 0 0 0 1 0 1 0 1 0 0 1 1 0 1 1 0 1 0 0 1 0 0 0 0 0 0 1 0
-- 7 <83
-- worker thread times 0 0 0 0 0 0 0 0 0 0 0 0 0 0 0 0 0 0 0 0 0 0 0 0 0 0 0 0 0 0 0
-- 8 <82
-- worker thread times 0 0 0 0 0 0 0 0 0 0 0 0 0 0 0 0 0 0 0 0 0 0 0 0 0 0 0 0 0 0 0
-- 8 <81
-- worker thread times 6 6 6 7 6 6 6 6 7 6 6 7 7 6 6 6 5 7 6 6 7 6 6 6 6 6 6 6 5 6 7
-- 15 <80
-- worker thread times 97 94 96 98 95 96 94 95 91 93 93 96 95 90 94 94 95 93 98 96 96 94 93 94 96 90 90 94 95 97 94
-- 107 <79
-- worker thread times 608 612 610 615 609 609 610 605 612 610 611 613 609 609 614 597 612 613 612 609 610 609 615 611 613 613 613 614 610 615 613
-- 624 <78
-- worker thread times 2190 2182 2189 2186 2187 2188 2189 2184 2184 2187 2189 2187 2187 2190 2188 2186 2188 2190 2189 2186 2186 2190 2188 2185 2186 2186 2190 2183 2183 2188 2192
-- 2200 <77
-- worker thread times 7408 7406 7403 7398 7404 7401 7403 7406 7394 7404 7405 7401 7400 7406 7406 7406 7402 7404 7396 7401 7400 7403 7398 7405 7406 7398 7408 7406 7406 7407 7407
-- 7416 <76
-- worker thread times 51860 51848 51848 51851 51853 51850 51852 51854 51854 51851 51852 51855 51854 51845 51854 51852 51850 51849 51852 51856 51852 51853 51854 51857 51849 51853 51849 51849 51845 51845 51854
-- 51869 <75
-- worker thread times 37716 37715 37715 37716 37715 37715 37715 37717 37715 37716 37716 37715 37717 37716 37715 37715 37715 37715 37716 37719 37715 37715 37715 37716 37715 37716 37716 37715 37715 37715 37716
-- 37725 <74
false 10638787 aborted

100003 5 5 6 7 8 8 15 107 624 2200 7416 51869 37725
FAIL0=5 FAIL1=5 FAIL10=7416 FAIL11=51869 FAIL12=37725 FAIL2=6 FAIL3=7 FAIL4=8 FAIL5=8 FAIL6=15 FAIL7=107 FAIL8=624 FAIL9=2200 
