-- worker thread times 0 0 0 0 0 0 0 0 0 0 0 0 0 0 0 0 0 0 0 0 0 0 0 0 0 0 0 0 0 0 0
-- 4 <97
-- worker thread times 0 0 0 0 0 0 0 0 0 0 0 0 0 0 0 0 0 0 0 0 0 0 0 0 0 0 0 0 0 0 0
-- 4 <96
-- worker thread times 0 0 0 0 0 0 0 0 0 0 0 0 0 0 0 0 0 0 0 0 0 0 0 0 0 0 0 0 0 0 0
-- 5 <95
-- worker thread times 0 0 0 0 0 0 0 0 0 0 0 0 0 0 0 0 0 0 0 1 0 0 0 0 0 0 0 1 0 0 0
-- 5 <94
-- worker thread times 0 0 0 0 0 0 0 0 0 0 0 0 0 0 0 0 0 1 0 0 0 0 0 0 1 0 0 0 0 0 0
-- 5 <93
-- worker thread times 0 0 0 0 0 0 0 0 0 0 0 0 0 0 0 0 0 0 0 0 0 0 0 0 0 0 0 0 0 0 0
-- 6 <92
-- worker thread times 0 0 0 0 0 0 0 0 0 0 0 0 0 0 0 0 0 0 0 0 0 0 0 0 0 0 0 0 0 0 0
-- 6 <91
-- worker thread times 0 0 0 0 0 0 0 0 0 0 0 0 0 0 0 0 0 0 0 0 0 0 0 0 0 0 0 0 1 0 0
-- 7 <90
-- worker thread times 0 0 0 0 0 0 0 0 0 0 0 0 0 0 0 0 0 0 0 0 0 0 0 0 0 0 0 0 0 0 0
-- 7 <89
-- worker thread times 0 0 0 0 0 0 0 0 0 0 0 0 0 0 0 0 0 0 0 0 0 0 0 0 0 0 0 0 0 0 0
-- 8 <88
-- worker thread times 0 0 0 0 0 0 0 0 0 0 0 0 0 0 0 0 0 0 0 0 0 0 0 0 0 0 0 0 0 0 0
-- 8 <87
-- worker thread times 0 0 4 0 0 0 0 0 0 0 0 0 0 0 0 0 0 0 0 0 0 0 0 0 0 0 4 0 0 0 0
-- 10 <86
-- worker thread times 0 0 0 0 0 0 1 0 0 0 0 0 0 0 0 0 0 0 0 0 0 0 0 0 0 0 0 0 0 0 0
-- 9 <85
-- worker thread times 0 0 0 0 0 0 0 0 0 0 0 0 0 0 0 0 0 0 0 0 0 0 0 0 0 0 0 0 0 0 0
-- 9 <84
-- worker thread times 0 0 0 0 0 0 0 0 0 0 5 0 0 0 0 0 0 0 0 0 0 0 0 0 0 0 0 0 0 0 0
-- 10 <83
-- worker thread times 0 0 0 0 0 0 0 0 0 1 4 0 0 0 0 0 0 1 0 0 0 0 0 0 0 0 0 0 0 0 0
-- 10 <82
-- worker thread times 1 0 0 0 0 0 0 0 0 0 0 2 0 0 0 0 0 0 0 0 0 2 0 0 0 0 0 0 0 3 0
-- 10 <81
-- worker thread times 0 3 0 0 0 0 0 0 0 0 0 0 1 0 0 0 0 0 0 0 0 1 0 0 0 0 0 0 0 0 0
-- 11 <80
-- worker thread times 0 0 0 0 0 0 0 0 0 0 0 0 0 1 0 0 0 0 0 0 0 0 0 0 0 0 0 0 0 4 0
-- 11 <79
-- worker thread times 0 0 0 0 0 0 0 0 0 0 0 0 6 0 0 0 0 0 0 0 1 0 0 0 0 0 0 0 0 0 0
-- 11 <78
-- worker thread times 0 0 0 0 0 0 0 0 0 0 0 0 0 0 0 0 0 0 0 0 0 0 0 0 0 0 0 0 0 0 0
-- 13 <77
-- worker thread times 0 0 0 3 0 0 0 0 0 0 0 0 0 0 0 0 0 0 0 0 0 0 0 0 0 0 0 0 0 0 0
-- 13 <76
-- worker thread times 0 0 0 0 0 0 0 0 0 0 0 0 0 0 0 0 0 0 0 0 0 0 0 0 0 0 0 0 0 0 0
-- 13 <75
-- worker thread times 0 0 0 0 0 0 0 0 0 0 0 0 0 0 0 1 0 0 0 0 0 0 0 0 4 0 0 0 0 0 0
-- 14 <74
-- worker thread times 0 0 0 0 0 0 0 0 0 0 0 0 1 0 0 0 0 0 0 0 0 0 0 0 0 0 0 0 0 0 0
-- 15 <73
-- worker thread times 0 0 0 0 0 0 0 0 0 0 0 0 0 0 2 0 0 0 0 0 0 0 0 0 0 0 0 0 0 0 0
-- 15 <72
-- worker thread times 0 0 0 0 0 0 0 0 0 0 0 0 0 0 0 0 0 0 0 0 0 2 0 0 0 0 0 0 0 0 0
-- 16 <71
-- worker thread times 0 0 0 0 0 0 0 0 0 0 0 0 0 0 0 0 0 0 0 0 0 0 0 0 0 0 0 0 0 0 0
-- 17 <70
-- worker thread times 0 0 0 0 0 0 0 0 0 0 0 0 0 0 0 0 1 0 0 0 0 0 0 0 0 0 0 0 0 0 0
-- 17 <69
-- worker thread times 0 0 0 0 0 0 0 0 0 0 0 0 0 0 0 0 0 0 0 0 0 0 0 0 0 0 0 0 0 0 0
-- 18 <68
-- worker thread times 0 0 0 0 0 4 0 0 0 0 0 0 0 0 0 1 0 0 0 0 0 0 0 0 0 0 0 0 0 0 0
-- 18 <67
-- worker thread times 0 0 1 0 0 0 0 0 0 0 0 0 0 0 0 0 4 0 0 0 0 0 0 0 0 0 0 0 0 0 0
-- 19 <66
-- worker thread times 0 0 0 0 0 0 0 0 0 0 0 0 0 0 0 0 0 0 0 0 0 0 0 0 0 0 0 0 5 3 0
-- 19 <65
-- worker thread times 0 0 0 0 0 0 0 0 0 0 0 0 0 0 0 0 0 0 0 0 0 0 0 0 0 0 0 0 0 0 0
-- 20 <64
-- worker thread times 0 0 0 0 0 0 1 0 0 0 0 0 0 0 0 0 0 0 0 0 0 0 0 0 0 0 0 0 0 0 0
-- 21 <63
-- worker thread times 0 1 0 0 0 0 0 0 0 0 0 0 0 0 0 0 0 0 0 0 0 0 0 0 0 0 0 0 0 0 0
-- 20 <62
-- worker thread times 0 0 0 0 0 0 0 0 0 0 0 0 0 0 0 0 0 0 0 0 0 0 0 0 2 0 0 0 0 0 0
-- 20 <61
-- worker thread times 0 0 0 0 0 0 0 0 0 0 0 0 0 0 0 0 0 0 0 0 0 0 0 0 0 0 0 0 0 0 0
-- 22 <60
-- worker thread times 0 0 0 0 0 0 0 0 0 0 0 0 0 0 0 0 0 0 0 0 0 0 0 0 0 0 0 0 0 0 0
-- 21 <59
-- worker thread times 0 0 0 0 0 0 0 0 0 0 0 0 0 0 0 0 0 0 0 0 0 0 0 0 0 0 0 0 0 0 0
-- 22 <58
-- worker thread times 0 0 0 0 0 0 0 0 0 0 0 0 0 0 0 0 0 0 0 0 0 0 0 0 0 0 0 0 0 0 0
-- 24 <57
-- worker thread times 0 0 0 1 0 0 0 0 0 0 0 0 0 0 0 0 0 0 0 0 0 0 0 0 1 0 0 0 0 0 0
-- 24 <56
-- worker thread times 6 0 0 0 0 0 2 0 0 0 0 0 0 0 0 0 0 0 0 0 0 0 0 0 0 0 0 0 0 1 10
-- 21 <55
-- worker thread times 12 0 1 0 0 0 0 0 0 0 1 0 0 0 0 0 0 0 0 0 0 0 0 0 0 0 0 0 0 0 8
-- 21 <54
-- worker thread times 0 0 0 0 0 0 0 0 0 0 0 0 0 0 0 0 0 0 0 0 0 0 0 0 0 2 0 0 0 0 0
-- 25 <53
-- worker thread times 0 0 0 0 0 0 0 0 0 0 0 3 0 0 0 0 0 1 0 0 0 0 0 0 0 2 1 0 0 0 0
-- 26 <52
-- worker thread times 0 0 0 0 0 0 0 0 0 0 0 0 0 0 0 0 0 0 0 0 0 0 0 0 0 0 0 0 0 0 11
-- 23 <51
-- worker thread times 12 0 0 0 0 0 0 0 0 0 0 1 0 0 0 0 0 0 0 0 0 0 0 0 0 0 0 0 0 9 0
-- 23 <50
-- worker thread times 0 0 0 0 0 0 0 1 0 0 0 0 2 0 0 0 0 0 0 0 0 0 0 0 0 0 0 0 0 0 0
-- 27 <49
-- worker thread times 0 0 3 0 0 1 0 0 0 0 0 0 0 0 0 0 0 0 0 0 0 0 0 0 0 0 0 0 0 5 2
-- 28 <48
-- worker thread times 0 0 0 0 0 0 0 0 0 0 0 0 0 0 0 0 0 0 0 0 0 0 0 0 0 0 0 0 0 0 11
-- 25 <47
-- worker thread times 0 0 0 0 0 0 0 0 0 0 0 0 0 0 0 0 4 0 0 0 0 0 0 0 0 0 0 0 0 0 0
-- 28 <46
-- worker thread times 0 0 0 0 0 0 0 0 0 0 0 0 0 0 0 0 0 0 0 0 0 0 0 0 2 0 0 0 0 0 0
-- 29 <45
-- worker thread times 0 0 0 0 0 0 0 0 0 0 0 0 0 0 0 0 0 0 0 0 0 0 0 0 0 0 0 0 0 0 0
-- 30 <44
-- worker thread times 5 0 0 0 0 0 0 0 0 0 0 0 0 0 0 0 5 0 0 0 1 0 2 0 1 7 0 0 0 0 9
-- 27 <43
-- worker thread times 0 0 0 0 0 0 0 0 0 0 0 4 0 0 1 0 0 0 0 0 0 0 0 0 0 0 0 0 0 0 0
-- 30 <42
-- worker thread times 0 0 0 0 0 0 0 0 0 0 0 0 0 0 0 0 0 1 0 0 0 0 0 0 0 0 0 0 1 1 0
-- 31 <41
-- worker thread times 13 0 0 0 0 0 0 0 0 0 0 0 0 0 0 0 0 2 0 0 0 0 0 0 0 0 0 0 0 8 1
-- 29 <40
-- worker thread times 14 0 0 0 0 0 0 0 1 0 0 0 0 0 0 0 0 0 0 0 0 0 0 0 0 0 0 0 0 0 0
-- 29 <39
-- worker thread times 0 0 2 0 0 0 0 0 0 0 0 0 1 0 0 0 0 0 0 1 0 0 0 0 0 1 0 0 1 0 0
-- 32 <38
-- worker thread times 15 0 0 0 0 0 0 0 0 0 0 0 0 0 0 0 0 0 0 0 0 0 0 0 0 0 0 0 0 0 1
-- 29 <37
-- worker thread times 2 0 0 0 0 0 0 0 0 0 0 0 0 0 0 0 1 0 0 0 0 0 0 1 0 0 0 0 0 0 15
-- 30 <36
-- worker thread times 0 0 0 0 0 0 0 0 0 0 0 0 0 0 0 0 0 0 0 0 0 0 0 0 0 0 0 0 0 0 16
-- 31 <35
-- worker thread times 0 0 0 0 0 0 0 0 0 0 0 0 0 0 0 0 0 0 0 0 1 0 0 1 0 0 0 0 0 0 0
-- 35 <34
-- worker thread times 0 0 0 1 0 0 1 0 0 0 0 0 0 0 0 0 0 0 1 0 0 0 0 0 1 0 0 4 0 0 0
-- 34 <33
-- worker thread times 0 0 0 0 0 0 0 0 0 1 6 0 0 0 0 0 0 0 0 0 0 0 0 0 0 0 1 0 0 0 0
-- 36 <32
-- worker thread times 0 0 0 0 0 0 0 0 0 0 0 0 0 0 0 0 0 0 0 0 0 0 0 0 0 0 0 0 0 0 0
-- 35 <31
-- worker thread times 0 0 0 0 0 0 0 0 0 0 0 2 0 2 0 0 0 0 1 1 1 0 2 0 1 0 0 0 0 0 0
-- 36 <30
-- worker thread times 1 1 2 0 0 0 0 0 0 0 0 0 0 0 0 0 1 0 0 0 0 0 0 0 0 0 0 0 0 0 4
-- 38 <29
-- worker thread times 0 0 0 0 0 0 0 0 0 2 0 0 0 0 3 0 0 0 0 0 1 0 0 0 0 0 0 0 0 1 0
-- 37 <28
-- worker thread times 0 0 1 0 0 0 0 0 0 0 0 0 0 0 1 0 0 0 1 0 0 0 0 0 0 0 0 0 0 0 0
-- 37 <27
-- worker thread times 16 0 0 0 0 0 0 0 0 0 0 0 1 0 0 1 0 0 0 0 0 0 0 0 0 0 0 2 0 0 0
-- 35 <26
-- worker thread times 0 1 0 0 0 2 0 0 0 0 0 0 0 0 0 1 0 0 0 0 0 0 0 0 0 2 0 0 0 0 0
-- 38 <25
-- worker thread times 0 0 0 0 0 1 0 0 2 1 2 0 0 0 0 0 0 0 0 0 0 0 0 0 0 0 0 0 0 0 1
-- 39 <24
-- worker thread times 0 0 0 0 2 0 0 1 0 1 0 0 0 0 0 0 0 0 1 0 0 1 0 0 0 0 0 0 0 0 0
-- 39 <23
-- worker thread times 29 13 0 0 0 0 0 0 0 0 0 0 1 0 0 0 0 0 0 0 0 0 0 0 0 0 0 0 1 0 0
-- 37 <22
-- worker thread times 1 0 0 0 2 0 1 0 0 0 0 0 0 0 0 0 0 0 0 0 0 0 1 0 0 0 0 0 2 0 0
-- 42 <21
-- worker thread times 21 0 0 0 0 1 0 1 0 0 0 0 0 0 0 0 0 0 0 0 8 0 0 0 0 0 0 0 0 0 0
-- 38 <20
-- worker thread times 0 0 0 0 0 0 0 0 0 0 0 0 0 0 0 1 0 0 0 0 0 0 0 0 0 0 4 0 0 0 0
-- 42 <19
-- worker thread times 16 0 1 0 1 0 0 0 0 0 0 0 0 0 0 0 1 0 5 0 0 0 0 0 0 0 0 0 0 0 0
-- 39 <18
-- worker thread times 0 0 0 0 0 0 0 1 0 0 0 0 2 0 1 0 0 0 0 1 0 0 0 0 0 0 0 1 0 0 0
-- 40 <17
-- worker thread times 0 0 0 0 1 0 0 0 0 0 0 0 0 0 0 0 0 0 0 4 0 0 0 0 0 0 1 0 0 0 19
-- 42 <16
-- worker thread times 18 0 9 1 0 0 0 1 0 0 2 0 2 1 1 0 0 1 1 0 0 0 0 0 0 0 1 0 1 1 0
-- 41 <15
-- worker thread times 0 1 0 0 0 0 1 0 0 0 0 0 0 0 0 0 0 0 1 0 0 0 0 0 0 1 0 0 0 0 0
-- 44 <14
-- worker thread times 5 13 7 5 6 7 5 5 5 8 5 5 5 5 5 7 5 5 5 6 0 5 5 6 5 5 5 5 5 6 5
-- 46 <13
-- worker thread times 11 13 12 11 13 13 12 12 12 13 13 11 13 13 12 13 12 12 12 12 11 13 12 12 12 12 12 13 13 13 13
-- 50 <12
-- worker thread times 31 31 30 31 31 32 31 31 31 31 31 30 31 31 31 31 31 31 30 30 31 31 31 31 31 31 32 30 31 31 31
-- 66 <11
-- worker thread times 62 62 63 62 63 63 62 60 62 63 63 64 62 63 62 63 62 63 63 64 64 61 63 63 62 63 62 61 63 62 61
-- 96 <10
-- worker thread times 100 99 98 100 100 99 98 100 100 99 98 100 100 100 99 98 99 100 101 101 99 100 98 98 101 98 99 99 100 101 99
-- 132 <9
-- worker thread times 141 143 145 142 142 146 143 144 145 144 143 145 144 143 143 143 143 143 143 143 142 144 145 143 143 143 144 144 144 143 142
-- 175 <8
-- worker thread times 196 193 195 195 194 195 194 192 194 195 196 193 193 195 194 196 193 194 194 195 194 195 194 196 195 197 196 194 194 196 194
-- 226 <7
-- worker thread times 241 243 245 243 243 243 241 240 245 242 243 241 244 243 243 242 244 244 243 242 241 244 241 243 241 245 240 243 242 243 243
-- 274 <6
-- worker thread times 297 296 298 294 295 296 296 295 295 296 299 296 295 295 296 294 298 295 296 298 297 297 297 296 299 297 297 297 295 297 298
-- 327 <5
-- worker thread times 342 341 342 342 343 343 344 342 342 340 338 343 342 342 339 339 339 343 341 340 343 342 341 342 341 343 340 340 342 341 340
-- 371 <4
-- worker thread times 393 395 393 392 393 395 392 393 394 395 393 392 393 393 394 394 392 393 392 393 394 393 394 394 394 395 392 393 393 392 394
-- 423 <3
-- worker thread times 3 2 3 3 3 2 2 2 3 3 3 2 1 2 3 0 2 2 3 2 2 2 3 3 3 2 2 2 3 2 3
true 40744
(0 -> -1) (1 -> -1) (2 -> -1) (3 -> -1) (4 -> -1) (5 -> -1) (6 -> -1) (7 -> -1) (8 -> -1) (9 -> -1) (10 -> -1) (11 -> -1) (12 -> -1) (13 -> -1) (14 -> -1) (15 -> -1) (16 -> -1) (17 -> -1) (18 -> -1) (19 -> -1) (20 -> -1) (21 -> -1) (22 -> -1) (23 -> -1) (24 -> -1) (25 -> -1) (26 -> -1) (27 -> -1) (28 -> -1) (29 -> -1) (30 -> -1) (31 -> -1) (32 -> -1) (33 -> -1) (34 -> -1) (35 -> -1) (36 -> -1) (37 -> -1) (38 -> -1) (39 -> -1) (40 -> -1) (41 -> -1) (42 -> -1) (43 -> -1) (44 -> -1) (45 -> -1) (46 -> -1) (47 -> -1) (48 -> -1) (49 -> -1) (50 -> -1) (51 -> -1) (52 -> 1) (53 -> -1) (54 -> -1) (55 -> -1) (56 -> -1) (57 -> -1) (58 -> -1) (59 -> -1) (60 -> -1) (61 -> -1) (62 -> -1) (63 -> -1) (64 -> -1) (65 -> -1) (66 -> -1) (67 -> -1) (68 -> -1) (69 -> -1) (70 -> -1) (71 -> -1) (72 -> -1) (73 -> -1) (74 -> -1) (75 -> -1) (76 -> -1) (77 -> -1) (78 -> -1) (79 -> -1) (80 -> -1) (81 -> 0) (82 -> -1) (83 -> -1) (84 -> -1) (85 -> -1) (86 -> -1) (87 -> -1) (88 -> -1) (89 -> -1) (90 -> -1) (91 -> -1) (92 -> -1) (93 -> -1) (94 -> -1) (95 -> -1) (96 -> -1) 
4189 4 4 5 5 5 6 6 7 7 8 8 10 9 9 10 10 10 11 11 11 13 13 13 14 15 15 16 17 17 18 18 19 19 20 21 20 20 22 21 22 24 24 21 21 25 26 23 23 27 28 25 28 29 30 27 30 31 29 29 32 29 30 31 35 34 36 35 36 38 37 37 35 38 39 39 37 42 38 42 39 40 42 41 44 46 50 66 96 132 175 226 274 327 371 423 7
EXCEPT=95 FAIL0=4 FAIL1=4 FAIL10=8 FAIL11=10 FAIL12=9 FAIL13=9 FAIL14=10 FAIL15=10 FAIL16=10 FAIL17=11 FAIL18=11 FAIL19=11 FAIL2=5 FAIL20=13 FAIL21=13 FAIL22=13 FAIL23=14 FAIL24=15 FAIL25=15 FAIL26=16 FAIL27=17 FAIL28=17 FAIL29=18 FAIL3=5 FAIL30=18 FAIL31=19 FAIL32=19 FAIL33=20 FAIL34=21 FAIL35=20 FAIL36=20 FAIL37=22 FAIL38=21 FAIL39=22 FAIL4=5 FAIL40=24 FAIL41=24 FAIL42=21 FAIL43=21 FAIL44=25 FAIL45=26 FAIL46=23 FAIL47=23 FAIL48=27 FAIL49=28 FAIL5=6 FAIL50=25 FAIL51=28 FAIL52=29 FAIL53=30 FAIL54=27 FAIL55=30 FAIL56=31 FAIL57=29 FAIL58=29 FAIL59=32 FAIL6=6 FAIL60=29 FAIL61=30 FAIL62=31 FAIL63=35 FAIL64=34 FAIL65=36 FAIL66=35 FAIL67=36 FAIL68=38 FAIL69=37 FAIL7=7 FAIL70=37 FAIL71=35 FAIL72=38 FAIL73=39 FAIL74=39 FAIL75=37 FAIL76=42 FAIL77=38 FAIL78=42 FAIL79=39 FAIL8=7 FAIL80=40 FAIL81=42 FAIL82=41 FAIL83=44 FAIL84=46 FAIL85=50 FAIL86=66 FAIL87=96 FAIL88=132 FAIL89=175 FAIL9=8 FAIL90=226 FAIL91=274 FAIL92=327 FAIL93=371 FAIL94=423 SIZE=2 
