-- worker thread times 0 0 0 0 0 0 0 0 0 0 1 0 1 0 0 0 0 0 0 0 0 0 0 0 0 0 0 0 0 0 1
-- 5 <100
-- worker thread times 2 1 1 2 1 2 0 2 0 0 3 2 1 3 2 0 1 1 2 1 2 0 1 1 1 1 2 1 0 1 3
-- 6 <99
-- worker thread times 1 4 1 2 3 1 1 0 2 1 1 1 3 0 3 0 1 0 3 4 2 4 0 1 1 2 2 0 1 1 3
-- 8 <98
-- worker thread times 1 0 5 3 2 0 5 1 1 0 0 1 3 0 4 1 3 4 4 4 3 4 2 1 3 0 3 2 0 1 5
-- 10 <97
-- worker thread times 3 2 5 4 3 4 1 2 3 3 3 4 0 1 5 0 3 0 2 0 3 6 3 2 5 4 6 4 0 1 7
-- 11 <96
-- worker thread times 5 9 7 4 1 0 5 5 0 7 0 7 8 7 1 7 6 3 2 0 5 6 3 0 3 7 0 6 5 5 10
-- 14 <95
-- worker thread times 6 5 12 0 9 9 8 0 0 11 3 6 6 2 1 11 7 9 6 6 9 2 9 0 8 5 6 10 8 7 13
-- 18 <94
-- worker thread times 13 18 0 7 12 9 12 13 17 8 7 1 9 1 9 11 10 5 0 7 11 10 13 6 11 12 12 8 11 11 9
-- 21 <93
-- worker thread times 15 16 12 16 12 10 15 18 11 16 17 17 12 0 18 0 12 16 15 17 7 7 8 12 17 14 5 9 0 13 21
-- 26 <92
-- worker thread times 16 14 19 12 18 14 13 19 21 11 19 13 21 23 16 22 22 16 6 16 14 22 18 19 12 17 19 14 9 27 27
-- 31 <91
-- worker thread times 17 26 19 27 24 20 25 20 27 21 1 20 19 24 23 20 21 23 26 8 22 20 32 5 2 27 24 23 14 26 23
-- 36 <90
-- worker thread times 42 29 21 24 30 35 20 34 27 24 27 28 16 22 35 29 25 28 28 31 25 24 27 28 28 31 29 34 27 33 31
-- 46 <89
-- worker thread times 31 45 26 26 37 36 35 35 28 29 39 18 25 35 34 31 37 30 25 40 20 26 35 23 34 41 40 33 31 35 46
-- 51 <88
-- worker thread times 56 44 34 37 42 37 45 37 42 48 44 49 44 34 39 37 41 43 51 43 37 37 42 47 37 46 42 39 38 48 58
-- 62 <87
-- worker thread times 70 35 57 56 63 56 66 51 57 55 69 58 54 53 46 52 58 51 36 60 61 46 52 52 56 61 41 56 44 55 56
-- 75 <86
-- worker thread times 85 97 99 84 90 87 87 77 75 83 89 76 89 81 79 76 88 82 78 79 79 89 91 86 85 75 80 75 81 80 82
-- 103 <85
-- worker thread times 185 200 186 179 187 181 194 188 187 190 189 186 184 185 181 191 194 183 189 180 194 172 198 201 188 182 193 186 186 179 194
-- 205 <84
-- worker thread times 456 445 455 440 449 447 452 439 439 442 443 443 448 445 452 435 441 450 440 443 439 443 438 453 447 444 445 445 446 443 439
-- 460 <83
-- worker thread times 1319 1313 1317 1318 1320 1316 1311 1320 1313 1314 1323 1314 1325 1316 1308 1318 1308 1311 1320 1319 1314 1325 1310 1317 1311 1318 1316 1314 1317 1319 1329
-- 1334 <82
-- worker thread times 2235 2223 2223 2229 2223 2220 2230 2229 2220 2215 2228 2224 2227 2223 2222 2223 2213 2213 2226 2221 2227 2220 2216 2218 2216 2230 2227 2222 2221 2223 2236
-- 2240 <81
-- worker thread times 4927 4930 4941 4926 4929 4913 4915 4940 4928 4924 4920 4932 4924 4924 4930 4938 4923 4925 4932 4928 4926 4937 4923 4927 4930 4924 4929 4930 4920 4926 4924
-- 4945 <80
-- worker thread times 11128 11147 11132 11129 11137 11138 11135 11127 11127 11121 11135 11123 11137 11127 11135 11132 11128 11129 11133 11139 11127 11126 11132 11124 11129 11131 11128 11132 11132 11120 11116
-- 11151 <79
-- worker thread times 25217 25206 25225 25213 25210 25210 25207 25212 25208 25207 25211 25214 25207 25208 25204 25211 25197 25210 25203 25202 25209 25208 25209 25200 25208 25213 25213 25209 25205 25208 25226
-- 25231 <78
-- worker thread times 53873 53895 53891 53885 53882 53878 53882 53880 53872 53884 53881 53879 53882 53882 53870 53888 53880 53880 53884 53875 53883 53878 53879 53867 53891 53881 53896 53880 53888 53884 53878
-- 53900 <77
false 11172789 aborted

100003 5 6 8 10 11 14 18 21 26 31 36 46 51 62 75 103 205 460 1334 2240 4945 11151 25231 53900
FAIL0=5 FAIL1=6 FAIL10=36 FAIL11=46 FAIL12=51 FAIL13=62 FAIL14=75 FAIL15=103 FAIL16=205 FAIL17=460 FAIL18=1334 FAIL19=2240 FAIL2=8 FAIL20=4945 FAIL21=11151 FAIL22=25231 FAIL23=53900 FAIL3=10 FAIL4=11 FAIL5=14 FAIL6=18 FAIL7=21 FAIL8=26 FAIL9=31 
