-- 6 <100
-- worker thread times 2 2 0 2 2 2 2 2 2 0 2 2 2 0 2 2 2 2 2 2 2 2 2 2 2 2 2 2 2 2 2
-- 6 <99
-- worker thread times 0 3 2 2 2 2 2 3 0 3 2 3 3 3 0 2 3 3 2 0 3 3 3 2 0 2 3 0 0 3 2
-- 6 <98
-- worker thread times 2 2 0 0 0 0 0 0 2 2 0 3 3 3 3 3 3 3 3 0 3 3 3 3 0 3 3 0 2 3 3
-- 6 <97
-- worker thread times 3 0 2 2 2 2 2 0 2 3 3 3 3 3 0 3 2 2 2 2 2 0 2 2 2 2 3 3 2 0 2
-- 5 <96
-- worker thread times 2 0 2 0 2 2 0 2 2 2 0 2 2 2 2 2 2 2 2 2 2 2 2 0 2 2 2 2 2 2 2
-- 6 <95
-- worker thread times 3 2 0 2 2 2 2 3 3 3 0 3 3 2 3 2 2 2 2 0 0 2 2 0 0 3 3 3 2 0 2
-- 6 <94
-- worker thread times 3 1 0 0 3 3 3 3 2 0 3 2 2 2 2 0 0 2 0 3 0 3 1 1 3 3 2 3 3 3 1
-- 6 <93
-- worker thread times 3 2 2 0 2 2 2 2 2 2 0 2 3 2 3 0 3 0 1 0 3 3 3 2 3 3 2 3 3 0 3
-- worker thread times 6 3 2 6 3 4 7 6 0 0 5 3 5 3 5 0 6 3 3 6 3 4 6 6 7 5 7 3 4 5 6
-- 13 <92
-- worker thread times 11 10 14 12 13 13 15 10 10 11 13 15 13 14 14 12 11 14 15 4 11 11 5 10 12 11 13 12 13 2 11
-- 20 <91
-- worker thread times 23 25 24 20 22 22 24 25 23 22 22 23 23 24 23 22 23 24 23 22 20 27 25 14 27 25 23 23 23 27 24
-- 34 <90
-- worker thread times 43 33 41 37 44 42 44 42 39 43 39 40 39 45 41 42 43 38 25 38 44 39 39 44 41 37 36 46 41 38 41
-- 53 <89
-- worker thread times 69 70 70 74 69 66 76 73 69 77 70 72 65 69 65 73 73 77 75 66 66 69 65 69 67 79 76 69 71 68 74
-- 87 <88
-- worker thread times 169 171 178 174 179 167 172 175 180 169 170 164 173 170 172 167 170 178 168 162 171 174 181 167 178 169 174 169 185 177 169
-- 190 <87
-- worker thread times 605 600 604 594 601 591 602 602 593 595 597 593 587 594 599 594 602 573 599 599 591 601 593 599 595 592 595 593 596 597 589
-- 613 <86
-- worker thread times 1731 1733 1748 1733 1741 1739 1736 1740 1745 1733 1741 1736 1725 1732 1743 1743 1730 1745 1737 1742 1728 1731 1739 1742 1737 1725 1743 1741 1741 1750 1727
-- 1757 <85
-- worker thread times 4807 4806 4810 4799 4805 4808 4797 4805 4804 4807 4813 4797 4810 4790 4784 4809 4802 4791 4798 4808 4806 4809 4793 4797 4807 4796 4808 4808 4798 4798 4781
-- 4820 <84
-- worker thread times 12709 12713 12694 12712 12704 12707 12716 12711 12701 12696 12708 12709 12702 12691 12693 12696 12705 12700 12702 12698 12711 12711 12707 12708 12708 12700 12713 12703 12706 12707 12700
-- 12723 <83
-- worker thread times 31296 31282 31274 31285 31279 31290 31281 31284 31285 31288 31283 31295 31291 31269 31288 31269 31284 31270 31278 31282 31284 31274 31267 31280 31284 31269 31281 31285 31292 31290 31288
-- 31305 <82
-- worker thread times 48311 48315 48309 48314 48315 48315 48313 48309 48312 48312 48312 48313 48312 48314 48315 48311 48316 48313 48309 48312 48311 48315 48312 48310 48314 48315 48316 48312 48313 48312 48315
-- 48323 <81
false 5004600 aborted

100002 6 6 6 6 5 6 6 6 13 20 34 53 87 190 613 1757 4820 12723 31305 48323
FAIL0=6 FAIL1=6 FAIL10=34 FAIL11=53 FAIL12=87 FAIL13=190 FAIL14=613 FAIL15=1757 FAIL16=4820 FAIL17=12723 FAIL18=31305 FAIL19=48323 FAIL2=6 FAIL3=6 FAIL4=5 FAIL5=6 FAIL6=6 FAIL7=6 FAIL8=13 FAIL9=20 
