-- 20 <100
-- worker thread times 16 16 13 13 13 13 13 13 14 12 14 14 14 14 7 15 13 4 15 15 15 15 15 16 16 16 16 15 16 15 16
-- 19 <99
-- worker thread times 13 14 13 14 14 3 14 14 14 14 12 14 13 14 15 12 15 15 15 13 13 13 3 12 11 12 10 11 12 14 13
-- 20 <98
-- worker thread times 14 14 14 13 14 13 14 13 14 14 12 15 12 11 12 13 13 11 11 11 11 12 12 15 11 14 11 13 12 14 14
-- 22 <97
-- worker thread times 16 14 15 15 5 15 0 14 12 14 15 18 15 18 18 18 15 13 0 6 12 5 19 16 19 14 14 14 6 8 14
-- 19 <96
-- worker thread times 14 15 15 13 14 11 13 14 13 14 12 12 10 13 12 16 12 14 11 13 13 15 14 13 16 12 3 13 14 8 13
-- 19 <95
-- worker thread times 14 12 12 10 12 12 12 14 12 13 13 15 15 11 15 13 15 13 13 0 15 13 15 14 16 12 14 16 14 16 14
-- 19 <94
-- worker thread times 15 9 0 2 3 3 15 14 14 15 14 15 9 15 13 9 11 10 14 14 12 13 13 15 15 14 15 14 15 12 13
-- 22 <93
-- worker thread times 5 15 13 13 13 15 15 13 15 13 15 14 14 2 2 2 4 2 4 16 16 14 16 16 16 17 16 12 0 16 17
-- worker thread times 23 14 22 22 23 12 22 23 23 23 23 23 23 22 21 24 22 21 22 23 22 23 22 24 22 23 23 24 23 12 22
-- 31 <92
-- worker thread times 39 20 20 34 20 37 18 20 18 20 37 19 36 36 36 37 36 29 33 18 36 19 36 20 35 36 35 26 35 35 37
-- 47 <91
-- worker thread times 46 31 28 45 31 44 44 44 44 45 40 26 42 44 31 46 44 40 30 20 44 43 46 46 44 43 45 23 45 44 45
-- 56 <90
-- worker thread times 55 52 41 32 50 52 50 52 49 37 52 52 40 52 50 52 40 50 53 52 51 50 50 49 52 52 43 39 38 51 51
-- 63 <89
-- worker thread times 61 61 63 62 58 62 60 62 61 61 61 58 55 59 60 63 58 54 63 63 60 50 60 62 60 62 61 50 63 50 65
-- 74 <88
-- worker thread times 77 49 71 69 68 73 71 67 71 74 70 70 70 60 71 71 68 72 70 72 71 68 69 68 72 63 71 68 61 68 70
-- 86 <87
-- worker thread times 86 80 80 77 79 81 76 70 79 79 79 77 81 83 80 81 82 74 69 72 73 79 82 78 80 79 79 81 83 81 71
-- 95 <86
-- worker thread times 98 96 94 95 91 82 91 92 92 90 65 91 92 85 93 92 89 91 91 91 91 91 90 92 90 89 91 92 88 85 97
-- 107 <85
-- worker thread times 104 102 91 103 106 105 100 100 98 100 100 98 101 97 100 94 97 100 97 100 87 99 100 95 97 100 99 100 96 99 92
-- 117 <84
-- worker thread times 116 118 112 116 116 111 109 105 108 108 108 109 108 109 108 110 110 107 96 109 108 108 107 108 108 99 108 108 108 108 109
-- 128 <83
-- worker thread times 135 133 135 132 133 114 129 128 129 126 122 119 126 125 125 125 125 127 127 127 126 120 127 126 125 119 125 124 125 125 113
-- 145 <82
-- worker thread times 142 153 129 149 137 135 148 130 130 143 145 131 145 144 140 143 146 127 147 143 144 151 143 145 144 142 143 142 154 149 146
-- 165 <81
-- worker thread times 187 183 170 176 172 174 171 162 168 158 168 166 170 169 166 156 167 166 169 167 170 154 166 171 171 169 168 167 168 143 180
-- 194 <80
-- worker thread times 234 231 228 226 226 226 211 213 216 221 195 214 218 215 217 214 204 204 215 217 215 212 206 211 215 189 217 211 216 218 216
-- 243 <79
-- worker thread times 302 282 288 290 274 287 266 270 271 271 277 280 265 274 281 281 278 266 273 270 278 283 276 282 276 276 281 302 286 268 278
-- 311 <78
-- worker thread times 420 431 417 422 427 409 421 420 416 415 400 406 396 410 409 411 397 408 408 409 407 413 410 410 409 397 406 396 413 414 423
-- 442 <77
-- worker thread times 642 644 642 643 638 625 628 615 612 625 620 626 624 618 626 626 624 622 612 617 623 625 616 624 613 629 624 624 606 613 633
-- 655 <76
-- worker thread times 1054 1045 1057 1023 1040 1022 1036 1037 1028 1032 1035 1035 1034 1038 1016 1034 1026 1022 1037 1022 1037 1031 1035 1030 1030 1030 1029 1032 1036 1029 1034
-- 1071 <75
-- worker thread times 1889 1862 1869 1873 1865 1874 1856 1869 1870 1873 1870 1877 1871 1870 1870 1867 1871 1868 1872 1871 1866 1873 1869 1861 1871 1868 1869 1868 1874 1888 1872
-- 1899 <74
-- worker thread times 3154 3154 3162 3160 3157 3140 3140 3148 3155 3146 3149 3147 3142 3132 3152 3152 3154 3156 3133 3157 3156 3142 3155 3157 3152 3151 3151 3129 3122 3142 3140
-- 3183 <73
-- worker thread times 5366 5349 5340 5336 5343 5347 5336 5346 5323 5325 5347 5325 5329 5330 5333 5343 5332 5348 5325 5338 5339 5344 5340 5330 5327 5347 5350 5344 5333 5333 5349
-- 5376 <72
-- worker thread times 9031 8997 9005 9001 9001 9006 9015 9008 8993 9010 9014 9012 9013 9011 9014 9003 9011 9012 9013 9011 8999 9017 9018 9000 9013 9012 8995 9003 9005 8993 9012
-- 9043 <71
-- worker thread times 15067 15063 15047 15064 15067 15062 15074 15068 15068 15069 15065 15080 15072 15058 15060 15065 15074 15079 15068 15070 15068 15067 15079 15073 15071 15065 15067 15073 15065 15088 15069
-- 15122 <70
-- worker thread times 37879 37867 37878 37875 37871 37871 37879 37865 37879 37877 37867 37882 37870 37872 37883 37873 37879 37879 37874 37885 37875 37870 37876 37904 37872 37879 37874 37880 37875 37894 37868
-- 37914 <69
-- worker thread times 23205 23198 23198 23211 23213 23213 23215 23213 23200 23215 23214 23201 23213 23215 23216 23210 23215 23202 23214 23215 23211 23213 23214 23212 23212 23211 23208 23211 23213 23209 23207
-- 23227 <68
false 2380189 aborted

100006 20 19 20 22 19 19 19 22 31 47 56 63 74 86 95 107 117 128 145 165 194 243 311 442 655 1071 1899 3183 5376 9043 15122 37914 23227
FAIL0=20 FAIL1=19 FAIL10=56 FAIL11=63 FAIL12=74 FAIL13=86 FAIL14=95 FAIL15=107 FAIL16=117 FAIL17=128 FAIL18=145 FAIL19=165 FAIL2=20 FAIL20=194 FAIL21=243 FAIL22=311 FAIL23=442 FAIL24=655 FAIL25=1071 FAIL26=1899 FAIL27=3183 FAIL28=5376 FAIL29=9043 FAIL3=22 FAIL30=15122 FAIL31=37914 FAIL32=23227 FAIL4=19 FAIL5=19 FAIL6=19 FAIL7=22 FAIL8=31 FAIL9=47 
