-- worker thread times 12 12 6 0 7 12 13 12 6 12 11 13 14 1 11 11 13 13 12 11 11 12 6 13 13 6 6 12 6 12 13
-- 19 <100
-- worker thread times 16 16 12 16 16 16 7 16 5 16 11 16 16 16 16 17 16 17 17 16 16 16 16 17 16 11 16 16 17 17 16
-- 24 <99
-- worker thread times 21 21 9 20 21 15 20 20 20 19 21 20 21 21 21 20 20 21 15 20 21 20 20 21 20 21 20 20 15 21 20
-- 29 <98
-- worker thread times 29 29 28 29 25 28 28 27 28 28 25 28 27 28 28 28 11 22 17 28 28 28 29 29 23 27 29 28 28 29 28
-- 36 <97
-- worker thread times 34 34 33 34 32 33 34 34 33 34 34 35 34 33 33 33 32 34 33 34 28 34 33 31 28 28 33 29 28 27 33
-- 42 <96
-- worker thread times 31 27 31 38 38 30 32 37 38 38 39 35 37 37 31 38 38 39 38 31 37 33 37 36 32 36 36 34 32 38 38
-- 48 <95
-- worker thread times 42 42 42 42 42 41 41 36 41 42 34 41 41 42 41 36 42 41 41 37 41 25 41 42 41 43 41 43 42 42 41
-- 53 <94
-- worker thread times 38 47 47 48 37 48 47 42 48 48 47 47 47 32 30 49 42 48 48 47 47 47 48 47 32 43 47 48 47 47 48
-- 59 <93
-- worker thread times 47 52 46 52 46 50 52 52 52 52 52 52 51 51 52 46 53 52 52 52 52 50 51 52 53 52 47 46 53 53 52
-- 63 <92
-- worker thread times 59 59 57 52 58 57 43 49 54 58 58 52 41 58 57 45 51 52 57 58 52 58 52 53 59 58 58 57 52 58 59
-- 72 <91
-- worker thread times 59 63 62 62 62 63 61 56 63 57 63 57 59 64 59 49 63 59 63 59 62 57 59 62 52 46 57 63 63 63 62
-- 76 <90
-- worker thread times 66 64 66 61 62 64 65 61 66 64 67 50 66 65 65 67 60 66 67 66 66 63 66 60 66 67 64 66 68 66 66
-- 80 <89
-- worker thread times 75 75 77 77 76 75 75 75 63 74 75 68 74 63 62 76 63 69 69 74 69 74 68 63 74 74 69 74 75 74 69
-- 90 <88
-- worker thread times 82 70 83 76 83 77 64 75 76 75 84 71 71 75 75 72 83 70 82 74 82 70 69 71 83 75 66 72 57 64 68
-- 99 <87
-- worker thread times 87 75 75 84 76 72 78 83 76 82 72 71 80 77 77 85 77 84 70 85 84 84 82 65 71 70 61 76 75 76 77
-- 100 <86
-- worker thread times 80 83 87 67 83 87 88 74 73 87 82 89 86 82 87 79 80 87 73 82 82 87 88 87 82 88 86 81 83 88 86
-- 104 <85
-- worker thread times 86 92 92 85 94 84 92 90 93 92 92 93 92 73 80 87 86 88 87 74 85 92 86 91 91 87 89 77 92 94 85
-- 110 <84
-- worker thread times 3318 3317 3321 3316 3317 3317 3317 3315 3321 3319 3320 3322 3318 3312 3314 3313 3317 3318 3321 3316 3310 3316 3322 3319 3319 3319 3317 3320 3316 3318 3322
-- 3335 <83
-- worker thread times 10778 10784 10771 10777 10786 10768 10780 10783 10781 10769 10784 10786 10787 10784 10784 10786 10784 10780 10774 10786 10783 10787 10778 10783 10775 10769 10782 10769 10784 10780 10775
-- 10802 <82
-- worker thread times 23791 23787 23791 23787 23790 23784 23780 23790 23787 23789 23794 23785 23784 23788 23786 23787 23786 23784 23779 23794 23783 23777 23787 23788 23777 23781 23782 23792 23793 23788 23786
-- 23809 <81
-- worker thread times 60917 60910 60918 60917 60909 60912 60911 60915 60916 60917 60909 60915 60908 60914 60916 60914 60916 60910 60909 60910 60917 60916 60917 60912 60916 60917 60915 60915 60915 60917 60917
-- 60931 <80
false 2315155 aborted

100005 19 24 29 36 42 48 53 59 63 72 76 80 90 99 100 104 110 3335 10802 23809 60931
FAIL0=19 FAIL1=24 FAIL10=76 FAIL11=80 FAIL12=90 FAIL13=99 FAIL14=100 FAIL15=104 FAIL16=110 FAIL17=3335 FAIL18=10802 FAIL19=23809 FAIL2=29 FAIL20=60931 FAIL3=36 FAIL4=42 FAIL5=48 FAIL6=53 FAIL7=59 FAIL8=63 FAIL9=72 
