-- worker thread times 12 12 12 12 12 12 6 12 6 12 6 12 6 12 12 6 6 12 6 0 6 12 12 0 6 12 7 12 6 12 12
-- 19 <100
-- worker thread times 22 32 22 3 7 0 0 12 22 3 12 23 22 0 0 11 15 12 7 32 0 33 32 7 12 12 21 10 0 7 22
-- 39 <99
-- worker thread times 14 18 23 23 23 17 20 19 17 23 19 19 14 24 23 23 19 24 23 20 19 23 23 19 20 12 9 17 20 19 20
-- 31 <98
-- worker thread times 27 23 23 17 23 19 33 33 33 17 33 23 24 27 24 33 23 33 24 33 23 27 24 26 24 17 23 33 33 23 26
-- 42 <97
-- worker thread times 33 33 28 23 34 34 30 33 33 34 28 33 33 27 33 33 28 27 15 33 33 34 33 33 28 33 33 27 29 33 30
-- 43 <96
-- worker thread times 20 11 61 52 20 52 36 37 46 52 52 19 61 61 10 62 52 62 61 34 25 19 17 61 9 52 39 61 18 49 9
-- 71 <95
-- worker thread times 39 43 45 45 44 44 44 35 38 37 38 29 44 27 44 45 28 45 46 45 40 35 45 44 43 45 45 45 41 38 33
-- 56 <94
-- worker thread times 42 45 45 49 45 40 45 50 45 43 49 41 49 49 49 47 43 46 47 49 49 49 42 43 46 44 42 49 46 49 45
-- 61 <93
-- worker thread times 50 48 47 52 51 51 50 50 51 50 50 51 51 50 50 50 49 45 50 51 48 44 51 48 48 48 47 48 50 49 51
-- 64 <92
-- worker thread times 56 56 57 56 57 56 57 57 56 56 52 47 52 56 57 50 56 56 58 58 57 50 51 56 57 51 56 52 46 57 56
-- 70 <91
-- worker thread times 61 60 61 60 61 61 62 61 61 62 54 61 61 55 62 54 60 61 54 61 61 60 61 60 61 62 53 60 54 61 54
-- 75 <90
-- worker thread times 61 65 66 61 61 56 65 68 67 67 67 56 68 68 66 49 68 65 61 68 68 68 68 68 67 68 65 59 65 62 67
-- 80 <89
-- worker thread times 65 67 72 64 65 64 72 64 72 57 73 64 72 65 64 71 72 68 73 64 74 67 73 69 73 64 65 73 67 65 71
-- 88 <88
-- worker thread times 69 76 66 70 71 77 76 77 76 76 77 67 76 77 76 77 65 78 78 65 77 76 74 76 76 77 78 78 71 71 76
-- 92 <87
-- worker thread times 79 78 79 78 78 72 79 79 78 72 72 78 72 77 78 78 73 78 79 79 78 78 78 79 78 78 68 77 78 78 79
-- 93 <86
-- worker thread times 81 80 80 80 76 81 67 82 82 73 82 81 80 81 81 80 79 81 81 78 82 82 81 76 80 82 80 80 81 80 76
-- 98 <85
-- worker thread times 86 86 88 87 88 85 86 87 87 87 87 86 87 87 81 84 87 85 87 81 87 88 81 86 82 86 87 86 87 86 88
-- 104 <84
-- worker thread times 87 93 89 92 92 93 93 84 92 91 86 93 80 94 73 92 92 85 86 92 59 86 94 93 80 92 87 93 93 92 86
-- 111 <83
-- worker thread times 83 95 106 88 96 97 104 91 100 72 105 105 95 104 75 88 87 87 95 105 105 83 87 97 92 105 103 96 104 89 105
-- 122 <82
-- worker thread times 97 98 98 98 98 97 97 99 98 99 97 97 97 97 99 97 97 98 98 99 98 97 97 98 99 97 98 96 92 97 99
-- 118 <81
-- worker thread times 103 105 98 104 103 98 78 103 103 103 92 94 103 103 105 105 92 104 103 94 104 99 104 97 103 104 103 104 104 104 104
-- 126 <80
-- worker thread times 103 92 98 101 97 109 99 102 99 106 102 104 104 105 92 110 98 108 105 110 102 109 95 110 109 101 104 109 108 108 89
-- 131 <79
-- worker thread times 96 117 98 95 85 116 116 112 117 117 118 113 117 124 117 104 116 124 111 111 113 125 125 107 92 106 107 89 98 127 116
-- 148 <78
-- worker thread times 115 115 114 115 108 116 115 115 110 114 115 115 114 113 113 112 112 114 114 115 115 116 113 114 116 114 115 114 115 100 113
-- 136 <77
-- worker thread times 122 121 114 118 115 112 116 122 115 123 110 103 113 116 123 122 113 122 113 114 122 115 102 124 123 115 121 103 116 121 116
-- 145 <76
-- worker thread times 122 111 125 120 116 109 116 112 124 117 122 124 117 117 124 123 111 107 123 97 123 110 113 115 123 116 117 107 122 115 116
-- 149 <75
-- worker thread times 129 129 129 128 128 129 129 128 128 128 122 130 129 129 129 128 128 129 129 129 128 125 127 126 128 128 128 128 118 128 125
-- 153 <74
-- worker thread times 125 136 130 137 127 135 128 129 136 128 132 129 120 135 130 135 130 125 135 127 136 136 136 122 129 131 127 121 126 136 128
-- 158 <73
-- worker thread times 131 141 123 137 142 123 140 119 128 139 132 141 131 134 124 131 122 130 138 131 122 125 140 129 139 123 123 134 139 137 138
-- 168 <72
-- worker thread times 145 138 143 136 144 138 138 144 144 143 144 144 137 145 139 142 132 145 126 143 144 142 145 132 138 136 137 138 133 143 144
-- 172 <71
-- worker thread times 138 140 143 147 141 145 147 147 145 137 146 145 145 144 145 148 143 135 147 140 148 146 146 148 144 148 145 135 146 148 146
-- 175 <70
-- worker thread times 145 149 145 129 150 141 152 153 132 150 136 149 146 144 135 133 138 152 141 143 143 152 153 152 152 133 147 142 152 145 152
-- 181 <69
-- worker thread times 144 157 149 158 157 138 160 158 149 149 160 148 137 159 148 140 157 152 156 157 151 147 157 159 158 144 150 156 157 159 159
-- 189 <68
-- worker thread times 156 151 146 156 150 152 158 157 156 158 153 158 152 158 155 158 150 150 156 155 154 156 155 151 157 157 156 146 156 140 148
-- 189 <67
-- worker thread times 156 157 158 157 154 158 137 157 150 155 149 157 157 153 159 160 158 158 152 151 151 151 139 144 151 140 156 157 159 149 152
-- 192 <66
-- worker thread times 160 159 159 152 158 149 158 158 156 157 159 158 158 158 155 158 159 153 159 160 157 160 154 148 158 161 158 152 154 159 152
-- 193 <65
-- worker thread times 164 162 150 158 156 149 151 163 164 160 162 155 156 162 155 164 156 163 162 164 162 155 165 156 162 156 154 155 158 144 162
-- 199 <64
-- worker thread times 159 168 146 160 167 148 162 167 164 168 156 169 167 157 140 159 159 164 160 160 151 166 150 161 158 158 145 167 155 165 160
-- 203 <63
-- worker thread times 163 159 165 158 165 165 165 164 165 164 165 159 166 165 164 165 160 166 164 165 164 165 165 165 165 167 164 160 165 159 165
-- 203 <62
-- worker thread times 173 174 175 175 169 176 172 170 174 176 175 174 176 174 176 169 175 175 173 175 173 174 169 175 176 176 167 170 173 162 172
-- 214 <61
-- worker thread times 179 178 166 177 170 177 178 171 174 176 172 170 179 171 178 178 166 172 178 178 177 175 170 178 172 175 177 179 179 174 176
-- 219 <60
-- worker thread times 183 179 190 181 181 181 182 188 190 180 167 189 182 171 188 189 181 180 182 171 188 190 185 180 178 173 187 182 189 190 183
-- 229 <59
-- worker thread times 187 184 191 186 184 176 178 179 183 185 179 192 183 179 192 192 183 192 194 182 175 191 191 178 180 183 184 181 169 192 192
-- 235 <58
-- worker thread times 188 189 186 188 173 187 185 191 189 187 187 187 179 188 189 186 188 185 177 187 188 189 190 186 179 187 188 188 188 189 188
-- 232 <57
-- worker thread times 207 204 207 214 203 200 198 198 211 204 205 205 213 203 200 198 212 211 203 204 202 213 195 212 204 202 200 212 188 210 213
-- 254 <56
-- worker thread times 193 193 194 196 195 194 194 172 197 194 195 193 195 194 194 194 195 195 196 189 195 194 194 194 195 195 194 195 192 195 196
-- 240 <55
-- worker thread times 204 204 203 200 203 201 203 204 204 204 203 204 204 204 202 202 203 203 202 203 203 204 203 203 204 195 204 204 204 198 204
-- 249 <54
-- worker thread times 210 202 211 201 208 210 205 208 203 202 207 208 202 208 206 200 208 208 208 210 203 209 210 210 209 206 208 208 205 209 186
-- 253 <53
-- worker thread times 222 222 222 215 221 200 221 218 216 216 216 220 221 197 213 219 221 223 222 220 222 221 221 221 223 222 213 202 220 220 215
-- 266 <52
-- worker thread times 211 215 215 216 215 210 215 215 215 213 213 214 207 217 213 214 208 215 214 198 215 214 194 216 213 214 214 209 214 218 209
-- 263 <51
-- worker thread times 210 213 212 220 221 211 218 218 219 217 212 211 220 209 220 213 211 213 212 221 204 204 214 213 219 210 218 220 218 212 208
-- 269 <50
-- worker thread times 215 222 206 214 220 222 219 223 220 224 220 220 222 222 214 200 214 214 214 219 221 222 224 223 223 223 216 224 221 220 222
-- 273 <49
-- worker thread times 197 215 221 221 222 219 216 216 213 214 213 221 219 209 206 221 219 222 212 198 221 220 221 203 218 221 217 212 217 220 220
-- 274 <48
-- worker thread times 212 222 227 228 222 222 214 227 225 228 228 223 229 231 227 230 221 227 229 228 230 230 227 226 230 220 228 226 224 228 220
-- 281 <47
-- worker thread times 229 229 227 228 230 225 228 232 231 231 219 233 228 230 231 229 219 231 226 229 231 224 230 218 227 227 230 215 229 228 233
-- 284 <46
-- worker thread times 237 236 227 229 231 230 234 234 237 232 234 235 231 210 227 233 236 236 216 235 238 223 223 229 229 228 226 228 235 235 229
-- 291 <45
-- worker thread times 224 243 238 238 241 231 240 242 235 235 235 235 238 233 243 242 241 243 243 243 230 242 242 243 245 242 243 242 243 243 242
-- 299 <44
-- worker thread times 228 240 239 241 232 236 226 236 238 241 233 242 241 232 241 225 239 234 235 240 240 240 233 235 233 232 239 242 221 237 233
-- 298 <43
-- worker thread times 247 231 242 245 241 239 246 245 236 245 245 240 247 239 242 237 247 237 244 231 230 236 247 246 245 245 235 241 246 242 237
-- 303 <42
-- worker thread times 233 248 247 243 246 246 250 248 245 247 249 247 247 249 247 247 246 249 247 241 247 249 250 250 247 242 248 248 248 240 243
-- 306 <41
-- worker thread times 213 249 220 248 246 246 247 246 245 240 247 249 247 248 242 244 241 244 238 249 246 241 249 250 246 245 243 242 241 248 234
-- 311 <40
-- worker thread times 228 240 242 236 243 235 224 227 244 234 237 230 225 235 215 237 241 236 242 234 238 234 235 236 241 240 243 231 234 233 243
-- 310 <39
-- worker thread times 245 249 242 240 231 249 239 241 249 246 238 247 239 248 236 242 241 238 241 228 232 243 249 242 241 247 246 246 242 234 247
-- 317 <38
-- worker thread times 256 250 256 245 256 251 257 248 259 259 259 258 240 260 252 260 237 251 258 250 250 230 251 251 258 258 260 251 252 250 259
-- 324 <37
-- worker thread times 259 260 256 261 258 259 254 251 259 255 260 261 260 258 261 258 259 253 260 249 254 261 251 262 252 244 256 257 262 254 259
-- 325 <36
-- worker thread times 259 257 266 257 258 248 270 263 268 269 268 260 255 266 254 261 259 259 257 264 258 265 267 257 267 257 269 267 267 264 255
-- 332 <35
-- worker thread times 262 265 262 266 267 265 254 261 263 267 259 260 266 265 263 261 263 266 261 262 263 261 265 257 261 262 266 245 257 266 261
-- 333 <34
-- worker thread times 261 265 261 261 251 263 267 258 256 269 246 271 256 268 264 269 266 266 261 267 265 257 262 266 251 260 255 265 265 262 238
-- 341 <33
-- worker thread times 278 276 275 271 277 277 278 274 279 276 278 278 275 266 278 279 276 277 277 278 280 278 279 280 278 277 279 279 278 277 267
-- 347 <32
-- worker thread times 272 276 278 276 278 276 274 279 277 274 275 279 274 276 273 274 275 276 271 277 277 278 275 278 278 277 275 277 275 276 264
-- 346 <31
-- worker thread times 280 276 274 274 279 280 271 279 280 262 279 268 282 282 281 257 281 260 272 283 280 281 276 282 281 283 279 283 283 273 279
-- 354 <30
-- worker thread times 271 270 286 281 285 273 272 275 288 276 255 266 266 289 272 289 287 272 263 271 261 264 279 288 264 271 266 288 284 291 270
-- 362 <29
-- worker thread times 283 276 267 283 283 283 282 283 277 285 284 282 281 284 283 283 285 284 282 285 282 286 284 282 283 284 275 280 285 284 282
-- 356 <28
-- worker thread times 285 279 283 278 279 275 284 272 282 279 275 283 283 281 270 265 284 278 268 273 280 283 278 279 285 284 268 287 282 283 284
-- 359 <27
-- worker thread times 283 284 280 278 275 281 282 278 285 285 271 284 285 282 278 285 277 286 289 287 280 280 278 287 287 280 286 265 287 283 284
-- 364 <26
-- worker thread times 291 289 288 290 285 295 291 287 293 270 292 295 286 288 285 292 290 285 295 284 291 290 293 291 291 292 289 274 290 295 287
-- 369 <25
-- worker thread times 281 290 294 297 296 294 295 281 292 293 294 294 293 295 292 289 293 295 293 296 293 293 295 295 295 296 288 292 295 288 298
-- 373 <24
-- worker thread times 297 297 282 295 297 298 295 295 301 296 291 296 279 292 296 301 297 294 295 296 293 297 292 292 297 293 295 295 299 297 297
-- 377 <23
-- worker thread times 292 307 298 302 308 299 307 300 293 309 286 311 298 306 299 268 300 277 307 309 295 307 308 308 300 301 289 308 306 288 291
-- 388 <22
-- worker thread times 302 299 288 302 283 301 301 304 297 298 291 298 291 277 283 291 279 294 301 288 303 294 290 305 293 302 300 302 290 292 295
-- 389 <21
-- worker thread times 294 295 303 301 291 297 311 301 303 297 313 297 293 300 298 303 297 304 298 300 304 288 301 302 291 305 303 304 294 295 295
-- 398 <20
-- worker thread times 303 314 310 310 302 315 314 313 314 315 313 305 306 296 315 316 300 308 309 302 298 316 312 316 313 314 314 308 307 311 315
-- 401 <19
-- worker thread times 312 316 310 306 314 306 315 313 310 311 318 316 321 313 320 317 316 314 320 317 312 302 319 317 315 320 314 317 309 315 296
-- 404 <18
-- worker thread times 316 321 321 322 321 318 319 320 320 321 319 322 315 322 320 320 321 320 305 320 326 312 323 316 320 319 320 303 320 312 311
-- 408 <17
-- worker thread times 303 319 314 319 293 302 309 309 305 311 322 320 319 319 310 311 319 294 303 310 322 322 318 314 317 298 321 311 314 317 304
-- 413 <16
-- worker thread times 312 306 320 318 322 309 315 306 303 312 318 310 313 317 310 318 318 298 311 315 310 312 319 313 315 315 312 318 313 317 313
-- 410 <15
-- worker thread times 321 320 313 313 316 323 321 312 319 312 322 318 321 315 312 324 315 323 322 315 319 323 307 315 323 323 314 321 310 321 320
-- 414 <14
-- worker thread times 323 322 317 318 323 320 313 320 314 306 324 312 322 295 322 315 321 324 315 313 322 319 325 320 321 319 321 320 318 319 323
-- 415 <13
-- worker thread times 313 317 322 328 328 327 326 328 321 328 320 320 328 290 326 328 322 328 328 320 325 327 326 322 321 320 320 323 320 329 328
-- 423 <12
-- worker thread times 324 330 325 323 330 324 333 314 323 326 320 312 330 326 332 330 323 330 323 325 327 324 334 320 332 329 322 326 326 322 320
-- 433 <11
-- worker thread times 338 335 335 336 335 335 335 331 335 332 335 333 333 322 336 335 331 335 333 328 333 330 337 332 335 335 334 333 326 332 336
-- 434 <10
-- worker thread times 332 329 339 332 333 340 334 343 336 340 337 343 343 331 342 345 326 333 333 324 344 337 336 333 339 341 343 342 331 334 333
-- 440 <9
-- worker thread times 324 329 331 322 336 324 309 311 337 333 330 327 327 333 333 333 333 334 325 322 336 330 316 327 323 327 317 335 329 308 327
-- 445 <8
-- worker thread times 332 332 336 331 336 334 337 332 332 337 334 336 340 338 335 333 335 335 334 336 334 334 337 335 337 335 336 309 336 339 337
-- 438 <7
-- worker thread times 342 335 336 342 347 343 343 325 344 339 343 326 342 336 338 341 343 343 342 341 339 340 339 342 331 338 344 339 340 340 341
-- 446 <6
-- worker thread times 334 338 340 343 345 338 338 343 338 338 343 342 341 345 342 328 342 341 340 330 345 343 345 342 346 344 345 343 343 346 345
-- 447 <5
-- worker thread times 71170 71157 71164 71168 71162 71150 71166 71158 71157 71161 71156 71162 71157 71159 71165 71158 71161 71161 71157 71159 71168 71168 71167 71164 71156 71160 71161 71163 71169 71160 71168
-- 71257 <4
-- worker thread times 4632 4641 4636 4640 4637 4636 4640 4639 4636 4639 4642 4633 4642 4639 4641 4642 4637 4639 4639 4642 4644 4639 4643 4640 4642 4644 4637 4638 4641 4640 4639
-- 4669 <3
false 5251770 aborted

100024 19 39 31 42 43 71 56 61 64 70 75 80 88 92 93 98 104 111 122 118 126 131 148 136 145 149 153 158 168 172 175 181 189 189 192 193 199 203 203 214 219 229 235 232 254 240 249 253 266 263 269 273 274 281 284 291 299 298 303 306 311 310 317 324 325 332 333 341 347 346 354 362 356 359 364 369 373 377 388 389 398 401 404 408 413 410 414 415 423 433 434 440 445 438 446 447 71257 4669
FAIL0=19 FAIL1=39 FAIL10=75 FAIL11=80 FAIL12=88 FAIL13=92 FAIL14=93 FAIL15=98 FAIL16=104 FAIL17=111 FAIL18=122 FAIL19=118 FAIL2=31 FAIL20=126 FAIL21=131 FAIL22=148 FAIL23=136 FAIL24=145 FAIL25=149 FAIL26=153 FAIL27=158 FAIL28=168 FAIL29=172 FAIL3=42 FAIL30=175 FAIL31=181 FAIL32=189 FAIL33=189 FAIL34=192 FAIL35=193 FAIL36=199 FAIL37=203 FAIL38=203 FAIL39=214 FAIL4=43 FAIL40=219 FAIL41=229 FAIL42=235 FAIL43=232 FAIL44=254 FAIL45=240 FAIL46=249 FAIL47=253 FAIL48=266 FAIL49=263 FAIL5=71 FAIL50=269 FAIL51=273 FAIL52=274 FAIL53=281 FAIL54=284 FAIL55=291 FAIL56=299 FAIL57=298 FAIL58=303 FAIL59=306 FAIL6=56 FAIL60=311 FAIL61=310 FAIL62=317 FAIL63=324 FAIL64=325 FAIL65=332 FAIL66=333 FAIL67=341 FAIL68=347 FAIL69=346 FAIL7=61 FAIL70=354 FAIL71=362 FAIL72=356 FAIL73=359 FAIL74=364 FAIL75=369 FAIL76=373 FAIL77=377 FAIL78=388 FAIL79=389 FAIL8=64 FAIL80=398 FAIL81=401 FAIL82=404 FAIL83=408 FAIL84=413 FAIL85=410 FAIL86=414 FAIL87=415 FAIL88=423 FAIL89=433 FAIL9=70 FAIL90=434 FAIL91=440 FAIL92=445 FAIL93=438 FAIL94=446 FAIL95=447 FAIL96=71257 FAIL97=4669 
