-- worker thread times 0 1 1 0 0 0 0 0 0 1 1 0 1 1 0 0 0 1 0 1 0 1 0 1 1 1 1 0 0 1 0
-- 6 <120
-- worker thread times 9 11 11 6 10 11 8 6 11 10 10 11 11 0 11 7 8 7 10 11 10 9 10 10 9 7 8 10 10 10 8
-- 17 <119
-- worker thread times 49 48 47 48 48 43 49 48 47 46 49 45 48 46 47 46 46 44 49 45 43 46 44 47 47 46 33 47 44 49 50
-- 55 <118
-- worker thread times 122 117 112 116 119 116 117 119 118 120 109 119 119 117 118 119 115 115 115 118 118 118 118 119 118 120 119 117 112 117 116
-- 126 <117
-- worker thread times 291 286 294 286 288 292 291 289 289 286 286 289 294 295 290 287 293 294 292 292 288 290 291 285 288 290 297 292 290 291 295
-- 301 <116
-- worker thread times 423 420 425 424 422 420 427 427 420 424 425 424 419 422 422 420 429 425 424 426 429 423 425 429 427 428 424 423 426 431 432
-- 436 <115
-- worker thread times 1127 1114 1117 1117 1118 1121 1122 1122 1114 1120 1125 1117 1119 1114 1116 1121 1119 1115 1114 1122 1119 1116 1117 1119 1117 1121 1115 1122 1123 1119 1122
-- 1132 <114
-- worker thread times 3437 3425 3422 3421 3424 3426 3429 3425 3425 3427 3425 3431 3422 3430 3435 3432 3426 3425 3412 3421 3428 3422 3420 3426 3431 3429 3430 3425 3405 3424 3424
-- 3442 <113
-- worker thread times 12287 12285 12284 12295 12291 12273 12288 12288 12289 12280 12285 12276 12284 12285 12283 12292 12292 12286 12285 12272 12279 12282 12284 12288 12284 12288 12297 12282 12286 12284 12289
-- 12302 <112
-- worker thread times 31149 31152 31155 31156 31144 31140 31156 31156 31154 31152 31151 31142 31153 31142 31146 31149 31132 31144 31155 31155 31161 31153 31143 31154 31150 31138 31156 31145 31146 31156 31158
-- 31170 <111
-- worker thread times 51006 51005 51005 51002 51004 51004 50988 51002 51005 51003 51004 51004 51002 51003 51003 51004 51003 50994 51004 51004 51004 51002 51003 51004 51003 51003 51004 51004 51002 51004 51003
-- 51010 <110
false 3819181 aborted

100002 6 17 55 126 301 436 1132 3442 12302 31170 51010
FAIL0=6 FAIL1=17 FAIL10=51010 FAIL2=55 FAIL3=126 FAIL4=301 FAIL5=436 FAIL6=1132 FAIL7=3442 FAIL8=12302 FAIL9=31170 
