-- worker thread times 26 25 26 23 13 25 9 4 25 24 24 24 24 13 15 24 25 26 13 23 13 14 26 24 24 12 13 13 26 12 27
-- 33 <121
-- worker thread times 40 30 33 38 36 40 38 15 33 38 26 26 39 33 27 40 27 7 39 41 40 39 34 40 39 22 23 27 26 7 41
-- 50 <120
-- worker thread times 61 34 59 48 22 58 42 62 44 37 30 41 60 29 61 59 62 36 60 43 34 59 59 62 59 62 61 35 36 32 38
-- 72 <119
-- worker thread times 70 52 64 64 64 53 65 59 60 64 64 65 61 59 61 65 68 63 64 52 65 59 59 51 64 46 64 62 58 47 57
-- 79 <118
-- worker thread times 73 67 83 66 77 83 82 92 69 66 72 86 74 66 70 86 83 67 85 67 82 70 84 83 83 58 67 66 62 68 90
-- 102 <117
-- worker thread times 102 94 90 81 107 103 96 94 77 98 85 96 107 85 96 81 85 96 84 96 95 94 82 96 96 96 97 85 97 97 79
-- 117 <116
-- worker thread times 116 110 108 118 109 113 107 110 110 109 107 110 114 114 108 110 122 111 111 111 109 108 119 111 110 111 119 108 120 110 111
-- 134 <115
-- worker thread times 141 134 130 132 129 131 130 118 132 131 128 122 121 148 122 136 131 132 123 120 131 111 130 132 102 142 128 129 108 136 135
-- 158 <114
-- worker thread times 143 166 132 143 166 144 143 144 132 146 146 159 133 133 133 159 139 138 148 145 127 144 157 144 138 158 163 134 136 127 152
-- 179 <113
-- worker thread times 161 161 180 173 156 184 162 162 160 150 166 187 163 181 168 166 166 162 185 156 167 183 161 163 164 166 166 166 165 166 184
-- 203 <112
-- worker thread times 186 172 184 207 190 209 175 206 185 176 182 198 181 179 172 200 204 183 185 182 182 183 183 183 183 182 200 177 210 180 186
-- 227 <111
-- worker thread times 206 205 211 231 233 232 202 208 203 205 205 201 234 200 184 209 198 201 205 205 204 203 234 199 201 204 194 210 233 203 209
-- 255 <110
-- worker thread times 262 230 220 222 247 240 247 232 261 220 257 220 233 222 233 234 256 233 208 226 219 235 223 230 233 218 258 228 255 230 266
-- 287 <109
-- worker thread times 263 290 260 259 287 260 263 257 266 256 258 255 256 280 253 256 261 275 256 288 262 271 257 268 286 240 283 275 257 263 260
-- 315 <108
-- worker thread times 323 285 284 309 314 294 297 294 300 286 295 326 296 319 319 317 294 316 293 288 290 297 294 287 292 301 301 285 299 323 320
-- 350 <107
-- worker thread times 314 329 336 352 343 349 334 332 325 323 326 326 350 306 342 349 314 335 352 343 363 319 355 321 340 332 333 327 329 330 318
-- 384 <106
-- worker thread times 354 350 377 354 382 369 387 381 367 364 351 355 389 364 384 354 371 370 362 360 385 361 356 360 363 362 355 362 383 358 395
-- 418 <105
-- worker thread times 400 394 419 412 400 389 420 388 403 394 417 398 402 411 418 392 389 397 394 411 382 389 417 417 414 422 397 389 411 416 424
-- 454 <104
-- worker thread times 425 425 417 423 409 419 414 420 421 449 445 439 438 453 418 418 450 421 442 428 427 438 442 454 447 442 426 411 450 438 424
-- 491 <103
-- worker thread times 487 499 455 454 438 449 433 472 440 457 453 465 452 471 480 480 469 458 482 444 486 441 450 498 441 482 434 444 478 453 485
-- 525 <102
-- worker thread times 494 504 520 487 512 469 474 506 481 485 480 485 511 486 520 526 487 465 485 512 502 489 530 512 531 517 529 495 487 488 517
-- 565 <101
-- worker thread times 563 516 534 518 561 504 543 558 504 515 536 514 538 566 565 523 562 555 574 559 517 556 516 517 537 510 556 516 513 547 522
-- 606 <100
-- worker thread times 528 533 579 579 591 534 531 532 526 533 585 594 580 553 531 533 528 555 602 594 574 585 546 613 537 530 559 583 593 532 571
-- 643 <99
-- worker thread times 548 598 552 613 568 566 595 617 562 580 610 628 565 549 526 618 565 607 608 638 587 574 625 550 566 615 626 622 564 560 641
-- 688 <98
-- worker thread times 630 691 663 709 627 623 627 696 688 689 627 631 695 695 663 626 651 632 627 609 690 625 658 663 692 601 631 673 676 644 692
-- 756 <97
-- worker thread times 678 730 695 732 699 726 727 680 726 721 668 711 707 711 729 731 695 654 672 649 726 663 667 703 665 689 663 673 723 711 704
-- 800 <96
-- worker thread times 746 676 703 674 750 742 730 749 723 734 698 679 702 743 675 738 674 673 695 656 662 745 691 745 750 704 715 733 657 679 710
-- 817 <95
-- worker thread times 784 747 753 746 748 785 739 813 723 817 832 812 821 781 757 836 775 748 815 811 820 741 815 746 802 769 817 737 780 796 750
-- 885 <94
-- worker thread times 868 820 890 791 812 859 846 861 865 785 838 793 884 833 854 827 832 804 865 783 798 889 823 800 792 789 791 764 849 826 809
-- 935 <93
-- worker thread times 913 842 908 878 907 837 868 891 838 835 841 884 865 864 896 874 875 926 904 881 833 911 909 854 869 907 879 902 904 884 836
-- 989 <92
-- worker thread times 971 982 893 932 950 877 936 876 925 968 939 894 927 942 894 940 959 875 964 968 998 874 927 1011 904 915 890 968 926 937 913
-- 1056 <91
-- worker thread times 1049 1050 965 1054 1013 947 1055 952 964 964 958 1041 1027 999 955 963 971 1077 999 991 1048 1032 1006 1035 1043 996 1013 1016 1030 1058 1050
-- 1133 <90
-- worker thread times 1094 1133 1043 1110 1051 1123 1161 1145 1071 1050 1111 1116 1125 1120 1074 1123 1073 1107 1080 1112 1056 1135 1062 1048 1159 1058 1061 1164 1105 1145 1071
-- 1221 <89
-- worker thread times 1226 1245 1211 1163 1232 1168 1147 1183 1249 1174 1201 1172 1200 1237 1154 1161 1195 1181 1232 1174 1156 1231 1223 1251 1217 1229 1204 1258 1200 1207 1247
-- 1326 <88
-- worker thread times 1299 1350 1364 1350 1302 1323 1367 1341 1340 1282 1247 1388 1263 1304 1355 1273 1352 1314 1397 1347 1289 1286 1331 1357 1373 1342 1297 1264 1315 1339 1355
-- 1455 <87
-- worker thread times 1351 1344 1414 1310 1414 1433 1431 1339 1368 1412 1313 1423 1304 1398 1437 1353 1440 1378 1313 1399 1426 1386 1373 1372 1377 1419 1413 1405 1346 1369 1420
-- 1528 <86
-- worker thread times 1453 1463 1505 1539 1401 1467 1506 1388 1440 1492 1495 1480 1555 1464 1490 1443 1402 1476 1384 1513 1380 1486 1519 1508 1516 1491 1469 1444 1520 1426 1535
-- 1622 <85
-- worker thread times 1638 1654 1576 1712 1548 1613 1678 1577 1574 1576 1735 1616 1584 1729 1675 1619 1660 1667 1625 1735 1723 1702 1661 1660 1673 1645 1596 1649 1611 1670 1615
-- 1805 <84
-- worker thread times 1852 1906 1933 1876 1876 1903 1843 1898 1864 1918 1881 1924 1896 1852 1915 1961 1906 1888 1846 1946 1969 1862 1847 1893 1865 1915 1911 1932 1945 1816 1877
-- 2032 <83
-- worker thread times 2180 2161 2165 2186 2223 2155 2176 2086 2206 2146 2144 2144 2182 2188 2220 2191 2151 2162 2159 2143 2188 2189 2168 2186 2207 2228 2121 2193 2207 2095 2094
-- 2306 <82
-- worker thread times 2586 2527 2459 2490 2457 2532 2527 2570 2547 2526 2490 2472 2435 2564 2525 2500 2489 2467 2499 2523 2448 2516 2528 2482 2552 2549 2516 2507 2517 2514 2524
-- 2648 <81
-- worker thread times 3161 3170 3137 3154 3213 3094 3192 3091 3144 3155 3114 3100 3131 3175 3177 3094 3142 3117 3142 3133 3147 3078 3131 3128 3138 3147 3149 3147 3114 3137 3145
-- 3280 <80
-- worker thread times 3950 3927 3941 3920 3848 3898 3878 3936 3968 3879 3930 3943 3932 3893 3904 3932 3929 3904 3903 3871 3878 3906 3921 3873 3934 3869 3934 3837 3901 3904 3924
-- 4037 <79
-- worker thread times 4832 4860 4830 4844 4783 4867 4859 4835 4845 4884 4820 4827 4864 4863 4854 4855 4860 4828 4834 4839 4836 4848 4827 4854 4834 4857 4830 4844 4839 4894 4875
-- 4953 <78
-- worker thread times 5865 5818 5870 5848 5840 5834 5862 5814 5830 5841 5812 5858 5885 5852 5866 5840 5889 5856 5832 5883 5838 5815 5888 5862 5859 5848 5867 5847 5793 5887 5826
-- 5953 <77
-- worker thread times 7165 7188 7151 7174 7150 7204 7196 7142 7167 7198 7153 7157 7146 7158 7198 7163 7189 7146 7139 7162 7147 7176 7166 7162 7162 7175 7195 7138 7168 7168 7189
-- 7267 <76
-- worker thread times 8697 8687 8674 8716 8694 8702 8708 8671 8706 8705 8690 8702 8681 8690 8697 8706 8697 8700 8690 8703 8710 8661 8694 8663 8737 8683 8666 8715 8725 8710 8671
-- 8790 <75
-- worker thread times 10473 10443 10461 10463 10470 10452 10469 10459 10448 10443 10453 10476 10444 10468 10423 10447 10480 10475 10410 10453 10448 10464 10468 10459 10469 10429 10436 10449 10487 10461 10476
-- 10550 <74
-- worker thread times 12932 12922 12943 12970 12950 12950 12932 12922 12941 12951 12953 12964 12938 12955 12927 12925 12928 12966 12956 12942 12970 12950 12929 12960 12960 12927 12963 12936 12960 12943 12968
-- 13046 <73
-- worker thread times 11381 11369 11365 11378 11369 11353 11385 11371 11363 11370 11378 11382 11367 11381 11374 11391 11385 11350 11348 11364 11386 11379 11373 11370 11389 11369 11374 11384 11380 11358 11388
-- 11418 <72
false 1055885 aborted

100017 33 50 72 79 102 117 134 158 179 203 227 255 287 315 350 384 418 454 491 525 565 606 643 688 756 800 817 885 935 989 1056 1133 1221 1326 1455 1528 1622 1805 2032 2306 2648 3280 4037 4953 5953 7267 8790 10550 13046 11418
FAIL0=33 FAIL1=50 FAIL10=227 FAIL11=255 FAIL12=287 FAIL13=315 FAIL14=350 FAIL15=384 FAIL16=418 FAIL17=454 FAIL18=491 FAIL19=525 FAIL2=72 FAIL20=565 FAIL21=606 FAIL22=643 FAIL23=688 FAIL24=756 FAIL25=800 FAIL26=817 FAIL27=885 FAIL28=935 FAIL29=989 FAIL3=79 FAIL30=1056 FAIL31=1133 FAIL32=1221 FAIL33=1326 FAIL34=1455 FAIL35=1528 FAIL36=1622 FAIL37=1805 FAIL38=2032 FAIL39=2306 FAIL4=102 FAIL40=2648 FAIL41=3280 FAIL42=4037 FAIL43=4953 FAIL44=5953 FAIL45=7267 FAIL46=8790 FAIL47=10550 FAIL48=13046 FAIL49=11418 FAIL5=117 FAIL6=134 FAIL7=158 FAIL8=179 FAIL9=203 
