-- worker thread times 16 16 12 17 16 16 17 16 17 16 16 16 17 16 16 15 9 17 16 17 15 17 16 17 16 1 16 15 9 17 15
-- 23 <128
-- worker thread times 19 30 29 29 20 10 28 20 18 8 29 19 19 29 8 0 19 29 29 25 29 30 19 14 29 19 8 20 7 19 8
-- 37 <127
-- worker thread times 30 31 34 34 25 30 34 21 26 22 34 34 17 25 30 34 26 30 35 31 35 25 35 28 31 30 34 35 30 31 10
-- 43 <126
-- worker thread times 25 40 40 38 40 40 37 30 32 42 40 30 40 37 34 41 33 40 32 40 39 40 32 40 41 40 40 40 38 41 40
-- 51 <125
-- worker thread times 46 46 45 46 47 46 38 46 46 46 46 46 46 39 46 46 45 46 46 46 46 45 45 46 47 47 32 46 46 46 45
-- 56 <124
-- worker thread times 57 35 47 56 56 47 47 46 45 38 39 56 46 47 47 47 57 56 48 46 46 46 56 56 47 46 46 57 45 56 56
-- 68 <123
-- worker thread times 644 653 652 651 652 653 653 653 653 652 651 652 653 651 651 651 651 651 652 652 651 651 652 652 652 651 652 652 651 653 652
-- 663 <122
-- worker thread times 6547 6558 6557 6544 6550 6543 6556 6545 6546 6554 6545 6555 6555 6547 6541 6555 6557 6554 6553 6553 6557 6556 6557 6543 6555 6554 6543 6555 6557 6557 6545
-- 6568 <121
-- worker thread times 63193 63190 63193 63190 63186 63185 63193 63184 63185 63185 63190 63186 63192 63188 63191 63186 63190 63190 63187 63193 63193 63189 63184 63186 63190 63188 63186 63187 63187 63190 63190
-- 63204 <120
-- worker thread times 29273 29272 29273 29271 29273 29271 29274 29270 29273 29272 29272 29274 29271 29274 29273 29274 29271 29272 29273 29272 29270 29273 29264 29273 29271 29270 29264 29272 29274 29274 29274
-- 29281 <119
false 5056490 aborted

100003 23 37 43 51 56 68 663 6568 63204 29281
FAIL0=23 FAIL1=37 FAIL2=43 FAIL3=51 FAIL4=56 FAIL5=68 FAIL6=663 FAIL7=6568 FAIL8=63204 FAIL9=29281 
