-- worker thread times 16 11 12 13 13 6 11 14 9 13 14 12 11 8 9 14 11 5 15 6 14 15 12 10 11 11 15 14 13 10 7
-- 21 <128
-- worker thread times 61 66 61 41 49 58 60 63 67 67 66 47 67 58 61 61 68 57 60 61 61 37 63 67 65 69 64 59 47 63 61
-- 75 <127
-- worker thread times 177 174 177 178 178 180 173 178 178 179 180 180 177 177 175 175 174 166 176 179 162 173 178 173 178 177 180 177 177 177 182
-- 187 <126
-- worker thread times 344 342 343 344 341 342 343 335 342 343 339 339 346 344 340 341 342 340 337 342 340 343 344 337 339 344 340 338 342 344 344
-- 353 <125
-- worker thread times 902 906 903 905 904 907 906 899 902 903 902 905 896 903 899 898 906 895 896 900 900 900 903 906 902 904 906 890 892 907 911
-- 915 <124
-- worker thread times 2237 2244 2230 2233 2229 2236 2236 2238 2235 2232 2238 2234 2238 2240 2224 2235 2233 2232 2230 2237 2238 2235 2236 2229 2238 2240 2238 2235 2236 2234 2231
-- 2249 <123
-- worker thread times 5204 5192 5197 5196 5202 5195 5196 5195 5188 5197 5196 5191 5198 5194 5190 5200 5195 5200 5174 5194 5188 5193 5198 5192 5197 5190 5191 5196 5196 5198 5198
-- 5209 <122
-- worker thread times 11683 11678 11685 11686 11684 11680 11690 11686 11684 11685 11680 11684 11688 11679 11687 11684 11687 11686 11684 11683 11683 11687 11680 11690 11685 11680 11683 11691 11683 11681 11698
-- 11704 <121
-- worker thread times 34051 34047 34044 34041 34044 34048 34046 34044 34043 34054 34041 34041 34045 34045 34038 34049 34047 34051 34045 34043 34041 34044 34042 34052 34051 34052 34046 34046 34040 34050 34049
-- 34065 <120
-- worker thread times 45208 45209 45205 45207 45211 45209 45210 45211 45205 45206 45210 45212 45212 45206 45211 45209 45208 45207 45212 45210 45209 45210 45212 45210 45211 45208 45205 45204 45205 45212 45213
-- 45219 <119
false 4593451 aborted

100003 21 75 187 353 915 2249 5209 11704 34065 45219
FAIL0=21 FAIL1=75 FAIL2=187 FAIL3=353 FAIL4=915 FAIL5=2249 FAIL6=5209 FAIL7=11704 FAIL8=34065 FAIL9=45219 
