-- worker thread times 1 0 1 1 1 0 1 0 0 0 2 1 0 1 1 1 1 1 0 2 1 0 0 1 1 1 1 0 1 0 1
-- 6 <128
-- worker thread times 1 0 1 1 1 1 3 1 1 1 1 0 3 2 1 0 1 1 0 1 1 1 3 1 0 1 3 0 2 1 2
-- 7 <127
-- worker thread times 1 1 3 1 1 1 0 2 3 4 4 1 1 1 2 1 1 2 1 1 2 2 2 2 1 1 1 1 3 2 4
-- 9 <126
-- worker thread times 2 1 2 6 2 0 3 5 1 6 2 6 2 0 3 6 3 1 3 6 2 1 5 2 1 1 2 1 5 0 6
-- 10 <125
-- worker thread times 6 9 7 7 1 1 1 3 1 2 5 4 1 7 8 3 1 4 0 8 1 6 5 1 2 6 3 2 4 2 5
-- 13 <124
-- worker thread times 12 10 9 0 1 1 5 10 9 3 7 4 1 9 4 1 0 7 4 5 8 8 0 5 3 5 6 8 9 8 7
-- 16 <123
-- worker thread times 2 16 5 7 11 8 1 9 2 5 11 9 12 2 14 10 13 11 4 8 9 15 9 1 13 10 10 11 16 10 16
-- 21 <122
-- worker thread times 15 21 19 23 25 23 22 19 28 22 28 22 19 30 19 18 26 28 26 24 18 28 25 30 26 28 21 26 21 26 36
-- 39 <121
-- worker thread times 26 16 17 25 21 12 15 14 13 22 22 22 14 12 20 9 14 20 11 18 10 11 10 18 16 22 4 13 22 17 3
-- 30 <120
-- worker thread times 31 23 17 14 17 19 13 6 22 15 12 26 14 19 13 13 1 19 21 25 22 22 25 18 22 26 18 19 21 23 19
-- 36 <119
-- worker thread times 26 18 31 19 28 18 22 25 29 25 26 15 20 31 31 32 25 38 21 31 24 23 21 30 16 23 23 29 19 26 39
-- 42 <118
-- worker thread times 45 22 36 26 34 31 29 15 25 39 30 29 30 16 29 34 36 39 28 31 28 34 34 17 23 36 28 24 23 30 31
-- 49 <117
-- worker thread times 47 55 38 44 54 33 37 45 34 48 45 30 47 28 45 35 27 33 42 43 34 44 48 40 42 38 46 37 24 26 38
-- 60 <116
-- worker thread times 37 65 43 54 47 37 52 55 65 51 40 37 54 41 38 37 53 45 36 51 53 53 59 48 47 59 43 49 45 50 55
-- 70 <115
-- worker thread times 53 57 60 52 59 67 66 44 60 66 63 77 45 51 71 64 62 66 64 63 62 77 54 53 61 67 50 55 47 61 52
-- 82 <114
-- worker thread times 77 78 62 83 77 73 76 92 68 71 73 79 76 67 74 65 73 81 60 71 63 66 79 77 78 93 74 55 75 82 72
-- 97 <113
-- worker thread times 95 87 78 112 107 94 99 87 91 101 90 89 94 83 101 96 88 97 97 74 94 87 70 90 91 92 84 92 105 113 97
-- 118 <112
-- worker thread times 122 131 150 121 132 132 127 134 116 121 128 138 142 128 134 129 123 138 117 114 125 122 112 133 125 120 142 125 150 128 127
-- 154 <111
-- worker thread times 234 245 237 228 237 242 246 232 223 238 227 236 217 245 233 243 238 237 233 230 231 240 236 246 231 232 235 258 260 233 239
-- 264 <110
-- worker thread times 356 340 330 333 327 338 346 334 311 331 328 330 334 339 329 339 317 330 316 335 344 342 340 327 335 326 319 337 344 356 325
-- 360 <109
-- worker thread times 740 712 715 729 725 720 698 734 722 724 723 722 731 725 703 709 724 715 717 718 725 711 741 722 712 715 725 714 719 732 726
-- 745 <108
-- worker thread times 1755 1762 1749 1756 1751 1761 1767 1757 1744 1761 1747 1759 1751 1760 1762 1764 1755 1763 1753 1756 1746 1776 1766 1757 1753 1762 1774 1755 1750 1755 1748
-- 1780 <107
-- worker thread times 4354 4337 4344 4342 4345 4349 4348 4356 4338 4344 4346 4353 4346 4337 4334 4342 4331 4346 4339 4337 4350 4350 4353 4339 4357 4333 4359 4354 4372 4347 4353
-- 4376 <106
-- worker thread times 11578 11577 11578 11569 11596 11572 11578 11579 11583 11583 11586 11567 11563 11575 11578 11565 11571 11575 11535 11576 11564 11569 11573 11572 11567 11566 11574 11568 11581 11573 11579
-- 11602 <105
-- worker thread times 36479 36475 36483 36477 36474 36473 36452 36482 36477 36465 36470 36476 36471 36468 36469 36466 36481 36461 36477 36472 36461 36481 36472 36478 36470 36469 36486 36474 36473 36497 36471
-- 36501 <104
-- worker thread times 43498 43494 43495 43495 43495 43494 43490 43492 43493 43496 43496 43495 43495 43495 43491 43495 43495 43485 43495 43496 43473 43497 43485 43490 43489 43490 43492 43495 43496 43495 43496
-- 43502 <103
false 6169279 aborted

100004 6 7 9 10 13 16 21 39 30 36 42 49 60 70 82 97 118 154 264 360 745 1780 4376 11602 36501 43502
FAIL0=6 FAIL1=7 FAIL10=42 FAIL11=49 FAIL12=60 FAIL13=70 FAIL14=82 FAIL15=97 FAIL16=118 FAIL17=154 FAIL18=264 FAIL19=360 FAIL2=9 FAIL20=745 FAIL21=1780 FAIL22=4376 FAIL23=11602 FAIL24=36501 FAIL25=43502 FAIL3=10 FAIL4=13 FAIL5=16 FAIL6=21 FAIL7=39 FAIL8=30 FAIL9=36 
