-- worker thread times 169 169 169 168 169 163 163 162 162 162 170 171 170 169 169 170 170 170 170 162 170 162 162 162 163 163 169 169 163 162 163
-- 183 <128
-- worker thread times 207 242 237 224 239 252 234 227 239 231 237 249 207 223 237 255 240 225 222 235 239 222 237 212 237 239 241 240 220 225 228
-- 272 <127
-- worker thread times 329 325 342 344 344 327 331 341 340 324 341 344 324 344 345 314 332 331 326 322 342 342 320 314 320 333 321 330 346 343 341
-- 361 <126
-- worker thread times 428 419 402 411 415 413 417 421 414 420 406 413 405 416 423 418 402 388 414 414 420 415 420 419 391 419 419 411 420 418 420
-- 441 <125
-- worker thread times 527 524 521 527 526 523 527 517 523 520 517 525 514 518 510 522 519 519 528 517 527 514 513 525 518 526 525 518 518 505 531
-- 550 <124
-- worker thread times 645 643 641 631 629 628 622 631 628 634 620 620 621 632 637 627 623 630 625 618 617 632 638 628 625 626 626 630 617 633 616
-- 663 <123
-- worker thread times 797 791 784 804 789 782 790 790 789 780 786 790 791 791 782 785 795 790 795 773 793 791 791 788 799 786 783 786 787 789 787
-- 823 <122
-- worker thread times 1058 1043 1016 1078 1068 1037 1013 1062 1064 1035 1053 1003 1034 1056 1060 1027 1068 1071 1046 1051 1017 1064 1066 1033 1063 1054 1041 1060 1064 1051 1060
-- 1096 <121
-- worker thread times 1634 1636 1646 1635 1621 1627 1628 1617 1623 1624 1620 1632 1634 1617 1617 1634 1614 1624 1639 1634 1614 1630 1638 1638 1619 1605 1635 1618 1621 1618 1617
-- 1669 <120
-- worker thread times 3092 3085 3075 3067 3073 3052 3071 3077 3079 3079 3075 3074 3073 3062 3070 3076 3072 3068 3072 3064 3075 3069 3070 3049 3071 3075 3063 3077 3070 3067 3079
-- 3107 <119
-- worker thread times 6514 6501 6482 6496 6495 6496 6493 6494 6488 6496 6494 6492 6503 6480 6503 6493 6502 6498 6497 6505 6496 6503 6496 6496 6498 6495 6494 6485 6499 6500 6506
-- 6535 <118
-- worker thread times 14390 14369 14378 14375 14376 14382 14372 14382 14377 14380 14384 14382 14371 14373 14379 14364 14378 14380 14366 14381 14382 14373 14378 14373 14375 14376 14371 14365 14370 14367 14378
-- 14416 <117
-- worker thread times 32160 32134 32141 32123 32139 32137 32135 32128 32123 32121 32143 32121 32122 32112 32113 32138 32138 32106 32108 32128 32138 32140 32099 32136 32133 32111 32131 32107 32112 32108 32127
-- 32177 <116
-- worker thread times 37647 37634 37639 37638 37635 37635 37641 37633 37640 37637 37634 37614 37626 37634 37630 37635 37634 37634 37637 37637 37635 37633 37629 37623 37635 37637 37638 37627 37625 37639 37634
-- 37668 <115
false 824305 aborted

100018 183 272 361 441 550 663 823 1096 1669 3107 6535 14416 32177 37668
FAIL0=183 FAIL1=272 FAIL10=6535 FAIL11=14416 FAIL12=32177 FAIL13=37668 FAIL2=361 FAIL3=441 FAIL4=550 FAIL5=663 FAIL6=823 FAIL7=1096 FAIL8=1669 FAIL9=3107 
