-- worker thread times 173 177 178 172 177 177 173 172 172 172 177 179 179 179 173 180 171 173 172 172 179 178 179 177 177 172 173 172 179 179 177
-- 193 <128
-- worker thread times 348 345 340 349 347 340 342 337 344 344 348 343 347 346 340 349 341 311 337 345 340 324 349 340 319 337 349 327 340 347 349
-- 361 <127
-- worker thread times 577 588 575 577 567 577 577 579 585 573 578 569 574 572 585 573 578 576 578 580 576 567 579 577 588 577 573 580 563 568 572
-- 601 <126
-- worker thread times 852 851 846 857 859 859 856 851 851 844 846 844 848 859 849 859 847 859 860 853 849 852 860 851 859 852 858 858 853 858 854
-- 876 <125
-- worker thread times 1394 1400 1395 1401 1395 1394 1399 1402 1394 1398 1400 1401 1394 1394 1394 1395 1399 1401 1394 1400 1400 1393 1393 1400 1388 1395 1401 1391 1395 1400 1393
-- 1419 <124
-- worker thread times 2700 2715 2715 2716 2713 2715 2709 2714 2722 2713 2717 2720 2716 2711 2724 2700 2719 2688 2708 2710 2718 2707 2692 2696 2720 2706 2717 2723 2724 2726 2722
-- 2744 <123
-- worker thread times 5077 5080 5075 5082 5080 5080 5053 5056 5080 5083 5076 5066 5074 5076 5075 5083 5066 5064 5084 5080 5075 5076 5075 5065 5081 5085 5076 5085 5077 5079 5077
-- 5106 <122
-- worker thread times 7787 7782 7796 7796 7797 7782 7789 7796 7796 7789 7789 7787 7796 7797 7794 7785 7796 7794 7789 7779 7788 7788 7770 7790 7780 7796 7791 7779 7794 7797 7771
-- 7821 <121
-- worker thread times 11544 11546 11536 11549 11536 11560 11534 11533 11544 11542 11555 11549 11540 11536 11540 11534 11542 11548 11540 11535 11555 11532 11547 11521 11542 11536 11542 11541 11556 11544 11550
-- 11586 <120
-- worker thread times 17094 17093 17081 17082 17090 17082 17075 17101 17098 17059 17090 17095 17081 17096 17078 17081 17082 17073 17095 17088 17081 17072 17099 17098 17103 17090 17055 17091 17100 17093 17103
-- 17128 <119
-- worker thread times 24930 24915 24932 24928 24922 24922 24923 24929 24918 24919 24925 24932 24934 24931 24931 24916 24929 24919 24908 24933 24932 24928 24935 24930 24916 24917 24904 24897 24913 24926 24925
-- 24962 <118
-- worker thread times 27114 27131 27114 27094 27116 27116 27101 27116 27124 27105 27142 27109 27125 27129 27111 27138 27148 27145 27109 27113 27114 27126 27108 27124 27107 27148 27141 27113 27114 27102 27102
-- 27169 <117
false 417888 aborted

100013 193 361 601 876 1419 2744 5106 7821 11586 17128 24962 27169
FAIL0=193 FAIL1=361 FAIL10=24962 FAIL11=27169 FAIL2=601 FAIL3=876 FAIL4=1419 FAIL5=2744 FAIL6=5106 FAIL7=7821 FAIL8=11586 FAIL9=17128 
