-- worker thread times 0 0 1 1 0 2 1 1 0 1 1 1 1 1 0 1 1 0 2 1 1 1 1 0 1 1 1 1 1 1 2
-- 6 <128
-- worker thread times 0 1 3 2 1 3 1 1 0 1 2 1 2 0 2 0 0 2 3 3 2 1 2 2 1 2 1 1 1 2 1
-- 7 <127
-- worker thread times 1 1 4 0 1 3 0 1 1 2 1 4 4 1 4 4 1 2 1 1 1 1 3 1 1 1 4 1 2 1 1
-- 9 <126
-- worker thread times 3 5 0 1 1 2 1 2 1 3 1 0 1 1 6 2 1 1 5 5 1 2 0 3 0 4 1 1 0 6 3
-- 10 <125
-- worker thread times 8 1 2 6 1 5 6 4 4 1 2 8 1 1 6 5 1 6 1 1 1 1 1 1 3 4 1 5 1 2 1
-- 13 <124
-- worker thread times 11 7 8 6 1 11 7 1 8 1 9 4 3 0 4 2 9 7 1 2 1 2 7 1 11 1 2 2 1 7 1
-- 15 <123
-- worker thread times 16 5 8 10 0 2 9 8 10 1 7 4 3 14 10 11 7 8 8 0 0 14 0 2 2 12 8 12 12 8 17
-- 21 <122
-- worker thread times 19 8 9 7 12 8 3 19 9 4 14 0 12 17 3 1 11 13 5 13 12 8 15 6 14 13 1 3 7 17 14
-- 23 <121
-- worker thread times 25 4 5 21 11 10 20 4 23 3 17 20 1 17 12 17 15 16 18 21 21 14 15 16 0 14 14 5 9 17 19
-- 29 <120
-- worker thread times 13 20 12 26 19 34 12 17 21 27 21 28 1 17 27 29 23 16 28 14 19 29 34 26 23 24 8 31 16 30 11
-- 38 <119
-- worker thread times 7 39 35 43 42 39 36 45 54 33 39 35 58 29 42 41 23 28 39 41 11 39 44 40 59 51 41 44 38 44 38
-- 63 <118
-- worker thread times 79 46 71 65 68 59 69 60 61 58 52 52 58 57 51 51 66 65 42 63 72 72 58 34 50 79 57 45 62 74 72
-- 85 <117
-- worker thread times 60 86 68 65 84 67 60 74 86 78 76 74 89 79 84 23 69 76 77 101 64 65 35 81 76 75 89 93 47 64 68
-- 105 <116
-- worker thread times 57 69 52 47 37 62 54 51 50 42 45 41 43 59 25 43 61 58 57 37 46 55 35 45 45 53 51 52 70 42 53
-- 74 <115
-- worker thread times 85 62 53 72 54 60 72 71 67 78 71 43 51 73 53 52 64 63 53 82 37 55 46 73 79 83 64 69 62 58 59
-- 89 <114
-- worker thread times 63 67 74 74 78 73 77 79 76 75 64 70 74 68 87 73 72 76 88 95 84 86 76 62 86 95 73 80 99 98 80
-- 104 <113
-- worker thread times 95 125 110 117 95 75 116 106 95 113 112 95 82 110 101 84 115 100 85 89 100 117 122 100 117 106 97 78 106 87 106
-- 131 <112
-- worker thread times 190 178 164 173 148 179 165 163 179 158 172 181 169 152 143 151 189 182 190 154 167 176 157 180 171 170 158 148 170 172 190
-- 194 <111
-- worker thread times 325 339 319 314 315 319 337 312 338 331 318 330 333 314 312 335 303 325 333 310 331 318 310 317 310 328 307 323 337 326 320
-- 343 <110
-- worker thread times 642 645 636 632 627 638 631 622 646 609 635 642 635 635 619 627 637 629 636 620 629 627 628 635 636 642 612 648 625 645 627
-- 652 <109
-- worker thread times 1284 1307 1289 1283 1299 1290 1284 1270 1296 1305 1291 1287 1296 1298 1298 1302 1283 1287 1295 1305 1294 1278 1282 1291 1288 1289 1290 1298 1289 1303 1286
-- 1310 <108
-- worker thread times 2855 2848 2839 2848 2848 2859 2862 2863 2868 2849 2850 2845 2851 2856 2860 2834 2849 2838 2857 2853 2860 2850 2850 2848 2846 2839 2850 2847 2860 2868 2840
-- 2872 <107
-- worker thread times 6929 6941 6926 6916 6913 6932 6931 6924 6915 6924 6920 6940 6905 6931 6918 6924 6925 6894 6907 6928 6916 6924 6927 6927 6917 6930 6914 6907 6934 6922 6937
-- 6944 <106
-- worker thread times 15215 15239 15224 15213 15216 15216 15222 15199 15228 15228 15219 15215 15226 15219 15226 15207 15217 15214 15208 15230 15209 15222 15217 15224 15220 15225 15214 15221 15233 15204 15211
-- 15243 <105
-- worker thread times 53194 53146 53168 53179 53164 53179 53169 53162 53178 53183 53183 53193 53183 53180 53177 53170 53181 53163 53161 53179 53171 53171 53170 53175 53184 53180 53172 53167 53170 53176 53167
-- 53198 <104
-- worker thread times 18404 18406 18403 18404 18406 18405 18404 18405 18403 18405 18406 18403 18405 18405 18405 18394 18403 18404 18405 18396 18404 18403 18398 18401 18402 18397 18403 18400 18403 18405 18405
-- 18410 <103
false 7341180 aborted

100003 6 7 9 10 13 15 21 23 29 38 63 85 105 74 89 104 131 194 343 652 1310 2872 6944 15243 53198 18410
FAIL0=6 FAIL1=7 FAIL10=63 FAIL11=85 FAIL12=105 FAIL13=74 FAIL14=89 FAIL15=104 FAIL16=131 FAIL17=194 FAIL18=343 FAIL19=652 FAIL2=9 FAIL20=1310 FAIL21=2872 FAIL22=6944 FAIL23=15243 FAIL24=53198 FAIL25=18410 FAIL3=10 FAIL4=13 FAIL5=15 FAIL6=21 FAIL7=23 FAIL8=29 FAIL9=38 
