-- worker thread times 4 2 3 2 2 4 2 4 2 2 5 5 0 2 5 2 4 3 0 0 5 0 5 0 0 4 4 4 2 4 0
-- 11 <128
-- worker thread times 2 2 4 4 4 4 4 4 4 2 2 4 4 2 4 4 5 4 2 4 4 4 4 0 4 4 4 4 4 2 4
-- 10 <127
-- worker thread times 5 5 3 5 2 5 5 5 4 3 2 5 5 5 5 5 5 5 5 5 5 5 5 5 5 3 5 5 5 5 5
-- 11 <126
-- worker thread times 5 2 5 4 6 6 6 6 6 5 6 6 5 3 6 4 6 5 6 6 6 6 6 6 7 6 6 5 6 6 6
-- 14 <125
-- worker thread times 4 2 8 6 4 8 8 9 7 6 8 5 6 7 8 8 8 8 7 6 6 6 7 6 8 6 6 10 9 7 9
-- 17 <124
-- worker thread times 4 8 8 8 8 8 8 8 8 8 8 8 7 8 8 8 8 8 6 9 8 8 1 8 7 8 9 1 8 8 8
-- 17 <123
-- worker thread times 7 7 4 2 9 9 9 7 9 9 8 9 9 2 9 9 9 9 7 9 7 9 7 9 7 9 9 9 9 9 10
-- 20 <122
-- worker thread times 5 10 10 10 10 10 10 10 8 10 10 8 10 10 8 10 10 10 10 10 10 10 10 10 10 10 10 5 10 10 10
-- 21 <121
-- worker thread times 10 12 9 12 11 12 12 9 12 12 9 12 9 12 9 12 9 12 9 7 12 8 12 12 6 4 6 12 12 9 12
-- 24 <120
-- worker thread times 10 12 12 9 12 16 12 12 12 12 13 13 13 12 12 13 12 13 12 12 9 10 12 14 12 4 13 13 12 11 12
-- 25 <119
-- worker thread times 12 12 12 14 13 12 14 14 10 14 14 9 14 14 14 12 13 14 9 12 12 12 14 12 12 14 14 5 7 9 14
-- 27 <118
-- worker thread times 16 6 16 13 16 15 10 13 15 16 14 13 16 14 8 16 8 16 14 10 16 12 13 12 14 13 14 16 16 16 16
-- 28 <117
-- worker thread times 16 14 5 17 3 19 18 18 16 16 10 15 18 20 17 18 16 16 16 15 16 19 14 7 16 13 19 16 13 17 16
-- 32 <116
-- worker thread times 10 14 16 16 16 16 16 16 14 14 16 16 16 16 16 16 12 16 17 13 16 16 16 16 16 14 16 16 16 16 16
-- 30 <115
-- worker thread times 18 17 20 10 19 16 14 17 18 23 20 17 18 16 20 14 19 18 13 16 13 16 18 19 19 17 18 18 5 23 20
-- 36 <114
-- worker thread times 16 17 17 20 17 17 15 15 18 17 17 15 13 20 12 17 19 17 17 17 12 15 14 18 17 16 18 11 19 19 20
-- 34 <113
-- worker thread times 25 26 36 22 26 31 16 25 33 26 26 36 39 25 26 26 35 28 27 28 33 26 39 39 21 32 27 35 27 25 36
-- 51 <112
-- worker thread times 35 24 25 35 14 35 25 26 32 26 25 32 23 25 25 35 26 26 34 20 25 25 26 21 25 34 26 34 35 35 34
-- 48 <111
-- worker thread times 31 43 40 31 42 40 42 40 42 40 41 43 31 31 42 43 44 44 32 42 31 43 41 44 39 42 42 35 44 31 41
-- 59 <110
-- worker thread times 254 255 252 264 260 263 260 265 263 246 263 268 272 271 262 261 264 259 263 262 266 259 264 270 264 248 266 266 261 257 247
-- 285 <109
-- worker thread times 507 515 505 507 498 508 511 499 502 512 510 508 502 514 501 498 517 499 497 493 503 506 498 503 501 503 512 491 499 514 514
-- 531 <108
-- worker thread times 1407 1391 1396 1392 1398 1374 1396 1397 1382 1413 1413 1391 1409 1388 1400 1387 1413 1397 1399 1389 1409 1412 1392 1389 1393 1391 1404 1388 1406 1395 1388
-- 1427 <107
-- worker thread times 6754 6763 6733 6750 6755 6760 6745 6755 6748 6747 6744 6759 6744 6754 6762 6764 6756 6759 6754 6753 6736 6733 6758 6740 6762 6743 6766 6750 6727 6749 6756
-- 6780 <106
-- worker thread times 43304 43298 43315 43311 43290 43292 43313 43280 43271 43299 43306 43294 43279 43293 43308 43319 43303 43285 43300 43299 43300 43310 43308 43303 43308 43303 43320 43308 43299 43304 43320
-- 43332 <105
-- worker thread times 47109 47106 47107 47109 47108 47109 47108 47108 47108 47109 47108 47109 47109 47105 47109 47108 47109 47109 47109 47109 47108 47110 47110 47108 47108 47109 47107 47109 47109 47108 47107
-- 47116 <104
false 4407536 aborted

100004 11 10 11 14 17 17 20 21 24 25 27 28 32 30 36 34 51 48 59 285 531 1427 6780 43332 47116
FAIL0=11 FAIL1=10 FAIL10=27 FAIL11=28 FAIL12=32 FAIL13=30 FAIL14=36 FAIL15=34 FAIL16=51 FAIL17=48 FAIL18=59 FAIL19=285 FAIL2=11 FAIL20=531 FAIL21=1427 FAIL22=6780 FAIL23=43332 FAIL24=47116 FAIL3=14 FAIL4=17 FAIL5=17 FAIL6=20 FAIL7=21 FAIL8=24 FAIL9=25 
