-- worker thread times 2 6 5 5 3 5 5 5 5 5 2 5 5 5 5 5 2 2 5 2 5 2 5 5 0 5 5 2 5 5 2
-- 12 <128
-- worker thread times 5 6 5 6 6 3 6 6 7 7 8 7 7 7 7 6 7 7 7 7 6 6 7 6 6 5 7 6 7 7 6
-- 15 <127
-- worker thread times 7 9 8 12 9 9 12 13 12 8 8 13 6 10 9 3 5 9 13 9 11 8 13 3 13 9 9 9 7 10 9
-- 21 <126
-- worker thread times 10 12 10 8 10 3 10 13 12 13 12 13 13 13 12 12 8 10 10 13 13 10 13 13 13 13 9 10 9 4 10
-- 23 <125
-- worker thread times 13 16 17 13 10 6 17 16 13 12 16 17 17 17 11 17 14 17 16 13 4 4 10 17 17 16 17 18 14 11 17
-- 25 <124
-- worker thread times 11 23 4 23 18 19 20 15 15 19 23 2 2 13 15 23 11 19 23 15 6 18 23 14 23 19 14 23 15 11 19
-- 32 <123
-- worker thread times 18 22 20 18 22 22 22 20 18 18 18 22 18 22 23 20 22 22 22 18 18 22 22 8 18 18 18 22 15 13 6
-- 33 <122
-- worker thread times 25 16 27 27 9 20 28 23 16 28 20 23 15 24 23 27 24 27 24 23 13 24 15 24 23 28 28 28 17 25 23
-- 37 <121
-- worker thread times 14 21 19 21 25 26 22 24 26 25 22 23 16 22 26 25 12 25 26 22 25 25 25 22 25 25 26 22 26 26 27
-- 37 <120
-- worker thread times 27 26 27 28 24 17 25 28 27 29 24 24 16 26 24 25 27 20 20 29 26 29 28 25 23 24 14 22 28 28 15
-- 40 <119
-- worker thread times 27 30 30 26 26 31 22 21 30 30 19 25 20 26 27 29 27 25 31 27 24 29 26 32 30 29 15 30 27 19 27
-- 44 <118
-- worker thread times 30 29 31 29 28 18 32 29 33 18 28 30 32 19 29 20 32 30 22 31 29 29 29 30 31 29 28 27 26 32 30
-- 45 <117
-- worker thread times 28 29 31 36 32 37 32 34 40 28 30 32 21 32 37 33 32 31 31 32 29 29 27 33 28 23 36 29 32 33 32
-- 52 <116
-- worker thread times 34 48 41 30 44 46 40 29 41 43 41 38 41 31 40 34 32 41 40 41 41 36 41 44 32 44 41 42 32 32 38
-- 60 <115
-- worker thread times 36 34 54 55 54 38 45 43 44 41 51 45 37 42 33 43 36 46 44 54 44 42 44 39 45 45 42 41 49 42 44
-- 68 <114
-- worker thread times 56 38 51 44 61 58 34 50 38 40 52 50 44 56 54 39 46 44 56 53 59 52 43 51 49 48 39 33 51 44 50
-- 77 <113
-- worker thread times 56 59 51 58 44 51 29 51 36 49 46 54 50 54 43 48 45 51 60 52 55 48 50 59 30 52 58 52 51 58 40
-- 76 <112
-- worker thread times 65 52 57 61 56 42 45 60 44 40 52 58 53 45 60 56 60 61 51 49 64 57 51 64 66 53 55 56 42 50 51
-- 85 <111
-- worker thread times 77 73 70 60 68 60 69 45 60 59 71 61 73 68 77 70 74 60 76 65 68 58 50 56 72 68 62 49 72 65 68
-- 93 <110
-- worker thread times 93 92 104 96 93 103 90 92 108 110 108 100 109 91 101 104 90 103 111 95 105 79 96 93 105 94 98 99 93 106 111
-- 129 <109
-- worker thread times 194 194 180 178 144 176 182 174 178 178 175 185 183 181 181 160 174 182 179 168 189 183 187 176 174 193 180 179 173 161 191
-- 209 <108
-- worker thread times 342 366 359 347 335 348 361 342 366 354 349 335 348 347 339 348 365 351 335 358 345 341 365 314 362 342 353 355 363 341 348
-- 381 <107
-- worker thread times 762 758 742 749 736 744 754 760 745 743 757 751 744 751 745 730 750 749 754 749 759 746 740 756 736 741 757 754 745 759 744
-- 778 <106
-- worker thread times 1489 1489 1490 1483 1490 1489 1482 1473 1492 1496 1483 1487 1483 1494 1497 1478 1491 1486 1490 1479 1499 1486 1496 1485 1487 1480 1475 1492 1482 1497 1490
-- 1518 <105
-- worker thread times 2857 2857 2861 2846 2858 2850 2855 2864 2857 2852 2857 2855 2843 2849 2843 2850 2860 2845 2854 2853 2846 2849 2847 2856 2852 2843 2848 2857 2859 2848 2850
-- 2880 <104
-- worker thread times 5313 5303 5307 5307 5309 5306 5316 5303 5303 5307 5297 5305 5300 5303 5305 5311 5312 5306 5310 5316 5307 5301 5300 5303 5303 5307 5312 5302 5302 5313 5312
-- 5336 <103
-- worker thread times 9227 9246 9233 9227 9238 9228 9233 9239 9234 9241 9224 9233 9224 9228 9230 9235 9239 9235 9226 9239 9238 9230 9232 9222 9234 9233 9232 9238 9237 9231 9239
-- 9263 <102
-- worker thread times 15674 15677 15678 15677 15673 15674 15672 15680 15668 15683 15687 15670 15674 15676 15682 15676 15675 15674 15670 15683 15687 15680 15667 15684 15678 15680 15682 15664 15683 15687 15695
-- 15712 <101
-- worker thread times 29760 29760 29762 29755 29748 29747 29753 29749 29747 29752 29764 29757 29746 29744 29747 29753 29752 29743 29736 29753 29757 29756 29769 29745 29747 29753 29759 29754 29745 29757 29775
-- 29787 <100
-- worker thread times 33104 33107 33104 33106 33104 33107 33105 33108 33104 33105 33107 33108 33106 33104 33107 33107 33107 33106 33107 33104 33108 33108 33104 33109 33107 33108 33108 33110 33107 33107 33107
-- 33116 <99
false 3566441 aborted

100005 12 15 21 23 25 32 33 37 37 40 44 45 52 60 68 77 76 85 93 129 209 381 778 1518 2880 5336 9263 15712 29787 33116
FAIL0=12 FAIL1=15 FAIL10=44 FAIL11=45 FAIL12=52 FAIL13=60 FAIL14=68 FAIL15=77 FAIL16=76 FAIL17=85 FAIL18=93 FAIL19=129 FAIL2=21 FAIL20=209 FAIL21=381 FAIL22=778 FAIL23=1518 FAIL24=2880 FAIL25=5336 FAIL26=9263 FAIL27=15712 FAIL28=29787 FAIL29=33116 FAIL3=23 FAIL4=25 FAIL5=32 FAIL6=33 FAIL7=37 FAIL8=37 FAIL9=40 
