-- worker thread times 12 8 17 10 18 18 14 18 18 13 10 8 9 10 18 18 14 12 18 14 16 17 17 14 17 19 17 17 17 17 11
-- 24 <128
-- worker thread times 20 9 29 29 28 29 29 29 29 14 14 14 14 27 20 28 28 14 28 29 14 28 22 14 29 29 29 29 18 14 5
-- 37 <127
-- worker thread times 32 24 31 31 31 32 32 32 31 31 32 31 31 32 32 32 32 32 31 31 31 32 30 32 32 32 31 32 33 31 30
-- 40 <126
-- worker thread times 40 40 40 39 39 38 38 40 40 40 40 40 38 38 41 41 38 40 34 38 40 40 41 39 40 40 36 39 39 24 40
-- 50 <125
-- worker thread times 49 35 52 48 50 50 32 30 50 51 41 50 51 46 42 48 15 51 50 51 49 51 49 34 34 44 52 51 51 46 39
-- 61 <124
-- worker thread times 50 55 40 53 44 59 60 53 41 60 53 49 57 51 53 59 59 44 49 40 59 60 54 60 58 59 60 55 45 60 53
-- 72 <123
-- worker thread times 56 70 59 58 71 58 70 70 71 70 70 57 71 56 70 71 70 57 56 34 70 38 58 72 50 72 50 70 51 58 48
-- 83 <122
-- worker thread times 71 71 71 70 71 72 72 66 73 70 70 71 71 70 70 64 66 64 73 70 70 51 72 71 63 72 51 66 65 73 63
-- 84 <121
-- worker thread times 80 79 77 79 79 81 78 79 79 79 73 80 71 80 80 80 76 79 78 80 65 71 78 72 59 80 73 73 77 78 78
-- 93 <120
-- worker thread times 86 85 85 87 76 85 65 85 86 85 83 86 86 85 86 86 85 76 86 86 85 85 85 86 84 84 86 86 87 88 86
-- 99 <119
-- worker thread times 95 93 93 85 94 93 94 83 94 85 94 94 92 93 93 95 90 94 94 94 82 95 94 93 94 93 95 93 94 94 92
-- 108 <118
-- worker thread times 100 88 100 92 100 100 91 100 100 91 91 101 101 100 100 93 100 100 90 101 100 99 100 93 100 98 100 100 91 92 100
-- 116 <117
-- worker thread times 88 101 110 108 99 98 101 110 100 109 110 109 109 109 91 100 106 99 108 107 110 108 110 109 109 110 101 110 100 109 110
-- 125 <116
-- worker thread times 114 114 107 115 114 114 115 115 115 115 115 107 116 112 114 115 108 114 116 114 115 115 106 112 114 115 114 115 115 114 114
-- 131 <115
-- worker thread times 123 136 101 139 124 115 137 138 123 137 135 106 137 126 137 125 135 113 123 111 136 116 90 117 98 124 96 135 139 106 125
-- 152 <114
-- worker thread times 113 127 124 126 126 127 124 124 128 128 127 127 124 127 123 127 127 124 127 128 125 125 125 125 127 126 125 125 118 124 125
-- 144 <113
-- worker thread times 134 132 133 132 133 129 133 132 132 133 131 118 123 133 133 130 130 133 124 125 125 133 131 130 133 131 124 130 134 132 124
-- 152 <112
-- worker thread times 136 118 138 131 140 139 135 137 137 137 138 139 139 136 138 139 138 134 137 130 138 128 130 137 120 139 138 140 139 137 137
-- 158 <111
-- worker thread times 137 146 135 132 145 147 140 140 148 146 147 149 146 147 147 142 149 138 148 132 140 147 145 148 136 131 147 146 146 147 149
-- 170 <110
-- worker thread times 142 136 145 142 133 142 140 142 142 141 134 143 143 126 137 136 126 142 141 142 143 143 143 140 143 128 143 133 136 141 132
-- 163 <109
-- worker thread times 154 166 138 153 166 165 152 153 164 172 174 155 172 144 173 153 155 171 154 154 145 173 154 151 154 154 156 148 152 172 165
-- 195 <108
-- worker thread times 162 153 153 146 160 154 163 156 146 164 162 164 154 155 127 163 162 165 164 162 164 154 157 144 145 164 150 162 158 163 162
-- 186 <107
-- worker thread times 169 171 170 170 171 170 171 169 170 170 170 169 163 172 169 171 170 169 169 166 171 166 166 169 170 169 169 170 167 169 170
-- 193 <106
-- worker thread times 173 173 167 173 165 174 156 175 167 175 176 176 167 176 174 155 163 176 177 177 165 176 177 160 176 167 167 146 158 169 166
-- 202 <105
-- worker thread times 1021 1026 1025 1026 1029 1028 1028 1028 1028 1026 1029 1028 1025 1028 1023 1028 1025 1027 1027 1026 1023 1028 1028 1028 1028 1027 1026 1029 1019 1026 1029
-- 1053 <104
-- worker thread times 1299 1300 1296 1289 1299 1296 1299 1299 1300 1300 1290 1297 1291 1297 1291 1291 1293 1297 1277 1297 1298 1299 1299 1284 1300 1298 1301 1298 1281 1298 1298
-- 1326 <103
-- worker thread times 2462 2465 2467 2465 2470 2445 2429 2459 2466 2467 2466 2466 2458 2454 2458 2445 2463 2464 2462 2463 2442 2446 2464 2447 2441 2467 2467 2461 2467 2462 2470
-- 2491 <102
-- worker thread times 11234 11230 11231 11234 11225 11234 11232 11224 11227 11232 11224 11226 11234 11236 11230 11218 11230 11222 11228 11234 11221 11222 11230 11237 11227 11230 11235 11227 11233 11235 11234
-- 11251 <101
-- worker thread times 24269 24269 24270 24273 24270 24268 24272 24268 24269 24271 24263 24276 24271 24270 24272 24271 24271 24265 24275 24276 24273 24275 24274 24275 24271 24274 24276 24275 24275 24271 24276
-- 24295 <100
-- worker thread times 56712 56711 56703 56703 56710 56710 56709 56703 56702 56710 56712 56699 56710 56711 56712 56702 56701 56708 56708 56711 56712 56711 56711 56711 56711 56710 56708 56702 56702 56711 56712
-- 56722 <99
false 1107199 aborted

100007 24 37 40 50 61 72 83 84 93 99 108 116 125 131 152 144 152 158 170 163 195 186 193 202 1053 1326 2491 11251 24295 56722
FAIL0=24 FAIL1=37 FAIL10=108 FAIL11=116 FAIL12=125 FAIL13=131 FAIL14=152 FAIL15=144 FAIL16=152 FAIL17=158 FAIL18=170 FAIL19=163 FAIL2=40 FAIL20=195 FAIL21=186 FAIL22=193 FAIL23=202 FAIL24=1053 FAIL25=1326 FAIL26=2491 FAIL27=11251 FAIL28=24295 FAIL29=56722 FAIL3=50 FAIL4=61 FAIL5=72 FAIL6=83 FAIL7=84 FAIL8=93 FAIL9=99 
