-- worker thread times 5 3 4 7 3 5 7 7 8 3 4 4 3 4 7 5 5 3 8 5 4 3 3 4 2 3 3 3 7 3 3
-- 13 <128
-- worker thread times 5 9 5 8 5 5 5 5 8 5 4 5 8 8 8 8 8 0 1 1 9 8 8 5 8 4 8 5 1 5 5
-- 15 <127
-- worker thread times 10 9 6 8 8 8 7 9 9 8 4 9 8 8 8 9 5 9 8 8 7 8 7 9 9 8 8 8 9 9 8
-- 15 <126
-- worker thread times 7 7 7 7 10 7 7 9 7 9 7 11 12 8 6 4 6 5 7 8 7 7 7 5 11 8 7 9 7 7 10
-- 20 <125
-- worker thread times 14 8 7 11 10 8 10 11 10 8 4 11 7 11 11 10 10 10 7 8 9 10 11 8 11 11 8 7 11 7 10
-- 20 <124
-- worker thread times 11 18 32 27 8 11 15 11 7 25 7 24 23 24 15 8 8 11 30 14 32 7 18 15 32 24 31 18 8 18 16
-- 39 <123
-- worker thread times 10 12 18 12 13 9 12 6 13 12 7 12 8 12 8 13 16 10 13 11 13 13 13 9 10 13 13 13 13 13 12
-- 23 <122
-- worker thread times 27 18 11 14 23 12 17 0 11 12 11 17 13 12 18 23 3 13 8 18 23 18 8 11 22 25 17 9 12 18 22
-- 32 <121
-- worker thread times 15 15 15 9 12 19 15 15 15 15 6 15 15 15 15 15 15 10 12 13 16 15 15 12 15 15 15 9 15 6 15
-- 27 <120
-- worker thread times 16 13 17 12 15 15 13 16 12 16 12 15 16 12 15 12 13 13 15 16 13 15 15 15 7 15 16 14 17 18 21
-- 31 <119
-- worker thread times 23 17 16 14 17 14 12 15 17 16 16 12 15 16 17 16 17 17 12 14 14 14 14 13 9 15 17 17 17 14 16
-- 32 <118
-- worker thread times 26 23 23 22 17 18 17 17 18 18 17 17 16 11 22 7 16 16 17 14 20 22 19 21 18 23 21 14 18 14 13
-- 36 <117
-- worker thread times 20 29 24 24 15 22 24 20 15 14 20 23 10 18 18 16 22 19 19 10 23 24 21 16 17 22 19 24 19 23 23
-- 38 <116
-- worker thread times 21 29 24 20 23 17 19 21 24 15 24 25 25 22 31 17 25 20 20 27 24 25 25 20 24 19 21 22 16 23 35
-- 40 <115
-- worker thread times 36 25 27 17 23 20 15 20 18 25 26 20 22 20 21 21 20 17 25 21 25 17 20 16 24 24 16 20 24 23 32
-- 42 <114
-- worker thread times 35 11 26 26 26 26 31 25 25 25 35 26 26 28 28 27 13 19 25 26 26 24 23 24 25 26 27 25 15 27 27
-- 43 <113
-- worker thread times 39 39 30 32 23 30 18 17 30 27 24 27 32 26 17 31 25 24 19 28 21 32 32 32 28 30 40 24 31 13 24
-- 48 <112
-- worker thread times 25 28 29 27 27 26 31 16 22 32 31 28 32 30 30 27 17 11 27 24 31 28 26 26 27 31 27 23 32 32 39
-- 48 <111
-- worker thread times 44 46 43 33 36 37 36 38 40 37 37 36 36 36 35 32 35 37 38 34 37 38 34 37 43 42 38 38 31 44 37
-- 51 <110
-- worker thread times 38 48 36 32 32 43 32 30 36 42 41 33 27 42 39 35 38 33 35 25 35 39 34 37 38 33 42 45 46 47 39
-- 56 <109
-- worker thread times 50 39 50 41 42 42 42 41 41 41 49 46 43 42 38 39 42 42 37 41 41 41 40 36 42 42 40 50 51 51 41
-- 57 <108
-- worker thread times 44 45 44 37 40 39 44 42 40 40 44 39 39 33 44 41 29 42 42 40 40 40 44 40 45 39 40 44 56 57 40
-- 62 <107
-- worker thread times 47 55 58 53 71 58 58 70 54 54 58 58 51 56 52 57 47 56 55 60 52 60 59 56 57 74 62 57 56 55 60
-- 79 <106
-- worker thread times 93 107 87 88 88 90 93 93 87 89 90 104 106 88 88 83 87 94 92 88 90 89 82 90 82 88 105 92 88 88 84
-- 112 <105
-- worker thread times 155 176 180 150 148 158 160 159 166 160 150 164 162 164 161 151 159 156 162 164 161 156 153 155 152 154 159 160 158 169 150
-- 185 <104
-- worker thread times 337 319 326 322 326 328 327 326 320 319 327 326 327 323 331 322 322 327 318 323 324 323 327 322 321 321 328 325 329 340 319
-- 345 <103
-- worker thread times 695 696 700 691 698 700 691 695 699 691 690 687 698 695 699 697 695 698 696 691 698 694 704 697 697 701 691 714 690 693 701
-- 720 <102
-- worker thread times 1381 1370 1372 1367 1366 1371 1364 1364 1367 1371 1364 1369 1367 1361 1373 1364 1366 1364 1370 1370 1366 1370 1366 1368 1362 1367 1366 1367 1368 1366 1368
-- 1386 <101
-- worker thread times 3222 3213 3205 3210 3212 3204 3211 3202 3198 3214 3204 3206 3201 3205 3207 3205 3215 3214 3212 3208 3210 3212 3217 3210 3210 3210 3213 3201 3209 3209 3199
-- 3232 <100
-- worker thread times 10625 10620 10602 10606 10602 10600 10601 10611 10616 10605 10607 10607 10604 10606 10604 10613 10600 10608 10607 10606 10608 10604 10609 10617 10606 10598 10609 10609 10598 10610 10606
-- 10631 <99
-- worker thread times 40402 40350 40376 40376 40345 40385 40345 40374 40370 40355 40355 40364 40378 40368 40341 40367 40393 40376 40386 40360 40363 40356 40367 40380 40356 40395 40371 40375 40398 40389 40399
-- 40408 <98
-- worker thread times 42091 42091 42092 42092 42093 42092 42092 42093 42092 42092 42092 42091 42092 42089 42093 42091 42089 42091 42090 42092 42091 42093 42091 42092 42092 42091 42091 42092 42094 42091 42091
-- 42099 <97
false 1430437 aborted

100005 13 15 15 20 20 39 23 32 27 31 32 36 38 40 42 43 48 48 51 56 57 62 79 112 185 345 720 1386 3232 10631 40408 42099
FAIL0=13 FAIL1=15 FAIL10=32 FAIL11=36 FAIL12=38 FAIL13=40 FAIL14=42 FAIL15=43 FAIL16=48 FAIL17=48 FAIL18=51 FAIL19=56 FAIL2=15 FAIL20=57 FAIL21=62 FAIL22=79 FAIL23=112 FAIL24=185 FAIL25=345 FAIL26=720 FAIL27=1386 FAIL28=3232 FAIL29=10631 FAIL3=20 FAIL30=40408 FAIL31=42099 FAIL4=20 FAIL5=39 FAIL6=23 FAIL7=32 FAIL8=27 FAIL9=31 
