-- 23 <128
-- worker thread times 15 16 16 15 16 15 6 16 16 2 15 16 16 16 16 17 18 17 16 18 17 18 18 17 15 17 18 17 19 19 17
-- 25 <127
-- worker thread times 21 17 18 20 20 20 18 20 20 18 18 20 20 18 18 19 21 17 20 21 19 0 2 2 2 17 19 4 19 10 18
-- 24 <126
-- worker thread times 18 20 7 19 20 20 20 20 18 14 20 16 16 18 18 6 3 19 16 16 17 17 17 18 18 18 19 17 17 17 18
-- 23 <125
-- worker thread times 19 17 19 17 19 14 15 19 15 17 17 4 17 16 15 13 14 18 17 13 17 17 17 7 19 10 16 17 18 17 18
-- 23 <124
-- worker thread times 19 19 19 17 15 19 17 19 2 18 18 16 15 14 17 15 8 16 18 17 15 16 16 15 16 16 15 0 19 16 18
-- 23 <123
-- worker thread times 16 10 17 18 19 19 19 19 17 19 19 17 17 17 17 15 17 5 16 18 18 15 18 18 17 15 17 19 17 17 18
-- 25 <122
-- worker thread times 19 17 19 2 4 4 2 4 20 20 20 18 18 14 16 20 20 21 10 20 21 17 19 19 19 18 16 19 16 19 19
-- 28 <121
-- worker thread times 19 19 6 2 21 15 15 18 20 18 20 5 13 18 13 18 16 16 21 7 10 14 18 20 16 17 18 18 15 20 14
-- 24 <120
-- worker thread times 14 15 17 15 17 15 15 15 15 13 16 16 16 18 16 9 18 18 0 8 14 16 16 17 19 19 17 17 17 17 17
-- worker thread times 29 27 29 26 29 27 29 29 27 28 29 17 30 27 30 27 27 20 29 27 25 27 30 29 27 28 30 30 30 21 29
-- 38 <119
-- worker thread times 43 27 42 36 39 37 39 41 39 42 39 40 29 41 40 37 40 41 41 38 36 39 40 39 41 41 41 43 41 43 40
-- 52 <118
-- worker thread times 57 54 53 54 54 54 52 52 56 54 54 53 56 55 54 55 53 53 46 55 49 44 54 53 42 54 54 40 53 54 38
-- 66 <117
-- worker thread times 71 37 39 71 68 69 35 66 55 64 46 51 66 68 66 48 39 57 68 60 50 69 53 68 66 67 57 50 46 70 71
-- 84 <116
-- worker thread times 87 85 76 63 80 67 76 66 81 79 78 85 76 77 84 82 77 73 81 78 56 73 79 80 63 82 50 81 61 71 77
-- 96 <115
-- worker thread times 96 99 95 95 80 81 74 93 97 96 98 100 99 79 97 91 76 83 96 84 77 90 76 99 81 96 76 65 78 99 99
-- 111 <114
-- worker thread times 114 113 94 88 114 112 97 96 113 112 112 110 109 113 112 113 112 99 113 110 92 111 96 112 94 112 112 93 107 93 109
-- 128 <113
-- worker thread times 135 132 113 130 126 130 119 125 109 127 126 121 131 114 130 127 124 130 127 127 129 126 128 129 127 113 109 129 130 134 137
-- 145 <112
-- worker thread times 154 145 144 142 144 150 135 149 145 143 145 145 145 140 139 138 128 142 146 145 138 141 143 138 143 140 141 143 146 143 143
-- 162 <111
-- worker thread times 139 154 166 147 156 158 155 136 163 156 160 157 158 158 153 154 158 146 140 154 140 160 155 154 158 155 156 159 157 154 155
-- 177 <110
-- worker thread times 188 184 174 172 174 185 177 176 170 175 165 176 166 184 181 164 176 177 176 177 174 174 177 175 175 175 181 177 177 164 158
-- 197 <109
-- worker thread times 206 202 202 195 192 203 191 195 193 195 200 200 193 190 194 194 196 195 192 192 192 194 193 192 190 194 193 195 189 190 191
-- 215 <108
-- worker thread times 232 213 227 226 223 225 209 222 211 218 217 192 212 204 216 218 216 218 219 219 200 216 214 201 218 203 214 201 215 215 229
-- 242 <107
-- worker thread times 259 258 258 244 243 254 254 250 245 241 244 244 244 232 244 244 246 244 229 242 243 247 247 243 249 244 250 246 253 244 242
-- 272 <106
-- worker thread times 271 271 266 266 262 248 259 260 235 255 254 254 251 252 255 254 251 255 254 254 253 254 255 253 250 253 256 256 253 255 257
-- 281 <105
-- worker thread times 302 291 278 293 293 290 287 287 282 272 283 281 285 283 284 262 259 282 283 283 279 284 282 285 281 281 286 284 286 290 293
-- 311 <104
-- worker thread times 320 332 331 327 324 318 321 321 315 315 313 301 312 312 311 311 312 312 311 311 311 312 309 311 307 311 290 312 318 321 326
-- 345 <103
-- worker thread times 408 405 405 390 401 397 398 377 384 393 394 381 375 389 374 389 373 387 388 377 388 384 379 385 383 362 380 383 368 363 382
-- 420 <102
-- worker thread times 504 499 500 498 481 489 484 481 481 488 469 477 485 479 481 477 478 476 474 456 479 466 477 477 460 481 464 460 492 476 465
-- 511 <101
-- worker thread times 617 635 629 620 608 626 618 594 613 585 594 613 600 595 589 612 575 599 596 605 585 603 594 601 606 607 576 582 588 611 608
-- 646 <100
-- worker thread times 888 889 885 887 886 874 868 871 868 863 857 866 870 862 860 849 861 849 838 859 860 860 847 845 860 861 851 846 876 854 862
-- 901 <99
-- worker thread times 1435 1432 1421 1426 1402 1421 1420 1413 1414 1408 1402 1402 1392 1366 1394 1381 1398 1394 1387 1386 1387 1397 1391 1395 1396 1386 1403 1417 1429 1404 1412
-- 1446 <98
-- worker thread times 2342 2335 2340 2339 2310 2327 2328 2323 2284 2292 2323 2316 2318 2310 2309 2302 2303 2310 2298 2305 2280 2303 2304 2309 2294 2332 2301 2321 2307 2313 2308
-- 2353 <97
-- worker thread times 4347 4344 4329 4341 4337 4326 4326 4328 4329 4322 4321 4319 4302 4270 4304 4320 4306 4310 4311 4313 4314 4312 4315 4314 4318 4313 4308 4314 4316 4331 4311
-- 4356 <96
-- worker thread times 8150 8148 8148 8127 8112 8125 8106 8120 8108 8110 8121 8116 8114 8123 8118 8114 8104 8097 8115 8114 8115 8110 8120 8111 8128 8109 8118 8116 8123 8121 8124
-- 8162 <95
-- worker thread times 51595 51590 51589 51572 51540 51576 51569 51555 51566 51555 51568 51565 51564 51573 51568 51562 51566 51561 51575 51549 51550 51558 51575 51574 51571 51577 51560 51567 51576 51559 51564
-- 51605 <94
-- worker thread times 26392 26398 26398 26392 26401 26397 26398 26403 26402 26401 26398 26401 26400 26398 26403 26398 26397 26397 26401 26403 26397 26400 26398 26402 26403 26396 26391 26396 26399 26394 26405
-- 26414 <93
false 1067449 aborted

100009 23 25 24 23 23 23 25 28 24 38 52 66 84 96 111 128 145 162 177 197 215 242 272 281 311 345 420 511 646 901 1446 2353 4356 8162 51605 26414
FAIL0=23 FAIL1=25 FAIL10=52 FAIL11=66 FAIL12=84 FAIL13=96 FAIL14=111 FAIL15=128 FAIL16=145 FAIL17=162 FAIL18=177 FAIL19=197 FAIL2=24 FAIL20=215 FAIL21=242 FAIL22=272 FAIL23=281 FAIL24=311 FAIL25=345 FAIL26=420 FAIL27=511 FAIL28=646 FAIL29=901 FAIL3=23 FAIL30=1446 FAIL31=2353 FAIL32=4356 FAIL33=8162 FAIL34=51605 FAIL35=26414 FAIL4=23 FAIL5=23 FAIL6=25 FAIL7=28 FAIL8=24 FAIL9=38 
