-- 24 <128
-- worker thread times 19 19 19 19 18 19 18 18 19 17 19 19 19 16 16 15 16 16 16 16 17 18 14 18 19 14 16 15 14 16 18
-- 24 <127
-- worker thread times 20 19 19 16 20 20 20 20 20 20 17 15 17 18 16 19 18 19 4 16 18 17 5 19 17 18 6 19 20 18 19
-- 25 <126
-- worker thread times 1 19 19 19 19 19 19 19 19 17 18 15 17 15 17 11 20 18 18 21 18 18 20 16 20 19 18 19 17 21 19
-- 26 <125
-- worker thread times 17 16 21 3 18 18 16 21 21 19 19 7 16 19 16 19 20 5 19 15 15 18 9 19 17 17 18 15 16 18 19
-- 26 <124
-- worker thread times 20 20 1 4 18 6 21 21 21 19 18 8 4 6 19 8 21 22 20 20 22 22 19 21 20 18 22 20 22 21 19
-- 25 <123
-- worker thread times 20 20 21 17 18 18 18 2 20 16 6 16 2 2 3 19 19 18 17 16 20 20 9 19 17 20 20 20 20 21 17
-- 29 <122
-- worker thread times 19 4 2 19 2 0 2 2 4 19 19 19 20 20 18 20 18 18 22 22 21 21 21 19 21 19 21 19 11 14 8
-- 35 <121
-- worker thread times 2 3 3 6 0 0 3 3 3 3 0 28 23 23 23 26 7 30 24 27 27 30 30 27 24 27 31 28 25 13 16
-- 28 <120
-- worker thread times 2 2 4 18 18 18 20 20 20 19 17 19 19 19 22 20 20 20 20 2 6 18 14 18 16 22 18 21 5 21 19
-- worker thread times 37 41 34 40 21 33 41 28 40 35 33 36 42 40 34 40 42 42 40 46 37 15 37 37 28 40 40 28 26 26 35
-- 52 <119
-- worker thread times 60 46 59 53 47 62 59 60 45 51 60 45 60 60 61 62 62 64 60 56 62 63 45 45 52 61 62 54 61 61 47
-- 73 <118
-- worker thread times 64 76 65 76 62 79 75 78 78 63 77 79 77 78 78 77 76 78 76 79 80 60 77 77 77 79 78 77 64 63 59
-- 91 <117
-- worker thread times 98 94 97 97 99 85 97 96 98 98 95 83 83 97 96 86 88 97 77 97 85 94 96 82 97 85 98 94 99 89 97
-- 111 <116
-- worker thread times 107 100 113 116 102 117 116 117 119 119 101 108 109 120 121 100 118 108 101 103 108 111 108 117 120 118 119 100 121 100 120
-- 132 <115
-- worker thread times 136 134 137 119 134 134 134 135 131 122 122 134 135 135 128 133 120 135 136 136 135 135 128 134 133 132 134 136 135 136 135
-- 149 <114
-- worker thread times 161 156 141 158 145 160 158 159 134 160 129 142 158 150 143 136 159 145 140 145 142 142 143 149 144 159 157 161 122 156 155
-- 178 <113
-- worker thread times 169 150 168 172 126 170 159 134 168 172 172 146 169 168 172 170 170 148 168 171 167 152 168 170 169 162 170 170 171 162 156
-- 188 <112
-- worker thread times 157 173 196 188 189 178 171 196 194 194 195 194 194 194 166 196 173 170 177 196 194 166 195 196 182 183 195 178 178 161 181
-- 215 <111
-- worker thread times 192 199 202 175 183 194 195 196 202 199 198 185 204 186 204 195 187 203 173 190 185 180 199 202 204 199 183 190 198 196 202
-- 222 <110
-- worker thread times 211 216 222 224 212 222 213 223 224 211 223 208 223 220 217 228 210 225 224 224 225 220 224 224 224 224 208 225 226 226 212
-- 244 <109
-- worker thread times 243 215 232 242 241 243 229 209 244 242 229 228 242 241 236 236 222 242 245 247 242 241 241 243 241 241 241 244 228 242 243
-- 263 <108
-- worker thread times 261 259 258 257 253 259 258 239 251 253 254 261 258 254 245 260 258 258 256 251 259 254 260 258 246 259 256 257 238 259 260
-- 282 <107
-- worker thread times 276 274 277 279 279 278 276 276 277 277 279 264 278 277 275 276 274 280 276 278 270 278 278 279 278 277 277 279 279 277 264
-- 302 <106
-- worker thread times 293 280 298 294 292 292 295 292 294 295 289 296 284 296 282 296 294 291 294 298 296 295 295 295 296 294 294 291 296 296 275
-- 320 <105
-- worker thread times 310 306 307 308 305 309 309 308 291 291 297 308 310 307 306 308 305 294 307 307 304 299 309 294 307 290 307 294 300 308 308
-- 335 <104
-- worker thread times 309 309 326 326 309 326 319 326 322 327 325 328 319 325 325 325 320 320 309 325 326 325 325 327 324 327 317 328 326 322 328
-- 354 <103
-- worker thread times 6695 6695 6692 6691 6694 6694 6695 6694 6696 6694 6697 6696 6680 6693 6681 6693 6694 6697 6692 6694 6694 6696 6692 6679 6693 6697 6694 6691 6678 6694 6694
-- 6717 <102
-- worker thread times 10256 10249 10248 10249 10252 10248 10251 10254 10248 10251 10248 10249 10251 10241 10249 10247 10251 10251 10252 10251 10247 10253 10234 10238 10249 10223 10252 10238 10238 10244 10250
-- 10273 <101
-- worker thread times 27371 27378 27366 27378 27382 27380 27369 27371 27381 27377 27371 27378 27379 27376 27365 27381 27380 27379 27380 27381 27378 27380 27374 27377 27364 27375 27376 27376 27364 27381 27375
-- 27413 <100
-- worker thread times 51789 51788 51783 51787 51789 51788 51787 51787 51790 51788 51789 51789 51783 51787 51787 51789 51787 51786 51789 51789 51789 51782 51785 51786 51789 51788 51787 51784 51791 51787 51789
-- 51808 <99
false 2362958 aborted

100013 24 24 25 26 26 25 29 35 28 52 73 91 111 132 149 178 188 215 222 244 263 282 302 320 335 354 6717 10273 27413 51808
FAIL0=24 FAIL1=24 FAIL10=73 FAIL11=91 FAIL12=111 FAIL13=132 FAIL14=149 FAIL15=178 FAIL16=188 FAIL17=215 FAIL18=222 FAIL19=244 FAIL2=25 FAIL20=263 FAIL21=282 FAIL22=302 FAIL23=320 FAIL24=335 FAIL25=354 FAIL26=6717 FAIL27=10273 FAIL28=27413 FAIL29=51808 FAIL3=26 FAIL4=26 FAIL5=25 FAIL6=29 FAIL7=35 FAIL8=28 FAIL9=52 
