-- 10 <128
-- worker thread times 6 0 5 0 0 1 6 6 6 6 6 6 6 6 6 6 6 6 6 5 0 6 0 0 0 0 5 5 6 5 6
-- 9 <127
-- worker thread times 5 0 5 5 5 5 5 5 4 5 5 5 0 4 5 5 5 5 5 5 4 0 5 5 5 5 0 5 5 5 5
-- 11 <126
-- worker thread times 8 0 3 0 0 0 0 7 0 0 7 0 0 8 0 7 7 7 3 8 8 7 7 8 7 0 3 4 7 0 8
-- 9 <125
-- worker thread times 5 5 0 5 5 5 5 5 5 5 5 5 0 5 5 5 5 0 5 5 5 5 5 5 5 6 2 5 6 5 6
-- 9 <124
-- worker thread times 6 4 4 4 4 4 4 5 5 5 5 5 0 5 5 5 5 5 0 5 5 5 5 5 5 5 5 5 5 4 6
-- 8 <123
-- worker thread times 0 5 5 5 5 5 4 4 4 4 4 4 4 5 5 5 4 5 5 5 5 5 4 4 5 5 5 5 0 5 5
-- 10 <122
-- worker thread times 5 5 0 0 0 0 5 5 5 5 5 6 6 6 6 6 6 6 2 6 6 6 6 2 0 6 6 6 6 5 2
-- 9 <121
-- worker thread times 5 5 5 5 5 0 0 0 5 5 5 5 5 5 5 5 5 5 4 5 5 5 4 5 5 5 5 5 5 4 5
-- 10 <120
-- worker thread times 6 6 6 6 5 5 5 5 5 5 5 5 6 0 6 6 0 0 0 3 0 0 0 6 6 6 6 6 6 6 6
-- worker thread times 11 5 5 5 10 0 10 10 6 10 5 10 10 5 10 5 6 0 6 5 11 10 5 6 6 6 5 5 5 10 10
-- 17 <119
-- worker thread times 13 12 12 12 8 11 11 5 11 12 12 9 7 12 12 12 12 5 7 7 12 12 12 12 7 11 9 11 9 11 9
-- 19 <118
-- worker thread times 12 17 7 13 10 12 17 10 10 12 12 17 10 12 17 12 11 17 17 17 9 10 13 17 10 13 17 10 17 18 10
-- 26 <117
-- worker thread times 22 14 19 11 20 11 17 20 15 14 14 19 15 11 14 19 14 17 20 19 14 19 20 19 14 19 11 20 20 14 17
-- 28 <116
-- worker thread times 15 22 11 15 18 22 22 17 23 22 22 14 21 17 23 14 22 12 14 25 26 23 22 22 21 22 22 12 24 26 17
-- 33 <115
-- worker thread times 33 16 23 28 19 28 23 17 29 18 21 29 20 19 28 28 19 14 24 20 28 16 23 19 20 20 19 17 24 33 23
-- 40 <114
-- worker thread times 29 22 29 32 25 24 30 29 27 29 23 29 24 24 24 29 21 29 28 24 23 29 25 23 23 31 23 26 21 29 25
-- 42 <113
-- worker thread times 32 32 37 33 32 33 32 33 34 33 36 33 23 27 28 28 32 33 27 32 22 34 28 32 32 33 29 32 32 39 32
-- 44 <112
-- worker thread times 25 37 35 35 36 35 36 30 36 34 36 29 30 29 35 34 36 38 37 41 37 40 36 36 35 34 29 42 31 40 35
-- 49 <111
-- worker thread times 48 46 40 40 40 40 40 34 39 40 40 40 44 41 39 45 44 40 40 41 40 40 42 36 40 36 43 40 36 38 40
-- 55 <110
-- worker thread times 46 42 45 41 41 46 40 44 46 46 46 40 45 45 34 41 45 45 41 46 48 46 45 49 51 40 53 45 47 53 48
-- 60 <109
-- worker thread times 54 60 51 53 54 52 58 52 46 50 51 49 52 49 51 51 49 45 52 46 45 44 49 49 52 56 55 46 51 50 52
-- 67 <108
-- worker thread times 51 50 61 57 50 58 56 61 50 56 64 57 59 58 56 55 56 65 60 50 63 56 50 50 66 55 49 55 56 50 54
-- 73 <107
-- worker thread times 74 52 57 58 52 57 59 59 59 54 62 67 71 69 60 60 68 58 67 57 55 53 49 61 58 59 59 59 59 72 59
-- 81 <106
-- worker thread times 77 59 64 64 63 77 51 65 58 73 75 58 55 63 64 64 64 78 64 64 64 65 60 64 69 65 66 73 64 67 75
-- 84 <105
-- worker thread times 85 74 78 80 85 73 68 81 76 80 72 75 83 89 81 85 79 80 74 88 78 76 73 74 81 74 81 81 80 90 80
-- 98 <104
-- worker thread times 104 103 77 88 102 81 86 91 92 97 80 83 91 92 89 80 85 80 89 72 86 81 81 86 77 85 78 81 98 83 86
-- 111 <103
-- worker thread times 109 81 84 100 95 99 106 108 90 77 89 86 82 98 91 90 91 87 95 91 91 101 93 88 104 91 91 80 101 77 81
-- 116 <102
-- worker thread times 109 113 109 95 93 94 95 95 97 110 95 95 102 93 108 103 99 95 95 89 96 109 110 95 95 91 99 111 96 103 99
-- 121 <101
-- worker thread times 111 115 124 113 109 102 113 115 107 112 108 113 101 92 113 117 98 106 107 112 119 118 128 126 113 112 109 109 102 120 127
-- 136 <100
-- worker thread times 131 152 151 130 135 128 152 141 147 147 146 143 142 126 136 127 131 129 122 130 126 153 132 138 146 132 136 132 131 131 140
-- 160 <99
-- worker thread times 165 153 151 144 152 154 145 133 143 151 167 161 151 151 164 147 157 158 148 137 151 146 153 171 168 159 147 159 169 163 143
-- 179 <98
-- worker thread times 244 230 208 240 232 220 230 223 224 236 222 243 229 233 221 220 225 227 220 217 233 213 221 220 219 220 237 242 220 229 241
-- 250 <97
-- worker thread times 346 308 331 314 330 322 342 324 328 339 327 340 338 319 323 313 320 330 337 327 324 323 309 341 328 345 315 343 329 322 340
-- 354 <96
-- worker thread times 603 582 597 601 585 575 584 581 574 574 587 595 582 591 573 575 574 576 580 570 600 574 584 587 594 580 582 577 583 574 595
-- 610 <95
-- worker thread times 4345 4343 4345 4304 4326 4329 4335 4312 4325 4318 4341 4324 4315 4313 4316 4326 4320 4316 4324 4322 4319 4335 4325 4321 4320 4315 4322 4321 4319 4319 4311
-- 4354 <94
-- worker thread times 14147 14145 14137 14142 14137 14140 14137 14120 14135 14135 14137 14073 14131 14140 14135 14135 14136 14100 14137 14126 14118 14048 14146 14140 14151 14154 14162 14156 14139 14135 14137
-- 14169 <93
-- worker thread times 38353 38341 38350 38332 38342 38325 38313 38304 38318 38310 38326 38318 38311 38307 38326 38337 38332 38323 38309 38312 38308 38308 38317 38327 38326 38325 38304 38315 38332 38285 38317
-- 38361 <92
-- worker thread times 40134 40134 40136 40136 40137 40136 40137 40136 40137 40129 40134 40136 40131 40136 40124 40129 40135 40133 40130 40137 40131 40131 40135 40136 40137 40137 40135 40138 40130 40136 40135
-- 40149 <91
false 374843 aborted

100008 10 9 11 9 9 8 10 9 10 17 19 26 28 33 40 42 44 49 55 60 67 73 81 84 98 111 116 121 136 160 179 250 354 610 4354 14169 38361 40149
FAIL0=10 FAIL1=9 FAIL10=19 FAIL11=26 FAIL12=28 FAIL13=33 FAIL14=40 FAIL15=42 FAIL16=44 FAIL17=49 FAIL18=55 FAIL19=60 FAIL2=11 FAIL20=67 FAIL21=73 FAIL22=81 FAIL23=84 FAIL24=98 FAIL25=111 FAIL26=116 FAIL27=121 FAIL28=136 FAIL29=160 FAIL3=9 FAIL30=179 FAIL31=250 FAIL32=354 FAIL33=610 FAIL34=4354 FAIL35=14169 FAIL36=38361 FAIL37=40149 FAIL4=9 FAIL5=8 FAIL6=10 FAIL7=9 FAIL8=10 FAIL9=17 
