-- 23 <128
-- worker thread times 19 15 19 4 16 16 16 16 17 17 17 17 16 16 18 16 18 18 19 19 19 3 17 18 18 19 18 19 19 16 19
-- 26 <127
-- worker thread times 18 20 20 4 19 19 21 19 21 19 19 21 15 17 17 20 21 22 3 2 4 22 22 2 2 4 2 22 20 20 19
-- 23 <126
-- worker thread times 15 15 16 14 16 16 16 16 16 4 17 15 15 15 17 18 18 18 18 18 18 18 3 18 18 19 19 19 19 19 19
-- 26 <125
-- worker thread times 18 19 18 9 20 0 3 3 20 1 1 3 2 20 20 20 17 17 14 20 21 16 21 21 18 21 21 21 10 22 17
-- 23 <124
-- worker thread times 16 16 16 16 17 16 17 15 3 2 3 16 17 16 16 18 6 16 18 19 16 18 19 18 17 19 18 19 18 19 18
-- 27 <123
-- worker thread times 20 20 18 14 3 2 3 2 3 2 3 19 20 21 20 18 21 7 19 15 19 21 9 13 13 19 21 21 22 16 16
-- 24 <122
-- worker thread times 13 17 15 17 15 17 17 16 16 18 18 14 16 18 15 19 17 16 19 15 6 17 15 20 20 19 5 20 18 20 15
-- 24 <121
-- worker thread times 13 15 2 13 17 15 15 17 14 16 14 16 12 18 18 18 18 16 18 16 18 12 17 15 17 17 17 17 15 16 16
-- 24 <120
-- worker thread times 18 15 17 16 6 15 17 17 18 18 19 16 19 19 17 19 16 7 14 16 8 17 15 16 14 17 19 15 16 17 17
-- worker thread times 31 34 34 33 3 6 19 3 24 2 5 14 35 34 34 34 31 33 34 35 33 20 35 34 35 36 16 34 34 34 7
-- 43 <119
-- worker thread times 39 43 38 40 42 38 39 43 42 29 43 42 41 39 39 41 41 41 41 41 40 41 41 42 40 40 42 28 41 39 41
-- 52 <118
-- worker thread times 57 45 57 55 58 37 52 56 52 49 59 54 55 57 55 56 52 47 58 57 51 56 57 47 53 52 58 56 57 43 57
-- 68 <117
-- worker thread times 65 64 68 65 66 66 65 68 66 67 68 53 66 63 65 67 67 64 65 66 66 64 64 67 64 67 65 68 67 67 68
-- 78 <116
-- worker thread times 88 80 81 81 80 82 82 70 72 84 54 84 80 79 68 79 80 81 81 83 80 82 81 82 83 79 64 83 68 79 67
-- 97 <115
-- worker thread times 102 87 100 96 97 99 95 93 94 93 91 94 86 92 94 94 93 94 93 92 87 91 91 92 93 81 86 92 94 81 93
-- 109 <114
-- worker thread times 102 113 107 117 99 116 102 111 113 113 99 112 95 101 114 90 111 112 115 112 114 110 99 100 113 114 112 105 114 113 104
-- 129 <113
-- worker thread times 135 119 129 128 128 127 127 109 105 114 123 129 107 122 125 111 116 126 126 127 127 127 108 113 112 128 128 125 104 127 128
-- 143 <112
-- worker thread times 151 110 145 151 148 148 119 146 141 129 143 145 142 143 144 143 144 144 130 129 145 144 140 129 129 144 116 144 133 144 132
-- 160 <111
-- worker thread times 165 164 160 162 163 155 157 158 158 154 155 155 154 157 155 155 154 156 155 157 155 153 156 155 157 156 141 155 154 153 157
-- 177 <110
-- worker thread times 185 184 181 179 179 177 174 158 176 175 175 176 171 174 177 175 173 158 156 158 173 175 166 175 173 172 174 172 180 150 175
-- 195 <109
-- worker thread times 207 206 205 187 202 201 179 200 189 187 193 192 192 191 189 193 191 190 190 179 191 180 191 192 192 188 191 200 190 194 189
-- 216 <108
-- worker thread times 235 234 211 217 221 214 201 211 220 207 217 218 204 209 222 219 218 222 218 218 189 203 219 221 202 206 221 189 218 205 205
-- 246 <107
-- worker thread times 251 240 250 238 234 243 244 246 250 252 251 250 220 222 214 239 244 240 242 240 228 241 227 233 240 240 240 257 240 239 232
-- 267 <106
-- worker thread times 280 279 275 277 274 274 269 270 261 266 263 259 264 260 256 263 247 261 262 260 262 259 258 263 249 261 263 257 260 265 262
-- 291 <105
-- worker thread times 312 305 302 298 300 298 283 289 287 277 292 286 293 289 285 283 287 292 268 292 292 278 289 293 295 293 303 299 309 305 294
-- 322 <104
-- worker thread times 354 336 326 351 346 328 322 325 323 339 324 335 326 294 311 313 329 322 326 329 320 319 331 332 317 313 330 308 332 298 314
-- 366 <103
-- worker thread times 432 435 410 430 425 426 425 427 416 414 415 410 394 403 409 393 406 410 404 404 410 403 411 408 408 408 407 411 387 411 422
-- 447 <102
-- worker thread times 563 544 556 539 552 555 518 531 549 547 508 521 509 507 524 538 507 523 534 541 499 520 534 532 513 508 522 542 546 549 530
-- 574 <101
-- worker thread times 823 819 819 794 805 811 810 805 808 801 788 800 790 799 795 785 766 785 792 777 787 796 788 788 792 782 793 782 786 793 789
-- 833 <100
-- worker thread times 1294 1299 1295 1294 1292 1285 1287 1282 1281 1269 1267 1268 1268 1265 1259 1256 1264 1261 1256 1270 1262 1264 1248 1264 1260 1276 1281 1261 1272 1256 1232
-- 1310 <99
-- worker thread times 2255 2269 2260 2261 2261 2248 2259 2227 2232 2245 2245 2233 2243 2236 2243 2240 2235 2240 2218 2236 2240 2243 2238 2224 2221 2231 2220 2237 2242 2242 2245
-- 2278 <98
-- worker thread times 4122 4128 4125 4110 4101 4118 4091 4103 4104 4098 4095 4097 4093 4095 4097 4099 4082 4080 4096 4092 4090 4094 4098 4084 4089 4091 4075 4096 4090 4107 4104
-- 4140 <97
-- worker thread times 8194 8180 8156 8149 8165 8170 8160 8132 8145 8153 8169 8148 8164 8171 8155 8178 8160 8160 8143 8174 8148 8172 8135 8160 8168 8167 8171 8159 8166 8159 8181
-- 8207 <96
-- worker thread times 17148 17128 17131 17124 17122 17126 17102 17123 17117 17113 17126 17123 17119 17113 17104 17122 17119 17096 17117 17107 17122 17129 17119 17131 17136 17126 17115 17122 17118 17132 17114
-- 17158 <95
-- worker thread times 61829 61816 61814 61812 61817 61806 61798 61815 61815 61794 61803 61814 61815 61812 61813 61810 61807 61814 61811 61813 61806 61815 61807 61813 61814 61808 61804 61809 61814 61780 61806
-- 61837 <94
false 1818862 aborted

100016 23 26 23 26 23 27 24 24 24 43 52 68 78 97 109 129 143 160 177 195 216 246 267 291 322 366 447 574 833 1310 2278 4140 8207 17158 61837
FAIL0=23 FAIL1=26 FAIL10=52 FAIL11=68 FAIL12=78 FAIL13=97 FAIL14=109 FAIL15=129 FAIL16=143 FAIL17=160 FAIL18=177 FAIL19=195 FAIL2=23 FAIL20=216 FAIL21=246 FAIL22=267 FAIL23=291 FAIL24=322 FAIL25=366 FAIL26=447 FAIL27=574 FAIL28=833 FAIL29=1310 FAIL3=26 FAIL30=2278 FAIL31=4140 FAIL32=8207 FAIL33=17158 FAIL34=61837 FAIL4=23 FAIL5=27 FAIL6=24 FAIL7=24 FAIL8=24 FAIL9=43 
