-- 12 <128
-- worker thread times 7 6 6 6 6 6 6 6 6 6 7 7 7 7 7 7 7 7 7 6 1 0 0 0 0 0 6 6 6 7 7
-- 12 <127
-- worker thread times 6 6 7 7 2 7 7 0 0 0 7 7 7 7 7 7 8 6 6 6 6 6 7 8 0 8 7 8 6 6 7
-- 12 <126
-- worker thread times 7 7 7 7 7 7 7 7 7 8 0 8 8 7 8 7 7 0 0 0 7 7 7 8 8 8 0 7 0 8 8
-- 11 <125
-- worker thread times 6 7 7 7 7 7 7 7 7 7 7 7 6 6 4 0 0 0 6 6 6 6 6 7 6 7 7 6 7 7 0
-- 13 <124
-- worker thread times 3 0 0 0 8 0 8 3 8 8 3 0 8 8 8 8 9 3 0 8 8 8 8 8 0 8 9 8 8 0 8
-- 11 <123
-- worker thread times 0 7 6 3 6 6 6 7 7 0 7 7 7 0 7 7 7 7 7 7 7 7 7 7 7 6 6 7 7 7 0
-- 12 <122
-- worker thread times 7 7 7 7 7 7 0 7 7 7 1 7 7 7 7 7 6 0 6 6 0 6 7 7 6 7 6 6 6 7 7
-- 12 <121
-- worker thread times 8 7 7 0 7 0 0 0 0 0 7 2 0 7 7 7 7 7 7 7 7 7 8 8 8 8 8 8 8 8 7
-- 14 <120
-- worker thread times 6 8 8 8 5 8 0 0 0 0 0 0 0 0 0 5 5 9 9 9 9 9 9 5 9 5 5 9 9 6 5
-- worker thread times 16 12 9 4 5 5 9 16 9 16 18 9 8 16 9 17 9 12 16 9 5 9 0 7 5 8 9 13 9 17 17
-- 25 <119
-- worker thread times 16 15 16 16 15 23 22 17 17 22 22 22 18 14 15 22 22 22 8 7 17 17 17 22 16 23 22 16 16 17 18
-- 30 <118
-- worker thread times 26 27 26 27 27 27 26 20 27 23 10 27 23 27 27 27 26 27 20 27 17 27 27 26 27 27 20 27 26 20 23
-- 35 <117
-- worker thread times 26 32 33 32 32 32 32 19 31 32 33 32 32 33 31 32 32 33 33 19 33 32 32 26 33 33 32 33 18 33 19
-- 42 <116
-- worker thread times 32 36 35 36 35 36 32 35 36 35 36 25 34 35 36 37 26 36 35 36 37 37 29 35 28 32 29 36 36 36 35
-- 45 <115
-- worker thread times 38 47 36 36 36 37 46 46 41 46 37 48 46 37 47 36 46 45 45 40 37 47 47 37 47 36 37 36 46 40 45
-- 58 <114
-- worker thread times 43 37 50 43 50 44 44 44 44 51 50 51 36 33 51 44 49 34 43 50 51 44 37 51 44 44 51 50 42 36 50
-- 62 <113
-- worker thread times 53 48 55 64 52 43 56 52 64 52 56 57 56 57 58 64 64 51 52 52 53 65 53 53 52 65 52 37 55 52 56
-- 76 <112
-- worker thread times 62 47 62 62 42 58 55 54 63 62 62 59 63 54 55 61 55 47 55 55 62 54 63 61 47 63 43 61 62 45 43
-- 75 <111
-- worker thread times 57 64 64 65 64 65 65 64 57 65 64 65 47 57 66 58 64 65 66 67 58 64 54 60 66 65 66 65 66 66 54
-- 79 <110
-- worker thread times 68 67 53 68 68 68 68 68 68 60 67 60 60 60 59 59 69 67 67 59 68 67 57 59 67 68 67 68 67 60 66
-- 82 <109
-- worker thread times 78 77 77 77 77 77 78 77 77 72 78 78 78 80 74 77 77 77 73 76 78 72 66 79 78 77 78 73 79 77 78
-- 93 <108
-- worker thread times 78 85 85 77 83 85 86 77 84 85 85 85 87 86 76 79 78 66 85 75 71 70 79 77 85 85 75 78 86 86 84
-- 100 <107
-- worker thread times 1905 1914 1908 1907 1910 1905 1914 1908 1917 1905 1906 1908 1917 1907 1914 1900 1915 1912 1917 1907 1899 1911 1917 1905 1915 1914 1916 1906 1907 1906 1915
-- 1932 <106
-- worker thread times 14391 14354 14401 14370 14403 14402 14397 14355 14393 14401 14378 14341 14388 14403 14382 14378 14399 14356 14400 14397 14383 14364 14363 14373 14400 14389 14397 14388 14386 14349 14398
-- 14418 <105
-- worker thread times 41857 41859 41876 41855 41873 41859 41860 41863 41812 41847 41861 41841 41862 41868 41871 41828 41852 41868 41835 41865 41861 41869 41874 41869 41853 41860 41867 41864 41850 41864 41837
-- 41892 <104
-- worker thread times 40811 40805 40810 40806 40805 40814 40810 40807 40813 40813 40806 40814 40810 40813 40805 40814 40810 40813 40813 40810 40811 40812 40813 40810 40813 40813 40814 40812 40806 40813 40807
-- 40823 <103
false 1963061 aborted

100005 12 12 12 11 13 11 12 12 14 25 30 35 42 45 58 62 76 75 79 82 93 100 1932 14418 41892 40823
FAIL0=12 FAIL1=12 FAIL10=30 FAIL11=35 FAIL12=42 FAIL13=45 FAIL14=58 FAIL15=62 FAIL16=76 FAIL17=75 FAIL18=79 FAIL19=82 FAIL2=12 FAIL20=93 FAIL21=100 FAIL22=1932 FAIL23=14418 FAIL24=41892 FAIL25=40823 FAIL3=11 FAIL4=13 FAIL5=11 FAIL6=12 FAIL7=12 FAIL8=14 FAIL9=25 
