-- worker thread times 3 1 1 0 3 3 1 1 1 1 3 1 1 1 1 1 3 3 1 0 3 3 1 3 3 0 1 2 2 3 0
-- 8 <128
-- worker thread times 2 2 4 2 4 2 4 3 4 4 2 4 2 0 2 2 4 3 2 1 4 4 0 2 4 2 4 3 4 0 4
-- 9 <127
-- worker thread times 3 3 3 4 3 3 4 4 4 3 3 4 3 4 3 4 4 4 3 5 2 5 3 3 4 4 5 2 3 3 3
-- 11 <126
-- worker thread times 1 2 5 5 4 4 0 2 4 6 4 4 5 6 6 6 5 5 2 4 4 6 4 4 6 6 4 4 4 0 5
-- 13 <125
-- worker thread times 6 5 6 5 6 6 6 5 6 5 3 6 6 6 4 5 6 6 6 0 1 6 6 5 5 4 6 6 5 6 6
-- 13 <124
-- worker thread times 7 5 5 6 7 7 5 7 6 2 5 7 7 5 7 6 7 3 4 7 6 7 5 7 7 7 7 7 7 0 7
-- 15 <123
-- worker thread times 8 8 7 7 1 7 2 3 12 8 7 7 8 9 8 9 8 2 8 8 8 8 7 8 8 7 7 7 8 7 8
-- 17 <122
-- worker thread times 8 9 7 9 8 10 9 9 9 12 8 9 8 9 10 10 9 10 7 10 6 8 7 5 10 9 10 7 3 9 14
-- 19 <121
-- worker thread times 17 22 11 7 14 13 17 14 11 19 20 15 15 6 20 16 15 8 6 20 17 10 16 16 10 12 20 15 14 15 21
-- 29 <120
-- worker thread times 32 23 33 33 28 20 28 34 23 35 28 28 32 31 36 25 35 39 23 32 27 30 31 34 33 36 28 33 34 24 39
-- 45 <119
-- worker thread times 69 68 70 70 74 65 76 73 74 79 76 76 71 68 65 74 77 67 72 78 71 73 78 69 74 78 77 64 73 67 72
-- 90 <118
-- worker thread times 185 184 174 186 181 180 182 186 178 180 185 178 183 176 181 175 182 185 178 181 186 182 175 172 178 187 176 182 179 179 183
-- 196 <117
-- worker thread times 479 474 471 477 468 478 468 471 471 472 478 466 469 479 474 470 470 472 471 471 469 478 471 465 470 475 474 470 479 480 463
-- 488 <116
-- worker thread times 1148 1151 1152 1156 1149 1151 1157 1156 1153 1141 1152 1157 1145 1149 1152 1156 1155 1147 1151 1155 1150 1153 1145 1155 1151 1149 1153 1151 1157 1156 1156
-- 1168 <115
-- worker thread times 2928 2921 2923 2922 2922 2924 2919 2914 2920 2923 2929 2920 2922 2915 2915 2924 2920 2921 2918 2922 2921 2923 2917 2918 2920 2927 2919 2923 2922 2923 2923
-- 2939 <114
-- worker thread times 7347 7344 7344 7343 7346 7340 7342 7345 7344 7342 7343 7348 7338 7342 7342 7342 7339 7344 7349 7348 7335 7342 7346 7343 7347 7349 7352 7343 7338 7342 7336
-- 7360 <113
-- worker thread times 18841 18845 18846 18844 18846 18840 18846 18841 18836 18838 18838 18842 18844 18841 18843 18839 18837 18837 18835 18843 18838 18844 18835 18846 18840 18845 18843 18839 18842 18842 18845
-- 18859 <112
-- worker thread times 48242 48241 48235 48241 48234 48238 48237 48242 48243 48234 48245 48218 48247 48239 48245 48241 48238 48240 48244 48245 48240 48246 48248 48232 48249 48245 48243 48248 48237 48243 48250
-- 48263 <111
-- worker thread times 20443 20444 20444 20443 20443 20443 20442 20443 20443 20445 20445 20443 20442 20439 20442 20445 20444 20443 20442 20442 20445 20442 20443 20444 20445 20441 20441 20444 20443 20444 20440
-- 20450 <110
false 3708191 aborted

100003 8 9 11 13 13 15 17 19 29 45 90 196 488 1168 2939 7360 18859 48263 20450
FAIL0=8 FAIL1=9 FAIL10=90 FAIL11=196 FAIL12=488 FAIL13=1168 FAIL14=2939 FAIL15=7360 FAIL16=18859 FAIL17=48263 FAIL18=20450 FAIL2=11 FAIL3=13 FAIL4=13 FAIL5=15 FAIL6=17 FAIL7=19 FAIL8=29 FAIL9=45 
