-- 23 <128
-- worker thread times 1 12 15 1 16 15 13 14 17 15 17 17 15 17 15 15 3 16 16 15 16 15 15 15 15 15 16 15 15 15 17
-- 23 <127
-- worker thread times 14 15 15 14 14 13 13 13 15 16 15 15 16 16 15 17 17 17 3 17 17 17 17 16 16 17 18 17 17 13 18
-- 24 <126
-- worker thread times 2 16 15 15 15 15 15 15 16 16 9 0 17 17 17 2 17 16 17 17 17 17 17 16 16 16 17 18 18 13 18
-- worker thread times 18 34 32 34 17 21 17 33 24 33 34 33 31 36 34 34 34 33 33 34 34 18 19 24 29 33 18 18 34 18 34
-- 44 <125
-- worker thread times 49 47 47 47 48 46 47 47 46 46 47 51 47 49 49 49 32 48 46 50 38 47 31 49 37 49 48 37 48 29 31
-- 58 <124
-- worker thread times 49 63 65 65 55 65 64 65 65 65 51 65 49 66 65 64 52 64 51 66 49 63 50 64 65 48 65 65 63 65 64
-- 75 <123
-- worker thread times 60 83 74 68 75 68 82 75 85 62 83 77 68 76 75 76 83 75 77 68 76 83 75 52 68 83 83 68 84 84 67
-- 95 <122
-- worker thread times 97 83 83 84 96 95 83 97 84 95 98 96 96 96 97 83 83 97 98 97 96 83 84 83 84 83 95 84 84 84 82
-- 110 <121
-- worker thread times 112 95 92 111 97 113 95 113 116 114 112 97 112 109 103 111 91 112 111 99 110 83 111 101 76 114 93 95 95 97 92
-- 127 <120
-- worker thread times 131 131 131 131 129 133 131 103 131 130 130 98 107 108 107 130 132 96 128 123 107 110 115 131 108 121 131 107 131 121 107
-- 146 <119
-- worker thread times 127 128 117 140 139 140 139 116 139 130 139 125 141 128 136 140 139 128 129 139 141 127 139 127 127 139 138 140 140 127 128
-- 156 <118
-- worker thread times 151 150 141 153 153 150 152 153 153 139 151 146 151 151 151 152 152 151 140 132 152 151 151 141 153 151 151 153 151 153 152
-- 168 <117
-- worker thread times 170 170 167 155 168 169 153 150 161 153 170 168 151 153 168 169 152 168 169 169 158 169 170 170 159 171 167 159 168 153 153
-- 185 <116
-- worker thread times 177 177 165 177 178 177 171 176 178 178 176 177 177 178 177 178 164 175 178 179 175 178 178 176 177 175 177 164 165 163 177
-- 194 <115
-- worker thread times 183 192 186 189 188 192 191 189 189 191 189 191 190 189 189 191 189 190 191 190 190 191 191 191 190 175 189 190 191 179 190
-- 208 <114
-- worker thread times 191 205 196 188 206 206 208 189 207 190 188 196 208 208 193 207 206 197 205 195 208 195 206 196 193 207 192 209 190 191 207
-- 228 <113
-- worker thread times 740 738 738 742 726 740 733 734 732 738 739 720 739 743 739 740 744 735 734 743 737 729 741 737 737 739 740 739 739 741 740
-- 762 <112
-- worker thread times 1257 1241 1240 1242 1242 1241 1258 1228 1240 1251 1243 1258 1241 1259 1244 1259 1239 1241 1259 1226 1240 1241 1241 1240 1251 1259 1240 1259 1257 1220 1237
-- 1281 <111
-- worker thread times 3714 3713 3701 3713 3703 3714 3713 3714 3714 3712 3714 3712 3697 3704 3702 3712 3700 3718 3683 3717 3714 3717 3714 3713 3700 3717 3714 3709 3716 3715 3707
-- 3737 <110
-- worker thread times 8822 8838 8812 8821 8802 8840 8835 8822 8818 8842 8836 8831 8815 8841 8816 8822 8822 8821 8820 8838 8838 8834 8837 8818 8840 8833 8817 8815 8822 8836 8832
-- 8861 <109
-- worker thread times 18443 18421 18444 18424 18444 18437 18433 18432 18445 18441 18441 18447 18440 18432 18447 18449 18440 18445 18445 18440 18442 18434 18433 18433 18429 18448 18446 18432 18443 18433 18444
-- 18472 <108
-- worker thread times 40475 40476 40471 40467 40448 40472 40461 40464 40474 40463 40475 40465 40468 40478 40464 40476 40476 40454 40472 40457 40472 40454 40465 40450 40469 40460 40474 40457 40469 40463 40454
-- 40499 <107
-- worker thread times 24483 24484 24484 24484 24486 24483 24483 24470 24484 24487 24486 24485 24484 24484 24485 24483 24484 24476 24487 24484 24485 24484 24483 24484 24484 24484 24475 24484 24485 24483 24484
-- 24497 <106
false 1564517 aborted

100006 23 23 24 44 58 75 95 110 127 146 156 168 185 194 208 228 762 1281 3737 8861 18472 40499 24497
FAIL0=23 FAIL1=23 FAIL10=156 FAIL11=168 FAIL12=185 FAIL13=194 FAIL14=208 FAIL15=228 FAIL16=762 FAIL17=1281 FAIL18=3737 FAIL19=8861 FAIL2=24 FAIL20=18472 FAIL21=40499 FAIL22=24497 FAIL3=44 FAIL4=58 FAIL5=75 FAIL6=95 FAIL7=110 FAIL8=127 FAIL9=146 
