-- 94 <128
-- worker thread times 83 76 76 76 77 77 77 77 77 77 77 77 77 77 81 81 82 82 82 83 83 83 83 83 83 83 83 83 77 77 77
-- 95 <127
-- worker thread times 75 71 66 76 77 76 77 77 68 77 63 83 66 72 83 61 71 74 84 84 85 84 75 64 77 83 83 75 85 72 80
-- 104 <126
-- worker thread times 66 68 70 54 49 68 84 55 84 69 56 73 78 74 91 74 90 78 65 92 92 81 80 57 76 93 80 81 77 82 77
-- worker thread times 198 209 190 208 208 208 191 202 197 213 206 199 191 198 198 213 207 210 196 209 209 198 209 193 214 183 208 200 202 198 192
-- 237 <125
-- worker thread times 387 367 377 375 386 378 372 385 370 366 376 373 387 378 387 375 381 383 363 364 366 386 385 378 380 387 351 367 379 378 367
-- 410 <124
-- worker thread times 600 608 604 600 582 611 604 594 597 598 601 617 614 608 602 601 610 610 614 611 613 613 613 601 614 612 589 612 609 610 598
-- 640 <123
-- worker thread times 905 888 897 902 900 895 874 896 906 897 903 910 901 890 899 904 897 890 885 908 904 892 885 889 905 898 903 902 886 890 891
-- 937 <122
-- worker thread times 1342 1329 1329 1354 1347 1326 1333 1345 1333 1341 1326 1343 1330 1324 1338 1318 1342 1341 1338 1338 1316 1326 1338 1336 1327 1340 1332 1347 1339 1346 1337
-- 1379 <121
-- worker thread times 1982 1956 1957 1969 1942 1978 1952 1963 1965 1960 1961 1961 1964 1983 1970 1967 1973 1965 1973 1960 1941 1972 1981 1987 1974 1971 1962 1955 1980 1970 1973
-- 2015 <120
-- worker thread times 3073 3077 3099 3076 3078 3078 3102 3084 3092 3079 3095 3084 3074 3083 3079 3088 3095 3087 3086 3089 3085 3098 3089 3093 3092 3087 3101 3082 3081 3081 3079
-- 3131 <119
-- worker thread times 4956 4920 4943 4970 4972 4971 4975 4932 4968 4995 4992 4930 4980 4978 4978 4989 4979 4958 4933 4959 4980 4941 4985 4918 4969 4977 4971 4976 4965 4971 4981
-- 5029 <118
-- worker thread times 7750 7726 7731 7743 7730 7749 7743 7743 7738 7740 7714 7736 7739 7740 7731 7737 7740 7730 7730 7745 7739 7742 7747 7742 7713 7744 7734 7746 7735 7731 7749
-- 7785 <117
-- worker thread times 12165 12175 12167 12167 12168 12180 12173 12160 12151 12156 12180 12180 12174 12184 12184 12169 12177 12172 12172 12188 12157 12179 12183 12166 12162 12169 12180 12172 12189 12152 12170
-- 12224 <116
-- worker thread times 19058 19053 19054 19050 19045 19038 19050 19052 19059 19049 19057 19047 19052 19045 19036 19060 19043 19038 19054 19056 19039 19054 19058 19051 19049 19049 19044 19047 19049 19063 19054
-- 19094 <115
-- worker thread times 30364 30352 30355 30349 30353 30334 30348 30352 30345 30357 30361 30346 30355 30350 30354 30346 30342 30340 30345 30335 30352 30351 30347 30343 30329 30343 30352 30338 30348 30343 30342
-- 30402 <114
-- worker thread times 16333 16341 16331 16308 16329 16331 16338 16338 16328 16319 16339 16338 16318 16312 16331 16316 16318 16338 16333 16322 16339 16339 16332 16325 16332 16321 16338 16320 16327 16336 16318
-- 16366 <113
false 554803 aborted

100018 94 95 104 237 410 640 937 1379 2015 3131 5029 7785 12224 19094 30402 16366
FAIL0=94 FAIL1=95 FAIL10=5029 FAIL11=7785 FAIL12=12224 FAIL13=19094 FAIL14=30402 FAIL15=16366 FAIL2=104 FAIL3=237 FAIL4=410 FAIL5=640 FAIL6=937 FAIL7=1379 FAIL8=2015 FAIL9=3131 
