-- worker thread times 1 2 3 1 3 3 3 2 2 3 2 2 1 1 1 2 0 3 3 2 1 1 1 1 1 3 0 1 3 3 2
-- 7 <128
-- worker thread times 5 4 1 4 4 1 4 1 1 1 1 1 1 4 3 3 1 4 1 1 1 4 4 3 0 1 1 1 3 0 3
-- 10 <127
-- worker thread times 2 6 1 4 3 3 2 5 3 0 3 0 3 1 3 4 3 1 0 3 3 0 1 3 1 0 3 1 2 3 4
-- 10 <126
-- worker thread times 3 7 1 1 1 1 1 0 1 1 7 4 3 1 0 1 0 1 1 1 1 1 0 4 7 1 3 4 1 4 0
-- 12 <125
-- worker thread times 7 3 0 3 8 1 3 3 4 3 4 4 3 3 5 1 4 2 3 3 1 0 2 4 1 1 3 5 1 1 3
-- 13 <124
-- worker thread times 5 1 4 7 3 1 7 10 11 5 3 4 14 0 2 5 10 7 4 7 6 6 16 9 8 14 13 3 17 6 6
-- 21 <123
-- worker thread times 8 3 17 17 11 5 11 12 10 5 14 8 10 8 15 9 6 5 13 9 12 8 4 6 17 12 6 12 11 15 12
-- 22 <122
-- worker thread times 34 27 29 28 26 30 18 27 32 20 29 28 29 15 25 29 14 28 31 26 26 23 25 25 25 27 30 27 24 28 15
-- 38 <121
-- worker thread times 74 71 71 74 72 69 67 68 70 66 67 71 69 68 70 69 67 69 65 72 69 67 73 72 67 70 70 66 66 78 73
-- 82 <120
-- worker thread times 333 328 320 324 324 325 328 321 323 324 324 323 323 324 320 320 324 322 322 325 321 324 321 326 321 326 326 319 320 324 321
-- 337 <119
-- worker thread times 828 823 824 827 824 819 824 825 826 819 823 817 826 822 822 825 819 826 822 820 818 826 823 823 824 825 819 824 821 822 830
-- 835 <118
-- worker thread times 1271 1274 1275 1269 1271 1273 1272 1271 1272 1273 1262 1274 1272 1267 1271 1272 1274 1272 1271 1276 1270 1276 1268 1270 1269 1272 1269 1272 1278 1272 1270
-- 1283 <117
-- worker thread times 4090 4085 4081 4076 4081 4078 4083 4085 4078 4080 4081 4080 4082 4081 4081 4079 4080 4086 4077 4080 4079 4077 4079 4081 4079 4081 4080 4082 4080 4083 4074
-- 4094 <116
-- worker thread times 7458 7448 7448 7446 7442 7448 7444 7447 7444 7446 7445 7447 7446 7445 7442 7440 7450 7433 7450 7447 7448 7434 7453 7445 7451 7449 7450 7454 7447 7449 7448
-- 7462 <115
-- worker thread times 21762 21775 21763 21762 21767 21760 21759 21764 21762 21761 21764 21765 21762 21768 21762 21762 21768 21767 21768 21762 21765 21764 21762 21762 21766 21765 21764 21769 21767 21764 21764
-- 21780 <114
-- worker thread times 51564 51554 51556 51558 51565 51561 51555 51552 51564 51566 51561 51536 51555 51559 51552 51558 51557 51562 51563 51564 51557 51560 51556 51561 51561 51561 51561 51555 51563 51564 51572
-- 51577 <113
-- worker thread times 12403 12401 12403 12403 12400 12403 12401 12403 12402 12402 12402 12406 12402 12400 12402 12406 12400 12401 12400 12403 12403 12400 12404 12402 12405 12405 12406 12399 12402 12404 12402
-- 12410 <112
false 4840776 aborted

100002 7 10 10 12 13 21 22 38 82 337 835 1283 4094 7462 21780 51577 12410
FAIL0=7 FAIL1=10 FAIL10=835 FAIL11=1283 FAIL12=4094 FAIL13=7462 FAIL14=21780 FAIL15=51577 FAIL16=12410 FAIL2=10 FAIL3=12 FAIL4=13 FAIL5=21 FAIL6=22 FAIL7=38 FAIL8=82 FAIL9=337 
