-- worker thread times 27 27 32 31 33 30 29 18 32 30 16 33 31 29 32 32 31 32 29 29 30 30 30 32 30 22 33 34 33 30 16
-- 41 <128
-- worker thread times 45 46 45 45 36 43 44 42 21 37 37 45 30 44 36 45 44 32 32 44 43 37 46 43 37 45 44 44 45 45 44
-- 54 <127
-- worker thread times 42 58 57 39 56 55 56 56 48 55 41 56 59 55 49 55 40 39 53 55 38 54 53 56 55 54 40 56 56 57 56
-- 68 <126
-- worker thread times 66 65 67 65 66 54 66 66 65 65 65 67 66 56 56 66 67 68 68 65 65 55 66 67 67 53 66 71 54 68 67
-- 79 <125
-- worker thread times 82 79 62 75 77 77 76 78 79 78 74 76 78 76 75 65 78 77 77 78 78 73 75 77 76 76 76 78 77 77 77
-- 90 <124
-- worker thread times 92 90 70 91 91 76 93 91 76 93 88 90 92 94 60 94 91 91 88 77 90 90 90 78 76 73 75 92 76 95 99
-- 106 <123
-- worker thread times 110 109 102 104 105 104 100 104 102 103 104 103 102 103 104 103 102 100 102 104 103 102 102 103 102 103 90 104 105 102 104
-- 118 <122
-- worker thread times 90 101 119 122 124 119 68 124 115 107 122 119 87 125 118 122 124 104 116 123 97 120 119 103 123 89 122 125 106 125 130
-- 141 <121
-- worker thread times 163 152 152 153 139 158 160 143 152 151 156 159 156 154 157 157 147 156 152 154 153 149 155 155 154 153 154 148 161 151 155
-- 173 <120
-- worker thread times 209 200 179 199 169 204 199 182 206 174 200 199 206 193 206 200 192 196 199 206 200 203 201 197 197 199 204 210 186 183 220
-- 228 <119
-- worker thread times 310 294 286 302 299 296 295 297 299 300 307 296 293 299 288 291 300 295 295 299 289 297 296 278 300 301 284 292 288 288 301
-- 319 <118
-- worker thread times 463 476 450 442 458 442 461 453 469 466 462 467 467 470 467 456 448 453 464 458 469 462 452 459 466 464 465 444 462 448 462
-- 487 <117
-- worker thread times 891 897 887 898 885 885 893 894 890 881 889 882 898 895 892 898 884 881 897 890 891 897 893 889 873 893 885 871 891 887 908
-- 919 <116
-- worker thread times 12395 12400 12391 12382 12398 12391 12393 12393 12397 12404 12391 12400 12399 12388 12401 12387 12395 12381 12402 12401 12397 12381 12399 12399 12391 12390 12402 12400 12401 12398 12405
-- 12413 <115
-- worker thread times 84744 84744 84739 84738 84738 84741 84741 84728 84740 84738 84737 84738 84743 84743 84740 84740 84739 84742 84743 84741 84727 84740 84740 84737 84741 84740 84742 84739 84736 84740 84741
-- 84751 <114
false 1157881 aborted

100006 41 54 68 79 90 106 118 141 173 228 319 487 919 12413 84751
FAIL0=41 FAIL1=54 FAIL10=319 FAIL11=487 FAIL12=919 FAIL13=12413 FAIL14=84751 FAIL2=68 FAIL3=79 FAIL4=90 FAIL5=106 FAIL6=118 FAIL7=141 FAIL8=173 FAIL9=228 
