-- worker thread times 7 3 3 5 4 5 7 7 4 4 4 0 2 7 3 3 3 3 3 4 3 3 3 7 7 3 7 2 3 7 2
-- 13 <128
-- worker thread times 4 8 8 5 8 7 8 6 8 7 8 5 8 7 2 7 8 7 5 5 8 8 5 8 5 5 7 3 5 8 5
-- 13 <127
-- worker thread times 8 10 10 10 8 8 8 10 3 5 11 10 10 10 4 6 7 8 10 6 10 10 11 7 11 11 8 8 8 10 12
-- 17 <126
-- worker thread times 13 11 11 8 11 18 7 8 6 7 10 11 4 13 12 17 11 11 17 10 8 11 10 7 7 11 13 17 8 11 6
-- 24 <125
-- worker thread times 13 13 13 0 11 13 3 14 14 13 13 10 14 13 13 13 13 13 13 11 12 13 12 13 13 13 14 13 13 13 11
-- 22 <124
-- worker thread times 15 15 15 12 12 12 12 15 12 8 15 15 15 12 12 12 16 12 15 15 8 15 14 15 15 17 15 8 15 6 12
-- 25 <123
-- worker thread times 16 18 21 17 12 16 16 17 21 16 17 10 15 17 17 20 17 14 20 15 8 22 21 4 18 18 17 21 20 18 17
-- 30 <122
-- worker thread times 19 21 20 20 18 19 20 15 16 6 20 17 21 20 20 20 17 21 20 20 5 20 21 21 21 17 21 20 20 19 16
-- 31 <121
-- worker thread times 21 17 22 23 21 23 22 19 19 25 23 11 20 25 19 23 22 17 22 9 20 23 19 24 21 24 21 23 24 24 21
-- 34 <120
-- worker thread times 21 22 28 24 28 27 30 17 23 27 26 26 28 27 28 29 28 22 28 28 28 28 28 23 26 30 21 22 29 24 29
-- 39 <119
-- worker thread times 41 31 36 33 29 33 30 27 28 30 31 31 36 37 37 30 38 32 28 31 36 39 37 31 39 31 31 40 29 37 38
-- 48 <118
-- worker thread times 66 65 64 68 64 62 61 66 64 65 67 63 63 66 64 59 62 68 62 61 66 64 62 66 63 67 60 65 62 63 63
-- 82 <117
-- worker thread times 165 170 167 167 163 161 169 160 168 164 163 168 167 168 168 166 162 169 169 161 165 166 163 166 165 166 169 169 164 167 164
-- 181 <116
-- worker thread times 512 506 512 517 510 517 516 510 506 517 508 510 514 511 511 512 516 503 507 504 510 509 508 513 508 515 507 509 505 499 515
-- 528 <115
-- worker thread times 1457 1458 1455 1457 1461 1456 1458 1457 1449 1458 1459 1452 1454 1455 1455 1458 1459 1458 1456 1457 1456 1453 1457 1458 1459 1457 1459 1457 1461 1452 1457
-- 1471 <114
-- worker thread times 4191 4198 4199 4175 4194 4182 4194 4178 4192 4191 4178 4186 4191 4196 4196 4189 4194 4196 4187 4196 4188 4197 4196 4198 4200 4192 4196 4199 4191 4195 4181
-- 4209 <113
-- worker thread times 14285 14305 14295 14291 14291 14300 14298 14283 14297 14277 14279 14303 14302 14295 14288 14288 14294 14293 14301 14293 14288 14299 14306 14299 14295 14294 14287 14303 14302 14294 14299
-- 14314 <112
-- worker thread times 52972 52964 52966 52967 52926 52969 52969 52946 52973 52971 52932 52968 52970 52945 52963 52958 52931 52968 52945 52967 52962 52958 52961 52959 52978 52966 52977 52970 52965 52972 52941
-- 52985 <111
-- worker thread times 25917 25914 25915 25915 25918 25918 25920 25914 25918 25918 25919 25917 25914 25914 25915 25918 25919 25919 25917 25917 25916 25918 25919 25914 25916 25914 25914 25918 25920 25918 25920
-- 25925 <110
false 5585395 aborted

100003 13 13 17 24 22 25 30 31 34 39 48 82 181 528 1471 4209 14314 52985 25925
FAIL0=13 FAIL1=13 FAIL10=48 FAIL11=82 FAIL12=181 FAIL13=528 FAIL14=1471 FAIL15=4209 FAIL16=14314 FAIL17=52985 FAIL18=25925 FAIL2=17 FAIL3=24 FAIL4=22 FAIL5=25 FAIL6=30 FAIL7=31 FAIL8=34 FAIL9=39 
