-- worker thread times 26 25 12 40 21 40 37 40 25 40 37 39 25 39 25 33 28 26 40 39 25 39 29 29 41 21 40 35 40 20 36
-- 48 <128
-- worker thread times 27 58 34 56 56 44 37 39 39 51 42 58 59 38 36 41 59 59 58 58 39 32 41 56 39 27 59 57 34 58 41
-- 69 <127
-- worker thread times 77 76 60 76 57 74 74 74 55 75 76 73 59 59 75 74 77 58 76 64 75 71 47 68 59 58 64 62 76 74 58
-- 86 <126
-- worker thread times 86 85 86 86 86 85 81 82 86 83 84 83 86 83 83 84 84 85 82 85 70 86 85 83 83 72 84 82 85 81 85
-- 97 <125
-- worker thread times 76 102 102 103 105 104 103 103 100 103 103 103 101 104 104 101 105 75 103 90 102 101 99 102 77 100 103 104 102 97 101
-- 117 <124
-- worker thread times 119 114 118 119 115 111 120 118 119 116 120 120 117 115 92 118 115 114 120 119 119 111 103 111 118 121 118 119 102 117 101
-- 132 <123
-- worker thread times 134 109 133 133 133 135 132 133 134 133 134 133 132 133 120 130 130 135 133 135 125 134 132 132 133 104 133 134 135 135 134
-- 149 <122
-- worker thread times 150 136 148 151 148 128 136 150 151 149 130 149 150 150 151 149 149 149 135 149 152 148 148 135 147 137 149 150 150 149 149
-- 163 <121
-- worker thread times 145 157 157 174 176 158 164 174 154 174 175 161 172 172 173 145 165 176 172 158 174 156 160 165 170 159 168 158 168 176 153
-- 192 <120
-- worker thread times 182 182 182 171 183 185 173 154 172 166 184 183 171 183 184 162 183 183 184 173 175 182 183 166 160 182 180 174 168 168 173
-- 201 <119
-- worker thread times 196 194 196 195 195 194 195 198 181 196 193 185 196 187 195 195 197 195 196 196 198 192 196 196 196 195 195 197 198 197 195
-- 214 <118
-- worker thread times 214 212 211 210 212 212 212 212 211 211 209 209 209 198 210 210 206 209 209 209 197 209 209 208 209 209 213 210 210 212 213
-- 230 <117
-- worker thread times 225 226 226 222 226 228 228 223 226 227 226 224 225 224 223 226 224 224 226 226 225 225 227 225 228 225 209 226 224 224 217
-- 244 <116
-- worker thread times 241 238 239 234 236 248 237 239 248 239 249 251 250 238 217 251 251 249 251 238 237 239 240 233 239 250 233 240 249 234 249
-- 269 <115
-- worker thread times 255 259 247 255 243 257 245 257 259 257 242 256 241 259 258 255 260 259 242 258 258 251 241 259 258 259 243 248 259 255 260
-- 281 <114
-- worker thread times 265 277 276 276 277 274 276 270 277 259 278 266 275 250 277 276 277 276 257 271 245 277 278 278 278 278 278 277 269 257 275
-- 299 <113
-- worker thread times 282 281 269 270 252 290 270 292 291 291 294 277 293 291 273 269 291 290 272 277 291 294 295 291 293 292 290 260 292 275 289
-- 316 <112
-- worker thread times 303 303 302 292 302 305 306 306 306 307 290 303 302 301 289 304 301 290 307 302 304 303 303 299 303 302 303 303 306 285 302
-- 329 <111
-- worker thread times 2393 2407 2411 2404 2408 2406 2410 2411 2409 2408 2410 2411 2410 2411 2409 2410 2406 2393 2409 2408 2407 2410 2393 2393 2397 2410 2409 2409 2411 2409 2407
-- 2435 <110
-- worker thread times 94097 94099 94098 94096 94099 94096 94082 94093 94097 94099 94098 94096 94097 94099 94100 94099 94099 94095 94098 94097 94097 94098 94097 94099 94097 94098 94100 94100 94100 94098 94099
-- 94106 <109
false 164647 aborted

100004 48 69 86 97 117 132 149 163 192 201 214 230 244 269 281 299 316 329 2435 94106
FAIL0=48 FAIL1=69 FAIL10=214 FAIL11=230 FAIL12=244 FAIL13=269 FAIL14=281 FAIL15=299 FAIL16=316 FAIL17=329 FAIL18=2435 FAIL19=94106 FAIL2=86 FAIL3=97 FAIL4=117 FAIL5=132 FAIL6=149 FAIL7=163 FAIL8=192 FAIL9=201 
