-- worker thread times 2 3 3 2 2 2 2 2 2 3 2 2 2 2 3 3 3 2 3 3 2 2 2 2 2 3 3 3 3 3 3
-- 8 <20
-- worker thread times 1 2 3 2 2 4 3 2 2 3 2 4 4 5 1 4 1 3 4 4 3 2 3 0 1 4 3 2 1 4 3
-- 12 <19
-- worker thread times 5 2 3 1 5 5 3 4 4 3 2 3 2 3 4 4 5 5 4 3 4 2 5 3 4 5 2 3 2 4 5
-- 13 <18
-- worker thread times 5 5 4 3 5 4 4 4 3 4 3 5 2 5 5 5 4 4 4 4 3 5 5 3 3 3 4 4 4 3 5
-- 15 <17
-- worker thread times 6 6 6 5 4 5 4 4 6 6 5 6 6 6 3 5 4 5 5 5 5 5 4 6 2 5 6 6 6 6 4
-- 16 <16
-- worker thread times 3 6 7 7 2 6 7 7 8 7 5 3 6 7 5 5 7 7 6 8 5 4 7 6 4 7 7 7 4 6 9
-- 19 <15
-- worker thread times 60 57 57 57 57 57 58 57 58 58 58 57 56 57 56 57 56 57 58 57 56 56 58 57 58 58 58 58 58 56 57
-- 68 <14
-- worker thread times 109 108 110 109 109 108 110 110 109 110 109 110 108 110 108 109 109 110 109 109 110 109 110 110 109 109 109 109 110 110 110
-- 121 <13
-- worker thread times 168 169 168 168 167 169 168 168 170 170 169 169 168 168 168 170 168 169 169 169 170 169 169 170 170 167 169 169 168 168 169
-- 180 <12
-- worker thread times 244 241 241 242 242 242 242 242 243 242 242 241 243 242 241 242 242 242 240 242 241 243 241 243 241 242 242 242 241 243 241
-- 253 <11
-- worker thread times 84 83 84 84 84 84 83 84 84 83 84 83 85 83 84 83 84 85 83 84 84 83 83 85 85 83 84 84 84 83 83
true 87924
(0 -> -1) (1 -> -1) (2 -> -1) (3 -> -1) (4 -> -1) (5 -> -1) (6 -> -1) (7 -> -1) (8 -> -1) (9 -> -1) (10 -> 0) (11 -> 1) (12 -> 2) (13 -> 3) (14 -> 4) (15 -> 5) (16 -> 6) (17 -> 7) (18 -> 8) (19 -> 9) 
806 8 12 13 15 16 19 68 121 180 253 91
EXCEPT=10 FAIL0=8 FAIL1=12 FAIL2=13 FAIL3=15 FAIL4=16 FAIL5=19 FAIL6=68 FAIL7=121 FAIL8=180 FAIL9=253 SIZE=10 
