-- worker thread times 0 0 0 0 0 0 0 0 0 0 0 0 0 0 0 0 1 0 0 0 0 0 0 0 0 0 0 0 0 0 1
-- 3 <20
-- worker thread times 0 0 1 0 0 1 0 1 0 1 0 0 1 0 0 1 0 0 0 0 1 0 0 0 0 0 0 0 0 0 1
-- 4 <19
-- worker thread times 2 0 1 2 0 0 0 0 1 2 1 0 0 2 2 0 0 2 2 1 2 0 2 2 1 0 0 2 0 2 0
-- 5 <18
-- worker thread times 2 4 3 5 5 2 1 1 2 5 3 1 4 1 2 1 3 4 5 1 2 2 3 2 4 1 2 4 2 2 5
-- 8 <17
-- worker thread times 6 4 2 5 1 6 6 2 3 2 4 4 4 2 6 1 6 6 4 3 5 4 5 3 7 4 3 7 5 6 4
-- 10 <16
-- worker thread times 13 11 9 12 6 7 8 9 8 13 9 12 7 5 11 9 8 10 13 9 8 10 4 12 12 12 11 11 8 13 14
-- 17 <15
-- worker thread times 16 16 19 19 14 15 21 20 20 18 14 20 19 15 14 20 16 22 9 15 14 19 17 18 18 22 15 21 24 19 18
-- 26 <14
-- worker thread times 28 24 26 25 22 25 26 31 27 32 25 28 29 29 22 31 28 30 26 22 28 26 24 32 26 29 31 30 35 23 27
-- 38 <13
-- worker thread times 61 58 54 49 56 47 52 55 46 47 51 46 47 50 51 55 50 53 54 56 45 54 47 49 41 52 48 54 48 47 45
-- 63 <12
-- worker thread times 18024 18022 18024 18021 18019 18018 18024 18012 18012 18026 18018 18028 18017 18014 18016 18023 18017 18020 18013 18018 18020 18011 18010 18033 18018 18012 18014 18023 18007 18017 18021
-- 18036 <11
-- worker thread times 0 1 0 0 1 0 1 0 1 1 0 0 1 1 0 0 1 1 0 0 1 1 1 1 0 0 1 1 0 1 0
true 2950840
(0 -> 30) (1 -> 11) (2 -> 22) (3 -> 24) (4 -> 27) (5 -> 28) (6 -> 38) (7 -> 43) (8 -> 46) (9 -> 47) (10 -> -1) (11 -> -1) (12 -> -1) (13 -> -1) (14 -> -1) (15 -> -1) (16 -> -1) (17 -> -1) (18 -> -1) (19 -> -1) 
18219 3 4 5 8 10 17 26 38 63 18036 4
EXCEPT=10 FAIL0=3 FAIL1=4 FAIL2=5 FAIL3=8 FAIL4=10 FAIL5=17 FAIL6=26 FAIL7=38 FAIL8=63 FAIL9=18036 SIZE=10 
