-- worker thread times 14 17 13 13 15 15 14 16 16 12 14 15 15 16 13 13 12 16 17 15 14 13 14 14 12 14 13 14 13 12 15
-- 19 <20
-- worker thread times 59 57 61 58 60 61 60 60 59 61 59 59 60 59 60 61 57 61 58 59 61 59 58 61 60 58 61 58 58 61 58
-- 65 <19
-- worker thread times 151 152 153 150 151 148 153 151 155 150 153 153 150 149 151 152 149 153 152 151 150 152 149 151 150 152 153 151 153 152 154
-- 158 <18
-- worker thread times 298 295 296 296 296 298 297 296 297 296 296 296 299 298 298 297 297 298 297 299 297 296 296 296 298 298 296 295 298 297 299
-- 304 <17
-- worker thread times 526 527 525 524 524 524 524 527 525 524 526 525 526 526 527 524 524 524 525 524 525 527 526 526 523 525 526 525 523 525 528
-- 533 <16
-- worker thread times 901 906 905 904 903 905 904 905 902 904 905 905 905 906 905 905 905 904 903 902 906 904 903 903 906 906 903 905 904 905 907
-- 912 <15
-- worker thread times 1688 1690 1695 1691 1691 1694 1689 1691 1692 1694 1690 1691 1687 1688 1691 1691 1694 1690 1692 1690 1693 1691 1690 1693 1689 1687 1693 1690 1696 1693 1688
-- 1701 <14
-- worker thread times 3823 3823 3822 3820 3826 3823 3820 3820 3822 3823 3821 3823 3823 3822 3824 3822 3821 3820 3822 3824 3825 3819 3820 3823 3825 3821 3821 3821 3824 3826 3826
-- 3833 <13
-- worker thread times 8840 8840 8839 8839 8838 8842 8837 8840 8839 8836 8837 8842 8838 8839 8842 8839 8838 8837 8837 8838 8838 8836 8834 8838 8840 8834 8839 8839 8836 8837 8839
-- 8849 <12
-- worker thread times 4 3 4 2 2 3 3 3 4 3 3 2 3 3 2 2 3 3 3 2 3 3 3 4 2 2 2 2 3 2 3
true 2960204
(0 -> 50) (1 -> 10) (2 -> 75) (3 -> 6) (4 -> 12) (5 -> 85) (6 -> 39) (7 -> 92) (8 -> 100) (9 -> 103) (10 -> -1) (11 -> -1) (12 -> -1) (13 -> -1) (14 -> -1) (15 -> -1) (16 -> -1) (17 -> -1) (18 -> -1) (19 -> 15) 
16384 19 65 158 304 533 912 1701 3833 8849 7
EXCEPT=9 FAIL0=19 FAIL1=65 FAIL2=158 FAIL3=304 FAIL4=533 FAIL5=912 FAIL6=1701 FAIL7=3833 FAIL8=8849 SIZE=11 
