-- worker thread times 0 0 0 0 0 0 0 0 0 0 0 0 0 0 0 0 0 0 0 0 0 0 0 0 0 0 0 0 0 0 0
-- 3 <20
-- worker thread times 1 0 0 0 0 0 1 0 0 0 0 0 0 0 0 0 0 0 0 0 0 1 0 0 0 0 0 0 1 0 0
-- 3 <19
-- worker thread times 0 0 0 0 0 1 0 0 0 0 0 0 0 0 0 1 0 0 2 1 0 0 0 0 2 0 0 1 2 0 1
-- 5 <18
-- worker thread times 3 2 0 1 2 3 1 1 3 0 1 1 2 0 1 1 2 1 1 1 1 1 1 1 2 1 1 1 0 2 2
-- 6 <17
-- worker thread times 5 3 3 3 4 2 2 2 4 3 2 2 2 3 2 3 3 3 3 2 2 2 3 4 4 2 3 3 5 3 1
-- 8 <16
-- worker thread times 6 6 6 7 6 5 7 5 7 7 6 6 7 4 7 6 7 8 7 8 7 6 6 7 8 6 7 4 5 6 9
-- 12 <15
-- worker thread times 15 15 15 15 14 11 13 13 16 15 14 14 12 16 14 15 15 15 14 15 16 12 15 13 13 13 14 15 16 16 14
-- 21 <14
-- worker thread times 27 27 27 28 27 26 26 23 27 29 24 24 25 26 28 27 26 28 26 27 27 28 26 27 26 26 26 30 28 23 28
-- 34 <13
-- worker thread times 45 46 46 47 42 45 45 46 44 44 46 43 43 44 45 47 47 47 45 43 42 45 43 46 44 46 45 43 45 41 45
-- 53 <12
-- worker thread times 108 108 105 103 107 105 108 105 107 110 105 104 104 104 106 107 108 107 107 110 108 107 107 106 108 103 109 108 107 106 108
-- 116 <11
-- worker thread times 4 3 2 2 3 3 4 2 4 3 3 3 4 2 3 3 3 3 2 3 3 2 3 4 4 3 2 3 4 3 4
true 37860
(0 -> 35) (1 -> 60) (2 -> 2) (3 -> 5) (4 -> 6) (5 -> 46) (6 -> 49) (7 -> 9) (8 -> 21) (9 -> 43) (10 -> -1) (11 -> -1) (12 -> -1) (13 -> -1) (14 -> -1) (15 -> -1) (16 -> -1) (17 -> -1) (18 -> -1) (19 -> -1) 
274 3 3 5 6 8 12 21 34 53 116 7
EXCEPT=10 FAIL0=3 FAIL1=3 FAIL2=5 FAIL3=6 FAIL4=8 FAIL5=12 FAIL6=21 FAIL7=34 FAIL8=53 FAIL9=116 SIZE=10 
