-- worker thread times 7 6 7 7 6 8 8 6 5 3 7 8 6 6 6 7 6 6 8 6 7 5 5 6 7 7 7 7 5 6 8
-- 12 <20
-- worker thread times 31 30 31 33 30 30 31 31 29 32 32 33 31 28 32 32 32 31 31 33 32 34 31 30 28 31 32 31 32 33 34
-- 38 <19
-- worker thread times 80 79 80 81 79 79 79 78 78 81 81 78 78 79 78 80 81 79 80 77 78 83 79 79 78 80 78 78 79 79 78
-- 86 <18
-- worker thread times 177 179 177 176 176 176 174 175 177 175 176 175 175 178 175 175 177 176 175 176 173 174 174 176 178 175 178 176 178 174 179
-- 183 <17
-- worker thread times 341 346 344 339 339 341 343 338 339 338 340 336 340 343 341 341 342 340 341 338 343 339 344 339 344 341 340 337 339 337 341
-- 349 <16
-- worker thread times 639 634 633 632 631 634 632 633 631 633 633 632 632 634 632 634 631 632 632 634 634 631 632 630 635 635 636 634 635 634 636
-- 642 <15
-- worker thread times 1257 1255 1255 1256 1254 1255 1252 1253 1253 1255 1254 1253 1256 1255 1257 1251 1254 1256 1257 1256 1253 1253 1250 1252 1251 1252 1254 1256 1250 1253 1260
-- 1263 <14
-- worker thread times 2607 2597 2595 2601 2595 2602 2600 2597 2599 2604 2603 2596 2596 2600 2598 2604 2604 2597 2603 2600 2600 2596 2597 2600 2594 2601 2600 2602 2605 2602 2602
-- 2611 <13
-- worker thread times 5970 5968 5975 5973 5975 5973 5973 5977 5976 5974 5976 5976 5975 5975 5974 5973 5976 5975 5971 5970 5975 5975 5975 5970 5971 5974 5969 5971 5972 5971 5981
-- 5985 <12
-- worker thread times 1 3 2 3 3 2 1 2 1 1 1 2 3 3 2 1 3 3 1 3 0 2 2 2 3 3 1 2 3 1 2
true 1759616
(0 -> 38) (1 -> 36) (2 -> 28) (3 -> 41) (4 -> 47) (5 -> 105) (6 -> 49) (7 -> 93) (8 -> 98) (9 -> 95) (10 -> -1) (11 -> -1) (12 -> -1) (13 -> -1) (14 -> -1) (15 -> -1) (16 -> -1) (17 -> -1) (18 -> -1) (19 -> 186) 
11180 12 38 86 183 349 642 1263 2611 5985 6
EXCEPT=9 FAIL0=12 FAIL1=38 FAIL2=86 FAIL3=183 FAIL4=349 FAIL5=642 FAIL6=1263 FAIL7=2611 FAIL8=5985 SIZE=11 
