-- worker thread times 73 46 72 72 68 72 64 71 69 73 68 72 73 66 68 72 68 71 73 73 65 46 71 72 69 57 72 69 69 46 69
-- 83 <129
-- worker thread times 95 99 97 94 103 97 103 104 96 101 105 99 95 104 104 102 100 103 81 88 98 98 100 100 104 103 97 102 98 100 99
-- 116 <128
-- worker thread times 126 125 133 126 133 126 132 127 129 126 128 129 130 128 129 133 131 128 130 129 127 130 132 133 127 118 134 127 130 133 132
-- 144 <127
-- worker thread times 164 168 165 168 164 166 159 165 165 166 162 165 162 167 161 164 169 152 150 154 167 169 167 168 162 163 168 149 166 170 163
-- 183 <126
-- worker thread times 263 280 269 279 256 267 267 283 270 281 270 267 248 261 271 260 285 278 286 256 279 266 272 271 269 262 280 254 283 279 281
-- 300 <125
-- worker thread times 897 886 897 898 899 903 898 898 896 881 894 882 900 894 896 899 890 899 886 893 893 899 898 901 898 895 902 894 887 897 899
-- 919 <124
-- worker thread times 3685 3694 3696 3696 3695 3693 3697 3696 3694 3690 3696 3695 3697 3690 3694 3693 3696 3693 3700 3690 3696 3691 3696 3678 3693 3690 3691 3693 3693 3696 3693
-- 3713 <123
-- worker thread times 14384 14399 14389 14393 14380 14394 14393 14396 14393 14388 14397 14395 14395 14393 14382 14389 14389 14399 14380 14393 14386 14389 14382 14397 14388 14398 14394 14388 14394 14399 14393
-- 14413 <122
-- worker thread times 80102 80097 80098 80106 80100 80102 80097 80093 80102 80098 80100 80098 80103 80102 80101 80077 80100 80103 80105 80099 80103 80104 80105 80090 80102 80100 80102 80101 80104 80100 80088
-- 80116 <121
false 1710346 aborted

100007 83 116 144 183 300 919 3713 14413 80116
FAIL0=83 FAIL1=116 FAIL2=144 FAIL3=183 FAIL4=300 FAIL5=919 FAIL6=3713 FAIL7=14413 FAIL8=80116 
