-- worker thread times 17 16 18 11 18 8 13 20 13 7 26 26 27 17 12 4 12 26 26 18 6 17 12 16 25 13 26 25 27 19 12
-- 35 <129
-- worker thread times 23 24 26 26 31 25 23 24 21 25 18 18 25 37 30 31 37 13 36 24 13 25 24 37 37 37 25 24 24 25 38
-- 46 <128
-- worker thread times 52 49 51 54 41 43 55 55 53 42 44 55 53 43 44 54 54 54 41 42 49 42 57 56 53 42 53 49 45 39 57
-- 65 <127
-- worker thread times 105 99 91 94 104 104 100 101 92 103 103 105 105 101 102 103 90 103 103 102 101 103 104 92 93 103 102 104 101 103 103
-- 115 <126
-- worker thread times 344 332 332 335 340 335 343 343 336 342 342 326 330 335 330 330 340 330 343 338 343 341 342 340 335 340 334 338 343 329 340
-- 352 <125
-- worker thread times 1520 1535 1538 1537 1527 1535 1528 1523 1536 1536 1537 1526 1537 1530 1539 1535 1526 1537 1525 1527 1529 1536 1538 1520 1532 1536 1538 1531 1536 1536 1538
-- 1549 <124
-- worker thread times 6383 6371 6383 6385 6373 6382 6384 6380 6380 6384 6372 6374 6382 6385 6376 6382 6382 6385 6382 6383 6370 6383 6383 6377 6378 6379 6379 6386 6382 6380 6386
-- 6396 <123
-- worker thread times 26117 26106 26103 26114 26098 26102 26112 26113 26098 26097 26110 26098 26101 26114 26114 26111 26110 26118 26099 26102 26100 26098 26108 26110 26095 26114 26100 26112 26106 26100 26113
-- 26129 <122
-- worker thread times 65285 65297 65299 65298 65291 65288 65299 65285 65288 65288 65297 65298 65300 65296 65296 65299 65295 65294 65297 65297 65295 65298 65299 65284 65297 65295 65289 65297 65298 65296 65298
-- 65309 <121
false 5007824 aborted

100004 35 46 65 115 352 1549 6396 26129 65309
FAIL0=35 FAIL1=46 FAIL2=65 FAIL3=115 FAIL4=352 FAIL5=1549 FAIL6=6396 FAIL7=26129 FAIL8=65309 
