-- worker thread times 5 2 2 2 3 2 0 3 4 2 1 0 2 3 0 5 2 2 2 3 1 4 4 3 4 2 2 2 0 2 5
-- 10 <49
-- worker thread times 2 5 7 4 5 3 2 6 5 3 5 6 3 3 4 0 5 5 5 6 2 4 5 5 6 6 4 2 6 5 4
-- 14 <48
-- worker thread times 14 11 15 14 5 10 14 10 13 11 11 11 10 10 11 12 10 11 12 12 10 12 8 13 5 14 11 5 13 11 6
-- 21 <47
-- worker thread times 34 35 36 32 33 37 33 34 28 36 33 31 32 35 33 32 29 35 35 32 33 32 35 30 33 34 34 38 35 32 37
-- 44 <46
-- worker thread times 145 144 144 146 145 146 146 146 146 146 146 145 145 147 143 145 145 143 145 148 146 145 148 147 144 145 145 146 144 146 148
-- 156 <45
-- worker thread times 523 520 518 518 519 518 521 519 519 517 522 520 522 518 523 518 521 522 516 516 521 515 521 521 517 523 522 520 522 522 519
-- 532 <44
-- worker thread times 7065 7063 7061 7066 7061 7061 7064 7059 7061 7057 7063 7067 7064 7067 7059 7060 7060 7060 7062 7060 7060 7063 7062 7064 7067 7060 7064 7060 7063 7060 7068
-- 7074 <43
-- worker thread times 41308 41310 41305 41306 41303 41303 41298 41303 41305 41299 41300 41303 41304 41305 41303 41301 41301 41305 41306 41306 41303 41295 41305 41310 41307 41296 41299 41299 41303 41304 41310
-- 41319 <42
-- worker thread times 50820 50819 50819 50819 50819 50818 50820 50819 50820 50817 50819 50820 50817 50817 50817 50819 50819 50819 50819 50819 50819 50819 50820 50818 50819 50820 50818 50818 50817 50820 50819
-- 50826 <41
false 3893334 aborted

100003 10 14 21 44 156 532 7074 41319 50826
FAIL0=10 FAIL1=14 FAIL2=21 FAIL3=44 FAIL4=156 FAIL5=532 FAIL6=7074 FAIL7=41319 FAIL8=50826 
