-- 414 1
-- 415 2
-- 415 3
-- 415 4
-- 415 5
-- 415 6
-- 415 7
-- 415 8
-- 415 9
-- 415 10
-- 415 11
-- 415 12
-- 415 13
-- 415 14
-- 415 15
-- 415 16
-- 415 17
-- 415 18
-- 415 19
-- 415 20
-- 415 21
-- 415 22
-- 421 23
-- 457 24
-- 4109 25
true 17367107 aborted 25
(0 -> 10) (3 -> 2) (4 -> 38) (7 -> 29) (10 -> 28) (11 -> 35) (12 -> 12) (15 -> 19) (18 -> 8) (21 -> 20) (22 -> 11) (23 -> 22) (24 -> 7) (25 -> 18) (26 -> 23) (27 -> 33) (30 -> 6) (31 -> 14) (32 -> 0) (33 -> 25) (34 -> 3) (36 -> 16) (37 -> 26) (38 -> 9) (39 -> 15) 
100000
