-- 1238 1
-- 1238 2
-- 1238 3
-- 1238 4
-- 1238 5
-- 1238 6
-- 1238 7
-- 1239 8
-- 1239 9
-- 1239 10
-- 1239 11
-- 1239 12
-- 1239 13
-- 1239 14
-- 1239 15
-- 1239 16
-- 1239 17
-- 1239 18
-- 1239 19
-- 1239 20
-- 1239 21
-- 1239 22
-- 1239 23
-- 1239 24
-- 1248 25
-- 1299 26
-- 1577 27
-- 10336 28
true 20649258 aborted 28
(1 -> 5) (2 -> 48) (3 -> 15) (4 -> 27) (5 -> 18) (6 -> 17) (8 -> 4) (10 -> 16) (11 -> 2) (12 -> 29) (16 -> 1) (17 -> 30) (18 -> 8) (19 -> 28) (20 -> 21) (21 -> 46) (23 -> 45) (24 -> 25) (25 -> 19) (26 -> 42) (27 -> 24) (31 -> 39) (37 -> 20) (39 -> 34) (43 -> 49) (45 -> 12) (47 -> 40) (49 -> 41) 
100001
