-- 1140 1
-- 1140 2
-- 1141 3
-- 1141 4
-- 1141 5
-- 1141 6
-- 1141 7
-- 1141 8
-- 1141 9
-- 1141 10
-- 1141 11
-- 1141 12
-- 1141 13
-- 1141 14
-- 1141 15
-- 1141 16
-- 1141 17
-- 1141 18
-- 1141 19
-- 1141 20
-- 1141 21
-- 1141 22
-- 1141 23
-- 1142 24
-- 1142 25
-- 1145 26
-- 1155 27
-- 1597 28
true 13564596 aborted 28
(1 -> 30) (2 -> 0) (3 -> 41) (5 -> 40) (6 -> 44) (8 -> 36) (11 -> 27) (13 -> 7) (15 -> 2) (16 -> 25) (17 -> 42) (18 -> 20) (21 -> 14) (22 -> 10) (24 -> 45) (26 -> 12) (27 -> 48) (28 -> 38) (33 -> 31) (34 -> 13) (35 -> 17) (36 -> 4) (37 -> 28) (39 -> 11) (41 -> 1) (43 -> 26) (46 -> 49) (48 -> 32) 
100001
