-- 1193 1
-- 1194 2
-- 1194 3
-- 1194 4
-- 1194 5
-- 1194 6
-- 1194 7
-- 1194 8
-- 1194 9
-- 1194 10
-- 1194 11
-- 1194 12
-- 1194 13
-- 1194 14
-- 1194 15
-- 1194 16
-- 1194 17
-- 1194 18
-- 1194 19
-- 1194 20
-- 1199 21
-- 1199 22
-- 1227 23
-- 1970 24
-- 14304 25
true 18639227 aborted 25
(3 -> 29) (6 -> 28) (8 -> 33) (10 -> 44) (14 -> 11) (16 -> 23) (18 -> 39) (20 -> 20) (23 -> 8) (27 -> 47) (28 -> 30) (29 -> 48) (30 -> 9) (32 -> 24) (35 -> 16) (36 -> 2) (37 -> 35) (38 -> 37) (39 -> 6) (40 -> 25) (42 -> 26) (43 -> 17) (45 -> 14) (46 -> 36) (47 -> 21) 
100001
