-- 1273 1
-- 1273 2
-- 1273 3
-- 1273 4
-- 1274 5
-- 1274 6
-- 1274 7
-- 1274 8
-- 1274 9
-- 1274 10
-- 1274 11
-- 1274 12
-- 1274 13
-- 1274 14
-- 1274 15
-- 1274 16
-- 1274 17
-- 1274 18
-- 1274 19
-- 1274 20
-- 1274 21
-- 1274 22
-- 1274 23
-- 1274 24
-- 1274 25
-- 1274 26
-- 1274 27
-- 1285 28
-- 1380 29
-- 2197 30
-- 26570 31
-- 27017 32
-- 95850 33
true 17602918 aborted 33
(0 -> 23) (1 -> 35) (2 -> 45) (3 -> 37) (5 -> 27) (6 -> 10) (8 -> 9) (9 -> 24) (10 -> 3) (11 -> 8) (12 -> 36) (13 -> 11) (14 -> 22) (15 -> 43) (16 -> 29) (17 -> 46) (18 -> 1) (19 -> 31) (22 -> 6) (25 -> 14) (26 -> 13) (27 -> 25) (31 -> 28) (32 -> 0) (33 -> 33) (35 -> 4) (36 -> 40) (40 -> 26) (41 -> 15) (42 -> 18) (43 -> 48) (47 -> 19) (48 -> 32) 
100000
