-- 401 1
-- 401 2
-- 401 3
-- 401 4
-- 401 5
-- 401 6
-- 401 7
-- 401 8
-- 401 9
-- 401 10
-- 401 11
-- 401 12
-- 401 13
-- 401 14
-- 401 15
-- 401 16
-- 401 17
-- 401 18
-- 401 19
-- 401 20
-- 402 21
-- 420 22
-- 1775 23
-- 31841 24
true 22857460 aborted 24
(1 -> 16) (3 -> 21) (4 -> 34) (9 -> 22) (11 -> 1) (13 -> 11) (15 -> 6) (18 -> 32) (19 -> 39) (20 -> 30) (21 -> 0) (23 -> 29) (24 -> 20) (25 -> 24) (26 -> 27) (28 -> 12) (29 -> 35) (30 -> 25) (31 -> 38) (32 -> 3) (34 -> 2) (36 -> 37) (37 -> 23) (39 -> 36) 
100000
