-- 1098 1
-- 1098 2
-- 1098 3
-- 1098 4
-- 1098 5
-- 1098 6
-- 1099 7
-- 1099 8
-- 1099 9
-- 1099 10
-- 1099 11
-- 1099 12
-- 1099 13
-- 1099 14
-- 1099 15
-- 1099 16
-- 1099 17
-- 1099 18
-- 1099 19
-- 1099 20
-- 1099 21
-- 1099 22
-- 1136 23
-- 1298 24
-- 3479 25
-- 5310 26
true 16144377 aborted 26
(0 -> 42) (1 -> 45) (2 -> 32) (5 -> 12) (9 -> 24) (10 -> 36) (11 -> 13) (13 -> 17) (15 -> 30) (18 -> 11) (21 -> 37) (22 -> 41) (24 -> 46) (25 -> 5) (26 -> 8) (27 -> 18) (29 -> 6) (30 -> 48) (31 -> 40) (37 -> 28) (38 -> 29) (41 -> 15) (42 -> 27) (44 -> 21) (46 -> 26) (48 -> 35) 
100000
