-- 1170 1
-- 1171 2
-- 1171 3
-- 1171 4
-- 1171 5
-- 1171 6
-- 1171 7
-- 1171 8
-- 1171 9
-- 1171 10
-- 1171 11
-- 1171 12
-- 1171 13
-- 1171 14
-- 1171 15
-- 1171 16
-- 1171 17
-- 1171 18
-- 1171 19
-- 1171 20
-- 1171 21
-- 1171 22
-- 1171 23
-- 1171 24
-- 1171 25
-- 1173 26
-- 1174 27
-- 2225 28
true 17990378 aborted 28
(0 -> 14) (3 -> 22) (4 -> 7) (7 -> 8) (9 -> 41) (10 -> 29) (14 -> 15) (15 -> 19) (16 -> 23) (17 -> 46) (19 -> 5) (21 -> 12) (25 -> 33) (28 -> 20) (30 -> 32) (31 -> 26) (32 -> 31) (33 -> 17) (36 -> 16) (37 -> 49) (39 -> 40) (40 -> 43) (41 -> 38) (42 -> 2) (43 -> 0) (44 -> 34) (45 -> 47) (49 -> 35) 
100000
