-- 1211 1
-- 1212 2
-- 1212 3
-- 1212 4
-- 1212 5
-- 1212 6
-- 1212 7
-- 1212 8
-- 1212 9
-- 1212 10
-- 1212 11
-- 1212 12
-- 1212 13
-- 1212 14
-- 1213 15
-- 1213 16
-- 1213 17
-- 1213 18
-- 1213 19
-- 1213 20
-- 1213 21
-- 1213 22
-- 1213 23
-- 1213 24
-- 1213 25
-- 1219 26
-- 1228 27
-- 2245 28
-- 2246 29
-- 40687 30
true 15848481 aborted 30
(0 -> 17) (1 -> 39) (3 -> 18) (4 -> 28) (5 -> 14) (6 -> 46) (7 -> 12) (8 -> 20) (9 -> 16) (14 -> 27) (19 -> 42) (21 -> 25) (22 -> 15) (24 -> 11) (25 -> 30) (27 -> 7) (29 -> 8) (31 -> 35) (32 -> 36) (33 -> 3) (35 -> 19) (36 -> 6) (39 -> 31) (40 -> 40) (41 -> 22) (43 -> 1) (44 -> 37) (45 -> 23) (46 -> 45) (47 -> 26) 
100001
