-- 406 1
-- 407 2
-- 407 3
-- 407 4
-- 407 5
-- 407 6
-- 407 7
-- 407 8
-- 407 9
-- 407 10
-- 407 11
-- 407 12
-- 407 13
-- 407 14
-- 407 15
-- 407 16
-- 407 17
-- 407 18
-- 407 19
-- 407 20
-- 407 21
-- 407 22
-- 452 23
-- 474 24
-- 609 25
-- 7944 26
-- 23206 27
true 28838227 aborted 27
(0 -> 20) (2 -> 26) (4 -> 5) (5 -> 22) (7 -> 12) (8 -> 1) (9 -> 18) (10 -> 31) (11 -> 16) (14 -> 7) (16 -> 27) (17 -> 11) (18 -> 39) (20 -> 29) (21 -> 30) (22 -> 10) (23 -> 15) (24 -> 32) (25 -> 2) (26 -> 38) (27 -> 6) (29 -> 23) (31 -> 28) (33 -> 19) (34 -> 4) (37 -> 13) (39 -> 25) 
100000
