-- 505 1
-- 505 2
-- 505 3
-- 505 4
-- 505 5
-- 505 6
-- 505 7
-- 505 8
-- 505 9
-- 506 10
-- 506 11
-- 506 12
-- 506 13
-- 506 14
-- 506 15
-- 506 16
-- 506 17
-- 506 18
-- 506 19
-- 506 20
-- 506 21
-- 506 22
-- 506 23
-- 508 24
-- 509 25
-- 519 26
-- 665 27
-- 13107 28
true 20828124 aborted 28
(0 -> 36) (3 -> 26) (6 -> 9) (7 -> 19) (8 -> 21) (10 -> 4) (11 -> 1) (14 -> 12) (15 -> 30) (16 -> 13) (17 -> 5) (18 -> 20) (19 -> 27) (20 -> 6) (21 -> 38) (22 -> 24) (24 -> 0) (25 -> 22) (26 -> 10) (27 -> 35) (28 -> 23) (29 -> 15) (30 -> 28) (32 -> 7) (34 -> 18) (35 -> 29) (37 -> 25) (38 -> 17) 
100000
