-- 234 1
-- 234 2
-- 234 3
-- 234 4
-- 234 5
-- 234 6
-- 234 7
-- 234 8
-- 234 9
-- 234 10
-- 234 11
-- 234 12
-- 234 13
-- 234 14
-- 234 15
-- 234 16
-- 234 17
-- 234 18
-- 234 19
-- 234 20
-- 234 21
-- 234 22
-- 1377 23
-- 20807 24
true 31906084 aborted 24
(1 -> 26) (3 -> 11) (4 -> 12) (5 -> 34) (7 -> 33) (10 -> 17) (11 -> 16) (12 -> 27) (13 -> 14) (14 -> 9) (15 -> 31) (16 -> 28) (19 -> 5) (20 -> 30) (22 -> 32) (24 -> 20) (25 -> 2) (26 -> 15) (29 -> 23) (30 -> 1) (31 -> 4) (32 -> 25) (33 -> 0) (34 -> 19) 
100000
