-- 1168 1
-- 1168 2
-- 1168 3
-- 1168 4
-- 1168 5
-- 1169 6
-- 1169 7
-- 1169 8
-- 1169 9
-- 1169 10
-- 1169 11
-- 1169 12
-- 1169 13
-- 1169 14
-- 1169 15
-- 1169 16
-- 1169 17
-- 1169 18
-- 1169 19
-- 1169 20
-- 1169 21
-- 1169 22
-- 1169 23
-- 1170 24
-- 1173 25
-- 1174 26
-- 1181 27
-- 3408 28
-- 14527 29
-- 83424 30
true 12626845 aborted 30
(0 -> 15) (4 -> 18) (5 -> 26) (6 -> 7) (9 -> 10) (12 -> 39) (14 -> 33) (15 -> 49) (16 -> 47) (17 -> 40) (18 -> 6) (19 -> 13) (22 -> 8) (24 -> 1) (25 -> 21) (26 -> 4) (30 -> 27) (31 -> 29) (32 -> 44) (33 -> 30) (34 -> 34) (35 -> 38) (36 -> 37) (40 -> 16) (41 -> 24) (42 -> 9) (43 -> 12) (46 -> 31) (48 -> 25) (49 -> 42) 
100001
