-- 1291 1
-- 1291 2
-- 1292 3
-- 1292 4
-- 1292 5
-- 1292 6
-- 1292 7
-- 1292 8
-- 1292 9
-- 1292 10
-- 1292 11
-- 1292 12
-- 1292 13
-- 1292 14
-- 1292 15
-- 1292 16
-- 1292 17
-- 1292 18
-- 1292 19
-- 1292 20
-- 1293 21
-- 1293 22
-- 1293 23
-- 1293 24
-- 1293 25
-- 1293 26
-- 1293 27
-- 1293 28
-- 1293 29
-- 1293 30
-- 1293 31
-- 1293 32
-- 1303 33
-- 1552 34
-- 85507 35
true 19135077 aborted 35
(1 -> 29) (2 -> 38) (3 -> 5) (4 -> 27) (6 -> 32) (9 -> 4) (10 -> 43) (15 -> 45) (16 -> 2) (17 -> 8) (18 -> 18) (19 -> 15) (20 -> 36) (21 -> 20) (22 -> 34) (24 -> 19) (25 -> 33) (26 -> 1) (28 -> 12) (29 -> 10) (30 -> 35) (32 -> 40) (33 -> 13) (35 -> 44) (36 -> 16) (38 -> 23) (39 -> 48) (40 -> 28) (41 -> 41) (42 -> 37) (44 -> 3) (45 -> 7) (46 -> 30) (47 -> 47) (48 -> 24) 
100001
