-- 418 1
-- 418 2
-- 418 3
-- 418 4
-- 418 5
-- 418 6
-- 418 7
-- 418 8
-- 418 9
-- 418 10
-- 418 11
-- 418 12
-- 418 13
-- 418 14
-- 418 15
-- 418 16
-- 418 17
-- 418 18
-- 418 19
-- 418 20
-- 418 21
-- 427 22
-- 9115 23
-- 12112 24
-- 12397 25
-- 14761 26
true 28503637 aborted 26
(0 -> 13) (1 -> 20) (2 -> 9) (8 -> 2) (9 -> 16) (10 -> 29) (11 -> 25) (12 -> 21) (13 -> 14) (14 -> 32) (16 -> 11) (17 -> 24) (18 -> 7) (19 -> 36) (23 -> 17) (25 -> 35) (27 -> 34) (28 -> 22) (29 -> 0) (30 -> 37) (32 -> 4) (33 -> 28) (35 -> 31) (36 -> 12) (37 -> 33) (38 -> 26) 
100000
