-- 406 1
-- 406 2
-- 406 3
-- 406 4
-- 406 5
-- 407 6
-- 407 7
-- 407 8
-- 407 9
-- 407 10
-- 407 11
-- 407 12
-- 407 13
-- 407 14
-- 407 15
-- 407 16
-- 407 17
-- 407 18
-- 407 19
-- 407 20
-- 407 21
-- 407 22
-- 407 23
-- 943 24
-- 81001 25
true 26049492 aborted 25
(1 -> 16) (2 -> 27) (3 -> 19) (4 -> 39) (5 -> 24) (6 -> 32) (7 -> 2) (8 -> 6) (9 -> 36) (10 -> 21) (11 -> 23) (12 -> 11) (15 -> 30) (19 -> 5) (20 -> 0) (21 -> 31) (23 -> 28) (24 -> 14) (26 -> 20) (28 -> 33) (31 -> 13) (33 -> 8) (34 -> 38) (36 -> 22) (38 -> 7) 
100000
