-- 1123 1
-- 1123 2
-- 1123 3
-- 1123 4
-- 1124 5
-- 1124 6
-- 1124 7
-- 1124 8
-- 1124 9
-- 1124 10
-- 1124 11
-- 1124 12
-- 1124 13
-- 1124 14
-- 1124 15
-- 1124 16
-- 1124 17
-- 1124 18
-- 1124 19
-- 1124 20
-- 1124 21
-- 1124 22
-- 1348 23
-- 1392 24
-- 7474 25
true 27217844 aborted 25
(2 -> 47) (3 -> 25) (4 -> 34) (10 -> 13) (12 -> 8) (13 -> 43) (14 -> 42) (15 -> 9) (17 -> 22) (21 -> 11) (26 -> 45) (27 -> 5) (28 -> 40) (31 -> 6) (32 -> 29) (33 -> 32) (35 -> 0) (37 -> 41) (39 -> 30) (41 -> 10) (43 -> 4) (44 -> 15) (45 -> 14) (47 -> 31) (48 -> 27) 
100001
