-- 1224 1
-- 1224 2
-- 1225 3
-- 1225 4
-- 1225 5
-- 1225 6
-- 1225 7
-- 1225 8
-- 1225 9
-- 1225 10
-- 1225 11
-- 1225 12
-- 1225 13
-- 1225 14
-- 1225 15
-- 1225 16
-- 1225 17
-- 1225 18
-- 1225 19
-- 1225 20
-- 1225 21
-- 1225 22
-- 1225 23
-- 1225 24
-- 1225 25
-- 1226 26
-- 1533 27
-- 1634 28
-- 3564 29
true 12726440 aborted 29
(0 -> 24) (2 -> 44) (3 -> 36) (4 -> 13) (5 -> 43) (7 -> 39) (9 -> 30) (12 -> 7) (18 -> 25) (19 -> 0) (20 -> 8) (21 -> 38) (22 -> 5) (24 -> 48) (25 -> 23) (26 -> 21) (28 -> 18) (29 -> 10) (33 -> 35) (36 -> 31) (38 -> 37) (40 -> 29) (42 -> 40) (43 -> 9) (44 -> 34) (45 -> 12) (46 -> 33) (48 -> 45) (49 -> 47) 
100001
