-- 1113 1
-- 1113 2
-- 1113 3
-- 1113 4
-- 1113 5
-- 1113 6
-- 1113 7
-- 1114 8
-- 1114 9
-- 1114 10
-- 1114 11
-- 1114 12
-- 1114 13
-- 1114 14
-- 1114 15
-- 1114 16
-- 1114 17
-- 1114 18
-- 1114 19
-- 1114 20
-- 1114 21
-- 1114 22
-- 1114 23
-- 1114 24
-- 1124 25
-- 1220 26
-- 1319 27
true 11125595 aborted 27
(0 -> 16) (1 -> 35) (4 -> 40) (5 -> 17) (6 -> 42) (8 -> 7) (10 -> 11) (11 -> 4) (14 -> 6) (15 -> 47) (16 -> 9) (18 -> 10) (19 -> 23) (20 -> 39) (21 -> 48) (23 -> 26) (24 -> 15) (27 -> 5) (28 -> 41) (29 -> 29) (31 -> 24) (32 -> 18) (33 -> 31) (40 -> 20) (42 -> 12) (47 -> 46) (49 -> 13) 
100000
