-- 244 1
-- 244 2
-- 244 3
-- 244 4
-- 244 5
-- 244 6
-- 244 7
-- 244 8
-- 244 9
-- 244 10
-- 244 11
-- 244 12
-- 244 13
-- 244 14
-- 244 15
-- 244 16
-- 244 17
-- 244 18
-- 244 19
-- 244 20
-- 244 21
-- 244 22
-- 244 23
-- 245 24
-- 638 25
-- 1100 26
-- 36264 27
true 18114763 aborted 27
(0 -> 26) (1 -> 4) (2 -> 18) (3 -> 25) (4 -> 1) (5 -> 11) (6 -> 31) (8 -> 6) (9 -> 12) (11 -> 24) (12 -> 28) (14 -> 8) (15 -> 10) (17 -> 22) (19 -> 23) (21 -> 2) (22 -> 15) (23 -> 20) (24 -> 3) (25 -> 13) (26 -> 5) (27 -> 17) (28 -> 33) (30 -> 19) (31 -> 16) (32 -> 34) (34 -> 14) 
100000
