-- 1200 1
-- 1200 2
-- 1201 3
-- 1201 4
-- 1201 5
-- 1201 6
-- 1201 7
-- 1201 8
-- 1201 9
-- 1201 10
-- 1201 11
-- 1201 12
-- 1201 13
-- 1201 14
-- 1201 15
-- 1201 16
-- 1201 17
-- 1201 18
-- 1201 19
-- 1201 20
-- 1214 21
-- 1245 22
-- 1271 23
-- 1940 24
-- 1971 25
-- 1982 26
true 10890643 aborted 26
(0 -> 22) (6 -> 24) (8 -> 40) (9 -> 27) (10 -> 31) (11 -> 10) (13 -> 9) (15 -> 19) (16 -> 18) (17 -> 5) (19 -> 25) (24 -> 32) (26 -> 3) (27 -> 7) (28 -> 23) (30 -> 46) (32 -> 17) (33 -> 21) (34 -> 45) (37 -> 37) (39 -> 2) (40 -> 13) (41 -> 20) (42 -> 1) (45 -> 12) (49 -> 16) 
100000
