-- 1249 1
-- 1249 2
-- 1249 3
-- 1249 4
-- 1249 5
-- 1249 6
-- 1249 7
-- 1250 8
-- 1250 9
-- 1250 10
-- 1250 11
-- 1250 12
-- 1250 13
-- 1250 14
-- 1250 15
-- 1250 16
-- 1250 17
-- 1250 18
-- 1250 19
-- 1250 20
-- 1250 21
-- 1250 22
-- 1250 23
-- 1250 24
-- 1250 25
-- 1250 26
-- 1251 27
-- 2367 28
-- 3468 29
-- 21214 30
true 15180007 aborted 30
(0 -> 15) (1 -> 5) (6 -> 29) (7 -> 2) (8 -> 23) (10 -> 22) (12 -> 6) (15 -> 13) (18 -> 19) (19 -> 46) (20 -> 40) (21 -> 21) (22 -> 17) (23 -> 35) (24 -> 41) (25 -> 43) (26 -> 26) (27 -> 30) (28 -> 7) (29 -> 3) (30 -> 1) (32 -> 45) (34 -> 39) (36 -> 10) (37 -> 37) (40 -> 11) (41 -> 25) (44 -> 28) (46 -> 38) (47 -> 14) 
100000
