-- 124 1
-- 125 2
-- 125 3
-- 125 4
-- 125 5
-- 125 6
-- 125 7
-- 125 8
-- 125 9
-- 125 10
-- 125 11
-- 125 12
-- 125 13
-- 125 14
-- 125 15
-- 125 16
-- 125 17
-- 125 18
-- 125 19
-- 125 20
-- 125 21
-- 354 22
-- 869 23
-- 4469 24
true 26244781 aborted 24
(0 -> 15) (1 -> 21) (3 -> 23) (4 -> 4) (5 -> 22) (9 -> 5) (11 -> 8) (12 -> 2) (13 -> 11) (15 -> 13) (16 -> 17) (17 -> 0) (18 -> 3) (19 -> 9) (20 -> 25) (21 -> 27) (22 -> 29) (23 -> 16) (24 -> 6) (25 -> 20) (26 -> 28) (27 -> 12) (28 -> 18) (29 -> 1) 
100000
