-- 498 1
-- 498 2
-- 498 3
-- 498 4
-- 498 5
-- 498 6
-- 498 7
-- 498 8
-- 498 9
-- 498 10
-- 498 11
-- 498 12
-- 498 13
-- 498 14
-- 498 15
-- 498 16
-- 498 17
-- 498 18
-- 498 19
-- 498 20
-- 498 21
-- 498 22
-- 499 23
-- 507 24
-- 86941 25
true 22123810 aborted 25
(0 -> 4) (1 -> 27) (3 -> 9) (4 -> 0) (5 -> 34) (6 -> 33) (10 -> 35) (13 -> 26) (14 -> 5) (16 -> 31) (17 -> 6) (18 -> 23) (19 -> 37) (20 -> 13) (21 -> 8) (23 -> 25) (26 -> 28) (28 -> 15) (29 -> 21) (30 -> 18) (31 -> 29) (32 -> 11) (33 -> 3) (35 -> 22) (36 -> 20) 
100000
