-- 428 1
-- 428 2
-- 428 3
-- 428 4
-- 428 5
-- 428 6
-- 428 7
-- 428 8
-- 428 9
-- 428 10
-- 428 11
-- 428 12
-- 428 13
-- 428 14
-- 428 15
-- 428 16
-- 428 17
-- 428 18
-- 428 19
-- 428 20
-- 428 21
-- 428 22
-- 428 23
-- 428 24
-- 429 25
-- 429 26
-- 431 27
-- 432 28
true 13866424 aborted 28
(0 -> 39) (3 -> 20) (5 -> 23) (6 -> 6) (7 -> 11) (8 -> 37) (9 -> 24) (10 -> 1) (11 -> 12) (12 -> 7) (14 -> 30) (15 -> 33) (17 -> 17) (19 -> 35) (21 -> 14) (22 -> 22) (24 -> 29) (25 -> 4) (29 -> 36) (31 -> 16) (32 -> 15) (33 -> 0) (34 -> 2) (35 -> 28) (36 -> 13) (37 -> 19) (38 -> 8) (39 -> 27) 
100001
