-- 262 1
-- 262 2
-- 262 3
-- 262 4
-- 262 5
-- 262 6
-- 262 7
-- 262 8
-- 262 9
-- 262 10
-- 262 11
-- 262 12
-- 262 13
-- 262 14
-- 262 15
-- 262 16
-- 262 17
-- 262 18
-- 262 19
-- 262 20
-- 262 21
-- 262 22
-- 262 23
-- 262 24
-- 262 25
-- 262 26
true 18124029 aborted 26
(0 -> 23) (1 -> 24) (4 -> 22) (6 -> 5) (8 -> 1) (9 -> 2) (10 -> 26) (11 -> 21) (12 -> 10) (13 -> 27) (14 -> 18) (15 -> 3) (16 -> 8) (17 -> 7) (18 -> 13) (19 -> 4) (20 -> 9) (22 -> 30) (23 -> 20) (24 -> 0) (25 -> 14) (26 -> 12) (28 -> 11) (30 -> 19) (32 -> 16) (33 -> 6) 
100000
