-- 212 1
-- 212 2
-- 212 3
-- 212 4
-- 212 5
-- 212 6
-- 212 7
-- 212 8
-- 212 9
-- 212 10
-- 212 11
-- 212 12
-- 212 13
-- 212 14
-- 212 15
-- 212 16
-- 212 17
-- 212 18
-- 212 19
-- 212 20
-- 212 21
-- 212 22
-- 233 23
-- 281 24
-- 281 25
-- 310 26
-- 606 27
-- 737 28
-- 737 29
-- 787 30
-- 787 31
true 10718927 aborted 31
(0 -> 33) (2 -> 15) (3 -> 32) (4 -> 2) (5 -> 11) (6 -> 3) (7 -> 21) (8 -> 5) (9 -> 17) (10 -> 29) (11 -> 25) (12 -> 18) (13 -> 26) (14 -> 9) (15 -> 4) (16 -> 8) (17 -> 34) (19 -> 1) (20 -> 12) (21 -> 0) (22 -> 19) (23 -> 7) (24 -> 10) (25 -> 27) (28 -> 14) (29 -> 31) (30 -> 22) (31 -> 6) (32 -> 30) (33 -> 13) (34 -> 16) 
100000
