-- 1129 1
-- 1129 2
-- 1129 3
-- 1130 4
-- 1130 5
-- 1130 6
-- 1130 7
-- 1130 8
-- 1130 9
-- 1130 10
-- 1130 11
-- 1130 12
-- 1130 13
-- 1130 14
-- 1130 15
-- 1130 16
-- 1130 17
-- 1130 18
-- 1130 19
-- 1130 20
-- 1130 21
-- 1130 22
-- 1133 23
-- 1188 24
-- 2187 25
-- 22212 26
true 12870165 aborted 26
(0 -> 19) (6 -> 29) (7 -> 36) (8 -> 25) (9 -> 11) (10 -> 28) (12 -> 27) (14 -> 45) (15 -> 6) (17 -> 5) (19 -> 0) (22 -> 3) (25 -> 4) (26 -> 12) (28 -> 22) (29 -> 39) (30 -> 9) (35 -> 8) (36 -> 18) (37 -> 20) (39 -> 13) (43 -> 17) (45 -> 42) (47 -> 33) (48 -> 1) (49 -> 31) 
100001
