-- 415 1
-- 416 2
-- 416 3
-- 416 4
-- 416 5
-- 416 6
-- 416 7
-- 416 8
-- 416 9
-- 416 10
-- 416 11
-- 416 12
-- 416 13
-- 416 14
-- 416 15
-- 416 16
-- 416 17
-- 416 18
-- 416 19
-- 416 20
-- 418 21
-- 418 22
-- 507 23
-- 1409 24
true 27766161 aborted 24
(0 -> 27) (1 -> 34) (2 -> 2) (4 -> 38) (5 -> 25) (10 -> 7) (11 -> 23) (13 -> 8) (14 -> 11) (15 -> 32) (16 -> 0) (17 -> 37) (20 -> 29) (22 -> 30) (25 -> 16) (26 -> 5) (27 -> 39) (28 -> 1) (31 -> 28) (34 -> 21) (35 -> 9) (36 -> 3) (38 -> 24) (39 -> 22) 
100000
