-- 194 1
-- 195 2
-- 195 3
-- 195 4
-- 195 5
-- 195 6
-- 195 7
-- 195 8
-- 195 9
-- 195 10
-- 195 11
-- 195 12
-- 195 13
-- 195 14
-- 195 15
-- 195 16
-- 195 17
-- 195 18
-- 195 19
-- 195 20
-- 195 21
-- 195 22
-- 195 23
-- 195 24
-- 195 25
-- 195 26
-- 196 27
-- 196 28
-- 196 29
-- 196 30
true 2253724 30
(0 -> 10) (1 -> 20) (2 -> 17) (3 -> 7) (4 -> 33) (5 -> 29) (6 -> 14) (7 -> 30) (8 -> 22) (9 -> 32) (10 -> 2) (11 -> 21) (12 -> 31) (14 -> 9) (15 -> 0) (16 -> 12) (17 -> 27) (18 -> 1) (19 -> 5) (21 -> 11) (22 -> 16) (23 -> 4) (24 -> 6) (26 -> 13) (27 -> 8) (29 -> 19) (30 -> 25) (31 -> 3) (32 -> 24) (33 -> 26) 
19396
