-- 432 1
-- 432 2
-- 432 3
-- 432 4
-- 432 5
-- 432 6
-- 433 7
-- 433 8
-- 433 9
-- 433 10
-- 433 11
-- 433 12
-- 433 13
-- 433 14
-- 433 15
-- 433 16
-- 433 17
-- 433 18
-- 433 19
-- 433 20
-- 433 21
-- 433 22
-- 435 23
-- 435 24
-- 833 25
-- 3284 26
-- 4861 27
-- 5414 28
-- 12349 29
-- 12851 30
-- 38792 31
-- 50322 32
true 10675444 aborted 32
(1 -> 21) (2 -> 1) (3 -> 30) (5 -> 4) (6 -> 34) (8 -> 14) (9 -> 8) (12 -> 10) (13 -> 28) (14 -> 16) (15 -> 13) (16 -> 33) (17 -> 39) (18 -> 38) (19 -> 37) (20 -> 19) (21 -> 29) (22 -> 17) (23 -> 11) (24 -> 15) (25 -> 20) (26 -> 18) (27 -> 2) (29 -> 36) (30 -> 22) (31 -> 31) (32 -> 12) (34 -> 23) (35 -> 9) (37 -> 7) (38 -> 35) (39 -> 27) 
100000
