-- 1297 1
-- 1297 2
-- 1297 3
-- 1297 4
-- 1298 5
-- 1298 6
-- 1298 7
-- 1298 8
-- 1298 9
-- 1298 10
-- 1298 11
-- 1298 12
-- 1298 13
-- 1298 14
-- 1298 15
-- 1298 16
-- 1298 17
-- 1299 18
-- 1299 19
-- 1299 20
-- 1299 21
-- 1299 22
-- 1299 23
-- 1299 24
-- 1299 25
-- 1299 26
-- 1299 27
-- 1299 28
-- 1299 29
-- 1299 30
-- 1299 31
-- 1299 32
-- 1299 33
-- 1545 34
-- 5941 35
true 7711166 aborted 35
(3 -> 15) (5 -> 34) (6 -> 9) (7 -> 24) (8 -> 42) (9 -> 40) (10 -> 43) (11 -> 20) (12 -> 11) (14 -> 14) (15 -> 47) (16 -> 27) (18 -> 8) (19 -> 26) (22 -> 5) (23 -> 32) (24 -> 30) (25 -> 35) (26 -> 36) (27 -> 1) (28 -> 33) (29 -> 2) (30 -> 29) (32 -> 49) (33 -> 19) (35 -> 16) (36 -> 6) (37 -> 38) (38 -> 41) (40 -> 4) (42 -> 45) (43 -> 25) (44 -> 37) (45 -> 22) (48 -> 0) 
100000
