-- 214 1
-- 214 2
-- 214 3
-- 214 4
-- 214 5
-- 214 6
-- 214 7
-- 214 8
-- 214 9
-- 214 10
-- 214 11
-- 214 12
-- 214 13
-- 214 14
-- 214 15
-- 214 16
-- 214 17
-- 214 18
-- 214 19
-- 214 20
-- 214 21
-- 214 22
-- 214 23
-- 214 24
-- 225 25
-- 250 26
-- 250 27
-- 278 28
-- 468 29
-- 469 30
-- 469 31
-- 41440 32
true 8341730 32
(0 -> 10) (1 -> 14) (2 -> 30) (3 -> 3) (5 -> 21) (6 -> 28) (7 -> 33) (9 -> 17) (10 -> 1) (11 -> 22) (12 -> 20) (13 -> 4) (14 -> 11) (15 -> 34) (16 -> 31) (17 -> 7) (18 -> 2) (20 -> 6) (21 -> 13) (22 -> 18) (23 -> 29) (24 -> 0) (25 -> 23) (26 -> 12) (27 -> 5) (28 -> 32) (29 -> 19) (30 -> 25) (31 -> 24) (32 -> 15) (33 -> 16) (34 -> 9) 
78518
