-- 1135 1
-- 1135 2
-- 1135 3
-- 1135 4
-- 1135 5
-- 1135 6
-- 1135 7
-- 1135 8
-- 1136 9
-- 1136 10
-- 1136 11
-- 1136 12
-- 1136 13
-- 1136 14
-- 1136 15
-- 1136 16
-- 1136 17
-- 1136 18
-- 1136 19
-- 1136 20
-- 1136 21
-- 1136 22
-- 1136 23
-- 1136 24
-- 1136 25
-- 1138 26
-- 73762 27
true 14251148 aborted 27
(0 -> 25) (2 -> 28) (3 -> 30) (5 -> 4) (6 -> 13) (9 -> 15) (10 -> 31) (14 -> 10) (16 -> 16) (17 -> 48) (19 -> 45) (20 -> 22) (26 -> 9) (27 -> 20) (28 -> 23) (29 -> 5) (32 -> 26) (34 -> 27) (36 -> 1) (39 -> 19) (41 -> 35) (42 -> 33) (43 -> 37) (44 -> 18) (45 -> 36) (46 -> 40) (49 -> 8) 
100000
