-- 470 1
-- 470 2
-- 470 3
-- 470 4
-- 470 5
-- 470 6
-- 470 7
-- 470 8
-- 470 9
-- 470 10
-- 470 11
-- 470 12
-- 471 13
-- 471 14
-- 471 15
-- 471 16
-- 471 17
-- 471 18
-- 471 19
-- 471 20
-- 477 21
-- 924 22
-- 1102 23
-- 8541 24
true 23191496 aborted 24
(0 -> 23) (1 -> 11) (2 -> 22) (3 -> 2) (6 -> 39) (7 -> 0) (8 -> 5) (16 -> 32) (18 -> 29) (20 -> 8) (21 -> 9) (22 -> 26) (24 -> 18) (26 -> 17) (28 -> 33) (30 -> 38) (31 -> 14) (32 -> 35) (33 -> 15) (35 -> 19) (36 -> 25) (37 -> 7) (38 -> 4) (39 -> 16) 
100000
