-- 170 1
-- 170 2
-- 170 3
-- 170 4
-- 170 5
-- 170 6
-- 170 7
-- 170 8
-- 170 9
-- 170 10
-- 170 11
-- 170 12
-- 170 13
-- 170 14
-- 170 15
-- 170 16
-- 170 17
-- 170 18
-- 170 19
-- 170 20
-- 170 21
-- 173 22
-- 176 23
-- 176 24
-- 1512 25
-- 1512 26
-- 27260 27
true 7676561 27
(0 -> 13) (1 -> 8) (2 -> 26) (3 -> 4) (4 -> 24) (5 -> 15) (6 -> 17) (7 -> 19) (8 -> 16) (9 -> 2) (10 -> 22) (11 -> 28) (12 -> 12) (13 -> 10) (14 -> 14) (15 -> 0) (16 -> 25) (17 -> 20) (18 -> 9) (19 -> 3) (21 -> 29) (22 -> 27) (23 -> 1) (24 -> 11) (25 -> 7) (26 -> 6) (29 -> 23) 
43266
