-- 110 1
-- 110 2
-- 110 3
-- 110 4
-- 110 5
-- 110 6
-- 110 7
-- 110 8
-- 110 9
-- 110 10
-- 110 11
-- 110 12
-- 110 13
-- 110 14
-- 110 15
-- 112 16
-- 123 17
-- 125 18
-- 1252 19
-- 7669 20
-- 7670 21
-- 18520 22
-- 18520 23
-- 18520 24
-- 18520 25
-- 18520 26
-- 18520 27
true 6914830 27
(0 -> 0) (1 -> 7) (2 -> 23) (3 -> 29) (4 -> 9) (5 -> 2) (6 -> 4) (7 -> 18) (8 -> 26) (9 -> 8) (10 -> 10) (11 -> 24) (12 -> 20) (13 -> 19) (14 -> 3) (15 -> 12) (16 -> 5) (17 -> 27) (18 -> 1) (20 -> 22) (21 -> 28) (23 -> 16) (24 -> 25) (25 -> 13) (27 -> 14) (28 -> 6) (29 -> 21) 
20662
