-- 383 1
-- 383 2
-- 383 3
-- 383 4
-- 383 5
-- 383 6
-- 383 7
-- 383 8
-- 383 9
-- 383 10
-- 383 11
-- 383 12
-- 383 13
-- 383 14
-- 383 15
-- 383 16
-- 383 17
-- 383 18
-- 383 19
-- 384 20
-- 386 21
-- 63565 22
-- 63565 23
-- 65265 24
-- 67975 25
true 26378095 aborted 25
(0 -> 11) (2 -> 35) (4 -> 19) (6 -> 34) (8 -> 36) (10 -> 24) (13 -> 31) (15 -> 7) (16 -> 4) (17 -> 14) (18 -> 25) (19 -> 1) (20 -> 38) (21 -> 30) (22 -> 10) (24 -> 20) (25 -> 22) (27 -> 13) (28 -> 12) (30 -> 21) (33 -> 33) (35 -> 26) (36 -> 5) (37 -> 39) (39 -> 9) 
100000
