Thread work times 4 1 1 1 1 1 1 1 2 2 2 2 3 3 3 3 3 3 3 3 4 4 4 0 0 0 0 0 1 1 1
Upper bound: 41
Thread work times 0 2 1 1 1 0 1 1 0 0 0 2 0 1 0 1 0 1 0 0 0 1 0 0 0 1 3 1 0 0 0
Upper bound: 40
Thread work times 0 3 1 0 0 0 2 3 0 0 2 2 1 1 1 1 2 1 0 1 2 0 2 1 1 3 3 1 1 2 1
Upper bound: 39
Thread work times 6 5 4 3 4 5 3 2 1 4 3 3 3 2 3 5 1 4 4 3 4 4 3 3 4 6 4 4 3 3 2
Upper bound: 38
Thread work times 7 7 8 8 8 8 7 6 7 7 5 5 5 6 5 7 7 6 4 6 6 8 7 6 9 7 8 6 5 7 7
Upper bound: 37
Thread work times 16 14 14 14 14 13 13 13 12 13 11 13 14 11 13 12 13 13 13 14 12 13 12 13 12 13 13 11 13 13 17
Upper bound: 36
Thread work times 27 21 28 22 21 22 20 22 22 22 22 21 22 23 22 21 22 25 23 27 20 23 21 22 22 22 22 22 22 26 23
Upper bound: 35
Thread work times 46 31 33 43 32 32 30 33 31 32 32 32 33 32 31 44 46 31 32 32 31 31 31 31 32 30 30 32 32 31 43
Upper bound: 34
Thread work times 183 142 140 176 144 171 149 142 143 141 138 151 142 139 147 141 142 143 181 143 143 147 144 142 178 144 146 147 144 138 145
Upper bound: 33
Thread work times 3340 2827 2825 2824 2824 2946 2826 2858 3273 2892 2823 2820 2817 2821 2948 3339 2827 2825 2825 2828 2825 2827 2826 2947 2949 2820 2824 2831 2829 2820 2824
Upper bound: 32
Thread work times 63047 62739 63059 63062 67128 62804 67218 63047 63054 63053 63059 62723 63039 63052 62624 63061 63059 62893 62967 63068 63074 63078 63079 62620 63117 67211 63071 63033 67219 67223 63070
Upper bound: 31
Thread work times 29115 29117 29117 29116 29116 29115 29116 29116 29116 29116 29116 29117 29116 29117 29117 29117 29117 29116 29117 29117 29116 29117 29116 29116 29116 29116 29116 29117 29115 29116 29118
Solution size 20
(0 -> 422) (1 -> 118) (2 -> 368) (3 -> 119) (4 -> 226) (5 -> 360) (6 -> 267) (9 -> 340) (10 -> 303) (11 -> 127) (12 -> 358) (13 -> 108) (14 -> 477) (16 -> 191) (21 -> 353) (23 -> 205) (24 -> 308) (27 -> 450) (30 -> 158) (33 -> 427) 
Nodes:                      2112731274
CPU time (ms):              100003
TIMEOUT
