Thread work times 10 12 14 14 13 13 14 14 14 14 14 14 14 15 15 16 16 16 18 18 22 22 23 24 24 24 24 24 29 29 10
Upper bound: 47
Thread work times 17 18 9 12 12 18 26 26 13 13 22 26 13 13 13 13 0 21 9 26 26 26 17 17 0 28 13 22 26 26 22
Upper bound: 46
Thread work times 41 26 13 18 39 13 26 22 13 26 18 13 24 26 13 26 22 30 39 39 14 18 35 26 37 18 39 17 36 21 25
Upper bound: 45
Thread work times 38 47 39 51 28 19 39 39 13 39 47 48 26 38 13 39 39 43 39 26 35 47 39 39 45 39 39 26 47 39 46
Upper bound: 44
Thread work times 65 69 67 52 57 61 52 52 61 60 60 49 52 54 55 65 66 65 48 65 65 65 65 58 52 65 59 36 65 62 65
Upper bound: 43
Thread work times 56 57 39 65 52 47 52 52 52 47 39 57 39 50 52 60 52 60 52 52 52 57 52 52 52 52 52 52 61 44 66
Upper bound: 42
Thread work times 73 72 39 51 52 52 26 26 70 52 39 39 39 36 52 38 39 39 39 52 39 39 61 52 35 38 73 47 32 26 26
Upper bound: 41
Thread work times 61 52 39 56 53 57 53 59 43 53 57 52 52 52 39 61 62 62 64 65 52 65 84 63 65 64 64 91 65 61 93
Upper bound: 40
Thread work times 65 65 54 90 110 109 57 48 48 41 49 58 57 57 58 47 51 51 48 56 63 57 50 54 65 66 63 50 45 99 49
Upper bound: 39
Thread work times 157 69 71 155 70 148 70 155 66 70 71 72 70 71 60 61 69 69 71 70 70 70 62 69 70 62 154 57 70 57 53
Upper bound: 38
Thread work times 272 262 70 80 78 72 72 81 82 72 81 73 82 81 73 81 81 80 72 271 73 271 80 80 81 80 82 73 81 72 81
Upper bound: 37
Thread work times 648 112 103 112 102 635 102 111 103 111 647 113 103 102 111 111 103 104 95 104 103 112 111 102 102 113 112 101 103 104 103
Upper bound: 36
Thread work times 1903 1894 296 297 294 287 290 282 289 290 290 296 292 292 297 1897 1903 290 297 290 283 296 297 276 288 288 297 290 298 289 296
Upper bound: 35
Thread work times 10369 17069 10378 10378 10379 10383 10377 10379 17045 10379 10378 10373 10382 10368 10379 10369 17057 10382 10382 10382 17058 10370 10373 17059 10378 10378 10381 10374 10369 10374 10381
Upper bound: 34
Thread work times 79357 79356 79356 79356 79356 79357 79356 79357 79356 79356 79356 79356 79355 79357 79357 79356 79356 79355 79356 79357 79357 79356 79357 79356 79356 79356 79356 79356 79354 79356 79357
Solution size 17
(0 -> 1223) (5 -> 1097) (7 -> 411) (8 -> 914) (14 -> 1410) (20 -> 912) (21 -> 916) (22 -> 1564) (23 -> 934) (24 -> 1237) (27 -> 1408) (28 -> 1420) (41 -> 401) (42 -> 924) (43 -> 301) (44 -> 1169) (45 -> 537) 
Nodes:                      944484373
CPU time (ms):              100015
TIMEOUT
