Thread work times 2 2 0 0 0 2 0 2 0 0 0 3 3 6 6 6 6 6 7 7 7 7 7 7 7 7 7 2 2 7 0
Upper bound: 47
Thread work times 4 4 4 2 2 4 5 4 5 3 3 3 3 3 3 5 5 6 6 6 4 3 4 7 6 6 4 3 6 2 3
Upper bound: 46
Thread work times 9 9 9 4 0 2 2 2 7 9 2 4 2 2 0 3 3 0 8 6 6 6 6 9 6 0 4 2 2 2 4
Upper bound: 45
Thread work times 8 8 9 4 4 2 6 9 8 6 11 6 9 9 5 7 3 9 7 8 2 6 8 8 10 12 9 11 0 5 9
Upper bound: 44
Thread work times 4 8 9 0 11 12 6 11 7 12 0 13 4 12 13 12 13 12 12 9 6 12 12 12 13 14 6 2 12 12 0
Upper bound: 43
Thread work times 0 7 5 9 12 9 11 5 7 9 12 5 12 9 12 12 9 9 11 11 9 11 2 9 9 9 6 11 14 13 11
Upper bound: 42
Thread work times 18 8 10 10 12 11 12 11 12 12 11 12 15 15 7 10 12 12 12 12 2 8 12 6 6 10 14 8 12 12 12
Upper bound: 41
Thread work times 15 16 21 12 12 12 0 8 0 0 9 9 8 6 2 8 12 6 6 6 4 6 12 12 12 3 9 9 16 12 19
Upper bound: 40
Thread work times 11 12 0 6 6 11 9 0 9 9 12 20 8 12 0 23 12 4 12 18 2 11 9 0 9 9 12 12 12 23 19
Upper bound: 39
Thread work times 27 26 24 12 12 12 14 10 14 8 12 12 12 12 12 12 14 12 12 12 12 12 12 12 14 12 12 7 19 12 12
Upper bound: 38
Thread work times 26 0 6 11 11 29 5 11 2 0 9 9 9 9 12 12 12 12 12 12 12 12 12 12 12 12 12 6 28 10 29
Upper bound: 37
Thread work times 33 7 9 9 7 9 3 8 9 4 12 12 12 9 12 9 6 13 9 9 9 11 30 9 9 11 11 11 29 29 11
Upper bound: 36
Thread work times 12 6 12 11 13 36 12 12 33 2 33 3 12 7 12 12 12 7 9 10 5 14 12 9 12 14 12 12 14 34 12
Upper bound: 35
Thread work times 12 42 9 11 9 12 38 9 5 40 12 12 9 12 14 12 8 11 7 11 15 15 11 10 15 14 15 39 14 9 12
Upper bound: 34
Thread work times 49 47 7 6 47 12 14 12 13 13 12 14 12 14 15 14 15 15 15 15 15 12 13 15 12 12 15 15 12 12 15
Upper bound: 33
Thread work times 11 76 10 10 10 10 10 10 10 12 10 11 10 10 12 10 6 11 12 13 9 12 10 10 11 10 12 12 11 12 9
Solution size 33
(12 -> 33) (16 -> 718) (17 -> 165) (18 -> 574) (19 -> 781) (20 -> 230) (21 -> 240) (22 -> 383) (23 -> 408) (24 -> 747) (25 -> 518) (26 -> 23) (27 -> 276) (28 -> 45) (29 -> 35) (30 -> 815) (31 -> 598) (32 -> 61) (33 -> 736) (34 -> 553) (35 -> 72) (36 -> 314) (37 -> 656) (38 -> 29) (39 -> 88) (40 -> 300) (41 -> 473) (42 -> 474) (43 -> 58) (44 -> 106) (45 -> 542) (46 -> 826) (47 -> 18) 
Nodes:                      176769
CPU time (ms):              451
