Thread work times 37 14 19 17 19 19 20 20 20 21 20 22 24 25 30 20 24 32 32 26 26 24 33 30 28 20 30 20 14 30 32
Upper bound: 47
Thread work times 14 38 13 17 28 13 31 18 25 18 18 19 19 34 17 33 18 12 18 36 37 37 13 31 19 36 35 27 0 19 13
Upper bound: 46
Thread work times 58 37 39 34 45 33 40 56 55 54 53 57 53 47 36 38 33 33 55 19 30 49 56 37 36 48 36 19 37 54 50
Upper bound: 45
Thread work times 57 38 65 66 36 44 62 75 49 66 60 66 45 54 68 66 56 74 56 55 71 56 76 56 37 72 48 53 54 51 75
Upper bound: 44
Thread work times 95 88 94 62 73 81 72 72 86 85 87 75 88 92 90 75 90 94 90 90 94 94 65 72 71 77 94 71 95 84 70
Upper bound: 43
Thread work times 73 94 76 76 76 62 76 70 70 83 84 76 84 76 84 55 84 84 76 81 89 84 87 75 76 80 93 82 81 84 86
Upper bound: 42
Thread work times 104 54 51 101 37 53 54 54 68 56 56 55 72 70 62 78 76 54 54 103 50 73 65 66 61 54 69 60 60 61 68
Upper bound: 41
Thread work times 90 94 120 69 70 129 69 94 116 72 66 57 72 73 72 84 72 87 75 87 72 90 78 90 90 94 94 85 50 79 131
Upper bound: 40
Thread work times 73 72 72 140 128 127 72 67 72 67 72 75 75 64 62 57 66 59 66 73 63 70 73 82 56 66 117 75 84 141 57
Upper bound: 39
Thread work times 162 159 160 66 53 57 57 58 73 72 71 72 73 54 72 72 69 72 72 75 75 75 75 76 161 67 70 73 78 54 65
Upper bound: 38
Thread work times 101 90 212 83 103 188 74 86 55 89 106 104 87 88 103 106 211 106 75 92 97 72 103 107 210 105 63 88 99 104 86
Upper bound: 37
Thread work times 119 410 121 109 119 116 109 409 121 122 395 120 118 409 119 121 108 104 118 121 114 120 109 409 119 121 119 121 121 120 119
Upper bound: 36
Thread work times 197 794 188 177 195 197 189 189 196 185 200 202 185 176 202 202 202 196 793 196 201 202 189 791 197 192 185 202 200 202 789
Upper bound: 35
Thread work times 559 560 2018 2020 559 557 559 547 555 554 560 560 560 549 547 548 2021 559 546 559 548 546 555 547 547 2020 2007 548 559 557 558
Upper bound: 34
Thread work times 73252 73252 77208 73251 73212 77220 73250 73252 73251 73264 73265 73264 73252 73251 73265 73247 73251 77220 73252 73263 73252 73264 73251 77217 73263 73265 73263 73264 73252 77221 73264
Upper bound: 33
Thread work times 18389 18382 18378 18384 18370 18360 18388 18373 18373 18362 18362 18360 18375 18374 18365 18374 18363 18366 18375 18373 18373 18386 18387 18373 18373 18366 18366 18373 18374 18383 18378
Solution size 11
(0 -> 22) (6 -> 18) (8 -> 16) (20 -> 455) (21 -> 623) (22 -> 1607) (23 -> 1775) (24 -> 15) (41 -> 14) (43 -> 23) (44 -> 344) 
Nodes:                      790555657
CPU time (ms):              100038
TIMEOUT
