Thread work times 3 3 3 3 3 3 3 3 3 2 3 3 3 3 3 3 3 3 3 3 3 3 3 3 3 3 3 2 3 3 3
Upper bound: 48
Thread work times 8 7 2 5 8 8 8 6 9 6 4 8 4 7 8 7 8 4 8 7 6 8 7 8 4 5 5 7 8 4 8
Upper bound: 47
Thread work times 17 15 10 11 14 12 15 11 15 14 15 15 11 15 14 11 13 15 15 14 14 11 15 14 15 15 15 12 12 15 12
Upper bound: 46
Thread work times 25 22 22 22 22 22 22 22 22 22 21 22 22 21 22 22 22 22 21 22 22 22 22 22 20 21 24 22 21 22 22
Upper bound: 45
Thread work times 26 28 29 30 28 27 24 30 26 25 29 28 28 25 28 25 24 28 28 28 29 24 26 28 25 29 29 28 24 26 28
Upper bound: 44
Thread work times 55 31 32 54 31 53 28 27 30 32 32 26 31 54 30 32 31 32 28 31 31 31 31 31 31 31 31 31 47 30 31
Upper bound: 43
Thread work times 509 394 404 393 506 394 465 395 398 473 398 395 395 402 508 394 395 445 393 442 475 399 470 494 463 475 473 399 448 406 477
Upper bound: 42
Thread work times 3290 2463 3286 2462 2461 2461 2458 2463 2460 3290 2463 2463 2464 2462 2462 2462 2464 2465 2539 2464 3288 2465 2462 2464 2464 2465 2462 2463 2459 2461 2463
Upper bound: 41
Thread work times 96044 96044 96043 96040 96040 96034 96041 96038 96032 96044 96037 96044 96035 96038 96037 96036 96035 96039 96031 96033 96041 96044 96044 96034 96044 96035 96036 96044 96044 96044 96044
Solution size 6
(1 -> 35) (4 -> 59) (7 -> 381) (9 -> 565) (16 -> 52) (48 -> 49) 
Nodes:                      2007521479
CPU time (ms):              100003
TIMEOUT
