Thread work times 2 3 3 2 2 2 2 2 3 2 3 2 2 3 4 4 4 4 5 5 3 2 3 2 3 2 2 3 5 3 3
Upper bound: 52
Thread work times 4 5 5 4 6 4 5 5 5 4 4 5 5 5 4 5 5 5 5 5 5 5 5 5 5 5 5 7 5 5 4
Upper bound: 51
Thread work times 13 13 13 12 13 13 13 12 13 13 13 13 14 11 12 12 12 12 13 13 13 14 13 13 12 15 12 14 12 13 14
Upper bound: 50
Thread work times 40 43 43 43 40 43 41 43 45 42 42 43 40 43 43 43 43 43 43 44 46 44 44 43 43 44 41 43 41 42 44
Upper bound: 49
Thread work times 78 81 79 76 76 79 78 78 80 74 79 74 76 80 77 80 80 76 78 75 78 76 77 75 79 80 78 78 80 79 79
Upper bound: 48
Thread work times 171 152 154 168 154 151 153 170 155 168 169 149 152 149 153 155 153 156 152 154 152 153 154 152 153 151 155 154 154 153 152
Upper bound: 47
Thread work times 337 303 300 301 302 298 336 299 299 299 334 299 331 300 301 294 298 300 302 304 299 300 297 301 301 303 299 297 302 299 301
Upper bound: 46
Thread work times 1943 1764 1876 1830 1772 1807 1754 1747 1755 1754 1877 1752 1797 1942 1828 1753 1760 1746 1759 1807 1762 1764 1790 1761 1941 1808 1761 1773 1768 1938 1825
Upper bound: 45
Thread work times 12860 9091 9205 9214 9291 9469 9176 9416 9106 9159 9136 9473 9168 9265 9180 9308 12859 9113 9264 9062 9285 9061 9300 9063 12859 9162 9228 12857 12856 9207 9250
Upper bound: 44
Thread work times 50660 70366 50662 51182 70366 55533 50693 51055 51856 51098 52507 51986 56999 70362 54597 58409 50662 50940 51508 50923 51956 51262 53768 50658 70367 50661 52437 58008 51145 70369 53688
Upper bound: 43
Thread work times 14146 14145 14146 14146 14146 14145 14146 14146 14146 14146 14145 14146 14146 14146 14146 14146 14146 14146 14146 14146 14146 14146 14146 14146 14146 14146 14146 14146 14146 14145 14146
Solution size 13
(2 -> 388) (5 -> 399) (9 -> 238) (10 -> 386) (16 -> 98) (21 -> 673) (23 -> 101) (28 -> 100) (29 -> 685) (31 -> 68) (35 -> 689) (36 -> 67) (49 -> 385) 
Nodes:                      1467577530
CPU time (ms):              100003
TIMEOUT
