Thread work times 60 45 45 45 45 45 45 45 45 45 45 45 45 45 45 45 45 45 46 46 46 56 40 39 45 44 53 50 45 45 45
Upper bound: 52
Thread work times 100 99 100 99 97 97 98 99 99 99 98 99 99 100 100 100 99 99 99 100 99 99 100 98 98 99 100 100 101 100 101
Upper bound: 51
Thread work times 190 187 187 188 188 188 189 189 188 189 189 189 189 189 189 188 187 186 189 187 187 181 188 188 189 190 188 189 188 188 188
Upper bound: 50
Thread work times 302 293 301 301 302 302 301 293 301 302 302 302 296 302 301 301 301 301 299 299 301 301 301 302 300 301 300 302 300 293 301
Upper bound: 49
Thread work times 464 462 462 464 463 464 462 457 460 462 463 463 464 463 463 462 463 462 462 462 462 463 462 461 462 463 458 462 460 464 462
Upper bound: 48
Thread work times 1121 955 965 965 964 963 1120 1117 965 1118 965 964 962 963 965 964 965 957 964 963 964 966 964 964 956 963 1120 964 965 965 964
Upper bound: 47
Thread work times 3893 3395 3890 3891 3891 3393 3391 3385 3396 3394 3396 3395 3396 3394 3395 3396 3396 3890 3396 3396 3397 3396 3395 3395 3396 3395 3395 3396 3395 3394 3387
Upper bound: 46
Thread work times 21287 15489 15489 15485 15487 15500 15484 21284 15488 21286 15490 15492 15491 15490 15491 15492 15487 15489 15493 15492 15493 15492 15450 15494 21287 15490 15495 15494 15488 15483 15489
Upper bound: 45
Thread work times 72564 72556 72528 72527 72527 72525 72527 72558 72552 72533 72540 72535 72539 72538 72540 72539 72536 72540 72539 72537 72539 72556 72543 72556 72564 72525 72542 72546 72556 72537 72535
Solution size 19
(6 -> 2728) (8 -> 1221) (12 -> 1164) (13 -> 1499) (15 -> 995) (16 -> 2323) (17 -> 426) (19 -> 721) (22 -> 2345) (23 -> 61) (27 -> 3093) (30 -> 1669) (34 -> 1056) (36 -> 1885) (40 -> 2867) (43 -> 1500) (47 -> 2202) (49 -> 1579) (50 -> 633) 
Nodes:                      577038087
CPU time (ms):              100067
TIMEOUT
