Thread work times 3 1 2 1 2 2 2 1 1 1 1 2 1 1 1 2 1 1 1 2 1 2 1 1 1 1 1 1 1 2 2
Upper bound: 52
Thread work times 8 6 8 8 9 8 8 8 8 8 7 7 9 7 7 8 7 8 9 8 10 8 8 9 8 8 8 9 8 8 9
Upper bound: 51
Thread work times 51 47 49 48 50 49 50 46 46 47 46 48 48 48 46 48 47 48 47 47 47 46 47 47 49 46 47 48 48 47 47
Upper bound: 50
Thread work times 146 147 148 148 148 150 147 145 149 148 149 149 147 145 151 146 146 147 148 147 148 149 147 146 148 148 147 146 148 145 147
Upper bound: 49
Thread work times 290 286 284 287 287 286 286 284 282 284 286 286 286 285 285 286 285 285 287 287 285 286 286 286 287 288 284 285 288 285 287
Upper bound: 48
Thread work times 607 542 546 606 546 604 545 544 546 546 544 544 547 544 544 543 544 545 547 604 543 548 540 545 545 545 546 545 547 545 547
Upper bound: 47
Thread work times 2085 2082 1961 1959 2082 1961 1962 1957 1958 1961 1957 1961 1959 1963 1964 1957 1962 1957 1960 1963 1958 2084 1961 1959 1959 1962 1954 1958 1957 2085 1957
Upper bound: 46
Thread work times 35278 35273 35503 35228 35233 35499 35246 35264 35268 35270 35273 35280 35270 35245 35254 35250 35252 35263 35257 35264 35256 35500 35265 35262 35279 35281 35288 35281 35501 35281 35505
Upper bound: 45
Thread work times 61279 61281 61281 61280 61281 61280 61281 61280 61279 61280 61280 61280 61280 61278 61281 61282 61280 61279 61281 61281 61279 61280 61281 61280 61281 61279 61277 61280 61281 61280 61282
Solution size 13
(2 -> 153) (9 -> 181) (10 -> 4) (12 -> 142) (16 -> 369) (21 -> 56) (23 -> 159) (29 -> 107) (31 -> 343) (35 -> 124) (36 -> 377) (49 -> 224) (50 -> 190) 
Nodes:                      2184002939
CPU time (ms):              100002
TIMEOUT
