Thread work times 0 0 0 0 0 0 0 0 0 0 0 0 0 0 0 0 0 0 0 0 0 0 0 0 0 0 0 0 0 1 0
Upper bound: 63
Thread work times 0 0 0 0 0 0 0 0 0 0 0 0 0 0 0 0 0 0 0 0 0 0 0 0 0 0 0 0 0 0 0
Upper bound: 62
Thread work times 0 0 1 2 0 0 1 0 0 1 1 0 0 0 0 0 1 0 0 1 0 0 0 0 0 0 0 0 0 0 0
Upper bound: 61
Thread work times 3 3 4 2 3 1 3 2 2 3 2 2 2 3 3 3 2 2 3 3 3 3 2 2 2 2 2 2 2 2 3
Upper bound: 60
Thread work times 27 23 23 23 24 22 23 23 27 21 24 26 25 23 23 22 21 26 23 23 22 21 23 22 22 22 22 21 23 21 23
Upper bound: 59
Thread work times 169 167 168 166 166 170 167 156 157 157 161 165 164 167 170 166 170 164 166 165 164 168 168 167 167 169 160 166 168 166 161
Upper bound: 58
Thread work times 1402 995 899 1377 591 551 551 552 1242 557 896 1340 835 557 1396 571 557 828 1328 557 578 1043 1358 1052 813 553 544 952 1070 1257 552
Upper bound: 57
Thread work times 10745 10939 7538 7573 7134 6966 6962 6982 6967 9168 6948 9145 7718 7654 7324 6972 7072 7577 6965 7050 7114 7101 6965 10866 7093 7187 6976 7315 7233 7186 7129
Upper bound: 56
Thread work times 33619 33605 34102 33584 34329 33601 33596 33608 33627 33599 33803 36187 33809 36808 34108 34117 34098 33608 33951 33752 33828 33604 33593 34089 34083 33868 33613 36811 33616 34125 34085
Upper bound: 55
Thread work times 50623 50623 50622 50622 50622 50622 50622 50622 50622 50622 50623 50622 50622 50622 50623 50622 50622 50622 50622 50622 50622 50622 50623 50622 50622 50621 50622 50622 50622 50622 50622
Solution size 8
(2 -> 44) (3 -> 224) (4 -> 69) (8 -> 39) (9 -> 191) (11 -> 220) (13 -> 59) (14 -> 82) 
Nodes:                      1860400237
CPU time (ms):              100002
TIMEOUT
