Thread work times 1 0 0 0 0 0 0 0 0 0 0 0 0 0 0 0 0 0 0 0 0 0 0 0 0 0 0 0 0 0 0
Upper bound: 63
Thread work times 2 0 1 1 1 1 1 0 1 0 0 0 0 0 0 0 0 0 0 0 0 0 2 2 1 1 0 1 0 1 0
Upper bound: 62
Thread work times 5 7 2 3 3 3 3 3 6 2 3 6 3 2 2 3 4 5 3 2 6 1 3 5 3 5 4 4 6 3 5
Upper bound: 61
Thread work times 12 7 13 6 8 8 11 8 10 9 8 8 12 12 8 10 12 8 4 5 9 8 8 7 9 6 11 7 9 7 10
Upper bound: 60
Thread work times 35 31 35 38 39 39 39 39 39 36 38 41 36 32 37 37 39 40 38 39 35 37 33 40 35 33 32 37 44 35 33
Upper bound: 59
Thread work times 148 135 145 138 135 140 132 141 140 143 132 139 143 144 131 139 140 135 137 132 137 144 142 140 139 143 145 134 132 141 139
Upper bound: 58
Thread work times 293 303 294 297 301 289 293 293 286 281 288 295 295 293 293 293 293 285 303 292 296 296 294 293 295 279 283 294 291 287 285
Upper bound: 57
Thread work times 1466 1438 1453 1434 1449 1447 1455 1461 1456 1438 1435 1464 1449 1452 1437 1439 1448 1449 1449 1441 1445 1436 1439 1452 1442 1438 1452 1427 1451 1440 1442
Upper bound: 56
Thread work times 2962 2976 2975 2988 2975 2966 2970 2970 2961 2971 2964 2967 3001 2973 2979 2998 2964 2969 2973 2972 2981 2972 2971 2971 2962 2960 2961 2969 2970 3003 2975
Upper bound: 55
Thread work times 5302 5297 5163 5153 5169 5167 5288 5296 5170 5162 5159 5157 5160 5161 5159 5292 5166 5159 5160 5163 5160 5163 5167 5161 5157 5161 5163 5152 5158 5167 5165
Upper bound: 54
Thread work times 36925 35729 36919 35724 35680 35739 36914 35721 35722 35730 35748 35735 35709 36910 35739 35731 35763 35765 35767 35745 35746 35762 36919 35851 35732 35750 35742 35750 35743 35702 35726
Upper bound: 53
Thread work times 52768 52767 52767 52767 52767 52767 52767 52767 52767 52767 52767 52767 52767 52767 52767 52758 52767 52767 52747 52768 52764 52767 52767 52767 52767 52768 52763 52768 52767 52736 52763
Solution size 10
(0 -> 44) (2 -> 6) (3 -> 61) (9 -> 66) (10 -> 49) (18 -> 23) (19 -> 26) (26 -> 52) (57 -> 67) (58 -> 3) 
Nodes:                      4109607784
CPU time (ms):              100001
TIMEOUT
