Thread work times 12 3 3 3 3 3 4 5 5 5 5 5 5 5 7 7 8 8 9 10 10 8 12 3 3 7 10 7 6 6 3
Upper bound: 63
Thread work times 0 0 0 0 0 3 3 3 0 3 3 6 4 3 8 4 7 0 4 4 3 0 4 0 0 0 4 0 9 0 8
Upper bound: 62
Thread work times 14 7 0 11 8 8 12 0 5 7 7 8 3 4 0 8 11 8 8 0 0 2 12 12 0 12 8 4 7 3 0
Upper bound: 61
Thread work times 15 10 16 16 11 12 11 0 15 16 4 11 4 12 13 15 15 8 8 16 16 17 16 12 15 16 12 3 10 12 12
Upper bound: 60
Thread work times 35 35 35 34 36 34 35 35 38 34 35 34 33 33 33 34 35 35 34 35 35 34 35 34 36 35 35 33 34 35 35
Upper bound: 59
Thread work times 58 53 53 52 55 52 53 53 52 53 52 53 53 53 54 52 52 53 52 54 53 53 52 52 53 57 52 49 53 56 52
Upper bound: 58
Thread work times 99 98 89 89 84 98 89 90 89 89 90 89 89 88 89 90 85 87 89 90 88 90 89 89 89 90 87 89 90 89 90
Upper bound: 57
Thread work times 295 279 280 279 293 293 279 277 280 278 291 274 279 279 278 278 277 278 280 279 278 277 278 278 277 277 279 293 278 279 278
Upper bound: 56
Thread work times 1434 1478 1433 1477 1435 1435 1476 1434 1433 1434 1434 1434 1435 1474 1434 1434 1435 1434 1434 1434 1434 1433 1433 1478 1434 1433 1434 1434 1433 1434 1434
Upper bound: 55
Thread work times 10127 10244 10127 10129 10128 10128 10129 10130 10129 10129 10128 10129 10129 10128 10128 10129 10242 10130 10127 10130 10128 10244 10130 10129 10129 10244 10128 10128 10129 10128 10242
Upper bound: 54
Thread work times 55881 56319 56320 55883 55764 55761 55881 55886 55886 55880 55780 55811 55885 55884 55885 55888 55877 55889 55889 55887 55891 55893 55890 55853 55882 55878 55768 55887 55884 56319 56321
Upper bound: 53
Thread work times 31393 31392 31393 31392 31393 31393 31388 31388 31388 31388 31388 31388 31388 31388 31388 31388 31388 31388 31388 31388 31389 31392 31388 31388 31388 31391 31393 31389 31388 31388 31388
Solution size 13
(0 -> 1055) (1 -> 612) (2 -> 455) (3 -> 384) (8 -> 720) (13 -> 382) (17 -> 233) (18 -> 7) (21 -> 250) (24 -> 492) (25 -> 110) (27 -> 100) (32 -> 213) 
Nodes:                      1304881419
CPU time (ms):              100010
TIMEOUT
