Thread work times 1 1 0 0 3 2 1 0 1 0 0 0 0 1 1 3 2 2 0 2 2 3 0 0 0 0 0 0 3 0 0
Upper bound: 63
Thread work times 10 5 3 4 6 5 3 5 2 3 4 4 8 2 6 4 3 6 6 4 5 5 3 5 4 5 9 7 9 1 4
Upper bound: 62
Thread work times 13 18 14 15 12 15 11 13 15 12 11 13 14 15 14 15 11 12 17 15 16 13 13 16 10 15 14 17 14 13 13
Upper bound: 61
Thread work times 22 25 20 25 24 21 26 25 26 22 25 26 27 22 27 23 22 25 22 25 27 21 25 22 25 26 21 27 21 24 28
Upper bound: 60
Thread work times 48 42 44 43 40 45 46 43 44 44 39 47 42 47 43 42 44 43 42 45 43 44 43 42 47 43 46 42 47 43 41
Upper bound: 59
Thread work times 97 102 90 105 106 109 98 101 101 98 97 96 112 100 107 105 101 97 104 100 97 101 96 95 98 102 98 111 106 108 102
Upper bound: 58
Thread work times 318 338 319 337 328 351 317 335 329 321 322 317 321 335 321 341 321 319 340 331 322 319 330 345 349 317 332 325 332 342 318
Upper bound: 57
Thread work times 1130 1192 1188 1159 1113 1140 1183 1191 1133 1211 1213 1154 1160 1178 1144 1185 1139 1155 1137 1159 1144 1156 1153 1196 1191 1227 1148 1214 1152 1120 1192
Upper bound: 56
Thread work times 4526 3961 4226 3919 4196 4014 4205 4525 4367 4173 3959 3919 3942 4176 3933 4176 4228 3958 4232 4262 3940 4522 4000 3944 3941 4027 4161 4159 4164 4368 4160
Upper bound: 55
Thread work times 18427 16293 15865 18425 16860 18422 16124 16776 15891 15874 18426 17280 17277 16823 17277 15858 16847 16836 16122 17102 17264 16222 15874 16847 16847 16801 17272 18426 16846 15856 15916
Upper bound: 54
Thread work times 75224 72490 75225 65776 74113 65569 67500 75224 64490 64785 64877 72869 63512 64227 64340 74109 64476 65928 66469 75229 65712 64870 75225 64532 65611 65531 65564 72564 65271 75211 75230
Solution size 18
(1 -> 149) (2 -> 1) (5 -> 105) (7 -> 106) (8 -> 69) (12 -> 62) (15 -> 17) (16 -> 6) (18 -> 3) (22 -> 8) (25 -> 22) (29 -> 2) (33 -> 153) (39 -> 54) (48 -> 5) (50 -> 7) (54 -> 9) (60 -> 154) 
Nodes:                      2834796527
CPU time (ms):              100002
TIMEOUT
