Thread work times 0 0 0 0 0 0 0 0 0 0 0 0 0 0 0 0 0 0 0 0 0 0 0 0 0 0 0 1 0 0 0
Upper bound: 63
Thread work times 1 1 0 0 1 0 0 0 1 1 0 1 0 0 0 0 0 0 0 0 0 0 1 1 0 0 0 0 0 0 0
Upper bound: 62
Thread work times 3 1 1 0 1 1 1 2 1 1 1 1 2 1 1 1 0 1 1 0 0 0 2 0 2 3 2 0 0 1 1
Upper bound: 61
Thread work times 4 2 4 3 3 2 1 3 2 2 3 1 2 1 5 3 2 2 4 1 1 2 3 2 5 3 1 2 2 1 5
Upper bound: 60
Thread work times 2 6 5 3 3 1 2 3 0 2 0 3 2 3 3 3 3 3 4 4 2 5 4 3 5 4 2 2 3 3 1
Upper bound: 59
Thread work times 3 6 2 6 3 4 3 3 5 1 2 3 4 2 4 2 3 2 5 3 3 3 3 3 2 3 4 3 2 4 2
Upper bound: 58
Thread work times 3 4 6 4 3 4 6 4 3 5 3 3 4 3 5 3 3 5 4 3 2 3 4 5 7 4 3 4 5 5 4
Upper bound: 57
Thread work times 13 8 11 9 8 7 7 9 12 7 8 7 9 7 8 7 8 7 8 6 9 7 9 8 9 7 6 7 8 8 6
Upper bound: 56
Thread work times 20 26 16 15 20 23 21 18 18 18 19 19 24 13 18 22 19 19 19 17 20 16 18 26 23 15 18 21 19 25 24
Upper bound: 55
Thread work times 28 31 30 27 36 30 28 26 27 29 32 27 30 29 27 26 26 32 25 36 27 38 30 26 27 28 37 32 26 27 27
Upper bound: 54
Thread work times 77 82 69 70 76 70 70 70 67 68 67 68 70 66 66 80 66 65 69 66 69 79 67 75 66 72 78 68 70 78 68
Upper bound: 53
Thread work times 200 231 202 201 203 202 207 280 233 269 201 203 265 202 209 279 263 282 202 234 209 225 202 301 203 267 209 266 208 307 310
Upper bound: 52
Thread work times 686 693 1113 762 706 683 687 1092 702 714 688 699 1163 702 697 1307 708 686 689 1177 1086 759 677 1195 1112 681 684 1011 761 1091 1103
Upper bound: 51
Thread work times 4362 3857 2140 3850 2163 2166 2130 2117 4137 2132 2059 2098 3904 2162 4011 3819 3566 2222 2167 3614 2119 3704 3822 4029 3539 2293 2173 2414 2118 2295 3861
Upper bound: 50
Thread work times 10548 10300 7280 10292 11292 11453 7146 7969 11196 8230 11191 11566 7470 10376 11568 11505 11711 7141 7071 7157 7503 11566 11569 11065 11567 7287 8246 10165 9130 10103 7069
Upper bound: 49
Thread work times 48168 36672 21285 26345 37239 21904 48166 23107 36288 36769 22165 24107 23918 37307 33932 38739 34347 23569 48166 36641 30597 48167 28898 33179 40544 22390 30625 21052 24936 21533 22256
Upper bound: 48
Thread work times 33348 33349 33349 33350 33349 33348 33349 33350 33349 33350 33348 33349 33348 33349 33348 33350 33348 33347 33348 33349 33349 33350 33349 33348 33348 33349 33348 33348 33348 33349 33350
Solution size 14
(0 -> 58) (2 -> 60) (3 -> 49) (6 -> 22) (8 -> 44) (9 -> 41) (10 -> 34) (15 -> 50) (17 -> 25) (19 -> 10) (21 -> 16) (23 -> 40) (30 -> 1) (38 -> 20) 
Nodes:                      3867966633
CPU time (ms):              100001
TIMEOUT
