Thread work times 0 0 0 0 0 0 0 0 0 0 0 0 0 0 0 0 0 0 0 0 0 0 0 0 0 0 0 0 0 0 0
Upper bound: 63
Thread work times 0 0 0 0 0 0 0 0 0 0 0 0 0 0 0 0 0 0 0 0 0 0 0 0 0 0 0 0 0 0 0
Upper bound: 62
Thread work times 1 0 0 0 0 0 0 1 0 0 1 0 0 1 0 0 1 0 0 0 0 0 0 0 0 1 0 0 0 0 0
Upper bound: 61
Thread work times 1 2 2 3 1 0 2 1 0 3 3 3 1 1 2 1 2 1 2 0 2 1 3 3 1 4 4 0 0 2 2
Upper bound: 60
Thread work times 4 1 5 3 3 5 3 3 5 1 3 5 4 5 4 5 6 3 3 2 1 4 2 2 2 2 6 1 4 1 4
Upper bound: 59
Thread work times 9 8 6 3 6 0 5 5 8 4 7 5 7 4 3 3 7 6 5 6 7 6 5 7 5 4 5 6 5 6 2
Upper bound: 58
Thread work times 7 15 6 9 10 7 10 9 10 9 6 12 8 10 9 10 8 5 6 7 10 9 11 8 8 7 10 8 8 7 12
Upper bound: 57
Thread work times 16 13 17 17 15 16 13 14 14 13 15 26 16 13 15 13 15 14 14 16 26 17 11 15 17 28 10 23 15 16 28
Upper bound: 56
Thread work times 51 25 26 25 23 22 24 25 26 21 23 23 43 22 24 48 22 26 24 26 26 27 26 22 43 47 24 26 28 26 26
Upper bound: 55
Thread work times 36 91 85 36 38 39 38 90 41 86 91 32 38 36 35 37 42 40 41 39 39 36 41 41 38 37 40 43 38 38 39
Upper bound: 54
Thread work times 163 62 62 61 60 61 62 57 54 169 64 167 62 67 62 58 167 58 61 60 60 59 67 60 57 61 63 60 66 60 172
Upper bound: 53
Thread work times 312 88 90 90 80 86 91 90 92 94 92 96 87 87 93 90 87 84 311 87 94 97 94 93 98 87 307 91 306 308 86
Upper bound: 52
Thread work times 612 139 607 145 148 146 150 148 158 148 152 609 138 140 151 148 152 143 152 157 149 151 610 155 605 150 147 148 143 152 151
Upper bound: 51
Thread work times 1157 227 228 232 240 239 226 1155 239 242 232 1151 1155 260 255 233 234 225 236 242 1152 240 232 241 229 229 255 256 240 234 224
Upper bound: 50
Thread work times 375 2093 419 416 418 414 427 2089 390 388 387 2092 392 371 381 399 401 393 2090 384 379 381 379 415 407 401 366 413 2086 381 373
Upper bound: 49
Thread work times 3806 695 647 3802 624 643 692 661 644 628 634 673 691 703 660 683 702 644 681 629 3801 628 638 656 638 3805 641 634 671 3807 674
Upper bound: 48
Thread work times 6622 1051 1076 1088 1120 1084 6620 1069 1058 1060 1159 1134 1063 1173 1050 1174 1173 1178 1176 1115 6622 1065 1123 1105 6617 1129 1071 1056 1064 1060 6622
Upper bound: 47
Thread work times 11780 1756 1802 1763 1756 1766 1774 1798 1886 1890 11780 1778 11778 1941 1806 1826 1826 1853 1956 1941 1803 11777 1770 11780 1759 1779 1839 1944 1915 1773 1960
Upper bound: 46
Thread work times 20734 3034 3313 2958 3123 3291 20728 3050 3061 3063 3126 3144 3247 2969 2980 3334 20734 3035 2961 2996 2999 3182 2987 20731 2971 2957 3136 3069 3279 2977 20733
Upper bound: 45
Thread work times 5088 5253 5403 5406 5461 4896 4956 5472 4911 36670 4910 4950 4887 4900 5186 4999 36671 5107 5271 5157 5189 4939 36671 5034 36669 5204 5492 36665 4886 4969 5024
Upper bound: 44
Thread work times 15791 8507 8240 8401 8271 8212 8464 9056 8198 15790 15790 15791 8673 8205 8381 8199 8767 8302 9065 8881 8387 15786 8317 8959 8660 8300 8448 8233 8750 9006 8823
Solution size 8
(17 -> 86) (19 -> 111) (28 -> 121) (33 -> 96) (37 -> 116) (40 -> 124) (42 -> 109) (55 -> 113) 
Nodes:                      584124878
CPU time (ms):              100001
TIMEOUT
