Thread work times 7 7 8 8 8 10 10 10 10 10 10 10 10 10 11 11 13 14 14 14 14 15 15 18 18 6 18 7 8 9 10
Upper bound: 63
Thread work times 22 12 0 0 5 0 0 8 13 5 8 8 0 8 0 0 16 0 16 16 8 8 8 8 21 8 16 12 18 11 16
Upper bound: 62
Thread work times 27 24 26 16 10 14 14 8 11 11 12 16 22 21 23 24 6 24 24 23 10 23 8 10 23 24 13 8 24 23 7
Upper bound: 61
Thread work times 34 23 31 28 31 32 31 31 28 24 23 24 28 23 28 31 31 32 32 31 31 31 20 16 31 28 32 23 21 28 31
Upper bound: 60
Thread work times 32 34 32 21 21 16 24 19 26 24 8 29 16 26 16 24 32 24 26 14 29 22 32 32 29 32 24 29 8 21 28
Upper bound: 59
Thread work times 28 33 40 34 32 31 32 31 25 32 32 32 31 32 21 34 23 27 29 22 36 31 23 21 32 27 26 32 37 32 22
Upper bound: 58
Thread work times 53 36 22 32 54 37 35 33 30 37 37 24 39 40 40 40 40 39 39 40 40 40 40 39 40 55 40 39 40 24 40
Upper bound: 57
Thread work times 68 38 66 66 67 40 40 33 40 34 34 38 40 40 33 40 40 40 33 40 40 40 38 40 40 40 40 40 40 67 40
Upper bound: 56
Thread work times 39 79 34 39 39 40 80 39 39 23 33 34 33 34 40 40 40 40 40 40 40 40 40 40 40 40 41 42 31 80 39
Upper bound: 55
Thread work times 96 94 42 42 41 41 41 42 41 41 41 41 41 41 41 42 42 41 42 41 42 42 42 43 43 38 45 40 93 96 97
Upper bound: 54
Thread work times 109 41 108 108 33 32 41 42 105 40 37 38 33 42 37 41 42 42 40 42 34 38 39 42 44 41 41 107 41 42 41
Upper bound: 53
Thread work times 41 129 41 43 40 126 21 127 40 40 35 41 40 41 41 41 42 127 42 39 40 128 41 42 41 43 27 27 36 44 42
Upper bound: 52
Thread work times 155 42 42 42 38 155 152 39 42 43 42 44 30 44 43 42 43 43 43 152 42 45 36 154 40 44 42 42 22 43 44
Upper bound: 51
Thread work times 182 38 181 42 42 45 35 39 181 43 42 45 35 45 33 43 42 40 152 45 45 49 46 177 41 45 42 42 44 46 46
Upper bound: 50
Thread work times 46 47 46 45 46 47 47 49 48 45 49 40 49 47 48 44 226 226 227 50 46 227 46 46 46 45 47 44 46 228 49
Upper bound: 49
Thread work times 49 49 50 49 49 51 51 50 287 50 51 48 53 51 52 52 52 49 53 53 50 296 50 49 296 47 297 44 50 51 294
Upper bound: 48
Thread work times 369 52 59 56 56 59 61 60 368 368 63 55 56 56 56 56 57 59 57 55 368 61 56 62 60 55 57 54 60 366 59
Upper bound: 47
Thread work times 74 496 62 74 496 69 64 64 64 64 66 66 68 65 65 63 69 64 66 495 68 66 65 63 65 64 494 69 493 68 67
Upper bound: 46
Thread work times 73 678 78 77 75 77 79 77 78 81 82 80 676 87 85 92 80 676 84 676 80 84 76 88 77 677 93 86 77 78 76
Upper bound: 45
Thread work times 976 106 112 126 97 974 975 108 99 117 96 96 97 96 95 99 98 99 98 107 98 95 975 100 101 99 96 98 99 99 976
Upper bound: 44
Thread work times 1331 125 128 128 1330 128 140 1330 128 155 127 126 133 1327 131 1327 126 129 127 129 132 135 137 154 127 128 126 128 127 141 132
Upper bound: 43
Thread work times 180 175 190 170 176 1879 190 171 1880 1880 189 167 171 173 172 171 194 196 196 1876 212 184 170 191 168 172 171 172 172 184 1881
Upper bound: 42
Thread work times 2923 254 305 2921 237 236 238 240 259 256 2919 235 239 240 265 237 239 241 237 236 238 239 243 240 2921 249 240 271 238 251 2922
Upper bound: 41
Thread work times 4433 405 382 376 398 450 4432 402 390 377 378 377 394 380 4433 403 380 380 389 380 378 389 385 380 4432 380 378 379 386 380 4433
Upper bound: 40
Thread work times 6674 583 560 578 560 544 545 585 535 561 555 6671 544 6673 569 553 544 546 6672 545 649 544 6672 543 605 581 576 558 544 545 544
Upper bound: 39
Thread work times 14697 833 776 766 840 808 763 783 780 786 14695 765 763 788 810 764 14696 941 901 765 856 810 764 764 762 14694 14693 769 806 767 846
Upper bound: 38
Thread work times 1972 50908 2001 2017 1995 1987 2029 2078 50905 1981 1987 1978 1986 2012 1974 1989 2029 1981 1997 2209 1970 2006 2019 50907 2045 2208 50906 50908 1998 2008 1984
Upper bound: 37
Thread work times 6570 6572 6575 13001 6555 13001 6554 6568 6557 6575 6553 6550 6558 6551 6577 6581 6580 6583 6546 6590 6590 6591 6605 13000 13002 6570 6630 6566 6589 12999 6590
Solution size 7
(4 -> 876) (11 -> 1001) (15 -> 76) (20 -> 842) (21 -> 833) (22 -> 878) (25 -> 1039) 
Nodes:                      148345539
CPU time (ms):              100008
TIMEOUT
