Thread work times 3 0 0 0 0 0 0 0 1 1 1 1 2 2 2 2 2 2 2 2 3 3 3 2 0 1 0 2 1 2 2
Upper bound: 66
Thread work times 3 2 2 1 1 2 2 1 1 2 2 2 3 2 0 2 0 0 1 2 2 1 0 0 0 1 0 1 2 2 2
Upper bound: 65
Thread work times 0 3 1 1 2 1 2 0 2 2 0 2 2 2 3 3 0 0 0 2 3 2 0 2 2 2 2 2 2 0 0
Upper bound: 64
Thread work times 3 5 3 3 4 3 5 4 4 4 3 1 3 3 3 3 3 3 3 1 3 2 2 3 4 3 2 3 4 4 3
Upper bound: 63
Thread work times 6 8 11 8 10 8 9 7 8 8 7 7 7 9 7 8 8 8 8 7 6 7 7 7 7 6 7 7 8 9 7
Upper bound: 62
Thread work times 38 35 34 37 36 35 36 38 36 34 35 33 34 35 36 35 34 34 35 35 35 36 36 35 35 35 34 40 36 39 34
Upper bound: 61
Thread work times 123 124 123 123 123 122 122 124 130 124 122 124 124 123 125 124 129 123 123 122 123 124 124 131 124 128 122 123 121 122 124
Upper bound: 60
Thread work times 237 256 236 235 236 235 252 236 237 237 237 236 253 237 238 236 236 237 237 237 237 237 236 236 253 238 236 237 236 254 237
Upper bound: 59
Thread work times 441 507 440 442 442 442 439 441 503 443 441 442 464 441 464 443 442 440 505 441 465 442 507 504 441 441 444 439 441 440 442
Upper bound: 58
Thread work times 3894 3978 3829 3821 3820 3864 3981 3836 3827 3848 3827 3935 3822 3982 3881 3881 3882 3877 3822 3981 3865 3978 3840 3822 3821 3830 3878 3826 3831 3825 3826
Upper bound: 57
Thread work times 63900 62661 63899 62666 62679 62706 62659 62689 62655 62661 62664 62667 62667 62700 62661 62754 62651 62659 62736 62723 62657 62659 62751 63900 62665 62712 62721 62715 63896 63898 62757
Upper bound: 56
Thread work times 31138 31136 31137 31136 31137 31136 31137 31137 31136 31137 31137 31137 31138 31138 31137 31138 31138 31136 31137 31136 31137 31136 31136 31136 31137 31136 31136 31137 31137 31138 31136
Solution size 20
(0 -> 439) (2 -> 300) (4 -> 476) (6 -> 500) (16 -> 490) (24 -> 427) (29 -> 61) (32 -> 21) (34 -> 153) (35 -> 122) (37 -> 495) (43 -> 250) (45 -> 246) (46 -> 184) (53 -> 312) (57 -> 4) (58 -> 133) (61 -> 36) (64 -> 418) (66 -> 130) 
Nodes:                      1594572454
CPU time (ms):              100003
TIMEOUT
