Thread work times 5 1 1 1 1 1 1 1 1 2 1 2 2 3 3 3 3 2 3 3 1 3 3 2 3 3 3 3 3 4 3
Upper bound: 74
Thread work times 3 2 3 3 4 4 3 4 3 3 3 2 4 3 4 4 3 3 3 3 2 3 2 4 3 4 3 4 3 2 3
Upper bound: 73
Thread work times 9 10 12 9 9 8 9 8 10 9 8 9 9 9 9 10 10 9 8 9 9 9 11 9 8 9 10 8 8 11 9
Upper bound: 72
Thread work times 24 20 22 21 18 21 19 21 21 21 21 21 20 21 21 19 21 21 21 19 20 20 21 20 20 22 20 21 21 20 20
Upper bound: 71
Thread work times 29 25 26 26 25 27 25 25 24 26 25 26 26 26 25 26 27 27 28 27 25 27 26 27 23 25 26 24 23 24 25
Upper bound: 70
Thread work times 38 29 30 29 42 30 28 28 29 29 28 28 29 29 28 30 29 29 28 29 28 40 29 29 41 28 28 29 39 29 29
Upper bound: 69
Thread work times 32 61 31 32 31 32 33 32 31 32 59 31 32 59 60 32 31 30 57 28 31 31 31 31 33 32 31 32 32 30 32
Upper bound: 68
Thread work times 849 109 109 111 110 109 110 109 109 108 109 109 110 109 109 108 109 109 108 109 109 108 109 110 846 844 110 109 847 848 109
Upper bound: 67
Thread work times 98958 26431 26463 26472 26439 26530 26531 26517 26535 26414 98958 98961 26434 26431 26409 26581 26438 26458 26449 26474 26467 98955 26479 26548 26415 26414 26470 26539 98961 26503 26502
Solution size 7
(4 -> 246) (23 -> 143) (26 -> 142) (49 -> 144) (50 -> 223) (52 -> 385) (70 -> 62) 
Nodes:                      645153872
CPU time (ms):              100004
TIMEOUT
