Thread work times 0 0 0 0 0 0 0 0 0 0 0 0 0 0 0 0 0 0 0 0 0 0 0 0 0 0 0 0 0 0 0
Upper bound: 79
Thread work times 0 0 0 0 0 0 0 0 0 0 0 0 0 0 0 0 0 0 0 0 0 0 0 0 0 0 0 0 0 0 0
Upper bound: 78
Thread work times 0 1 0 0 0 0 0 0 0 0 0 0 0 0 0 0 0 0 0 0 0 0 0 0 0 0 0 0 0 0 0
Upper bound: 77
Thread work times 1 0 0 0 0 0 0 0 0 0 0 0 0 0 0 0 0 0 0 0 0 0 0 0 0 0 0 0 0 0 0
Upper bound: 76
Thread work times 1 0 0 0 0 0 0 0 0 0 0 1 0 0 0 0 0 0 0 0 1 0 0 0 0 0 0 0 0 0 0
Upper bound: 75
Thread work times 0 3 0 2 0 0 0 0 2 0 0 0 0 1 0 0 0 0 0 0 0 0 0 0 0 0 0 2 0 0 3
Upper bound: 74
Thread work times 9 1 0 0 0 0 0 1 0 1 0 0 0 1 7 0 0 1 2 8 0 7 0 0 0 0 0 0 1 0 0
Upper bound: 73
Thread work times 31 1 2 2 1 2 1 3 3 2 31 3 1 1 2 28 3 4 2 2 2 0 2 3 30 28 2 1 2 3 4
Upper bound: 72
Thread work times 73 4 7 72 5 6 7 71 6 8 71 4 6 6 5 73 5 7 4 5 7 4 6 7 6 5 4 7 6 4 4
Upper bound: 71
Thread work times 1567 38322 292 289 449 542 664 838 1031 1093 1279 1384 262 259 271 1865 38322 38317 375 409 581 989 1240 38320 38321 269 450 1067 349 2208 821
Upper bound: 70
Thread work times 61539 61536 61535 54744 61535 61537 61537 38581 38585 61534 61534 61537 61537 61539 61533 61538 48833 61536 61536 61535 61536 61535 61536 38557 61535 61536 61535 61535 61535 61538 61534
Solution size 18
(4 -> 86) (5 -> 18) (8 -> 127) (9 -> 164) (12 -> 139) (15 -> 221) (17 -> 231) (27 -> 135) (29 -> 73) (30 -> 94) (42 -> 98) (43 -> 115) (45 -> 100) (53 -> 233) (63 -> 88) (73 -> 206) (76 -> 49) (77 -> 199) 
Nodes:                      2164988791
CPU time (ms):              100001
TIMEOUT
