Thread work times 3 0 0 0 0 0 0 1 1 1 1 1 1 1 1 1 1 1 1 1 1 2 2 2 3 1 1 1 1 0 3
Upper bound: 85
Thread work times 2 0 0 1 1 2 2 1 1 1 1 0 0 1 0 1 1 0 0 0 0 1 2 0 1 2 0 0 2 0 0
Upper bound: 84
Thread work times 3 0 0 0 0 0 0 0 0 3 2 1 2 2 0 0 2 2 2 0 2 3 0 2 2 0 1 2 2 0 3
Upper bound: 83
Thread work times 3 3 0 0 2 2 2 1 1 3 1 2 2 0 0 2 2 0 2 3 0 3 2 0 2 0 2 0 3 1 3
Upper bound: 82
Thread work times 3 0 3 0 0 0 4 0 3 2 3 1 2 3 1 3 2 1 2 1 2 3 2 0 0 4 1 4 2 3 2
Upper bound: 81
Thread work times 5 0 4 0 1 2 3 2 3 1 3 2 1 1 0 0 2 0 0 0 3 0 0 1 1 2 3 0 3 0 2
Upper bound: 80
Thread work times 2 3 1 0 2 0 3 0 3 2 3 2 3 2 1 4 3 6 3 4 0 3 4 3 5 3 2 3 0 2 2
Upper bound: 79
Thread work times 4 0 0 2 0 2 4 3 5 6 0 0 0 1 0 4 1 1 3 3 1 0 3 0 0 3 2 2 3 2 7
Upper bound: 78
Thread work times 0 2 3 4 4 3 6 4 0 2 0 2 1 2 2 0 1 0 2 2 2 3 2 3 4 0 7 0 0 0 8
Upper bound: 77
Thread work times 2 1 2 0 0 0 3 2 9 0 0 3 0 2 2 2 0 1 3 0 2 0 3 1 0 2 3 7 6 0 6
Upper bound: 76
Thread work times 0 0 3 0 2 3 0 7 3 4 1 0 2 10 0 0 2 3 1 0 2 0 0 0 2 3 2 0 2 2 3
Upper bound: 75
Thread work times 8 0 2 2 2 2 0 2 0 3 2 2 0 3 2 3 3 3 1 1 1 9 3 2 3 2 0 0 3 3 10
Upper bound: 74
Thread work times 0 1 1 14 14 1 3 3 2 3 15 4 0 1 0 2 2 2 0 0 3 1 2 2 2 16 0 1 0 11 2
Upper bound: 73
Thread work times 32 2 2 5 1 3 0 31 1 30 1 0 27 4 1 4 1 2 4 3 2 0 0 0 0 4 0 0 3 4 0
Upper bound: 72
Thread work times 22212 0 1 2 2 1 2 3 1 3 2 3 3 3 0 22210 0 2 4 1 2 3 3 3 2 1 3 0 2 4 22212
Upper bound: 71
Thread work times 3 3 0 0 3 3 3 1 4 4 77638 3 0 0 2 2 2 77639 0 0 3 0 1 0 2 77637 3 2 77640 1 0
Solution size 17
(1 -> 496) (3 -> 483) (5 -> 73) (12 -> 500) (20 -> 36) (22 -> 389) (27 -> 405) (29 -> 159) (31 -> 245) (42 -> 222) (44 -> 479) (52 -> 137) (61 -> 23) (65 -> 323) (75 -> 258) (76 -> 207) (78 -> 271) 
Nodes:                      54338435
CPU time (ms):              100002
TIMEOUT
