Thread work times 8 17 8 8 8 8 8 8 8 8 8 11 12 13 13 11 16 16 16 17 5 6 5 6 16 15 6 6 8 7 8
Upper bound: 85
Thread work times 16 0 0 8 8 0 16 16 16 16 16 12 16 16 16 16 16 16 16 16 6 10 10 10 0 10 16 12 0 14 16
Upper bound: 84
Thread work times 26 16 8 0 8 8 8 5 16 25 8 5 5 5 10 5 16 21 5 21 16 24 7 0 21 16 14 24 21 14 8
Upper bound: 83
Thread work times 29 24 27 34 33 17 29 32 30 27 15 24 21 24 32 32 24 29 24 24 24 24 12 24 24 30 24 32 24 24 30
Upper bound: 82
Thread work times 29 29 24 24 31 11 22 32 24 33 29 24 30 23 8 27 26 30 27 14 32 32 14 26 35 14 26 29 32 32 31
Upper bound: 81
Thread work times 44 29 37 29 24 29 24 32 30 34 24 32 24 32 37 32 37 32 36 32 37 43 37 32 39 43 39 40 28 27 40
Upper bound: 80
Thread work times 57 40 29 35 31 54 32 16 32 55 32 24 36 24 34 40 32 37 39 40 32 40 32 16 39 40 30 40 16 53 59
Upper bound: 79
Thread work times 28 56 32 52 32 32 32 20 32 32 31 31 37 29 24 20 7 32 32 27 32 27 16 64 58 32 35 37 32 21 31
Upper bound: 78
Thread work times 32 88 77 39 26 37 27 31 26 80 32 32 38 32 34 40 40 40 39 37 22 32 32 76 40 23 24 87 19 32 17
Upper bound: 77
Thread work times 115 37 37 38 32 32 33 27 40 40 40 40 40 40 40 40 29 40 33 111 117 40 27 34 38 40 40 116 26 109 38
Upper bound: 76
Thread work times 189 183 40 32 37 37 37 30 34 33 32 178 24 34 32 32 182 32 181 39 35 30 31 39 38 29 39 17 22 32 40
Upper bound: 75
Thread work times 40 1821 35 1821 40 23 40 40 40 67 40 35 40 55 1827 1824 40 40 24 41 51 34 36 41 1825 27 41 40 40 34 40
Upper bound: 74
Thread work times 97455 762 39 97450 37 51 97453 43 42 35 43 51 97447 289 43 256 35 40 39 31 44 162 97449 35 30 44 44 49 45 111 40
Solution size 21
(1 -> 1158) (3 -> 903) (5 -> 1236) (7 -> 692) (9 -> 864) (20 -> 1063) (21 -> 1177) (22 -> 920) (27 -> 1176) (29 -> 878) (32 -> 76) (33 -> 1001) (38 -> 863) (40 -> 1090) (42 -> 877) (52 -> 946) (55 -> 851) (70 -> 1115) (74 -> 842) (76 -> 902) (78 -> 898) 
Nodes:                      107717250
CPU time (ms):              100010
TIMEOUT
