Thread work times 1 0 0 0 0 0 1 1 0 0 0 0 0 1 0 0 0 0 0 0 0 0 0 0 0 0 1 0 0 0 0
Upper bound: 96
Thread work times 0 2 0 1 0 1 0 1 1 0 1 0 0 0 1 0 0 0 1 0 1 0 0 0 1 0 1 0 0 1 1
Upper bound: 95
Thread work times 6 4 4 2 3 4 5 3 4 2 2 2 3 3 3 3 3 3 2 3 4 3 3 3 3 4 3 3 3 2 1
Upper bound: 94
Thread work times 26 21 23 22 22 21 24 24 21 23 21 21 23 20 21 20 19 22 21 22 22 21 21 21 20 23 23 20 24 20 20
Upper bound: 93
Thread work times 40 46 41 46 42 44 42 42 43 44 42 42 43 44 44 42 43 42 44 44 42 43 44 43 43 44 43 42 41 40 43
Upper bound: 92
Thread work times 70 74 67 69 69 69 70 69 68 67 68 69 70 68 68 69 69 66 69 69 70 71 70 69 70 71 69 66 69 67 69
Upper bound: 91
Thread work times 121 106 119 106 106 105 105 106 105 108 106 119 105 106 107 108 107 103 105 105 105 106 106 104 107 108 104 107 105 117 118
Upper bound: 90
Thread work times 134 175 132 134 134 135 135 136 135 134 135 133 134 171 133 171 135 134 135 174 133 131 174 135 137 136 135 136 130 136 135
Upper bound: 89
Thread work times 300 194 192 191 193 297 298 189 189 190 192 191 194 190 191 191 190 191 188 189 192 188 192 188 191 296 193 188 192 192 191
Upper bound: 88
Thread work times 4834 4613 4627 4617 4620 4621 4620 4612 4618 4665 4669 4621 4833 4689 4669 4641 4674 4666 4676 4834 4660 4620 4633 4663 4621 4620 4623 4619 4667 4832 4621
Upper bound: 87
Thread work times 83557 83536 83654 83335 83661 83725 83608 83282 83748 83314 83531 83692 83316 83306 83727 83256 83532 83338 83747 83232 83748 83744 83615 83580 83747 83273 83245 83278 83410 83352 83486
Upper bound: 86
Thread work times 10645 10645 10645 10644 10644 10644 10644 10644 10644 10583 10610 10644 10644 10593 10644 10645 10645 10644 10646 10644 10645 10643 10645 10645 10643 10643 10645 10644 10645 10645 10645
Solution size 7
(19 -> 95) (20 -> 42) (44 -> 96) (57 -> 54) (61 -> 73) (62 -> 45) (65 -> 74) 
Nodes:                      4099454580
CPU time (ms):              100001
TIMEOUT
