Thread work times 10 2 2 2 2 2 3 4 4 4 4 4 4 4 4 4 5 5 7 7 7 7 7 8 8 8 8 2 3 2 4
Upper bound: 96
Thread work times 0 3 4 0 4 4 4 4 6 7 4 4 7 0 6 8 8 8 8 8 8 8 8 2 7 6 3 3 3 9 4
Upper bound: 95
Thread work times 12 3 12 4 12 12 12 6 0 4 0 4 0 7 4 6 7 8 11 8 8 10 11 3 3 12 12 10 10 8 13
Upper bound: 94
Thread work times 8 3 19 16 10 16 16 16 0 4 14 2 15 14 0 12 12 12 12 0 14 16 17 16 8 12 13 15 15 8 16
Upper bound: 93
Thread work times 16 12 12 8 11 8 4 2 12 16 5 16 16 16 16 11 6 8 9 13 14 5 12 12 8 15 12 15 14 16 3
Upper bound: 92
Thread work times 16 16 16 17 5 20 16 16 16 0 14 16 13 11 20 10 16 18 18 16 16 18 16 16 16 15 21 16 16 18 16
Upper bound: 91
Thread work times 18 18 16 16 16 16 14 18 3 6 12 9 16 16 3 20 11 16 16 16 16 16 16 0 16 2 15 16 19 19 24
Upper bound: 90
Thread work times 29 25 29 24 6 16 16 16 16 16 16 16 11 13 13 10 16 16 8 16 16 16 6 16 16 18 13 26 16 16 16
Upper bound: 89
Thread work times 24949 24879 24573 24486 24406 24415 24430 24477 24485 24652 24728 24740 24605 24675 24756 24771 24820 24820 24860 24878 24757 24891 24894 24949 24447 24339 24743 24340 24440 24867 24784
Upper bound: 88
Thread work times 74893 74891 74891 74885 74885 74885 74886 74886 74885 74886 74886 74887 74887 74886 74889 74887 74886 74889 74890 74890 74890 74890 74889 74889 74886 74887 74887 74887 74889 74886 74889
Solution size 5
(19 -> 567) (20 -> 972) (21 -> 1004) (44 -> 45) (62 -> 1) 
Nodes:                      524277262
CPU time (ms):              100010
TIMEOUT
