Thread work times 13 3 3 3 3 4 5 3 5 5 5 5 7 7 7 7 9 9 9 11 10 10 11 11 11 13 11 3 5 3 9
Upper bound: 99
Thread work times 4 8 2 0 8 4 4 0 0 0 0 0 0 0 0 0 4 2 0 0 2 8 8 8 6 6 2 0 4 0 4
Upper bound: 98
Thread work times 12 12 8 8 8 4 8 4 7 12 12 8 6 6 6 0 0 8 6 8 6 8 12 6 4 4 12 12 10 6 9
Upper bound: 97
Thread work times 15 12 12 8 6 8 0 9 4 2 9 12 4 12 12 0 2 0 4 2 13 13 13 8 12 12 11 11 8 5 2
Upper bound: 96
Thread work times 19 12 5 12 14 12 16 9 14 12 16 15 12 17 12 14 16 15 14 12 14 14 12 14 15 8 8 12 12 16 6
Upper bound: 95
Thread work times 16 16 16 16 16 16 16 8 16 4 12 15 10 16 9 15 15 4 0 6 18 16 16 16 20 10 15 16 16 18 14
Upper bound: 94
Thread work times 14 23 19 0 16 12 19 10 5 6 4 18 12 10 12 3 8 12 0 12 8 10 16 15 16 14 14 14 12 12 6
Upper bound: 93
Thread work times 28 16 16 10 24 16 10 15 6 12 16 17 17 10 6 16 27 16 16 8 14 12 16 8 22 16 12 15 16 12 15
Upper bound: 92
Thread work times 14 26 10 8 13 25 16 25 16 4 9 16 16 16 16 16 12 10 8 10 8 10 13 12 16 16 16 15 16 12 29
Upper bound: 91
Thread work times 16 36 17 16 16 33 16 31 16 16 14 16 10 13 16 16 16 16 4 18 4 15 15 15 16 16 16 16 12 16 15
Upper bound: 90
Thread work times 39 33 31 12 12 0 8 4 16 16 11 16 11 3 12 13 14 14 12 8 14 14 6 6 34 8 16 18 14 16 8
Upper bound: 89
Thread work times 47 14 44 17 20 10 4 4 4 12 15 0 18 33 16 3 5 20 20 11 7 16 18 17 6 4 22 19 20 4 8
Upper bound: 88
Thread work times 15 18 6 12 14 46 37 16 43 12 6 39 8 12 12 16 16 16 16 16 12 16 16 10 12 8 14 16 12 16 47
Upper bound: 87
Thread work times 53 16 16 16 16 16 16 16 16 14 6 15 16 17 16 16 16 50 18 18 17 14 50 7 18 12 16 52 18 49 15
Upper bound: 86
Thread work times 111 108 108 66 66 106 68 64 108 67 68 68 66 65 65 65 66 68 70 69 66 65 66 68 67 66 66 66 65 67 68
Upper bound: 85
Thread work times 88 87 85 135 130 87 84 84 85 83 83 86 134 85 130 85 84 87 85 83 132 85 84 87 87 85 86 88 84 87 86
Upper bound: 84
Thread work times 1801 1798 1798 262 261 262 262 264 259 264 262 265 261 262 261 261 262 264 1798 261 264 264 264 1797 262 262 262 263 263 261 261
Upper bound: 83
Thread work times 5740 744 741 746 739 744 744 745 748 743 5737 745 5739 745 745 5737 726 5737 747 745 741 748 749 743 749 746 748 749 740 747 745
Upper bound: 82
Thread work times 2096 14850 2097 2099 2105 2109 2109 2109 2103 2114 14845 2095 2107 14849 2105 2097 2105 2113 2104 2106 2111 2111 14847 2103 2107 2105 14849 2108 2120 2104 2118
Upper bound: 81
Thread work times 45997 6544 45995 6547 6543 6554 6554 45994 6562 6559 6555 6554 6561 6568 6570 6577 45993 6572 6573 6569 6564 6556 45994 6568 6563 6568 6549 6564 6546 6550 6577
Upper bound: 80
Thread work times 17784 17803 17783 17806 17816 17812 17820 30930 17819 17826 17836 17844 17806 30932 17832 17836 17840 17841 17785 17773 30935 30933 17804 17836 17825 30934 17783 17829 17839 17800 17794
Solution size 6
(22 -> 37) (40 -> 501) (46 -> 285) (64 -> 425) (76 -> 640) (82 -> 133) 
Nodes:                      407762585
CPU time (ms):              100005
TIMEOUT
