Thread work times 0 0 0 0 0 0 0 0 0 0 0 0 0 0 0 0 0 0 0 0 0 0 0 0 0 0 0 0 0 0 0
Upper bound: 99
Thread work times 0 0 0 0 0 0 0 0 0 0 0 0 0 0 0 0 0 0 0 0 0 0 0 0 0 0 0 0 0 0 0
Upper bound: 98
Thread work times 1 0 0 0 0 0 0 0 0 0 0 0 0 0 0 0 0 0 0 0 0 0 0 0 0 0 0 0 0 0 0
Upper bound: 97
Thread work times 0 0 0 0 0 0 0 0 0 0 0 0 1 0 0 0 0 0 0 0 0 0 0 0 2 0 0 0 1 0 0
Upper bound: 96
Thread work times 2 0 0 0 0 0 0 0 0 0 0 0 0 0 0 0 0 0 0 0 0 0 0 0 0 0 0 1 0 0 0
Upper bound: 95
Thread work times 2 0 0 0 0 2 1 0 1 0 0 0 0 0 0 1 0 0 0 1 0 1 0 0 0 2 0 0 0 0 0
Upper bound: 94
Thread work times 3 0 0 1 2 0 0 1 0 0 1 0 1 0 0 1 1 0 0 0 1 0 3 0 0 2 0 2 0 0 0
Upper bound: 93
Thread work times 3 4 1 3 0 5 0 1 0 0 0 1 0 2 0 0 0 0 2 3 2 0 0 0 0 0 5 0 1 1 0
Upper bound: 92
Thread work times 0 1 0 1 2 0 0 1 2 6 1 2 6 5 0 1 3 0 0 2 2 1 1 0 1 7 8 3 1 3 0
Upper bound: 91
Thread work times 1 12 4 0 1 3 10 12 0 2 1 3 2 1 2 2 0 5 2 11 1 2 3 8 3 4 1 3 3 2 1
Upper bound: 90
Thread work times 8 18 2 5 5 5 1 5 3 17 2 17 1 5 6 2 2 2 3 7 5 4 16 1 3 3 5 18 4 3 5
Upper bound: 89
Thread work times 30 4 26 9 5 8 7 28 5 30 9 3 5 7 9 5 7 5 7 8 6 4 2 6 8 6 6 3 6 29 9
Upper bound: 88
Thread work times 50 9 11 10 10 8 7 13 10 49 10 11 8 13 49 9 12 8 11 13 11 8 15 11 7 47 16 9 9 16 49
Upper bound: 87
Thread work times 18 18 17 23 8 23 23 20 81 9 12 14 83 17 14 18 24 15 84 23 15 18 84 12 24 19 15 13 83 18 17
Upper bound: 86
Thread work times 16 28 140 30 27 40 24 29 25 141 24 25 29 17 19 27 19 26 23 28 23 27 39 24 25 22 27 142 142 143 22
Upper bound: 85
Thread work times 48 37 230 47 33 231 34 30 231 39 41 230 36 44 40 40 40 44 36 37 43 44 45 41 46 41 41 28 232 43 40
Upper bound: 84
Thread work times 68 64 74 70 66 354 61 62 55 69 61 59 65 71 354 355 61 57 74 64 69 62 64 64 48 354 43 57 66 44 355
Upper bound: 83
Thread work times 553 102 124 91 96 90 552 551 113 91 99 110 113 84 115 98 112 93 92 128 550 86 112 92 97 115 86 105 551 92 95
Upper bound: 82
Thread work times 903 146 902 143 901 901 138 144 901 175 142 116 159 180 136 170 169 177 184 131 137 147 134 126 132 128 188 151 178 158 156
Upper bound: 81
Thread work times 222 1494 265 183 207 198 217 195 220 1492 240 229 1492 231 247 200 240 1496 199 221 169 247 223 230 229 218 1494 244 189 247 178
Upper bound: 80
Thread work times 352 329 272 258 340 2274 2277 304 384 257 295 2274 326 409 435 278 389 340 302 305 345 273 300 297 2275 320 327 352 297 350 2275
Upper bound: 79
Thread work times 3488 3487 457 544 525 549 543 463 617 518 435 557 544 3486 529 480 425 472 537 542 522 637 613 500 547 609 436 3484 3488 461 505
Upper bound: 78
Thread work times 5437 5439 737 600 759 709 618 647 794 873 870 718 606 5434 869 696 709 654 702 713 720 697 679 602 714 701 5438 884 736 747 5437
Upper bound: 77
Thread work times 8421 1001 1272 982 8420 1181 1078 1206 1204 8417 991 1204 1282 1207 985 970 997 1002 1086 8419 1271 997 1036 872 1015 1013 1002 997 1016 1085 8421
Upper bound: 76
Thread work times 12516 1341 1275 1634 1349 1507 1631 2099 1629 1496 1477 1360 1704 1670 1625 1482 1327 1387 12512 1886 1887 1398 1702 12515 1260 1385 1497 12514 1325 12511 1482
Upper bound: 75
Thread work times 19018 2311 2516 2118 2154 2519 2107 2411 19016 2427 2428 2115 2519 2427 2517 2090 2466 2091 19015 2601 2516 2378 3024 2605 2147 19017 2060 2184 2069 1991 19017
Upper bound: 74
Thread work times 3454 3132 3465 3841 3391 3474 29015 3841 3725 3405 3163 3841 3336 3460 3414 3016 3462 29022 29021 3493 3353 3843 3842 29019 3362 3418 3513 3361 4379 29019 3535
Upper bound: 73
Thread work times 4940 5825 15866 5102 5578 4418 5152 5087 15864 5101 5079 4686 15863 4992 5090 5582 5575 5156 5106 5575 5103 5824 6227 4458 15862 4599 4618 4635 15866 5591 5091
Solution size 9
(24 -> 276) (29 -> 142) (58 -> 4) (63 -> 218) (64 -> 85) (67 -> 247) (76 -> 135) (78 -> 31) (94 -> 137) 
Nodes:                      454774724
CPU time (ms):              100001
TIMEOUT
