Thread work times 0 0 0 0 0 0 0 0 0 0 0 0 0 0 0 0 0 0 0 0 0 0 0 0 0 0 0 0 0 0 0
Upper bound: 99
Thread work times 0 0 0 0 0 0 0 0 0 0 0 0 0 0 0 0 0 0 0 0 0 0 0 0 0 0 0 0 0 0 0
Upper bound: 98
Thread work times 0 0 0 0 0 0 0 0 0 0 0 0 0 0 0 0 0 0 0 0 0 0 0 0 0 0 0 0 0 0 0
Upper bound: 97
Thread work times 0 0 0 0 0 0 0 0 0 0 0 0 0 0 0 0 0 0 0 0 0 0 0 0 0 0 0 0 0 0 0
Upper bound: 96
Thread work times 0 0 0 0 0 0 0 0 0 0 0 0 0 0 0 0 0 0 0 0 0 0 0 0 0 0 0 0 0 0 0
Upper bound: 95
Thread work times 0 0 0 0 0 0 0 0 0 0 0 0 0 0 0 0 0 0 0 0 0 0 0 0 0 0 0 0 0 0 0
Upper bound: 94
Thread work times 0 0 0 0 0 0 0 0 0 0 0 0 0 0 0 0 0 0 0 0 0 0 0 0 0 0 0 0 0 0 0
Upper bound: 93
Thread work times 0 0 0 0 0 0 0 0 0 0 0 0 0 0 0 0 0 0 0 0 0 0 0 0 0 0 0 0 0 0 0
Upper bound: 92
Thread work times 20 6 7 8 8 8 8 8 11 8 11 12 12 12 14 15 15 15 16 16 17 19 19 19 19 6 8 16 6 19 19
Upper bound: 91
Thread work times 20 5 5 12 8 8 8 5 0 0 13 8 16 5 5 16 16 0 8 5 13 16 16 0 8 8 8 8 16 10 5
Upper bound: 90
Thread work times 10 16 20 16 16 5 21 5 5 10 10 8 19 10 16 16 10 21 20 20 23 18 24 24 24 24 24 8 8 25 27
Upper bound: 89
Thread work times 29 24 20 30 24 31 24 24 24 24 24 25 24 8 14 28 29 29 29 29 23 12 24 13 24 29 27 24 24 27 24
Upper bound: 88
Thread work times 44 41 38 39 24 32 37 38 39 40 40 40 40 40 40 40 40 40 40 40 40 39 40 40 40 32 37 41 40 40 40
Upper bound: 87
Thread work times 40 40 46 33 33 37 37 26 36 39 45 38 40 40 40 40 29 40 38 40 40 40 40 36 26 40 41 40 37 40 32
Upper bound: 86
Thread work times 33 56 31 56 50 37 23 38 40 39 38 38 30 39 40 39 40 33 40 37 40 23 36 39 23 41 40 40 47 37 57
Upper bound: 85
Thread work times 36 67 35 38 39 40 40 39 37 40 40 40 40 40 15 40 41 30 24 42 61 33 40 23 41 31 24 36 24 37 66
Upper bound: 84
Thread work times 85 87 42 41 42 42 42 42 41 41 41 41 42 41 37 42 39 43 43 44 42 43 38 47 42 41 43 86 86 44 85
Upper bound: 83
Thread work times 97 44 43 41 42 101 47 104 29 38 45 47 36 36 46 26 26 31 43 47 47 34 103 104 41 45 40 27 30 44 44
Upper bound: 82
Thread work times 43 39 44 36 43 45 44 46 44 122 126 42 44 45 38 43 42 44 43 125 47 44 124 44 46 43 44 43 127 43 42
Upper bound: 81
Thread work times 45 164 163 46 47 46 47 46 47 164 46 47 46 48 47 48 49 47 47 49 47 163 47 46 47 51 45 48 36 163 41
Upper bound: 80
Thread work times 49 53 219 47 221 220 48 41 48 39 45 49 49 50 48 48 42 49 52 50 217 51 42 50 49 52 52 218 46 47 47
Upper bound: 79
Thread work times 278 58 53 57 278 278 54 56 55 48 54 58 55 56 57 59 57 58 60 54 45 275 52 54 277 47 61 54 53 57 54
Upper bound: 78
Thread work times 399 62 66 66 67 67 66 72 74 67 69 68 389 66 67 65 71 73 77 68 395 67 399 66 69 58 398 67 66 59 65
Upper bound: 77
Thread work times 608 89 84 607 79 78 607 604 79 605 87 97 79 99 99 86 101 79 73 81 94 83 89 82 90 93 94 78 84 82 82
Upper bound: 76
Thread work times 869 872 117 106 136 118 124 115 116 111 112 116 121 127 118 108 120 871 107 124 116 124 871 117 113 105 135 106 868 111 105
Upper bound: 75
Thread work times 143 190 159 1335 229 203 161 145 158 146 150 137 155 151 156 145 154 159 151 180 156 162 163 1334 1336 161 169 1332 139 160 1336
Upper bound: 74
Thread work times 2010 234 255 317 2007 2008 248 215 227 266 222 252 281 2006 230 242 235 245 247 231 240 234 2007 240 219 247 252 290 246 245 232
Upper bound: 73
Thread work times 3222 365 360 379 355 430 504 3220 377 3218 3219 329 350 355 382 3221 338 342 344 394 338 394 415 368 342 344 331 342 331 369 357
Upper bound: 72
Thread work times 532 610 527 635 529 590 5153 548 586 558 563 560 529 580 570 559 528 810 544 678 5154 562 621 5151 592 728 5154 732 584 5152 545
Upper bound: 71
Thread work times 8250 1044 1047 8244 848 806 1033 1302 1264 1292 1327 922 874 776 827 8249 900 927 858 8247 917 786 852 892 776 951 813 814 915 8250 818
Upper bound: 70
Thread work times 1265 15967 1247 1404 1382 15945 1362 1608 2365 1619 1301 15965 1215 1267 1417 1257 1381 2248 1315 2248 1374 1517 15961 1308 1223 1417 15966 2381 1441 1303 1632
Upper bound: 69
Thread work times 39699 2253 4039 2222 2432 39696 2221 2235 2377 2219 2440 3971 2207 4051 2287 2286 39699 2526 2679 2745 4162 3263 39693 2727 2342 4160 2243 2308 39698 2524 2287
Upper bound: 68
Thread work times 21099 5124 21093 5318 5128 7800 21095 5279 8396 5489 5145 5121 5834 5125 5938 5195 5120 5529 21099 5288 5240 5230 5503 8399 5265 5647 5220 7900 5192 7804 21096
Solution size 9
(8 -> 878) (10 -> 803) (22 -> 505) (24 -> 507) (36 -> 842) (64 -> 598) (69 -> 833) (76 -> 841) (82 -> 692) 
Nodes:                      179774341
CPU time (ms):              100008
TIMEOUT
