Thread work times 0 0 0 0 0 0 0 0 0 0 0 0 0 0 0 0 0 0 0 0 0 0 0 0 0 0 0 0 0 0 0
Upper bound: 99
Thread work times 0 0 0 0 0 0 0 0 0 0 0 0 0 0 0 0 0 0 0 0 0 0 0 0 0 0 0 0 0 0 0
Upper bound: 98
Thread work times 0 0 0 0 0 0 0 0 0 0 0 0 0 0 0 0 0 0 0 0 0 0 0 0 0 0 0 0 0 0 0
Upper bound: 97
Thread work times 0 0 0 0 0 0 0 0 0 0 0 0 0 0 0 0 0 0 0 0 0 0 0 0 0 0 0 0 0 0 0
Upper bound: 96
Thread work times 0 0 0 0 0 0 0 0 0 0 0 0 0 0 0 0 0 0 0 0 0 0 0 0 0 0 0 0 0 0 0
Upper bound: 95
Thread work times 0 0 0 0 0 0 0 0 0 0 0 0 0 0 0 0 0 0 0 0 0 0 0 0 0 0 0 0 0 0 0
Upper bound: 94
Thread work times 0 0 0 0 0 0 0 0 0 0 0 0 0 0 0 0 0 0 0 0 0 0 0 0 0 0 0 0 0 0 0
Upper bound: 93
Thread work times 0 0 0 0 0 0 0 0 0 0 0 0 0 0 0 0 0 0 0 0 0 0 0 0 0 0 0 0 0 0 0
Upper bound: 92
Thread work times 0 2 0 0 0 0 1 1 1 1 1 1 1 1 1 1 1 1 1 1 2 2 2 0 2 2 2 1 2 0 2
Upper bound: 91
Thread work times 2 0 0 0 0 0 0 0 0 0 0 0 0 0 0 0 0 0 0 0 0 0 0 0 0 0 0 0 0 0 0
Upper bound: 90
Thread work times 0 0 0 0 0 0 0 0 0 0 0 0 0 0 0 0 0 0 0 0 0 0 0 0 0 0 0 2 0 0 0
Upper bound: 89
Thread work times 4 0 0 0 0 0 0 0 0 0 0 0 0 0 0 0 0 0 0 0 0 0 0 0 0 0 3 2 0 0 0
Upper bound: 88
Thread work times 0 0 0 0 0 0 0 0 0 0 0 0 0 0 0 0 0 0 0 0 0 0 0 2 0 0 0 0 5 0 3
Upper bound: 87
Thread work times 5 0 0 0 0 0 0 0 0 0 0 0 2 0 0 1 0 3 4 0 0 0 0 0 0 0 0 0 0 0 0
Upper bound: 86
Thread work times 0 0 4 0 3 0 0 0 0 0 0 0 4 0 0 0 0 0 0 0 0 0 0 0 0 5 0 0 2 0 0
Upper bound: 85
Thread work times 6 0 0 3 0 0 0 0 0 0 0 0 0 0 0 0 0 5 0 0 0 0 0 4 0 0 0 0 0 0 0
Upper bound: 84
Thread work times 0 7 3 0 4 0 0 0 0 0 0 0 0 0 0 0 0 0 0 0 6 0 0 0 0 5 0 0 0 0 0
Upper bound: 83
Thread work times 8 0 0 0 5 0 0 0 0 0 0 0 0 0 0 4 0 0 6 0 7 7 0 0 0 0 0 0 0 0 0
Upper bound: 82
Thread work times 9 8 0 0 0 0 0 0 7 0 0 0 0 0 0 0 0 0 0 0 0 0 0 0 6 0 0 0 0 0 0
Upper bound: 81
Thread work times 10 8 7 0 0 0 0 0 0 0 0 0 0 0 0 0 0 0 0 0 0 0 0 0 0 0 0 9 0 7 0
Upper bound: 80
Thread work times 11 7 0 0 0 0 0 0 0 0 0 10 0 0 8 0 9 0 0 0 0 0 0 0 0 0 0 0 0 0 0
Upper bound: 79
Thread work times 0 10 0 9 0 0 0 0 0 0 0 0 0 0 0 0 0 0 0 0 0 0 0 0 0 11 0 0 0 9 12
Upper bound: 78
Thread work times 13 0 0 0 0 0 0 0 0 0 9 0 0 0 0 12 0 11 0 0 0 0 0 10 0 0 0 0 0 0 0
Upper bound: 77
Thread work times 0 0 0 12 10 0 0 0 0 13 0 0 0 0 0 0 0 0 0 0 0 0 0 0 0 0 0 0 0 0 0
Upper bound: 76
Thread work times 0 15 0 0 1 0 0 12 0 13 0 15 0 0 0 0 0 0 0 0 0 0 0 11 0 0 0 0 0 0 0
Upper bound: 75
Thread work times 47 0 0 0 0 0 0 0 0 0 0 0 0 3 0 0 0 0 0 0 0 0 0 45 0 0 0 0 46 45 0
Upper bound: 74
Thread work times 64 12 13 13 62 12 12 12 13 12 12 13 12 12 13 13 12 12 12 13 13 12 12 13 13 61 13 13 13 13 13
Upper bound: 73
Thread work times 150 22 22 148 20 147 21 21 22 21 22 21 20 22 22 20 21 22 19 23 22 20 20 22 150 21 22 21 21 19 151
Upper bound: 72
Thread work times 248 25 250 23 24 24 249 24 26 24 24 25 25 24 24 25 24 25 24 25 23 24 245 23 24 24 248 23 26 24 25
Upper bound: 71
Thread work times 356 31 32 31 354 31 353 32 31 31 32 30 33 32 32 31 32 31 32 32 33 31 32 354 30 351 31 31 33 31 32
Upper bound: 70
Thread work times 543 35 34 34 34 34 35 32 35 33 33 35 35 540 34 33 34 35 541 538 32 35 34 33 33 35 540 34 33 33 34
Upper bound: 69
Thread work times 57 1259 58 56 1257 58 57 57 57 58 57 57 55 57 57 56 57 57 1255 57 58 57 57 1257 57 57 1255 57 57 57 58
Upper bound: 68
Thread work times 2676 2675 148 149 2675 2675 148 149 149 148 149 149 148 149 149 149 2672 147 149 149 149 148 148 148 149 149 148 147 147 150 148
Upper bound: 67
Thread work times 5934 279 280 5933 279 280 280 279 280 280 280 5933 280 280 279 278 280 281 5932 280 5932 279 280 279 281 279 279 280 279 280 279
Upper bound: 66
Thread work times 15224 606 606 603 602 604 602 603 604 603 604 604 605 15223 605 607 608 608 605 605 605 605 15221 608 15222 603 15224 601 604 607 606
Upper bound: 65
Thread work times 35003 1235 1238 1242 1236 1238 35002 1241 1245 1246 1244 1247 1246 1247 35002 34998 1243 1242 1239 1240 1243 1244 1246 1248 1239 1242 1236 1251 1242 35001 1248
Upper bound: 64
Thread work times 38263 2459 2443 2433 2442 2447 2448 2448 2448 2452 38259 2455 2453 2438 2446 2454 2457 38262 2442 2444 2442 2450 2455 38261 2447 2456 2446 2434 2448 2442 38261
Solution size 7
(1 -> 0) (4 -> 377) (20 -> 460) (38 -> 454) (59 -> 433) (75 -> 251) (80 -> 56) 
Nodes:                      218201230
CPU time (ms):              100002
TIMEOUT
