Thread work times 0 0 0 0 0 0 0 0 0 0 0 0 0 0 0 0 0 0 0 0 0 0 0 0 0 0 0 0 0 0 0
Upper bound: 99
Thread work times 0 0 0 0 0 0 0 0 0 0 0 0 0 0 0 0 0 0 0 0 0 0 0 0 0 0 0 0 0 0 0
Upper bound: 98
Thread work times 0 0 0 0 0 0 0 0 0 0 0 0 0 0 0 0 0 0 0 0 0 0 0 0 0 0 0 0 0 0 0
Upper bound: 97
Thread work times 0 0 0 0 0 0 0 0 0 0 0 0 0 0 0 0 0 0 0 0 0 0 0 0 0 0 0 0 0 0 0
Upper bound: 96
Thread work times 0 0 0 0 0 0 0 0 0 0 0 0 0 0 0 0 0 0 0 0 0 0 0 0 0 0 0 0 0 0 0
Upper bound: 95
Thread work times 0 0 0 0 0 0 0 0 0 0 0 0 0 0 0 0 0 0 0 0 0 0 0 0 0 0 0 0 0 0 0
Upper bound: 94
Thread work times 0 0 0 0 0 0 0 0 0 0 0 0 0 0 0 0 0 0 0 0 0 0 0 0 0 0 0 0 0 0 0
Upper bound: 93
Thread work times 0 0 0 0 0 0 0 0 0 0 0 0 0 0 0 0 0 0 0 0 0 0 0 0 0 0 0 0 0 0 0
Upper bound: 92
Thread work times 10 8 8 8 8 8 8 8 8 9 9 8 8 8 8 8 8 8 8 9 9 8 8 9 9 8 9 8 9 9 8
Upper bound: 91
Thread work times 26 22 19 26 13 20 13 26 26 22 25 13 25 26 26 26 17 26 19 24 26 26 26 13 27 15 16 26 16 27 21
Upper bound: 90
Thread work times 49 47 38 43 38 47 47 47 48 47 47 47 48 48 47 48 47 43 47 47 47 48 42 44 47 47 47 37 45 47 49
Upper bound: 89
Thread work times 79 79 78 78 79 78 72 78 77 79 78 79 79 74 81 79 80 78 79 77 79 79 72 79 75 79 76 79 80 79 79
Upper bound: 88
Thread work times 858 872 871 870 868 870 870 871 858 871 871 868 872 871 870 856 869 870 870 861 864 870 868 859 868 871 865 871 870 865 872
Upper bound: 87
Thread work times 8221 8083 8082 8080 8078 8220 8081 8079 8220 8082 8071 8219 8073 8081 8082 8082 8079 8083 8081 8081 8083 8081 8081 8082 8080 8077 8081 8073 8082 8083 8082
Upper bound: 86
Thread work times 29265 29266 29676 29264 29265 29262 29267 29676 29245 29258 29265 29258 29266 29265 29266 29267 29266 29253 29267 29266 29264 29266 29674 29254 29266 29265 29266 29266 29265 29267 29266
Upper bound: 85
Thread work times 61026 61021 61025 61021 61023 61016 61023 61024 61018 61025 61019 61025 61024 61023 61022 61025 61023 61024 61024 61024 61019 61025 61017 61024 61024 61023 61018 61023 61018 61021 61024
Solution size 6
(0 -> 554) (9 -> 306) (40 -> 524) (47 -> 531) (54 -> 158) (91 -> 307) 
Nodes:                      1170791195
CPU time (ms):              100002
TIMEOUT
