Thread work times 0 0 0 0 0 0 0 0 0 0 0 0 0 0 0 0 0 0 0 0 0 0 0 0 0 0 0 0 0 0 0
Upper bound: 99
Thread work times 0 0 0 0 0 0 0 0 0 0 0 0 0 0 0 0 0 0 0 0 0 0 0 0 0 0 0 0 0 0 0
Upper bound: 98
Thread work times 0 0 0 0 0 0 0 0 0 0 0 0 0 0 0 0 0 0 0 0 0 0 0 0 0 0 0 0 0 0 0
Upper bound: 97
Thread work times 0 0 0 0 0 0 0 0 0 0 0 0 0 0 0 0 0 0 0 0 0 0 0 0 0 0 0 0 0 0 0
Upper bound: 96
Thread work times 0 0 0 0 0 0 0 0 0 0 0 0 0 0 0 0 0 0 0 0 0 0 0 0 0 0 0 0 0 0 0
Upper bound: 95
Thread work times 0 0 0 0 0 0 0 0 0 0 0 0 0 0 0 0 0 0 0 0 0 0 0 0 0 0 0 0 0 0 0
Upper bound: 94
Thread work times 0 0 0 0 0 0 0 0 0 0 0 0 0 0 0 0 0 0 0 0 0 0 0 0 0 0 0 0 0 0 0
Upper bound: 93
Thread work times 0 0 0 0 0 0 0 0 0 0 0 0 0 0 0 0 0 0 0 0 0 0 0 0 0 0 0 0 0 0 0
Upper bound: 92
Thread work times 9 4 4 4 4 4 4 4 4 4 4 7 7 7 7 4 7 9 7 7 3 3 3 7 7 3 3 7 3 3 4
Upper bound: 91
Thread work times 0 0 3 0 3 4 0 10 3 7 0 4 10 4 0 7 8 0 4 8 4 3 3 0 6 2 8 7 0 8 3
Upper bound: 90
Thread work times 15 8 8 8 6 4 8 11 6 12 12 12 11 8 4 6 10 12 12 8 11 12 8 8 9 3 6 12 8 8 0
Upper bound: 89
Thread work times 14 13 16 19 12 10 16 16 16 13 0 11 0 7 12 8 15 12 16 14 13 3 12 7 15 12 8 11 15 12 3
Upper bound: 88
Thread work times 18 18 12 18 18 16 16 18 18 15 16 16 16 0 16 6 8 16 4 4 7 15 14 17 15 16 19 22 16 12 16
Upper bound: 87
Thread work times 6 24 16 21 18 23 9 23 19 17 20 20 20 20 20 20 17 23 20 20 21 20 20 23 15 20 20 21 10 17 22
Upper bound: 86
Thread work times 18 36 24 23 21 22 18 22 23 21 22 23 21 22 22 22 22 23 22 22 18 22 22 23 22 23 24 23 37 22 37
Upper bound: 85
Thread work times 25 52 23 51 25 25 52 25 25 25 48 26 24 24 24 25 51 20 25 24 26 25 25 26 21 25 27 25 24 25 26
Upper bound: 84
Thread work times 75 75 74 69 29 29 31 31 31 30 30 30 30 27 31 30 31 30 31 30 31 30 32 31 32 32 31 31 26 26 29
Upper bound: 83
Thread work times 43 115 41 42 41 41 41 41 111 41 40 40 42 46 44 42 41 42 40 41 41 42 114 41 44 43 40 42 41 42 41
Upper bound: 82
Thread work times 213 213 67 66 211 68 67 67 76 67 72 71 66 68 67 67 67 212 69 70 67 68 71 71 67 211 72 68 67 69 66
Upper bound: 81
Thread work times 121 473 123 124 120 122 137 128 122 135 128 142 122 120 121 130 472 474 127 127 122 124 136 471 121 473 121 119 136 120 130
Upper bound: 80
Thread work times 271 256 256 279 267 238 1145 272 262 1143 1146 262 243 1145 258 266 234 237 241 248 263 261 243 261 235 237 233 248 1147 256 236
Upper bound: 79
Thread work times 2897 467 471 468 545 540 481 455 491 459 469 504 461 480 458 537 493 538 494 457 458 2895 2893 473 2895 490 552 466 2896 476 487
Upper bound: 78
Thread work times 6433 962 996 960 948 1004 6432 974 928 945 975 6431 949 926 6428 998 1009 1006 940 941 6432 924 1017 948 941 1085 1010 975 978 946 946
Upper bound: 77
Thread work times 14120 1906 1910 1924 1926 1957 1922 1875 1907 1866 2014 2057 2012 2049 14120 1874 14118 2019 1893 1872 1916 2061 1919 1867 1915 14118 14117 1875 1879 2128 1865
Upper bound: 76
Thread work times 30205 3767 4071 3737 3754 30206 3806 3756 3816 3826 3820 3889 3682 3939 4021 3721 3799 3725 30208 3720 4038 30205 3901 3678 3692 30207 3685 3739 3681 3685 3793
Upper bound: 75
Thread work times 7636 7972 44063 7534 7553 8149 7558 7558 44059 7583 7689 7756 8018 7849 7736 7549 44063 7852 8101 7544 7654 7636 7554 44061 7543 7635 44060 7719 7771 7905 7634
Solution size 7
(9 -> 675) (14 -> 659) (37 -> 666) (40 -> 686) (50 -> 667) (54 -> 678) (88 -> 669) 
Nodes:                      265140332
CPU time (ms):              100006
TIMEOUT
