Thread work times 154 90 84 102 102 102 103 103 103 103 103 103 111 119 119 135 135 137 138 150 150 150 151 154 69 69 69 69 74 74 101
Upper bound: 99
Thread work times 199 181 181 181 181 192 193 193 196 196 200 200 200 201 201 201 204 196 196 200 192 196 189 218 210 202 172 208 207 198 239
Upper bound: 98
Thread work times 276 287 288 291 312 237 295 297 298 299 296 251 273 298 290 313 289 275 296 321 360 276 287 295 298 300 234 303 234 359 310
Upper bound: 97
Thread work times 367 433 387 352 387 400 388 388 388 391 388 393 388 388 391 402 394 391 387 400 379 393 387 384 387 383 382 434 384 412 378
Upper bound: 96
Thread work times 535 492 491 508 507 535 468 404 452 493 469 492 495 496 470 493 496 501 444 533 448 483 484 492 467 476 417 465 477 475 498
Upper bound: 95
Thread work times 591 490 474 490 487 489 491 492 494 493 493 498 495 451 500 502 495 502 490 502 549 465 590 509 498 493 466 496 478 500 588
Upper bound: 94
Thread work times 497 650 660 497 459 633 459 478 478 473 480 483 476 463 487 492 480 500 499 500 502 502 502 439 505 513 495 501 500 500 652
Upper bound: 93
Thread work times 496 455 502 498 467 497 496 497 500 496 498 493 486 491 479 505 470 815 492 489 814 485 489 512 810 495 505 497 812 501 490
Upper bound: 92
Thread work times 901 898 471 502 502 545 466 497 496 486 500 502 502 885 500 500 500 492 500 500 469 498 900 502 901 473 502 512 491 492 481
Upper bound: 91
Thread work times 1034 992 515 507 515 515 516 464 517 515 518 504 515 522 514 505 490 479 504 483 474 497 483 480 499 492 502 505 506 1018 1036
Upper bound: 90
Thread work times 1147 484 1145 1146 499 500 504 502 498 500 500 492 482 491 476 492 494 492 494 500 464 502 487 483 516 460 477 1145 1131 502 477
Upper bound: 89
Thread work times 500 490 499 1154 1154 475 459 1156 434 491 479 480 500 504 472 478 521 485 505 1154 491 1156 473 479 450 471 475 471 496 459 474
Upper bound: 88
Thread work times 482 482 500 1316 1319 500 476 1319 474 489 488 482 484 488 493 495 502 449 502 495 457 477 494 1321 1297 493 493 458 491 489 489
Upper bound: 87
Thread work times 505 500 517 517 506 1400 469 486 468 486 491 490 480 506 501 495 495 473 503 498 498 495 473 1403 470 512 504 484 487 1403 505
Upper bound: 86
Thread work times 496 1514 1512 502 500 501 501 501 501 503 493 470 503 493 462 1513 496 1505 502 505 491 479 500 493 502 461 468 500 482 498 503
Upper bound: 85
Thread work times 1604 1606 504 490 486 481 1584 490 451 498 503 491 431 500 504 497 500 496 465 484 501 1605 488 514 485 519 530 493 502 488 501
Upper bound: 84
Thread work times 404 477 1503 321 1583 425 424 430 354 436 438 420 441 424 350 384 361 368 351 373 464 441 400 475 476 473 476 499 501 344 1583
Upper bound: 83
Thread work times 480 488 1808 442 480 488 1826 490 1826 492 490 441 501 492 501 1827 433 506 503 492 501 461 494 503 492 486 1827 489 482 488 503
Upper bound: 82
Thread work times 1846 526 509 484 1844 473 493 494 495 497 494 471 473 497 432 483 491 497 494 461 500 1783 506 493 492 1801 493 493 518 491 517
Upper bound: 81
Thread work times 2023 497 502 519 482 500 500 487 1996 449 502 488 2008 465 486 500 492 1994 486 2023 487 459 461 508 500 498 500 506 512 470 491
Upper bound: 80
Thread work times 1999 2001 444 442 432 466 473 470 455 450 449 476 480 463 466 489 506 472 1998 500 444 494 500 500 502 2000 500 506 490 492 484
Upper bound: 79
Thread work times 2216 2215 486 2214 505 472 505 483 2216 505 495 466 506 502 477 525 493 506 477 501 503 517 490 492 505 505 505 494 496 492 506
Upper bound: 78
Thread work times 2198 2199 482 482 481 481 469 500 465 501 485 501 500 484 502 493 505 2199 506 483 422 2198 481 468 508 477 497 475 521 502 506
Upper bound: 77
Thread work times 904 901 905 905 904 904 904 869 5349 900 904 869 884 5343 905 905 868 905 884 883 5346 901 904 884 905 904 868 904 5345 904 899
Upper bound: 76
Thread work times 12804 1385 1384 1387 1384 1385 1358 1386 1387 1385 1366 1365 12766 1387 1365 1346 12806 1385 1370 1386 1350 1357 1386 1364 1357 1357 1366 12785 12804 1369 1388
Upper bound: 75
Thread work times 1390 1368 1366 1374 1389 19284 1366 19286 1390 19283 1389 1390 1390 1350 19287 1391 1343 1391 1366 1358 1389 1390 1325 1367 1327 1391 1367 1391 1354 1355 19286
Upper bound: 74
Thread work times 1672 25301 1671 1667 1674 1673 1665 1672 1669 1673 1672 1672 1674 1673 1674 1673 1673 1674 25303 25303 1672 1671 1671 1671 1674 25302 1672 25298 1673 1673 1674
Upper bound: 73
Thread work times 9537 1769 1766 1767 1769 1769 1770 1769 1769 1769 1768 1769 9535 1767 9535 1767 1769 1768 1768 1769 1767 1767 1768 1769 1763 1768 1769 9534 9534 1769 1769
Solution size 3
(17 -> 2) (67 -> 1) (83 -> 3) 
Nodes:                      32952778
CPU time (ms):              100041
TIMEOUT
