Thread work times 0 0 0 0 0 0 0 0 0 0 0 0 0 0 0 0 0 0 0 0 0 0 0 0 0 0 0 0 0 0 0
Upper bound: 99
Thread work times 0 0 0 0 0 0 0 0 0 0 0 0 0 0 0 0 0 0 0 0 0 0 0 0 0 0 0 0 0 0 0
Upper bound: 98
Thread work times 0 0 0 0 0 0 0 0 0 0 0 0 0 1 0 0 0 0 0 0 0 0 0 0 0 1 0 0 0 0 0
Upper bound: 97
Thread work times 1 0 0 0 0 0 0 0 0 0 0 0 0 0 0 0 0 0 0 0 0 0 0 0 0 0 0 0 0 0 0
Upper bound: 96
Thread work times 0 0 0 0 1 0 0 0 0 0 0 1 0 0 0 0 0 1 0 0 0 0 0 0 0 0 1 0 0 0 0
Upper bound: 95
Thread work times 0 0 0 2 0 0 0 0 0 0 0 1 0 0 0 0 0 0 0 0 0 0 0 0 0 1 0 0 0 0 1
Upper bound: 94
Thread work times 0 2 0 2 1 0 1 0 0 1 0 1 0 0 0 1 0 0 0 0 0 0 1 0 0 0 0 0 0 0 1
Upper bound: 93
Thread work times 2 2 0 0 1 0 0 1 0 0 0 1 1 0 0 0 0 0 0 0 1 0 0 2 0 0 0 0 0 0 0
Upper bound: 92
Thread work times 0 1 0 0 0 2 3 2 0 0 0 0 0 0 0 0 0 0 0 0 0 3 0 0 0 0 0 0 1 0 2
Upper bound: 91
Thread work times 0 0 1 0 4 2 0 0 0 0 0 0 0 0 0 0 0 2 0 0 3 0 1 1 0 0 4 0 1 3 0
Upper bound: 90
Thread work times 0 0 0 0 4 0 0 0 4 0 0 1 0 0 1 0 0 0 0 1 1 3 0 0 0 1 0 0 0 5 5
Upper bound: 89
Thread work times 1 0 0 0 0 1 0 1 1 0 1 5 0 1 4 0 0 5 0 0 0 0 0 0 0 5 0 0 0 0 6
Upper bound: 88
Thread work times 7 0 0 6 1 0 5 0 0 1 0 0 0 0 0 0 0 0 1 0 1 7 0 0 0 0 0 1 6 0 0
Upper bound: 87
Thread work times 9 0 0 7 0 0 2 0 4 0 0 0 1 0 0 8 8 0 0 1 1 4 0 0 0 0 1 0 0 0 9
Upper bound: 86
Thread work times 1 10 0 0 1 0 0 0 0 0 0 1 1 0 0 8 0 2 0 0 1 9 0 0 10 0 10 0 1 0 0
Upper bound: 85
Thread work times 13 0 0 0 12 0 0 0 2 0 0 1 0 1 0 1 0 0 12 1 2 2 1 1 0 12 0 0 10 1 0
Upper bound: 84
Thread work times 14 15 1 2 0 1 2 0 0 0 1 0 1 0 0 0 0 1 0 14 1 0 1 14 0 1 2 1 1 2 15
Upper bound: 83
Thread work times 2 1 18 2 1 1 2 0 2 2 2 1 1 18 16 0 2 1 0 2 17 0 0 1 0 1 1 3 0 18 1
Upper bound: 82
Thread work times 22 2 1 3 21 2 1 3 2 3 4 0 2 2 0 1 21 2 0 2 21 22 1 1 3 3 4 1 2 2 2
Upper bound: 81
Thread work times 38 7 4 5 5 5 7 9 4 3 5 4 37 4 4 6 9 37 5 36 4 5 6 6 6 5 5 7 5 4 38
Upper bound: 80
Thread work times 72 11 10 12 11 70 10 14 12 8 11 15 13 21 13 13 10 10 21 9 19 11 12 10 69 69 14 13 71 13 10
Upper bound: 79
Thread work times 149 142 23 28 148 23 148 145 34 25 29 22 21 32 25 20 20 23 23 41 30 40 33 34 33 25 28 22 29 26 17
Upper bound: 78
Thread work times 320 58 52 55 59 69 47 43 61 49 42 44 73 55 71 50 63 71 66 49 319 62 317 60 319 45 63 319 52 53 41
Upper bound: 77
Thread work times 113 752 751 117 93 95 95 84 747 83 749 88 115 81 107 117 89 133 118 132 89 122 87 83 82 113 115 124 120 117 752
Upper bound: 76
Thread work times 1557 168 163 1559 1561 163 224 202 185 164 218 232 166 170 168 222 226 171 169 199 217 177 1560 162 1562 179 234 210 191 170 169
Upper bound: 75
Thread work times 3193 282 357 368 3192 3188 398 354 395 3192 547 368 368 3190 450 356 421 371 315 290 285 309 352 376 393 401 351 280 328 472 286
Upper bound: 74
Thread work times 543 602 5966 553 5965 577 582 526 614 548 631 546 510 545 659 658 548 633 634 617 5964 613 615 678 543 5963 564 544 529 656 5966
Upper bound: 73
Thread work times 928 927 1051 919 913 986 1040 912 1050 11277 919 982 11277 1099 924 1001 928 911 1099 1041 11278 1038 1011 978 1098 11274 11276 987 1011 910 1071
Upper bound: 72
Thread work times 21580 21579 1564 1586 1651 1826 1648 1635 21576 1649 1573 1650 21577 1574 1630 1651 1651 1651 1851 1746 1570 1583 1587 1574 1686 21578 1575 1683 1578 1830 1939
Upper bound: 71
Thread work times 35126 35124 35125 2442 2563 2465 2455 2662 2639 2643 2659 35124 2451 3008 2592 3048 2724 2642 2445 2482 2774 3008 2641 35124 2704 2725 2443 2714 2637 2445 2663
Upper bound: 70
Thread work times 19789 4050 4153 4205 19783 3897 3973 4305 19789 3522 4347 4117 3640 19787 4303 19787 3698 3532 3518 3870 4301 3607 3545 3688 4151 4317 3834 4105 4011 3564 4301
Solution size 8
(6 -> 3) (7 -> 61) (31 -> 4) (38 -> 1) (42 -> 63) (53 -> 5) (75 -> 2) (82 -> 150) 
Nodes:                      413731142
CPU time (ms):              100001
TIMEOUT
