Thread work times 1 0 0 0 0 0 0 0 0 0 0 0 0 0 0 0 0 0 0 0 0 0 0 0 0 0 0 0 0 0 1
Upper bound: 99
Thread work times 0 0 0 0 0 0 0 0 0 0 0 0 0 0 0 0 0 0 0 0 0 0 0 0 0 0 0 0 0 0 0
Upper bound: 98
Thread work times 0 0 1 0 0 0 0 0 0 0 0 0 0 0 0 0 0 0 0 0 0 0 0 0 0 1 0 0 0 0 0
Upper bound: 97
Thread work times 0 0 0 2 0 0 0 0 0 0 1 0 0 0 0 0 0 0 0 0 0 1 0 0 0 0 0 1 0 1 0
Upper bound: 96
Thread work times 2 0 0 0 0 0 0 0 0 0 0 0 0 0 0 0 0 0 0 0 0 0 1 0 0 0 0 0 0 0 0
Upper bound: 95
Thread work times 2 0 0 0 0 0 0 0 0 0 0 0 0 2 0 0 0 0 1 1 0 0 1 0 0 0 0 0 2 0 0
Upper bound: 94
Thread work times 0 0 0 1 0 1 0 0 0 0 0 0 0 0 0 0 2 0 0 0 0 0 0 0 0 3 0 0 0 0 0
Upper bound: 93
Thread work times 3 0 0 0 0 0 0 0 0 0 0 0 0 0 2 3 0 0 0 1 0 0 0 0 0 0 2 0 0 0 0
Upper bound: 92
Thread work times 4 0 0 3 0 0 0 0 2 0 0 0 0 0 0 0 0 0 0 0 0 0 0 0 0 0 0 0 0 0 1
Upper bound: 91
Thread work times 4 4 0 0 0 0 0 0 0 0 0 0 0 0 0 0 0 1 0 0 0 0 3 0 0 3 0 0 2 0 1
Upper bound: 90
Thread work times 5 0 0 0 0 0 1 0 0 3 0 0 0 0 0 0 0 1 0 0 4 0 0 0 0 0 0 0 0 0 0
Upper bound: 89
Thread work times 5 0 0 4 0 0 5 0 0 0 0 0 0 0 0 0 0 0 0 0 0 0 0 3 0 4 0 0 0 0 3
Upper bound: 88
Thread work times 6 6 0 0 0 0 0 4 0 0 0 0 0 0 0 5 0 4 0 0 0 0 0 0 0 0 0 0 0 0 0
Upper bound: 87
Thread work times 7 0 0 6 0 5 0 0 0 4 0 0 0 0 0 6 0 0 0 0 0 0 0 0 0 0 0 0 0 0 0
Upper bound: 86
Thread work times 5 0 7 0 0 0 0 0 0 0 0 5 0 0 0 0 0 0 0 0 0 0 0 0 0 0 0 0 6 0 0
Upper bound: 85
Thread work times 6 0 0 0 0 0 0 0 1 7 0 2 0 0 0 0 0 0 0 0 0 0 0 0 0 0 0 0 0 7 0
Upper bound: 84
Thread work times 8 0 0 0 0 0 0 0 0 0 0 1 0 6 0 0 0 0 0 7 0 1 0 7 0 8 0 0 0 0 0
Upper bound: 83
Thread work times 0 8 0 0 0 6 0 0 0 7 0 0 0 0 0 0 0 0 0 0 0 8 0 0 7 0 0 2 0 0 0
Upper bound: 82
Thread work times 0 0 0 8 0 7 0 0 0 0 0 0 0 0 0 0 0 0 0 0 0 0 0 0 0 0 0 0 0 0 0
Upper bound: 81
Thread work times 0 0 8 0 0 8 7 0 0 0 0 0 0 0 0 0 0 0 0 0 0 0 0 0 0 0 9 0 2 0 0
Upper bound: 80
Thread work times 0 8 0 0 0 10 0 9 0 0 8 0 0 0 1 1 0 0 0 0 0 0 0 0 10 0 0 0 0 0 0
Upper bound: 79
Thread work times 0 10 9 0 0 0 0 0 0 0 0 10 0 0 0 0 0 0 0 0 0 8 0 9 0 0 1 0 0 0 0
Upper bound: 78
Thread work times 0 0 0 9 0 0 0 0 0 0 0 0 0 0 0 0 0 0 0 10 0 9 0 11 0 0 0 0 10 0 0
Upper bound: 77
Thread work times 0 0 0 0 11 0 0 0 0 0 1 0 9 0 0 0 0 0 0 0 0 0 0 0 10 0 0 0 10 0 0
Upper bound: 76
Thread work times 0 0 11 0 0 10 0 9 0 0 0 0 0 0 0 0 0 0 0 0 0 2 0 0 0 0 0 0 10 11 0
Upper bound: 75
Thread work times 12 0 0 12 0 0 0 10 0 0 0 0 0 0 0 0 0 0 0 0 0 0 0 0 0 11 0 0 0 0 0
Upper bound: 74
Thread work times 13 0 0 11 0 0 0 0 0 0 0 0 0 0 0 0 1 0 0 0 0 12 0 0 0 0 0 0 0 12 11
Upper bound: 73
Thread work times 0 0 14 0 0 0 0 0 11 0 0 0 0 0 0 0 0 12 0 0 0 0 0 0 0 0 13 1 13 0 0
Upper bound: 72
Thread work times 0 13 0 0 12 0 0 0 0 0 0 0 0 0 11 0 0 0 0 0 0 14 0 0 1 0 0 0 14 0 0
Upper bound: 71
Thread work times 14 0 0 0 0 0 0 0 13 0 0 0 0 12 0 0 0 0 0 0 0 0 0 0 13 0 0 0 0 0 0
Upper bound: 70
Thread work times 14 0 13 0 0 12 0 0 14 0 0 0 0 0 0 0 0 0 0 0 0 0 0 0 0 0 0 0 0 0 13
Upper bound: 69
Thread work times 15 0 0 0 0 0 0 0 0 0 0 0 0 0 0 0 0 0 0 0 0 13 0 0 15 0 14 0 0 0 0
Upper bound: 68
Thread work times 0 0 16 0 0 0 0 0 0 0 15 0 15 0 0 0 0 14 0 0 0 0 0 0 0 0 0 0 14 0 0
Upper bound: 67
Thread work times 0 0 0 0 0 0 0 0 0 15 0 0 0 0 2 0 15 0 0 0 14 0 0 16 0 0 0 0 0 0 0
Upper bound: 66
Thread work times 0 16 0 14 0 0 0 0 0 15 0 0 0 0 0 0 0 0 0 0 0 0 0 0 0 0 0 15 0 0 0
Upper bound: 65
Thread work times 17 0 0 0 15 16 15 0 0 0 0 0 0 0 0 0 0 0 0 0 0 0 0 0 16 0 1 0 0 0 0
Upper bound: 64
Thread work times 0 16 0 0 0 16 0 15 15 0 0 0 0 0 0 0 0 0 0 0 0 0 0 0 0 0 0 0 0 0 0
Upper bound: 63
Thread work times 18 16 0 0 0 0 0 0 0 0 0 0 17 0 0 0 0 0 0 0 0 17 0 15 0 0 0 0 0 0 0
Upper bound: 62
Thread work times 18 0 0 0 0 0 0 0 0 0 0 0 0 0 0 17 0 0 0 0 0 0 0 0 0 18 0 0 0 0 0
Upper bound: 61
Thread work times 0 18 0 17 0 0 0 0 0 0 18 0 0 0 0 0 0 0 0 0 0 0 0 0 0 0 0 0 0 19 0
Upper bound: 60
Thread work times 19 0 18 0 19 0 0 0 0 0 17 0 0 19 0 0 0 0 0 0 0 0 0 0 0 0 0 0 0 0 0
Upper bound: 59
Thread work times 20 0 0 0 19 18 0 18 0 0 0 0 0 0 0 0 0 0 0 0 0 0 0 0 0 0 1 0 0 0 0
Upper bound: 58
Thread work times 0 0 0 0 0 0 0 0 0 0 0 0 0 0 20 0 19 0 20 0 0 0 0 0 0 0 0 0 0 2 18
Upper bound: 57
Thread work times 0 20 0 19 0 0 0 20 0 0 0 0 0 0 0 0 0 0 0 0 0 0 0 1 0 0 0 0 0 0 21
Upper bound: 56
Thread work times 0 21 20 0 0 19 0 0 0 0 0 0 0 0 0 0 0 0 1 0 0 0 19 0 0 0 0 0 20 0 0
Upper bound: 55
Thread work times 22 20 0 0 0 0 0 0 0 0 0 0 0 0 0 0 0 20 0 0 0 0 0 0 21 21 0 0 0 0 0
Upper bound: 54
Thread work times 20 21 0 0 0 0 1 0 0 0 0 0 0 0 0 0 0 19 0 0 0 20 0 0 0 0 0 0 0 0 0
Upper bound: 53
Thread work times 0 0 0 0 0 0 0 0 0 0 0 0 0 0 0 0 0 0 0 21 0 22 0 22 0 20 0 23 0 0 0
Upper bound: 52
Thread work times 22 22 20 0 0 0 0 0 0 0 0 0 0 0 0 0 0 0 0 0 0 0 0 0 0 0 0 0 0 0 0
Upper bound: 51
Thread work times 26 0 0 0 0 0 0 0 0 0 0 24 23 22 0 0 0 0 0 0 0 0 0 0 0 0 0 25 0 0 0
Upper bound: 50
Thread work times 25 0 0 0 0 0 0 0 0 0 0 0 0 23 0 24 0 0 0 0 0 0 0 0 0 0 0 0 23 0 0
Upper bound: 49
Thread work times 26 0 0 25 0 24 0 0 24 0 0 0 0 0 0 0 0 0 0 0 0 0 0 0 0 0 0 0 0 0 0
Upper bound: 48
Thread work times 0 25 24 23 1 23 0 0 0 0 0 0 0 0 0 0 0 0 0 0 0 0 0 0 0 0 0 0 0 0 0
Upper bound: 47
Thread work times 26 0 0 0 23 25 0 24 0 0 0 23 0 0 0 0 0 0 0 0 0 0 0 0 0 0 0 0 0 0 0
Upper bound: 46
Thread work times 25 0 24 23 0 24 0 0 0 0 0 0 0 0 0 0 0 0 0 0 0 0 25 0 0 2 0 0 0 0 0
Upper bound: 45
Thread work times 0 0 0 26 25 0 0 26 0 24 0 0 0 0 0 0 0 0 0 0 0 0 0 0 0 0 0 0 0 0 0
Upper bound: 44
Thread work times 0 25 0 0 0 0 26 0 0 0 0 0 0 0 0 0 0 25 0 0 0 0 0 0 0 0 0 0 27 0 0
Upper bound: 43
Thread work times 0 0 0 26 0 0 25 0 0 0 0 0 0 0 0 0 0 0 0 0 0 0 0 27 0 0 0 0 26 0 0
Upper bound: 42
Thread work times 0 0 0 0 0 0 0 0 27 0 0 0 26 26 0 0 0 0 0 0 0 0 0 0 0 0 1 0 27 0 28
Upper bound: 41
Thread work times 28 0 0 0 0 0 28 0 0 0 0 0 0 0 0 25 0 0 27 0 0 0 0 0 0 0 0 0 0 26 0
Upper bound: 40
Thread work times 29 0 0 0 0 0 0 0 0 0 28 0 0 0 0 0 0 0 0 28 26 0 0 0 0 27 0 0 0 0 0
Upper bound: 39
Thread work times 28 0 0 0 27 0 28 0 0 0 0 26 0 0 0 0 0 0 0 0 0 0 0 0 27 0 0 0 0 0 0
Upper bound: 38
Thread work times 30 0 29 0 0 0 0 0 0 0 0 28 0 0 28 0 0 0 0 0 0 0 0 0 29 0 0 0 0 0 0
Upper bound: 37
Thread work times 29 0 0 0 0 0 0 0 0 0 0 0 0 0 0 0 0 0 0 28 0 29 0 0 0 28 0 0 0 0 0
Upper bound: 36
Thread work times 30 0 28 0 0 0 0 0 0 0 0 0 0 0 0 0 0 0 0 0 0 0 0 0 28 0 0 0 0 29 0
Upper bound: 35
Thread work times 31 30 30 29 1 0 0 0 0 0 0 0 0 0 0 0 0 0 0 1 0 0 0 0 0 0 0 0 0 1 0
Upper bound: 34
Thread work times 32 0 0 0 0 0 0 0 0 0 0 0 0 0 30 0 0 0 0 0 0 0 0 0 0 0 0 0 0 0 31
Upper bound: 33
Thread work times 34 0 0 0 0 0 0 0 0 0 33 0 0 0 0 0 0 0 0 0 33 34 0 0 0 32 0 0 0 0 0
Upper bound: 32
Thread work times 32 0 0 0 32 31 0 0 0 30 0 0 0 0 0 0 0 0 0 0 0 0 0 0 0 0 0 0 0 0 0
Upper bound: 31
Thread work times 35 0 0 33 0 0 0 0 0 0 0 0 0 0 0 0 0 0 0 0 0 33 0 0 0 0 0 0 32 0 0
Upper bound: 30
Thread work times 34 0 0 0 0 0 0 0 0 0 0 31 0 0 0 0 0 0 0 0 0 32 0 0 0 33 0 0 0 0 0
Upper bound: 29
Thread work times 0 0 0 0 0 0 0 0 0 0 0 0 0 0 0 0 0 0 34 0 0 34 0 36 0 0 35 0 0 0 0
Upper bound: 28
Thread work times 35 0 33 0 0 32 0 0 0 0 0 0 0 0 0 0 0 0 0 0 0 0 34 0 0 0 35 0 0 0 0
Upper bound: 27
Thread work times 33 0 0 0 0 0 0 0 0 0 0 0 0 0 0 0 0 0 0 34 0 0 35 1 0 34 0 0 35 0 0
Upper bound: 26
Thread work times 0 0 0 0 0 0 0 0 0 0 0 0 0 0 0 0 2 0 0 0 0 35 0 0 34 0 0 35 0 0 0
Upper bound: 25
Thread work times 0 35 0 0 0 0 0 0 0 0 0 0 0 0 0 0 0 0 0 0 36 0 0 35 0 0 36 0 0 0 0
Upper bound: 24
Thread work times 0 0 0 0 1 0 38 0 37 35 36 0 0 0 0 0 0 0 0 0 0 0 0 0 0 0 0 0 2 0 39
Upper bound: 23
Thread work times 38 36 0 0 0 0 0 0 0 0 0 0 0 0 0 0 0 0 0 0 0 0 0 0 0 37 0 35 0 0 36
Upper bound: 22
Thread work times 36 36 0 0 0 0 0 0 0 0 35 0 0 0 0 0 0 0 0 0 0 0 0 0 0 0 0 0 0 0 37
Upper bound: 21
Thread work times 0 37 0 37 38 0 0 0 0 0 0 0 0 0 0 0 0 0 0 38 0 39 0 0 0 0 0 0 0 0 0
Upper bound: 20
Thread work times 0 36 0 35 0 0 35 0 0 0 0 0 0 0 0 0 0 0 0 0 0 0 0 0 0 0 0 0 0 0 0
Upper bound: 19
Thread work times 0 36 0 0 0 0 0 0 0 0 0 0 0 1 0 0 0 0 0 0 0 0 0 0 0 0 0 0 0 0 38
Upper bound: 18
Thread work times 37 0 39 0 0 0 0 0 0 0 0 0 0 0 0 39 0 0 0 0 0 38 0 0 0 1 0 0 0 38 0
Upper bound: 17
Thread work times 0 0 0 37 0 0 0 0 0 0 0 0 0 0 0 0 0 0 0 0 38 0 0 0 0 0 40 0 39 38 0
Upper bound: 16
Thread work times 0 0 0 0 0 0 0 38 0 0 0 0 0 0 0 39 0 0 38 40 0 0 0 0 0 0 0 0 0 0 0
Upper bound: 15
Thread work times 39 38 40 0 0 0 0 0 0 0 0 38 0 0 0 0 0 0 0 0 0 0 0 39 0 0 0 0 0 0 0
Upper bound: 14
Thread work times 40 0 0 0 39 0 0 0 0 0 0 38 0 0 0 0 0 0 0 0 0 0 39 0 0 0 0 0 38 0 0
Upper bound: 13
Thread work times 0 40 0 0 0 0 0 0 0 0 0 0 0 0 0 0 0 0 40 38 0 0 0 0 38 0 0 0 39 0 0
Upper bound: 12
Thread work times 0 0 0 42 0 0 0 0 0 0 0 0 0 0 0 0 0 0 41 41 0 0 0 0 0 0 0 0 0 0 0
Upper bound: 11
Thread work times 43 0 42 0 0 0 0 0 0 0 0 0 0 0 0 0 0 0 42 0 40 41 0 0 0 0 0 0 0 0 0
Upper bound: 10
Thread work times 43 0 0 0 0 0 0 0 0 0 0 0 0 0 0 0 0 40 0 42 41 0 0 0 0 0 42 0 0 0 0
Upper bound: 9
Thread work times 45 0 0 0 0 0 0 0 0 1 0 43 0 0 0 0 0 0 0 43 44 0 0 0 0 0 44 0 0 0 0
Upper bound: 8
Thread work times 0 43 0 0 0 0 0 0 0 0 43 42 0 0 0 0 0 0 0 41 0 0 0 0 0 0 0 0 0 41 0
Upper bound: 7
Thread work times 19 19 1421 19 20 20 19 18 20 1419 20 19 19 19 19 1422 1423 19 1422 19 19 19 21 20 20 20 19 19 20 19 19
Upper bound: 6
Thread work times 1417 1415 22 1414 20 20 21 20 21 21 21 19 19 20 20 20 20 21 20 21 20 21 20 22 1412 21 22 21 1415 19 20
Upper bound: 5
Thread work times 1645 23 21 23 22 23 22 24 23 23 22 23 23 22 1643 23 1640 23 22 23 23 24 22 23 22 1643 1643 22 22 22 23
Upper bound: 4
Thread work times 83422 83421 1131 1134 1133 1134 1131 83419 1130 1131 1132 1132 1130 1133 1133 1133 1134 1129 83421 1133 1134 1131 1132 1134 1135 1134 1130 83419 1129 1133 1133
Upper bound: 3
Thread work times 0 0 0 0 0 0 0 0 0 0 0 0 0 0 0 0 0 0 0 0 0 0 0 0 0 0 0 0 0 0 0
Solution size 3
(0 -> 53) (1 -> 38) (2 -> 39) 
Nodes:                      857953674
CPU time (ms):              90144
