Thread work times 2 2 2 2 2 2 2 2 2 3 3 3 2 2 2 2 2 2 2 3 2 2 2 2 2 2 2 2 2 2 2
Upper bound: 100
Thread work times 5 3 5 6 5 4 5 5 5 5 5 5 5 5 5 5 5 5 5 5 5 5 5 5 5 5 5 5 5 5 6
Upper bound: 99
Thread work times 78 77 76 77 77 78 76 77 78 76 75 79 77 77 77 78 77 78 77 77 74 78 78 77 77 77 77 76 78 79 77
Upper bound: 98
Thread work times 677 673 673 676 675 672 674 675 674 674 675 673 677 673 671 677 673 676 673 673 672 675 674 676 674 672 675 675 675 678 676
Upper bound: 97
Thread work times 1495 1492 1493 1495 1496 1492 1495 1493 1498 1494 1493 1495 1496 1493 1497 1495 1493 1497 1495 1497 1495 1497 1497 1492 1497 1491 1493 1495 1495 1500 1497
Upper bound: 96
Thread work times 4835 4834 4833 4834 4834 4846 4830 4842 4834 4848 4834 4833 4835 4835 4836 4845 4836 4834 4834 4833 4836 4833 4837 4833 4834 4835 4848 4834 4837 4834 4832
Upper bound: 95
Thread work times 32143 32115 32114 32113 32140 32111 32111 32115 32113 32113 32115 32115 32140 32113 32108 32110 32115 32114 32113 32112 32113 32112 32112 32112 32115 32113 32113 32112 32114 32115 32145
Upper bound: 94
Thread work times 60724 60724 60718 60724 60724 60724 60724 60724 60724 60724 60724 60702 60724 60724 60724 60724 60724 60718 60698 60724 60724 60724 60724 60724 60724 60724 60724 60724 60724 60724 60724
Solution size 10
(1 -> 145) (15 -> 253) (43 -> 538) (59 -> 444) (61 -> 319) (68 -> 157) (71 -> 154) (84 -> 546) (90 -> 156) (100 -> 404) 
Nodes:                      1717868005
CPU time (ms):              100002
TIMEOUT
