Thread work times 0 0 0 3 1 1 1 1 1 1 1 2 2 2 2 2 2 1 2 2 2 2 2 2 2 2 2 3 0 0 0
Upper bound: 119
Thread work times 1 0 2 0 0 0 1 1 0 1 0 1 1 1 2 2 1 0 1 0 0 1 0 0 0 1 2 0 0 0 0
Upper bound: 118
Thread work times 0 0 2 3 0 1 2 0 0 1 2 1 3 1 3 2 0 2 1 3 0 2 2 0 2 2 3 0 0 0 0
Upper bound: 117
Thread work times 4 3 0 0 0 2 2 2 2 3 0 3 0 3 0 1 1 3 0 0 3 0 0 0 0 3 0 3 0 0 0
Upper bound: 116
Thread work times 1 3 4 0 3 3 1 4 3 0 0 0 3 0 0 2 0 3 1 3 2 2 3 2 4 0 0 1 3 0 5
Upper bound: 115
Thread work times 0 0 2 3 5 4 4 3 2 2 0 2 4 2 2 4 1 4 1 0 0 4 3 4 1 0 3 0 4 0 3
Upper bound: 114
Thread work times 4 6 3 0 4 0 0 0 5 2 1 0 4 4 0 0 3 5 5 0 0 3 0 3 0 4 1 3 0 4 5
Upper bound: 113
Thread work times 0 7 5 4 2 4 6 6 0 5 4 4 4 5 2 0 0 4 4 0 0 3 4 3 3 4 4 2 5 4 2
Upper bound: 112
Thread work times 10 5 4 4 2 2 5 4 5 5 5 6 6 4 4 6 5 4 10 11 10 5 4 3 5 5 5 4 6 9 6
Upper bound: 111
Thread work times 16 15 9 14 14 8 9 9 9 8 9 8 9 9 8 7 8 7 9 9 8 9 14 8 8 7 8 9 9 8 8
Upper bound: 110
Thread work times 22 23 14 16 14 16 23 16 16 15 15 15 15 15 16 16 15 17 15 16 15 16 14 15 14 25 14 15 14 15 24
Upper bound: 109
Thread work times 23 37 37 23 23 23 35 21 23 34 22 25 23 24 22 23 22 22 23 23 24 24 24 24 24 34 23 23 23 23 24
Upper bound: 108
Thread work times 57 33 56 34 34 34 34 55 35 34 34 35 34 33 35 33 35 34 54 35 34 36 34 34 34 34 35 56 35 35 35
Upper bound: 107
Thread work times 59 58 58 103 58 58 58 59 59 100 58 59 59 58 59 60 57 57 59 58 60 59 58 58 58 59 59 60 101 100 59
Upper bound: 106
Thread work times 226 137 138 135 136 226 137 134 138 135 137 138 138 138 139 136 135 139 139 224 219 137 140 135 135 138 138 137 139 224 139
Upper bound: 105
Thread work times 732 563 565 563 568 566 566 567 566 565 566 564 567 564 567 566 566 565 564 561 564 732 729 563 568 567 568 566 566 567 734
Upper bound: 104
Thread work times 2262 1439 1438 1440 1441 2260 1438 2261 1437 1441 1439 1439 1440 2261 1439 1439 1439 2256 1439 1440 1440 1440 1438 1439 1440 1440 1440 1440 1441 1438 1441
Upper bound: 103
Thread work times 3108 9877 3107 9875 3107 3108 9874 3108 3108 3107 3109 3106 3109 3108 3104 3108 3108 3100 9875 3108 3109 3108 3108 3109 3109 3103 3108 3106 3102 3109 9874
Upper bound: 102
Thread work times 6570 40422 6562 6569 6566 6567 6571 6567 6571 6570 6572 6571 6569 6562 6567 6571 6572 6564 40419 6571 6569 6564 6567 6572 6574 40420 40423 6572 6557 6571 40419
Upper bound: 101
Thread work times 12075 12092 12096 12105 12104 46156 12081 12083 12087 12087 12086 12090 12092 12104 46156 46158 12108 12093 12091 12079 12085 12090 12088 46157 12085 12090 12082 12080 12084 12092 46155
Solution size 9
(8 -> 449) (30 -> 411) (35 -> 373) (37 -> 469) (67 -> 500) (68 -> 208) (109 -> 427) (113 -> 87) (114 -> 388) 
Nodes:                      307653563
CPU time (ms):              100003
TIMEOUT
