Thread work times 15 6 6 6 6 6 6 6 8 8 8 9 9 9 9 9 9 9 11 11 11 11 12 12 13 13 14 14 14 14 14
Upper bound: 120
Thread work times 16 0 16 16 8 13 0 8 0 0 0 0 0 16 16 0 16 16 0 5 16 0 16 0 16 5 16 16 16 8 0
Upper bound: 119
Thread work times 25 13 15 13 16 13 16 24 16 24 24 24 16 24 24 16 17 24 16 23 19 16 7 16 23 17 16 24 11 16 13
Upper bound: 118
Thread work times 31 30 10 17 22 30 15 24 24 24 24 8 24 8 20 8 29 21 12 26 21 24 16 24 10 24 24 23 22 15 22
Upper bound: 117
Thread work times 38 24 31 20 23 22 16 15 31 32 32 32 18 32 32 32 31 0 21 24 22 30 24 32 24 15 21 32 15 37 32
Upper bound: 116
Thread work times 24 32 26 32 32 32 24 31 24 32 23 29 29 32 32 32 32 29 29 32 31 29 30 32 29 32 38 27 32 32 20
Upper bound: 115
Thread work times 47 32 29 35 32 32 32 32 37 32 32 32 32 36 32 36 40 40 40 39 40 39 39 39 32 16 32 37 37 49 32
Upper bound: 114
Thread work times 16 24 20 24 32 44 28 24 23 24 32 25 32 32 20 31 33 32 24 46 32 13 10 15 28 32 52 39 45 13 24
Upper bound: 113
Thread work times 60 15 32 52 24 16 48 54 32 8 29 24 29 24 24 29 31 24 24 24 32 24 29 32 32 24 31 6 53 32 24
Upper bound: 112
Thread work times 60 21 23 25 29 24 24 58 29 65 16 29 26 32 16 32 31 13 32 13 31 32 24 29 24 24 64 27 29 34 31
Upper bound: 111
Thread work times 76 32 75 74 32 32 74 32 32 32 31 16 32 31 26 24 34 29 24 24 34 37 37 37 27 37 32 31 31 32 32
Upper bound: 110
Thread work times 816 31 32 24 25 32 32 31 32 32 31 16 16 29 32 34 24 29 29 28 813 26 37 815 24 32 32 32 29 25 32
Upper bound: 109
Thread work times 2522 24 2508 30 16 32 24 6 30 24 32 32 32 37 20 20 2513 21 21 32 7 24 36 25 30 31 37 24 22 27 2516
Upper bound: 108
Thread work times 7496 28 31 24 24 15 32 32 32 22 32 32 31 32 14 33 34 30 28 16 21 36 36 32 35 37 32 29 7495 28 7497
Upper bound: 107
Thread work times 559 40 40 40 40 27 40 536 25 23 21 40 28 40 31 37 23 23 40 23 42 31 23 42 37 40 24 28 40 24 40
Solution size 107
(0 -> 110) (1 -> 112) (2 -> 115) (3 -> 118) (4 -> 64) (5 -> 25) (6 -> 6) (7 -> 10) (8 -> 2) (11 -> 121) (12 -> 123) (13 -> 131) (14 -> 133) (15 -> 137) (16 -> 66) (17 -> 31) (18 -> 8) (19 -> 12) (22 -> 141) (23 -> 143) (24 -> 146) (25 -> 149) (26 -> 152) (27 -> 154) (28 -> 68) (29 -> 36) (30 -> 15) (31 -> 21) (33 -> 156) (34 -> 158) (35 -> 162) (36 -> 164) (37 -> 170) (38 -> 172) (39 -> 174) (40 -> 70) (41 -> 37) (42 -> 19) (43 -> 49) (44 -> 72) (45 -> 177) (46 -> 180) (47 -> 184) (48 -> 186) (49 -> 189) (50 -> 190) (51 -> 193) (52 -> 74) (53 -> 39) (54 -> 23) (55 -> 43) (56 -> 76) (57 -> 195) (58 -> 197) (59 -> 199) (60 -> 203) (61 -> 205) (62 -> 207) (63 -> 209) (64 -> 83) (65 -> 47) (66 -> 0) (67 -> 51) (68 -> 86) (69 -> 214) (70 -> 216) (71 -> 219) (72 -> 222) (73 -> 224) (74 -> 226) (75 -> 228) (76 -> 97) (77 -> 7) (78 -> 4) (79 -> 53) (80 -> 99) (81 -> 230) (82 -> 232) (83 -> 234) (84 -> 236) (85 -> 238) (86 -> 239) (87 -> 241) (90 -> 16) (91 -> 56) (92 -> 103) (93 -> 254) (94 -> 257) (95 -> 258) (96 -> 260) (97 -> 261) (98 -> 268) (102 -> 134) (103 -> 59) (104 -> 105) (105 -> 271) (106 -> 272) (107 -> 277) (108 -> 282) (109 -> 291) (114 -> 431) (115 -> 62) (116 -> 108) (117 -> 292) (118 -> 298) (119 -> 301) (120 -> 303) 
Nodes:                      8939456
CPU time (ms):              11897
