Thread work times 35 14 16 16 14 19 19 19 18 19 19 20 21 21 22 20 21 22 25 25 25 25 29 29 32 13 14 13 25 32 24
Upper bound: 120
Thread work times 35 31 30 31 19 18 23 20 20 34 23 35 36 36 36 36 36 37 37 37 14 26 34 26 14 30 19 37 37 26 40
Upper bound: 119
Thread work times 56 49 37 37 54 39 19 54 54 19 56 42 43 36 36 36 37 37 49 38 37 49 47 46 42 54 56 56 60 56 47
Upper bound: 118
Thread work times 73 57 54 58 70 36 45 71 56 54 57 56 46 38 44 45 64 47 53 52 42 42 54 65 56 55 56 50 33 52 54
Upper bound: 117
Thread work times 70 93 80 57 70 70 83 70 70 85 84 72 75 72 75 75 75 72 72 72 72 89 92 82 92 90 94 57 53 67 83
Upper bound: 116
Thread work times 88 80 57 57 69 75 67 48 77 79 73 53 57 57 78 60 75 38 72 77 56 54 66 56 56 66 66 68 80 66 66
Upper bound: 115
Thread work times 55 55 66 79 69 57 54 57 58 75 72 75 66 80 66 69 63 78 72 78 974 57 72 973 972 66 73 38 68 66 57
Upper bound: 114
Thread work times 3308 75 72 63 63 54 57 57 82 72 70 73 58 71 72 85 72 85 87 88 75 3283 72 3295 75 75 72 74 72 78 75
Upper bound: 113
Thread work times 78 7833 7829 76 70 56 71 81 72 88 88 72 86 76 72 90 75 72 77 90 84 90 84 94 90 80 94 94 79 76 73
Upper bound: 112
Thread work times 81 14908 82 83 82 82 74 85 75 72 76 73 75 88 85 88 90 79 90 94 92 90 95 69 72 81 94 89 94 14907 14908
Upper bound: 111
Thread work times 26062 501 503 499 502 500 501 500 499 502 478 483 484 483 495 502 499 471 26060 26067 499 502 494 502 493 485 26069 494 494 502 486
Upper bound: 110
Thread work times 45230 1136 1131 45229 45215 1121 1121 1124 1115 1133 45214 1133 1129 1134 1135 1135 45227 1124 1121 1135 1132 1134 1135 1138 1123 1134 1131 1123 1120 1134 1131
Upper bound: 109
Thread work times 1251 1248 1241 1228 1247 1249 1237 1250 1224 1242 1224 1249 1237 1247 1249 1238 1247 1247 1250 1232 1247 1249 1237 1227 1235 1235 1227 1250 1242 1248 1245
Solution size 3
(8 -> 0) (20 -> 717) (88 -> 193) 
Nodes:                      62257883
CPU time (ms):              100017
TIMEOUT
