Thread work times 3 1 1 1 1 1 0 1 1 1 1 1 1 1 1 1 2 1 2 0 2 0 1 2 1 2 1 2 1 1 1
Upper bound: 120
Thread work times 0 0 0 0 0 0 0 1 0 0 0 0 0 1 1 0 0 1 1 2 1 0 2 2 2 1 1 0 2 0 1
Upper bound: 119
Thread work times 3 0 0 0 0 0 0 0 0 1 3 2 0 1 0 0 0 0 0 2 2 0 1 1 0 1 2 0 1 1 2
Upper bound: 118
Thread work times 0 2 1 0 0 0 0 1 0 1 1 2 1 2 3 2 1 1 3 2 3 0 3 3 4 2 3 3 3 0 4
Upper bound: 117
Thread work times 5 3 3 0 0 0 0 0 0 2 0 2 2 3 0 2 2 0 0 0 1 0 2 2 2 4 2 0 3 4 0
Upper bound: 116
Thread work times 5 3 1 3 1 0 4 0 1 0 3 0 2 1 0 2 0 4 4 1 0 0 0 1 0 2 4 3 0 4 0
Upper bound: 115
Thread work times 3 0 1 2 1 3 2 3 2 2 1 3 0 2 2 3 3 3 4 0 3 0 0 3 3 0 3 2 0 0 6
Upper bound: 114
Thread work times 3 6 0 2 4 5 2 0 0 2 2 1 3 0 4 3 2 0 0 3 0 0 2 0 3 8 1 4 0 2 2
Upper bound: 113
Thread work times 3 0 1 1 0 3 0 5 0 1 7 3 0 8 0 0 1 0 1 1 0 2 1 0 3 0 6 0 1 1 9
Upper bound: 112
Thread work times 3 2 10 8 0 0 2 3 2 4 1 0 3 1 3 1 2 3 3 2 1 4 9 1 7 2 1 2 3 3 4
Upper bound: 111
Thread work times 15 0 13 2 4 4 0 1 2 2 2 1 1 4 2 2 1 3 3 2 4 1 2 2 3 4 4 14 4 2 1
Upper bound: 110
Thread work times 1 27 2 25 1 26 3 0 0 0 0 3 0 0 2 0 4 2 1 24 4 5 0 2 2 4 4 5 4 1 0
Upper bound: 109
Thread work times 0 2 2 55 0 2 3 3 2 3 3 3 1 5 0 0 4 3 0 53 54 2 2 2 0 56 0 3 3 3 1
Upper bound: 108
Thread work times 3 3 2 2 2 5 2 2 1 5 3 1 123 3 4 3 2 122 4 120 1 2 3 3 2 3 4 5 123 120 3
Upper bound: 107
Thread work times 355 354 5 3 4 4 5 4 3 351 4 3 5 352 3 4 3 352 5 4 3 4 4 3 4 4 5 4 5 7 4
Upper bound: 106
Thread work times 6 37 6 5 37 7 37 5 5 5 6 6 7 6 4 35 5 6 6 6 5 5 5 6 4 5 5 36 7 7 5
Solution size 106
(0 -> 350) (1 -> 372) (2 -> 404) (3 -> 408) (4 -> 36) (5 -> 92) (6 -> 323) (7 -> 133) (8 -> 142) (11 -> 412) (12 -> 453) (13 -> 472) (14 -> 46) (15 -> 76) (16 -> 118) (17 -> 125) (18 -> 4) (19 -> 163) (22 -> 79) (23 -> 97) (24 -> 105) (25 -> 134) (26 -> 169) (27 -> 192) (28 -> 124) (29 -> 127) (30 -> 11) (31 -> 174) (33 -> 205) (34 -> 226) (35 -> 265) (36 -> 325) (37 -> 326) (38 -> 338) (39 -> 365) (40 -> 146) (41 -> 150) (42 -> 35) (43 -> 274) (44 -> 156) (45 -> 384) (46 -> 482) (47 -> 32) (48 -> 64) (49 -> 83) (50 -> 84) (51 -> 107) (52 -> 188) (53 -> 217) (54 -> 65) (55 -> 304) (56 -> 195) (57 -> 131) (58 -> 154) (59 -> 167) (60 -> 262) (61 -> 266) (62 -> 269) (63 -> 290) (64 -> 216) (65 -> 363) (66 -> 353) (67 -> 428) (68 -> 221) (69 -> 400) (70 -> 426) (71 -> 438) (72 -> 444) (73 -> 67) (74 -> 82) (75 -> 100) (76 -> 230) (78 -> 60) (79 -> 455) (80 -> 235) (81 -> 106) (82 -> 111) (83 -> 171) (84 -> 178) (85 -> 213) (86 -> 263) (87 -> 305) (90 -> 102) (91 -> 468) (92 -> 242) (93 -> 306) (94 -> 318) (95 -> 320) (96 -> 354) (97 -> 425) (98 -> 434) (102 -> 166) (103 -> 29) (104 -> 250) (105 -> 463) (106 -> 499) (107 -> 7) (108 -> 16) (109 -> 87) (114 -> 294) (115 -> 31) (116 -> 295) (117 -> 89) (118 -> 196) (119 -> 200) (120 -> 352) 
Nodes:                      904404
CPU time (ms):              698
