Thread work times 0 0 0 0 0 0 0 0 0 0 0 0 0 0 0 0 0 0 0 0 0 0 0 0 0 0 0 0 0 0 0
Upper bound: 120
Thread work times 0 0 0 0 0 0 0 0 0 0 0 0 0 0 0 0 0 0 0 0 0 0 0 0 0 0 0 0 0 0 0
Upper bound: 119
Thread work times 0 0 0 0 0 0 0 0 0 0 0 0 0 0 0 0 0 0 0 0 0 0 0 0 0 0 0 0 0 0 1
Upper bound: 118
Thread work times 0 0 0 0 0 0 0 0 0 0 0 0 0 0 0 0 0 0 0 0 0 0 0 0 0 0 0 0 0 0 0
Upper bound: 117
Thread work times 0 0 0 0 0 0 0 0 0 0 0 0 0 0 0 0 0 0 0 0 0 0 0 0 0 0 0 0 1 0 0
Upper bound: 116
Thread work times 1 0 0 0 0 1 0 0 0 0 0 0 0 0 0 0 0 0 0 0 0 0 0 0 1 0 0 0 0 0 0
Upper bound: 115
Thread work times 2 0 0 0 1 0 0 0 0 0 1 0 0 0 0 0 2 0 0 1 0 0 0 0 0 1 0 0 0 0 0
Upper bound: 114
Thread work times 3 1 2 2 0 2 0 2 0 0 1 1 0 0 1 1 1 0 0 0 0 0 1 1 0 0 0 1 0 0 2
Upper bound: 113
Thread work times 2 0 0 4 1 2 4 0 2 1 2 2 0 0 3 3 2 1 2 2 2 2 2 0 1 3 0 3 2 1 1
Upper bound: 112
Thread work times 4 9 2 4 2 6 3 3 4 3 0 6 3 2 3 3 5 1 6 1 4 7 2 0 1 5 1 3 9 3 5
Upper bound: 111
Thread work times 7 9 11 12 11 14 9 12 8 6 9 18 10 8 5 10 10 9 7 11 15 13 20 8 7 7 4 9 8 12 8
Upper bound: 110
Thread work times 25 48 46 25 21 25 22 41 25 20 47 24 23 25 23 24 25 24 26 28 27 24 23 25 16 23 24 24 22 44 18
Upper bound: 109
Thread work times 179 55 171 91 71 63 167 48 177 65 63 71 54 51 68 56 61 60 60 54 64 68 167 65 66 56 59 68 74 65 81
Upper bound: 108
Thread work times 149 146 162 187 162 161 147 658 191 661 149 149 655 208 168 207 212 180 181 188 161 148 162 174 178 161 149 161 159 655 662
Upper bound: 107
Thread work times 1731 343 390 1728 302 295 409 312 1725 295 333 292 307 314 309 313 320 1728 336 427 317 293 306 368 1728 312 365 303 340 317 314
Upper bound: 106
Thread work times 8926 1538 1575 1421 1373 8920 1435 1493 8922 1575 1458 1595 1614 1669 1632 1520 8779 1567 2342 1500 1559 1540 1540 1639 1439 1407 1481 8894 1460 1643 1369
Upper bound: 105
Thread work times 44016 7082 6821 7773 6684 44012 7460 6952 6954 10182 43505 8064 7850 7739 7536 7505 44015 6479 7773 7347 6715 43192 8376 7432 8011 6893 7669 7800 6504 6632 8351
Upper bound: 104
Thread work times 26028 27327 29398 42811 27722 29307 32371 28783 30516 30181 27295 43121 30302 25223 25704 27816 44367 28925 32375 44366 40620 25022 27544 29595 36726 27627 29118 26873 30253 29915 30807
Solution size 7
(5 -> 16) (6 -> 84) (17 -> 10) (18 -> 39) (19 -> 14) (30 -> 76) (41 -> 86) 
Nodes:                      806103676
CPU time (ms):              100003
TIMEOUT
