Thread work times 9 4 4 9 9 9 5 5 6 5 5 5 5 5 4 5 5 5 5 5 5 5 5 5 5 5 4 6 4 5 5
Upper bound: 9
Thread work times 10 12 11 11 11 11 11 11 11 11 11 11 11 11 11 11 11 11 10 11 11 11 10 11 10 11 11 11 11 10 13
Upper bound: 8
Thread work times 23 22 21 22 23 21 21 21 22 20 21 22 21 22 22 22 21 21 21 21 22 21 22 21 22 21 22 21 21 21 21
Upper bound: 7
Thread work times 30 32 30 31 31 30 32 31 29 30 31 31 31 31 31 31 31 31 31 32 30 32 32 33 30 31 32 32 30 32 32
Upper bound: 6
Thread work times 49 54 50 52 51 51 51 52 51 50 51 51 53 51 51 51 51 51 51 51 52 50 51 51 50 51 51 49 50 52 51
Upper bound: 5
Thread work times 55 56 64 56 55 56 55 56 56 56 56 55 55 55 56 56 57 55 56 55 55 56 63 57 56 55 54 56 58 60 55
Upper bound: 4
Thread work times 75 73 59 72 60 61 59 60 71 60 60 60 60 61 60 60 61 61 60 61 61 60 60 61 59 60 59 60 61 61 61
Upper bound: 3
Thread work times 89 64 65 67 67 67 66 68 85 67 67 65 65 66 66 66 65 88 67 66 68 88 68 66 67 66 65 66 66 66 86
Upper bound: 2
Thread work times 0 0 0 0 0 0 0 0 0 0 0 0 0 0 0 0 0 0 0 0 0 0 0 0 0 0 0 0 0 0 0
Solution size 2
(0 -> 721) (1 -> 933) 
Nodes:                      1037178
CPU time (ms):              391
