Thread work times 2 0 0 0 0 0 0 0 0 0 0 1 1 1 1 1 1 1 1 1 1 0 0 0 0 0 1 0 1 1 1
Upper bound: 120
Thread work times 0 0 0 0 0 0 0 0 0 0 0 0 0 0 0 0 0 0 0 0 0 1 0 0 0 0 0 0 0 0 0
Upper bound: 119
Thread work times 0 1 0 0 0 0 0 0 0 0 1 0 0 0 0 0 0 0 0 0 1 0 1 0 0 0 0 0 0 0 0
Upper bound: 118
Thread work times 0 0 0 0 0 0 0 0 0 0 1 0 0 0 0 1 0 1 0 0 0 0 0 2 0 1 0 0 0 0 0
Upper bound: 117
Thread work times 3 0 0 0 0 0 0 0 0 0 2 0 1 1 0 1 0 0 0 0 0 0 0 0 2 1 0 1 0 0 3
Upper bound: 116
Thread work times 4 0 0 0 0 0 2 0 0 2 1 0 0 3 2 0 0 0 1 0 1 0 0 1 0 0 0 2 0 0 0
Upper bound: 115
Thread work times 6 1 0 1 1 0 1 2 0 0 0 0 0 2 1 5 1 1 0 1 0 1 2 0 4 0 0 4 0 1 0
Upper bound: 114
Thread work times 0 1 8 1 4 1 1 0 0 0 0 1 0 0 0 0 0 2 0 2 5 7 0 3 2 7 1 1 0 0 0
Upper bound: 113
Thread work times 10 0 0 0 0 1 0 0 0 1 0 9 0 9 0 0 2 0 1 0 0 2 0 8 1 0 1 0 0 0 7
Upper bound: 112
Thread work times 13 0 0 0 0 13 0 0 0 1 0 1 0 12 12 0 1 11 0 0 0 1 2 0 0 0 0 6 0 0 1
Upper bound: 111
Thread work times 1 16 15 2 0 1 3 1 3 1 1 0 0 12 14 2 0 0 0 0 14 0 0 0 2 0 0 0 0 2 0
Upper bound: 110
Thread work times 0 1 0 2 0 2 4 1 0 0 17 3 1 0 15 17 2 0 2 1 0 1 0 1 0 0 1 0 19 18 3
Upper bound: 109
Thread work times 0 20 1 0 1 2 0 1 1 21 2 1 2 2 0 0 3 0 0 1 0 0 22 2 0 0 0 3 1 20 22
Upper bound: 108
Thread work times 2 0 27 1 0 1 0 1 1 2 2 2 26 0 1 2 2 1 5 24 25 26 2 3 1 0 0 2 2 1 1
Upper bound: 107
Thread work times 32 29 31 1 30 0 0 1 0 2 1 1 0 0 2 2 5 2 30 1 1 1 3 1 0 1 0 3 0 3 0
Upper bound: 106
Thread work times 37 36 0 3 1 1 1 1 1 1 34 34 1 35 0 2 0 2 2 2 1 1 0 1 0 2 4 3 1 2 0
Upper bound: 105
Thread work times 41 3 3 2 2 0 4 5 2 1 0 1 2 1 39 1 38 0 1 2 0 0 1 0 41 0 3 0 1 40 1
Upper bound: 104
Thread work times 3 48 0 1 3 0 4 2 46 0 2 0 2 1 0 2 47 4 4 1 1 47 0 2 0 45 1 3 2 2 3
Upper bound: 103
Thread work times 3 57 0 4 2 1 55 2 0 4 0 1 1 0 3 2 1 0 5 1 1 1 0 3 2 2 0 2 54 56 54
Upper bound: 102
Thread work times 0 66 3 64 4 0 2 65 0 0 3 3 5 2 2 0 3 0 3 67 2 3 0 68 2 4 0 1 4 0 3
Upper bound: 101
Thread work times 69 1 2 70 0 3 0 1 1 2 3 0 1 6 68 4 66 2 0 3 5 3 69 3 1 3 3 0 1 3 4
Upper bound: 100
Thread work times 4 0 2 78 4 4 1 76 1 0 1 1 4 1 74 76 1 3 3 2 77 1 5 4 4 0 3 1 2 4 0
Upper bound: 99
Thread work times 2 89 3 88 1 1 2 4 2 4 4 4 1 0 1 2 3 2 1 6 3 2 85 2 89 87 4 0 2 4 4
Upper bound: 98
Thread work times 96 4 4 95 3 5 95 2 2 4 0 2 5 2 0 3 4 2 5 4 6 92 6 2 7 4 2 3 94 0 4
Upper bound: 97
Thread work times 107 3 107 2 4 0 105 0 3 0 2 2 5 1 4 0 5 1 3 0 4 3 2 102 3 6 0 0 3 2 106
Upper bound: 96
Thread work times 0 123 0 1 8 0 122 121 1 6 123 1 0 2 7 3 7 7 1 6 6 3 1 124 0 6 5 7 9 8 0
Upper bound: 95
Thread work times 1 143 144 7 4 4 2 3 4 5 2 2 145 2 2 3 5 4 4 2 3 1 4 141 146 5 2 0 3 2 5
Upper bound: 94
Thread work times 153 7 4 5 0 1 151 5 150 4 1 5 6 5 5 154 4 5 2 5 1 2 6 2 5 3 3 6 7 153 2
Upper bound: 93
Thread work times 160 158 158 159 4 3 5 2 2 5 4 4 2 4 3 0 7 3 6 2 5 2 159 0 7 3 4 4 3 5 5
Upper bound: 92
Thread work times 5 2 0 169 7 167 4 5 2 5 6 170 5 7 5 3 1 5 0 6 4 8 6 170 6 9 5 9 168 3 3
Upper bound: 91
Thread work times 9 2 6 3 4 5 7 4 7 3 182 5 5 5 2 2 183 4 4 181 183 5 7 7 0 4 8 2 3 4 179
Upper bound: 90
Thread work times 197 7 9 197 5 6 6 195 194 4 6 5 5 5 6 196 3 5 7 6 3 5 5 4 6 2 3 5 3 2 2
Upper bound: 89
Thread work times 209 6 2 4 0 205 3 2 5 4 7 7 6 5 209 208 3 6 2 0 0 207 2 5 5 2 10 6 2 6 7
Upper bound: 88
Thread work times 225 219 5 2 3 6 6 6 0 0 224 2 8 10 6 8 5 2 5 7 6 0 4 221 7 4 4 223 8 6 3
Upper bound: 87
Thread work times 238 8 3 2 5 8 3 7 237 3 6 4 6 1 234 4 6 236 2 1 7 2 5 5 6 3 237 9 5 8 10
Upper bound: 86
Thread work times 261 9 7 5 7 6 259 9 8 6 7 7 5 2 258 2 5 259 6 5 3 4 0 5 3 6 6 260 1 5 6
Upper bound: 85
Thread work times 278 280 4 5 5 5 3 1 7 5 4 4 6 4 6 8 279 2 276 6 7 6 279 3 8 4 4 5 3 0 5
Upper bound: 84
Thread work times 320 4 314 314 314 4 5 6 3 3 9 4 5 3 7 3 4 4 8 8 7 315 4 3 3 4 5 10 6 6 9
Upper bound: 83
Thread work times 340 0 339 4 9 6 4 9 5 5 10 8 8 2 8 4 9 5 338 339 3 7 340 7 8 9 13 8 5 7 8
Upper bound: 82
Thread work times 341 2 9 6 9 7 3 2 7 9 3 5 6 8 8 5 8 5 3 340 339 7 9 8 2 7 339 8 10 6 342
Upper bound: 81
Thread work times 5 10 10 8 11 8 8 359 10 7 8 10 8 360 7 9 5 2 9 3 11 2 10 9 7 4 361 362 360 10 4
Upper bound: 80
Thread work times 381 7 380 7 2 11 5 0 8 378 8 4 5 380 6 10 12 10 8 4 3 4 13 4 7 10 379 5 9 8 2
Upper bound: 79
Thread work times 7 7 410 7 5 9 410 7 1 8 0 6 10 7 408 409 8 7 4 8 8 9 8 7 9 13 5 407 3 8 8
Upper bound: 78
Thread work times 416 7 9 11 4 9 8 9 11 10 11 413 5 414 11 3 5 412 0 10 6 9 415 7 10 7 10 7 8 4 5
Upper bound: 77
Thread work times 442 12 9 12 6 3 439 7 8 10 14 7 6 8 10 9 440 5 441 9 11 13 6 7 7 441 7 5 8 9 8
Upper bound: 76
Thread work times 453 6 9 7 3 10 6 9 9 5 4 452 7 8 5 10 7 10 9 451 7 6 0 12 452 8 10 9 10 7 451
Upper bound: 75
Thread work times 483 9 9 2 11 482 8 2 11 8 6 480 5 11 5 480 10 12 7 7 9 2 4 4 6 10 5 481 8 10 8
Upper bound: 74
Thread work times 508 0 8 10 6 508 11 10 3 505 14 11 9 8 0 7 11 7 5 9 9 6 4 8 11 8 0 507 10 503 10
Upper bound: 73
Thread work times 2 543 5 8 9 8 5 8 11 6 6 541 13 543 6 11 5 9 9 542 6 7 542 10 14 5 10 12 8 10 9
Upper bound: 72
Thread work times 604 12 11 14 0 11 602 13 9 12 602 0 9 9 12 10 7 4 11 5 11 4 5 9 14 11 11 11 603 8 604
Upper bound: 71
Thread work times 17 19 8 895 891 22 896 19 17 19 18 23 8 9 15 13 21 10 896 12 13 0 13 15 22 888 17 20 9 23 12
Upper bound: 70
Thread work times 35 27 26 32 24 21 26 27 15 20 1692 20 27 27 13 26 28 1692 30 24 39 29 1690 34 1693 20 28 1691 22 32 36
Upper bound: 69
Thread work times 3483 72 30 69 3482 33 68 78 3482 21 14 60 46 3480 67 11 35 66 66 56 57 3481 43 30 64 34 31 75 47 76 34
Upper bound: 68
Thread work times 6612 6613 148 127 87 106 61 98 73 64 56 99 6613 41 49 125 63 78 130 59 126 68 115 54 125 129 6610 29 131 150 6605
Upper bound: 67
Thread work times 12126 143 218 133 196 12125 120 126 140 264 245 12125 114 184 165 197 196 170 120 159 108 12125 97 213 147 102 163 12126 181 154 189
Upper bound: 66
Thread work times 294 261 219 201 326 240 150 290 394 281 382 263 294 438 20283 20282 20284 20282 358 20284 292 225 313 315 146 347 185 290 347 283 312
Upper bound: 65
Thread work times 601 396 397 312 376 371 707 501 433 451 479 394 471 35187 35188 603 35184 35188 349 408 290 513 439 448 35186 275 609 459 429 441 451
Upper bound: 64
Thread work times 688 754 10803 10797 913 907 505 718 10801 709 606 925 646 650 769 1128 10803 1055 584 886 860 552 883 663 590 1033 880 1000 10801 796 733
Solution size 5
(1 -> 159) (7 -> 73) (30 -> 247) (43 -> 17) (48 -> 35) 
Nodes:                      133741150
CPU time (ms):              100002
TIMEOUT
