Thread work times 3 1 1 1 1 2 2 2 2 2 2 2 1 3 3 3 3 2 2 3 0 1 1 3 1 0 3 1 1 0 2
Upper bound: 120
Thread work times 1 3 0 1 0 1 0 1 0 0 0 0 0 2 2 1 1 2 2 0 0 2 0 1 0 2 0 2 2 1 1
Upper bound: 119
Thread work times 3 3 3 2 4 3 0 2 3 0 2 0 0 3 3 0 1 2 3 3 0 3 0 3 3 0 3 2 3 0 3
Upper bound: 118
Thread work times 4 3 3 3 3 3 3 2 1 3 2 3 4 0 2 3 0 3 1 0 3 3 4 4 4 0 0 4 6 0 0
Upper bound: 117
Thread work times 5 1 2 3 1 0 4 4 5 1 7 4 4 2 4 1 4 4 4 4 4 0 4 5 5 5 4 2 5 5 0
Upper bound: 116
Thread work times 8 6 4 7 5 7 7 1 0 0 4 4 0 5 5 5 5 5 2 0 5 4 3 5 5 5 2 5 5 5 4
Upper bound: 115
Thread work times 10 5 4 1 5 6 0 4 4 7 0 5 2 1 6 4 5 5 5 4 10 4 0 4 0 0 0 4 4 4 6
Upper bound: 114
Thread work times 14 5 4 4 5 0 6 0 0 3 4 6 5 11 2 2 2 4 4 11 0 4 5 4 5 5 13 0 0 13 1
Upper bound: 113
Thread work times 18 16 5 4 3 4 4 5 4 3 5 4 5 16 2 4 17 1 16 4 5 5 5 3 5 5 2 4 5 5 4
Upper bound: 112
Thread work times 3 2 22 6 6 7 4 6 5 5 4 22 5 5 3 3 22 4 4 3 1 4 0 4 2 1 5 23 4 4 25
Upper bound: 111
Thread work times 7 2 5 4 5 5 2 32 4 5 5 5 2 5 2 5 7 5 2 5 5 32 6 34 4 30 5 5 33 1 5
Upper bound: 110
Thread work times 44 7 5 7 2 40 6 43 2 43 5 5 3 7 4 4 6 5 6 7 3 5 5 4 39 4 5 5 9 5 5
Upper bound: 109
Thread work times 6 56 2 8 7 4 4 7 8 6 7 8 7 4 0 6 6 5 53 10 7 8 5 2 8 5 56 55 8 54 6
Upper bound: 108
Thread work times 10 15 4 10 10 6 71 4 7 7 67 71 6 8 1 8 7 9 9 9 2 2 73 72 9 10 5 9 3 7 9
Upper bound: 107
Thread work times 4 96 96 92 10 2 13 11 8 4 7 9 5 9 8 9 2 7 11 17 7 0 2 11 94 8 94 6 7 5 7
Upper bound: 106
Thread work times 134 8 133 1 13 19 15 128 12 13 10 11 9 7 7 9 132 6 13 8 11 10 12 9 133 11 13 5 9 4 5
Upper bound: 105
Thread work times 177 17 17 12 15 15 173 13 2 2 18 176 9 21 12 11 175 13 8 7 23 175 15 18 12 14 19 16 3 12 22
Upper bound: 104
Thread work times 230 21 9 9 22 13 13 7 11 11 23 23 227 17 19 229 227 18 12 22 16 13 24 15 23 14 229 16 17 15 23
Upper bound: 103
Thread work times 31 330 7 21 9 23 18 11 24 31 329 13 33 37 30 20 10 330 15 34 24 20 12 328 23 22 27 328 16 32 19
Upper bound: 102
Thread work times 457 41 15 9 36 29 18 28 23 17 18 18 26 23 36 11 29 23 456 19 455 28 35 36 455 34 52 54 45 456 42
Upper bound: 101
Thread work times 624 40 18 23 20 57 34 33 43 36 28 57 47 25 623 35 19 20 622 24 9 41 38 26 45 623 58 24 618 27 29
Upper bound: 100
Thread work times 934 39 45 25 29 55 15 70 933 49 53 18 63 66 56 51 17 934 45 25 32 935 54 39 24 48 40 62 42 57 935
Upper bound: 99
Thread work times 109 1360 54 51 50 36 28 55 47 1361 52 60 54 112 65 20 117 1361 57 117 50 51 89 1360 1362 105 70 45 73 93 110
Upper bound: 98
Thread work times 2042 72 82 95 92 71 43 157 2041 57 86 87 2039 60 148 50 142 94 127 33 98 38 76 135 69 59 2040 153 158 134 2039
Upper bound: 97
Thread work times 3085 109 78 3084 187 194 102 90 70 3082 99 3085 100 196 85 97 125 171 176 153 3084 160 94 132 106 174 129 154 157 113 177
Upper bound: 96
Thread work times 4621 238 139 135 4621 200 162 155 4620 113 133 155 204 114 234 186 4620 153 168 262 4620 273 153 111 195 144 54 135 149 174 286
Upper bound: 95
Thread work times 6856 268 226 220 6855 363 267 6854 388 282 269 331 227 374 301 359 404 385 266 380 158 234 226 271 296 227 223 6852 165 6856 430
Upper bound: 94
Thread work times 504 380 10019 386 425 438 452 433 370 147 470 293 297 554 327 372 332 466 10019 384 10019 336 329 471 394 475 423 10020 304 345 10019
Upper bound: 93
Thread work times 14643 14641 724 344 399 386 357 14641 437 375 374 600 587 388 520 831 278 434 380 488 14639 551 493 509 14641 560 433 467 530 508 729
Upper bound: 92
Thread work times 20610 801 1122 809 430 564 20607 570 483 1121 612 814 723 699 728 671 20609 634 655 578 639 684 499 631 1122 20610 1060 524 708 20610 701
Upper bound: 91
Thread work times 625 673 706 959 723 962 998 28940 1228 820 28941 1461 1184 1436 733 823 28941 795 28940 845 692 1461 724 28941 1226 613 1047 1462 898 1227 912
Upper bound: 90
Thread work times 4474 1403 1026 4472 1383 1964 829 989 1931 1008 990 1607 1612 1310 1428 1272 1426 1893 1006 1610 1264 1609 937 4472 1000 4473 1390 4473 923 1783 946
Solution size 6
(24 -> 415) (30 -> 284) (32 -> 451) (88 -> 548) (101 -> 207) (114 -> 525) 
Nodes:                      118700780
CPU time (ms):              100002
TIMEOUT
