Thread work times 18 11 12 12 12 14 12 15 18 9 9 9 8 9 8 6 9 9 8 9 8 6 8 9 9 8 10 11 12 9 9
Upper bound: 127
Thread work times 23 17 16 17 16 17 18 15 18 18 16 18 18 18 19 20 18 19 15 13 17 17 18 17 17 17 17 19 18 17 14
Upper bound: 126
Thread work times 30 30 35 28 30 34 29 30 29 30 30 29 29 30 30 31 30 28 31 31 30 28 29 30 31 31 28 30 30 30 31
Upper bound: 125
Thread work times 47 46 50 51 46 46 46 46 46 46 46 46 47 45 46 46 48 47 47 46 44 47 45 46 50 47 47 46 46 46 50
Upper bound: 124
Thread work times 87 83 85 85 81 82 86 83 82 85 81 84 83 83 83 82 83 84 84 84 83 82 82 84 83 84 83 84 82 83 82
Upper bound: 123
Thread work times 152 137 137 136 151 137 148 135 139 134 139 138 137 139 138 140 136 138 149 136 149 135 136 138 137 139 137 138 136 139 136
Upper bound: 122
Thread work times 320 285 278 288 289 298 284 285 285 316 282 283 290 282 282 287 297 282 284 305 276 288 283 288 313 285 281 319 292 318 281
Upper bound: 121
Thread work times 1409 1367 1373 1440 1410 1926 1388 1537 2395 1573 1266 1917 1750 1327 1390 1623 1582 1779 1271 1929 1288 1769 1610 1804 1545 1468 1339 1404 1263 1627 1632
Upper bound: 120
Thread work times 10212 8540 8357 12847 9807 14199 13062 17300 12504 12698 11212 11419 8580 7960 9500 11388 13286 7930 8518 9206 7958 9815 17358 8385 8474 8182 13585 9287 8591 8324 8704
Upper bound: 119
Thread work times 78997 78985 78982 78987 78995 78990 78986 78987 78988 78973 78981 78995 78990 78977 78977 78975 78965 78961 78972 78987 78988 78984 78984 78990 78987 78977 78974 78982 78987 78979 78995
Solution size 23
(2 -> 289) (3 -> 597) (10 -> 380) (14 -> 692) (17 -> 422) (20 -> 461) (25 -> 628) (33 -> 228) (39 -> 656) (41 -> 329) (49 -> 379) (50 -> 144) (53 -> 842) (58 -> 423) (62 -> 288) (64 -> 127) (76 -> 507) (84 -> 424) (96 -> 88) (103 -> 421) (111 -> 878) (118 -> 876) (120 -> 200) 
Nodes:                      802053787
CPU time (ms):              100020
TIMEOUT
