Thread work times 10 16 16 16 18 20 22 22 22 18 22 22 22 24 30 32 10 11 30 20 10 16 10 10 22 32 10 22 29 10 29
Upper bound: 127
Thread work times 35 10 24 10 10 0 16 13 29 27 0 30 15 15 13 29 11 10 29 14 15 31 30 22 15 31 15 13 30 10 30
Upper bound: 126
Thread work times 53 46 46 30 40 45 40 40 15 44 41 45 40 38 45 44 45 45 45 30 47 37 41 45 43 46 46 47 46 36 34
Upper bound: 125
Thread work times 47 60 45 45 29 47 55 40 39 39 47 32 30 47 38 44 45 47 45 54 47 45 41 47 45 32 47 59 45 43 47
Upper bound: 124
Thread work times 75 47 62 60 63 70 70 49 44 64 55 63 58 70 42 60 60 64 60 63 70 46 45 60 64 63 58 30 64 47 34
Upper bound: 123
Thread work times 80 67 64 56 58 59 64 70 70 70 71 70 74 71 62 79 61 66 75 75 70 63 64 52 58 70 64 79 64 64 64
Upper bound: 122
Thread work times 65 66 60 86 60 78 62 55 63 60 64 62 58 59 45 60 47 66 62 61 70 69 60 60 60 73 73 63 63 91 59
Upper bound: 121
Thread work times 102 63 60 30 62 57 53 65 48 58 57 65 70 58 71 60 63 63 63 60 70 63 40 60 63 70 63 55 50 60 103
Upper bound: 120
Thread work times 79 64 63 56 124 63 48 70 64 60 70 70 73 60 73 63 73 63 75 79 126 48 64 73 125 73 70 60 70 75 62
Upper bound: 119
Thread work times 131 75 60 71 63 63 63 63 130 63 64 70 48 48 71 64 71 61 70 55 71 73 61 62 64 74 75 79 79 137 70
Upper bound: 118
Thread work times 146 146 60 63 60 60 64 56 55 68 44 146 63 63 60 63 54 60 58 59 69 62 62 71 70 47 60 63 58 61 149
Upper bound: 117
Thread work times 160 60 55 63 60 48 57 55 59 55 60 60 70 63 63 60 73 70 63 73 72 75 75 79 75 79 79 79 75 164 165
Upper bound: 116
Thread work times 176 62 63 63 59 52 170 48 61 41 58 63 47 68 61 70 64 39 62 63 72 61 61 48 62 55 63 63 62 56 175
Upper bound: 115
Thread work times 64 191 60 64 189 58 48 57 70 70 48 70 70 64 63 73 75 60 65 60 65 44 70 63 60 64 56 60 180 63 63
Upper bound: 114
Thread work times 211 200 208 63 62 61 63 62 210 52 52 56 55 57 45 60 60 59 63 73 60 62 60 63 47 62 40 44 58 58 60
Upper bound: 113
Thread work times 63 242 63 37 39 230 32 51 61 61 56 51 56 57 63 58 69 61 57 231 231 56 70 71 63 48 29 59 53 63 61
Upper bound: 112
Thread work times 77 61 76 79 299 78 80 69 74 65 298 60 75 79 79 80 77 74 75 75 77 73 72 80 62 79 60 73 79 58 299
Upper bound: 111
Thread work times 57 382 52 77 78 80 48 75 57 75 79 79 61 76 75 79 75 75 64 77 79 373 68 367 379 79 64 381 68 69 64
Upper bound: 110
Thread work times 668 83 664 83 67 81 82 79 81 68 83 82 67 81 82 83 84 88 81 667 69 83 83 82 667 85 81 82 73 82 62
Upper bound: 109
Thread work times 95 93 122 92 93 93 95 96 81 96693 80 84 93 92 86 96694 92 93 94 96691 96 94 96691 92 92 94 102 132 93 94 96692
Solution size 12
(1 -> 1069) (24 -> 873) (35 -> 17) (45 -> 429) (57 -> 509) (60 -> 889) (74 -> 1594) (81 -> 1407) (85 -> 927) (91 -> 995) (92 -> 720) (117 -> 1614) 
Nodes:                      30693154
CPU time (ms):              100028
TIMEOUT
