Thread work times 0 0 0 0 0 0 0 0 0 0 0 0 0 0 0 0 0 0 0 0 0 0 0 0 0 0 0 0 0 0 0
Upper bound: 127
Thread work times 0 0 0 0 0 0 0 0 0 0 0 0 0 0 0 0 0 0 0 0 0 0 0 0 0 0 0 0 0 0 0
Upper bound: 126
Thread work times 0 0 0 0 0 0 0 0 0 0 0 0 0 0 0 0 0 0 0 0 0 0 0 0 0 0 0 0 0 0 0
Upper bound: 125
Thread work times 0 0 0 0 0 0 0 0 0 0 0 0 0 0 0 0 0 0 0 0 0 0 0 0 0 0 0 0 0 0 0
Upper bound: 124
Thread work times 0 0 0 0 0 0 0 0 0 0 0 0 0 0 0 0 0 0 0 0 0 0 0 0 0 0 0 0 0 0 0
Upper bound: 123
Thread work times 0 0 0 0 0 0 0 0 0 0 0 0 0 0 0 0 0 0 0 0 0 0 0 0 0 0 0 0 0 0 0
Upper bound: 122
Thread work times 0 0 0 0 0 0 0 0 0 0 0 0 0 0 0 0 0 0 0 0 0 0 0 0 0 0 0 0 0 0 0
Upper bound: 121
Thread work times 0 0 0 0 0 0 0 0 0 0 0 0 0 0 0 0 0 0 0 0 0 0 0 0 0 0 0 0 0 0 0
Upper bound: 120
Thread work times 0 0 0 0 0 0 0 0 0 0 0 0 0 0 0 0 0 0 0 0 0 0 0 0 0 0 0 0 0 0 0
Upper bound: 119
Thread work times 0 0 0 0 0 0 0 0 0 0 0 0 0 0 0 0 0 0 0 0 0 0 0 0 0 0 0 0 0 0 0
Upper bound: 118
Thread work times 1 0 0 0 0 0 0 0 0 0 0 0 0 0 0 0 0 0 0 0 0 0 0 0 0 0 0 0 0 0 0
Upper bound: 117
Thread work times 0 0 0 1 0 0 0 0 0 0 0 0 0 0 0 0 0 0 0 0 0 0 0 0 0 0 0 0 0 0 0
Upper bound: 116
Thread work times 0 1 0 0 0 0 0 0 0 0 0 0 0 0 0 0 0 0 0 0 0 0 1 0 0 0 0 0 0 0 0
Upper bound: 115
Thread work times 2 0 1 0 0 0 0 0 0 0 0 0 0 0 0 0 0 0 1 0 0 0 0 0 0 0 0 0 0 1 0
Upper bound: 114
Thread work times 2 0 0 0 0 1 0 0 0 0 1 0 0 0 0 0 0 0 0 0 0 0 0 0 0 0 0 0 0 1 0
Upper bound: 113
Thread work times 2 1 0 0 0 0 0 0 0 0 1 0 0 0 0 0 0 0 0 1 0 0 0 2 0 0 1 0 0 0 0
Upper bound: 112
Thread work times 3 0 0 2 0 0 0 0 0 0 0 0 0 0 2 0 0 0 0 0 0 0 3 0 0 0 0 0 1 0 0
Upper bound: 111
Thread work times 5 0 1 0 1 0 2 0 0 2 1 0 0 0 0 0 0 0 0 1 4 0 4 2 1 0 0 3 0 0 0
Upper bound: 110
Thread work times 0 0 0 1 0 3 5 0 1 0 1 1 1 1 3 0 0 0 1 1 5 6 1 6 0 1 0 7 0 0 2
Upper bound: 109
Thread work times 2 2 6 12 2 3 2 3 4 2 4 3 9 4 3 4 3 4 4 6 4 1 12 6 11 4 3 5 9 4 3
Upper bound: 108
Thread work times 7 7 8 8 23 8 9 26 8 10 9 8 8 9 5 9 6 27 27 9 8 9 9 11 6 10 8 9 28 9 6
Upper bound: 107
Thread work times 20 16 18 17 66 19 18 16 16 18 18 16 17 13 19 14 68 18 18 16 65 18 19 15 17 17 17 17 15 67 66
Upper bound: 106
Thread work times 163 34 34 33 33 31 35 160 34 30 33 34 32 34 35 33 32 31 33 162 34 36 31 160 35 163 32 33 36 33 32
Upper bound: 105
Thread work times 394 64 65 65 66 67 66 65 66 66 63 62 67 394 67 72 64 68 63 63 391 73 62 65 74 391 64 393 67 64 65
Upper bound: 104
Thread work times 897 142 137 136 896 140 135 168 166 167 130 134 134 135 137 138 135 134 896 131 133 141 139 130 139 895 137 131 137 891 138
Upper bound: 103
Thread work times 284 288 353 354 287 283 2190 286 286 288 286 286 281 2191 285 357 299 286 283 282 286 284 284 290 309 2190 2185 308 284 314 2191
Upper bound: 102
Thread work times 5082 649 648 680 632 640 699 700 872 628 5079 631 637 662 5081 629 5076 876 627 645 624 681 647 866 627 644 635 666 639 5082 669
Upper bound: 101
Thread work times 1540 1613 1602 2356 2353 1927 12147 1586 1583 1536 1546 1578 1565 12147 1925 1929 1574 1535 2337 1532 1566 1707 12148 1924 1582 12148 12149 1568 1583 1737 1558
Upper bound: 100
Thread work times 30608 4179 4051 3997 4070 6624 6032 6906 6299 4121 6557 30607 4082 6065 4785 3993 4370 3996 4589 4126 4091 3983 5993 4074 4004 3993 4074 30606 30609 30609 4009
Upper bound: 99
Thread work times 15095 18016 11371 13175 11303 48307 11245 11253 13212 11283 21258 48306 48306 18484 13782 11258 12007 11470 19357 11694 13563 13224 11296 19152 48304 17063 19818 11404 13202 48307 13200
Solution size 12
(11 -> 92) (16 -> 178) (18 -> 246) (27 -> 252) (36 -> 179) (41 -> 104) (67 -> 194) (73 -> 192) (92 -> 118) (99 -> 237) (116 -> 228) (117 -> 124) 
Nodes:                      579777145
CPU time (ms):              100002
TIMEOUT
