Thread work times 1 1 1 2 1 2 2 2 2 2 2 2 3 3 3 2 3 3 3 4 1 3 1 1 1 3 1 3 1 3 2
Upper bound: 127
Thread work times 1 1 0 0 2 0 0 0 0 0 0 0 0 0 0 1 1 1 0 1 1 0 0 1 0 0 2 1 2 0 1
Upper bound: 126
Thread work times 3 0 3 0 0 0 1 1 2 2 1 2 0 3 0 0 2 0 3 0 0 0 3 0 0 3 3 3 2 1 3
Upper bound: 125
Thread work times 0 3 3 3 0 2 0 3 3 3 0 3 3 0 0 0 3 2 1 2 2 2 1 3 3 2 3 2 0 0 0
Upper bound: 124
Thread work times 6 4 5 0 0 4 4 4 1 0 4 5 2 0 5 5 0 0 5 0 5 5 5 5 4 5 0 0 5 0 4
Upper bound: 123
Thread work times 5 1 0 2 4 3 3 5 4 4 4 4 0 4 3 4 4 4 4 0 5 4 4 4 4 0 4 1 5 4 7
Upper bound: 122
Thread work times 7 4 3 4 0 0 3 3 5 3 3 3 6 3 0 0 3 4 3 0 3 3 0 5 0 4 3 3 3 3 0
Upper bound: 121
Thread work times 4 8 0 0 3 4 4 3 3 0 0 3 0 0 4 4 5 0 3 3 0 4 1 3 7 0 4 0 6 4 3
Upper bound: 120
Thread work times 0 9 6 4 2 2 2 0 3 3 0 3 3 4 0 4 4 4 4 0 4 8 6 0 0 4 0 3 5 4 10
Upper bound: 119
Thread work times 9 8 3 0 3 3 4 4 0 0 0 0 3 4 3 7 3 0 4 4 4 4 0 0 4 3 2 5 5 10 11
Upper bound: 118
Thread work times 13 1 0 11 9 8 0 4 0 3 3 4 3 4 5 4 4 4 1 4 4 3 0 5 4 4 4 4 12 4 4
Upper bound: 117
Thread work times 3 4 2 0 14 4 0 0 4 2 4 4 5 4 4 5 3 5 13 4 2 4 4 5 12 4 0 0 0 10 0
Upper bound: 116
Thread work times 16 14 1 4 4 4 15 13 3 2 3 3 4 2 2 4 4 4 4 5 5 5 5 5 4 5 4 5 4 4 5
Upper bound: 115
Thread work times 18 0 4 6 4 4 2 3 3 4 3 3 16 2 5 5 5 5 0 5 0 4 5 18 16 6 5 16 3 4 5
Upper bound: 114
Thread work times 1 21 5 4 4 5 4 4 5 5 4 4 4 5 5 4 4 5 5 18 5 5 4 4 4 20 4 5 2 5 4
Upper bound: 113
Thread work times 24 25 20 5 5 1 5 5 23 3 5 5 5 5 4 3 4 5 5 3 5 5 4 5 5 4 5 21 4 5 5
Upper bound: 112
Thread work times 30 5 5 29 5 3 3 5 0 5 5 0 28 5 5 5 5 3 2 3 0 28 4 5 3 5 0 5 5 0 28
Upper bound: 111
Thread work times 2 37 6 5 6 6 7 3 6 35 8 5 3 3 2 6 5 2 3 5 5 0 7 3 34 37 3 4 6 33 4
Upper bound: 110
Thread work times 8 46 6 6 6 0 44 6 6 6 5 6 6 3 8 5 46 8 6 6 5 5 6 6 5 43 6 6 44 6 6
Upper bound: 109
Thread work times 65 6 6 65 8 8 65 7 8 6 2 63 8 6 9 6 6 5 8 6 10 7 8 8 63 6 6 3 8 7 7
Upper bound: 108
Thread work times 91 12 9 12 10 13 90 10 90 89 10 7 9 12 89 11 14 9 9 9 10 9 7 15 17 8 14 8 6 2 8
Upper bound: 107
Thread work times 29 17 19 22 17 20 21 15 16 15 22 136 20 136 24 132 17 15 134 27 17 17 14 13 17 12 17 13 17 135 16
Upper bound: 106
Thread work times 269 268 60 63 68 60 61 75 264 265 59 60 59 59 54 61 61 59 66 65 66 61 53 61 62 70 60 71 53 266 70
Upper bound: 105
Thread work times 187 545 542 187 187 188 187 186 185 189 201 187 184 176 207 193 537 187 189 194 187 187 188 186 190 185 540 185 544 188 187
Upper bound: 104
Thread work times 352 1678 352 351 352 351 354 351 1675 350 1676 351 352 355 351 352 353 344 353 353 353 352 352 351 351 351 351 1678 352 352 1675
Upper bound: 103
Thread work times 4277 530 533 532 530 4276 533 532 528 4274 532 534 533 533 532 533 532 536 4273 532 532 532 4277 530 535 532 532 531 531 533 534
Upper bound: 102
Thread work times 9831 796 797 799 798 799 795 9829 9830 797 797 794 9829 795 793 795 799 795 793 797 801 795 797 796 797 796 809 797 799 9828 795
Upper bound: 101
Thread work times 1128 15966 1129 1130 1128 1130 1131 1131 1119 1131 1131 1134 1134 1134 1135 15965 1118 15963 1133 15966 1135 1129 1130 1134 15964 1132 1125 1127 1131 1146 1134
Upper bound: 100
Thread work times 23958 1591 1591 1591 1591 1592 23961 1593 1592 1594 1594 1593 1596 1597 1591 23962 1589 1589 1592 1590 1594 1594 1597 23961 1591 23959 1590 1595 1589 1658 1595
Upper bound: 99
Thread work times 2273 2268 2382 2308 2264 2269 2662 2272 34993 2268 2272 2270 2270 2270 2272 2274 2270 2272 34997 34995 2665 2265 2266 2272 34996 2275 2436 2299 2263 34996 2268
Upper bound: 98
Thread work times 3264 7842 7840 3266 3266 3267 3261 3280 3271 3267 7841 3344 3262 3275 7840 3359 3270 3967 3965 3266 3521 3261 3276 3271 3262 3557 3270 3272 3274 7839 3272
Solution size 8
(20 -> 201) (80 -> 451) (87 -> 258) (99 -> 495) (102 -> 149) (107 -> 133) (118 -> 284) (120 -> 43) 
Nodes:                      201544267
CPU time (ms):              100002
TIMEOUT
