Thread work times 7 7 7 7 7 7 8 10 8 10 10 10 10 10 12 12 12 12 12 12 12 12 13 17 16 9 12 12 12 14 6
Upper bound: 127
Thread work times 18 15 16 16 15 16 16 16 16 15 16 15 15 11 6 5 13 8 13 8 13 8 13 8 5 8 16 15 15 15 0
Upper bound: 126
Thread work times 24 24 24 14 16 16 21 21 23 21 23 24 24 24 24 24 24 24 24 24 24 24 24 23 23 23 26 23 21 28 24
Upper bound: 125
Thread work times 34 32 31 32 30 32 24 29 33 27 25 30 30 24 29 24 32 32 32 32 32 32 32 32 28 24 32 32 28 32 32
Upper bound: 124
Thread work times 41 35 32 20 41 40 33 34 40 32 21 32 32 7 32 32 36 35 31 17 37 40 32 40 32 37 29 29 25 38 30
Upper bound: 123
Thread work times 24 45 37 39 23 43 40 39 32 25 38 39 40 40 38 40 40 40 40 40 40 40 45 40 40 39 40 41 36 15 31
Upper bound: 122
Thread work times 58 39 38 40 40 40 40 40 40 41 41 42 57 42 57 38 43 34 34 51 40 38 33 33 42 34 39 27 40 57 39
Upper bound: 121
Thread work times 71 72 73 42 35 40 41 41 40 41 42 42 42 34 42 41 38 41 41 65 44 40 41 42 43 42 41 41 42 39 41
Upper bound: 120
Thread work times 90 90 42 44 42 88 89 42 43 42 42 42 43 41 43 39 43 43 42 43 45 44 45 42 44 44 45 45 45 45 79
Upper bound: 119
Thread work times 110 48 92 46 45 45 45 38 46 46 44 45 46 40 46 47 36 50 47 109 109 107 46 46 46 46 45 45 45 46 39
Upper bound: 118
Thread work times 48 141 48 46 47 47 48 47 46 50 40 45 47 44 47 46 48 49 140 132 139 50 47 46 50 47 48 139 47 53 48
Upper bound: 117
Thread work times 50 174 54 55 53 48 58 58 47 173 53 52 52 51 46 51 55 53 54 52 56 55 52 56 45 51 172 169 172 52 47
Upper bound: 116
Thread work times 238 236 65 58 57 59 58 61 57 237 63 58 63 58 65 238 57 57 58 60 59 57 60 57 61 59 65 48 58 237 62
Upper bound: 115
Thread work times 338 334 70 72 73 89 76 73 78 73 72 70 80 337 75 88 74 73 75 80 74 73 335 80 72 70 71 337 84 79 74
Upper bound: 114
Thread work times 117 88 480 97 110 101 111 100 103 93 98 103 112 108 109 101 98 97 104 482 484 482 104 116 111 96 484 109 123 101 98
Upper bound: 113
Thread work times 143 162 762 184 181 762 131 179 166 146 133 138 167 763 167 152 163 175 126 140 172 149 762 166 144 157 169 763 129 179 136
Upper bound: 112
Thread work times 1146 228 229 253 220 230 224 221 261 258 198 220 261 221 267 228 1144 229 229 213 1145 236 1145 254 245 244 238 1144 220 199 255
Upper bound: 111
Thread work times 323 1852 361 404 349 383 316 315 374 347 369 381 1848 404 313 370 1850 333 405 288 307 334 396 354 365 1852 381 397 1849 354 347
Upper bound: 110
Thread work times 496 452 586 2789 2786 516 2788 473 499 539 507 499 557 512 2785 518 519 473 548 566 489 464 468 569 455 451 471 464 476 580 2790
Upper bound: 109
Thread work times 4371 751 691 743 833 790 695 4368 829 707 959 720 696 4371 805 1057 965 833 735 713 4365 4371 1057 782 771 1000 1058 805 692 942 831
Upper bound: 108
Thread work times 1138 2169 7109 1228 1139 1411 1213 1212 1506 1208 1171 1327 2166 2170 1417 2206 7104 1514 1235 1217 7108 7110 1214 1429 1261 1201 1175 1214 1500 7111 1165
Upper bound: 107
Thread work times 12341 2195 1937 2019 12339 12338 1891 1957 2036 3751 1934 3755 2890 3747 1886 2831 2894 12338 2836 2072 3756 2832 1920 12337 2156 2168 2173 1936 2481 2131 1973
Upper bound: 106
Thread work times 19410 7231 19416 4160 19414 4445 4136 7236 19407 4005 3914 5975 3932 3833 4017 4246 3932 4469 3866 4166 3835 4029 4179 5780 4277 19399 3845 7225 5976 3859 5852
Upper bound: 105
Thread work times 35609 12273 8269 8149 8148 8300 9021 8402 35604 13328 8147 8864 8273 8280 8146 13329 8145 35605 8473 8151 35608 8300 8295 12134 8707 8360 35607 8157 8126 9132 8164
Upper bound: 104
Thread work times 12654 12656 12656 12652 12650 12660 12648 12658 12658 12654 12655 12657 12655 12656 12657 12648 12649 12648 12649 12661 12649 12649 12653 12653 12649 12657 12650 12649 12653 12650 12646
Solution size 10
(12 -> 507) (37 -> 878) (62 -> 723) (63 -> 1001) (64 -> 76) (69 -> 876) (77 -> 833) (89 -> 853) (101 -> 692) (119 -> 842) 
Nodes:                      332328214
CPU time (ms):              100013
TIMEOUT
