Thread work times 104 82 82 82 82 82 88 89 90 93 100 101 102 93 62 62 78 81 81 79 81 81 101 81 81 81 81 79 81 81 82
Upper bound: 127
Thread work times 187 92 133 89 139 141 112 144 100 149 98 111 88 158 158 152 153 111 130 146 159 159 158 151 159 132 128 164 92 138 160
Upper bound: 126
Thread work times 243 237 240 240 240 224 243 226 235 228 232 247 237 240 238 233 259 224 263 243 231 240 237 236 237 241 252 224 253 240 270
Upper bound: 125
Thread work times 331 336 335 294 313 309 314 318 319 316 319 318 316 318 315 316 321 318 318 319 321 326 323 299 304 316 319 334 332 322 311
Upper bound: 124
Thread work times 431 393 395 400 386 390 430 429 384 399 391 416 402 380 353 388 389 397 397 398 400 426 375 398 415 414 396 375 430 386 395
Upper bound: 123
Thread work times 468 448 414 414 409 403 380 463 424 383 406 399 409 394 412 412 400 413 413 410 414 414 368 468 412 413 403 467 421 416 413
Upper bound: 122
Thread work times 581 420 423 426 426 426 417 428 425 427 428 435 599 431 600 602 430 429 430 430 430 416 584 426 429 431 409 405 412 405 408
Upper bound: 121
Thread work times 772 471 471 471 471 457 467 458 470 775 469 469 470 471 470 471 471 434 470 492 777 456 471 465 470 473 468 465 470 465 776
Upper bound: 120
Thread work times 1040 1038 549 550 556 1037 550 555 555 554 555 556 559 557 560 559 560 560 560 563 574 578 603 1037 556 559 542 559 560 1039 547
Upper bound: 119
Thread work times 1495 727 1495 726 723 724 727 727 728 727 727 726 728 728 727 728 727 728 741 733 728 749 754 1494 727 723 728 742 725 728 716
Upper bound: 118
Thread work times 2477 1087 1134 2476 1092 2472 1096 1074 1097 1098 1087 2476 1080 1096 1097 1095 1124 1087 1095 1096 1095 1096 1108 1103 1139 1095 1123 1097 1095 1088 1096
Upper bound: 117
Thread work times 4639 4638 1813 1828 1818 1827 1825 1817 1827 1827 1808 1886 1828 1812 1806 1820 1865 1938 1828 2014 4636 1825 1852 1885 4636 4636 1822 1828 1827 1808 1828
Upper bound: 116
Thread work times 3360 3343 3354 3359 3358 3357 3358 3359 3359 9286 9286 3353 3355 3360 3360 3340 3393 3360 9284 3355 3359 3408 3359 3360 3373 9286 3357 3359 3358 9283 3359
Upper bound: 115
Thread work times 6067 6068 6062 6076 6116 18777 6073 6072 6057 6062 6558 6074 6075 18791 18791 6213 6608 6162 6069 18793 6070 6077 6163 6070 18793 6059 6071 6086 6067 6071 6070
Upper bound: 114
Thread work times 11287 11243 37927 11712 37932 11245 11662 11244 11242 11287 11660 11247 11359 11336 11275 11244 11302 11287 11325 37931 11295 12729 12677 11339 37933 11307 11251 11277 12664 11306 37932
Upper bound: 113
Thread work times 21097 21077 21089 21067 21095 21079 21087 21093 21074 21076 21078 21093 21079 21079 21068 21080 21081 21081 21080 21096 21067 21079 21080 21082 21075 21089 21079 21070 21081 21077 21088
Solution size 9
(23 -> 1896) (26 -> 921) (69 -> 905) (80 -> 1266) (83 -> 471) (100 -> 1417) (107 -> 1343) (115 -> 3079) (118 -> 2031) 
Nodes:                      187381147
CPU time (ms):              100085
TIMEOUT
