Thread work times 3 0 0 0 0 1 1 1 1 1 1 1 1 1 2 2 2 3 2 1 0 1 0 2 1 1 3 3 2 1 3
Upper bound: 127
Thread work times 0 0 1 0 0 0 0 0 0 0 0 0 0 0 0 0 0 0 0 0 0 0 0 0 0 0 0 2 0 0 0
Upper bound: 126
Thread work times 0 0 2 0 0 0 0 0 0 0 0 0 0 0 0 0 0 0 0 0 0 0 0 0 0 0 0 0 0 0 3
Upper bound: 125
Thread work times 0 3 0 0 0 0 0 0 0 0 0 0 0 0 0 0 0 0 0 0 0 2 0 0 3 0 0 0 0 0 0
Upper bound: 124
Thread work times 0 0 2 0 0 0 0 2 0 0 0 0 0 0 4 0 0 0 0 0 0 0 0 0 0 0 3 0 0 0 0
Upper bound: 123
Thread work times 4 0 0 0 0 0 0 0 0 2 0 1 0 0 0 0 0 0 0 0 0 0 0 2 0 0 0 0 0 0 0
Upper bound: 122
Thread work times 0 0 0 0 0 0 0 0 0 0 0 0 4 0 0 0 0 0 3 0 5 0 0 0 0 4 0 0 0 0 0
Upper bound: 121
Thread work times 6 0 0 0 0 0 3 0 3 0 0 5 0 0 0 4 0 0 0 0 0 0 0 0 0 0 0 0 0 5 0
Upper bound: 120
Thread work times 8 0 0 0 0 0 0 0 0 0 0 0 5 0 0 0 3 0 0 0 0 0 4 0 0 0 0 0 0 0 0
Upper bound: 119
Thread work times 8 0 0 0 0 0 0 7 0 0 0 0 0 0 0 0 0 0 0 0 6 0 0 0 0 0 0 0 7 0 3
Upper bound: 118
Thread work times 0 0 0 0 0 0 0 0 0 0 0 0 0 0 0 0 6 0 0 0 0 0 7 0 0 0 3 0 9 8 0
Upper bound: 117
Thread work times 0 7 0 0 0 0 0 0 0 0 0 0 0 0 0 0 0 0 0 0 0 0 0 0 0 0 0 0 0 10 0
Upper bound: 116
Thread work times 0 11 0 0 0 8 0 0 0 0 0 10 0 0 8 9 0 0 0 0 0 0 0 0 0 0 0 0 0 0 0
Upper bound: 115
Thread work times 0 12 0 0 0 0 0 0 0 0 0 0 10 0 0 11 0 0 0 9 9 0 0 0 0 0 0 0 0 0 0
Upper bound: 114
Thread work times 13 11 10 0 0 0 0 0 0 0 0 12 0 0 0 0 0 0 10 0 0 0 0 0 0 0 0 0 0 0 0
Upper bound: 113
Thread work times 13 0 11 0 0 0 0 0 0 0 0 0 0 0 0 0 0 0 0 12 0 11 0 0 0 0 0 0 2 0 0
Upper bound: 112
Thread work times 21 9 25 9 9 9 9 9 9 10 8 9 10 10 23 10 10 22 10 10 10 10 24 10 10 10 10 10 10 9 10
Upper bound: 111
Thread work times 21 37 20 20 20 35 33 20 21 21 22 21 20 21 21 21 20 20 20 21 21 33 20 20 20 20 21 20 21 20 35
Upper bound: 110
Thread work times 24 76 22 75 23 24 24 24 23 23 23 24 23 73 22 22 73 22 23 23 23 23 23 21 23 22 74 23 22 22 22
Upper bound: 109
Thread work times 151 23 23 25 24 24 147 23 23 23 23 24 23 23 25 24 24 23 24 24 150 148 23 23 23 23 23 149 23 23 24
Upper bound: 108
Thread work times 32 289 33 33 289 33 30 31 32 33 33 33 32 32 30 32 32 32 33 32 33 32 34 33 32 285 31 32 32 290 290
Upper bound: 107
Thread work times 314 36 37 35 311 34 35 36 36 36 35 35 311 36 37 36 36 312 35 36 36 36 37 35 36 36 309 35 35 35 37
Upper bound: 106
Thread work times 511 510 97 97 97 97 97 97 98 97 96 98 97 98 511 96 97 95 97 98 98 98 97 97 512 509 97 97 96 97 97
Upper bound: 105
Thread work times 1431 260 259 1430 259 259 1430 259 260 260 259 258 259 259 259 259 258 1429 259 258 259 259 260 259 259 260 257 260 259 259 1428
Upper bound: 104
Thread work times 4471 571 568 570 566 4472 567 569 570 570 567 568 568 570 571 568 568 569 571 4472 570 4470 570 569 4470 568 568 568 568 570 569
Upper bound: 103
Thread work times 11981 1126 11980 1134 1139 1136 1135 1129 1137 1135 1135 1138 1136 1134 1137 1137 11977 1138 11979 1135 1139 1138 1136 1137 1136 1134 1139 1135 11979 1138 1132
Upper bound: 102
Thread work times 31869 2455 2453 2441 2444 2433 2447 2445 31866 2442 2452 2452 2453 2448 2446 2442 2453 2454 2440 2456 2448 2451 2452 2454 31868 31866 2440 2451 31868 2445 2453
Upper bound: 101
Thread work times 4996 5003 4988 4990 4991 4991 4993 4994 4994 4997 4998 48669 4999 4999 5001 48674 4993 48676 48675 4980 5002 48676 4983 4991 4994 4995 4981 4994 5002 4995 4988
Solution size 7
(36 -> 359) (37 -> 18) (40 -> 436) (46 -> 33) (59 -> 456) (76 -> 415) (77 -> 233) 
Nodes:                      306077872
CPU time (ms):              100003
TIMEOUT
