Thread work times 0 0 0 0 0 0 0 0 0 0 0 0 0 0 0 0 0 0 0 0 0 0 0 0 0 0 0 0 0 0 0
Upper bound: 127
Thread work times 0 0 0 0 0 0 0 0 0 0 0 0 0 0 0 0 0 0 0 0 0 0 0 0 0 0 0 0 0 0 0
Upper bound: 126
Thread work times 0 0 0 0 0 0 0 0 0 0 0 0 0 0 0 0 0 0 0 0 0 0 0 0 0 0 0 0 0 0 0
Upper bound: 125
Thread work times 0 1 1 0 0 1 1 0 1 0 1 0 1 0 0 0 1 0 1 0 0 1 1 1 1 0 0 0 0 1 1
Upper bound: 124
Thread work times 1 3 0 0 0 2 0 0 0 1 2 1 0 2 0 1 0 2 3 0 0 0 1 2 2 1 1 1 0 0 1
Upper bound: 123
Thread work times 5 0 0 0 0 5 0 5 2 4 3 0 0 5 4 6 6 0 4 4 5 12 1 0 9 0 4 2 0 4 0
Upper bound: 122
Thread work times 40 38 15 13 11 1 8 7 0 13 4 7 5 9 7 6 9 6 0 2 13 12 7 5 9 8 5 14 0 0 1
Upper bound: 121
Thread work times 13 21 110 13 5 15 39 33 11 14 8 23 24 18 22 12 1 23 27 8 1 29 7 25 33 7 23 107 0 19 13
Upper bound: 120
Thread work times 51 304 95 61 39 301 35 2 33 24 2 32 33 18 3 19 18 48 51 8 53 58 9 23 37 46 50 47 42 59 26
Upper bound: 119
Thread work times 122 141 73 93 31 84 52 64 55 42 82 17 26 16 57 92 89 83 25 72 3 71 26 95 65 100 105 105 704 115 705
Upper bound: 118
Thread work times 218 154 122 54 105 73 115 122 170 227 164 188 130 216 84 1510 167 68 39 52 117 141 179 1508 134 105 162 176 107 259 117
Upper bound: 117
Thread work times 211 2987 499 305 203 91 77 134 108 224 166 321 261 324 344 227 199 130 2988 291 429 199 270 199 132 89 277 409 335 235 193
Upper bound: 116
Thread work times 5790 471 279 343 340 424 247 203 298 279 211 288 424 205 315 540 462 412 538 543 553 588 227 5788 661 774 408 308 415 665 669
Upper bound: 115
Thread work times 459 360 724 930 703 884 350 366 10673 960 917 1058 703 608 267 515 808 696 677 806 667 841 577 230 881 1026 10672 1318 579 996 947
Upper bound: 114
Thread work times 19959 2012 1602 768 730 608 832 987 1001 1012 1551 1184 1338 1613 1489 19960 2161 1532 499 972 1001 1130 1903 1514 999 945 1603 1815 678 462 1240
Upper bound: 113
Thread work times 33946 1961 2337 1547 1680 1738 1948 1074 943 1586 2416 2734 33945 3159 2571 2703 1316 1540 1303 2044 2114 2147 2471 2586 3420 2981 1089 848 2050 2826 1569
Upper bound: 112
Thread work times 4316 3451 4709 5680 4530 2808 2120 3248 1728 23653 2914 1270 3040 3028 2373 2651 3963 3967 23653 4155 3961 2360 3332 2567 3098 3324 5316 4979 4239 2001 3414
Solution size 9
(1 -> 23) (13 -> 20) (24 -> 8) (26 -> 18) (44 -> 2) (55 -> 90) (91 -> 15) (112 -> 17) (115 -> 161) 
Nodes:                      275679806
CPU time (ms):              100001
TIMEOUT
