Thread work times 0 0 0 0 0 0 0 0 0 0 0 0 0 0 0 0 0 0 0 0 0 0 0 0 0 0 0 0 0 0 0
Upper bound: 127
Thread work times 0 0 0 0 0 0 0 0 0 0 0 0 0 0 0 0 0 0 0 0 0 0 0 0 0 0 0 0 0 0 0
Upper bound: 126
Thread work times 0 0 0 0 0 0 0 0 0 0 0 0 0 0 0 0 0 0 0 0 0 0 0 0 0 0 0 0 0 0 0
Upper bound: 125
Thread work times 29 15 15 15 15 16 16 16 16 16 16 17 16 17 18 19 19 23 24 18 27 28 20 15 13 15 27 18 17 13 28
Upper bound: 124
Thread work times 35 22 10 18 18 18 12 0 16 31 17 29 11 30 31 31 22 14 18 28 0 30 21 22 30 18 10 15 15 16 15
Upper bound: 123
Thread work times 25 0 45 10 21 19 37 21 35 23 25 25 15 29 29 31 43 45 20 20 47 40 25 32 48 31 15 25 17 20 41
Upper bound: 122
Thread work times 48 55 38 29 47 31 40 47 22 47 28 35 45 47 45 47 35 40 31 40 35 40 31 45 32 47 55 45 47 58 32
Upper bound: 121
Thread work times 79 58 70 61 61 63 75 73 81 71 63 73 63 63 73 75 75 79 79 79 71 77 75 79 70 61 79 71 77 75 71
Upper bound: 120
Thread work times 57 30 48 63 60 67 57 40 57 40 62 60 63 45 62 47 60 60 61 56 45 42 45 45 55 74 52 63 55 63 48
Upper bound: 119
Thread work times 32 95 94 81 61 67 59 67 39 47 59 60 60 60 58 45 72 46 60 53 54 68 60 82 71 49 72 72 54 54 95
Upper bound: 118
Thread work times 70 107 71 48 105 70 70 60 63 60 55 64 63 64 57 48 64 56 63 64 70 64 102 60 70 60 94 60 73 103 63
Upper bound: 117
Thread work times 119 54 42 56 58 70 60 72 55 73 60 63 43 63 60 108 47 60 63 108 60 63 60 60 48 104 56 45 63 63 73
Upper bound: 116
Thread work times 130 80 79 138 123 72 62 60 71 58 69 63 63 63 63 73 70 68 74 74 75 79 76 46 72 79 76 63 71 75 70
Upper bound: 115
Thread work times 62 64 48 150 63 60 67 57 58 55 60 58 63 63 60 61 60 63 60 60 140 60 152 63 47 55 48 73 60 73 141
Upper bound: 114
Thread work times 60 41 60 63 164 153 63 63 163 61 63 63 60 59 47 45 63 64 61 45 68 61 49 63 61 165 154 71 67 63 57
Upper bound: 113
Thread work times 66 189 46 63 46 70 64 72 73 74 64 75 78 75 79 75 60 61 75 79 75 186 186 74 79 79 188 74 66 78 69
Upper bound: 112
Thread work times 214 79 79 77 212 77 214 78 211 80 79 78 79 79 80 65 79 78 78 80 78 78 79 80 77 70 68 212 79 65 79
Upper bound: 111
Thread work times 245 60 80 81 79 81 80 76 79 242 70 80 80 80 243 81 81 80 80 78 80 80 80 62 80 62 80 80 81 81 75
Upper bound: 110
Thread work times 88 77 287 86 284 285 88 88 88 87 88 88 74 88 88 88 88 87 87 89 88 88 88 88 87 90 85 74 286 88 288
Upper bound: 109
Thread work times 347 96 96 94 95 96 94 96 96 79 95 96 95 95 95 96 95 95 96 95 96 95 96 95 95 96 96 96 347 96 348
Upper bound: 108
Thread work times 108 109 109 109 109 449 109 109 108 110 109 110 109 109 109 107 109 110 109 109 109 109 447 109 448 109 111 450 110 109 109
Upper bound: 107
Thread work times 616 126 127 614 126 126 126 124 127 126 126 126 126 127 126 126 126 125 126 126 126 127 126 126 126 126 123 125 126 127 126
Upper bound: 106
Thread work times 878 151 151 151 151 151 151 151 152 151 150 151 152 151 151 151 151 150 153 151 151 149 151 148 151 151 151 150 151 150 151
Upper bound: 105
Thread work times 196 197 194 197 196 1273 197 197 193 196 192 196 196 1273 196 196 1275 1275 193 197 196 196 192 194 196 196 197 196 1273 196 196
Upper bound: 104
Thread work times 1877 259 263 262 263 1877 262 262 262 262 263 263 262 265 263 263 1875 263 1877 262 262 262 262 262 262 262 263 262 263 263 1877
Upper bound: 103
Thread work times 6164 6167 6168 6167 6154 8499 6163 6168 6171 6175 6169 6172 6172 6172 6172 6176 6178 6178 8497 8493 6178 6157 6178 6165 6159 6180 6174 6173 6176 6166 8500
Upper bound: 102
Thread work times 15521 11890 11875 11884 11901 11906 11907 11908 11907 11910 11911 11916 11910 11918 11922 15521 15519 11917 11895 11919 11890 15516 11891 11878 11894 11897 11904 11906 11885 11918 11907
Upper bound: 101
Thread work times 68436 18005 18008 18015 68434 18015 18020 18022 18028 18036 18039 18040 18045 68435 18001 18006 17996 18008 18001 18024 18037 18042 18051 68433 18007 68432 18026 18045 18004 18003 18037
Solution size 7
(28 -> 1421) (45 -> 67) (46 -> 1498) (59 -> 206) (61 -> 1871) (74 -> 1665) (82 -> 446) 
Nodes:                      129262357
CPU time (ms):              100015
TIMEOUT
