Thread work times 37 13 17 18 18 18 19 18 20 24 24 24 20 25 25 30 31 31 25 32 32 32 33 33 34 34 13 13 31 20 13
Upper bound: 127
Thread work times 42 13 13 29 16 16 0 28 31 35 18 18 31 18 18 19 15 29 16 34 36 36 36 37 37 25 13 19 19 13 35
Upper bound: 126
Thread work times 57 36 54 54 45 54 36 56 56 56 36 29 54 31 34 36 36 49 37 36 39 37 54 49 37 36 56 42 29 34 47
Upper bound: 125
Thread work times 78 75 73 50 51 51 64 38 53 66 67 56 70 54 69 72 57 72 65 72 57 54 48 52 48 64 54 67 56 75 75
Upper bound: 124
Thread work times 72 68 66 54 79 68 69 66 73 76 74 87 76 72 75 66 57 84 86 73 65 90 70 75 85 58 75 72 71 80 61
Upper bound: 123
Thread work times 85 72 54 53 40 68 66 56 58 72 73 69 84 74 84 75 59 68 76 65 92 67 66 90 65 69 90 94 90 94 99
Upper bound: 122
Thread work times 111 68 74 72 75 75 72 75 109 72 72 72 75 75 57 67 82 74 66 62 76 108 98 66 72 75 75 72 85 76 85
Upper bound: 121
Thread work times 125 72 72 57 68 78 56 77 57 105 110 112 54 72 72 75 75 75 78 68 75 66 56 54 66 83 72 84 75 75 125
Upper bound: 120
Thread work times 149 89 65 77 145 88 61 49 133 73 84 58 58 66 68 66 90 90 74 94 94 90 94 66 136 35 73 53 62 82 71
Upper bound: 119
Thread work times 165 150 71 64 54 67 56 56 54 79 57 67 64 79 75 76 58 59 66 72 49 151 164 75 80 57 57 72 68 72 75
Upper bound: 118
Thread work times 182 75 81 73 54 68 75 165 67 164 45 54 56 72 72 72 65 72 62 71 75 69 57 76 54 179 74 72 72 74 58
Upper bound: 117
Thread work times 310 170 180 308 183 309 287 167 183 182 166 166 163 180 181 179 181 169 166 177 170 182 169 182 183 294 173 179 180 181 178
Upper bound: 116
Thread work times 462 312 449 310 298 298 461 310 300 298 299 298 299 299 311 311 296 312 312 311 311 311 310 310 461 300 310 311 296 312 312
Upper bound: 115
Thread work times 934 766 768 754 755 768 768 768 766 769 769 769 768 768 768 758 767 767 767 754 921 768 764 757 768 766 755 769 920 931 757
Upper bound: 114
Thread work times 3384 1712 1704 1717 1705 1718 1700 1718 1719 1707 1718 1719 1706 1707 1708 1720 3371 3370 1715 3382 1703 1703 1716 1717 1718 1700 1707 1707 1702 3346 1705
Upper bound: 113
Thread work times 13385 13389 6779 6780 6776 6766 6776 6782 6776 6774 6775 6777 6778 13388 6769 13388 6766 6772 6772 6773 6773 6773 6776 6766 6777 6772 6769 6780 6769 6769 6779
Upper bound: 112
Thread work times 47800 28282 28264 28274 28274 28282 28287 28295 47774 28276 28258 47801 28260 28274 28263 28246 28289 28271 28288 47804 28270 28279 28274 47791 28281 28274 28244 28279 28292 28284 28285
Upper bound: 111
Thread work times 32534 32533 32534 32534 32533 32533 32534 32530 32534 32533 32533 32533 32533 32533 32534 32532 32533 32534 32533 32514 32534 32519 32534 32533 32533 32523 32523 32534 32533 32531 32533
Solution size 5
(3 -> 424) (8 -> 589) (28 -> 32) (73 -> 196) (111 -> 325) 
Nodes:                      514189157
CPU time (ms):              100010
TIMEOUT
