Thread work times 0 0 0 0 0 0 0 0 0 0 0 0 0 0 0 0 0 0 0 0 0 0 0 0 0 0 0 0 0 0 0
Upper bound: 127
Thread work times 0 1 0 0 0 0 0 0 0 0 0 0 0 0 0 0 0 0 0 0 0 0 0 1 0 0 0 0 0 0 0
Upper bound: 126
Thread work times 0 0 0 1 0 0 0 1 0 0 0 0 0 0 0 1 0 1 0 0 0 0 0 1 0 1 0 0 1 0 2
Upper bound: 125
Thread work times 1 2 2 1 0 0 3 1 2 0 0 1 2 3 3 0 1 1 2 1 0 3 1 0 1 1 1 1 2 2 1
Upper bound: 124
Thread work times 3 3 1 1 2 5 0 1 5 3 0 4 5 2 4 4 3 3 1 2 1 0 2 1 0 2 3 1 2 5 3
Upper bound: 123
Thread work times 8 5 3 4 4 3 4 5 7 7 4 3 6 2 5 3 4 6 4 3 6 3 4 4 4 6 4 6 5 4 3
Upper bound: 122
Thread work times 8 9 13 10 13 7 12 8 15 10 10 12 13 8 8 14 11 10 12 11 12 17 10 9 13 12 7 9 3 8 12
Upper bound: 121
Thread work times 42 44 29 32 30 30 36 35 26 35 33 31 33 27 31 30 32 39 42 30 30 36 33 42 35 30 30 35 31 32 32
Upper bound: 120
Thread work times 106 76 78 79 76 73 76 102 68 74 70 71 72 79 72 75 72 75 72 102 77 75 72 75 76 77 73 98 72 93 73
Upper bound: 119
Thread work times 1331 1225 1234 1231 1234 1237 1229 1234 1228 1231 1329 1224 1230 1246 1227 1225 1235 1235 1230 1232 1253 1221 1221 1222 1237 1216 1234 1222 1229 1224 1222
Upper bound: 118
Thread work times 10574 9579 9570 9579 10627 9587 10574 10633 9563 10632 9599 9585 9601 9564 9577 10568 9594 10583 10564 9580 9566 9582 9587 9576 10065 9603 9566 9564 10408 9581 10635
Upper bound: 117
Thread work times 53689 51172 51235 53727 52380 51237 51256 51177 51160 51334 51271 51256 51329 51280 51324 51381 51296 51333 51419 52031 51358 51232 51307 51318 51477 51342 52375 51336 51282 53706 53806
Upper bound: 116
Thread work times 34019 34016 34018 34015 34019 34015 34016 34019 34017 34017 34016 34013 34016 34019 34019 34016 34015 34012 34019 34017 34018 34019 34019 34018 34019 34019 34019 34019 34018 34013 34014
Solution size 16
(2 -> 41) (3 -> 8) (8 -> 17) (10 -> 16) (17 -> 3) (20 -> 20) (25 -> 25) (28 -> 76) (41 -> 10) (48 -> 58) (53 -> 53) (58 -> 84) (76 -> 14) (80 -> 62) (103 -> 103) (123 -> 48) 
Nodes:                      3973825695
CPU time (ms):              100001
TIMEOUT
