Thread work times 6 2 2 3 2 3 3 3 3 3 3 3 3 3 3 5 5 5 5 5 5 5 5 6 6 6 6 6 2 2 3
Upper bound: 127
Thread work times 6 3 3 3 3 0 3 3 3 1 2 2 3 0 5 3 0 5 3 2 2 3 2 3 5 3 3 2 3 5 0
Upper bound: 126
Thread work times 7 2 0 2 2 2 4 2 3 5 7 6 6 6 0 6 6 6 6 5 0 9 6 9 8 8 9 6 6 9 0
Upper bound: 125
Thread work times 4 10 4 12 4 8 12 5 12 8 12 10 0 6 6 2 12 8 12 2 12 4 8 7 2 0 8 8 12 8 5
Upper bound: 124
Thread work times 13 6 12 6 5 5 5 8 8 12 9 9 12 9 12 14 9 12 14 12 12 15 2 8 7 15 5 12 10 3 6
Upper bound: 123
Thread work times 15 12 11 12 12 11 11 9 11 9 11 11 9 9 12 11 11 9 9 12 12 9 9 9 9 11 9 7 9 8 6
Upper bound: 122
Thread work times 13 17 9 0 9 4 6 7 9 12 0 7 3 8 9 9 12 9 12 17 12 5 6 12 9 12 6 12 9 0 12
Upper bound: 121
Thread work times 8 20 12 12 9 12 17 4 9 3 9 9 9 9 11 12 12 11 10 12 9 20 19 6 8 12 3 9 12 9 9
Upper bound: 120
Thread work times 24 11 11 6 13 11 26 15 0 11 11 10 10 15 13 13 11 15 15 15 15 26 23 15 23 11 11 15 13 15 15
Upper bound: 119
Thread work times 26 9 3 12 25 12 24 12 12 10 13 13 12 12 12 12 12 12 12 14 12 9 12 12 0 26 12 12 14 12 12
Upper bound: 118
Thread work times 27 27 3 12 10 9 9 9 11 25 11 9 11 9 5 11 12 3 10 2 10 9 11 11 9 4 26 6 9 11 9
Upper bound: 117
Thread work times 32 11 9 11 11 27 11 3 27 12 12 12 12 12 7 11 6 8 8 8 8 8 9 12 9 6 2 9 22 6 12
Upper bound: 116
Thread work times 35 0 13 4 11 33 9 12 29 33 11 11 9 9 9 9 12 9 12 12 12 6 12 9 10 9 9 11 12 33 12
Upper bound: 115
Thread work times 37 12 12 10 12 10 8 6 13 11 12 12 12 12 12 12 12 14 14 14 14 13 12 14 12 12 12 9 12 12 38
Upper bound: 114
Thread work times 9 43 9 6 9 12 3 9 5 12 8 35 7 11 9 4 11 12 4 9 6 41 9 4 12 7 41 41 12 1 6
Upper bound: 113
Thread work times 10 12 12 9 44 45 43 6 12 12 0 12 12 0 43 11 12 10 46 11 0 12 0 3 12 6 12 12 12 4 12
Upper bound: 112
Thread work times 12 49 12 10 44 12 12 9 12 12 12 12 13 15 13 15 13 47 12 48 14 12 16 12 12 12 12 12 12 0 10
Upper bound: 111
Thread work times 58 29 29 17 28 26 18 28 43 16 16 17 16 28 32 17 18 19 15 33 29 33 16 17 29 29 17 31 28 17 30
Upper bound: 110
Thread work times 1045 1075 1084 1174 1240 1171 1074 1205 1461 1283 1156 1374 1285 1046 1090 1202 1375 1230 1283 1237 1052 1287 1054 1524 1156 1228 1372 1376 1482 1178 1534
Upper bound: 109
Thread work times 10462 9688 7725 9066 7810 7985 9825 9822 7750 7864 9449 7907 8334 7837 10216 7799 10331 9959 9794 7819 9409 7818 10210 7835 7750 7595 9414 8165 7506 8440 9789
Upper bound: 108
Thread work times 49962 27587 35995 29921 39864 31224 32373 34429 31928 26240 28915 31005 36750 32865 33830 26843 27850 44525 27026 42630 47323 27867 33229 33031 29002 29863 33234 30932 32381 29230 36327
Upper bound: 107
Thread work times 37521 37521 37516 37518 37521 37514 37517 37516 37517 37515 37517 37512 37516 37514 37516 37517 37518 37518 37513 37515 37515 37516 37517 37519 37519 37516 37515 37518 37504 37512 37510
Solution size 9
(3 -> 731) (16 -> 291) (25 -> 637) (33 -> 349) (47 -> 61) (49 -> 417) (62 -> 276) (64 -> 286) (103 -> 747) 
Nodes:                      445657578
CPU time (ms):              100009
TIMEOUT
