Thread work times 76 74 81 77 74 72 73 74 79 77 74 76 78 75 74 75 76 72 78 72 77 73 75 74 78 75 77 78 73 73 77
Upper bound: 127
Thread work times 371 361 361 359 370 362 361 366 364 361 363 365 361 364 354 367 363 362 365 362 361 367 365 363 365 361 359 365 363 366 358
Upper bound: 126
Thread work times 870 855 866 864 864 860 862 856 857 864 865 864 856 862 857 862 862 863 860 861 860 864 854 862 863 865 865 864 862 862 865
Upper bound: 125
Thread work times 1623 1627 1619 1609 1613 1621 1621 1620 1618 1618 1617 1619 1616 1617 1621 1617 1619 1613 1622 1618 1620 1622 1615 1620 1616 1619 1620 1619 1620 1620 1617
Upper bound: 124
Thread work times 2871 2864 2873 2848 2840 2839 2849 2837 2837 2846 2846 2848 2845 2847 2838 2835 2846 2842 2838 2846 2848 2870 2834 2842 2862 2865 2868 2831 2849 2848 2844
Upper bound: 123
Thread work times 4752 6035 4752 4752 4761 4761 4764 4792 4797 4802 4752 4755 6035 6029 4751 4752 4751 4751 4752 6029 4750 4751 4786 4753 4767 4757 4751 4750 4752 4753 4829
Upper bound: 122
Thread work times 12574 7585 7639 7488 7476 7477 7490 7516 7549 12584 7477 7486 7488 7490 7482 7481 7497 7566 7496 12582 12575 7481 7714 7488 7489 7490 7513 7582 12581 7488 7487
Upper bound: 121
Thread work times 23511 11109 11076 11074 23509 11072 11168 11215 11233 11317 11071 11231 23506 11073 11074 11070 23506 11141 11073 11062 11076 11230 11566 23503 11070 11072 11191 11074 11068 11205 11071
Upper bound: 120
Thread work times 15708 15705 15701 42880 16132 16184 15709 15706 15764 15707 15786 15864 15902 15823 15994 16018 42885 42888 15731 42883 42884 15708 15822 15898 15943 16091 16134 15813 15706 15908 15718
Upper bound: 119
Thread work times 9133 9132 9124 9131 9130 9129 9132 9131 9132 9130 9131 9131 9129 9133 9133 9131 9132 9132 9130 9130 9132 9130 9132 9132 9132 9132 9130 9132 9131 9130 9130
Solution size 5
(3 -> 371) (7 -> 40) (37 -> 486) (44 -> 36) (57 -> 33) 
Nodes:                      691912542
CPU time (ms):              100003
TIMEOUT
