Thread work times 128 72 93 94 92 94 94 94 95 97 100 103 103 107 110 112 102 114 120 115 112 110 72 124 121 72 115 72 112 94 127
Upper bound: 127
Thread work times 162 217 200 171 186 187 187 187 187 184 187 187 188 184 186 179 183 201 208 201 217 219 204 183 188 186 199 159 186 187 192
Upper bound: 126
Thread work times 306 282 283 283 282 283 282 282 281 283 283 282 284 282 284 284 284 285 276 277 287 296 283 282 287 298 282 282 305 294 278
Upper bound: 125
Thread work times 380 379 380 381 380 369 379 412 413 367 375 377 377 377 378 368 379 379 380 380 372 405 344 377 378 400 379 381 414 405 378
Upper bound: 124
Thread work times 498 497 452 453 455 477 485 482 493 462 455 461 469 472 470 463 474 472 477 479 481 476 496 497 471 479 461 465 461 486 472
Upper bound: 123
Thread work times 472 581 581 475 494 494 493 494 489 492 493 492 494 495 493 495 494 496 497 494 496 495 496 495 495 497 496 488 583 496 580
Upper bound: 122
Thread work times 719 717 513 716 515 519 520 520 522 521 521 524 524 525 526 526 525 526 527 526 526 526 527 527 526 526 527 508 509 514 718
Upper bound: 121
Thread work times 578 910 913 586 573 569 574 570 579 578 581 582 586 589 589 582 580 605 567 568 912 577 914 589 581 585 590 910 580 585 588
Upper bound: 120
Thread work times 1556 1561 2027 1549 1734 1580 1562 1545 1609 1551 1550 1549 1559 1551 1563 1572 1562 1560 1553 1699 1621 1550 1561 1667 1556 1612 2028 1545 1545 1552 1597
Upper bound: 119
Thread work times 19042 19039 19103 19696 19181 19465 19197 19102 19183 19091 19246 19042 19048 19067 19345 19225 19123 19100 19032 19155 22717 20052 19816 20136 19227 23106 19204 20143 20319 19061 19133
Upper bound: 118
Thread work times 71122 71034 71125 71032 71032 71031 71033 71033 71034 71033 71032 71044 71089 71031 71037 71110 71113 71079 71125 71049 71110 71032 71114 71094 71032 71045 71032 71078 71032 71081 71125
Solution size 11
(3 -> 926) (8 -> 509) (16 -> 846) (17 -> 3114) (20 -> 872) (25 -> 1409) (49 -> 4589) (62 -> 437) (103 -> 429) (111 -> 2894) (123 -> 3090) 
Nodes:                      373438455
CPU time (ms):              100190
TIMEOUT
