Thread work times 1 0 0 0 1 0 0 0 0 0 0 0 0 0 0 0 0 0 0 0 0 0 0 0 0 0 0 0 0 0 0
Upper bound: 29
Thread work times 1 0 2 1 1 1 0 0 0 0 0 0 0 1 0 0 0 0 0 0 3 0 2 0 2 1 2 0 0 2 0
Upper bound: 28
Thread work times 2 6 4 2 1 4 1 1 2 3 1 1 3 5 0 4 5 3 2 1 3 1 5 1 3 2 2 2 2 2 4
Upper bound: 27
Thread work times 4 3 3 6 7 3 1 6 3 3 5 3 4 4 1 5 3 6 4 5 5 2 6 3 4 5 8 3 2 4 6
Upper bound: 26
Thread work times 8 10 7 7 7 6 6 7 6 5 7 6 6 5 6 5 5 8 3 9 2 5 5 7 8 7 7 2 10 9 6
Upper bound: 25
Thread work times 15 14 14 13 21 8 14 13 17 14 12 8 13 13 15 9 13 17 6 11 18 13 14 13 10 16 12 10 14 10 17
Upper bound: 24
Thread work times 60 56 38 57 55 34 40 42 50 44 46 39 35 35 44 48 39 56 51 34 59 41 56 40 33 38 32 34 42 52 35
Upper bound: 23
Thread work times 299 182 164 184 200 166 165 174 298 166 168 236 170 170 172 296 163 202 277 182 298 179 173 191 173 171 180 185 190 165 212
Upper bound: 22
Thread work times 1624 1699 1849 1872 1663 1810 1688 1507 1534 1655 1680 1594 2337 1555 1608 1645 1569 2336 2337 1569 1507 1516 2173 1498 1816 1609 1502 1737 1510 1817 1634
Upper bound: 21
Thread work times 0 0 0 0 0 0 0 0 0 0 0 0 0 0 0 0 0 0 0 0 0 0 0 0 0 0 0 0 0 0 0
Solution size 21
(1 -> 6) (3 -> 16) (5 -> 0) (7 -> 13) (10 -> 21) (11 -> 43) (12 -> 41) (13 -> 15) (14 -> 36) (15 -> 3) (16 -> 31) (17 -> 2) (19 -> 42) (20 -> 34) (22 -> 32) (23 -> 10) (24 -> 30) (25 -> 45) (26 -> 17) (27 -> 12) (29 -> 4) 
Nodes:                      137262178
CPU time (ms):              2762
