Thread work times 2 2 2 2 3 3 2 3 4 3 4 3 3 4 5 4 5 5 5 3 3 5 4 4 2 2 5 5 6 4 5
Upper bound: 48
Thread work times 2 2 2 4 4 2 5 0 5 5 5 5 1 5 2 3 2 4 4 2 2 2 7 3 0 0 2 2 2 2 5
Upper bound: 47
Thread work times 8 6 4 0 0 0 4 6 6 6 6 0 6 0 6 6 6 6 0 6 6 6 0 6 8 2 7 0 6 6 0
Upper bound: 46
Thread work times 11 8 11 4 8 2 3 8 0 0 8 8 0 10 7 7 6 5 8 8 11 8 8 8 6 11 8 0 9 8 9
Upper bound: 45
Thread work times 16 11 10 17 16 12 11 13 14 12 13 13 14 15 10 13 11 13 10 12 12 12 18 14 11 12 15 14 13 14 13
Upper bound: 44
Thread work times 40 39 40 39 42 40 39 40 43 45 38 39 39 39 41 40 38 40 40 40 39 39 39 38 39 45 42 39 36 39 38
Upper bound: 43
Thread work times 69 81 70 66 79 69 75 70 71 69 72 77 68 70 70 71 69 68 77 71 73 71 71 68 70 71 70 68 72 70 70
Upper bound: 42
Thread work times 1244 1256 1250 1262 1248 1242 1245 1248 1249 1246 1249 1248 1246 1247 1247 1251 1248 1248 1240 1251 1249 1251 1248 1244 1258 1244 1243 1248 1260 1250 1263
Upper bound: 41
Thread work times 5026 5025 5021 5018 5022 5018 5012 5024 5027 5016 5022 5056 5034 5024 5058 5014 5044 5044 5030 5048 5056 5058 5003 5024 5038 5023 5023 5025 5004 5026 5026
Upper bound: 40
Thread work times 24633 23491 24632 23477 23525 23589 23518 23531 23533 23509 23524 23536 23541 23533 23504 23532 23534 23513 23459 24629 23524 23513 23461 23518 23590 23445 23497 23590 24628 23526 23490
Upper bound: 39
Thread work times 68849 68788 68848 68842 68843 68822 68843 68843 68844 68832 68824 68842 68845 68842 68845 68768 68828 68800 68842 68834 68841 68845 68808 68845 68794 68747 68844 68847 68847 68843 68759
Solution size 12
(1 -> 315) (3 -> 313) (5 -> 312) (7 -> 327) (8 -> 328) (10 -> 317) (14 -> 304) (16 -> 311) (18 -> 329) (45 -> 316) (47 -> 326) (48 -> 314) 
Nodes:                      969417856
CPU time (ms):              100006
TIMEOUT
