Thread work times 4 1 2 2 2 2 2 2 2 2 2 2 2 3 3 3 3 3 3 3 3 4 1 1 1 2 3 1 4 3 3
Upper bound: 128
Thread work times 4 2 2 2 2 0 0 4 4 4 3 4 4 0 0 4 4 4 4 0 0 4 2 4 2 4 4 4 4 4 0
Upper bound: 127
Thread work times 3 3 3 5 0 3 3 3 0 6 0 0 0 0 6 6 0 4 0 6 6 6 6 6 6 6 3 6 6 6 7
Upper bound: 126
Thread work times 9 8 10 7 4 8 8 6 8 8 4 9 8 3 8 8 0 5 6 6 0 8 8 7 8 8 6 6 7 0 8
Upper bound: 125
Thread work times 14 13 11 11 12 11 10 11 8 9 11 11 12 11 11 12 10 10 11 9 11 11 11 11 12 12 10 10 12 12 11
Upper bound: 124
Thread work times 35 31 33 29 30 31 30 32 30 30 34 30 30 30 29 31 30 31 31 31 31 30 31 31 30 31 28 31 31 28 31
Upper bound: 123
Thread work times 67 74 66 66 72 71 67 65 66 66 66 66 66 66 67 67 67 66 67 72 67 66 67 67 66 65 66 67 65 67 67
Upper bound: 122
Thread work times 140 123 122 123 123 123 123 123 122 123 121 123 123 123 140 122 124 122 122 122 123 119 138 123 122 122 125 137 122 124 138
Upper bound: 121
Thread work times 1250 1247 1305 1249 1250 1251 1250 1250 1252 1250 1313 1251 1249 1250 1261 1257 1249 1250 1247 1250 1257 1250 1254 1248 1253 1250 1312 1250 1302 1247 1315
Upper bound: 120
Thread work times 6960 6963 6965 6965 6966 6970 7212 7211 6979 6982 6976 6975 6962 7216 6970 6972 6975 6976 6977 6979 6986 6987 6984 6984 6994 6992 7008 7216 6989 6970 7218
Upper bound: 119
Thread work times 74378 74373 42252 42266 42133 74372 42147 42276 42284 42324 42232 42303 42323 42336 42262 42151 42261 42245 42242 42133 74378 42248 42311 42197 42245 42247 42360 74374 42231 42359 42169
Upper bound: 118
Thread work times 16780 16778 16778 16779 16774 16758 16766 16779 16779 16779 16770 16770 16766 16779 16779 16778 16744 16777 16777 16777 16766 16778 16778 16778 16756 16777 16778 16778 16777 16778 16779
Solution size 14
(0 -> 471) (2 -> 472) (3 -> 506) (4 -> 510) (5 -> 511) (6 -> 495) (8 -> 494) (13 -> 484) (15 -> 464) (16 -> 465) (18 -> 456) (22 -> 485) (24 -> 449) (25 -> 448) 
Nodes:                      735659779
CPU time (ms):              100005
TIMEOUT
