Incumbent size: 1
Incumbent size: 2
Incumbent size: 3
Incumbent size: 4
Incumbent size: 5
Incumbent size: 6
Incumbent size: 7
Incumbent size: 8
Incumbent size: 9
Incumbent size: 10
Incumbent size: 11
Incumbent size: 12
Incumbent size: 13
Incumbent size: 14
Incumbent size: 15
Incumbent size: 16
Incumbent size: 17
Incumbent size: 18
Incumbent size: 19
Incumbent size: 20
Incumbent size: 21
Incumbent size: 22
Incumbent size: 23
Incumbent size: 24
Incumbent size: 25
Incumbent size: 26
Incumbent size: 27
Incumbent size: 28
Incumbent size: 29
Solution size 29
(0 -> 18) (5 -> 70) (6 -> 51) (10 -> 31) (16 -> 6) (21 -> 64) (22 -> 89) (23 -> 28) (25 -> 48) (26 -> 20) (30 -> 23) (32 -> 77) (46 -> 82) (48 -> 66) (50 -> 7) (54 -> 57) (58 -> 14) (59 -> 16) (61 -> 30) (70 -> 69) (72 -> 63) (73 -> 42) (75 -> 58) (79 -> 68) (80 -> 1) (81 -> 52) (82 -> 81) (86 -> 19) (89 -> 39) 
Nodes:                      376078520
CPU time (ms):              100000
TIMEOUT
