Incumbent size: 1
Incumbent size: 2
Incumbent size: 3
Incumbent size: 4
Incumbent size: 5
Incumbent size: 6
Incumbent size: 7
Incumbent size: 8
Incumbent size: 9
Incumbent size: 10
Incumbent size: 11
Incumbent size: 12
Incumbent size: 13
Incumbent size: 14
Incumbent size: 15
Incumbent size: 16
Incumbent size: 17
Incumbent size: 18
Incumbent size: 19
Incumbent size: 20
Incumbent size: 21
Incumbent size: 22
Incumbent size: 23
Incumbent size: 24
Incumbent size: 25
Incumbent size: 26
Incumbent size: 27
Incumbent size: 28
Incumbent size: 29
Incumbent size: 30
Incumbent size: 31
Incumbent size: 32
Incumbent size: 33
Solution size 33
(0 -> 12) (1 -> 38) (2 -> 23) (8 -> 81) (11 -> 85) (14 -> 70) (17 -> 71) (22 -> 56) (24 -> 30) (27 -> 53) (28 -> 10) (31 -> 51) (35 -> 84) (41 -> 65) (42 -> 24) (45 -> 78) (46 -> 82) (59 -> 83) (61 -> 5) (64 -> 43) (66 -> 7) (67 -> 16) (70 -> 29) (71 -> 39) (72 -> 89) (74 -> 75) (78 -> 35) (80 -> 77) (82 -> 42) (83 -> 0) (85 -> 32) (87 -> 13) (88 -> 68) 
Nodes:                      333245256
CPU time (ms):              100000
TIMEOUT
