Incumbent size: 1
Incumbent size: 2
Incumbent size: 3
Incumbent size: 4
Incumbent size: 5
Incumbent size: 6
Incumbent size: 7
Incumbent size: 8
Incumbent size: 9
Incumbent size: 10
Incumbent size: 11
Incumbent size: 12
Incumbent size: 13
Incumbent size: 14
Incumbent size: 15
Incumbent size: 16
Incumbent size: 17
Incumbent size: 18
Incumbent size: 19
Incumbent size: 20
Incumbent size: 21
Incumbent size: 22
Incumbent size: 23
Incumbent size: 24
Incumbent size: 25
Incumbent size: 26
Solution size 26
(2 -> 11) (3 -> 23) (4 -> 30) (5 -> 3) (7 -> 10) (8 -> 29) (12 -> 24) (18 -> 58) (19 -> 52) (20 -> 17) (21 -> 36) (24 -> 50) (25 -> 68) (35 -> 1) (44 -> 51) (45 -> 33) (48 -> 37) (50 -> 59) (52 -> 28) (54 -> 20) (60 -> 15) (62 -> 14) (65 -> 60) (66 -> 61) (67 -> 0) (69 -> 26) 
Nodes:                      441391648
CPU time (ms):              100000
TIMEOUT
