Incumbent size: 1
Incumbent size: 2
Incumbent size: 3
Incumbent size: 4
Incumbent size: 5
Incumbent size: 6
Incumbent size: 7
Incumbent size: 8
Incumbent size: 9
Incumbent size: 10
Incumbent size: 11
Incumbent size: 12
Incumbent size: 13
Incumbent size: 14
Incumbent size: 15
Incumbent size: 16
Incumbent size: 17
Incumbent size: 18
Incumbent size: 19
Incumbent size: 20
Incumbent size: 21
Incumbent size: 22
Incumbent size: 23
Incumbent size: 24
Incumbent size: 25
Incumbent size: 26
Incumbent size: 27
Incumbent size: 28
Incumbent size: 29
Incumbent size: 30
Incumbent size: 31
Incumbent size: 32
Incumbent size: 33
Incumbent size: 34
Solution size 34
(0 -> 32) (5 -> 22) (8 -> 93) (10 -> 50) (14 -> 17) (24 -> 11) (25 -> 14) (31 -> 82) (32 -> 71) (36 -> 89) (37 -> 95) (38 -> 56) (40 -> 43) (45 -> 79) (47 -> 68) (49 -> 36) (50 -> 28) (52 -> 94) (55 -> 77) (59 -> 65) (63 -> 30) (64 -> 38) (66 -> 29) (68 -> 18) (70 -> 3) (73 -> 21) (80 -> 53) (83 -> 35) (85 -> 57) (86 -> 8) (87 -> 34) (88 -> 47) (93 -> 15) (95 -> 33) 
Nodes:                      278178041
CPU time (ms):              100000
TIMEOUT
