Incumbent size: 1
Incumbent size: 2
Incumbent size: 3
Incumbent size: 4
Incumbent size: 5
Incumbent size: 6
Incumbent size: 7
Incumbent size: 8
Incumbent size: 9
Incumbent size: 10
Incumbent size: 11
Incumbent size: 12
Incumbent size: 13
Incumbent size: 14
Incumbent size: 15
Incumbent size: 16
Incumbent size: 17
Incumbent size: 18
Incumbent size: 19
Incumbent size: 20
Incumbent size: 21
Incumbent size: 22
Incumbent size: 23
Incumbent size: 24
Incumbent size: 25
Incumbent size: 26
Incumbent size: 27
Incumbent size: 28
Incumbent size: 29
Incumbent size: 30
Incumbent size: 31
Incumbent size: 32
Incumbent size: 33
Incumbent size: 34
Incumbent size: 35
Solution size 35
(2 -> 6) (3 -> 26) (7 -> 64) (9 -> 5) (22 -> 14) (28 -> 90) (31 -> 55) (33 -> 76) (36 -> 29) (38 -> 70) (39 -> 41) (42 -> 38) (43 -> 85) (45 -> 80) (52 -> 89) (55 -> 22) (57 -> 7) (58 -> 68) (59 -> 10) (60 -> 24) (61 -> 31) (62 -> 81) (64 -> 25) (65 -> 60) (67 -> 63) (69 -> 42) (71 -> 2) (74 -> 86) (75 -> 75) (76 -> 45) (79 -> 52) (90 -> 53) (92 -> 49) (93 -> 67) (99 -> 54) 
Nodes:                      288397498
CPU time (ms):              100000
TIMEOUT
