Incumbent size: 1
Incumbent size: 2
Incumbent size: 3
Incumbent size: 4
Incumbent size: 5
Incumbent size: 6
Incumbent size: 7
Incumbent size: 8
Incumbent size: 9
Incumbent size: 10
Incumbent size: 11
Incumbent size: 12
Incumbent size: 13
Incumbent size: 14
Incumbent size: 15
Incumbent size: 16
Incumbent size: 17
Incumbent size: 18
Incumbent size: 19
Incumbent size: 20
Incumbent size: 21
Incumbent size: 22
Incumbent size: 23
Incumbent size: 24
Incumbent size: 25
Incumbent size: 26
Incumbent size: 27
Incumbent size: 28
Incumbent size: 29
Incumbent size: 30
Incumbent size: 31
Incumbent size: 32
Incumbent size: 33
Incumbent size: 34
Incumbent size: 35
Incumbent size: 36
Incumbent size: 37
Incumbent size: 38
Incumbent size: 39
Solution size 39
(0 -> 84) (3 -> 13) (4 -> 4) (7 -> 89) (8 -> 75) (9 -> 69) (11 -> 74) (12 -> 56) (13 -> 63) (14 -> 57) (17 -> 83) (20 -> 79) (26 -> 73) (27 -> 1) (30 -> 55) (32 -> 29) (35 -> 20) (38 -> 28) (42 -> 64) (43 -> 70) (44 -> 32) (47 -> 42) (48 -> 18) (51 -> 17) (52 -> 5) (53 -> 12) (54 -> 49) (55 -> 78) (58 -> 85) (59 -> 26) (60 -> 44) (62 -> 34) (63 -> 7) (68 -> 48) (78 -> 8) (81 -> 31) (82 -> 9) (83 -> 88) (89 -> 2) 
Nodes:                      398371855
CPU time (ms):              100000
TIMEOUT
