Incumbent size: 1
Incumbent size: 2
Incumbent size: 3
Incumbent size: 4
Incumbent size: 5
Incumbent size: 6
Incumbent size: 7
Incumbent size: 8
Incumbent size: 9
Incumbent size: 10
Incumbent size: 11
Incumbent size: 12
Incumbent size: 13
Incumbent size: 14
Incumbent size: 15
Incumbent size: 16
Incumbent size: 17
Incumbent size: 18
Incumbent size: 19
Incumbent size: 20
Incumbent size: 21
Incumbent size: 22
Incumbent size: 23
Incumbent size: 24
Incumbent size: 25
Incumbent size: 26
Incumbent size: 27
Incumbent size: 28
Incumbent size: 29
Incumbent size: 30
Incumbent size: 31
Incumbent size: 32
Incumbent size: 33
Incumbent size: 34
Incumbent size: 35
Incumbent size: 36
Incumbent size: 37
Incumbent size: 38
Incumbent size: 39
Incumbent size: 40
Incumbent size: 41
Solution size 41
(0 -> 13) (1 -> 83) (4 -> 89) (7 -> 36) (9 -> 8) (10 -> 86) (14 -> 40) (19 -> 17) (20 -> 88) (21 -> 43) (22 -> 75) (25 -> 77) (30 -> 5) (31 -> 65) (35 -> 55) (36 -> 28) (43 -> 56) (44 -> 7) (45 -> 12) (49 -> 34) (54 -> 25) (56 -> 18) (58 -> 67) (60 -> 2) (61 -> 45) (63 -> 3) (65 -> 10) (67 -> 78) (68 -> 81) (70 -> 21) (71 -> 37) (73 -> 19) (74 -> 23) (77 -> 44) (82 -> 57) (83 -> 24) (85 -> 9) (86 -> 64) (87 -> 35) (88 -> 63) (89 -> 29) 
Nodes:                      718005791
CPU time (ms):              100000
TIMEOUT
