Incumbent size: 1
Incumbent size: 2
Incumbent size: 3
Incumbent size: 4
Incumbent size: 5
Incumbent size: 6
Incumbent size: 7
Incumbent size: 8
Incumbent size: 9
Incumbent size: 10
Incumbent size: 11
Incumbent size: 12
Incumbent size: 13
Incumbent size: 14
Incumbent size: 15
Incumbent size: 16
Incumbent size: 17
Incumbent size: 18
Incumbent size: 19
Incumbent size: 20
Incumbent size: 21
Incumbent size: 22
Incumbent size: 23
Incumbent size: 24
Incumbent size: 25
Incumbent size: 26
Incumbent size: 27
Incumbent size: 28
Incumbent size: 29
Incumbent size: 30
Incumbent size: 31
Incumbent size: 32
Incumbent size: 33
Incumbent size: 34
Incumbent size: 35
Incumbent size: 36
Incumbent size: 37
Incumbent size: 38
Solution size 38
(0 -> 2) (1 -> 76) (2 -> 38) (6 -> 39) (7 -> 29) (8 -> 3) (9 -> 12) (13 -> 56) (15 -> 20) (16 -> 51) (18 -> 89) (19 -> 14) (20 -> 1) (22 -> 23) (24 -> 71) (25 -> 50) (26 -> 52) (29 -> 32) (31 -> 55) (32 -> 25) (34 -> 45) (39 -> 73) (41 -> 18) (42 -> 48) (52 -> 54) (59 -> 5) (63 -> 22) (64 -> 68) (65 -> 33) (68 -> 35) (70 -> 75) (71 -> 62) (73 -> 40) (80 -> 84) (83 -> 41) (85 -> 72) (87 -> 30) (89 -> 26) 
Nodes:                      458464296
CPU time (ms):              100000
TIMEOUT
