Incumbent size: 1
Incumbent size: 2
Incumbent size: 3
Incumbent size: 4
Incumbent size: 5
Incumbent size: 6
Incumbent size: 7
Incumbent size: 8
Incumbent size: 9
Incumbent size: 10
Incumbent size: 11
Incumbent size: 12
Incumbent size: 13
Incumbent size: 14
Incumbent size: 15
Incumbent size: 16
Incumbent size: 17
Incumbent size: 18
Incumbent size: 19
Incumbent size: 20
Incumbent size: 21
Incumbent size: 22
Incumbent size: 23
Incumbent size: 24
Incumbent size: 25
Incumbent size: 26
Incumbent size: 27
Incumbent size: 28
Incumbent size: 29
Incumbent size: 30
Incumbent size: 31
Incumbent size: 32
Solution size 32
(0 -> 39) (3 -> 81) (4 -> 41) (9 -> 86) (11 -> 57) (12 -> 46) (19 -> 40) (27 -> 87) (29 -> 24) (31 -> 36) (35 -> 11) (37 -> 82) (46 -> 54) (48 -> 14) (49 -> 53) (50 -> 0) (51 -> 69) (52 -> 66) (53 -> 74) (55 -> 59) (56 -> 21) (57 -> 50) (59 -> 5) (61 -> 71) (63 -> 65) (67 -> 44) (68 -> 6) (78 -> 48) (79 -> 79) (80 -> 27) (82 -> 60) (89 -> 88) 
Nodes:                      265290576
CPU time (ms):              100000
TIMEOUT
