Incumbent size: 1
Incumbent size: 2
Incumbent size: 3
Incumbent size: 4
Incumbent size: 5
Incumbent size: 6
Incumbent size: 7
Incumbent size: 8
Incumbent size: 9
Incumbent size: 10
Incumbent size: 11
Incumbent size: 12
Incumbent size: 13
Incumbent size: 14
Incumbent size: 15
Incumbent size: 16
Incumbent size: 17
Incumbent size: 18
Incumbent size: 19
Incumbent size: 20
Incumbent size: 21
Incumbent size: 22
Incumbent size: 23
Incumbent size: 24
Incumbent size: 25
Incumbent size: 26
Incumbent size: 27
Incumbent size: 28
Incumbent size: 29
Incumbent size: 30
Incumbent size: 31
Solution size 31
(0 -> 46) (3 -> 20) (4 -> 11) (5 -> 58) (7 -> 85) (10 -> 87) (12 -> 38) (14 -> 22) (15 -> 43) (16 -> 59) (19 -> 62) (21 -> 1) (22 -> 25) (26 -> 45) (38 -> 47) (39 -> 0) (46 -> 82) (48 -> 74) (51 -> 29) (55 -> 8) (56 -> 36) (57 -> 81) (59 -> 7) (69 -> 76) (70 -> 68) (73 -> 37) (77 -> 89) (81 -> 55) (82 -> 26) (86 -> 77) (89 -> 18) 
Nodes:                      557341789
CPU time (ms):              100000
TIMEOUT
