-- 61 1
-- 61 2
-- 61 3
-- 61 4
-- 61 5
-- 61 6
-- 61 7
-- 61 8
-- 61 9
-- 61 10
-- 61 11
-- 61 12
-- 61 13
-- 61 14
-- 61 15
-- 61 16
-- 61 17
-- 61 18
-- 61 19
-- 61 20
-- 61 21
-- 61 22
-- 61 23
-- 61 24
-- 61 25
-- 61 26
-- 61 27
-- 62 28
-- 142 29
-- 2214 30
-- 2372 31
true 165916608 aborted 31
(0 -> 37) (1 -> 8) (2 -> 75) (8 -> 22) (10 -> 34) (11 -> 63) (18 -> 33) (21 -> 4) (22 -> 88) (24 -> 19) (27 -> 31) (31 -> 25) (32 -> 66) (33 -> 61) (36 -> 32) (38 -> 41) (44 -> 43) (46 -> 79) (51 -> 1) (52 -> 77) (54 -> 11) (56 -> 40) (58 -> 80) (61 -> 21) (73 -> 16) (74 -> 15) (75 -> 71) (78 -> 89) (83 -> 46) (87 -> 17) (89 -> 2) 
100000
