-- 53 1
-- 53 2
-- 53 3
-- 53 4
-- 53 5
-- 53 6
-- 53 7
-- 53 8
-- 53 9
-- 53 10
-- 53 11
-- 53 12
-- 53 13
-- 53 14
-- 53 15
-- 53 16
-- 53 17
-- 53 18
-- 53 19
-- 53 20
-- 53 21
-- 53 22
-- 53 23
-- 53 24
-- 53 25
-- 53 26
-- 53 27
-- 53 28
-- 53 29
-- 53 30
-- 53 31
-- 69 32
true 142567984 aborted 32
(10 -> 59) (11 -> 30) (12 -> 83) (13 -> 51) (15 -> 49) (16 -> 68) (17 -> 61) (21 -> 54) (22 -> 85) (24 -> 0) (28 -> 74) (31 -> 24) (33 -> 10) (34 -> 62) (40 -> 17) (41 -> 22) (43 -> 52) (44 -> 56) (50 -> 12) (56 -> 36) (59 -> 70) (65 -> 6) (66 -> 57) (68 -> 34) (70 -> 11) (72 -> 84) (75 -> 73) (79 -> 79) (81 -> 75) (82 -> 33) (86 -> 87) (87 -> 43) 
100000
