-- 35 1
-- 35 2
-- 35 3
-- 35 4
-- 35 5
-- 35 6
-- 35 7
-- 35 8
-- 35 9
-- 35 10
-- 35 11
-- 35 12
-- 35 13
-- 35 14
-- 35 15
-- 35 16
-- 35 17
-- 35 18
-- 35 19
-- 35 20
-- 35 21
-- 35 22
-- 35 23
-- 35 24
-- 35 25
-- 36 26
-- 50 27
-- 64 28
-- 201 29
-- 736 30
-- 6560 31
true 73407739 aborted 31
(1 -> 7) (3 -> 55) (4 -> 31) (6 -> 65) (13 -> 72) (14 -> 21) (18 -> 68) (23 -> 10) (24 -> 47) (27 -> 53) (31 -> 79) (35 -> 36) (36 -> 73) (39 -> 44) (40 -> 33) (43 -> 20) (45 -> 26) (46 -> 62) (47 -> 64) (48 -> 78) (49 -> 70) (52 -> 63) (53 -> 39) (55 -> 24) (56 -> 71) (58 -> 23) (63 -> 77) (64 -> 32) (70 -> 17) (72 -> 16) (77 -> 19) 
100000
