-- 35 1
-- 35 2
-- 35 3
-- 35 4
-- 35 5
-- 35 6
-- 35 7
-- 35 8
-- 36 9
-- 36 10
-- 36 11
-- 36 12
-- 36 13
-- 36 14
-- 36 15
-- 36 16
-- 36 17
-- 36 18
-- 36 19
-- 36 20
-- 36 21
-- 36 22
-- 36 23
-- 36 24
-- 36 25
-- 36 26
-- 45 27
-- 53 28
-- 138 29
-- 2936 30
-- 14833 31
-- 46804 32
true 94072522 aborted 32
(3 -> 73) (4 -> 70) (5 -> 35) (8 -> 6) (9 -> 40) (10 -> 58) (14 -> 7) (15 -> 63) (21 -> 32) (23 -> 11) (24 -> 44) (28 -> 46) (30 -> 52) (31 -> 19) (33 -> 78) (37 -> 20) (40 -> 69) (42 -> 29) (45 -> 62) (46 -> 38) (47 -> 4) (49 -> 39) (51 -> 49) (56 -> 23) (57 -> 55) (58 -> 56) (59 -> 61) (61 -> 14) (65 -> 24) (69 -> 13) (70 -> 76) (77 -> 9) 
100000
