-- 50 1
-- 50 2
-- 50 3
-- 50 4
-- 50 5
-- 50 6
-- 50 7
-- 50 8
-- 51 9
-- 51 10
-- 51 11
-- 51 12
-- 51 13
-- 51 14
-- 51 15
-- 51 16
-- 51 17
-- 51 18
-- 51 19
-- 51 20
-- 51 21
-- 51 22
-- 51 23
-- 51 24
-- 51 25
-- 51 26
-- 51 27
-- 51 28
-- 492 29
-- 4155 30
-- 22854 31
-- 93005 32
true 160240174 aborted 32
(0 -> 69) (2 -> 31) (7 -> 36) (8 -> 47) (9 -> 27) (14 -> 52) (17 -> 66) (18 -> 65) (19 -> 55) (20 -> 14) (21 -> 72) (25 -> 12) (27 -> 80) (29 -> 81) (30 -> 56) (37 -> 11) (39 -> 6) (41 -> 19) (54 -> 78) (55 -> 61) (59 -> 85) (65 -> 46) (69 -> 33) (74 -> 73) (75 -> 62) (78 -> 63) (82 -> 50) (83 -> 71) (85 -> 64) (86 -> 41) (87 -> 13) (88 -> 40) 
100000
