-- 27 1
-- 27 2
-- 27 3
-- 27 4
-- 27 5
-- 27 6
-- 27 7
-- 27 8
-- 27 9
-- 27 10
-- 27 11
-- 27 12
-- 27 13
-- 27 14
-- 27 15
-- 27 16
-- 27 17
-- 27 18
-- 27 19
-- 27 20
-- 27 21
-- 27 22
-- 27 23
-- 27 24
-- 27 25
-- 27 26
-- 27 27
-- 27 28
-- 27 29
-- 27 30
-- 28 31
-- 36 32
-- 284 33
-- 4172 34
true 87372775 aborted 34
(1 -> 97) (6 -> 1) (7 -> 10) (8 -> 16) (9 -> 81) (13 -> 92) (15 -> 38) (17 -> 80) (19 -> 4) (22 -> 95) (28 -> 91) (34 -> 69) (36 -> 66) (37 -> 71) (38 -> 41) (39 -> 22) (42 -> 58) (44 -> 39) (46 -> 31) (52 -> 93) (53 -> 6) (59 -> 29) (61 -> 43) (62 -> 68) (63 -> 50) (67 -> 98) (69 -> 83) (70 -> 85) (75 -> 44) (79 -> 75) (82 -> 62) (86 -> 96) (92 -> 78) (93 -> 51) 
100000
