-- 73 1
-- 73 2
-- 73 3
-- 73 4
-- 74 5
-- 74 6
-- 74 7
-- 74 8
-- 74 9
-- 74 10
-- 74 11
-- 74 12
-- 74 13
-- 74 14
-- 74 15
-- 74 16
-- 74 17
-- 74 18
-- 74 19
-- 74 20
-- 74 21
-- 74 22
-- 74 23
-- 74 24
-- 74 25
-- 74 26
-- 74 27
-- 74 28
-- 74 29
-- 74 30
-- 74 31
-- 74 32
-- 74 33
-- 74 34
-- 74 35
-- 562 36
-- 631 37
true 160949270 aborted 37
(10 -> 88) (11 -> 83) (12 -> 33) (13 -> 64) (18 -> 16) (24 -> 89) (26 -> 87) (29 -> 57) (31 -> 2) (32 -> 70) (33 -> 73) (37 -> 10) (38 -> 32) (40 -> 56) (42 -> 1) (44 -> 80) (46 -> 62) (47 -> 48) (48 -> 26) (52 -> 52) (53 -> 72) (56 -> 85) (57 -> 27) (59 -> 25) (60 -> 58) (61 -> 61) (67 -> 81) (69 -> 3) (70 -> 68) (75 -> 49) (76 -> 28) (77 -> 29) (80 -> 59) (81 -> 5) (83 -> 43) (84 -> 65) (87 -> 15) 
100000
