-- 19 1
-- 19 2
-- 19 3
-- 19 4
-- 19 5
-- 19 6
-- 19 7
-- 19 8
-- 19 9
-- 19 10
-- 19 11
-- 19 12
-- 19 13
-- 20 14
-- 20 15
-- 20 16
-- 20 17
-- 20 18
-- 20 19
-- 20 20
-- 20 21
-- 20 22
-- 20 23
-- 20 24
-- 20 25
-- 20 26
-- 20 27
-- 20 28
-- 20 29
-- 20 30
-- 20 31
-- 20 32
-- 30 33
-- 30 34
true 95083214 aborted 34
(0 -> 32) (3 -> 21) (5 -> 14) (8 -> 43) (13 -> 92) (14 -> 17) (18 -> 7) (20 -> 19) (24 -> 11) (28 -> 72) (35 -> 27) (39 -> 76) (40 -> 93) (41 -> 12) (43 -> 15) (45 -> 79) (46 -> 45) (48 -> 26) (49 -> 25) (53 -> 73) (54 -> 48) (56 -> 22) (64 -> 74) (69 -> 8) (73 -> 64) (74 -> 65) (78 -> 36) (80 -> 53) (83 -> 46) (88 -> 28) (90 -> 35) (94 -> 24) (95 -> 91) (99 -> 30) 
100000
