-- 54 1
-- 54 2
-- 54 3
-- 54 4
-- 54 5
-- 54 6
-- 54 7
-- 54 8
-- 54 9
-- 54 10
-- 54 11
-- 54 12
-- 54 13
-- 54 14
-- 54 15
-- 54 16
-- 54 17
-- 54 18
-- 54 19
-- 54 20
-- 54 21
-- 54 22
-- 54 23
-- 54 24
-- 54 25
-- 54 26
-- 54 27
-- 54 28
-- 54 29
-- 54 30
-- 54 31
-- 54 32
-- 54 33
-- 54 34
-- 54 35
-- 54 36
-- 54 37
-- 80 38
-- 62701 39
true 76319018 aborted 39
(1 -> 59) (8 -> 26) (11 -> 65) (15 -> 46) (18 -> 54) (19 -> 72) (20 -> 80) (21 -> 3) (22 -> 14) (23 -> 66) (24 -> 61) (25 -> 69) (34 -> 18) (35 -> 28) (39 -> 53) (40 -> 74) (41 -> 15) (42 -> 31) (47 -> 51) (48 -> 73) (49 -> 47) (51 -> 76) (53 -> 63) (54 -> 77) (55 -> 79) (57 -> 86) (60 -> 23) (63 -> 32) (64 -> 88) (65 -> 60) (72 -> 7) (75 -> 35) (76 -> 57) (80 -> 2) (81 -> 49) (82 -> 82) (84 -> 52) (85 -> 19) (86 -> 41) 
100000
