-- 17 1
-- 17 2
-- 17 3
-- 17 4
-- 17 5
-- 17 6
-- 17 7
-- 17 8
-- 17 9
-- 17 10
-- 17 11
-- 17 12
-- 17 13
-- 17 14
-- 17 15
-- 17 16
-- 17 17
-- 17 18
-- 17 19
-- 17 20
-- 17 21
-- 17 22
-- 17 23
-- 17 24
-- 17 25
-- 17 26
-- 17 27
-- 18 28
-- 18 29
-- 18 30
-- 18 31
-- 18 32
-- 18 33
-- 18 34
-- 18 35
-- 24 36
-- 180 37
-- 13825 38
true 91786270 aborted 38
(3 -> 30) (5 -> 49) (6 -> 68) (9 -> 42) (12 -> 13) (13 -> 2) (14 -> 34) (16 -> 80) (17 -> 31) (18 -> 1) (21 -> 87) (22 -> 82) (23 -> 88) (30 -> 37) (31 -> 90) (34 -> 48) (35 -> 16) (40 -> 92) (42 -> 54) (44 -> 59) (45 -> 78) (46 -> 86) (48 -> 18) (49 -> 33) (53 -> 23) (55 -> 74) (58 -> 44) (59 -> 70) (70 -> 14) (71 -> 84) (75 -> 11) (79 -> 21) (82 -> 7) (83 -> 39) (86 -> 79) (90 -> 15) (93 -> 29) (94 -> 38) 
100000
