-- 19 1
-- 19 2
-- 19 3
-- 19 4
-- 19 5
-- 19 6
-- 19 7
-- 19 8
-- 19 9
-- 19 10
-- 19 11
-- 19 12
-- 19 13
-- 19 14
-- 19 15
-- 19 16
-- 19 17
-- 19 18
-- 19 19
-- 19 20
-- 19 21
-- 19 22
-- 19 23
-- 19 24
-- 19 25
-- 19 26
-- 19 27
-- 19 28
-- 19 29
-- 19 30
-- 19 31
-- 20 32
-- 20 33
-- 20 34
-- 20 35
-- 20 36
-- 20 37
-- 20 38
-- 20 39
-- 20 40
-- 20 41
-- 37 42
-- 37 43
true 80639074 aborted 43
(0 -> 64) (2 -> 23) (3 -> 24) (5 -> 97) (7 -> 59) (15 -> 45) (16 -> 27) (21 -> 37) (23 -> 47) (24 -> 32) (28 -> 17) (29 -> 73) (32 -> 43) (35 -> 56) (36 -> 71) (37 -> 35) (38 -> 42) (39 -> 77) (40 -> 33) (44 -> 90) (51 -> 44) (56 -> 9) (58 -> 61) (59 -> 96) (62 -> 51) (63 -> 84) (64 -> 48) (66 -> 95) (68 -> 46) (70 -> 66) (73 -> 75) (75 -> 54) (76 -> 2) (78 -> 13) (80 -> 65) (82 -> 4) (84 -> 29) (85 -> 3) (92 -> 91) (93 -> 36) (95 -> 69) (96 -> 80) (97 -> 34) 
100000
