-- 62 1
-- 62 2
-- 62 3
-- 62 4
-- 62 5
-- 62 6
-- 62 7
-- 62 8
-- 62 9
-- 62 10
-- 62 11
-- 62 12
-- 62 13
-- 62 14
-- 62 15
-- 62 16
-- 62 17
-- 62 18
-- 62 19
-- 62 20
-- 62 21
-- 62 22
-- 62 23
-- 62 24
-- 62 25
-- 62 26
-- 62 27
-- 62 28
-- 62 29
-- 62 30
-- 62 31
-- 62 32
-- 62 33
-- 62 34
-- 62 35
true 121051552 aborted 35
(3 -> 87) (6 -> 19) (9 -> 37) (11 -> 4) (13 -> 12) (14 -> 13) (17 -> 22) (20 -> 52) (24 -> 34) (25 -> 30) (27 -> 31) (29 -> 66) (32 -> 73) (33 -> 15) (38 -> 40) (40 -> 72) (43 -> 8) (44 -> 28) (46 -> 47) (47 -> 9) (48 -> 27) (49 -> 83) (51 -> 63) (54 -> 35) (57 -> 10) (62 -> 43) (67 -> 71) (71 -> 3) (77 -> 51) (79 -> 38) (80 -> 11) (82 -> 41) (84 -> 17) (85 -> 69) (87 -> 82) 
100000
