-- 19 1
-- 19 2
-- 19 3
-- 19 4
-- 19 5
-- 19 6
-- 19 7
-- 19 8
-- 19 9
-- 19 10
-- 19 11
-- 19 12
-- 19 13
-- 19 14
-- 19 15
-- 19 16
-- 19 17
-- 19 18
-- 19 19
-- 19 20
-- 19 21
-- 19 22
-- 19 23
-- 229 24
-- 237 25
-- 840 26
true 26382538 26
(2 -> 57) (4 -> 1) (5 -> 30) (13 -> 31) (14 -> 60) (17 -> 69) (20 -> 68) (21 -> 53) (23 -> 32) (24 -> 16) (26 -> 34) (30 -> 26) (37 -> 18) (38 -> 43) (41 -> 37) (43 -> 67) (44 -> 3) (48 -> 20) (50 -> 2) (56 -> 51) (58 -> 42) (59 -> 46) (65 -> 54) (66 -> 24) (67 -> 62) (69 -> 12) 
28200
