-- 23 1
-- 23 2
-- 23 3
-- 23 4
-- 23 5
-- 23 6
-- 23 7
-- 23 8
-- 23 9
-- 23 10
-- 23 11
-- 23 12
-- 23 13
-- 23 14
-- 23 15
-- 23 16
-- 23 17
-- 23 18
-- 23 19
-- 23 20
-- 23 21
-- 23 22
-- 23 23
-- 23 24
-- 23 25
-- 23 26
-- 23 27
-- 23 28
-- 23 29
-- 23 30
-- 23 31
-- 23 32
-- 23 33
-- 23 34
-- 23 35
-- 23 36
-- 23 37
-- 23 38
-- 980 39
true 306540029 aborted 39
(0 -> 3) (2 -> 77) (3 -> 83) (5 -> 35) (8 -> 5) (9 -> 17) (10 -> 52) (11 -> 76) (14 -> 13) (15 -> 66) (16 -> 67) (20 -> 86) (21 -> 48) (26 -> 14) (27 -> 93) (29 -> 6) (30 -> 30) (31 -> 41) (32 -> 23) (33 -> 98) (46 -> 29) (47 -> 89) (55 -> 22) (58 -> 12) (59 -> 82) (66 -> 69) (68 -> 78) (69 -> 42) (72 -> 79) (75 -> 46) (80 -> 10) (82 -> 45) (86 -> 97) (87 -> 61) (92 -> 60) (93 -> 0) (94 -> 50) (95 -> 96) (99 -> 80) 
100000
