-- 36 1
-- 36 2
-- 36 3
-- 36 4
-- 36 5
-- 36 6
-- 36 7
-- 36 8
-- 36 9
-- 36 10
-- 36 11
-- 36 12
-- 36 13
-- 36 14
-- 36 15
-- 36 16
-- 36 17
-- 36 18
-- 36 19
-- 36 20
-- 36 21
-- 36 22
-- 36 23
-- 36 24
-- 36 25
-- 36 26
-- 36 27
-- 36 28
-- 36 29
-- 36 30
-- 36 31
-- 36 32
-- 36 33
-- 14037 34
true 315387848 aborted 34
(0 -> 17) (5 -> 16) (6 -> 6) (7 -> 55) (12 -> 28) (15 -> 78) (19 -> 20) (21 -> 34) (23 -> 69) (26 -> 14) (27 -> 15) (33 -> 0) (34 -> 35) (35 -> 7) (37 -> 30) (38 -> 24) (39 -> 57) (41 -> 65) (42 -> 73) (46 -> 38) (47 -> 68) (49 -> 21) (52 -> 64) (54 -> 56) (55 -> 75) (58 -> 5) (62 -> 4) (64 -> 60) (68 -> 39) (71 -> 36) (72 -> 49) (75 -> 59) (78 -> 22) (79 -> 2) 
100000
