-- 19 1
-- 19 2
-- 19 3
-- 19 4
-- 19 5
-- 19 6
-- 19 7
-- 19 8
-- 19 9
-- 19 10
-- 19 11
-- 19 12
-- 19 13
-- 19 14
-- 19 15
-- 19 16
-- 19 17
-- 19 18
-- 19 19
-- 19 20
-- 19 21
-- 19 22
-- 19 23
-- 19 24
-- 8483 25
true 148026278 aborted 25
(3 -> 40) (6 -> 13) (7 -> 2) (8 -> 3) (9 -> 11) (11 -> 41) (13 -> 43) (14 -> 18) (16 -> 6) (17 -> 49) (18 -> 12) (20 -> 25) (21 -> 28) (22 -> 24) (23 -> 8) (25 -> 19) (27 -> 27) (33 -> 35) (35 -> 14) (36 -> 45) (37 -> 23) (38 -> 39) (39 -> 48) (47 -> 9) (48 -> 30) 
100000
