-- 33 1
-- 33 2
-- 33 3
-- 33 4
-- 33 5
-- 33 6
-- 33 7
-- 33 8
-- 33 9
-- 33 10
-- 33 11
-- 33 12
-- 33 13
-- 33 14
-- 33 15
-- 33 16
-- 33 17
-- 33 18
-- 33 19
-- 33 20
-- 33 21
-- 33 22
-- 33 23
-- 36 24
-- 51 25
-- 59 26
-- 978 27
-- 1002 28
true 20146993 28
(0 -> 68) (2 -> 42) (7 -> 40) (11 -> 19) (14 -> 17) (15 -> 26) (16 -> 46) (20 -> 44) (21 -> 50) (29 -> 77) (31 -> 75) (32 -> 5) (35 -> 23) (36 -> 76) (44 -> 8) (48 -> 4) (50 -> 65) (51 -> 0) (53 -> 6) (57 -> 22) (58 -> 41) (62 -> 9) (64 -> 69) (66 -> 20) (68 -> 67) (74 -> 11) (78 -> 55) (79 -> 25) 
34147
