-- 33 1
-- 33 2
-- 33 3
-- 33 4
-- 34 5
-- 34 6
-- 34 7
-- 34 8
-- 34 9
-- 34 10
-- 34 11
-- 34 12
-- 34 13
-- 34 14
-- 34 15
-- 34 16
-- 34 17
-- 34 18
-- 34 19
-- 34 20
-- 34 21
-- 34 22
-- 34 23
-- 34 24
-- 34 25
-- 34 26
-- 34 27
-- 34 28
-- 34 29
-- 34 30
-- 34 31
-- 34 32
-- 34 33
-- 237 34
-- 3071 35
true 310259121 aborted 35
(0 -> 79) (2 -> 7) (3 -> 42) (4 -> 24) (7 -> 43) (8 -> 65) (10 -> 53) (12 -> 76) (15 -> 19) (16 -> 21) (19 -> 67) (20 -> 13) (25 -> 64) (26 -> 28) (27 -> 22) (35 -> 2) (36 -> 73) (44 -> 44) (46 -> 3) (50 -> 15) (53 -> 51) (54 -> 34) (59 -> 78) (60 -> 0) (63 -> 52) (64 -> 11) (65 -> 60) (66 -> 69) (67 -> 48) (68 -> 56) (72 -> 49) (75 -> 68) (76 -> 17) (77 -> 77) (79 -> 59) 
100000
