-- 46 1
-- 46 2
-- 46 3
-- 46 4
-- 46 5
-- 46 6
-- 46 7
-- 46 8
-- 46 9
-- 46 10
-- 46 11
-- 46 12
-- 46 13
-- 46 14
-- 46 15
-- 46 16
-- 46 17
-- 46 18
-- 46 19
-- 46 20
-- 46 21
-- 46 22
-- 46 23
-- 47 24
-- 47 25
-- 47 26
-- 47 27
-- 47 28
-- 47 29
-- 47 30
-- 47 31
-- 47 32
true 71962851 aborted 32
(0 -> 51) (1 -> 43) (2 -> 23) (4 -> 71) (5 -> 26) (7 -> 68) (8 -> 44) (10 -> 52) (21 -> 66) (23 -> 20) (28 -> 55) (33 -> 29) (35 -> 67) (36 -> 57) (37 -> 22) (40 -> 33) (41 -> 49) (43 -> 79) (45 -> 76) (49 -> 32) (52 -> 45) (53 -> 1) (55 -> 24) (59 -> 50) (60 -> 70) (61 -> 13) (67 -> 6) (70 -> 59) (71 -> 3) (72 -> 28) (75 -> 69) (76 -> 60) 
100000
