-- 36 1
-- 36 2
-- 36 3
-- 36 4
-- 36 5
-- 36 6
-- 36 7
-- 36 8
-- 36 9
-- 36 10
-- 36 11
-- 36 12
-- 36 13
-- 36 14
-- 37 15
-- 37 16
-- 37 17
-- 37 18
-- 37 19
-- 37 20
-- 37 21
-- 37 22
-- 37 23
-- 37 24
-- 37 25
-- 37 26
-- 37 27
-- 37 28
-- 37 29
-- 37 30
-- 37 31
-- 37 32
-- 37 33
-- 37 34
-- 37 35
-- 37 36
true 44881850 aborted 36
(0 -> 36) (2 -> 47) (5 -> 51) (7 -> 76) (8 -> 71) (11 -> 75) (13 -> 38) (14 -> 41) (16 -> 27) (19 -> 12) (24 -> 37) (27 -> 32) (28 -> 5) (30 -> 55) (31 -> 42) (32 -> 59) (33 -> 50) (36 -> 33) (38 -> 14) (40 -> 25) (41 -> 78) (46 -> 6) (47 -> 13) (48 -> 1) (49 -> 0) (58 -> 11) (59 -> 64) (60 -> 2) (61 -> 23) (64 -> 45) (70 -> 35) (75 -> 16) (76 -> 26) (77 -> 29) (78 -> 9) (79 -> 43) 
100000
