-- 11 1
-- 11 2
-- 11 3
-- 11 4
-- 11 5
-- 11 6
-- 11 7
-- 11 8
-- 11 9
-- 11 10
-- 11 11
-- 11 12
-- 11 13
-- 11 14
-- 11 15
-- 11 16
-- 11 17
-- 11 18
-- 11 19
-- 11 20
-- 12 21
-- 12 22
-- 12 23
-- 12 24
-- 12 25
-- 12 26
-- 14 27
-- 14 28
true 2876366 28
(0 -> 9) (2 -> 0) (3 -> 4) (4 -> 18) (5 -> 50) (9 -> 7) (10 -> 21) (11 -> 59) (12 -> 3) (13 -> 14) (16 -> 51) (18 -> 56) (20 -> 25) (21 -> 52) (28 -> 54) (29 -> 5) (31 -> 40) (36 -> 23) (37 -> 1) (39 -> 20) (40 -> 49) (41 -> 42) (44 -> 47) (47 -> 43) (49 -> 41) (50 -> 29) (53 -> 35) (57 -> 31) 
2110
