-- 49 1
-- 49 2
-- 49 3
-- 49 4
-- 49 5
-- 49 6
-- 49 7
-- 49 8
-- 49 9
-- 49 10
-- 49 11
-- 49 12
-- 49 13
-- 49 14
-- 49 15
-- 49 16
-- 49 17
-- 49 18
-- 49 19
-- 49 20
-- 49 21
-- 49 22
-- 51 23
-- 150 24
-- 152 25
-- 8539 26
-- 11461 27
true 53955199 aborted 27
(0 -> 74) (8 -> 75) (10 -> 4) (12 -> 77) (13 -> 9) (15 -> 66) (18 -> 5) (20 -> 65) (22 -> 59) (25 -> 10) (27 -> 8) (32 -> 3) (39 -> 61) (40 -> 2) (41 -> 30) (49 -> 26) (55 -> 33) (56 -> 46) (60 -> 51) (62 -> 54) (65 -> 55) (67 -> 11) (69 -> 12) (71 -> 58) (73 -> 50) (76 -> 60) (77 -> 56) 
100000
