-- 14 1
-- 14 2
-- 14 3
-- 14 4
-- 14 5
-- 14 6
-- 14 7
-- 14 8
-- 14 9
-- 14 10
-- 14 11
-- 14 12
-- 14 13
-- 14 14
-- 14 15
-- 14 16
-- 14 17
-- 14 18
-- 14 19
-- 14 20
-- 14 21
-- 14 22
-- 14 23
-- 14 24
-- 14 25
-- 14 26
-- 14 27
-- 14 28
-- 14 29
-- 14 30
true 154 30
(2 -> 59) (3 -> 55) (5 -> 54) (6 -> 79) (8 -> 51) (15 -> 22) (16 -> 16) (17 -> 52) (19 -> 67) (22 -> 83) (29 -> 69) (31 -> 15) (41 -> 28) (44 -> 17) (47 -> 37) (53 -> 0) (57 -> 65) (60 -> 88) (61 -> 5) (64 -> 92) (66 -> 45) (73 -> 78) (74 -> 99) (79 -> 10) (80 -> 25) (83 -> 50) (89 -> 24) (95 -> 46) (98 -> 13) (99 -> 1) 
15
