-- 10 1
-- 10 2
-- 10 3
-- 10 4
-- 10 5
-- 10 6
-- 10 7
-- 10 8
-- 10 9
-- 10 10
-- 10 11
-- 10 12
-- 10 13
-- 10 14
-- 10 15
-- 10 16
-- 10 17
-- 10 18
-- 10 19
-- 10 20
-- 10 21
-- 10 22
-- 10 23
-- 10 24
-- 10 25
-- 10 26
true 48372 26
(1 -> 17) (2 -> 9) (4 -> 19) (9 -> 30) (10 -> 58) (11 -> 20) (17 -> 5) (18 -> 29) (20 -> 55) (22 -> 24) (30 -> 43) (31 -> 15) (34 -> 46) (36 -> 32) (37 -> 52) (38 -> 27) (41 -> 49) (43 -> 38) (47 -> 47) (48 -> 8) (50 -> 35) (52 -> 41) (54 -> 50) (55 -> 44) (57 -> 31) (58 -> 40) 
59
