-- 37 1
-- 37 2
-- 37 3
-- 37 4
-- 37 5
-- 37 6
-- 37 7
-- 37 8
-- 37 9
-- 37 10
-- 37 11
-- 37 12
-- 37 13
-- 37 14
-- 37 15
-- 37 16
-- 37 17
-- 37 18
-- 37 19
-- 37 20
-- 37 21
-- 37 22
-- 37 23
-- 37 24
-- 37 25
-- 37 26
-- 37 27
-- 37 28
-- 37 29
-- 37 30
-- 37 31
-- 39 32
-- 3016 33
-- 3016 34
-- 3330 35
true 63073315 aborted 35
(2 -> 15) (3 -> 27) (6 -> 23) (9 -> 48) (11 -> 71) (13 -> 60) (14 -> 18) (15 -> 12) (19 -> 11) (21 -> 9) (22 -> 20) (28 -> 56) (31 -> 69) (35 -> 76) (36 -> 21) (37 -> 67) (39 -> 58) (44 -> 7) (47 -> 64) (52 -> 2) (54 -> 26) (58 -> 55) (59 -> 13) (60 -> 25) (63 -> 10) (64 -> 33) (65 -> 77) (67 -> 43) (73 -> 79) (74 -> 8) (75 -> 70) (76 -> 74) (77 -> 22) (78 -> 14) (79 -> 35) 
100000
