-- 45 1
-- 45 2
-- 45 3
-- 45 4
-- 45 5
-- 45 6
-- 45 7
-- 45 8
-- 45 9
-- 45 10
-- 45 11
-- 45 12
-- 45 13
-- 45 14
-- 45 15
-- 45 16
-- 45 17
-- 45 18
-- 45 19
-- 45 20
-- 45 21
-- 45 22
-- 45 23
-- 45 24
-- 45 25
-- 45 26
-- 45 27
-- 45 28
-- 45 29
-- 45 30
-- 50 31
-- 57 32
-- 2635 33
-- 5269 34
-- 5269 35
-- 5536 36
true 114425415 aborted 36
(0 -> 78) (2 -> 18) (6 -> 64) (7 -> 45) (8 -> 54) (9 -> 72) (10 -> 46) (15 -> 0) (16 -> 23) (17 -> 50) (23 -> 63) (24 -> 66) (30 -> 5) (33 -> 67) (34 -> 8) (35 -> 61) (37 -> 68) (40 -> 59) (43 -> 14) (46 -> 22) (47 -> 36) (50 -> 43) (51 -> 25) (52 -> 74) (55 -> 70) (56 -> 44) (57 -> 79) (58 -> 4) (61 -> 47) (63 -> 48) (65 -> 62) (67 -> 20) (69 -> 6) (70 -> 77) (72 -> 58) (76 -> 13) 
100000
