-- 25 1
-- 25 2
-- 25 3
-- 25 4
-- 25 5
-- 25 6
-- 25 7
-- 25 8
-- 25 9
-- 25 10
-- 25 11
-- 25 12
-- 25 13
-- 25 14
-- 25 15
-- 25 16
-- 25 17
-- 26 18
-- 26 19
-- 26 20
-- 26 21
-- 26 22
-- 26 23
-- 26 24
-- 26 25
-- 26 26
-- 26 27
-- 26 28
-- 26 29
-- 26 30
-- 26 31
-- 26 32
-- 26 33
-- 26 34
-- 26 35
-- 26 36
-- 26 37
-- 26 38
-- 37 39
-- 94 40
-- 6219 41
-- 18368 42
true 51591981 42
(0 -> 55) (3 -> 28) (7 -> 9) (9 -> 35) (10 -> 12) (11 -> 78) (14 -> 5) (16 -> 73) (17 -> 19) (18 -> 76) (19 -> 81) (20 -> 29) (21 -> 11) (22 -> 97) (23 -> 54) (28 -> 93) (30 -> 7) (33 -> 65) (35 -> 24) (39 -> 4) (42 -> 69) (43 -> 60) (47 -> 3) (49 -> 0) (52 -> 56) (56 -> 44) (57 -> 18) (58 -> 2) (59 -> 17) (62 -> 84) (63 -> 83) (66 -> 30) (67 -> 1) (72 -> 52) (78 -> 72) (80 -> 94) (82 -> 36) (84 -> 95) (88 -> 42) (96 -> 90) (98 -> 80) (99 -> 77) 
75258
