-- 59 1
-- 59 2
-- 59 3
-- 59 4
-- 59 5
-- 59 6
-- 59 7
-- 59 8
-- 59 9
-- 59 10
-- 59 11
-- 59 12
-- 59 13
-- 59 14
-- 59 15
-- 59 16
-- 59 17
-- 59 18
-- 59 19
-- 59 20
-- 59 21
-- 59 22
-- 59 23
-- 59 24
-- 59 25
-- 59 26
-- 59 27
-- 59 28
-- 59 29
-- 59 30
-- 59 31
-- 59 32
-- 60 33
-- 60 34
-- 60 35
-- 60 36
-- 60 37
-- 60 38
-- 60 39
-- 60 40
-- 60 41
-- 60 42
-- 60 43
-- 60 44
-- 60 45
-- 60 46
-- 60 47
-- 60 48
-- 60 49
-- 60 50
-- 60 51
-- 345 52
true 5134313 52
(0 -> 71) (3 -> 10) (4 -> 27) (5 -> 61) (6 -> 32) (7 -> 34) (8 -> 57) (9 -> 22) (10 -> 75) (13 -> 66) (16 -> 53) (17 -> 78) (19 -> 74) (20 -> 49) (22 -> 31) (23 -> 18) (24 -> 86) (25 -> 11) (26 -> 28) (27 -> 80) (28 -> 68) (30 -> 8) (32 -> 2) (33 -> 81) (34 -> 33) (35 -> 55) (37 -> 5) (40 -> 85) (43 -> 89) (44 -> 77) (47 -> 51) (48 -> 30) (50 -> 6) (51 -> 63) (52 -> 3) (53 -> 41) (56 -> 58) (57 -> 19) (58 -> 67) (59 -> 29) (63 -> 24) (67 -> 36) (70 -> 43) (72 -> 45) (75 -> 65) (78 -> 0) (79 -> 37) (80 -> 9) (84 -> 83) (86 -> 52) (88 -> 84) (89 -> 12) 
25484
