-- 26 1
-- 26 2
-- 26 3
-- 26 4
-- 26 5
-- 26 6
-- 26 7
-- 26 8
-- 26 9
-- 26 10
-- 26 11
-- 26 12
-- 26 13
-- 26 14
-- 26 15
-- 26 16
-- 26 17
-- 26 18
-- 30 19
-- 35 20
-- 47 21
-- 47 22
-- 56 23
-- 56 24
-- 56 25
-- 56 26
-- 56 27
-- 56 28
-- 66 29
-- 66 30
-- 66 31
-- 66 32
-- 66 33
-- 66 34
-- 66 35
true 41087 35
(1 -> 20) (2 -> 54) (4 -> 2) (6 -> 7) (8 -> 24) (9 -> 17) (10 -> 22) (11 -> 58) (12 -> 39) (14 -> 62) (15 -> 3) (17 -> 29) (19 -> 0) (20 -> 63) (21 -> 15) (22 -> 4) (25 -> 30) (26 -> 52) (27 -> 5) (28 -> 57) (29 -> 31) (31 -> 14) (41 -> 34) (42 -> 40) (43 -> 56) (50 -> 50) (54 -> 28) (55 -> 32) (56 -> 13) (58 -> 18) (59 -> 41) (60 -> 43) (64 -> 35) (66 -> 26) (69 -> 19) 
70
