-- 34 1
-- 34 2
-- 34 3
-- 34 4
-- 34 5
-- 34 6
-- 34 7
-- 34 8
-- 34 9
-- 34 10
-- 34 11
-- 34 12
-- 34 13
-- 34 14
-- 34 15
-- 34 16
-- 34 17
-- 34 18
-- 34 19
-- 34 20
-- 34 21
-- 34 22
-- 34 23
-- 34 24
-- 44 25
-- 45 26
-- 98 27
-- 1289 28
-- 1289 29
-- 1289 30
-- 1289 31
-- 1289 32
-- 1289 33
-- 1289 34
-- 1289 35
-- 1290 36
-- 1290 37
-- 1290 38
-- 1290 39
-- 1290 40
true 833700 40
(1 -> 9) (2 -> 16) (6 -> 52) (7 -> 21) (8 -> 1) (9 -> 6) (11 -> 29) (12 -> 39) (13 -> 56) (14 -> 13) (15 -> 14) (17 -> 74) (20 -> 68) (21 -> 4) (24 -> 77) (25 -> 57) (28 -> 41) (30 -> 2) (33 -> 47) (35 -> 72) (38 -> 35) (39 -> 11) (40 -> 75) (41 -> 5) (43 -> 64) (48 -> 49) (51 -> 65) (56 -> 12) (57 -> 15) (58 -> 66) (61 -> 78) (62 -> 46) (64 -> 18) (66 -> 32) (67 -> 31) (69 -> 23) (71 -> 27) (75 -> 63) (78 -> 19) (79 -> 79) 
1303
