-- 26 1
-- 26 2
-- 26 3
-- 26 4
-- 26 5
-- 26 6
-- 26 7
-- 26 8
-- 26 9
-- 26 10
-- 26 11
-- 26 12
-- 26 13
-- 26 14
-- 26 15
-- 26 16
-- 26 17
-- 26 18
-- 26 19
-- 26 20
-- 26 21
-- 26 22
-- 26 23
-- 26 24
-- 26 25
-- 26 26
-- 26 27
-- 26 28
-- 26 29
-- 26 30
-- 26 31
-- 26 32
-- 26 33
-- 26 34
-- 26 35
-- 26 36
-- 26 37
-- 26 38
-- 26 39
-- 26 40
-- 26 41
-- 26 42
-- 26 43
-- 26 44
-- 26 45
-- 26 46
-- 26 47
-- 26 48
-- 26 49
-- 27 50
-- 27 51
true 172009 51
(1 -> 11) (2 -> 88) (3 -> 95) (5 -> 45) (6 -> 54) (8 -> 24) (9 -> 53) (13 -> 71) (14 -> 64) (15 -> 16) (16 -> 22) (19 -> 5) (22 -> 17) (23 -> 43) (25 -> 41) (27 -> 15) (35 -> 98) (37 -> 61) (40 -> 62) (41 -> 14) (42 -> 65) (43 -> 0) (45 -> 40) (46 -> 84) (47 -> 50) (49 -> 74) (50 -> 72) (51 -> 7) (54 -> 32) (56 -> 18) (58 -> 69) (59 -> 67) (60 -> 30) (63 -> 25) (64 -> 82) (65 -> 56) (66 -> 63) (67 -> 52) (73 -> 1) (77 -> 21) (78 -> 93) (82 -> 29) (85 -> 57) (86 -> 70) (88 -> 8) (89 -> 86) (92 -> 35) (93 -> 60) (94 -> 42) (95 -> 3) (96 -> 83) 
424
