-- 38 1
-- 38 2
-- 38 3
-- 38 4
-- 38 5
-- 38 6
-- 38 7
-- 38 8
-- 38 9
-- 38 10
-- 38 11
-- 38 12
-- 38 13
-- 38 14
-- 38 15
-- 38 16
-- 38 17
-- 38 18
-- 38 19
-- 38 20
-- 38 21
-- 38 22
-- 38 23
-- 38 24
-- 38 25
-- 38 26
-- 38 27
-- 38 28
-- 38 29
-- 38 30
-- 38 31
-- 38 32
-- 38 33
-- 38 34
-- 38 35
-- 38 36
-- 38 37
-- 38 38
-- 38 39
-- 38 40
-- 38 41
-- 38 42
-- 38 43
-- 38 44
-- 38 45
true 214 45
(3 -> 57) (4 -> 44) (7 -> 49) (8 -> 43) (9 -> 67) (11 -> 14) (12 -> 32) (13 -> 78) (15 -> 41) (16 -> 76) (18 -> 73) (20 -> 0) (21 -> 28) (23 -> 26) (26 -> 74) (27 -> 5) (28 -> 9) (30 -> 55) (32 -> 48) (36 -> 35) (39 -> 51) (40 -> 30) (41 -> 84) (42 -> 20) (43 -> 75) (45 -> 19) (46 -> 37) (47 -> 68) (49 -> 4) (52 -> 38) (53 -> 47) (56 -> 25) (59 -> 80) (61 -> 10) (62 -> 12) (63 -> 42) (64 -> 15) (65 -> 81) (66 -> 56) (72 -> 22) (79 -> 87) (80 -> 39) (85 -> 21) (87 -> 45) (88 -> 46) 
39
