-- 38 1
-- 38 2
-- 38 3
-- 38 4
-- 38 5
-- 38 6
-- 38 7
-- 38 8
-- 38 9
-- 38 10
-- 39 11
-- 39 12
-- 39 13
-- 39 14
-- 39 15
-- 39 16
-- 39 17
-- 39 18
-- 39 19
-- 39 20
-- 39 21
-- 39 22
-- 39 23
-- 39 24
-- 39 25
-- 39 26
-- 39 27
-- 39 28
-- 39 29
-- 39 30
-- 39 31
-- 39 32
-- 39 33
-- 39 34
-- 39 35
-- 39 36
-- 39 37
-- 39 38
-- 39 39
-- 39 40
-- 76 41
true 2763509 41
(0 -> 29) (2 -> 20) (3 -> 10) (4 -> 47) (5 -> 61) (10 -> 57) (11 -> 46) (12 -> 17) (14 -> 13) (15 -> 76) (18 -> 77) (19 -> 72) (22 -> 48) (23 -> 53) (28 -> 73) (31 -> 25) (35 -> 64) (36 -> 33) (39 -> 65) (40 -> 37) (45 -> 36) (49 -> 1) (51 -> 9) (52 -> 21) (54 -> 52) (55 -> 51) (56 -> 58) (58 -> 34) (59 -> 45) (62 -> 79) (64 -> 32) (65 -> 19) (66 -> 71) (67 -> 63) (69 -> 70) (70 -> 12) (71 -> 62) (74 -> 14) (75 -> 11) (76 -> 35) (78 -> 44) 
8750
