-- 55 1
-- 55 2
-- 55 3
-- 55 4
-- 55 5
-- 55 6
-- 55 7
-- 55 8
-- 55 9
-- 55 10
-- 55 11
-- 55 12
-- 55 13
-- 55 14
-- 55 15
-- 60 16
-- 61 17
-- 62 18
-- 63 19
-- 63 20
-- 63 21
-- 63 22
-- 63 23
-- 63 24
-- 63 25
-- 63 26
-- 63 27
-- 63 28
-- 63 29
-- 63 30
-- 63 31
-- 63 32
-- 65 33
-- 65 34
-- 65 35
-- 65 36
-- 65 37
-- 65 38
-- 65 39
-- 65 40
-- 65 41
-- 65 42
-- 65 43
-- 65 44
-- 65 45
true 8134 45
(0 -> 14) (2 -> 28) (5 -> 17) (6 -> 41) (7 -> 20) (9 -> 46) (12 -> 36) (14 -> 31) (17 -> 49) (18 -> 82) (19 -> 6) (23 -> 30) (24 -> 78) (25 -> 0) (27 -> 85) (28 -> 11) (29 -> 12) (32 -> 76) (33 -> 19) (35 -> 16) (37 -> 50) (40 -> 34) (43 -> 9) (44 -> 51) (47 -> 56) (50 -> 65) (51 -> 5) (52 -> 33) (53 -> 77) (55 -> 62) (56 -> 68) (58 -> 39) (62 -> 8) (67 -> 80) (69 -> 53) (72 -> 59) (74 -> 84) (75 -> 67) (77 -> 60) (78 -> 27) (79 -> 87) (81 -> 3) (86 -> 47) (87 -> 54) (89 -> 66) 
66
