-- 19 1
-- 19 2
-- 19 3
-- 19 4
-- 19 5
-- 19 6
-- 19 7
-- 19 8
-- 19 9
-- 19 10
-- 19 11
-- 19 12
-- 19 13
-- 19 14
-- 19 15
-- 19 16
-- 19 17
-- 19 18
-- 19 19
-- 19 20
-- 19 21
-- 19 22
-- 19 23
-- 19 24
-- 19 25
-- 19 26
true 151202 26
(1 -> 6) (2 -> 25) (4 -> 30) (5 -> 31) (6 -> 47) (7 -> 38) (10 -> 4) (18 -> 33) (20 -> 3) (21 -> 2) (22 -> 43) (25 -> 46) (26 -> 36) (27 -> 5) (32 -> 40) (34 -> 34) (35 -> 18) (36 -> 10) (38 -> 39) (39 -> 27) (40 -> 8) (41 -> 49) (42 -> 22) (45 -> 17) (46 -> 28) (48 -> 26) 
306
