-- 33 1
-- 33 2
-- 33 3
-- 33 4
-- 33 5
-- 33 6
-- 33 7
-- 33 8
-- 33 9
-- 33 10
-- 33 11
-- 33 12
-- 33 13
-- 33 14
-- 33 15
-- 33 16
-- 33 17
-- 33 18
-- 33 19
-- 33 20
-- 33 21
-- 33 22
-- 33 23
-- 33 24
-- 33 25
-- 33 26
-- 33 27
-- 33 28
-- 33 29
-- 33 30
-- 33 31
-- 33 32
-- 33 33
-- 33 34
-- 33 35
-- 33 36
-- 33 37
-- 33 38
-- 33 39
-- 33 40
-- 33 41
-- 33 42
-- 33 43
-- 33 44
-- 33 45
-- 33 46
-- 33 47
-- 33 48
-- 33 49
-- 33 50
-- 33 51
-- 33 52
true 6054 52
(2 -> 74) (4 -> 56) (6 -> 31) (7 -> 53) (8 -> 72) (9 -> 37) (10 -> 12) (11 -> 22) (12 -> 3) (13 -> 94) (14 -> 73) (20 -> 19) (21 -> 43) (22 -> 71) (25 -> 85) (26 -> 15) (28 -> 33) (29 -> 32) (30 -> 47) (31 -> 88) (32 -> 24) (33 -> 41) (34 -> 16) (35 -> 10) (39 -> 4) (40 -> 75) (41 -> 97) (42 -> 58) (44 -> 82) (47 -> 30) (49 -> 89) (53 -> 23) (55 -> 13) (57 -> 50) (58 -> 26) (60 -> 95) (63 -> 20) (67 -> 38) (69 -> 84) (72 -> 0) (73 -> 27) (78 -> 49) (80 -> 54) (82 -> 2) (83 -> 39) (85 -> 65) (86 -> 29) (88 -> 57) (90 -> 25) (92 -> 34) (94 -> 87) (99 -> 64) 
51
