-- 19 1
-- 19 2
-- 19 3
-- 19 4
-- 19 5
-- 19 6
-- 19 7
-- 19 8
-- 19 9
-- 19 10
-- 19 11
-- 19 12
-- 19 13
-- 19 14
-- 20 15
-- 20 16
-- 20 17
-- 20 18
-- 20 19
-- 20 20
-- 20 21
-- 20 22
-- 20 23
-- 20 24
-- 20 25
-- 20 26
-- 20 27
-- 20 28
-- 20 29
-- 20 30
-- 20 31
-- 20 32
-- 20 33
-- 20 34
-- 20 35
true 456 35
(0 -> 47) (1 -> 36) (3 -> 13) (4 -> 0) (7 -> 1) (8 -> 19) (11 -> 16) (14 -> 35) (15 -> 22) (16 -> 3) (17 -> 31) (18 -> 26) (19 -> 21) (20 -> 37) (21 -> 9) (23 -> 46) (26 -> 27) (29 -> 12) (32 -> 48) (34 -> 2) (35 -> 32) (36 -> 45) (37 -> 15) (38 -> 23) (39 -> 44) (40 -> 6) (41 -> 42) (42 -> 20) (43 -> 24) (44 -> 14) (45 -> 4) (46 -> 30) (47 -> 10) (48 -> 40) (49 -> 38) 
21
