-- 34 1
-- 34 2
-- 34 3
-- 34 4
-- 34 5
-- 34 6
-- 34 7
-- 34 8
-- 34 9
-- 34 10
-- 34 11
-- 34 12
-- 34 13
-- 34 14
-- 34 15
-- 34 16
-- 34 17
-- 34 18
-- 34 19
-- 34 20
-- 34 21
-- 34 22
-- 34 23
-- 34 24
-- 34 25
-- 34 26
-- 34 27
-- 34 28
-- 34 29
-- 34 30
-- 34 31
-- 34 32
-- 34 33
-- 34 34
-- 34 35
-- 34 36
-- 34 37
-- 34 38
-- 34 39
-- 34 40
-- 34 41
-- 35 42
-- 35 43
-- 35 44
-- 35 45
-- 35 46
-- 35 47
-- 35 48
-- 35 49
-- 35 50
-- 35 51
-- 35 52
-- 35 53
-- 35 54
-- 35 55
-- 35 56
true 64 56
(0 -> 16) (1 -> 66) (2 -> 73) (4 -> 15) (5 -> 42) (6 -> 7) (7 -> 49) (8 -> 54) (9 -> 41) (10 -> 65) (11 -> 39) (12 -> 35) (13 -> 38) (15 -> 52) (16 -> 68) (19 -> 70) (20 -> 79) (21 -> 40) (22 -> 77) (23 -> 28) (24 -> 0) (26 -> 57) (28 -> 8) (29 -> 1) (32 -> 67) (33 -> 6) (34 -> 25) (35 -> 2) (37 -> 26) (38 -> 20) (40 -> 17) (41 -> 23) (43 -> 71) (44 -> 55) (45 -> 64) (47 -> 11) (48 -> 45) (50 -> 62) (51 -> 32) (52 -> 3) (55 -> 5) (56 -> 78) (57 -> 24) (59 -> 9) (60 -> 29) (61 -> 27) (63 -> 34) (64 -> 76) (66 -> 14) (67 -> 13) (69 -> 59) (71 -> 60) (73 -> 75) (75 -> 58) (77 -> 4) (79 -> 43) 
35
