-- 6 1
-- 6 2
-- 6 3
-- 6 4
-- 6 5
-- 6 6
-- 6 7
-- 6 8
-- 6 9
-- 6 10
-- 6 11
-- 6 12
-- 6 13
-- 6 14
-- 6 15
-- 6 16
-- 6 17
-- 6 18
-- 6 19
-- 6 20
-- 6 21
-- 6 22
-- 6 23
-- 6 24
-- 6 25
-- 6 26
-- 6 27
-- 6 28
-- 6 29
-- 6 30
-- 6 31
-- 6 32
-- 6 33
-- 6 34
-- 6 35
-- 6 36
-- 6 37
-- 6 38
-- 6 39
-- 6 40
-- 6 41
-- 6 42
true 42 42
(0 -> 54) (1 -> 6) (2 -> 19) (3 -> 47) (4 -> 8) (6 -> 48) (7 -> 9) (8 -> 34) (10 -> 56) (12 -> 10) (13 -> 21) (15 -> 25) (17 -> 33) (18 -> 3) (20 -> 15) (21 -> 58) (22 -> 43) (23 -> 11) (24 -> 5) (25 -> 12) (27 -> 16) (28 -> 28) (29 -> 22) (30 -> 41) (31 -> 53) (32 -> 27) (33 -> 39) (34 -> 35) (36 -> 4) (37 -> 52) (40 -> 37) (41 -> 57) (45 -> 2) (46 -> 29) (47 -> 20) (49 -> 50) (51 -> 26) (53 -> 51) (54 -> 59) (55 -> 40) (56 -> 55) (58 -> 13) 
6
