-- 26 1
-- 26 2
-- 26 3
-- 26 4
-- 26 5
-- 26 6
-- 26 7
-- 26 8
-- 26 9
-- 26 10
-- 26 11
-- 26 12
-- 26 13
-- 26 14
-- 26 15
-- 26 16
-- 26 17
-- 26 18
-- 26 19
-- 26 20
-- 26 21
-- 26 22
-- 26 23
-- 26 24
-- 26 25
-- 26 26
-- 26 27
-- 26 28
-- 26 29
-- 26 30
-- 26 31
-- 26 32
-- 26 33
-- 26 34
-- 26 35
-- 26 36
-- 26 37
-- 26 38
-- 26 39
-- 26 40
-- 26 41
-- 26 42
-- 26 43
-- 26 44
-- 26 45
-- 26 46
-- 26 47
-- 26 48
-- 26 49
-- 26 50
-- 26 51
-- 26 52
-- 26 53
-- 26 54
-- 26 55
-- 26 56
-- 26 57
-- 26 58
-- 26 59
-- 26 60
-- 26 61
-- 26 62
-- 26 63
-- 26 64
true 172 64
(1 -> 35) (2 -> 89) (6 -> 79) (8 -> 44) (9 -> 55) (10 -> 13) (11 -> 70) (12 -> 95) (15 -> 43) (16 -> 93) (18 -> 49) (19 -> 50) (20 -> 72) (21 -> 37) (22 -> 81) (23 -> 3) (24 -> 84) (27 -> 24) (28 -> 29) (29 -> 77) (30 -> 60) (32 -> 32) (33 -> 52) (36 -> 31) (37 -> 10) (38 -> 33) (41 -> 88) (42 -> 75) (45 -> 14) (47 -> 71) (48 -> 19) (49 -> 26) (50 -> 92) (54 -> 36) (55 -> 28) (56 -> 82) (60 -> 0) (61 -> 62) (62 -> 67) (63 -> 85) (65 -> 38) (66 -> 98) (67 -> 6) (68 -> 80) (69 -> 83) (70 -> 63) (73 -> 47) (74 -> 45) (75 -> 12) (78 -> 4) (79 -> 1) (80 -> 68) (81 -> 5) (82 -> 48) (83 -> 23) (84 -> 39) (86 -> 94) (89 -> 7) (90 -> 97) (91 -> 2) (92 -> 90) (95 -> 76) (96 -> 25) (97 -> 41) 
27
