-- 52 1
-- 52 2
-- 52 3
-- 52 4
-- 52 5
-- 52 6
-- 52 7
-- 52 8
-- 52 9
-- 52 10
-- 52 11
-- 52 12
-- 52 13
-- 52 14
-- 52 15
-- 52 16
-- 52 17
-- 52 18
-- 52 19
-- 53 20
-- 53 21
-- 53 22
-- 53 23
-- 53 24
-- 53 25
-- 53 26
-- 53 27
-- 53 28
-- 53 29
-- 53 30
-- 53 31
-- 53 32
-- 53 33
-- 53 34
-- 53 35
-- 53 36
-- 53 37
-- 53 38
-- 53 39
-- 53 40
-- 53 41
-- 53 42
-- 53 43
-- 53 44
-- 53 45
-- 53 46
-- 53 47
-- 53 48
-- 53 49
-- 53 50
-- 53 51
-- 53 52
-- 53 53
-- 53 54
-- 53 55
-- 53 56
-- 53 57
-- 53 58
-- 53 59
-- 53 60
-- 53 61
-- 53 62
-- 53 63
true 520 63
(0 -> 87) (1 -> 28) (2 -> 11) (6 -> 29) (7 -> 54) (9 -> 26) (10 -> 62) (11 -> 88) (12 -> 32) (13 -> 67) (14 -> 42) (15 -> 25) (16 -> 19) (17 -> 82) (20 -> 6) (21 -> 27) (22 -> 10) (23 -> 79) (24 -> 70) (25 -> 16) (26 -> 43) (31 -> 80) (32 -> 38) (34 -> 3) (36 -> 12) (38 -> 53) (39 -> 0) (41 -> 34) (42 -> 71) (43 -> 2) (44 -> 89) (45 -> 74) (46 -> 51) (47 -> 83) (48 -> 64) (50 -> 35) (51 -> 77) (53 -> 13) (54 -> 18) (55 -> 30) (59 -> 22) (60 -> 76) (61 -> 41) (62 -> 65) (64 -> 85) (67 -> 56) (68 -> 73) (69 -> 75) (70 -> 86) (71 -> 60) (72 -> 1) (73 -> 8) (75 -> 37) (76 -> 45) (79 -> 46) (80 -> 39) (81 -> 9) (82 -> 17) (84 -> 57) (86 -> 78) (87 -> 14) (88 -> 66) (89 -> 4) 
54
