-- 32 1
-- 32 2
-- 32 3
-- 32 4
-- 32 5
-- 32 6
-- 32 7
-- 32 8
-- 32 9
-- 32 10
-- 32 11
-- 32 12
-- 32 13
-- 32 14
-- 32 15
-- 32 16
-- 32 17
-- 32 18
-- 32 19
-- 32 20
-- 32 21
-- 32 22
-- 32 23
-- 32 24
-- 32 25
-- 32 26
-- 32 27
-- 32 28
-- 32 29
-- 32 30
-- 32 31
-- 32 32
-- 32 33
-- 32 34
-- 32 35
-- 32 36
-- 32 37
-- 32 38
-- 32 39
-- 32 40
-- 32 41
-- 32 42
-- 32 43
-- 32 44
-- 32 45
-- 32 46
-- 32 47
-- 32 48
-- 32 49
-- 32 50
-- 32 51
-- 32 52
-- 32 53
-- 32 54
-- 32 55
-- 32 56
true 56 56
(1 -> 47) (2 -> 48) (3 -> 17) (5 -> 51) (10 -> 11) (11 -> 71) (12 -> 62) (13 -> 5) (15 -> 46) (16 -> 4) (17 -> 75) (18 -> 28) (20 -> 15) (21 -> 32) (23 -> 21) (24 -> 78) (25 -> 7) (27 -> 60) (28 -> 67) (30 -> 53) (31 -> 58) (32 -> 59) (33 -> 12) (34 -> 18) (36 -> 14) (37 -> 16) (39 -> 30) (40 -> 22) (42 -> 77) (46 -> 35) (48 -> 57) (49 -> 42) (52 -> 45) (55 -> 1) (56 -> 79) (57 -> 10) (58 -> 40) (59 -> 55) (60 -> 20) (61 -> 23) (62 -> 37) (63 -> 38) (64 -> 61) (65 -> 52) (66 -> 6) (67 -> 49) (70 -> 0) (71 -> 25) (72 -> 56) (73 -> 70) (74 -> 63) (75 -> 13) (76 -> 39) (77 -> 26) (78 -> 29) (79 -> 36) 
33
