-- 61 1
-- 61 2
-- 61 3
-- 61 4
-- 61 5
-- 61 6
-- 61 7
-- 61 8
-- 61 9
-- 61 10
-- 61 11
-- 61 12
-- 61 13
-- 61 14
-- 61 15
-- 61 16
-- 61 17
-- 61 18
-- 61 19
-- 61 20
-- 61 21
-- 61 22
-- 61 23
-- 61 24
-- 61 25
-- 61 26
-- 62 27
-- 62 28
-- 62 29
-- 62 30
-- 62 31
-- 62 32
-- 62 33
-- 62 34
-- 62 35
-- 62 36
-- 62 37
-- 62 38
-- 62 39
-- 62 40
-- 62 41
-- 62 42
-- 62 43
-- 62 44
-- 62 45
-- 62 46
-- 62 47
-- 62 48
-- 62 49
-- 62 50
-- 62 51
-- 62 52
-- 62 53
-- 62 54
-- 62 55
-- 62 56
-- 62 57
-- 62 58
-- 62 59
-- 62 60
-- 62 61
-- 62 62
-- 62 63
-- 62 64
-- 62 65
-- 62 66
-- 62 67
-- 62 68
-- 62 69
-- 62 70
-- 62 71
-- 62 72
-- 62 73
-- 62 74
-- 62 75
-- 62 76
-- 62 77
-- 62 78
-- 62 79
-- 62 80
true 84 80
(0 -> 28) (1 -> 29) (2 -> 2) (3 -> 45) (4 -> 62) (5 -> 69) (6 -> 33) (7 -> 55) (8 -> 78) (9 -> 74) (10 -> 20) (11 -> 3) (12 -> 26) (14 -> 56) (15 -> 50) (16 -> 76) (17 -> 60) (18 -> 0) (19 -> 88) (20 -> 58) (21 -> 54) (22 -> 77) (23 -> 16) (24 -> 82) (25 -> 39) (26 -> 34) (27 -> 40) (28 -> 35) (29 -> 10) (30 -> 71) (31 -> 4) (32 -> 87) (34 -> 38) (35 -> 75) (36 -> 22) (37 -> 63) (38 -> 67) (39 -> 41) (41 -> 73) (42 -> 21) (43 -> 12) (44 -> 46) (45 -> 13) (46 -> 84) (47 -> 36) (48 -> 14) (49 -> 8) (51 -> 80) (52 -> 17) (53 -> 48) (54 -> 11) (55 -> 53) (56 -> 6) (57 -> 49) (58 -> 44) (60 -> 72) (61 -> 51) (62 -> 7) (63 -> 5) (64 -> 24) (65 -> 89) (66 -> 18) (68 -> 25) (69 -> 30) (71 -> 64) (72 -> 68) (73 -> 83) (74 -> 61) (76 -> 23) (77 -> 9) (78 -> 19) (79 -> 52) (82 -> 43) (83 -> 85) (84 -> 86) (85 -> 1) (86 -> 70) (87 -> 27) (88 -> 47) (89 -> 15) 
63
