-- 38 1
-- 38 2
-- 38 3
-- 38 4
-- 38 5
-- 38 6
-- 38 7
-- 38 8
-- 38 9
-- 38 10
-- 38 11
-- 38 12
-- 38 13
-- 38 14
-- 38 15
-- 38 16
-- 38 17
-- 38 18
-- 38 19
-- 38 20
-- 38 21
-- 38 22
-- 38 23
-- 38 24
-- 38 25
-- 38 26
-- 38 27
-- 38 28
-- 38 29
-- 38 30
-- 38 31
-- 38 32
-- 38 33
-- 38 34
-- 38 35
-- 38 36
-- 38 37
-- 38 38
-- 38 39
-- 38 40
-- 38 41
-- 38 42
-- 38 43
-- 38 44
-- 38 45
-- 38 46
-- 38 47
-- 38 48
-- 38 49
-- 38 50
-- 38 51
-- 39 52
-- 39 53
-- 39 54
-- 39 55
-- 39 56
-- 39 57
-- 39 58
-- 39 59
-- 39 60
-- 39 61
-- 39 62
-- 39 63
-- 39 64
-- 39 65
-- 39 66
-- 39 67
-- 39 68
-- 39 69
-- 39 70
-- 39 71
-- 39 72
-- 39 73
-- 39 74
-- 39 75
-- 39 76
-- 39 77
-- 39 78
-- 39 79
-- 39 80
-- 39 81
true 81 81
(0 -> 21) (1 -> 2) (4 -> 50) (5 -> 77) (7 -> 17) (8 -> 89) (9 -> 26) (10 -> 28) (11 -> 42) (12 -> 38) (13 -> 24) (14 -> 27) (15 -> 69) (16 -> 9) (17 -> 1) (18 -> 40) (19 -> 30) (20 -> 74) (21 -> 52) (22 -> 5) (23 -> 13) (24 -> 33) (25 -> 75) (26 -> 22) (27 -> 46) (28 -> 55) (30 -> 11) (31 -> 88) (32 -> 71) (33 -> 84) (35 -> 51) (36 -> 32) (37 -> 6) (38 -> 15) (39 -> 67) (40 -> 45) (41 -> 68) (42 -> 43) (43 -> 54) (44 -> 72) (45 -> 80) (46 -> 78) (47 -> 76) (48 -> 70) (49 -> 19) (50 -> 47) (51 -> 79) (52 -> 56) (53 -> 60) (54 -> 20) (55 -> 53) (56 -> 0) (58 -> 34) (59 -> 85) (60 -> 58) (61 -> 81) (62 -> 62) (63 -> 83) (64 -> 25) (65 -> 36) (66 -> 65) (67 -> 64) (68 -> 61) (69 -> 59) (71 -> 41) (72 -> 4) (74 -> 14) (75 -> 31) (76 -> 73) (77 -> 66) (79 -> 35) (80 -> 18) (81 -> 63) (82 -> 44) (83 -> 37) (84 -> 7) (85 -> 12) (86 -> 49) (87 -> 39) (88 -> 82) (89 -> 8) 
39
