-- 74 1
-- 74 2
-- 74 3
-- 74 4
-- 74 5
-- 74 6
-- 74 7
-- 74 8
-- 74 9
-- 74 10
-- 74 11
-- 74 12
-- 74 13
-- 74 14
-- 74 15
-- 74 16
-- 74 17
-- 74 18
-- 74 19
-- 74 20
-- 74 21
-- 74 22
-- 74 23
-- 74 24
-- 74 25
-- 74 26
-- 74 27
-- 74 28
-- 74 29
-- 74 30
-- 74 31
-- 74 32
-- 74 33
-- 74 34
-- 74 35
-- 74 36
-- 74 37
-- 74 38
-- 74 39
-- 74 40
-- 74 41
-- 74 42
-- 74 43
-- 74 44
-- 74 45
-- 74 46
-- 74 47
-- 74 48
-- 74 49
-- 74 50
-- 74 51
-- 74 52
-- 74 53
-- 74 54
-- 74 55
-- 74 56
-- 74 57
-- 74 58
-- 74 59
-- 74 60
-- 74 61
-- 74 62
-- 74 63
-- 74 64
-- 74 65
-- 74 66
-- 74 67
-- 74 68
-- 74 69
-- 74 70
-- 74 71
-- 74 72
-- 75 73
-- 75 74
-- 75 75
-- 75 76
-- 75 77
-- 75 78
-- 75 79
-- 75 80
-- 75 81
true 94 81
(0 -> 89) (1 -> 47) (2 -> 60) (3 -> 78) (4 -> 37) (5 -> 21) (6 -> 80) (8 -> 51) (9 -> 10) (10 -> 15) (11 -> 88) (12 -> 7) (13 -> 27) (14 -> 62) (15 -> 75) (16 -> 34) (17 -> 17) (18 -> 61) (19 -> 42) (20 -> 53) (21 -> 82) (22 -> 1) (23 -> 32) (24 -> 81) (25 -> 24) (26 -> 43) (27 -> 66) (28 -> 0) (29 -> 19) (32 -> 45) (33 -> 76) (34 -> 83) (35 -> 28) (36 -> 67) (38 -> 29) (39 -> 71) (40 -> 55) (41 -> 8) (42 -> 84) (43 -> 44) (44 -> 22) (45 -> 86) (46 -> 41) (47 -> 33) (48 -> 26) (49 -> 72) (50 -> 69) (51 -> 87) (52 -> 20) (54 -> 30) (55 -> 38) (56 -> 12) (57 -> 18) (58 -> 9) (59 -> 5) (60 -> 36) (61 -> 23) (62 -> 16) (63 -> 4) (64 -> 79) (65 -> 13) (66 -> 57) (68 -> 14) (69 -> 56) (71 -> 3) (72 -> 52) (73 -> 40) (74 -> 46) (75 -> 73) (77 -> 39) (78 -> 11) (80 -> 50) (81 -> 31) (82 -> 25) (83 -> 58) (84 -> 68) (85 -> 63) (86 -> 70) (87 -> 64) (88 -> 2) (89 -> 35) 
75
