-- 15 1
-- 15 2
-- 15 3
-- 15 4
-- 15 5
-- 15 6
-- 15 7
-- 15 8
-- 15 9
-- 15 10
-- 15 11
-- 15 12
-- 16 13
-- 16 14
-- 16 15
-- 16 16
-- 16 17
-- 16 18
-- 16 19
-- 16 20
-- 16 21
-- 16 22
-- 16 23
-- 16 24
-- 16 25
-- 16 26
-- 16 27
-- 16 28
-- 16 29
-- 16 30
-- 16 31
-- 16 32
-- 16 33
-- 16 34
-- 16 35
-- 16 36
-- 16 37
-- 16 38
-- 16 39
-- 16 40
-- 16 41
-- 16 42
-- 16 43
-- 16 44
-- 16 45
-- 16 46
-- 16 47
-- 16 48
-- 16 49
true 50 49
(0 -> 5) (3 -> 27) (4 -> 59) (5 -> 20) (6 -> 13) (7 -> 39) (8 -> 26) (9 -> 11) (11 -> 12) (12 -> 7) (14 -> 38) (15 -> 16) (16 -> 41) (17 -> 53) (18 -> 47) (19 -> 57) (20 -> 58) (21 -> 56) (22 -> 18) (23 -> 28) (24 -> 17) (25 -> 6) (26 -> 19) (27 -> 55) (28 -> 3) (30 -> 42) (31 -> 46) (33 -> 21) (34 -> 35) (35 -> 24) (36 -> 33) (37 -> 23) (38 -> 49) (41 -> 2) (42 -> 43) (43 -> 22) (45 -> 45) (47 -> 0) (48 -> 32) (49 -> 30) (50 -> 4) (51 -> 1) (52 -> 25) (53 -> 8) (54 -> 15) (55 -> 14) (56 -> 54) (57 -> 52) (59 -> 48) 
16
