-- 36 1
-- 36 2
-- 36 3
-- 36 4
-- 36 5
-- 36 6
-- 36 7
-- 36 8
-- 36 9
-- 36 10
-- 36 11
-- 36 12
-- 36 13
-- 36 14
-- 36 15
-- 36 16
-- 36 17
-- 36 18
-- 36 19
-- 36 20
-- 36 21
-- 36 22
-- 36 23
-- 36 24
-- 36 25
-- 36 26
-- 36 27
-- 36 28
-- 36 29
-- 36 30
-- 36 31
-- 37 32
-- 37 33
-- 37 34
-- 37 35
-- 37 36
-- 37 37
-- 37 38
-- 37 39
-- 37 40
-- 37 41
-- 37 42
-- 37 43
-- 37 44
-- 37 45
-- 37 46
-- 37 47
-- 37 48
-- 37 49
-- 37 50
-- 37 51
-- 37 52
-- 37 53
-- 37 54
-- 37 55
-- 37 56
-- 37 57
-- 37 58
-- 37 59
-- 37 60
-- 37 61
-- 37 62
-- 37 63
-- 37 64
-- 37 65
-- 37 66
-- 37 67
-- 37 68
-- 37 69
-- 37 70
-- 37 71
-- 37 72
-- 37 73
-- 37 74
-- 37 75
-- 37 76
-- 37 77
-- 37 78
-- 37 79
-- 37 80
-- 37 81
true 97 81
(0 -> 86) (1 -> 51) (2 -> 12) (4 -> 40) (5 -> 6) (6 -> 61) (7 -> 60) (8 -> 1) (9 -> 62) (10 -> 75) (11 -> 99) (12 -> 69) (13 -> 45) (17 -> 79) (18 -> 44) (19 -> 96) (20 -> 19) (21 -> 84) (22 -> 95) (23 -> 43) (24 -> 21) (25 -> 18) (26 -> 17) (27 -> 85) (28 -> 70) (29 -> 26) (30 -> 94) (31 -> 28) (32 -> 55) (33 -> 90) (34 -> 2) (35 -> 33) (36 -> 52) (37 -> 63) (38 -> 64) (39 -> 42) (40 -> 53) (41 -> 37) (42 -> 89) (43 -> 59) (44 -> 8) (45 -> 14) (48 -> 32) (49 -> 73) (51 -> 7) (52 -> 9) (53 -> 38) (54 -> 93) (57 -> 49) (58 -> 41) (61 -> 0) (62 -> 4) (63 -> 13) (64 -> 48) (65 -> 81) (67 -> 98) (69 -> 88) (70 -> 39) (71 -> 10) (72 -> 82) (74 -> 97) (75 -> 31) (76 -> 15) (77 -> 68) (78 -> 5) (79 -> 11) (80 -> 83) (81 -> 78) (82 -> 80) (83 -> 74) (84 -> 25) (87 -> 16) (88 -> 35) (89 -> 34) (90 -> 72) (91 -> 77) (92 -> 91) (94 -> 22) (95 -> 30) (96 -> 58) (98 -> 20) 
37
