-- 17 1
-- 17 2
-- 17 3
-- 18 4
-- 18 5
-- 18 6
-- 18 7
-- 18 8
-- 18 9
-- 18 10
-- 18 11
-- 18 12
-- 18 13
-- 18 14
-- 18 15
-- 18 16
-- 18 17
-- 18 18
-- 18 19
-- 18 20
-- 18 21
-- 18 22
-- 18 23
-- 18 24
-- 18 25
-- 18 26
-- 18 27
-- 18 28
-- 18 29
-- 18 30
-- 18 31
-- 18 32
-- 18 33
-- 18 34
-- 18 35
-- 18 36
-- 18 37
-- 18 38
-- 18 39
-- 18 40
-- 18 41
-- 18 42
-- 18 43
-- 18 44
-- 18 45
-- 18 46
-- 18 47
-- 18 48
-- 18 49
-- 18 50
-- 18 51
-- 18 52
-- 18 53
-- 18 54
-- 18 55
-- 18 56
-- 18 57
-- 18 58
-- 18 59
-- 18 60
-- 18 61
-- 18 62
-- 18 63
true 63 63
(0 -> 22) (1 -> 1) (2 -> 62) (4 -> 58) (5 -> 52) (6 -> 43) (8 -> 44) (9 -> 29) (10 -> 37) (11 -> 32) (12 -> 54) (13 -> 53) (14 -> 67) (16 -> 48) (18 -> 3) (19 -> 49) (20 -> 36) (21 -> 42) (22 -> 60) (23 -> 5) (24 -> 0) (25 -> 30) (26 -> 15) (27 -> 47) (28 -> 23) (30 -> 51) (32 -> 41) (33 -> 69) (34 -> 61) (35 -> 55) (36 -> 18) (37 -> 35) (38 -> 2) (39 -> 57) (40 -> 65) (41 -> 25) (42 -> 45) (43 -> 40) (44 -> 68) (45 -> 10) (46 -> 34) (47 -> 14) (48 -> 27) (49 -> 21) (50 -> 4) (51 -> 56) (52 -> 19) (53 -> 12) (54 -> 39) (55 -> 7) (56 -> 16) (58 -> 59) (59 -> 6) (60 -> 24) (61 -> 31) (62 -> 64) (63 -> 17) (64 -> 46) (65 -> 13) (66 -> 26) (67 -> 50) (68 -> 28) (69 -> 20) 
18
