-- 34 1
-- 34 2
-- 34 3
-- 34 4
-- 34 5
-- 34 6
-- 34 7
-- 34 8
-- 34 9
-- 34 10
-- 34 11
-- 34 12
-- 34 13
-- 34 14
-- 34 15
-- 34 16
-- 34 17
-- 34 18
-- 34 19
-- 34 20
-- 34 21
-- 34 22
-- 34 23
-- 34 24
-- 34 25
-- 34 26
-- 34 27
-- 34 28
-- 34 29
-- 34 30
-- 34 31
-- 34 32
-- 34 33
-- 34 34
-- 34 35
-- 34 36
-- 34 37
-- 34 38
-- 34 39
-- 34 40
-- 34 41
-- 34 42
-- 34 43
-- 34 44
-- 34 45
-- 34 46
-- 34 47
-- 34 48
-- 34 49
-- 34 50
-- 34 51
-- 34 52
-- 34 53
-- 34 54
-- 34 55
-- 34 56
-- 34 57
-- 35 58
-- 35 59
-- 35 60
-- 35 61
-- 35 62
-- 35 63
-- 35 64
-- 35 65
-- 35 66
-- 35 67
-- 35 68
-- 35 69
-- 35 70
-- 35 71
-- 35 72
-- 35 73
-- 35 74
-- 35 75
-- 35 76
-- 35 77
-- 35 78
-- 35 79
-- 35 80
-- 35 81
true 81 81
(0 -> 75) (1 -> 33) (2 -> 46) (3 -> 59) (4 -> 5) (5 -> 22) (6 -> 64) (7 -> 7) (8 -> 62) (9 -> 3) (10 -> 25) (11 -> 50) (12 -> 30) (13 -> 89) (14 -> 74) (15 -> 8) (16 -> 73) (17 -> 11) (18 -> 82) (19 -> 38) (20 -> 78) (21 -> 44) (22 -> 34) (23 -> 66) (24 -> 67) (25 -> 85) (26 -> 20) (28 -> 55) (29 -> 56) (31 -> 42) (32 -> 35) (33 -> 71) (34 -> 58) (35 -> 2) (36 -> 53) (37 -> 48) (38 -> 32) (39 -> 28) (40 -> 21) (42 -> 27) (43 -> 63) (44 -> 86) (45 -> 10) (46 -> 14) (47 -> 31) (49 -> 83) (50 -> 18) (51 -> 37) (53 -> 23) (54 -> 4) (55 -> 45) (56 -> 76) (57 -> 51) (58 -> 1) (59 -> 60) (60 -> 17) (62 -> 68) (63 -> 16) (64 -> 15) (65 -> 87) (66 -> 79) (67 -> 40) (69 -> 84) (70 -> 36) (71 -> 26) (72 -> 70) (73 -> 77) (74 -> 24) (75 -> 0) (76 -> 41) (77 -> 52) (78 -> 39) (79 -> 65) (80 -> 13) (82 -> 88) (84 -> 80) (85 -> 54) (86 -> 29) (87 -> 6) (88 -> 57) (89 -> 72) 
35
