-- 37 1
-- 37 2
-- 37 3
-- 37 4
-- 37 5
-- 37 6
-- 37 7
-- 37 8
-- 37 9
-- 37 10
-- 37 11
-- 37 12
-- 37 13
-- 37 14
-- 37 15
-- 37 16
-- 37 17
-- 37 18
-- 37 19
-- 37 20
-- 37 21
-- 37 22
-- 37 23
-- 37 24
-- 37 25
-- 37 26
-- 37 27
-- 37 28
-- 37 29
-- 37 30
-- 37 31
-- 37 32
-- 37 33
-- 37 34
-- 37 35
-- 37 36
-- 37 37
-- 37 38
-- 37 39
-- 37 40
-- 37 41
-- 37 42
-- 37 43
-- 37 44
-- 37 45
-- 37 46
-- 37 47
-- 38 48
-- 38 49
-- 38 50
-- 38 51
-- 38 52
-- 38 53
-- 38 54
-- 38 55
-- 38 56
-- 38 57
-- 38 58
-- 38 59
-- 38 60
-- 38 61
-- 38 62
-- 38 63
-- 38 64
-- 38 65
-- 38 66
-- 38 67
-- 38 68
-- 38 69
-- 38 70
-- 38 71
-- 38 72
-- 38 73
-- 38 74
-- 38 75
-- 38 76
-- 38 77
-- 38 78
-- 38 79
-- 38 80
-- 38 81
true 110 81
(0 -> 89) (1 -> 2) (2 -> 68) (3 -> 12) (4 -> 13) (5 -> 15) (6 -> 4) (7 -> 42) (8 -> 11) (9 -> 20) (10 -> 96) (11 -> 88) (12 -> 83) (13 -> 85) (14 -> 87) (15 -> 8) (16 -> 9) (18 -> 99) (19 -> 33) (20 -> 6) (21 -> 1) (22 -> 94) (23 -> 24) (24 -> 14) (25 -> 66) (26 -> 75) (27 -> 21) (28 -> 46) (29 -> 64) (30 -> 81) (31 -> 59) (34 -> 45) (35 -> 26) (36 -> 80) (37 -> 10) (38 -> 38) (39 -> 67) (40 -> 62) (41 -> 49) (42 -> 34) (43 -> 5) (46 -> 32) (47 -> 44) (48 -> 54) (50 -> 56) (52 -> 43) (55 -> 36) (58 -> 35) (61 -> 97) (62 -> 74) (63 -> 50) (64 -> 60) (65 -> 98) (66 -> 53) (67 -> 22) (69 -> 71) (70 -> 31) (71 -> 23) (73 -> 39) (74 -> 73) (75 -> 79) (76 -> 92) (77 -> 70) (78 -> 55) (80 -> 77) (81 -> 93) (82 -> 91) (84 -> 95) (85 -> 19) (86 -> 76) (87 -> 37) (89 -> 57) (90 -> 65) (91 -> 17) (93 -> 25) (94 -> 63) (95 -> 30) (96 -> 82) (97 -> 29) (98 -> 7) (99 -> 18) 
38
