-- 28 1
-- 28 2
-- 28 3
-- 28 4
-- 28 5
-- 28 6
-- 28 7
-- 28 8
-- 28 9
-- 28 10
-- 28 11
-- 28 12
-- 28 13
-- 28 14
-- 28 15
-- 28 16
-- 28 17
-- 28 18
-- 28 19
-- 28 20
-- 28 21
-- 28 22
-- 28 23
-- 28 24
-- 28 25
-- 28 26
-- 28 27
-- 28 28
-- 28 29
-- 28 30
-- 28 31
-- 28 32
-- 28 33
-- 28 34
-- 28 35
-- 28 36
-- 28 37
-- 28 38
-- 28 39
-- 28 40
-- 28 41
-- 28 42
-- 28 43
-- 28 44
-- 28 45
-- 28 46
-- 28 47
-- 28 48
-- 28 49
-- 28 50
-- 28 51
-- 28 52
-- 28 53
-- 28 54
-- 28 55
-- 28 56
-- 28 57
-- 28 58
-- 28 59
-- 28 60
-- 28 61
-- 28 62
-- 28 63
-- 28 64
-- 28 65
-- 28 66
-- 28 67
-- 28 68
-- 28 69
-- 28 70
-- 28 71
-- 28 72
-- 28 73
-- 28 74
-- 28 75
-- 28 76
-- 28 77
-- 28 78
-- 28 79
-- 28 80
-- 28 81
-- 28 82
-- 28 83
-- 28 84
-- 28 85
-- 28 86
-- 28 87
-- 28 88
-- 28 89
-- 28 90
true 90 90
(0 -> 45) (1 -> 15) (2 -> 43) (3 -> 77) (4 -> 92) (5 -> 26) (7 -> 12) (8 -> 14) (9 -> 82) (11 -> 60) (12 -> 2) (13 -> 25) (14 -> 0) (16 -> 37) (17 -> 31) (19 -> 50) (20 -> 63) (22 -> 29) (23 -> 71) (24 -> 20) (25 -> 99) (26 -> 42) (27 -> 19) (28 -> 78) (29 -> 46) (30 -> 68) (31 -> 32) (32 -> 11) (33 -> 80) (35 -> 10) (36 -> 5) (37 -> 66) (38 -> 52) (40 -> 6) (41 -> 84) (42 -> 18) (43 -> 86) (44 -> 65) (45 -> 91) (46 -> 57) (47 -> 79) (48 -> 30) (49 -> 72) (50 -> 35) (51 -> 61) (52 -> 22) (53 -> 33) (54 -> 23) (55 -> 38) (56 -> 62) (57 -> 8) (58 -> 97) (59 -> 88) (60 -> 89) (61 -> 93) (62 -> 36) (63 -> 94) (64 -> 74) (65 -> 73) (66 -> 90) (67 -> 48) (68 -> 44) (69 -> 27) (70 -> 39) (71 -> 40) (72 -> 54) (73 -> 56) (74 -> 17) (75 -> 85) (76 -> 41) (77 -> 76) (78 -> 58) (79 -> 3) (80 -> 9) (81 -> 55) (82 -> 70) (83 -> 64) (84 -> 34) (85 -> 59) (86 -> 95) (87 -> 16) (89 -> 28) (90 -> 7) (92 -> 87) (93 -> 51) (94 -> 83) (95 -> 47) (97 -> 69) (98 -> 13) (99 -> 81) 
29
