-- 40 1
-- 40 2
-- 40 3
-- 40 4
-- 40 5
-- 40 6
-- 40 7
-- 40 8
-- 40 9
-- 40 10
-- 40 11
-- 40 12
-- 40 13
-- 40 14
-- 40 15
-- 40 16
-- 40 17
-- 40 18
-- 40 19
-- 40 20
-- 40 21
-- 40 22
-- 40 23
-- 40 24
-- 40 25
-- 40 26
-- 40 27
-- 40 28
-- 40 29
-- 40 30
-- 40 31
-- 40 32
-- 40 33
-- 40 34
-- 40 35
-- 40 36
-- 40 37
-- 40 38
-- 40 39
-- 40 40
-- 40 41
-- 40 42
-- 40 43
-- 40 44
-- 40 45
-- 40 46
-- 40 47
-- 40 48
-- 40 49
-- 40 50
-- 40 51
-- 40 52
-- 40 53
-- 40 54
-- 40 55
-- 40 56
-- 40 57
-- 40 58
-- 40 59
-- 40 60
-- 40 61
-- 40 62
-- 40 63
-- 40 64
-- 40 65
-- 40 66
-- 40 67
-- 40 68
-- 40 69
-- 40 70
-- 40 71
-- 40 72
-- 40 73
-- 40 74
-- 41 75
-- 41 76
-- 41 77
-- 41 78
-- 41 79
-- 41 80
-- 41 81
-- 41 82
-- 41 83
-- 41 84
-- 41 85
-- 41 86
-- 41 87
-- 41 88
-- 41 89
-- 41 90
true 97 90
(0 -> 66) (1 -> 62) (2 -> 70) (3 -> 2) (4 -> 58) (5 -> 90) (6 -> 25) (7 -> 8) (8 -> 76) (9 -> 64) (10 -> 93) (11 -> 69) (12 -> 79) (13 -> 80) (14 -> 54) (15 -> 33) (16 -> 85) (17 -> 74) (18 -> 45) (19 -> 6) (20 -> 18) (21 -> 65) (22 -> 59) (23 -> 11) (24 -> 47) (25 -> 15) (26 -> 5) (27 -> 34) (28 -> 37) (29 -> 30) (30 -> 20) (31 -> 77) (32 -> 27) (33 -> 75) (34 -> 99) (35 -> 21) (38 -> 52) (39 -> 39) (40 -> 32) (41 -> 51) (43 -> 40) (44 -> 14) (45 -> 24) (46 -> 1) (47 -> 0) (48 -> 48) (49 -> 7) (50 -> 60) (51 -> 16) (52 -> 38) (53 -> 49) (54 -> 22) (55 -> 9) (56 -> 91) (57 -> 61) (58 -> 31) (59 -> 44) (60 -> 28) (61 -> 57) (64 -> 86) (65 -> 29) (66 -> 17) (67 -> 42) (68 -> 12) (69 -> 97) (71 -> 56) (72 -> 53) (74 -> 3) (75 -> 71) (76 -> 72) (77 -> 55) (78 -> 35) (79 -> 81) (80 -> 63) (81 -> 89) (82 -> 19) (84 -> 41) (85 -> 26) (86 -> 10) (87 -> 78) (88 -> 94) (89 -> 73) (90 -> 92) (91 -> 98) (93 -> 84) (94 -> 82) (95 -> 50) (96 -> 67) (98 -> 4) (99 -> 46) 
41
