-- 36 1
-- 36 2
-- 36 3
-- 36 4
-- 36 5
-- 36 6
-- 36 7
-- 36 8
-- 37 9
-- 37 10
-- 37 11
-- 37 12
-- 37 13
-- 37 14
-- 37 15
-- 37 16
-- 37 17
-- 37 18
-- 37 19
-- 37 20
-- 37 21
-- 37 22
-- 37 23
-- 37 24
-- 37 25
-- 37 26
-- 37 27
-- 37 28
-- 37 29
-- 37 30
-- 37 31
-- 37 32
-- 37 33
-- 37 34
-- 37 35
-- 37 36
-- 37 37
-- 37 38
-- 37 39
-- 37 40
-- 37 41
-- 37 42
-- 37 43
-- 37 44
-- 37 45
-- 37 46
-- 37 47
-- 37 48
-- 37 49
-- 37 50
-- 37 51
-- 37 52
-- 37 53
-- 37 54
-- 37 55
-- 37 56
-- 37 57
-- 37 58
-- 37 59
-- 37 60
-- 37 61
-- 37 62
-- 37 63
-- 37 64
true 64 64
(0 -> 23) (1 -> 15) (2 -> 19) (3 -> 57) (4 -> 40) (5 -> 10) (6 -> 28) (7 -> 42) (8 -> 18) (9 -> 60) (10 -> 69) (11 -> 37) (12 -> 44) (13 -> 63) (14 -> 36) (15 -> 38) (16 -> 8) (17 -> 55) (18 -> 9) (19 -> 51) (20 -> 7) (21 -> 21) (22 -> 65) (23 -> 17) (24 -> 31) (25 -> 64) (26 -> 22) (27 -> 13) (28 -> 43) (29 -> 56) (30 -> 0) (31 -> 49) (33 -> 12) (34 -> 53) (35 -> 68) (36 -> 59) (37 -> 39) (38 -> 41) (40 -> 48) (42 -> 3) (43 -> 5) (44 -> 30) (45 -> 1) (46 -> 26) (47 -> 4) (48 -> 14) (49 -> 29) (50 -> 25) (51 -> 6) (52 -> 66) (53 -> 11) (54 -> 46) (55 -> 32) (56 -> 20) (57 -> 54) (58 -> 16) (59 -> 67) (61 -> 35) (63 -> 34) (65 -> 2) (66 -> 47) (67 -> 27) (68 -> 62) (69 -> 33) 
37
