-- 48 1
-- 48 2
-- 48 3
-- 48 4
-- 48 5
-- 48 6
-- 48 7
-- 48 8
-- 48 9
-- 48 10
-- 48 11
-- 48 12
-- 48 13
-- 48 14
-- 48 15
-- 48 16
-- 48 17
-- 48 18
-- 48 19
-- 48 20
-- 48 21
-- 48 22
-- 48 23
-- 48 24
-- 48 25
-- 48 26
-- 48 27
-- 48 28
-- 48 29
-- 48 30
-- 48 31
-- 48 32
-- 48 33
-- 48 34
-- 48 35
-- 48 36
-- 48 37
-- 48 38
-- 48 39
-- 48 40
-- 48 41
-- 48 42
-- 48 43
-- 48 44
-- 48 45
-- 48 46
-- 48 47
-- 48 48
-- 48 49
-- 48 50
-- 48 51
-- 48 52
-- 48 53
-- 48 54
-- 48 55
-- 48 56
-- 48 57
-- 48 58
-- 48 59
-- 48 60
-- 48 61
-- 48 62
-- 48 63
-- 48 64
-- 48 65
-- 48 66
-- 48 67
-- 48 68
-- 48 69
-- 48 70
-- 48 71
-- 48 72
-- 49 73
-- 49 74
-- 49 75
-- 49 76
-- 49 77
-- 49 78
-- 49 79
-- 49 80
-- 49 81
true 81 81
(0 -> 16) (1 -> 30) (3 -> 15) (4 -> 22) (5 -> 25) (6 -> 11) (7 -> 41) (8 -> 65) (9 -> 34) (10 -> 51) (11 -> 72) (12 -> 80) (13 -> 10) (14 -> 45) (15 -> 2) (16 -> 31) (17 -> 62) (18 -> 32) (19 -> 1) (20 -> 24) (21 -> 87) (22 -> 67) (23 -> 29) (24 -> 17) (25 -> 40) (26 -> 58) (27 -> 75) (28 -> 39) (29 -> 82) (30 -> 27) (31 -> 53) (33 -> 38) (34 -> 43) (35 -> 66) (36 -> 20) (37 -> 5) (38 -> 7) (39 -> 19) (40 -> 35) (41 -> 63) (43 -> 18) (44 -> 47) (45 -> 56) (46 -> 12) (47 -> 0) (48 -> 71) (50 -> 88) (51 -> 81) (52 -> 23) (54 -> 44) (55 -> 85) (56 -> 9) (57 -> 54) (58 -> 13) (59 -> 59) (61 -> 8) (62 -> 68) (63 -> 48) (64 -> 52) (65 -> 89) (66 -> 50) (68 -> 69) (69 -> 70) (70 -> 37) (72 -> 49) (74 -> 64) (75 -> 6) (76 -> 14) (77 -> 76) (78 -> 4) (79 -> 83) (80 -> 73) (81 -> 78) (82 -> 77) (83 -> 79) (84 -> 36) (85 -> 28) (86 -> 21) (87 -> 26) (88 -> 60) (89 -> 61) 
49
