Incumbent size: 1
Incumbent size: 2
Incumbent size: 3
Incumbent size: 4
Incumbent size: 5
Incumbent size: 6
Incumbent size: 7
Incumbent size: 8
Incumbent size: 9
Incumbent size: 10
Incumbent size: 11
Incumbent size: 12
Incumbent size: 13
Incumbent size: 14
Incumbent size: 15
Incumbent size: 16
Incumbent size: 17
Incumbent size: 18
Incumbent size: 19
Incumbent size: 20
Incumbent size: 21
Incumbent size: 22
Incumbent size: 23
Incumbent size: 24
Incumbent size: 25
Incumbent size: 26
Incumbent size: 27
Incumbent size: 28
Incumbent size: 29
Incumbent size: 30
Incumbent size: 31
Incumbent size: 32
Incumbent size: 33
Incumbent size: 34
Incumbent size: 35
Incumbent size: 36
Incumbent size: 37
Solution size 37
(3 -> 54) (4 -> 74) (5 -> 8) (7 -> 67) (8 -> 64) (15 -> 11) (16 -> 4) (18 -> 27) (19 -> 43) (20 -> 56) (23 -> 80) (25 -> 87) (27 -> 16) (33 -> 30) (35 -> 45) (37 -> 44) (38 -> 19) (40 -> 7) (41 -> 18) (43 -> 37) (46 -> 9) (49 -> 5) (50 -> 51) (51 -> 83) (53 -> 71) (57 -> 85) (60 -> 60) (63 -> 3) (64 -> 62) (65 -> 31) (66 -> 46) (68 -> 15) (72 -> 63) (73 -> 81) (77 -> 86) (80 -> 22) (86 -> 41) 
Nodes:                      244487458
CPU time (ms):              100000
TIMEOUT
