Incumbent size: 1
Incumbent size: 2
Incumbent size: 3
Incumbent size: 4
Incumbent size: 5
Incumbent size: 6
Incumbent size: 7
Incumbent size: 8
Incumbent size: 9
Incumbent size: 10
Incumbent size: 11
Incumbent size: 12
Incumbent size: 13
Incumbent size: 14
Incumbent size: 15
Incumbent size: 16
Incumbent size: 17
Incumbent size: 18
Incumbent size: 19
Incumbent size: 20
Incumbent size: 21
Incumbent size: 22
Incumbent size: 23
Incumbent size: 24
Incumbent size: 25
Incumbent size: 26
Incumbent size: 27
Incumbent size: 28
Incumbent size: 29
Incumbent size: 30
Incumbent size: 31
Incumbent size: 32
Incumbent size: 33
Incumbent size: 34
Solution size 34
(3 -> 17) (4 -> 32) (5 -> 20) (9 -> 13) (10 -> 19) (11 -> 39) (15 -> 68) (16 -> 45) (18 -> 59) (20 -> 60) (25 -> 62) (26 -> 78) (30 -> 36) (31 -> 25) (33 -> 21) (34 -> 35) (35 -> 52) (36 -> 81) (40 -> 9) (42 -> 44) (44 -> 42) (55 -> 69) (60 -> 77) (61 -> 2) (66 -> 3) (67 -> 14) (72 -> 48) (74 -> 1) (81 -> 8) (84 -> 72) (85 -> 64) (86 -> 74) (87 -> 89) (89 -> 66) 
Nodes:                      289547000
CPU time (ms):              100000
TIMEOUT
