Incumbent size: 1
Incumbent size: 2
Incumbent size: 3
Incumbent size: 4
Incumbent size: 5
Incumbent size: 6
Incumbent size: 7
Incumbent size: 8
Incumbent size: 9
Incumbent size: 10
Incumbent size: 11
Incumbent size: 12
Incumbent size: 13
Incumbent size: 14
Incumbent size: 15
Incumbent size: 16
Incumbent size: 17
Incumbent size: 18
Incumbent size: 19
Incumbent size: 20
Incumbent size: 21
Incumbent size: 22
Incumbent size: 23
Incumbent size: 24
Incumbent size: 25
Incumbent size: 26
Incumbent size: 27
Incumbent size: 28
Incumbent size: 29
Incumbent size: 30
Incumbent size: 31
Solution size 31
(1 -> 61) (2 -> 64) (3 -> 15) (4 -> 69) (5 -> 12) (8 -> 33) (9 -> 46) (11 -> 29) (15 -> 9) (16 -> 38) (17 -> 56) (22 -> 58) (23 -> 24) (25 -> 45) (26 -> 66) (28 -> 65) (29 -> 44) (31 -> 57) (34 -> 70) (35 -> 5) (38 -> 55) (40 -> 71) (41 -> 6) (46 -> 42) (48 -> 32) (57 -> 19) (62 -> 59) (70 -> 21) (76 -> 23) (77 -> 49) (78 -> 13) 
Nodes:                      286567372
CPU time (ms):              100000
TIMEOUT
