Incumbent size: 1
Incumbent size: 2
Incumbent size: 3
Incumbent size: 4
Incumbent size: 5
Incumbent size: 6
Incumbent size: 7
Incumbent size: 8
Incumbent size: 9
Incumbent size: 10
Incumbent size: 11
Incumbent size: 12
Incumbent size: 13
Incumbent size: 14
Incumbent size: 15
Incumbent size: 16
Incumbent size: 17
Incumbent size: 18
Incumbent size: 19
Incumbent size: 20
Incumbent size: 21
Incumbent size: 22
Incumbent size: 23
Incumbent size: 24
Incumbent size: 25
Incumbent size: 26
Incumbent size: 27
Incumbent size: 28
Incumbent size: 29
Incumbent size: 30
Incumbent size: 31
Incumbent size: 32
Solution size 32
(2 -> 63) (4 -> 73) (5 -> 70) (6 -> 62) (7 -> 59) (10 -> 3) (14 -> 61) (16 -> 9) (17 -> 46) (18 -> 4) (26 -> 25) (28 -> 68) (34 -> 29) (35 -> 15) (37 -> 65) (38 -> 56) (39 -> 20) (41 -> 79) (42 -> 76) (45 -> 71) (46 -> 66) (50 -> 2) (51 -> 21) (52 -> 32) (54 -> 40) (55 -> 37) (58 -> 6) (59 -> 43) (64 -> 78) (66 -> 42) (71 -> 39) (75 -> 33) 
Nodes:                      272411914
CPU time (ms):              100000
TIMEOUT
