Incumbent size: 1
Incumbent size: 2
Incumbent size: 3
Incumbent size: 4
Incumbent size: 5
Incumbent size: 6
Incumbent size: 7
Incumbent size: 8
Incumbent size: 9
Incumbent size: 10
Incumbent size: 11
Incumbent size: 12
Incumbent size: 13
Incumbent size: 14
Incumbent size: 15
Incumbent size: 16
Incumbent size: 17
Incumbent size: 18
Incumbent size: 19
Incumbent size: 20
Incumbent size: 21
Incumbent size: 22
Incumbent size: 23
Incumbent size: 24
Incumbent size: 25
Incumbent size: 26
Incumbent size: 27
Incumbent size: 28
Incumbent size: 29
Incumbent size: 30
Incumbent size: 31
Solution size 31
(2 -> 37) (3 -> 46) (5 -> 48) (8 -> 2) (10 -> 34) (11 -> 44) (15 -> 56) (23 -> 88) (24 -> 71) (25 -> 73) (26 -> 21) (29 -> 28) (31 -> 33) (33 -> 57) (34 -> 19) (35 -> 58) (36 -> 70) (37 -> 5) (38 -> 62) (42 -> 54) (48 -> 65) (49 -> 61) (50 -> 26) (58 -> 83) (61 -> 86) (72 -> 85) (73 -> 20) (74 -> 64) (76 -> 78) (79 -> 14) (88 -> 0) 
Nodes:                      251245545
CPU time (ms):              100000
TIMEOUT
