Incumbent size: 1
Incumbent size: 2
Incumbent size: 3
Incumbent size: 4
Incumbent size: 5
Incumbent size: 6
Incumbent size: 7
Incumbent size: 8
Incumbent size: 9
Incumbent size: 10
Incumbent size: 11
Incumbent size: 12
Incumbent size: 13
Incumbent size: 14
Incumbent size: 15
Incumbent size: 16
Incumbent size: 17
Incumbent size: 18
Incumbent size: 19
Incumbent size: 20
Incumbent size: 21
Incumbent size: 22
Incumbent size: 23
Incumbent size: 24
Incumbent size: 25
Incumbent size: 26
Incumbent size: 27
Solution size 27
(2 -> 23) (3 -> 14) (6 -> 26) (8 -> 21) (9 -> 11) (13 -> 96) (16 -> 30) (18 -> 24) (24 -> 9) (25 -> 83) (27 -> 99) (28 -> 92) (38 -> 87) (39 -> 46) (42 -> 54) (43 -> 94) (46 -> 71) (47 -> 43) (48 -> 82) (58 -> 72) (63 -> 49) (70 -> 62) (74 -> 5) (75 -> 15) (84 -> 42) (87 -> 81) (91 -> 40) 
Nodes:                      225488185
CPU time (ms):              100000
TIMEOUT
