Incumbent size: 1
Incumbent size: 2
Incumbent size: 3
Incumbent size: 4
Incumbent size: 5
Incumbent size: 6
Incumbent size: 7
Incumbent size: 8
Incumbent size: 9
Incumbent size: 10
Incumbent size: 11
Incumbent size: 12
Incumbent size: 13
Incumbent size: 14
Incumbent size: 15
Incumbent size: 16
Incumbent size: 17
Incumbent size: 18
Incumbent size: 19
Incumbent size: 20
Incumbent size: 21
Incumbent size: 22
Incumbent size: 23
Incumbent size: 24
Incumbent size: 25
Incumbent size: 26
Incumbent size: 27
Incumbent size: 28
Solution size 28
(1 -> 1) (7 -> 55) (8 -> 44) (12 -> 20) (16 -> 12) (23 -> 39) (26 -> 42) (28 -> 46) (32 -> 5) (33 -> 0) (36 -> 37) (37 -> 68) (41 -> 2) (43 -> 47) (44 -> 38) (45 -> 25) (46 -> 28) (47 -> 53) (48 -> 67) (49 -> 48) (50 -> 13) (51 -> 59) (52 -> 23) (53 -> 57) (55 -> 69) (57 -> 17) (61 -> 36) (64 -> 14) 
Nodes:                      288566145
CPU time (ms):              100000
TIMEOUT
