Incumbent size: 1
Incumbent size: 2
Incumbent size: 3
Incumbent size: 4
Incumbent size: 5
Incumbent size: 6
Incumbent size: 7
Incumbent size: 8
Incumbent size: 9
Incumbent size: 10
Incumbent size: 11
Incumbent size: 12
Incumbent size: 13
Incumbent size: 14
Incumbent size: 15
Incumbent size: 16
Incumbent size: 17
Incumbent size: 18
Incumbent size: 19
Incumbent size: 20
Incumbent size: 21
Incumbent size: 22
Incumbent size: 23
Incumbent size: 24
Incumbent size: 25
Incumbent size: 26
Incumbent size: 27
Incumbent size: 28
Incumbent size: 29
Incumbent size: 30
Incumbent size: 31
Incumbent size: 32
Solution size 32
(1 -> 45) (3 -> 31) (4 -> 54) (6 -> 49) (7 -> 61) (8 -> 37) (9 -> 50) (10 -> 55) (14 -> 14) (18 -> 35) (22 -> 7) (28 -> 87) (29 -> 67) (30 -> 29) (37 -> 89) (40 -> 81) (43 -> 65) (44 -> 16) (50 -> 33) (52 -> 69) (53 -> 19) (56 -> 40) (57 -> 46) (58 -> 36) (63 -> 59) (65 -> 20) (66 -> 82) (70 -> 24) (74 -> 27) (79 -> 73) (84 -> 48) (86 -> 1) 
Nodes:                      195179618
CPU time (ms):              100000
TIMEOUT
