Incumbent size: 1
Incumbent size: 2
Incumbent size: 3
Incumbent size: 4
Incumbent size: 5
Incumbent size: 6
Incumbent size: 7
Incumbent size: 8
Incumbent size: 9
Incumbent size: 10
Incumbent size: 11
Incumbent size: 12
Incumbent size: 13
Incumbent size: 14
Incumbent size: 15
Incumbent size: 16
Incumbent size: 17
Incumbent size: 18
Incumbent size: 19
Incumbent size: 20
Incumbent size: 21
Incumbent size: 22
Incumbent size: 23
Incumbent size: 24
Incumbent size: 25
Incumbent size: 26
Incumbent size: 27
Incumbent size: 28
Incumbent size: 29
Incumbent size: 30
Incumbent size: 31
Incumbent size: 32
Incumbent size: 33
Incumbent size: 34
Incumbent size: 35
Solution size 35
(1 -> 36) (2 -> 52) (3 -> 59) (5 -> 2) (8 -> 72) (12 -> 8) (15 -> 60) (17 -> 9) (19 -> 29) (20 -> 7) (21 -> 23) (25 -> 78) (27 -> 68) (33 -> 37) (38 -> 70) (40 -> 67) (44 -> 22) (47 -> 35) (49 -> 55) (51 -> 46) (52 -> 17) (53 -> 5) (55 -> 58) (58 -> 57) (59 -> 45) (60 -> 44) (64 -> 21) (66 -> 61) (68 -> 42) (70 -> 50) (71 -> 1) (72 -> 39) (73 -> 47) (75 -> 66) (76 -> 20) 
Nodes:                      276034161
CPU time (ms):              100000
TIMEOUT
