Incumbent size: 1
Incumbent size: 2
Incumbent size: 3
Incumbent size: 4
Incumbent size: 5
Incumbent size: 6
Incumbent size: 7
Incumbent size: 8
Incumbent size: 9
Incumbent size: 10
Incumbent size: 11
Incumbent size: 12
Incumbent size: 13
Incumbent size: 14
Incumbent size: 15
Incumbent size: 16
Incumbent size: 17
Incumbent size: 18
Incumbent size: 19
Incumbent size: 20
Incumbent size: 21
Incumbent size: 22
Incumbent size: 23
Incumbent size: 24
Incumbent size: 25
Incumbent size: 26
Incumbent size: 27
Incumbent size: 28
Incumbent size: 29
Incumbent size: 30
Incumbent size: 31
Incumbent size: 32
Incumbent size: 33
Incumbent size: 34
Incumbent size: 35
Incumbent size: 36
Incumbent size: 37
Solution size 37
(0 -> 71) (1 -> 60) (2 -> 74) (3 -> 78) (4 -> 13) (5 -> 38) (6 -> 21) (11 -> 16) (16 -> 47) (18 -> 76) (20 -> 77) (25 -> 14) (26 -> 6) (27 -> 39) (29 -> 29) (30 -> 48) (31 -> 9) (32 -> 58) (33 -> 59) (34 -> 2) (36 -> 20) (37 -> 53) (44 -> 42) (46 -> 79) (54 -> 41) (55 -> 23) (57 -> 56) (58 -> 64) (59 -> 25) (64 -> 15) (68 -> 67) (71 -> 7) (73 -> 62) (76 -> 37) (77 -> 27) (78 -> 66) (79 -> 33) 
Nodes:                      259983072
CPU time (ms):              100000
TIMEOUT
