Incumbent size: 1
Incumbent size: 2
Incumbent size: 3
Incumbent size: 4
Incumbent size: 5
Incumbent size: 6
Incumbent size: 7
Incumbent size: 8
Incumbent size: 9
Incumbent size: 10
Incumbent size: 11
Incumbent size: 12
Incumbent size: 13
Incumbent size: 14
Incumbent size: 15
Incumbent size: 16
Incumbent size: 17
Incumbent size: 18
Incumbent size: 19
Incumbent size: 20
Incumbent size: 21
Incumbent size: 22
Incumbent size: 23
Incumbent size: 24
Incumbent size: 25
Incumbent size: 26
Incumbent size: 27
Incumbent size: 28
Incumbent size: 29
Incumbent size: 30
Incumbent size: 31
Incumbent size: 32
Incumbent size: 33
Incumbent size: 34
Incumbent size: 35
Incumbent size: 36
Solution size 36
(0 -> 89) (5 -> 8) (7 -> 94) (8 -> 38) (13 -> 17) (14 -> 10) (18 -> 73) (25 -> 82) (27 -> 61) (31 -> 41) (35 -> 97) (37 -> 99) (42 -> 83) (43 -> 25) (49 -> 40) (51 -> 34) (52 -> 95) (54 -> 11) (55 -> 3) (56 -> 13) (63 -> 30) (72 -> 1) (73 -> 6) (75 -> 29) (76 -> 70) (78 -> 46) (81 -> 42) (83 -> 12) (86 -> 7) (87 -> 98) (90 -> 69) (91 -> 52) (95 -> 35) (97 -> 75) (98 -> 16) (99 -> 85) 
Nodes:                      211328401
CPU time (ms):              100000
TIMEOUT
