Incumbent size: 1
Incumbent size: 2
Incumbent size: 3
Incumbent size: 4
Incumbent size: 5
Incumbent size: 6
Incumbent size: 7
Incumbent size: 8
Incumbent size: 9
Incumbent size: 10
Incumbent size: 11
Incumbent size: 12
Incumbent size: 13
Incumbent size: 14
Incumbent size: 15
Incumbent size: 16
Incumbent size: 17
Incumbent size: 18
Incumbent size: 19
Incumbent size: 20
Incumbent size: 21
Incumbent size: 22
Incumbent size: 23
Incumbent size: 24
Incumbent size: 25
Incumbent size: 26
Incumbent size: 27
Incumbent size: 28
Incumbent size: 29
Solution size 29
(2 -> 38) (3 -> 30) (5 -> 55) (7 -> 20) (12 -> 14) (17 -> 12) (23 -> 59) (24 -> 57) (33 -> 62) (44 -> 87) (45 -> 3) (46 -> 15) (48 -> 31) (49 -> 53) (50 -> 5) (52 -> 60) (60 -> 48) (61 -> 74) (63 -> 13) (64 -> 82) (65 -> 27) (67 -> 37) (68 -> 66) (72 -> 36) (73 -> 43) (85 -> 7) (86 -> 54) (87 -> 49) (88 -> 19) 
Nodes:                      214482706
CPU time (ms):              100000
TIMEOUT
