Incumbent size: 1
Incumbent size: 2
Incumbent size: 3
Incumbent size: 4
Incumbent size: 5
Incumbent size: 6
Incumbent size: 7
Incumbent size: 8
Incumbent size: 9
Incumbent size: 10
Incumbent size: 11
Incumbent size: 12
Incumbent size: 13
Incumbent size: 14
Incumbent size: 15
Incumbent size: 16
Incumbent size: 17
Incumbent size: 18
Incumbent size: 19
Incumbent size: 20
Incumbent size: 21
Incumbent size: 22
Incumbent size: 23
Incumbent size: 24
Incumbent size: 25
Incumbent size: 26
Incumbent size: 27
Incumbent size: 28
Incumbent size: 29
Incumbent size: 30
Incumbent size: 31
Incumbent size: 32
Incumbent size: 33
Incumbent size: 34
Incumbent size: 35
Incumbent size: 36
Incumbent size: 37
Incumbent size: 38
Incumbent size: 39
Incumbent size: 40
Incumbent size: 41
Solution size 41
(2 -> 63) (6 -> 85) (7 -> 37) (9 -> 49) (10 -> 71) (12 -> 74) (13 -> 87) (18 -> 53) (21 -> 46) (22 -> 80) (23 -> 7) (25 -> 6) (26 -> 5) (27 -> 43) (28 -> 18) (34 -> 69) (35 -> 26) (36 -> 25) (37 -> 72) (40 -> 39) (42 -> 42) (44 -> 38) (45 -> 51) (50 -> 54) (51 -> 2) (53 -> 0) (58 -> 81) (59 -> 31) (60 -> 82) (61 -> 55) (62 -> 65) (64 -> 60) (66 -> 75) (68 -> 21) (71 -> 86) (76 -> 33) (77 -> 10) (78 -> 35) (82 -> 59) (83 -> 84) (84 -> 14) 
Nodes:                      294725111
CPU time (ms):              100000
TIMEOUT
