Incumbent size: 1
Incumbent size: 2
Incumbent size: 3
Incumbent size: 4
Incumbent size: 5
Incumbent size: 6
Incumbent size: 7
Incumbent size: 8
Incumbent size: 9
Incumbent size: 10
Incumbent size: 11
Incumbent size: 12
Incumbent size: 13
Incumbent size: 14
Incumbent size: 15
Incumbent size: 16
Incumbent size: 17
Incumbent size: 18
Incumbent size: 19
Incumbent size: 20
Incumbent size: 21
Incumbent size: 22
Incumbent size: 23
Incumbent size: 24
Incumbent size: 25
Incumbent size: 26
Incumbent size: 27
Incumbent size: 28
Incumbent size: 29
Incumbent size: 30
Incumbent size: 31
Incumbent size: 32
Incumbent size: 33
Incumbent size: 34
Incumbent size: 35
Incumbent size: 36
Incumbent size: 37
Incumbent size: 38
Incumbent size: 39
Incumbent size: 40
Incumbent size: 41
Solution size 41
(1 -> 18) (7 -> 9) (8 -> 34) (9 -> 57) (10 -> 12) (11 -> 78) (18 -> 76) (21 -> 11) (26 -> 98) (27 -> 37) (30 -> 7) (33 -> 65) (35 -> 24) (47 -> 93) (48 -> 0) (49 -> 70) (51 -> 49) (52 -> 56) (53 -> 16) (56 -> 38) (58 -> 29) (59 -> 17) (63 -> 83) (65 -> 3) (66 -> 51) (68 -> 50) (69 -> 45) (76 -> 95) (78 -> 72) (79 -> 63) (80 -> 94) (81 -> 96) (82 -> 60) (86 -> 79) (87 -> 48) (88 -> 42) (91 -> 31) (93 -> 1) (94 -> 97) (98 -> 80) (99 -> 77) 
Nodes:                      244526558
CPU time (ms):              100000
TIMEOUT
