Incumbent size: 1
Incumbent size: 2
Incumbent size: 3
Incumbent size: 4
Incumbent size: 5
Incumbent size: 6
Incumbent size: 7
Incumbent size: 8
Incumbent size: 9
Incumbent size: 10
Incumbent size: 11
Incumbent size: 12
Incumbent size: 13
Incumbent size: 14
Incumbent size: 15
Incumbent size: 16
Incumbent size: 17
Incumbent size: 18
Incumbent size: 19
Incumbent size: 20
Incumbent size: 21
Incumbent size: 22
Incumbent size: 23
Incumbent size: 24
Incumbent size: 25
Incumbent size: 26
Incumbent size: 27
Incumbent size: 28
Incumbent size: 29
Incumbent size: 30
Incumbent size: 31
Incumbent size: 32
Incumbent size: 33
Incumbent size: 34
Incumbent size: 35
Solution size 35
(0 -> 6) (2 -> 29) (9 -> 1) (11 -> 40) (14 -> 54) (15 -> 36) (17 -> 38) (20 -> 63) (21 -> 33) (22 -> 19) (25 -> 8) (26 -> 7) (28 -> 67) (29 -> 53) (31 -> 35) (32 -> 4) (34 -> 37) (37 -> 10) (38 -> 31) (40 -> 34) (43 -> 25) (45 -> 24) (46 -> 20) (47 -> 45) (49 -> 16) (51 -> 58) (55 -> 13) (56 -> 41) (57 -> 15) (58 -> 61) (59 -> 39) (65 -> 42) (66 -> 27) (68 -> 28) (69 -> 22) 
Nodes:                      269332218
CPU time (ms):              100000
TIMEOUT
