-- 54 1
-- 55 2
-- 55 3
-- 55 4
-- 55 5
-- 55 6
-- 55 7
-- 55 8
-- 55 9
-- 55 10
-- 55 11
-- 55 12
-- 55 13
-- 55 14
-- 55 15
-- 55 16
-- 55 17
-- 55 18
-- 55 19
-- 55 20
-- 55 21
-- 55 22
-- 55 23
-- 55 24
-- 55 25
-- 55 26
-- 55 27
-- 55 28
-- 55 29
-- 62 30
-- 1419 31
-- 1613 32
-- 44676 33
true 48767694 aborted 33
(2 -> 60) (11 -> 33) (12 -> 14) (14 -> 80) (22 -> 81) (29 -> 68) (30 -> 27) (31 -> 58) (32 -> 13) (33 -> 32) (34 -> 35) (36 -> 3) (38 -> 25) (39 -> 10) (41 -> 74) (42 -> 11) (43 -> 71) (47 -> 5) (53 -> 24) (54 -> 20) (55 -> 9) (57 -> 44) (58 -> 73) (64 -> 28) (65 -> 89) (68 -> 8) (69 -> 67) (71 -> 86) (72 -> 50) (81 -> 82) (82 -> 45) (86 -> 19) (87 -> 21) 
100000
