-- 38 1
-- 38 2
-- 38 3
-- 38 4
-- 38 5
-- 38 6
-- 38 7
-- 38 8
-- 38 9
-- 38 10
-- 38 11
-- 38 12
-- 38 13
-- 38 14
-- 38 15
-- 38 16
-- 38 17
-- 38 18
-- 38 19
-- 38 20
-- 38 21
-- 38 22
-- 38 23
-- 38 24
-- 38 25
-- 38 26
-- 38 27
-- 38 28
-- 38 29
-- 38 30
-- 38 31
-- 38 32
-- 38 33
-- 38 34
-- 38 35
-- 54 36
-- 11785 37
-- 13918 38
true 81194352 aborted 38
(2 -> 62) (4 -> 14) (5 -> 27) (9 -> 49) (11 -> 79) (12 -> 34) (16 -> 20) (23 -> 23) (24 -> 40) (25 -> 10) (26 -> 6) (28 -> 45) (30 -> 76) (31 -> 66) (33 -> 30) (35 -> 55) (36 -> 69) (37 -> 28) (38 -> 77) (43 -> 71) (44 -> 37) (46 -> 25) (47 -> 39) (49 -> 21) (51 -> 61) (53 -> 43) (54 -> 13) (56 -> 19) (57 -> 72) (61 -> 51) (64 -> 63) (65 -> 70) (67 -> 56) (69 -> 36) (70 -> 50) (71 -> 18) (73 -> 3) (76 -> 15) 
100000
