-- 43 1
-- 43 2
-- 43 3
-- 43 4
-- 43 5
-- 43 6
-- 43 7
-- 43 8
-- 43 9
-- 43 10
-- 43 11
-- 43 12
-- 43 13
-- 43 14
-- 43 15
-- 43 16
-- 43 17
-- 43 18
-- 43 19
-- 43 20
-- 43 21
-- 43 22
-- 43 23
-- 43 24
-- 43 25
-- 43 26
-- 83 27
-- 285 28
-- 785 29
-- 32997 30
-- 45578 31
true 65388078 aborted 31
(0 -> 49) (1 -> 61) (4 -> 25) (5 -> 45) (6 -> 69) (11 -> 26) (12 -> 14) (13 -> 33) (14 -> 60) (17 -> 48) (30 -> 5) (31 -> 74) (33 -> 44) (36 -> 34) (38 -> 9) (41 -> 79) (42 -> 66) (46 -> 16) (52 -> 41) (53 -> 58) (54 -> 56) (55 -> 1) (64 -> 73) (66 -> 29) (67 -> 30) (69 -> 57) (71 -> 3) (73 -> 54) (76 -> 53) (77 -> 39) (78 -> 27) 
100000
