-- 26 1
-- 26 2
-- 26 3
-- 26 4
-- 26 5
-- 26 6
-- 26 7
-- 26 8
-- 26 9
-- 26 10
-- 26 11
-- 26 12
-- 26 13
-- 26 14
-- 26 15
-- 26 16
-- 26 17
-- 26 18
-- 26 19
-- 26 20
-- 26 21
-- 26 22
-- 26 23
-- 26 24
-- 26 25
-- 26 26
-- 26 27
-- 26 28
-- 26 29
-- 26 30
-- 35 31
-- 44 32
-- 1383 33
-- 4408 34
true 73810996 aborted 34
(1 -> 15) (4 -> 63) (6 -> 85) (7 -> 4) (18 -> 61) (19 -> 39) (22 -> 76) (25 -> 7) (27 -> 64) (29 -> 81) (33 -> 54) (38 -> 51) (39 -> 17) (40 -> 60) (42 -> 20) (45 -> 62) (51 -> 12) (54 -> 74) (55 -> 41) (56 -> 70) (59 -> 23) (61 -> 28) (67 -> 3) (68 -> 43) (69 -> 30) (70 -> 94) (75 -> 59) (79 -> 67) (80 -> 52) (88 -> 58) (90 -> 53) (91 -> 42) (97 -> 21) (98 -> 57) 
100000
