-- 31 1
-- 31 2
-- 31 3
-- 31 4
-- 31 5
-- 31 6
-- 31 7
-- 31 8
-- 31 9
-- 31 10
-- 31 11
-- 31 12
-- 31 13
-- 31 14
-- 31 15
-- 31 16
-- 31 17
-- 31 18
-- 31 19
-- 31 20
-- 31 21
-- 31 22
-- 31 23
-- 31 24
-- 31 25
-- 31 26
-- 31 27
-- 31 28
-- 31 29
-- 31 30
-- 31 31
-- 31 32
-- 31 33
-- 33 34
-- 36 35
-- 245 36
-- 1471 37
-- 2029 38
true 127181948 aborted 38
(4 -> 33) (5 -> 3) (9 -> 26) (14 -> 2) (19 -> 78) (22 -> 32) (25 -> 68) (26 -> 25) (27 -> 1) (32 -> 17) (34 -> 52) (35 -> 0) (37 -> 63) (39 -> 64) (41 -> 10) (42 -> 66) (46 -> 67) (47 -> 71) (48 -> 39) (49 -> 16) (50 -> 46) (52 -> 47) (56 -> 12) (57 -> 42) (58 -> 31) (59 -> 29) (60 -> 43) (61 -> 69) (63 -> 58) (68 -> 19) (69 -> 36) (70 -> 34) (71 -> 27) (74 -> 72) (75 -> 73) (76 -> 75) (77 -> 7) (78 -> 53) 
100000
