-- 34 1
-- 34 2
-- 34 3
-- 34 4
-- 34 5
-- 34 6
-- 34 7
-- 34 8
-- 34 9
-- 34 10
-- 34 11
-- 34 12
-- 34 13
-- 34 14
-- 34 15
-- 34 16
-- 34 17
-- 34 18
-- 34 19
-- 34 20
-- 34 21
-- 34 22
-- 34 23
-- 34 24
-- 34 25
-- 34 26
-- 34 27
-- 34 28
-- 34 29
-- 35 30
-- 55 31
-- 175 32
-- 4355 33
-- 4557 34
-- 5868 35
-- 42307 36
true 70407941 aborted 36
(0 -> 5) (3 -> 57) (4 -> 51) (5 -> 4) (6 -> 7) (11 -> 22) (13 -> 65) (14 -> 29) (15 -> 41) (18 -> 15) (20 -> 13) (24 -> 9) (25 -> 75) (30 -> 47) (31 -> 56) (32 -> 79) (33 -> 61) (34 -> 11) (35 -> 12) (40 -> 24) (41 -> 70) (42 -> 64) (49 -> 59) (50 -> 8) (52 -> 43) (54 -> 68) (60 -> 36) (63 -> 37) (64 -> 32) (66 -> 10) (70 -> 26) (71 -> 48) (72 -> 77) (75 -> 49) (76 -> 30) (77 -> 52) 
100000
