-- 17 1
-- 17 2
-- 17 3
-- 17 4
-- 17 5
-- 17 6
-- 17 7
-- 17 8
-- 17 9
-- 17 10
-- 17 11
-- 17 12
-- 17 13
-- 17 14
-- 17 15
-- 17 16
-- 17 17
-- 17 18
-- 17 19
-- 17 20
-- 17 21
-- 17 22
-- 17 23
-- 18 24
-- 18 25
-- 24 26
-- 42 27
-- 52 28
-- 92 29
-- 158 30
true 2040161 30
(0 -> 49) (1 -> 26) (2 -> 68) (3 -> 53) (6 -> 38) (8 -> 23) (11 -> 47) (13 -> 55) (14 -> 34) (20 -> 65) (21 -> 20) (24 -> 44) (27 -> 63) (28 -> 24) (30 -> 17) (33 -> 64) (38 -> 21) (40 -> 4) (42 -> 52) (44 -> 45) (45 -> 40) (50 -> 18) (54 -> 12) (55 -> 5) (56 -> 22) (59 -> 9) (61 -> 48) (64 -> 28) (65 -> 14) (66 -> 50) 
2937
