-- 19 1
-- 19 2
-- 19 3
-- 19 4
-- 19 5
-- 19 6
-- 19 7
-- 19 8
-- 19 9
-- 19 10
-- 19 11
-- 19 12
-- 19 13
-- 19 14
-- 19 15
-- 19 16
-- 19 17
-- 19 18
-- 19 19
-- 19 20
-- 20 21
-- 20 22
-- 20 23
-- 96 24
-- 277 25
-- 7337 26
true 7607471 26
(1 -> 84) (2 -> 93) (3 -> 60) (6 -> 10) (13 -> 83) (17 -> 75) (20 -> 26) (24 -> 43) (27 -> 37) (28 -> 72) (29 -> 41) (32 -> 91) (41 -> 61) (42 -> 70) (43 -> 39) (52 -> 38) (54 -> 92) (66 -> 4) (69 -> 34) (72 -> 29) (76 -> 15) (83 -> 62) (87 -> 97) (93 -> 32) (95 -> 69) (99 -> 96) 
8282
