-- 31 1
-- 31 2
-- 31 3
-- 31 4
-- 31 5
-- 31 6
-- 31 7
-- 31 8
-- 31 9
-- 31 10
-- 31 11
-- 31 12
-- 31 13
-- 31 14
-- 31 15
-- 31 16
-- 31 17
-- 31 18
-- 32 19
-- 32 20
-- 32 21
-- 32 22
-- 32 23
-- 32 24
-- 32 25
-- 32 26
-- 32 27
-- 32 28
-- 32 29
-- 32 30
-- 32 31
-- 36 32
-- 43 33
-- 134 34
-- 1279 35
-- 2181 36
-- 70420 37
true 96437075 aborted 37
(0 -> 11) (2 -> 2) (3 -> 63) (5 -> 35) (6 -> 33) (12 -> 59) (14 -> 52) (16 -> 36) (20 -> 10) (24 -> 39) (26 -> 71) (28 -> 17) (30 -> 51) (31 -> 61) (32 -> 47) (33 -> 13) (36 -> 74) (39 -> 68) (44 -> 49) (45 -> 32) (46 -> 37) (48 -> 34) (50 -> 16) (51 -> 70) (52 -> 42) (56 -> 41) (57 -> 67) (58 -> 60) (61 -> 58) (64 -> 31) (67 -> 54) (69 -> 44) (71 -> 43) (72 -> 30) (74 -> 20) (75 -> 19) (76 -> 6) 
100000
