-- 10 1
-- 10 2
-- 10 3
-- 10 4
-- 10 5
-- 10 6
-- 10 7
-- 10 8
-- 10 9
-- 10 10
-- 10 11
-- 10 12
-- 10 13
-- 10 14
-- 10 15
-- 10 16
-- 10 17
-- 10 18
-- 10 19
-- 10 20
-- 10 21
-- 10 22
-- 10 23
-- 11 24
-- 17 25
-- 52 26
true 179882 26
(0 -> 47) (1 -> 6) (2 -> 31) (3 -> 57) (4 -> 16) (6 -> 2) (7 -> 24) (8 -> 48) (11 -> 30) (12 -> 50) (14 -> 44) (16 -> 23) (17 -> 34) (19 -> 25) (22 -> 19) (24 -> 27) (27 -> 52) (34 -> 7) (38 -> 15) (44 -> 43) (46 -> 33) (47 -> 32) (54 -> 36) (56 -> 11) (57 -> 58) (59 -> 29) 
213
