-- 32 1
-- 32 2
-- 32 3
-- 32 4
-- 32 5
-- 32 6
-- 33 7
-- 33 8
-- 33 9
-- 33 10
-- 33 11
-- 33 12
-- 33 13
-- 33 14
-- 33 15
-- 33 16
-- 33 17
-- 33 18
-- 33 19
-- 33 20
-- 33 21
-- 33 22
-- 33 23
-- 33 24
-- 33 25
-- 33 26
-- 33 27
-- 33 28
-- 33 29
-- 33 30
-- 33 31
-- 33 32
-- 41 33
-- 43 34
-- 59 35
-- 1458 36
true 71782971 aborted 36
(0 -> 62) (4 -> 49) (5 -> 35) (6 -> 8) (10 -> 73) (11 -> 31) (12 -> 21) (13 -> 48) (15 -> 52) (17 -> 23) (19 -> 70) (21 -> 69) (22 -> 61) (23 -> 55) (28 -> 38) (30 -> 68) (31 -> 33) (33 -> 75) (40 -> 42) (43 -> 43) (44 -> 10) (50 -> 16) (51 -> 5) (52 -> 13) (53 -> 29) (55 -> 19) (57 -> 44) (58 -> 3) (60 -> 47) (64 -> 20) (66 -> 32) (69 -> 26) (70 -> 17) (71 -> 59) (73 -> 36) (77 -> 71) 
100000
