-- 39 1
-- 39 2
-- 39 3
-- 39 4
-- 39 5
-- 39 6
-- 39 7
-- 39 8
-- 39 9
-- 39 10
-- 39 11
-- 39 12
-- 39 13
-- 39 14
-- 39 15
-- 39 16
-- 39 17
-- 39 18
-- 39 19
-- 39 20
-- 39 21
-- 39 22
-- 39 23
-- 39 24
-- 39 25
-- 39 26
-- 39 27
-- 39 28
-- 39 29
-- 39 30
-- 39 31
-- 39 32
-- 39 33
-- 40 34
-- 40 35
-- 41 36
-- 47 37
-- 1277 38
-- 4987 39
true 78573360 aborted 39
(0 -> 4) (1 -> 63) (2 -> 62) (4 -> 14) (5 -> 23) (6 -> 52) (7 -> 13) (9 -> 25) (11 -> 29) (16 -> 18) (17 -> 3) (22 -> 42) (24 -> 5) (26 -> 70) (27 -> 20) (29 -> 0) (30 -> 79) (31 -> 35) (33 -> 78) (39 -> 22) (43 -> 34) (44 -> 16) (46 -> 40) (49 -> 36) (50 -> 26) (51 -> 65) (52 -> 43) (53 -> 49) (57 -> 73) (58 -> 32) (61 -> 38) (63 -> 58) (64 -> 11) (69 -> 30) (70 -> 47) (73 -> 39) (77 -> 12) (78 -> 1) (79 -> 19) 
100000
