-- 19 1
-- 19 2
-- 19 3
-- 19 4
-- 19 5
-- 19 6
-- 19 7
-- 19 8
-- 19 9
-- 19 10
-- 19 11
-- 19 12
-- 19 13
-- 19 14
-- 19 15
-- 19 16
-- 19 17
-- 19 18
-- 19 19
-- 19 20
-- 19 21
-- 19 22
-- 20 23
-- 35 24
-- 759 25
-- 759 26
true 2603903 26
(1 -> 6) (3 -> 38) (4 -> 22) (5 -> 44) (6 -> 10) (8 -> 19) (10 -> 40) (11 -> 0) (12 -> 28) (15 -> 26) (16 -> 27) (19 -> 41) (21 -> 18) (25 -> 36) (26 -> 8) (28 -> 48) (29 -> 16) (33 -> 5) (35 -> 49) (36 -> 32) (37 -> 3) (38 -> 43) (40 -> 2) (41 -> 17) (43 -> 4) (45 -> 31) 
3341
