-- 11 1
-- 11 2
-- 11 3
-- 11 4
-- 11 5
-- 11 6
-- 11 7
-- 11 8
-- 11 9
-- 11 10
-- 11 11
-- 11 12
-- 11 13
-- 11 14
-- 11 15
-- 11 16
-- 11 17
-- 11 18
-- 11 19
-- 11 20
-- 11 21
-- 11 22
-- 11 23
-- 11 24
-- 11 25
-- 11 26
-- 11 27
-- 11 28
-- 12 29
-- 76 30
true 4306804 30
(0 -> 34) (3 -> 5) (5 -> 41) (8 -> 48) (13 -> 9) (15 -> 54) (17 -> 11) (18 -> 6) (19 -> 29) (22 -> 20) (27 -> 42) (29 -> 43) (30 -> 40) (33 -> 2) (34 -> 33) (36 -> 19) (38 -> 1) (39 -> 26) (40 -> 50) (42 -> 36) (43 -> 44) (46 -> 56) (49 -> 24) (51 -> 14) (52 -> 4) (54 -> 31) (55 -> 52) (57 -> 10) (58 -> 59) (59 -> 18) 
4785
