-- 32 1
-- 32 2
-- 32 3
-- 32 4
-- 32 5
-- 32 6
-- 32 7
-- 32 8
-- 32 9
-- 32 10
-- 32 11
-- 32 12
-- 32 13
-- 32 14
-- 32 15
-- 32 16
-- 32 17
-- 32 18
-- 32 19
-- 32 20
-- 32 21
-- 32 22
-- 32 23
-- 32 24
-- 32 25
-- 32 26
-- 32 27
-- 32 28
-- 32 29
-- 32 30
-- 32 31
-- 32 32
-- 32 33
-- 32 34
-- 32 35
-- 137 36
-- 137 37
-- 370 38
-- 370 39
true 132913935 aborted 39
(0 -> 49) (2 -> 52) (3 -> 54) (4 -> 57) (5 -> 65) (6 -> 50) (7 -> 48) (12 -> 75) (14 -> 61) (17 -> 40) (21 -> 1) (22 -> 31) (23 -> 71) (26 -> 14) (28 -> 3) (29 -> 51) (31 -> 29) (33 -> 23) (34 -> 42) (37 -> 45) (38 -> 7) (42 -> 70) (43 -> 62) (44 -> 17) (45 -> 79) (46 -> 24) (48 -> 26) (50 -> 36) (51 -> 16) (55 -> 2) (56 -> 53) (58 -> 58) (60 -> 15) (64 -> 72) (67 -> 8) (68 -> 38) (75 -> 77) (77 -> 27) (78 -> 39) 
100000
