-- 31 1
-- 31 2
-- 31 3
-- 31 4
-- 31 5
-- 31 6
-- 31 7
-- 31 8
-- 31 9
-- 31 10
-- 31 11
-- 31 12
-- 31 13
-- 31 14
-- 31 15
-- 31 16
-- 31 17
-- 31 18
-- 31 19
-- 31 20
-- 31 21
-- 31 22
-- 31 23
-- 31 24
-- 31 25
-- 31 26
-- 31 27
-- 31 28
-- 31 29
-- 31 30
-- 31 31
-- 31 32
-- 31 33
-- 31 34
-- 31 35
-- 88 36
true 2239397 36
(0 -> 83) (1 -> 2) (2 -> 17) (6 -> 8) (7 -> 64) (10 -> 41) (13 -> 85) (19 -> 76) (24 -> 77) (26 -> 30) (29 -> 4) (31 -> 88) (35 -> 78) (36 -> 99) (41 -> 80) (44 -> 69) (48 -> 93) (49 -> 49) (55 -> 86) (56 -> 50) (58 -> 35) (59 -> 52) (60 -> 57) (62 -> 27) (64 -> 73) (65 -> 67) (73 -> 34) (77 -> 74) (80 -> 7) (84 -> 44) (85 -> 90) (88 -> 40) (91 -> 15) (94 -> 96) (95 -> 72) (99 -> 48) 
3839
