-- 19 1
-- 19 2
-- 19 3
-- 19 4
-- 19 5
-- 19 6
-- 19 7
-- 19 8
-- 19 9
-- 19 10
-- 19 11
-- 19 12
-- 19 13
-- 19 14
-- 19 15
-- 19 16
-- 19 17
-- 19 18
-- 19 19
-- 19 20
-- 19 21
-- 19 22
-- 19 23
-- 19 24
-- 19 25
-- 20 26
-- 20 27
-- 32 28
-- 275 29
true 9386849 29
(0 -> 49) (3 -> 5) (4 -> 41) (6 -> 8) (9 -> 20) (11 -> 35) (12 -> 15) (13 -> 19) (15 -> 24) (16 -> 23) (18 -> 39) (19 -> 33) (20 -> 16) (21 -> 46) (22 -> 27) (23 -> 1) (24 -> 45) (26 -> 29) (27 -> 12) (32 -> 6) (36 -> 42) (37 -> 47) (38 -> 44) (39 -> 2) (41 -> 21) (42 -> 38) (45 -> 32) (46 -> 7) (49 -> 3) 
12890
