-- 10 1
-- 10 2
-- 10 3
-- 10 4
-- 10 5
-- 10 6
-- 10 7
-- 10 8
-- 10 9
-- 10 10
-- 10 11
-- 10 12
-- 10 13
-- 10 14
-- 10 15
-- 10 16
-- 10 17
-- 10 18
-- 10 19
-- 10 20
-- 10 21
-- 10 22
-- 12 23
-- 12 24
-- 12 25
-- 17 26
-- 19 27
-- 161 28
true 384802 28
(0 -> 4) (1 -> 46) (5 -> 22) (7 -> 1) (9 -> 23) (14 -> 19) (16 -> 25) (18 -> 37) (20 -> 35) (22 -> 17) (24 -> 21) (26 -> 12) (34 -> 13) (35 -> 3) (37 -> 42) (38 -> 52) (39 -> 53) (41 -> 16) (43 -> 6) (45 -> 31) (46 -> 7) (48 -> 54) (50 -> 36) (51 -> 48) (52 -> 40) (53 -> 8) (55 -> 34) (56 -> 29) 
457
