-- 79 1
-- 79 2
-- 79 3
-- 79 4
-- 79 5
-- 79 6
-- 79 7
-- 79 8
-- 79 9
-- 79 10
-- 80 11
-- 80 12
-- 80 13
-- 80 14
-- 80 15
-- 80 16
-- 80 17
-- 80 18
-- 80 19
-- 80 20
-- 80 21
-- 80 22
-- 80 23
-- 80 24
-- 80 25
-- 80 26
-- 80 27
-- 80 28
-- 80 29
-- 80 30
-- 80 31
-- 114 32
-- 114 33
-- 268 34
-- 566 35
-- 5338 36
-- 17938 37
true 70200184 aborted 37
(2 -> 54) (4 -> 35) (6 -> 42) (8 -> 58) (16 -> 61) (19 -> 59) (22 -> 41) (25 -> 8) (27 -> 73) (30 -> 81) (32 -> 17) (33 -> 7) (35 -> 19) (36 -> 25) (37 -> 1) (38 -> 89) (39 -> 26) (43 -> 33) (46 -> 39) (47 -> 80) (51 -> 3) (53 -> 16) (61 -> 56) (65 -> 72) (66 -> 10) (67 -> 22) (68 -> 14) (69 -> 64) (70 -> 49) (73 -> 34) (80 -> 51) (81 -> 48) (82 -> 40) (84 -> 38) (86 -> 15) (87 -> 21) (89 -> 2) 
100000
