-- 45 1
-- 45 2
-- 45 3
-- 45 4
-- 45 5
-- 45 6
-- 45 7
-- 45 8
-- 45 9
-- 45 10
-- 45 11
-- 45 12
-- 45 13
-- 45 14
-- 45 15
-- 45 16
-- 45 17
-- 45 18
-- 45 19
-- 45 20
-- 45 21
-- 45 22
-- 45 23
-- 45 24
-- 45 25
-- 45 26
-- 45 27
-- 45 28
-- 45 29
-- 45 30
-- 46 31
-- 78 32
-- 92 33
-- 714 34
-- 714 35
-- 18025 36
-- 24572 37
-- 24572 38
-- 24573 39
-- 24573 40
true 14277652 40
(0 -> 4) (1 -> 35) (2 -> 0) (3 -> 25) (4 -> 28) (6 -> 38) (10 -> 30) (13 -> 60) (14 -> 29) (15 -> 31) (16 -> 2) (18 -> 44) (23 -> 5) (24 -> 7) (26 -> 50) (27 -> 78) (29 -> 23) (33 -> 22) (34 -> 19) (36 -> 54) (39 -> 24) (43 -> 6) (45 -> 72) (46 -> 55) (47 -> 3) (48 -> 74) (50 -> 63) (57 -> 61) (59 -> 21) (61 -> 13) (62 -> 26) (63 -> 75) (64 -> 1) (65 -> 12) (66 -> 52) (68 -> 79) (74 -> 42) (75 -> 69) (77 -> 14) (78 -> 8) 
31206
