-- 21 1
-- 22 2
-- 22 3
-- 22 4
-- 22 5
-- 22 6
-- 22 7
-- 22 8
-- 22 9
-- 22 10
-- 22 11
-- 22 12
-- 22 13
-- 22 14
-- 22 15
-- 22 16
-- 22 17
-- 22 18
-- 22 19
-- 22 20
-- 22 21
-- 22 22
-- 22 23
-- 22 24
-- 22 25
true 174814 25
(0 -> 21) (1 -> 31) (4 -> 0) (7 -> 18) (8 -> 16) (9 -> 40) (10 -> 11) (13 -> 27) (14 -> 13) (16 -> 37) (17 -> 26) (18 -> 8) (26 -> 39) (27 -> 1) (28 -> 20) (29 -> 15) (31 -> 43) (36 -> 24) (37 -> 45) (38 -> 22) (43 -> 41) (45 -> 5) (46 -> 14) (47 -> 44) (48 -> 19) 
351
