-- 41 1
-- 41 2
-- 41 3
-- 41 4
-- 41 5
-- 41 6
-- 41 7
-- 41 8
-- 41 9
-- 41 10
-- 41 11
-- 41 12
-- 41 13
-- 43 14
-- 44 15
-- 45 16
-- 45 17
-- 46 18
-- 46 19
-- 47 20
-- 47 21
-- 47 22
-- 47 23
-- 47 24
-- 47 25
-- 50 26
-- 54 27
-- 54 28
-- 55 29
-- 64 30
-- 66 31
-- 72 32
-- 72 33
-- 72 34
-- 72 35
-- 72 36
-- 72 37
-- 72 38
-- 72 39
-- 72 40
-- 72 41
-- 72 42
-- 72 43
-- 72 44
-- 72 45
true 12237 45
(0 -> 50) (1 -> 70) (4 -> 71) (7 -> 34) (8 -> 84) (12 -> 3) (13 -> 64) (16 -> 18) (17 -> 86) (18 -> 47) (19 -> 42) (21 -> 79) (22 -> 87) (24 -> 19) (25 -> 2) (29 -> 30) (30 -> 27) (31 -> 61) (32 -> 26) (33 -> 75) (34 -> 24) (36 -> 16) (38 -> 46) (41 -> 10) (43 -> 73) (47 -> 11) (51 -> 85) (53 -> 25) (56 -> 13) (57 -> 53) (59 -> 74) (62 -> 43) (64 -> 9) (65 -> 33) (66 -> 68) (70 -> 23) (73 -> 38) (74 -> 65) (75 -> 41) (78 -> 32) (80 -> 81) (81 -> 83) (82 -> 63) (84 -> 15) (89 -> 12) 
73
