-- 10 1
-- 10 2
-- 10 3
-- 10 4
-- 10 5
-- 10 6
-- 10 7
-- 10 8
-- 10 9
-- 10 10
-- 10 11
-- 10 12
-- 10 13
-- 10 14
-- 10 15
-- 10 16
-- 10 17
-- 10 18
-- 10 19
-- 10 20
-- 10 21
-- 10 22
-- 12 23
-- 12 24
-- 12 25
-- 12 26
-- 12 27
-- 12 28
-- 12 29
-- 12 30
-- 12 31
true 2175 31
(0 -> 22) (1 -> 34) (3 -> 58) (5 -> 44) (6 -> 11) (9 -> 48) (10 -> 13) (12 -> 43) (15 -> 15) (16 -> 10) (17 -> 3) (21 -> 24) (22 -> 51) (23 -> 35) (24 -> 29) (25 -> 45) (26 -> 57) (29 -> 36) (31 -> 55) (33 -> 12) (35 -> 1) (36 -> 52) (40 -> 40) (41 -> 14) (45 -> 47) (46 -> 16) (47 -> 21) (48 -> 18) (50 -> 53) (57 -> 41) (59 -> 59) 
13
