-- 20 1
-- 20 2
-- 20 3
-- 20 4
-- 20 5
-- 20 6
-- 20 7
-- 20 8
-- 20 9
-- 20 10
-- 20 11
-- 20 12
-- 20 13
-- 20 14
-- 20 15
-- 20 16
-- 20 17
-- 20 18
-- 20 19
-- 20 20
-- 20 21
-- 21 22
-- 25 23
-- 34 24
-- 48 25
-- 49 26
-- 184 27
-- 362 28
-- 560 29
-- 560 30
-- 560 31
-- 858 32
-- 942 33
-- 944 34
-- 952 35
true 639984 35
(1 -> 33) (3 -> 1) (5 -> 20) (6 -> 23) (11 -> 17) (15 -> 60) (16 -> 38) (17 -> 26) (18 -> 56) (20 -> 40) (21 -> 41) (22 -> 66) (23 -> 39) (24 -> 12) (27 -> 21) (28 -> 58) (29 -> 47) (32 -> 65) (34 -> 25) (35 -> 36) (37 -> 45) (40 -> 51) (41 -> 67) (42 -> 52) (44 -> 68) (46 -> 62) (48 -> 46) (50 -> 24) (55 -> 31) (57 -> 42) (61 -> 18) (62 -> 57) (63 -> 49) (64 -> 69) (69 -> 59) 
1063
