-- 31 1
-- 31 2
-- 31 3
-- 31 4
-- 31 5
-- 31 6
-- 31 7
-- 31 8
-- 31 9
-- 31 10
-- 31 11
-- 31 12
-- 31 13
-- 31 14
-- 31 15
-- 31 16
-- 31 17
-- 31 18
-- 31 19
-- 31 20
-- 31 21
-- 31 22
-- 31 23
-- 31 24
-- 31 25
-- 31 26
-- 31 27
-- 31 28
-- 31 29
-- 31 30
-- 31 31
-- 31 32
-- 31 33
-- 31 34
-- 31 35
-- 31 36
-- 31 37
-- 31 38
-- 31 39
-- 31 40
-- 31 41
-- 31 42
-- 31 43
-- 31 44
-- 31 45
-- 31 46
-- 31 47
-- 31 48
-- 31 49
-- 31 50
-- 31 51
-- 31 52
-- 31 53
-- 31 54
-- 78 55
true 5652158 55
(0 -> 66) (1 -> 40) (4 -> 50) (5 -> 3) (6 -> 90) (7 -> 48) (8 -> 55) (10 -> 47) (12 -> 67) (17 -> 21) (18 -> 81) (19 -> 0) (20 -> 69) (21 -> 29) (24 -> 10) (26 -> 15) (28 -> 45) (31 -> 56) (35 -> 22) (37 -> 1) (38 -> 92) (39 -> 34) (43 -> 82) (44 -> 4) (48 -> 31) (51 -> 77) (53 -> 59) (56 -> 6) (57 -> 78) (58 -> 16) (59 -> 33) (60 -> 14) (61 -> 36) (64 -> 97) (65 -> 42) (67 -> 19) (68 -> 26) (69 -> 43) (70 -> 86) (71 -> 80) (73 -> 5) (74 -> 41) (76 -> 96) (78 -> 72) (79 -> 18) (80 -> 71) (82 -> 79) (86 -> 23) (87 -> 37) (88 -> 61) (90 -> 76) (94 -> 32) (96 -> 51) (97 -> 17) (99 -> 8) 
14963
