-- 26 1
-- 26 2
-- 26 3
-- 26 4
-- 26 5
-- 26 6
-- 26 7
-- 26 8
-- 26 9
-- 26 10
-- 26 11
-- 26 12
-- 26 13
-- 26 14
-- 26 15
-- 26 16
-- 26 17
-- 26 18
-- 26 19
-- 26 20
-- 26 21
-- 26 22
-- 26 23
-- 26 24
-- 26 25
-- 26 26
-- 27 27
-- 27 28
-- 27 29
-- 27 30
-- 27 31
-- 27 32
-- 27 33
-- 27 34
-- 27 35
-- 27 36
-- 27 37
-- 27 38
-- 27 39
-- 27 40
-- 27 41
-- 27 42
-- 27 43
-- 27 44
-- 27 45
-- 27 46
-- 27 47
-- 27 48
-- 27 49
-- 27 50
-- 27 51
-- 29 52
true 318683 52
(0 -> 93) (1 -> 87) (2 -> 81) (4 -> 49) (5 -> 26) (10 -> 9) (11 -> 22) (12 -> 2) (14 -> 33) (15 -> 71) (17 -> 96) (18 -> 64) (21 -> 42) (23 -> 72) (24 -> 89) (25 -> 67) (26 -> 76) (27 -> 39) (28 -> 11) (29 -> 98) (30 -> 43) (31 -> 8) (33 -> 82) (35 -> 95) (37 -> 16) (40 -> 0) (42 -> 83) (45 -> 53) (46 -> 27) (48 -> 31) (49 -> 36) (51 -> 58) (60 -> 59) (61 -> 44) (63 -> 99) (64 -> 48) (65 -> 78) (66 -> 47) (68 -> 7) (71 -> 85) (74 -> 46) (75 -> 91) (76 -> 3) (79 -> 18) (82 -> 50) (83 -> 74) (85 -> 29) (87 -> 5) (91 -> 13) (97 -> 56) (98 -> 97) (99 -> 45) 
1016
