-- 26 1
-- 26 2
-- 26 3
-- 26 4
-- 26 5
-- 26 6
-- 26 7
-- 26 8
-- 26 9
-- 26 10
-- 26 11
-- 26 12
-- 26 13
-- 26 14
-- 26 15
-- 26 16
-- 26 17
-- 26 18
-- 26 19
-- 26 20
-- 27 21
-- 27 22
-- 27 23
-- 27 24
-- 27 25
-- 27 26
-- 27 27
-- 27 28
-- 27 29
-- 27 30
-- 27 31
-- 27 32
-- 27 33
-- 27 34
-- 27 35
-- 27 36
-- 27 37
-- 27 38
-- 27 39
-- 27 40
-- 27 41
-- 27 42
-- 27 43
-- 27 44
-- 27 45
-- 27 46
-- 27 47
-- 27 48
-- 27 49
-- 27 50
-- 27 51
-- 27 52
-- 27 53
-- 27 54
-- 27 55
-- 27 56
-- 27 57
-- 27 58
-- 27 59
-- 27 60
-- 27 61
-- 27 62
-- 27 63
-- 27 64
true 1533 64
(0 -> 50) (1 -> 5) (2 -> 48) (5 -> 90) (7 -> 17) (8 -> 12) (9 -> 69) (11 -> 54) (12 -> 38) (14 -> 36) (15 -> 51) (16 -> 88) (17 -> 85) (18 -> 70) (21 -> 77) (22 -> 91) (24 -> 59) (26 -> 10) (27 -> 37) (28 -> 24) (29 -> 78) (30 -> 98) (31 -> 13) (33 -> 11) (34 -> 34) (36 -> 55) (37 -> 33) (38 -> 42) (40 -> 82) (41 -> 40) (42 -> 79) (43 -> 15) (44 -> 74) (45 -> 18) (47 -> 58) (50 -> 60) (51 -> 81) (53 -> 14) (55 -> 89) (59 -> 62) (61 -> 35) (62 -> 87) (64 -> 44) (65 -> 86) (66 -> 80) (67 -> 23) (68 -> 31) (70 -> 93) (73 -> 2) (76 -> 21) (79 -> 67) (81 -> 4) (82 -> 64) (83 -> 28) (85 -> 16) (87 -> 83) (88 -> 47) (89 -> 19) (91 -> 46) (92 -> 1) (94 -> 7) (95 -> 9) (98 -> 49) (99 -> 22) 
32
