-- 18 1
-- 18 2
-- 18 3
-- 18 4
-- 18 5
-- 18 6
-- 18 7
-- 18 8
-- 18 9
-- 18 10
-- 18 11
-- 18 12
-- 18 13
-- 18 14
-- 18 15
-- 18 16
-- 18 17
-- 18 18
-- 18 19
-- 18 20
-- 18 21
-- 19 22
-- 21 23
-- 21 24
-- 23 25
-- 29 26
-- 31 27
-- 31 28
-- 32 29
-- 33 30
-- 33 31
-- 33 32
-- 33 33
-- 33 34
-- 33 35
-- 33 36
true 15606 36
(0 -> 32) (1 -> 23) (2 -> 38) (4 -> 41) (6 -> 24) (8 -> 29) (11 -> 17) (13 -> 31) (14 -> 27) (17 -> 40) (18 -> 3) (20 -> 12) (22 -> 34) (23 -> 13) (24 -> 11) (25 -> 20) (26 -> 8) (27 -> 48) (28 -> 2) (29 -> 43) (30 -> 10) (31 -> 26) (32 -> 21) (34 -> 19) (37 -> 7) (38 -> 18) (39 -> 0) (40 -> 46) (41 -> 6) (42 -> 33) (43 -> 30) (45 -> 39) (46 -> 5) (47 -> 44) (48 -> 45) (49 -> 42) 
36
