-- 6 1
-- 6 2
-- 6 3
-- 6 4
-- 6 5
-- 6 6
-- 6 7
-- 6 8
-- 6 9
-- 6 10
-- 6 11
-- 7 12
-- 7 13
-- 7 14
-- 7 15
-- 7 16
-- 7 17
-- 7 18
-- 7 19
-- 7 20
-- 7 21
-- 7 22
-- 7 23
-- 7 24
-- 7 25
-- 7 26
-- 7 27
-- 7 28
true 494 28
(1 -> 0) (2 -> 28) (3 -> 32) (4 -> 20) (5 -> 11) (6 -> 35) (11 -> 17) (12 -> 24) (13 -> 3) (14 -> 30) (15 -> 39) (16 -> 4) (17 -> 10) (18 -> 2) (20 -> 18) (21 -> 6) (22 -> 15) (23 -> 8) (27 -> 33) (28 -> 12) (29 -> 14) (31 -> 22) (33 -> 25) (34 -> 26) (35 -> 21) (37 -> 5) (38 -> 29) (39 -> 9) 
7
