-- 26 1
-- 26 2
-- 26 3
-- 26 4
-- 26 5
-- 26 6
-- 26 7
-- 26 8
-- 26 9
-- 26 10
-- 26 11
-- 26 12
-- 26 13
-- 26 14
-- 26 15
-- 26 16
-- 26 17
-- 26 18
-- 26 19
-- 26 20
-- 26 21
-- 26 22
-- 26 23
-- 26 24
-- 26 25
-- 26 26
-- 26 27
-- 26 28
-- 26 29
-- 26 30
-- 26 31
-- 26 32
-- 26 33
-- 26 34
-- 26 35
-- 26 36
true 5341 36
(1 -> 1) (2 -> 39) (3 -> 7) (4 -> 32) (6 -> 43) (7 -> 36) (9 -> 14) (10 -> 8) (11 -> 21) (13 -> 0) (14 -> 30) (15 -> 5) (16 -> 38) (17 -> 45) (18 -> 13) (20 -> 42) (21 -> 6) (22 -> 18) (24 -> 22) (25 -> 20) (26 -> 27) (27 -> 3) (28 -> 4) (31 -> 35) (32 -> 40) (33 -> 17) (35 -> 48) (36 -> 37) (37 -> 34) (38 -> 47) (40 -> 11) (41 -> 28) (42 -> 29) (43 -> 2) (44 -> 49) (47 -> 31) 
42
