-- 25 1
-- 25 2
-- 25 3
-- 25 4
-- 25 5
-- 25 6
-- 25 7
-- 25 8
-- 25 9
-- 25 10
-- 25 11
-- 25 12
-- 25 13
-- 25 14
-- 25 15
-- 25 16
-- 25 17
-- 25 18
-- 25 19
-- 25 20
-- 25 21
-- 25 22
-- 25 23
-- 25 24
-- 25 25
-- 25 26
-- 25 27
-- 25 28
-- 25 29
-- 25 30
-- 25 31
-- 25 32
-- 25 33
-- 25 34
-- 25 35
-- 25 36
-- 25 37
-- 25 38
-- 25 39
-- 26 40
-- 26 41
-- 26 42
-- 26 43
-- 26 44
-- 26 45
-- 26 46
-- 26 47
-- 26 48
-- 26 49
true 11778 49
(0 -> 22) (2 -> 53) (4 -> 50) (5 -> 58) (6 -> 36) (7 -> 1) (9 -> 52) (11 -> 38) (12 -> 11) (13 -> 46) (15 -> 67) (16 -> 51) (17 -> 24) (18 -> 62) (19 -> 9) (21 -> 37) (23 -> 33) (25 -> 66) (26 -> 49) (27 -> 60) (29 -> 4) (31 -> 26) (35 -> 65) (36 -> 64) (37 -> 30) (39 -> 59) (40 -> 68) (41 -> 45) (42 -> 7) (43 -> 12) (44 -> 2) (45 -> 41) (46 -> 63) (47 -> 5) (48 -> 34) (49 -> 69) (51 -> 0) (52 -> 16) (53 -> 20) (54 -> 17) (58 -> 6) (59 -> 44) (62 -> 47) (63 -> 40) (64 -> 28) (65 -> 29) (66 -> 23) (68 -> 10) (69 -> 56) 
68
