-- 58 1
-- 58 2
-- 58 3
-- 58 4
-- 58 5
-- 58 6
-- 58 7
-- 58 8
-- 58 9
-- 58 10
-- 58 11
-- 58 12
-- 58 13
-- 58 14
-- 58 15
-- 58 16
-- 58 17
-- 58 18
-- 58 19
-- 58 20
-- 58 21
-- 58 22
-- 58 23
-- 58 24
-- 58 25
-- 58 26
-- 58 27
-- 58 28
-- 58 29
-- 58 30
-- 58 31
-- 58 32
-- 58 33
-- 58 34
-- 58 35
-- 58 36
-- 58 37
-- 58 38
-- 58 39
-- 58 40
-- 58 41
-- 58 42
-- 58 43
-- 58 44
-- 58 45
-- 58 46
-- 58 47
-- 58 48
-- 58 49
-- 58 50
-- 58 51
-- 59 52
-- 59 53
-- 59 54
-- 59 55
-- 59 56
-- 59 57
-- 59 58
-- 59 59
-- 59 60
-- 59 61
-- 59 62
-- 59 63
true 10472 63
(2 -> 45) (4 -> 5) (5 -> 32) (6 -> 1) (7 -> 73) (8 -> 83) (10 -> 86) (11 -> 21) (12 -> 60) (15 -> 4) (16 -> 8) (18 -> 55) (20 -> 70) (23 -> 84) (24 -> 76) (25 -> 26) (26 -> 85) (27 -> 11) (29 -> 31) (30 -> 82) (32 -> 14) (33 -> 89) (34 -> 79) (35 -> 72) (36 -> 25) (37 -> 46) (40 -> 74) (41 -> 59) (42 -> 52) (43 -> 2) (47 -> 13) (48 -> 43) (49 -> 49) (50 -> 6) (51 -> 20) (52 -> 27) (53 -> 88) (54 -> 33) (55 -> 3) (56 -> 24) (57 -> 71) (59 -> 34) (60 -> 61) (63 -> 48) (64 -> 38) (65 -> 78) (67 -> 40) (68 -> 29) (69 -> 23) (71 -> 77) (72 -> 58) (73 -> 0) (74 -> 56) (76 -> 7) (77 -> 65) (78 -> 22) (79 -> 57) (81 -> 19) (82 -> 41) (83 -> 51) (84 -> 50) (87 -> 69) (89 -> 63) 
127
