-- 27 1
-- 27 2
-- 27 3
-- 27 4
-- 27 5
-- 27 6
-- 27 7
-- 27 8
-- 27 9
-- 27 10
-- 27 11
-- 27 12
-- 27 13
-- 27 14
-- 27 15
-- 27 16
-- 27 17
-- 27 18
-- 27 19
-- 27 20
-- 27 21
-- 27 22
-- 27 23
-- 27 24
-- 27 25
-- 27 26
-- 27 27
-- 27 28
-- 27 29
-- 27 30
-- 27 31
-- 27 32
-- 27 33
-- 27 34
-- 27 35
-- 27 36
-- 27 37
-- 27 38
-- 27 39
-- 27 40
-- 27 41
-- 27 42
-- 27 43
-- 27 44
-- 27 45
-- 27 46
-- 27 47
-- 27 48
-- 28 49
-- 28 50
-- 28 51
-- 28 52
-- 28 53
-- 28 54
-- 28 55
-- 28 56
-- 28 57
-- 28 58
-- 28 59
-- 28 60
-- 28 61
-- 28 62
-- 28 63
-- 28 64
true 6576 64
(3 -> 69) (4 -> 24) (5 -> 82) (6 -> 30) (7 -> 81) (8 -> 60) (10 -> 12) (12 -> 77) (13 -> 54) (16 -> 13) (17 -> 94) (18 -> 87) (20 -> 42) (23 -> 20) (25 -> 57) (26 -> 83) (27 -> 44) (28 -> 23) (29 -> 22) (31 -> 33) (32 -> 14) (33 -> 3) (35 -> 9) (36 -> 80) (37 -> 0) (39 -> 49) (40 -> 75) (41 -> 76) (42 -> 50) (45 -> 1) (47 -> 89) (49 -> 55) (50 -> 73) (52 -> 28) (53 -> 17) (54 -> 71) (56 -> 10) (57 -> 37) (58 -> 97) (62 -> 15) (63 -> 41) (64 -> 38) (65 -> 8) (66 -> 85) (67 -> 48) (68 -> 52) (69 -> 35) (70 -> 67) (71 -> 25) (73 -> 79) (78 -> 5) (79 -> 88) (80 -> 2) (81 -> 78) (82 -> 11) (86 -> 19) (87 -> 6) (89 -> 84) (90 -> 26) (91 -> 63) (92 -> 95) (93 -> 90) (94 -> 32) (95 -> 31) 
47
