-- 26 1
-- 26 2
-- 26 3
-- 26 4
-- 26 5
-- 26 6
-- 26 7
-- 26 8
-- 26 9
-- 26 10
-- 26 11
-- 26 12
-- 26 13
-- 26 14
-- 26 15
-- 26 16
-- 26 17
-- 26 18
-- 26 19
-- 26 20
-- 26 21
-- 26 22
-- 26 23
-- 26 24
-- 26 25
-- 26 26
-- 26 27
-- 26 28
-- 26 29
-- 26 30
-- 26 31
-- 26 32
-- 26 33
-- 26 34
-- 26 35
-- 26 36
-- 26 37
-- 26 38
-- 26 39
-- 26 40
-- 26 41
-- 26 42
-- 26 43
-- 27 44
-- 27 45
-- 27 46
-- 27 47
-- 27 48
-- 27 49
-- 27 50
-- 27 51
-- 27 52
-- 27 53
-- 27 54
-- 27 55
-- 27 56
-- 27 57
-- 27 58
-- 27 59
-- 27 60
-- 27 61
-- 27 62
-- 27 63
-- 27 64
-- 27 65
-- 27 66
-- 27 67
-- 27 68
-- 27 69
-- 27 70
true 116 70
(1 -> 66) (2 -> 20) (3 -> 17) (4 -> 78) (5 -> 6) (6 -> 39) (8 -> 43) (9 -> 49) (10 -> 2) (11 -> 57) (12 -> 11) (14 -> 75) (16 -> 99) (17 -> 62) (18 -> 22) (19 -> 42) (21 -> 84) (22 -> 10) (24 -> 33) (25 -> 96) (26 -> 89) (27 -> 36) (28 -> 97) (29 -> 28) (30 -> 77) (31 -> 73) (33 -> 56) (34 -> 54) (35 -> 35) (36 -> 25) (37 -> 26) (39 -> 63) (40 -> 48) (41 -> 47) (42 -> 90) (43 -> 38) (48 -> 53) (49 -> 29) (50 -> 1) (51 -> 51) (52 -> 23) (53 -> 4) (56 -> 40) (59 -> 81) (60 -> 45) (61 -> 5) (62 -> 19) (64 -> 24) (65 -> 92) (68 -> 68) (69 -> 18) (71 -> 85) (72 -> 94) (75 -> 21) (76 -> 61) (81 -> 3) (83 -> 76) (84 -> 87) (85 -> 27) (86 -> 34) (87 -> 67) (89 -> 74) (90 -> 64) (92 -> 15) (93 -> 72) (94 -> 93) (95 -> 37) (97 -> 58) (98 -> 60) (99 -> 88) 
27
