-- 67 1
-- 67 2
-- 67 3
-- 67 4
-- 67 5
-- 67 6
-- 67 7
-- 67 8
-- 67 9
-- 67 10
-- 67 11
-- 67 12
-- 68 13
-- 68 14
-- 68 15
-- 68 16
-- 68 17
-- 68 18
-- 68 19
-- 68 20
-- 68 21
-- 68 22
-- 68 23
-- 68 24
-- 68 25
-- 68 26
-- 68 27
-- 68 28
-- 68 29
-- 68 30
-- 68 31
-- 68 32
-- 68 33
-- 68 34
-- 68 35
-- 68 36
-- 68 37
-- 68 38
-- 68 39
-- 69 40
-- 69 41
-- 69 42
-- 69 43
-- 69 44
-- 69 45
-- 69 46
-- 69 47
-- 69 48
-- 69 49
-- 69 50
-- 69 51
-- 69 52
-- 69 53
-- 69 54
-- 69 55
-- 69 56
-- 69 57
-- 69 58
-- 69 59
-- 69 60
-- 69 61
-- 69 62
-- 69 63
-- 69 64
true 25370 64
(0 -> 19) (1 -> 1) (4 -> 5) (5 -> 33) (6 -> 53) (7 -> 52) (8 -> 76) (9 -> 11) (10 -> 41) (11 -> 85) (12 -> 70) (13 -> 40) (14 -> 51) (15 -> 50) (16 -> 21) (19 -> 13) (20 -> 25) (21 -> 56) (22 -> 86) (25 -> 35) (26 -> 45) (29 -> 89) (30 -> 67) (31 -> 79) (33 -> 75) (34 -> 27) (35 -> 44) (36 -> 87) (37 -> 82) (40 -> 31) (44 -> 61) (45 -> 14) (46 -> 69) (49 -> 24) (50 -> 22) (51 -> 63) (52 -> 73) (54 -> 16) (57 -> 26) (58 -> 72) (59 -> 20) (60 -> 55) (61 -> 29) (62 -> 77) (63 -> 80) (64 -> 84) (65 -> 54) (66 -> 42) (68 -> 83) (69 -> 7) (70 -> 4) (71 -> 60) (72 -> 58) (73 -> 10) (74 -> 23) (78 -> 65) (79 -> 59) (81 -> 36) (84 -> 17) (85 -> 0) (86 -> 57) (87 -> 81) (88 -> 8) (89 -> 38) 
261
