-- 43 1
-- 43 2
-- 43 3
-- 43 4
-- 43 5
-- 43 6
-- 43 7
-- 43 8
-- 43 9
-- 43 10
-- 43 11
-- 43 12
-- 43 13
-- 43 14
-- 43 15
-- 43 16
-- 43 17
-- 43 18
-- 44 19
-- 44 20
-- 44 21
-- 44 22
-- 44 23
-- 44 24
-- 44 25
-- 44 26
-- 44 27
-- 44 28
-- 44 29
-- 44 30
-- 44 31
-- 44 32
-- 44 33
-- 44 34
-- 44 35
-- 44 36
-- 44 37
-- 44 38
-- 44 39
-- 44 40
-- 44 41
-- 44 42
-- 44 43
-- 44 44
-- 44 45
-- 44 46
-- 44 47
-- 44 48
-- 44 49
-- 44 50
-- 44 51
-- 44 52
-- 44 53
-- 44 54
-- 44 55
-- 44 56
-- 44 57
true 616 57
(0 -> 20) (2 -> 29) (3 -> 48) (4 -> 33) (6 -> 12) (7 -> 31) (8 -> 22) (9 -> 36) (10 -> 30) (11 -> 62) (13 -> 38) (14 -> 24) (16 -> 65) (18 -> 0) (19 -> 7) (20 -> 63) (21 -> 76) (22 -> 4) (23 -> 52) (24 -> 55) (25 -> 23) (26 -> 46) (27 -> 25) (29 -> 39) (30 -> 72) (31 -> 27) (34 -> 3) (35 -> 5) (36 -> 18) (37 -> 8) (38 -> 6) (39 -> 43) (41 -> 56) (44 -> 61) (45 -> 34) (48 -> 10) (50 -> 54) (51 -> 17) (52 -> 67) (53 -> 15) (54 -> 50) (55 -> 16) (56 -> 45) (58 -> 2) (60 -> 74) (62 -> 13) (66 -> 59) (67 -> 75) (68 -> 51) (70 -> 53) (71 -> 28) (72 -> 19) (73 -> 11) (74 -> 79) (75 -> 42) (76 -> 73) (78 -> 49) 
47
