-- 17 1
-- 17 2
-- 17 3
-- 17 4
-- 17 5
-- 17 6
-- 17 7
-- 17 8
-- 17 9
-- 17 10
-- 17 11
-- 17 12
-- 17 13
-- 17 14
-- 17 15
-- 17 16
-- 17 17
-- 17 18
-- 18 19
-- 18 20
-- 18 21
-- 19 22
-- 19 23
-- 19 24
-- 19 25
-- 19 26
-- 19 27
-- 19 28
-- 19 29
-- 19 30
-- 20 31
-- 20 32
-- 20 33
-- 20 34
-- 20 35
true 1759 35
(0 -> 34) (2 -> 4) (3 -> 28) (4 -> 1) (5 -> 35) (11 -> 38) (12 -> 46) (13 -> 9) (14 -> 27) (15 -> 13) (16 -> 18) (18 -> 32) (19 -> 37) (20 -> 21) (21 -> 31) (24 -> 36) (25 -> 3) (26 -> 25) (28 -> 20) (30 -> 6) (31 -> 48) (32 -> 8) (33 -> 12) (34 -> 42) (36 -> 39) (37 -> 14) (38 -> 0) (39 -> 33) (40 -> 40) (41 -> 10) (42 -> 17) (44 -> 11) (45 -> 24) (46 -> 15) (49 -> 29) 
20
