-- 60 1
-- 61 2
-- 61 3
-- 61 4
-- 61 5
-- 61 6
-- 61 7
-- 61 8
-- 61 9
-- 61 10
-- 61 11
-- 61 12
-- 61 13
-- 61 14
-- 61 15
-- 61 16
-- 61 17
-- 61 18
-- 61 19
-- 61 20
-- 61 21
-- 61 22
-- 61 23
-- 61 24
-- 61 25
-- 61 26
-- 65 27
-- 73 28
-- 227 29
-- 237 30
-- 239 31
-- 267 32
-- 300 33
-- 387 34
-- 463 35
-- 463 36
-- 485 37
-- 485 38
-- 485 39
-- 519 40
-- 519 41
-- 519 42
-- 519 43
-- 531 44
-- 531 45
-- 531 46
-- 531 47
-- 531 48
-- 531 49
-- 531 50
-- 553 51
-- 553 52
-- 554 53
-- 554 54
-- 554 55
-- 554 56
-- 554 57
-- 554 58
-- 554 59
-- 554 60
-- 554 61
-- 554 62
-- 554 63
true 207075 63
(0 -> 8) (2 -> 66) (3 -> 77) (4 -> 69) (5 -> 45) (6 -> 17) (8 -> 6) (11 -> 76) (12 -> 10) (13 -> 25) (14 -> 21) (15 -> 52) (16 -> 87) (17 -> 5) (19 -> 13) (20 -> 33) (21 -> 80) (22 -> 32) (23 -> 37) (24 -> 22) (25 -> 38) (28 -> 42) (29 -> 58) (30 -> 53) (31 -> 84) (33 -> 75) (34 -> 40) (35 -> 43) (36 -> 35) (38 -> 24) (40 -> 47) (41 -> 63) (42 -> 54) (43 -> 60) (44 -> 57) (45 -> 15) (47 -> 29) (48 -> 89) (51 -> 83) (52 -> 56) (54 -> 20) (55 -> 46) (56 -> 85) (58 -> 72) (63 -> 7) (66 -> 44) (67 -> 82) (68 -> 64) (69 -> 36) (71 -> 68) (72 -> 74) (73 -> 71) (74 -> 2) (75 -> 26) (76 -> 49) (77 -> 51) (78 -> 18) (79 -> 67) (81 -> 50) (82 -> 55) (84 -> 19) (85 -> 39) (89 -> 31) 
567
