-- 17 1
-- 17 2
-- 17 3
-- 17 4
-- 17 5
-- 17 6
-- 17 7
-- 17 8
-- 17 9
-- 17 10
-- 17 11
-- 17 12
-- 17 13
-- 17 14
-- 17 15
-- 17 16
-- 17 17
-- 17 18
-- 17 19
-- 17 20
-- 17 21
-- 17 22
-- 17 23
-- 17 24
-- 17 25
-- 17 26
-- 17 27
-- 17 28
-- 17 29
-- 17 30
-- 17 31
-- 17 32
-- 17 33
-- 17 34
-- 17 35
-- 17 36
-- 17 37
-- 17 38
-- 17 39
-- 17 40
-- 17 41
-- 17 42
-- 17 43
-- 17 44
-- 17 45
-- 17 46
-- 17 47
-- 17 48
-- 17 49
-- 17 50
-- 17 51
-- 17 52
-- 17 53
-- 17 54
true 89 54
(0 -> 42) (1 -> 18) (2 -> 0) (3 -> 11) (4 -> 41) (5 -> 19) (6 -> 55) (7 -> 40) (8 -> 5) (9 -> 34) (10 -> 30) (12 -> 12) (13 -> 23) (14 -> 27) (15 -> 1) (16 -> 44) (17 -> 8) (18 -> 52) (19 -> 20) (20 -> 53) (21 -> 24) (22 -> 50) (23 -> 49) (24 -> 54) (25 -> 45) (26 -> 15) (27 -> 47) (28 -> 10) (30 -> 7) (31 -> 57) (32 -> 14) (33 -> 3) (34 -> 36) (35 -> 56) (36 -> 26) (37 -> 38) (38 -> 43) (39 -> 28) (40 -> 16) (42 -> 25) (43 -> 51) (44 -> 59) (45 -> 46) (47 -> 9) (48 -> 33) (49 -> 48) (51 -> 4) (52 -> 32) (54 -> 35) (55 -> 58) (56 -> 2) (57 -> 22) (58 -> 39) (59 -> 37) 
17
