-- 10 1
-- 10 2
-- 10 3
-- 11 4
-- 11 5
-- 11 6
-- 11 7
-- 11 8
-- 11 9
-- 11 10
-- 11 11
-- 11 12
-- 11 13
-- 11 14
-- 11 15
-- 11 16
-- 11 17
-- 11 18
-- 11 19
-- 11 20
-- 11 21
-- 11 22
-- 11 23
-- 11 24
-- 11 25
-- 11 26
-- 11 27
-- 11 28
-- 11 29
-- 11 30
-- 11 31
-- 11 32
-- 11 33
-- 11 34
-- 11 35
-- 11 36
true 36 36
(0 -> 39) (1 -> 37) (2 -> 31) (3 -> 6) (4 -> 5) (6 -> 36) (7 -> 24) (8 -> 16) (9 -> 18) (11 -> 10) (12 -> 26) (13 -> 8) (14 -> 27) (15 -> 30) (16 -> 9) (17 -> 4) (19 -> 7) (20 -> 33) (21 -> 22) (22 -> 2) (23 -> 11) (24 -> 23) (25 -> 34) (26 -> 14) (27 -> 1) (28 -> 28) (29 -> 17) (30 -> 15) (32 -> 21) (33 -> 32) (34 -> 12) (35 -> 38) (36 -> 3) (37 -> 20) (38 -> 19) (39 -> 13) 
11
