-- 19 1
-- 19 2
-- 19 3
-- 19 4
-- 20 5
-- 20 6
-- 20 7
-- 20 8
-- 20 9
-- 20 10
-- 20 11
-- 20 12
-- 20 13
-- 20 14
-- 20 15
-- 20 16
-- 21 17
-- 21 18
-- 21 19
-- 21 20
-- 21 21
-- 21 22
-- 21 23
-- 21 24
-- 21 25
-- 21 26
-- 21 27
-- 21 28
-- 22 29
-- 22 30
-- 22 31
-- 22 32
-- 22 33
-- 22 34
-- 22 35
-- 22 36
-- 22 37
-- 22 38
-- 22 39
-- 22 40
-- 23 41
-- 23 42
-- 23 43
-- 23 44
-- 23 45
-- 23 46
-- 23 47
-- 23 48
-- 23 49
true 54 49
(0 -> 59) (1 -> 0) (2 -> 16) (3 -> 11) (4 -> 31) (5 -> 51) (7 -> 33) (8 -> 52) (9 -> 50) (11 -> 18) (12 -> 6) (13 -> 13) (14 -> 23) (15 -> 37) (16 -> 8) (17 -> 38) (18 -> 5) (19 -> 22) (21 -> 56) (22 -> 48) (25 -> 14) (26 -> 21) (27 -> 39) (28 -> 17) (29 -> 1) (30 -> 7) (31 -> 47) (32 -> 25) (33 -> 30) (34 -> 44) (35 -> 28) (36 -> 41) (37 -> 3) (40 -> 55) (41 -> 43) (45 -> 42) (46 -> 49) (47 -> 35) (48 -> 20) (50 -> 45) (51 -> 58) (52 -> 2) (53 -> 57) (54 -> 12) (55 -> 27) (56 -> 9) (57 -> 29) (58 -> 54) (59 -> 46) 
23
