-- 26 1
-- 26 2
-- 26 3
-- 26 4
-- 26 5
-- 26 6
-- 26 7
-- 26 8
-- 26 9
-- 26 10
-- 26 11
-- 26 12
-- 26 13
-- 26 14
-- 27 15
-- 27 16
-- 30 17
-- 30 18
-- 30 19
-- 30 20
-- 31 21
-- 31 22
-- 31 23
-- 31 24
-- 31 25
-- 31 26
-- 32 27
-- 32 28
-- 32 29
-- 32 30
-- 33 31
-- 33 32
-- 33 33
-- 33 34
-- 33 35
-- 33 36
-- 33 37
-- 33 38
-- 33 39
-- 33 40
-- 33 41
-- 33 42
-- 33 43
-- 33 44
true 5527 44
(0 -> 9) (1 -> 31) (2 -> 32) (3 -> 29) (4 -> 2) (5 -> 42) (7 -> 38) (8 -> 12) (9 -> 37) (10 -> 35) (11 -> 47) (12 -> 3) (13 -> 44) (14 -> 16) (15 -> 5) (16 -> 17) (17 -> 20) (18 -> 43) (19 -> 13) (20 -> 36) (21 -> 28) (22 -> 15) (23 -> 49) (25 -> 34) (26 -> 24) (27 -> 18) (28 -> 19) (29 -> 40) (30 -> 23) (31 -> 39) (33 -> 6) (34 -> 33) (35 -> 10) (36 -> 41) (38 -> 45) (39 -> 22) (40 -> 7) (42 -> 0) (43 -> 21) (44 -> 8) (45 -> 4) (47 -> 48) (48 -> 1) (49 -> 25) 
33
