-- 28 1
-- 29 2
-- 29 3
-- 29 4
-- 29 5
-- 29 6
-- 29 7
-- 29 8
-- 29 9
-- 29 10
-- 29 11
-- 29 12
-- 30 13
-- 30 14
-- 30 15
-- 30 16
-- 30 17
-- 30 18
-- 30 19
-- 30 20
-- 30 21
-- 30 22
-- 30 23
-- 30 24
-- 30 25
-- 31 26
-- 31 27
-- 31 28
-- 31 29
-- 31 30
-- 31 31
-- 31 32
-- 31 33
-- 31 34
-- 31 35
-- 31 36
-- 31 37
-- 31 38
-- 32 39
-- 32 40
-- 32 41
-- 32 42
-- 32 43
-- 32 44
-- 32 45
-- 32 46
-- 32 47
-- 32 48
-- 32 49
-- 32 50
-- 32 51
-- 33 52
-- 33 53
-- 33 54
-- 33 55
-- 33 56
-- 33 57
-- 33 58
-- 33 59
-- 33 60
-- 33 61
-- 33 62
true 121 62
(0 -> 17) (1 -> 38) (2 -> 0) (3 -> 46) (4 -> 55) (5 -> 20) (6 -> 59) (8 -> 25) (9 -> 13) (10 -> 47) (11 -> 56) (12 -> 15) (14 -> 57) (15 -> 60) (16 -> 18) (18 -> 12) (20 -> 10) (21 -> 69) (22 -> 62) (23 -> 9) (24 -> 29) (25 -> 19) (26 -> 8) (27 -> 51) (28 -> 66) (29 -> 30) (30 -> 16) (31 -> 22) (32 -> 54) (33 -> 4) (34 -> 67) (35 -> 2) (36 -> 24) (37 -> 3) (39 -> 23) (40 -> 7) (41 -> 65) (42 -> 28) (43 -> 40) (44 -> 14) (45 -> 64) (46 -> 35) (47 -> 42) (48 -> 26) (49 -> 32) (51 -> 52) (52 -> 31) (53 -> 27) (54 -> 37) (55 -> 39) (56 -> 1) (58 -> 50) (60 -> 5) (61 -> 63) (62 -> 36) (63 -> 44) (64 -> 68) (65 -> 34) (66 -> 48) (67 -> 45) (68 -> 21) (69 -> 61) 
34
