-- 10 1
-- 10 2
-- 10 3
-- 10 4
-- 10 5
-- 10 6
-- 10 7
-- 10 8
-- 10 9
-- 10 10
-- 10 11
-- 10 12
-- 10 13
-- 10 14
-- 10 15
-- 10 16
-- 10 17
-- 10 18
-- 10 19
-- 10 20
-- 10 21
-- 10 22
-- 10 23
-- 10 24
-- 10 25
-- 10 26
-- 10 27
-- 10 28
-- 10 29
-- 10 30
-- 10 31
-- 10 32
-- 10 33
-- 10 34
-- 10 35
-- 10 36
true 175 36
(0 -> 24) (2 -> 4) (3 -> 38) (4 -> 12) (5 -> 37) (6 -> 36) (7 -> 30) (8 -> 7) (9 -> 18) (10 -> 39) (11 -> 22) (12 -> 26) (15 -> 25) (16 -> 3) (17 -> 9) (18 -> 34) (19 -> 29) (20 -> 16) (21 -> 2) (22 -> 8) (23 -> 19) (24 -> 21) (25 -> 35) (26 -> 23) (27 -> 10) (28 -> 6) (29 -> 14) (30 -> 17) (32 -> 28) (33 -> 32) (34 -> 27) (35 -> 15) (36 -> 33) (37 -> 13) (38 -> 5) (39 -> 0) 
11
