-- 14 1
-- 14 2
-- 14 3
-- 14 4
-- 14 5
-- 14 6
-- 14 7
-- 14 8
-- 14 9
-- 14 10
-- 14 11
-- 14 12
-- 14 13
-- 14 14
-- 14 15
-- 14 16
-- 14 17
-- 14 18
-- 14 19
-- 14 20
-- 14 21
-- 14 22
-- 14 23
-- 14 24
-- 14 25
-- 14 26
-- 14 27
-- 14 28
-- 15 29
-- 15 30
-- 15 31
-- 15 32
-- 15 33
-- 15 34
-- 15 35
-- 15 36
-- 15 37
-- 15 38
-- 15 39
-- 15 40
-- 15 41
-- 15 42
-- 15 43
-- 15 44
-- 15 45
-- 15 46
-- 15 47
-- 15 48
-- 15 49
-- 15 50
-- 15 51
-- 15 52
-- 15 53
-- 15 54
true 54 54
(0 -> 15) (1 -> 2) (2 -> 40) (3 -> 21) (5 -> 10) (6 -> 36) (7 -> 58) (8 -> 27) (9 -> 26) (10 -> 25) (11 -> 12) (12 -> 16) (15 -> 18) (16 -> 43) (17 -> 22) (18 -> 39) (19 -> 3) (20 -> 32) (21 -> 30) (22 -> 6) (23 -> 56) (24 -> 47) (25 -> 52) (26 -> 50) (27 -> 57) (28 -> 48) (29 -> 11) (30 -> 33) (31 -> 51) (32 -> 55) (33 -> 28) (34 -> 59) (35 -> 14) (36 -> 46) (38 -> 9) (39 -> 49) (40 -> 5) (41 -> 20) (42 -> 54) (43 -> 34) (44 -> 38) (45 -> 37) (46 -> 31) (47 -> 29) (49 -> 19) (50 -> 7) (52 -> 24) (53 -> 13) (54 -> 1) (55 -> 53) (56 -> 17) (57 -> 4) (58 -> 35) (59 -> 41) 
15
