-- 46 1
-- 46 2
-- 46 3
-- 46 4
-- 46 5
-- 46 6
-- 46 7
-- 46 8
-- 46 9
-- 46 10
-- 46 11
-- 46 12
-- 46 13
-- 46 14
-- 46 15
-- 46 16
-- 46 17
-- 46 18
-- 46 19
-- 46 20
-- 46 21
-- 46 22
-- 46 23
-- 46 24
-- 46 25
-- 46 26
-- 46 27
-- 46 28
-- 46 29
-- 46 30
-- 46 31
-- 46 32
-- 46 33
-- 46 34
-- 46 35
-- 46 36
-- 46 37
-- 46 38
-- 46 39
-- 46 40
-- 46 41
-- 46 42
-- 46 43
-- 47 44
-- 47 45
-- 47 46
-- 47 47
-- 47 48
-- 47 49
-- 51 50
-- 51 51
-- 51 52
-- 51 53
-- 53 54
-- 53 55
-- 53 56
-- 55 57
-- 55 58
-- 55 59
-- 55 60
-- 55 61
-- 55 62
-- 55 63
-- 56 64
true 2340 64
(0 -> 45) (1 -> 26) (2 -> 20) (3 -> 4) (4 -> 50) (5 -> 59) (6 -> 14) (7 -> 37) (8 -> 23) (9 -> 1) (10 -> 43) (11 -> 60) (12 -> 19) (13 -> 35) (14 -> 25) (15 -> 10) (16 -> 8) (17 -> 48) (18 -> 7) (19 -> 13) (20 -> 12) (21 -> 39) (23 -> 47) (25 -> 54) (26 -> 24) (27 -> 27) (29 -> 44) (30 -> 67) (31 -> 78) (32 -> 46) (33 -> 3) (34 -> 70) (35 -> 42) (36 -> 55) (37 -> 76) (38 -> 57) (40 -> 53) (41 -> 16) (42 -> 0) (43 -> 38) (44 -> 71) (45 -> 64) (50 -> 74) (51 -> 2) (52 -> 72) (53 -> 33) (54 -> 66) (55 -> 11) (56 -> 41) (57 -> 69) (58 -> 63) (59 -> 79) (60 -> 28) (63 -> 30) (67 -> 17) (68 -> 51) (70 -> 29) (71 -> 62) (73 -> 49) (75 -> 56) (76 -> 21) (77 -> 15) (78 -> 58) (79 -> 77) 
58
