Thread work times 12 15 16 16 13 16 16 16 16 16 16 16 16 16 16 16 16 16 16 17 21 21 21 26 20 11 11 18 26 11 11
Upper bound: 40
Thread work times 32 10 32 10 0 16 16 0 15 16 15 10 32 10 16 10 31 12 0 10 16 10 10 23 22 22 10 16 16 10 12
Upper bound: 39
Thread work times 56 43 32 30 44 48 32 43 37 32 48 32 32 35 36 48 48 48 48 48 48 28 40 32 40 47 48 30 38 32 47
Upper bound: 38
Thread work times 61 53 31 53 53 29 29 30 48 47 48 30 61 48 32 48 32 42 42 48 48 32 31 52 58 58 58 47 58 50 62
Upper bound: 37
Thread work times 48 48 58 47 63 64 58 42 68 58 58 59 48 64 58 48 63 46 64 65 58 63 57 68 46 42 62 46 70 48 58
Upper bound: 36
Thread work times 5714 5747 5714 5714 5715 5720 5721 5723 5699 5723 5714 5717 5698 5732 5716 5735 5704 5734 5733 5729 5746 5717 5712 5723 5713 5719 5725 5733 5727 5714 5730
Upper bound: 35
Thread work times 28149 28144 28028 28130 28092 27974 27968 28004 27975 27953 28003 28141 28147 28080 28149 28125 28095 28105 28139 28119 28069 28108 28046 28191 28120 28118 28069 28149 28123 28189 28181
Upper bound: 34
Thread work times 65799 65787 65791 65800 65785 65765 65788 65788 65790 65790 65784 65792 65793 65793 65786 65794 65775 65797 65790 65776 65788 65788 65784 65785 65785 65791 65789 65792 65796 65798 65783
Solution size 4
(1 -> 56) (6 -> 55) (12 -> 117) (17 -> 1) 
Nodes:                      281297432
CPU time (ms):              100017
TIMEOUT
