Thread work times 0 0 0 0 0 0 0 0 0 0 0 0 0 0 0 0 0 0 0 0 0 0 0 0 0 0 0 0 0 0 0
Upper bound: 41
Thread work times 1 0 0 0 0 0 0 0 0 0 0 1 0 0 0 0 0 0 0 0 0 0 0 0 1 0 0 0 0 0 0
Upper bound: 40
Thread work times 2 1 0 2 0 0 1 1 0 0 0 0 0 0 1 0 0 1 0 2 1 0 1 2 0 0 0 0 1 1 1
Upper bound: 39
Thread work times 2 0 2 2 4 2 3 3 4 1 0 2 3 0 2 0 2 1 3 3 2 1 4 2 3 2 1 1 1 2 0
Upper bound: 38
Thread work times 6 0 3 3 5 4 3 4 2 3 1 0 1 3 1 2 2 0 3 3 5 1 1 1 3 5 1 4 1 3 2
Upper bound: 37
Thread work times 4 1 2 5 5 2 4 3 3 4 4 2 4 4 6 6 3 3 5 7 2 5 4 4 3 1 3 3 6 4 3
Upper bound: 36
Thread work times 6 7 6 5 6 7 8 2 3 6 6 7 7 5 4 5 4 5 8 6 4 4 2 5 5 5 5 3 9 4 5
Upper bound: 35
Thread work times 13 12 7 10 10 8 5 6 4 11 8 10 8 7 7 9 10 9 6 9 10 8 10 4 8 9 10 8 7 8 8
Upper bound: 34
Thread work times 15 17 13 14 14 19 14 14 16 17 16 17 12 17 15 12 14 14 11 16 16 11 24 23 17 12 22 23 18 16 11
Upper bound: 33
Thread work times 41 46 33 33 36 35 33 35 44 28 29 32 36 32 34 38 33 32 45 32 33 33 31 35 33 37 32 32 34 33 35
Upper bound: 32
Thread work times 147 93 117 143 130 91 144 143 131 97 116 146 117 133 91 96 91 93 132 129 94 94 134 101 99 98 104 100 136 97 95
Upper bound: 31
Thread work times 557 551 552 662 1356 555 558 561 569 572 583 572 1354 568 566 595 549 1356 556 555 1348 561 568 565 1355 570 528 550 570 578 531
Upper bound: 30
Thread work times 8785 2999 3086 3079 3134 3176 3152 3174 3110 3171 3161 3176 3178 3187 3202 3359 3421 3146 3447 8781 3155 3159 3135 3226 3150 3155 3360 8784 8784 3187 3285
Upper bound: 29
Thread work times 55814 24244 55811 55811 24454 23290 26602 24241 24243 23582 23438 28124 23039 22789 25197 23096 22785 23413 22336 23101 55813 23320 22528 23497 21706 23182 55811 33880 22807 22795 24452
Upper bound: 28
Thread work times 33757 33755 33752 33757 33756 33752 33756 33755 33757 33756 33757 33756 33756 33757 33756 33756 33755 33757 33754 33756 33755 33745 33757 33755 33756 33755 33752 33756 33754 33755 33751
Solution size 17
(0 -> 43) (1 -> 30) (2 -> 33) (3 -> 13) (4 -> 48) (5 -> 14) (9 -> 17) (10 -> 41) (11 -> 15) (14 -> 34) (16 -> 7) (18 -> 9) (23 -> 22) (24 -> 32) (27 -> 16) (30 -> 42) (39 -> 36) 
Nodes:                      5080636528
CPU time (ms):              100001
TIMEOUT
