Thread work times 11 12 10 8 11 11 11 12 12 12 12 12 12 13 14 11 14 18 19 13 8 11 11 18 10 17 17 8 17 11 14
Upper bound: 41
Thread work times 22 22 21 22 22 22 21 21 22 26 22 22 22 22 22 22 21 22 22 23 22 22 24 24 19 22 22 21 27 26 22
Upper bound: 40
Thread work times 37 41 37 37 38 38 38 35 38 37 41 38 38 38 38 37 38 37 38 38 37 42 37 37 35 38 38 39 38 38 38
Upper bound: 39
Thread work times 62 64 65 63 63 64 63 63 61 63 62 63 63 64 62 63 62 62 63 63 63 64 63 63 62 60 64 65 63 63 63
Upper bound: 38
Thread work times 92 89 91 90 90 92 91 89 90 90 89 89 89 88 88 89 89 89 88 89 89 89 88 85 91 90 90 90 89 86 89
Upper bound: 37
Thread work times 152 132 132 132 152 131 132 132 132 152 132 131 131 132 132 132 132 132 132 132 132 132 132 133 152 132 132 131 132 132 152
Upper bound: 36
Thread work times 277 355 278 274 275 276 274 275 276 353 275 277 353 276 273 274 354 353 275 276 274 276 277 275 272 274 277 275 275 277 276
Upper bound: 35
Thread work times 1962 1676 1936 2278 1777 1679 1686 1697 1667 1894 1694 1966 1915 1677 2011 1953 2232 1680 1920 1673 1668 1678 1876 1673 1664 1949 2048 1911 1677 1680 1903
Upper bound: 34
Thread work times 60111 60363 59965 60383 60394 61358 61416 60287 60055 60330 60718 60461 59975 61804 62629 59953 62283 59994 60347 62533 60109 61312 60039 59968 61415 61026 60083 62281 60644 61076 61022
Upper bound: 33
Thread work times 34124 34117 34117 34117 34117 34117 34118 34117 34124 34118 34124 34117 34116 34116 34116 34116 34116 34117 34117 34118 34116 34117 34115 34117 34117 34117 34117 34118 34117 34117 34125
Solution size 19
(0 -> 1032) (1 -> 1044) (2 -> 1059) (3 -> 1060) (4 -> 1061) (5 -> 1046) (6 -> 1043) (10 -> 1041) (11 -> 1029) (14 -> 1058) (16 -> 1062) (17 -> 1015) (18 -> 1040) (23 -> 1057) (25 -> 880) (26 -> 1028) (30 -> 1056) (35 -> 87) (36 -> 250) 
Nodes:                      980417865
CPU time (ms):              100018
TIMEOUT
