Thread work times 56 44 45 45 45 45 45 45 45 45 45 45 45 49 49 49 53 53 46 53 53 53 30 30 49 52 30 43 30 30 43
Upper bound: 47
Thread work times 102 56 72 85 56 61 40 40 51 40 42 41 75 78 84 83 62 85 86 85 83 29 84 32 67 43 43 83 76 68 85
Upper bound: 46
Thread work times 150 120 110 87 114 115 87 92 116 126 86 126 125 128 128 126 112 116 130 128 128 116 127 118 101 125 122 120 109 128 128
Upper bound: 45
Thread work times 165 165 127 128 145 194 148 195 168 171 143 171 128 162 146 148 180 171 180 154 172 144 182 145 176 171 169 160 143 169 165
Upper bound: 44
Thread work times 228 209 203 208 193 201 210 210 209 199 199 209 209 213 214 215 214 215 215 218 220 208 208 211 215 225 217 204 218 208 208
Upper bound: 43
Thread work times 250 266 212 265 207 207 208 217 194 212 213 212 212 219 215 212 214 207 213 211 221 213 223 212 212 213 198 207 207 213 214
Upper bound: 42
Thread work times 224 233 340 341 357 232 233 232 222 355 232 229 223 233 233 233 233 234 231 234 220 233 233 234 216 233 234 356 209 233 234
Upper bound: 41
Thread work times 498 496 233 243 251 239 250 251 231 250 252 248 251 251 250 251 234 251 251 251 244 243 250 247 496 250 250 250 497 235 250
Upper bound: 40
Thread work times 752 266 264 265 750 274 751 276 277 752 276 262 276 277 278 276 277 270 276 277 277 277 278 276 276 261 276 749 278 276 276
Upper bound: 39
Thread work times 1195 322 1194 310 324 323 321 323 322 311 322 323 324 318 323 322 317 323 1193 323 322 323 324 310 324 321 323 303 323 309 323
Upper bound: 38
Thread work times 1975 387 1974 383 388 388 1974 374 386 383 387 387 381 387 387 388 388 387 1971 388 388 1971 388 389 387 389 388 378 387 385 377
Upper bound: 37
Thread work times 3252 3249 497 507 506 506 508 506 507 507 507 507 508 508 506 506 3252 3251 492 504 3249 506 507 506 497 506 507 506 498 506 507
Upper bound: 36
Thread work times 5517 778 792 792 760 5518 785 790 793 794 793 792 785 790 5516 766 792 793 793 791 791 790 793 793 791 793 791 792 793 5508 5519
Upper bound: 35
Thread work times 2464 11338 4872 2460 2699 2461 3630 11338 2462 2681 3731 2682 3133 11339 2470 3001 2562 3843 2675 3848 2461 2463 6279 2488 3022 2463 3734 11339 11339 3116 9615
Upper bound: 34
Thread work times 74056 52802 42674 33815 34955 52336 33571 32660 32654 34475 33216 32718 32782 51350 52341 51409 42677 34958 51281 51280 42675 32789 51849 74055 33819 74056 34563 32662 68144 45569 33873
Solution size 14
(1 -> 384) (2 -> 2926) (3 -> 226) (8 -> 2989) (9 -> 647) (13 -> 1304) (14 -> 3047) (15 -> 2545) (16 -> 368) (17 -> 1060) (18 -> 1729) (25 -> 3080) (27 -> 1985) (40 -> 757) 
Nodes:                      316110826
CPU time (ms):              100027
TIMEOUT
