Thread work times 9 6 7 5 6 7 5 7 4 7 5 7 6 5 8 5 5 5 4 3 6 6 9 6 3 8 8 7 4 8 6
Upper bound: 47
Thread work times 57 59 56 50 56 54 51 54 50 57 54 51 48 58 48 54 58 57 52 58 52 57 55 52 49 54 56 55 54 54 54
Upper bound: 46
Thread work times 116 125 124 121 117 119 116 113 115 113 117 122 121 117 121 118 120 116 119 122 118 118 116 114 114 117 120 121 117 121 119
Upper bound: 45
Thread work times 154 144 149 141 149 146 150 147 150 151 146 141 142 148 148 139 147 149 148 148 147 147 147 150 145 148 149 149 146 153 149
Upper bound: 44
Thread work times 170 172 175 175 168 170 169 171 170 168 171 172 172 167 170 170 166 168 168 168 171 170 165 163 168 172 171 167 163 170 176
Upper bound: 43
Thread work times 223 220 268 223 263 223 219 257 267 225 220 224 218 220 225 224 223 224 225 227 225 225 222 226 229 221 224 228 222 267 216
Upper bound: 42
Thread work times 459 311 459 311 308 313 304 307 309 306 309 305 315 309 307 455 310 316 308 309 455 317 306 456 310 307 313 306 305 312 310
Upper bound: 41
Thread work times 906 902 515 508 512 514 903 511 511 898 517 510 515 525 517 512 514 902 519 512 515 510 510 517 509 510 515 510 512 506 539
Upper bound: 40
Thread work times 1745 801 783 787 1746 791 789 796 782 809 796 814 810 787 811 785 790 779 800 781 782 816 804 1742 781 800 789 1744 1738 789 784
Upper bound: 39
Thread work times 3233 1193 1203 1194 3229 1221 1219 1230 1219 3229 1191 1219 3232 1218 1278 1241 1199 1186 1200 1200 1221 1192 1220 1197 1243 1214 1189 3228 1204 1203 1192
Upper bound: 38
Thread work times 1831 1875 1833 5729 1874 1883 5734 1830 1897 1982 1843 1887 1929 1965 1838 1865 1841 2015 1827 5730 1877 5731 1987 2017 1847 1898 1836 5735 1945 1920 1849
Upper bound: 37
Thread work times 10934 3246 10928 3049 3000 3003 3149 3038 2990 10934 3021 3049 2906 3004 2915 2917 2919 10928 3132 10932 3354 2910 3005 2918 2939 3218 3124 2955 3446 3128 3142
Upper bound: 36
Thread work times 4714 5104 5342 4795 4796 4832 4748 4729 4891 7020 4774 19177 5572 4729 19179 4789 19181 4926 4789 19174 19181 4754 4742 5570 4720 4799 4783 4757 4718 4746 4836
Upper bound: 35
Thread work times 13249 8337 7746 32114 8605 8326 13245 9476 9479 8757 7701 8031 7982 8381 32112 8530 32111 8328 8351 8508 8336 32115 7731 8339 8435 32116 7753 7693 8506 8330 7944
Upper bound: 34
Thread work times 12687 24861 13635 14163 13190 12487 13916 12577 24867 13743 14079 13696 24865 14164 24137 12503 23518 13764 14142 24865 16339 24867 13872 15080 12492 13233 12993 14086 24862 13141 13173
Solution size 10
(1 -> 18) (9 -> 54) (13 -> 16) (14 -> 34) (15 -> 17) (16 -> 10) (17 -> 86) (18 -> 14) (26 -> 74) (27 -> 77) 
Nodes:                      1899592416
CPU time (ms):              100001
TIMEOUT
