Thread work times 0 0 0 0 0 0 0 0 0 0 0 0 0 0 0 0 0 0 0 0 0 0 0 0 0 0 0 0 0 0 0
Upper bound: 48
Thread work times 0 0 0 0 0 0 0 0 0 0 0 0 0 0 0 0 0 0 0 0 0 0 0 0 0 0 0 0 0 0 0
Upper bound: 47
Thread work times 0 0 0 0 0 0 0 0 0 0 0 0 0 0 0 0 0 0 0 0 0 0 1 0 0 0 0 0 0 0 0
Upper bound: 46
Thread work times 1 0 1 0 0 0 0 1 0 0 0 0 0 0 0 0 0 0 0 0 0 0 0 0 0 0 0 0 0 0 0
Upper bound: 45
Thread work times 2 0 0 0 0 0 0 0 0 0 1 0 0 1 0 0 0 0 0 0 0 0 0 0 0 0 0 0 0 0 1
Upper bound: 44
Thread work times 0 1 1 0 1 1 0 2 1 0 2 1 1 0 0 0 0 3 0 1 0 0 3 2 2 0 0 1 0 0 1
Upper bound: 43
Thread work times 6 1 2 2 0 2 0 3 2 1 1 6 1 1 2 2 4 3 2 1 2 2 6 1 1 1 1 1 0 1 0
Upper bound: 42
Thread work times 23 8 6 5 7 6 7 6 8 11 20 6 9 10 4 6 10 8 8 22 22 8 5 6 5 8 7 9 7 8 11
Upper bound: 41
Thread work times 67659 1117 265 628 526 395 924 67661 376 329 67659 409 478 421 547 424 514 450 238 882 817 1168 314 961 1210 1031 330 1093 900 67661 67660
Upper bound: 40
Thread work times 32285 32285 32284 32285 32283 32283 32283 32285 32283 32285 32284 32285 32284 32284 32283 32285 32285 32284 32284 32285 32284 32284 32283 32284 32283 32283 32283 32284 32283 32284 32283
Solution size 12
(0 -> 9) (6 -> 164) (8 -> 67) (15 -> 163) (18 -> 157) (20 -> 177) (21 -> 141) (25 -> 194) (35 -> 169) (37 -> 77) (41 -> 224) (42 -> 207) 
Nodes:                      1101380449
CPU time (ms):              100001
TIMEOUT
