Thread work times 0 0 1 0 0 0 0 0 1 1 1 0 0 0 0 1 0 1 0 1 0 0 0 1 0 0 0 0 1 1 0
Upper bound: 48
Thread work times 0 2 2 1 4 2 2 2 2 2 2 1 3 1 0 3 2 1 1 1 3 1 1 3 2 1 2 2 3 0 3
Upper bound: 47
Thread work times 7 8 13 12 10 10 9 10 9 7 11 11 7 10 11 9 9 9 11 11 11 10 8 11 10 9 10 7 9 10 10
Upper bound: 46
Thread work times 18 15 15 16 19 15 16 18 12 19 19 20 15 18 17 16 15 16 18 16 16 19 15 19 18 19 15 22 17 16 16
Upper bound: 45
Thread work times 25 25 27 20 26 20 27 29 27 25 25 24 31 26 26 25 27 27 27 26 26 24 25 27 26 26 28 28 23 24 31
Upper bound: 44
Thread work times 54 40 41 43 41 43 36 41 38 41 48 38 39 41 41 39 42 44 36 36 40 40 40 41 53 40 41 39 38 47 38
Upper bound: 43
Thread work times 145 73 81 78 146 70 73 75 76 76 76 142 72 79 82 137 71 144 73 80 75 72 75 75 75 81 74 76 74 77 79
Upper bound: 42
Thread work times 99715 248 260 99712 273 261 99712 272 272 99714 277 244 301 99714 280 286 249 279 250 262 262 253 247 274 255 275 273 277 258 275 247
Solution size 35
(4 -> 114) (8 -> 61) (9 -> 79) (10 -> 70) (11 -> 120) (12 -> 71) (13 -> 113) (14 -> 24) (15 -> 32) (16 -> 73) (17 -> 36) (18 -> 3) (19 -> 0) (20 -> 37) (21 -> 53) (22 -> 111) (23 -> 119) (24 -> 10) (25 -> 50) (26 -> 116) (29 -> 65) (31 -> 13) (32 -> 121) (33 -> 46) (34 -> 51) (35 -> 94) (36 -> 2) (37 -> 92) (39 -> 27) (40 -> 99) (41 -> 12) (42 -> 69) (44 -> 34) (45 -> 39) (48 -> 26) 
Nodes:                      754459417
CPU time (ms):              100002
TIMEOUT
