Thread work times 0 0 0 0 0 0 0 0 0 0 0 0 0 0 0 0 0 0 0 0 0 0 0 0 0 0 0 0 0 0 0
Upper bound: 48
Thread work times 0 0 0 0 0 0 0 0 0 0 0 0 0 0 0 0 0 0 0 0 0 0 0 0 0 0 0 0 0 0 0
Upper bound: 47
Thread work times 0 1 0 0 1 0 0 0 1 1 0 0 0 0 0 0 0 0 0 0 0 0 0 0 0 0 0 0 1 1 0
Upper bound: 46
Thread work times 3 2 0 0 0 1 0 0 1 1 3 2 3 1 0 1 0 0 0 1 0 1 0 0 2 2 1 1 1 0 2
Upper bound: 45
Thread work times 3 0 0 1 0 0 0 0 0 2 0 2 2 0 1 0 0 2 0 0 0 0 1 0 0 0 2 2 0 0 1
Upper bound: 44
Thread work times 1 1 2 0 1 1 0 1 1 12 0 0 0 0 0 1 1 1 1 12 3 0 1 0 1 2 1 1 0 3 13
Upper bound: 43
Thread work times 0 8 8 6 40 10 5 0 4 9 7 10 4 58 34 9 26672 1 0 9 26666 9 10 6 41 2 2 6 3 14 40
Upper bound: 42
Thread work times 144 2434 56 3092 397 80 75 19 62 24 73294 2406 128 3092 98 10 430 73294 73293 125 31 2413 48 94 413 2436 124 62 14 82 126
Solution size 17
(5 -> 2) (7 -> 16) (10 -> 41) (13 -> 50) (15 -> 30) (18 -> 47) (25 -> 43) (26 -> 1) (29 -> 25) (31 -> 22) (32 -> 49) (34 -> 58) (36 -> 61) (39 -> 17) (41 -> 10) (42 -> 0) (45 -> 3) 
Nodes:                      623943132
CPU time (ms):              100001
TIMEOUT
