Thread work times 7 5 5 6 6 7 3 2 0 0 0 4 4 0 0 0 0 0 0 4 0 4 0 2 2 2 2 0 4 4 5
Upper bound: 48
Thread work times 8 0 5 5 0 0 0 5 3 3 4 4 0 0 0 4 0 0 5 4 3 8 8 8 8 0 5 0 0 6 2
Upper bound: 47
Thread work times 16 12 12 11 9 7 13 11 13 11 4 11 11 6 9 4 6 6 8 11 4 8 8 12 4 10 9 9 10 4 11
Upper bound: 46
Thread work times 16 18 16 0 4 6 6 12 12 8 10 12 10 12 3 12 16 14 4 4 4 0 4 6 10 14 12 16 2 14 14
Upper bound: 45
Thread work times 21 12 10 2 12 12 15 9 16 9 16 11 18 4 16 16 16 16 10 10 10 16 4 14 7 16 17 17 7 16 16
Upper bound: 44
Thread work times 75 47 49 49 47 47 47 48 69 46 46 46 48 47 49 46 47 48 49 72 49 46 48 50 70 47 46 46 47 50 46
Upper bound: 43
Thread work times 513 446 449 450 445 509 454 458 509 463 446 468 449 448 469 472 490 494 453 509 445 448 448 450 509 478 445 448 459 480 459
Upper bound: 42
Thread work times 99331 99328 99327 99328 99328 99328 99329 99327 99329 99329 99328 99329 99328 99330 99329 99329 99329 99330 99329 99328 99330 99330 99330 99330 99325 99326 99326 99327 99330 99326 99331
Solution size 14
(0 -> 570) (6 -> 156) (8 -> 0) (14 -> 789) (15 -> 617) (18 -> 88) (20 -> 175) (21 -> 846) (25 -> 771) (32 -> 300) (35 -> 522) (37 -> 100) (41 -> 499) (42 -> 288) 
Nodes:                      1388241982
CPU time (ms):              100008
TIMEOUT
