Thread work times 144 86 83 83 86 99 99 101 101 101 101 101 101 102 101 102 103 103 103 114 103 118 121 122 115 119 124 141 100 101 126
Upper bound: 49
Thread work times 92 229 184 172 144 178 100 178 170 157 158 110 187 109 200 200 188 192 201 219 144 181 137 188 181 162 198 186 97 205 218
Upper bound: 48
Thread work times 353 283 281 283 292 283 283 269 284 268 284 292 294 303 295 280 276 311 316 316 292 291 298 306 280 289 300 352 296 271 319
Upper bound: 47
Thread work times 434 419 390 390 390 390 391 395 397 397 394 400 393 413 402 387 404 388 378 386 390 402 395 395 390 396 434 400 432 396 399
Upper bound: 46
Thread work times 470 546 478 500 453 478 480 479 486 478 450 505 500 446 494 506 514 491 444 518 481 403 440 506 503 508 546 543 472 544 478
Upper bound: 45
Thread work times 758 480 495 500 487 502 488 490 492 489 754 756 491 492 502 500 494 482 475 489 491 492 489 489 500 490 483 453 497 502 500
Upper bound: 44
Thread work times 1222 1218 511 544 544 544 531 544 543 543 527 496 1222 1202 542 511 530 538 542 544 544 544 519 490 544 544 511 530 1220 545 544
Upper bound: 43
Thread work times 1825 612 611 525 1806 613 594 611 606 611 611 614 612 581 553 613 1814 1827 582 611 606 1823 612 591 553 611 594 557 614 569 613
Upper bound: 42
Thread work times 94413 94412 4598 4637 4600 4601 4641 4571 4586 4641 4602 4640 4603 4572 4625 4604 94452 4635 4614 4619 4571 4640 4583 4636 4600 4602 4640 94451 4639 4638 4572
Solution size 9
(0 -> 42) (7 -> 14) (14 -> 217) (17 -> 8) (19 -> 0) (22 -> 3) (31 -> 1) (34 -> 4) (48 -> 7) 
Nodes:                      32220232
CPU time (ms):              100114
TIMEOUT
