Thread work times 0 2 2 3 3 3 4 4 3 4 4 4 4 4 4 4 4 4 4 5 5 5 5 1 0 1 1 1 5 1 1
Upper bound: 49
Thread work times 2 2 2 4 0 1 2 4 2 2 2 3 2 2 3 2 4 4 4 4 4 4 3 4 0 4 0 4 3 2 0
Upper bound: 48
Thread work times 3 2 3 3 2 3 4 4 0 0 0 4 4 6 0 6 6 6 1 6 6 1 1 1 2 2 1 2 3 2 7
Upper bound: 47
Thread work times 5 6 5 0 6 0 6 0 4 5 4 0 1 5 2 5 2 4 7 4 9 8 6 2 2 6 2 4 4 6 6
Upper bound: 46
Thread work times 11 8 2 10 1 7 8 8 8 6 6 4 3 6 7 8 6 7 8 8 8 9 6 8 6 8 6 8 8 8 8
Upper bound: 45
Thread work times 13 8 8 7 6 8 12 6 9 7 8 8 8 8 7 6 8 9 8 6 10 9 3 8 6 6 5 7 6 5 6
Upper bound: 44
Thread work times 22 9 10 10 10 10 10 16 9 11 6 10 10 6 6 8 10 6 10 10 10 9 10 6 8 9 10 22 6 6 10
Upper bound: 43
Thread work times 12 37 12 14 7 34 14 6 8 13 13 13 14 13 13 14 15 14 14 11 14 15 14 14 13 12 14 14 36 36 37
Upper bound: 42
Thread work times 77 29 31 31 29 75 30 76 30 31 30 30 30 30 30 30 29 31 29 31 31 31 32 30 29 31 30 28 30 29 31
Upper bound: 41
Thread work times 806 821 1903 806 949 806 944 981 1894 76919 798 805 811 815 76922 76924 76922 931 843 803 804 795 1658 805 968 802 790 1554 794 808 76923
Upper bound: 40
Thread work times 22867 22867 22867 22866 22867 22867 22866 22865 22866 22868 22866 22866 22868 22867 22865 22867 22867 22866 22861 22866 22866 22866 22867 22866 22867 22866 22858 22866 22866 22868 22866
Solution size 10
(2 -> 431) (5 -> 212) (8 -> 434) (11 -> 438) (18 -> 455) (19 -> 432) (24 -> 443) (36 -> 449) (37 -> 697) (45 -> 462) 
Nodes:                      622935386
CPU time (ms):              100003
TIMEOUT
