Thread work times 0 0 0 0 0 0 0 0 0 0 0 0 0 0 0 0 0 0 0 0 0 0 0 0 0 0 0 0 0 0 0
Upper bound: 49
Thread work times 0 0 1 1 0 0 0 0 0 0 0 1 0 0 0 0 0 0 1 0 0 1 0 0 0 0 0 0 0 1 0
Upper bound: 48
Thread work times 3 2 1 2 1 0 1 0 1 3 2 2 1 2 3 1 0 3 3 3 1 1 3 0 2 2 0 0 0 1 1
Upper bound: 47
Thread work times 6 6 1 3 5 6 5 7 5 6 6 5 7 4 6 7 6 8 6 5 6 5 5 6 5 4 7 2 6 7 5
Upper bound: 46
Thread work times 15 11 14 11 12 12 10 11 12 10 8 10 9 11 11 12 12 11 9 15 13 12 12 11 11 9 11 13 11 10 12
Upper bound: 45
Thread work times 18 23 19 20 18 22 19 27 21 23 19 24 21 23 21 21 23 25 20 22 20 23 26 21 23 23 21 21 22 21 27
Upper bound: 44
Thread work times 13933 106 99 74 73 111 123 652 75 70 13930 76 89 69 77 76 70 114 89 13932 128 111 71 70 87 13932 266 116 80 68 77
Upper bound: 43
Thread work times 42230 85996 85994 28732 16034 73487 42602 32885 34560 8821 85993 8584 13870 14344 22425 11395 85993 13074 85997 85991 24157 85995 85991 10120 9575 85992 9704 9525 30576 32140 85995
Solution size 20
(2 -> 24) (5 -> 64) (8 -> 89) (10 -> 116) (11 -> 106) (14 -> 14) (15 -> 107) (17 -> 48) (20 -> 113) (21 -> 93) (27 -> 103) (30 -> 37) (32 -> 32) (35 -> 100) (38 -> 96) (40 -> 36) (41 -> 123) (42 -> 118) (43 -> 122) (49 -> 73) 
Nodes:                      2761822410
CPU time (ms):              100001
TIMEOUT
