Thread work times 3 0 0 0 0 0 0 0 0 1 0 2 1 0 0 3 0 0 0 1 0 0 2 0 1 0 1 2 0 0 1
Upper bound: 52
Thread work times 6 1 2 2 0 3 6 4 6 5 2 0 1 1 5 1 4 2 1 0 0 2 3 1 1 0 3 1 0 2 2
Upper bound: 51
Thread work times 11 5 5 5 6 5 5 9 5 4 6 8 4 4 7 10 6 4 6 9 6 3 6 4 11 6 8 10 6 9 11
Upper bound: 50
Thread work times 13 10 11 15 16 14 12 10 12 9 11 11 10 14 15 13 12 11 14 10 14 11 13 12 12 13 9 12 16 12 9
Upper bound: 49
Thread work times 23 22 19 19 19 17 14 18 16 19 18 14 19 18 14 12 22 19 16 20 21 15 22 17 16 18 14 15 18 19 15
Upper bound: 48
Thread work times 33 29 30 28 33 31 29 28 36 31 33 31 30 25 26 28 36 27 32 30 32 31 39 26 38 35 28 29 33 35 26
Upper bound: 47
Thread work times 69 69 55 59 59 58 51 63 52 58 54 60 68 65 53 46 50 52 58 53 60 57 64 52 55 56 53 59 63 63 64
Upper bound: 46
Thread work times 159 157 160 128 129 124 123 134 122 123 130 122 122 136 112 130 113 126 150 114 134 122 161 119 131 121 106 127 148 147 161
Upper bound: 45
Thread work times 378 369 309 300 272 370 335 318 343 283 376 341 288 340 299 284 294 287 356 352 348 308 288 294 337 375 305 330 299 374 302
Upper bound: 44
Thread work times 808 861 854 785 805 779 992 854 742 991 838 810 742 782 940 1019 997 991 765 773 793 991 830 997 994 1018 926 901 1068 844 1073
Upper bound: 43
Thread work times 3418 3367 3123 3374 2395 3414 2239 2633 2455 3067 3375 3174 3101 2365 3123 2694 2765 2907 2665 2470 2504 3375 2352 3041 2820 2609 3269 3040 3114 2303 2857
Upper bound: 42
Thread work times 9771 9736 9747 11379 13386 9824 13357 11230 15103 10268 13272 15103 9874 15100 15099 11616 10729 14241 13238 10177 15103 12886 11321 11869 11299 11257 12527 11702 10774 13930 9712
Upper bound: 41
Thread work times 57699 42665 70037 40217 48725 51962 66501 51671 47618 46754 55743 47957 52739 70050 44654 52291 53081 76111 76113 76111 69689 59704 47751 46346 76109 66335 51724 44396 47896 57898 79650
Upper bound: 40
Thread work times 23 22 22 22 22 14 22 22 22 22 22 22 22 22 22 22 22 22 22 23 22 22 22 22 22 22 22 22 23 22 22
Solution size 19
(6 -> 11) (9 -> 254) (10 -> 31) (13 -> 16) (16 -> 12) (17 -> 85) (19 -> 142) (22 -> 78) (27 -> 17) (29 -> 178) (30 -> 185) (31 -> 163) (34 -> 14) (35 -> 63) (38 -> 4) (43 -> 61) (47 -> 44) (49 -> 40) (50 -> 215) 
Nodes:                      2244551997
CPU time (ms):              100001
TIMEOUT
