Thread work times 1 1 1 0 0 0 0 0 0 0 0 0 0 0 0 0 1 1 0 0 0 0 0 0 1 1 1 0 0 0 0
Upper bound: 52
Thread work times 1 3 1 2 2 0 0 0 0 0 0 2 2 1 0 1 3 0 0 2 1 0 0 3 0 1 0 1 2 0 1
Upper bound: 51
Thread work times 7 3 1 4 2 1 3 4 6 5 3 4 3 3 1 4 4 2 1 4 2 2 4 3 4 5 3 4 3 3 3
Upper bound: 50
Thread work times 6 11 4 5 6 9 7 5 5 7 8 9 7 6 7 5 5 7 6 6 8 10 7 7 4 10 6 8 7 7 5
Upper bound: 49
Thread work times 9 8 7 7 5 10 13 12 9 9 8 7 11 5 12 8 3 8 11 10 9 11 10 8 8 9 6 7 8 9 6
Upper bound: 48
Thread work times 15 14 14 11 13 14 14 17 14 11 10 17 12 16 16 17 10 12 14 12 12 18 13 11 13 15 17 10 16 14 14
Upper bound: 47
Thread work times 26 18 22 18 20 21 19 21 17 18 20 21 15 18 19 18 20 16 21 21 15 20 13 20 18 18 23 24 19 17 22
Upper bound: 46
Thread work times 23 23 29 31 30 28 28 28 30 27 32 18 23 22 33 28 24 33 25 26 33 26 23 33 31 26 36 27 29 21 26
Upper bound: 45
Thread work times 64 42 46 43 62 58 50 47 43 62 40 59 50 55 38 38 44 37 46 46 43 50 50 58 45 39 48 50 49 44 44
Upper bound: 44
Thread work times 130 92 123 84 83 86 107 112 104 94 87 89 94 110 122 123 93 96 88 82 96 94 126 82 125 103 100 105 92 100 85
Upper bound: 43
Thread work times 402 257 250 254 233 253 297 400 280 287 248 255 298 265 257 248 254 292 401 249 252 402 235 310 271 259 354 270 287 400 269
Upper bound: 42
Thread work times 1081 940 1832 822 898 934 871 967 836 817 1027 872 1085 880 1057 894 1834 1062 828 976 847 1068 873 862 1831 972 1832 1149 882 1833 839
Upper bound: 41
Thread work times 11278 3640 3615 3954 3519 4297 3547 3660 3449 3513 4228 11274 3367 4129 4172 4297 11274 11276 3486 11277 3474 4262 3620 3444 3383 3473 3534 3581 3383 4448 3744
Upper bound: 40
Thread work times 67123 67119 16674 17761 16828 19635 16543 67126 19895 17240 19895 67122 17755 19980 17760 21583 16538 19641 18447 19637 16779 16991 16877 67126 17800 17054 16334 16423 16936 16779 16479
Upper bound: 39
Thread work times 19021 19020 19020 19020 19020 19020 19017 19008 19021 19020 19021 19020 19020 19019 19021 19021 19020 19021 19019 19021 19020 19021 19021 19020 19020 19021 19019 19020 19021 19020 19020
Solution size 17
(8 -> 36) (9 -> 24) (16 -> 44) (21 -> 47) (22 -> 37) (23 -> 75) (29 -> 43) (31 -> 28) (32 -> 15) (35 -> 73) (38 -> 29) (40 -> 58) (43 -> 32) (45 -> 33) (47 -> 26) (49 -> 27) (50 -> 39) 
Nodes:                      2512092495
CPU time (ms):              100001
TIMEOUT
