Thread work times 2 1 0 1 0 1 0 0 0 1 1 0 0 0 0 0 0 0 2 0 1 0 0 0 0 0 0 0 0 0 0
Upper bound: 52
Thread work times 6 3 3 2 3 2 2 4 1 5 3 1 1 4 0 2 2 4 1 3 5 4 1 2 1 2 2 1 3 1 3
Upper bound: 51
Thread work times 13 8 9 9 12 7 6 8 10 6 9 11 8 6 7 6 8 10 9 8 10 8 7 9 6 6 9 9 9 10 6
Upper bound: 50
Thread work times 21 18 15 18 17 21 10 15 18 14 17 15 17 16 13 19 17 18 16 13 14 15 16 16 18 17 14 13 16 19 16
Upper bound: 49
Thread work times 27 19 26 22 21 23 21 19 20 19 19 17 22 22 24 22 19 20 21 19 20 21 26 24 18 23 24 21 21 21 20
Upper bound: 48
Thread work times 33 41 31 33 29 35 35 33 29 30 35 32 36 33 34 32 34 32 33 32 35 35 31 34 36 35 39 29 36 37 35
Upper bound: 47
Thread work times 51 57 45 51 41 47 49 52 40 48 41 50 45 51 47 45 52 47 44 50 49 51 48 53 46 47 46 40 47 54 44
Upper bound: 46
Thread work times 70 72 88 76 73 72 70 73 75 67 74 76 75 63 68 83 76 67 77 84 78 87 78 72 69 77 72 75 86 74 88
Upper bound: 45
Thread work times 171 142 117 128 126 141 140 123 166 126 160 137 143 169 142 120 128 165 129 167 130 144 125 138 144 147 134 118 138 139 150
Upper bound: 44
Thread work times 462 353 304 385 453 319 436 382 372 397 459 324 425 300 457 357 342 312 320 360 303 365 291 300 340 347 335 459 301 346 368
Upper bound: 43
Thread work times 1536 1092 936 1531 1030 1107 1248 920 1268 1139 1535 1535 1136 962 1118 1092 879 1375 965 905 1100 942 1527 1323 1258 896 903 1335 891 1149 1167
Upper bound: 42
Thread work times 3204 4957 4500 3129 6576 3499 3184 3261 4962 3155 3918 3350 3643 6581 3586 4308 6581 3991 3340 3940 3238 3397 4321 4960 5090 4476 3317 3204 6582 6583 3274
Upper bound: 41
Thread work times 13590 16959 30017 30013 16842 16203 15319 17062 13487 12814 17062 13265 30019 16889 13271 16471 16541 12938 14222 30019 12596 15242 15377 19484 12563 12577 13123 14915 17146 30016 13134
Upper bound: 40
Thread work times 51667 52044 60946 60525 51118 53198 54884 56163 60943 52445 55033 50730 60945 58659 52015 52378 60928 60942 50374 51755 56583 60943 50679 60946 56214 60940 53822 52521 60945 60942 55464
Solution size 19
(8 -> 10) (9 -> 70) (10 -> 2) (12 -> 41) (15 -> 51) (16 -> 79) (18 -> 47) (23 -> 40) (26 -> 66) (27 -> 44) (28 -> 20) (34 -> 65) (38 -> 72) (40 -> 32) (43 -> 33) (47 -> 27) (49 -> 30) (50 -> 21) (52 -> 50) 
Nodes:                      3865159810
CPU time (ms):              100001
TIMEOUT
