Thread work times 9 6 3 5 5 5 6 6 6 5 5 5 6 6 6 2 6 8 7 8 9 6 6 6 5 5 2 6 6 6 3
Upper bound: 63
Thread work times 9 9 10 10 6 6 6 6 6 4 4 7 6 6 6 6 7 6 9 6 6 6 9 0 6 4 6 4 9 9 10
Upper bound: 62
Thread work times 15 12 12 11 12 12 12 12 12 12 12 12 12 12 14 12 13 12 12 12 12 13 12 12 12 12 13 12 11 12 10
Upper bound: 61
Thread work times 33 33 32 32 31 31 32 31 30 31 31 31 31 31 32 31 32 31 31 30 31 31 32 32 31 32 31 32 30 32 32
Upper bound: 60
Thread work times 647 645 644 642 641 641 643 641 643 643 641 641 641 642 643 643 642 641 643 643 643 642 642 641 642 642 642 644 642 643 642
Upper bound: 59
Thread work times 3217 3216 3225 3213 3220 3219 3209 3211 3217 3213 3217 3221 3220 3220 3218 3213 3212 3208 3206 3212 3219 3211 3221 3216 3216 3215 3218 3218 3213 3221 3212
Upper bound: 58
Thread work times 10187 10188 10185 10187 10193 10192 10182 10190 10182 10181 10184 10193 10183 10189 10186 10176 10182 10188 10202 10201 10190 10181 10183 10193 10187 10187 10178 10189 10188 10193 10178
Upper bound: 57
Thread work times 85850 85850 85848 85848 85847 85847 85847 85846 85848 85847 85848 85848 85848 85849 85847 85848 85848 85849 85848 85849 85849 85848 85847 85848 85848 85847 85848 85847 85848 85847 85848
Solution size 12
(0 -> 447) (6 -> 349) (8 -> 815) (9 -> 225) (12 -> 747) (13 -> 417) (14 -> 276) (15 -> 608) (17 -> 35) (23 -> 574) (31 -> 683) (56 -> 598) 
Nodes:                      654520131
CPU time (ms):              100012
TIMEOUT
