Thread work times 9 9 9 8 9 9 8 8 9 9 8 9 9 8 9 9 9 9 8 9 9 9 9 9 9 9 9 9 9 9 9
Upper bound: 63
Thread work times 42 40 41 40 39 40 40 40 40 40 41 41 40 40 40 39 41 41 40 40 41 40 39 40 40 39 40 41 41 41 40
Upper bound: 62
Thread work times 213 211 210 208 210 211 207 209 209 212 208 207 208 209 210 210 209 210 210 209 206 206 210 210 208 207 208 209 210 210 208
Upper bound: 61
Thread work times 351 351 353 352 352 352 352 350 350 350 351 349 351 349 348 350 351 350 349 346 355 349 352 352 350 352 351 352 350 351 355
Upper bound: 60
Thread work times 793 797 793 794 794 793 796 794 793 792 793 793 794 794 793 793 794 792 794 796 793 794 794 793 794 794 790 794 794 795 793
Upper bound: 59
Thread work times 4561 4564 4572 4572 4562 4571 4560 4559 4560 4561 4561 4561 4561 4549 4561 4556 4561 4547 4561 4559 4560 4561 4561 4559 4547 4561 4561 4562 4561 4560 4561
Upper bound: 58
Thread work times 37051 37048 36990 36998 36998 36998 36997 36998 36999 36998 36997 36995 37000 36998 36996 36980 36998 36999 36998 36999 36998 37049 36996 36999 36999 36999 36999 36999 36989 37036 36998
Upper bound: 57
Thread work times 56947 56945 56946 56946 56946 56946 56946 56945 56946 56946 56933 56947 56946 56947 56947 56946 56947 56947 56945 56946 56944 56945 56946 56946 56946 56947 56929 56946 56946 56947 56946
Solution size 18
(0 -> 323) (1 -> 405) (2 -> 73) (3 -> 105) (10 -> 31) (12 -> 129) (13 -> 35) (17 -> 414) (18 -> 386) (19 -> 115) (20 -> 34) (21 -> 435) (22 -> 248) (27 -> 383) (35 -> 70) (49 -> 408) (57 -> 417) (59 -> 256) 
Nodes:                      2671325422
CPU time (ms):              100003
TIMEOUT
