Thread work times 2 2 2 1 1 1 1 1 2 1 4 2 4 1 1 2 1 1 1 1 1 2 1 5 3 4 1 3 1 1 4
Upper bound: 63
Thread work times 13 5 5 7 6 8 6 4 6 8 10 6 11 11 12 7 6 7 7 10 8 8 9 8 7 6 6 7 8 9 13
Upper bound: 62
Thread work times 23 21 22 21 20 19 23 24 20 19 18 23 19 20 15 21 19 21 21 22 22 26 22 20 21 22 22 19 20 20 26
Upper bound: 61
Thread work times 44 39 39 44 40 41 43 38 43 38 38 39 42 37 42 42 40 42 40 39 40 42 41 40 39 39 39 44 42 42 42
Upper bound: 60
Thread work times 1018 1033 1010 1004 1012 1018 1025 1023 1024 1032 1027 1010 1023 1029 1013 1028 1020 1023 1021 1017 1026 1028 1017 1028 1019 1023 1028 1014 1024 1028 1021
Upper bound: 59
Thread work times 3051 3059 3044 3055 3043 3039 3036 3048 3036 3047 3039 3045 3055 3050 3042 3056 3053 3047 3042 3059 3045 3054 3044 3047 3036 3040 3044 3050 3032 3043 3038
Upper bound: 58
Thread work times 6226 6258 6243 6247 6233 6238 6238 6230 6245 6238 6235 6233 6234 6228 6240 6234 6235 6239 6231 6250 6223 6231 6240 6247 6242 6242 6233 6233 6242 6243 6257
Upper bound: 57
Thread work times 89550 89551 89550 89550 89550 89550 89549 89550 89549 89548 89550 89549 89550 89550 89551 89549 89551 89549 89550 89550 89550 89550 89550 89550 89550 89549 89551 89550 89549 89543 89549
Solution size 14
(0 -> 201) (6 -> 266) (8 -> 284) (14 -> 525) (15 -> 160) (23 -> 133) (47 -> 275) (49 -> 379) (55 -> 496) (56 -> 243) (57 -> 527) (58 -> 149) (62 -> 151) (63 -> 34) 
Nodes:                      790883400
CPU time (ms):              100005
TIMEOUT
