Thread work times 1 0 0 0 0 0 0 0 0 0 0 0 0 0 0 0 0 0 0 0 0 0 0 0 1 0 0 0 0 1 0
Upper bound: 63
Thread work times 0 0 0 0 0 0 0 0 0 0 0 0 0 0 0 0 0 0 0 0 0 0 0 1 0 0 0 0 0 0 0
Upper bound: 62
Thread work times 3 4 3 3 3 3 3 3 3 3 3 3 3 4 3 3 4 3 3 3 2 3 4 3 4 5 4 3 3 3 4
Upper bound: 61
Thread work times 10 12 10 10 9 9 8 10 9 10 9 9 9 9 10 10 9 9 10 11 10 9 10 9 10 9 9 10 9 8 8
Upper bound: 60
Thread work times 16 15 13 13 14 14 15 14 14 13 14 14 12 14 13 14 14 13 13 14 14 14 13 15 12 14 14 13 15 14 17
Upper bound: 59
Thread work times 13 14 18 14 14 14 15 15 13 14 14 16 15 14 14 14 14 14 14 14 14 15 14 16 15 15 14 14 15 14 14
Upper bound: 58
Thread work times 31 30 28 23 23 27 29 23 25 24 23 23 24 25 23 23 23 24 24 24 24 24 25 24 23 25 24 22 23 23 23
Upper bound: 57
Thread work times 37 27 27 25 34 27 38 35 26 25 35 26 25 28 28 26 26 27 26 26 28 26 26 26 26 27 26 26 27 27 28
Upper bound: 56
Thread work times 74 92 74 90 75 76 75 75 75 76 74 74 91 90 75 90 75 75 75 75 74 76 75 75 74 74 74 75 74 75 75
Upper bound: 55
Thread work times 503 503 475 503 473 473 473 474 474 473 473 473 473 474 474 473 474 473 473 473 474 472 502 499 472 473 474 474 473 474 473
Upper bound: 54
Thread work times 3078 3129 3127 3130 3079 3078 3079 3078 3080 3078 3078 3079 3078 3079 3078 3076 3076 3076 3078 3079 3078 3078 3079 3079 3129 3129 3080 3080 3079 3078 3078
Upper bound: 53
Thread work times 15819 15634 15631 15818 15636 15635 15635 15634 15604 15633 15635 15637 15637 15638 15619 15635 15637 15633 15634 15634 15579 15635 15636 15813 15636 15636 15817 15637 15639 15820 15634
Upper bound: 52
Thread work times 78616 78584 79565 78608 79564 79564 78525 78603 78592 79567 78596 78602 78607 78604 78487 78594 78597 78526 78572 78605 78489 78606 78609 78609 78609 78609 78572 79567 78582 78536 78582
Upper bound: 51
Thread work times 723 723 723 723 723 723 723 723 722 724 723 723 723 723 722 723 723 723 723 723 723 723 723 723 723 723 723 722 724 722 723
Solution size 14
(0 -> 104) (1 -> 106) (4 -> 70) (9 -> 85) (10 -> 87) (11 -> 124) (13 -> 53) (14 -> 55) (16 -> 88) (17 -> 123) (19 -> 69) (24 -> 84) (32 -> 142) (33 -> 72) 
Nodes:                      2497841457
CPU time (ms):              100002
TIMEOUT
