Thread work times 0 0 0 0 0 0 0 0 0 0 0 0 0 0 0 0 0 0 0 0 0 0 0 0 0 0 0 0 0 0 0
Upper bound: 63
Thread work times 0 0 0 0 0 0 0 0 0 0 0 0 0 0 0 0 0 0 0 0 0 0 0 0 0 0 0 0 0 0 0
Upper bound: 62
Thread work times 0 0 0 0 0 0 0 0 0 0 0 0 0 0 0 0 0 0 0 0 0 0 0 0 0 0 0 0 0 0 0
Upper bound: 61
Thread work times 0 0 0 0 0 0 0 0 0 0 0 0 0 0 0 0 0 0 0 0 0 0 0 0 1 0 0 0 0 0 0
Upper bound: 60
Thread work times 0 0 1 0 0 0 0 0 0 0 0 0 0 0 0 0 0 0 0 0 0 0 0 0 0 0 0 0 0 0 0
Upper bound: 59
Thread work times 0 0 0 0 0 1 0 0 0 0 0 0 0 2 0 0 0 1 0 1 0 1 0 0 0 0 0 0 0 0 0
Upper bound: 58
Thread work times 2 0 0 0 0 0 0 0 0 0 0 0 0 0 0 1 1 0 0 1 0 0 1 1 0 0 0 0 0 0 0
Upper bound: 57
Thread work times 0 0 0 0 0 0 1 0 0 1 0 0 0 0 0 0 0 0 0 0 0 0 0 0 0 0 0 2 0 1 1
Upper bound: 56
Thread work times 0 0 0 1 0 0 0 1 1 0 0 0 1 0 2 0 0 0 0 0 0 2 0 0 1 0 1 1 1 1 2
Upper bound: 55
Thread work times 1 0 0 0 1 2 0 0 0 0 0 0 1 2 1 1 0 1 3 1 2 0 0 0 0 0 0 0 0 0 0
Upper bound: 54
Thread work times 4 4 0 1 0 1 0 1 0 0 2 0 0 0 3 0 4 1 0 2 3 1 0 1 3 0 1 0 0 1 1
Upper bound: 53
Thread work times 0 1 6 2 0 0 1 0 6 7 3 3 3 0 0 1 2 1 0 2 0 1 1 1 1 1 6 1 2 0 7
Upper bound: 52
Thread work times 1 2 12 0 2 4 1 11 1 1 0 2 2 2 2 2 2 12 1 2 1 3 0 1 10 10 2 3 1 0 1
Upper bound: 51
Thread work times 18 3 4 5 16 3 2 2 2 5 1 16 3 15 4 3 4 3 3 2 3 3 1 17 2 3 3 0 3 5 1
Upper bound: 50
Thread work times 27 3 4 3 4 23 6 25 7 3 4 6 4 4 26 5 2 5 3 0 5 4 2 5 5 5 3 2 0 5 28
Upper bound: 49
Thread work times 3 41 3 4 3 4 39 8 6 5 6 5 3 5 4 5 6 2 6 7 38 6 4 3 4 7 4 40 5 3 40
Upper bound: 48
Thread work times 64 9 11 10 9 8 12 61 9 9 8 7 8 9 9 63 10 9 11 6 9 9 6 8 62 6 63 7 8 9 7
Upper bound: 47
Thread work times 95 93 13 94 13 13 11 15 13 12 12 13 10 14 94 12 14 16 12 16 11 12 13 18 16 93 10 18 11 15 13
Upper bound: 46
Thread work times 135 16 20 23 21 21 23 135 19 23 20 17 18 22 15 136 17 19 20 19 17 16 15 22 17 21 16 21 137 138 17
Upper bound: 45
Thread work times 205 26 25 25 23 27 26 24 28 28 29 19 23 26 31 30 204 30 28 203 22 30 24 17 205 27 28 26 204 26 26
Upper bound: 44
Thread work times 293 291 37 37 39 39 39 38 42 27 41 289 36 39 291 41 32 36 32 293 35 41 40 32 34 35 39 36 33 39 37
Upper bound: 43
Thread work times 441 52 45 437 58 438 45 47 46 48 44 50 48 42 67 65 55 51 436 51 59 66 441 64 63 53 65 45 42 55 48
Upper bound: 42
Thread work times 62 77 72 80 81 78 60 82 82 636 82 78 67 77 71 69 62 76 66 636 67 83 638 79 78 75 72 634 634 75 73
Upper bound: 41
Thread work times 107 941 77 122 938 127 120 936 115 94 93 122 938 88 92 119 82 93 104 95 82 109 118 95 94 941 112 111 95 97 108
Upper bound: 40
Thread work times 128 147 142 163 156 143 145 126 129 166 181 127 167 1379 1379 135 122 164 125 119 168 1376 179 1377 154 169 126 126 165 163 1377
Upper bound: 39
Thread work times 189 2088 228 213 199 247 194 197 2086 207 221 188 191 255 168 200 199 2088 235 242 219 179 240 243 215 2087 2084 243 167 192 249
Upper bound: 38
Thread work times 354 341 249 278 331 316 3185 314 330 329 333 336 253 3180 332 314 3184 3184 333 334 318 318 328 304 331 301 341 355 341 281 3185
Upper bound: 37
Thread work times 512 4975 353 397 4977 512 415 472 4977 446 510 477 422 512 379 395 472 464 465 515 527 384 474 527 425 395 520 4974 4978 526 424
Upper bound: 36
Thread work times 7813 752 7813 561 766 603 598 607 599 693 790 791 649 791 720 830 656 636 767 626 659 7811 585 790 7811 652 637 751 736 735 7809
Upper bound: 35
Thread work times 12179 1075 878 1014 1169 1039 900 1029 1012 1127 1183 900 1018 12181 1008 974 1069 1019 1074 1066 880 1069 12183 1089 1164 12182 973 1063 1037 1029 12182
Upper bound: 34
Thread work times 1536 1443 19131 19131 1676 1518 1408 1512 1603 1376 1659 1515 1675 1660 1371 1386 1368 1656 19133 1721 19132 1674 1386 1592 1591 1520 1408 1587 19127 1657 1389
Upper bound: 33
Thread work times 2374 2180 2217 2175 2568 2213 2203 2359 2368 2485 29688 29689 29691 2569 2445 2208 29692 2200 2395 2178 2377 2672 2177 2177 2408 2196 29692 2174 2379 2504 2198
Upper bound: 32
Thread work times 16551 3392 3114 3487 3652 3499 3586 3502 3499 3458 3499 3630 3456 3556 3453 2936 16548 16549 3458 3607 3565 3723 2913 3573 16550 3627 3624 16551 2917 3577 3218
Solution size 8
(4 -> 71) (8 -> 47) (11 -> 14) (16 -> 34) (18 -> 36) (20 -> 8) (32 -> 56) (50 -> 2) 
Nodes:                      499914695
CPU time (ms):              100001
TIMEOUT
