Thread work times 5 2 2 3 3 2 2 3 3 3 3 3 3 3 3 3 3 2 4 4 2 2 3 3 5 4 3 3 3 3 4
Upper bound: 63
Thread work times 5 6 6 6 6 4 6 6 6 4 4 4 6 6 4 3 3 3 6 4 3 6 6 6 6 4 6 6 4 6 6
Upper bound: 62
Thread work times 11 11 11 9 10 9 11 12 8 8 10 11 11 12 11 11 10 11 8 11 11 11 12 13 11 11 11 11 11 10 11
Upper bound: 61
Thread work times 18 19 17 18 16 18 18 16 16 17 20 19 17 19 19 18 20 20 19 19 19 15 18 15 18 20 19 20 17 19 19
Upper bound: 60
Thread work times 27 23 24 26 26 21 25 24 22 23 25 24 23 17 23 25 24 24 23 24 20 24 24 24 21 21 23 24 23 24 19
Upper bound: 59
Thread work times 29 29 50 27 28 29 50 26 28 25 27 28 28 29 49 21 29 29 23 28 28 27 23 25 28 25 28 29 28 27 29
Upper bound: 58
Thread work times 94 91 35 96 33 94 33 95 35 32 34 35 34 35 34 31 34 35 34 32 31 34 31 35 27 35 30 35 35 30 35
Upper bound: 57
Thread work times 161 36 37 38 37 35 160 38 37 37 37 158 160 37 159 35 37 37 37 36 37 37 36 37 37 38 37 36 38 37 37
Upper bound: 56
Thread work times 43 247 42 43 41 42 41 43 43 43 43 42 39 43 43 43 42 43 43 43 43 40 245 42 43 42 43 244 43 39 43
Upper bound: 55
Thread work times 353 48 48 49 49 353 48 48 46 48 46 48 47 48 48 48 48 45 48 43 46 48 48 48 48 49 347 48 48 48 47
Upper bound: 54
Thread work times 776 349 349 349 347 772 349 348 348 349 349 348 347 348 346 346 346 349 349 347 349 348 348 348 347 774 348 775 349 773 348
Upper bound: 53
Thread work times 1117 545 1116 544 545 544 545 543 546 547 544 1115 541 546 545 545 544 547 547 546 546 541 545 545 1118 1115 545 546 545 546 547
Upper bound: 52
Thread work times 2500 1036 1033 1036 2500 2500 1033 1035 1035 1038 1036 1038 1038 2500 1037 1036 1037 1037 1036 1032 1038 1038 1037 1033 1037 1038 1038 1036 1037 2498 1035
Upper bound: 51
Thread work times 6098 1796 1796 1796 1796 1795 1795 1797 1795 1795 1797 6092 1797 6097 1797 6094 6096 1794 1796 1797 1796 1795 1795 1798 1797 1794 1797 1796 1797 1794 1795
Upper bound: 50
Thread work times 3019 12417 3016 3018 3020 12416 3016 12417 3018 3016 3015 3017 3018 3017 3016 3017 3019 3019 3019 3018 3019 3017 3020 3020 3021 12418 3018 3019 3014 12417 3014
Upper bound: 49
Thread work times 4476 4478 4473 21344 4474 4471 21343 4471 4473 4473 4475 4478 4476 4479 4475 4476 21347 21346 4474 4475 4468 4476 4474 4466 4470 4473 4476 4478 4475 4474 21341
Upper bound: 48
Thread work times 7470 7467 7470 7469 7468 7472 7473 7472 7471 7472 7473 7472 7465 7467 7475 43266 43269 7466 7463 7472 7469 7470 7470 43269 7470 7469 7471 7471 7469 7472 43265
Upper bound: 47
Thread work times 11457 11457 11455 11457 11456 11456 11457 11456 11456 11457 11456 11457 11457 11456 11457 11457 11454 11456 11456 11456 11456 11455 11456 11456 11455 11453 11457 11456 11456 11456 11456
Solution size 4
(27 -> 477) (28 -> 49) (33 -> 488) (34 -> 55) 
Nodes:                      466461314
CPU time (ms):              100002
TIMEOUT
