Thread work times 11 4 5 2 6 6 6 6 6 6 6 6 7 8 9 9 9 9 9 9 9 10 11 11 2 2 2 2 3 4 5
Upper bound: 63
Thread work times 6 8 0 0 8 4 8 3 4 4 6 0 0 4 6 0 0 0 3 0 0 4 7 2 7 8 8 8 0 8 8
Upper bound: 62
Thread work times 14 10 4 4 4 4 11 0 4 10 6 8 2 12 8 12 8 8 10 0 10 11 11 8 8 10 10 12 10 10 12
Upper bound: 61
Thread work times 16 16 15 12 2 6 8 16 8 16 8 12 12 14 16 6 4 4 10 12 14 12 8 6 7 12 0 12 13 12 4
Upper bound: 60
Thread work times 11 17 19 16 18 21 13 8 16 12 16 14 16 14 18 13 12 16 10 14 12 8 14 16 16 16 16 16 15 16 6
Upper bound: 59
Thread work times 9 19 12 14 12 15 13 8 4 14 14 18 9 6 0 8 15 12 14 16 16 12 4 12 16 2 16 10 14 12 3
Upper bound: 58
Thread work times 16 23 16 12 14 14 0 12 12 11 12 12 0 12 10 11 16 6 7 10 13 19 16 16 10 2 0 16 4 20 6
Upper bound: 57
Thread work times 0 12 12 21 12 12 12 12 12 12 10 12 6 16 16 16 15 15 16 24 12 14 17 16 6 14 12 14 12 6 26
Upper bound: 56
Thread work times 25 6 6 16 16 16 8 16 16 4 9 4 9 7 11 11 6 16 12 12 18 16 18 16 17 18 18 18 8 0 32
Upper bound: 55
Thread work times 28 35 12 11 12 14 0 12 16 12 13 12 6 10 16 15 16 16 12 16 2 31 12 12 32 12 16 25 12 12 10
Upper bound: 54
Thread work times 40 39 33 30 31 12 12 4 6 15 14 16 16 16 15 16 16 10 10 10 10 12 8 10 10 12 12 12 12 14 13
Upper bound: 53
Thread work times 15 8 45 15 13 13 45 12 17 10 18 8 16 19 10 16 15 16 20 39 20 48 47 19 12 8 16 9 19 19 19
Upper bound: 52
Thread work times 20 44 13 11 16 16 11 9 16 16 18 16 16 17 16 16 16 18 16 18 16 16 18 2 18 47 18 16 11 19 43
Upper bound: 51
Thread work times 51 16 15 11 16 16 16 12 12 48 16 15 10 16 45 12 16 15 16 18 18 18 16 16 5 16 16 15 18 16 16
Upper bound: 50
Thread work times 350 345 16 16 13 9 16 16 16 16 15 16 4 14 8 12 13 15 15 16 8 345 18 16 16 16 15 9 14 347 13
Upper bound: 49
Thread work times 824 95 95 94 94 94 94 822 93 94 96 94 95 96 95 93 95 96 823 94 95 825 94 95 823 93 94 94 95 94 95
Upper bound: 48
Thread work times 3340 290 291 289 291 291 292 291 291 291 288 291 3339 291 292 290 291 291 3338 290 291 291 290 290 291 291 291 291 3336 290 3338
Upper bound: 47
Thread work times 7967 683 682 7968 682 7965 681 681 681 680 682 683 673 682 684 683 682 679 683 683 683 681 683 682 681 683 684 682 683 7967 684
Upper bound: 46
Thread work times 1427 14787 1428 14786 1429 1429 1430 1432 1431 1430 1431 1430 1432 1430 1431 1431 1431 1432 14785 1433 14787 1433 1430 1429 1433 1432 1431 1433 14784 1433 1430
Upper bound: 45
Thread work times 2159 2160 24639 2162 2161 2163 2164 2165 2163 2164 24638 24640 2166 2166 2167 2158 2159 2161 2159 2162 2163 2165 24639 2166 24641 2161 2163 2166 2162 2168 2163
Upper bound: 44
Thread work times 41030 3626 3625 3625 3612 3615 41030 3627 3620 3619 3623 3623 41026 3624 3624 3621 41028 3618 3625 3619 3617 3619 3622 3612 3627 3618 3621 3622 3620 41027 3622
Upper bound: 43
Thread work times 6623 6620 6621 6619 6618 6619 6620 6621 6620 6620 6620 6619 6622 6620 6618 6619 6619 6620 6620 6620 6621 6622 6619 6619 6618 6620 6619 6619 6620 6617 6620
Solution size 4
(18 -> 291) (21 -> 24) (27 -> 85) (63 -> 437) 
Nodes:                      259924687
CPU time (ms):              100004
TIMEOUT
