Thread work times 6 3 3 3 3 3 4 4 4 4 4 4 4 4 5 4 4 5 6 3 3 3 5 6 4 4 6 4 5 6 6
Upper bound: 63
Thread work times 9 3 4 3 4 0 0 8 0 0 0 3 4 0 6 2 0 0 0 0 2 2 2 4 0 2 3 0 6 0 4
Upper bound: 62
Thread work times 12 0 4 11 6 2 12 12 12 2 2 2 0 8 4 8 6 8 12 2 12 12 8 12 0 0 8 2 4 12 8
Upper bound: 61
Thread work times 16 12 11 13 11 11 11 7 10 8 12 10 11 11 10 11 10 12 10 12 12 14 13 14 12 14 12 11 12 12 11
Upper bound: 60
Thread work times 2 8 12 0 8 6 8 20 4 0 17 16 15 16 16 20 15 8 14 19 20 17 0 15 14 2 17 20 10 13 11
Upper bound: 59
Thread work times 8 19 14 16 11 12 12 11 6 11 10 12 6 12 16 16 16 11 10 12 0 16 16 14 8 16 12 4 8 14 7
Upper bound: 58
Thread work times 23 15 16 18 19 23 16 12 12 5 12 16 16 16 14 12 11 12 15 14 16 15 16 14 15 16 12 18 15 20 18
Upper bound: 57
Thread work times 26 12 12 16 12 10 20 21 8 16 14 8 12 0 0 20 12 12 16 0 16 4 4 8 16 23 12 16 11 6 11
Upper bound: 56
Thread work times 14 16 8 15 15 11 12 8 10 8 12 12 16 14 14 14 10 14 31 27 12 6 21 16 12 12 28 15 16 16 14
Upper bound: 55
Thread work times 16 35 29 15 4 12 34 8 31 12 0 12 6 12 11 12 12 12 14 16 16 8 8 16 8 12 8 16 14 12 16
Upper bound: 54
Thread work times 0 35 14 12 36 29 12 0 0 12 12 12 0 12 6 7 16 16 16 16 16 16 15 16 14 38 11 10 8 12 12
Upper bound: 53
Thread work times 44 40 40 17 15 16 16 16 13 16 16 43 16 15 37 16 12 16 18 16 16 17 12 16 16 15 18 15 16 11 16
Upper bound: 52
Thread work times 12 10 11 6 15 16 11 16 43 15 34 13 44 47 0 10 12 14 8 10 43 13 12 16 12 16 12 14 16 0 15
Upper bound: 51
Thread work times 18 16 14 16 15 16 16 14 12 14 16 14 12 12 16 16 16 16 48 47 16 16 16 47 16 12 14 16 51 11 14
Upper bound: 50
Thread work times 53 7 16 11 16 50 12 16 16 16 16 15 16 16 8 8 15 10 12 12 12 15 16 12 15 17 16 18 54 14 14
Upper bound: 49
Thread work times 60 14 10 14 19 19 16 16 18 13 15 15 15 15 18 16 18 20 19 16 20 16 19 18 60 14 18 14 55 18 56
Upper bound: 48
Thread work times 62 59 59 55 10 0 6 16 0 16 16 16 16 15 15 12 6 8 18 16 15 0 16 18 16 20 16 16 10 16 15
Upper bound: 47
Thread work times 16 16 66 0 16 12 8 12 14 12 15 16 16 16 15 18 18 17 18 15 18 15 15 15 18 18 16 65 18 16 15
Upper bound: 46
Thread work times 70 16 67 12 14 12 0 12 12 6 16 12 15 15 15 15 16 8 14 14 11 65 15 14 14 15 14 15 12 14 67
Upper bound: 45
Thread work times 71 8 16 16 16 16 12 17 18 16 18 16 16 15 15 17 18 18 17 15 18 15 16 15 16 16 15 15 17 15 73
Upper bound: 44
Thread work times 18 16 77 4 16 9 16 16 14 12 13 14 12 14 16 16 14 17 12 77 78 72 72 12 12 15 16 16 14 16 14
Upper bound: 43
Thread work times 82 12 77 8 11 12 12 16 16 16 16 16 16 15 16 16 15 16 12 14 4 0 12 14 16 12 6 81 76 14 14
Upper bound: 42
Thread work times 85 16 0 12 8 8 12 18 18 12 16 16 16 16 16 10 12 16 11 16 12 20 79 18 20 16 16 82 12 8 14
Upper bound: 41
Thread work times 18 18 18 16 15 14 16 87 12 86 8 15 16 16 16 15 16 16 7 15 9 18 88 16 18 15 16 12 16 15 89
Upper bound: 40
Thread work times 94 91 15 92 89 3 16 14 12 14 14 14 14 16 16 16 16 14 14 14 15 13 14 93 8 12 18 16 15 16 8
Upper bound: 39
Thread work times 97 16 92 3 7 10 14 12 15 7 4 15 16 10 15 16 16 16 16 16 15 10 18 5 17 15 12 96 16 92 10
Upper bound: 38
Thread work times 16 16 12 90 94 9 97 16 8 16 16 16 16 16 12 8 14 12 8 14 8 95 18 12 6 12 16 99 15 16 14
Upper bound: 37
Thread work times 106 12 12 12 12 12 106 12 14 15 15 12 13 7 12 11 12 12 15 13 16 14 11 97 12 102 14 12 16 105 14
Upper bound: 36
Thread work times 109 16 16 16 16 16 16 12 108 16 18 103 14 16 16 16 16 14 16 8 16 17 20 19 18 18 16 16 106 12 97
Upper bound: 35
Thread work times 112 14 16 12 9 18 16 108 15 109 12 12 14 16 14 8 10 8 7 12 13 17 10 12 15 8 109 104 16 18 16
Upper bound: 34
Thread work times 114 16 16 16 16 8 15 14 14 12 10 12 12 12 8 8 11 16 0 14 15 108 110 13 12 12 15 111 3 12 16
Upper bound: 33
Thread work times 114 119 12 4 116 18 8 15 11 4 4 15 4 16 15 16 16 118 18 8 15 18 4 16 8 16 18 19 16 16 18
Upper bound: 32
Thread work times 121 12 16 16 16 12 8 14 8 10 8 10 12 14 16 14 12 12 119 120 12 12 12 16 10 114 16 16 15 16 114
Upper bound: 31
Thread work times 10 12 129 12 15 16 15 14 14 16 17 0 18 8 15 16 17 8 4 16 15 126 15 15 122 16 12 15 18 12 11
Upper bound: 30
Thread work times 16 130 7 14 127 126 12 4 8 16 16 16 16 16 14 12 124 14 14 14 15 16 14 13 13 16 12 12 13 16 16
Upper bound: 29
Thread work times 128 16 0 12 14 16 14 14 134 16 16 16 15 16 14 14 16 16 7 17 15 17 5 15 13 138 13 135 16 16 12
Upper bound: 28
Thread work times 13 12 16 15 8 15 14 8 9 12 13 140 12 12 10 12 8 4 16 16 16 16 12 4 11 135 141 15 14 16 14
Upper bound: 27
Thread work times 144 18 141 140 16 11 16 0 16 0 16 13 12 11 16 13 16 16 16 16 4 16 13 16 10 8 8 15 145 16 16
Upper bound: 26
Thread work times 15 14 14 12 14 14 8 16 11 144 16 11 14 12 12 14 145 10 13 140 143 12 12 12 16 14 6 12 12 0 12
Upper bound: 25
Thread work times 16 150 13 12 144 16 149 11 11 16 16 16 16 16 16 14 8 16 15 16 16 16 16 147 16 18 18 16 4 16 16
Upper bound: 24
Thread work times 155 15 15 15 17 145 16 154 149 9 150 16 16 16 18 16 16 14 16 12 16 17 16 16 13 16 14 16 14 10 16
Upper bound: 23
Thread work times 160 16 16 16 157 158 0 155 4 12 12 12 14 14 12 16 10 11 14 10 12 15 16 14 12 16 12 12 12 12 159
Upper bound: 22
Thread work times 166 161 4 6 16 14 13 10 16 19 12 11 12 12 16 16 18 16 12 20 16 16 16 14 10 6 163 16 160 16 14
Upper bound: 21
Thread work times 159 158 12 0 0 3 12 16 11 12 14 16 14 4 14 12 12 14 14 12 12 12 14 14 12 14 16 15 12 14 13
Upper bound: 20
Thread work times 12 16 12 12 158 170 14 14 12 11 16 165 10 16 15 11 14 14 12 172 16 13 12 15 17 14 16 16 14 0 16
Upper bound: 19
Thread work times 12 14 178 13 169 12 12 12 179 8 180 12 12 14 16 15 16 12 13 11 15 16 12 15 12 15 15 16 16 4 182
Upper bound: 18
Thread work times 12 175 0 12 12 165 12 172 10 12 12 10 172 162 8 16 16 16 12 16 10 12 14 17 14 14 8 14 14 12 14
Upper bound: 17
Thread work times 2486 8 8 8 8 12 12 8 10 16 10 16 2479 7 8 2487 8 0 4 6 15 12 10 2481 2480 13 8 10 13 12 16
Upper bound: 16
Thread work times 13847 13840 53 54 53 13839 46 54 53 54 34 49 55 50 56 38 48 13844 45 48 56 44 54 54 48 46 38 41 46 55 55
Upper bound: 15
Thread work times 16693 215 216 215 215 215 216 217 215 215 16690 215 216 216 216 215 216 215 16692 216 214 216 216 216 217 216 16693 215 216 215 215
Upper bound: 14
Thread work times 17460 17459 241 241 242 241 241 241 241 241 238 241 240 240 17458 242 17460 17461 240 241 240 240 241 241 241 238 242 240 242 240 242
Upper bound: 13
Thread work times 18225 247 247 244 248 247 248 18226 18224 247 18226 247 248 248 247 248 247 248 247 247 247 247 247 247 247 18225 246 246 247 237 248
Upper bound: 12
Thread work times 18849 250 249 249 250 250 250 250 249 250 251 18849 251 251 250 250 18852 249 18851 249 251 250 250 18851 251 250 250 250 249 251 249
Upper bound: 11
Thread work times 8108 256 254 254 255 255 254 255 254 255 255 253 255 255 255 256 255 253 255 8106 8107 254 255 253 255 253 254 8103 255 8107 255
Solution size 3
(3 -> 4) (4 -> 250) (9 -> 169) 
Nodes:                      94796264
CPU time (ms):              100004
TIMEOUT
