Thread work times 6 17 8 8 8 8 8 8 8 9 9 9 9 9 9 9 11 14 14 17 10 17 17 6 17 16 8 14 14 17 9
Upper bound: 63
Thread work times 16 8 8 6 0 0 0 0 0 0 16 0 0 0 5 5 16 0 0 0 0 5 5 11 10 0 5 5 10 0 16
Upper bound: 62
Thread work times 19 5 24 0 16 16 21 21 16 20 21 15 21 16 16 21 24 24 24 24 24 24 24 24 24 24 24 24 24 6 25
Upper bound: 61
Thread work times 23 8 16 24 17 24 15 24 32 8 32 15 33 15 28 32 32 27 21 32 32 23 28 23 8 24 33 28 25 24 22
Upper bound: 60
Thread work times 23 32 32 34 30 29 32 36 24 29 15 32 25 32 32 0 20 15 33 21 15 31 29 32 32 37 32 20 31 31 40
Upper bound: 59
Thread work times 24 44 37 28 29 16 16 5 32 16 16 29 18 16 23 45 16 32 24 32 31 32 47 28 25 37 38 32 32 35 32
Upper bound: 58
Thread work times 51 16 46 21 39 24 23 30 32 33 31 49 10 37 32 24 32 32 27 32 40 32 25 40 32 45 40 23 40 40 40
Upper bound: 57
Thread work times 32 37 61 32 16 41 29 37 37 36 60 37 33 40 32 32 32 40 32 23 40 24 40 59 32 24 37 40 15 54 40
Upper bound: 56
Thread work times 67 32 21 32 32 24 62 27 31 14 32 32 37 32 21 32 32 24 66 60 21 32 21 28 32 16 21 32 32 36 31
Upper bound: 55
Thread work times 82 37 81 40 37 32 40 37 32 75 37 32 75 23 33 28 32 30 37 32 23 30 40 32 32 33 32 32 79 32 40
Upper bound: 54
Thread work times 87 32 16 32 33 33 26 33 32 33 33 33 16 29 31 28 16 79 80 32 25 21 29 23 32 85 26 79 27 16 24
Upper bound: 53
Thread work times 107 105 23 29 40 32 32 37 30 32 32 37 40 40 106 37 32 31 39 32 21 32 31 83 101 40 40 32 16 32 40
Upper bound: 52
Thread work times 29 108 32 32 32 32 32 32 32 27 32 28 36 28 20 16 32 32 24 107 16 106 33 32 32 36 32 28 106 16 105
Upper bound: 51
Thread work times 127 126 121 32 40 40 32 27 128 34 34 34 24 32 24 23 31 29 24 109 40 40 24 32 27 40 40 24 37 24 32
Upper bound: 50
Thread work times 136 37 16 37 38 38 40 134 32 32 24 16 26 32 28 24 34 118 37 32 36 32 36 40 28 135 135 35 37 40 40
Upper bound: 49
Thread work times 32 29 32 32 32 32 32 24 28 33 16 23 36 31 37 33 8 31 16 144 144 129 26 131 26 23 20 37 31 135 14
Upper bound: 48
Thread work times 159 32 15 40 40 38 24 159 17 15 22 160 28 24 28 31 37 146 40 40 40 169 19 40 28 40 40 36 37 29 16
Upper bound: 47
Thread work times 179 25 32 32 28 32 33 23 34 168 29 19 29 172 27 171 30 8 18 37 32 32 32 29 27 21 37 173 32 32 32
Upper bound: 46
Thread work times 194 37 37 193 16 32 32 38 39 40 35 40 37 39 24 40 40 40 39 40 40 40 41 33 187 32 183 40 37 190 37
Upper bound: 45
Thread work times 208 21 21 19 204 32 31 18 35 25 32 32 32 40 29 203 30 204 40 32 40 32 40 32 205 32 26 37 26 37 37
Upper bound: 44
Thread work times 42 230 33 32 37 37 32 32 24 32 24 39 38 41 33 42 217 40 35 224 32 39 32 32 40 39 222 33 42 231 40
Upper bound: 43
Thread work times 240 228 29 29 18 29 30 32 24 32 20 34 32 32 32 32 33 40 40 40 40 35 40 40 234 29 40 233 40 29 213
Upper bound: 42
Thread work times 25 267 252 40 265 258 40 37 265 36 37 37 23 32 28 32 40 40 40 40 40 40 40 37 40 36 36 41 32 21 41
Upper bound: 41
Thread work times 273 273 35 34 37 16 32 37 32 37 22 24 37 40 40 39 40 272 32 40 40 37 24 265 39 40 40 271 40 32 32
Upper bound: 40
Thread work times 286 26 274 30 31 30 284 24 32 32 32 25 32 40 40 40 40 35 21 40 32 13 278 32 32 280 36 32 37 38 40
Upper bound: 39
Thread work times 24 300 41 301 36 41 42 32 296 33 41 40 33 38 34 30 32 41 13 31 41 294 39 34 14 41 300 33 38 41 37
Upper bound: 38
Thread work times 324 13 36 31 37 37 40 40 40 32 40 40 40 27 323 40 319 29 40 29 20 321 316 36 32 40 40 32 32 37 38
Upper bound: 37
Thread work times 363 16 37 23 32 24 362 27 13 23 21 29 28 32 26 30 24 26 34 26 32 347 362 16 28 21 32 23 32 355 32
Upper bound: 36
Thread work times 32 30 21 33 27 33 29 19 36 37 32 28 32 16 35 30 34 32 37 37 374 37 37 28 29 366 369 33 373 16 375
Upper bound: 35
Thread work times 397 23 29 11 24 16 37 28 22 22 20 37 24 37 16 37 23 24 32 32 32 384 389 32 390 32 32 37 389 32 40
Upper bound: 34
Thread work times 412 24 24 16 410 24 412 36 38 38 38 32 41 39 40 33 24 410 23 23 13 24 24 16 20 399 40 40 41 32 24
Upper bound: 33
Thread work times 428 23 16 427 40 40 429 40 20 33 38 24 32 39 24 38 40 30 35 39 40 38 428 40 429 40 40 35 40 36 37
Upper bound: 32
Thread work times 466 17 40 40 40 28 34 460 33 37 38 39 38 21 462 33 36 24 24 39 31 32 463 30 24 24 18 40 24 461 35
Upper bound: 31
Thread work times 490 39 27 30 40 40 25 40 26 30 38 32 32 40 26 31 25 38 40 32 32 32 37 489 39 483 483 32 40 18 481
Upper bound: 30
Thread work times 32 37 40 40 40 40 40 40 35 533 20 40 40 29 42 534 40 38 37 42 39 18 35 535 533 31 25 38 40 25 533
Upper bound: 29
Thread work times 28 14 37 559 34 39 39 37 35 33 33 32 36 31 37 29 32 31 36 563 556 34 28 548 26 554 35 26 33 23 31
Upper bound: 28
Thread work times 606 19 582 36 39 40 40 32 39 40 31 30 6 41 43 15 600 26 600 26 41 23 40 27 39 36 37 10 602 23 37
Upper bound: 27
Thread work times 38 34 43 43 37 37 630 32 40 37 638 39 39 35 32 40 40 40 40 633 29 40 27 630 40 40 39 40 38 27 629
Upper bound: 26
Thread work times 38 710 32 39 709 40 34 32 38 38 705 38 39 36 26 39 41 26 701 40 40 40 40 36 42 41 706 42 41 38 31
Upper bound: 25
Thread work times 39 40 43 42 42 780 27 24 40 37 765 36 767 778 40 22 43 42 40 40 774 25 37 40 39 40 37 40 40 43 39
Upper bound: 24
Thread work times 871 44 34 49 48 39 41 44 870 41 870 869 42 867 43 43 45 44 44 33 38 38 41 28 41 40 41 29 45 43 30
Upper bound: 23
Thread work times 43 954 44 45 45 32 953 43 39 32 44 45 46 44 46 47 46 951 47 43 44 42 46 45 949 32 43 43 48 32 954
Upper bound: 22
Thread work times 44 1034 1033 1032 1030 45 44 43 32 45 46 46 46 46 45 46 45 1035 46 45 40 38 45 46 46 44 35 45 43 47 47
Upper bound: 21
Thread work times 49 1070 1068 1061 45 46 48 38 45 46 49 40 46 44 48 47 44 44 1068 47 48 45 49 1064 45 47 49 45 45 47 44
Upper bound: 20
Thread work times 49 39 48 38 43 39 50 48 26 51 49 47 1179 32 1179 1177 1176 47 46 43 49 39 48 49 27 49 51 42 37 1170 48
Upper bound: 19
Thread work times 1277 48 48 48 42 49 50 49 42 48 47 43 45 48 30 47 47 47 45 48 1275 1276 46 37 1273 46 49 47 46 1274 49
Upper bound: 18
Thread work times 48 1401 1401 47 46 46 1402 46 46 49 48 47 48 47 47 1402 46 41 49 48 49 46 36 48 40 49 48 35 34 49 1403
Upper bound: 17
Thread work times 1546 52 49 1543 48 50 49 48 1544 49 49 49 25 50 51 1545 48 48 48 49 50 44 50 50 49 51 48 49 1545 36 50
Upper bound: 16
Thread work times 49 1760 54 1759 1756 51 42 51 1759 47 51 50 49 50 36 52 52 43 49 52 53 52 52 50 56 51 52 36 52 40 1760
Upper bound: 15
Thread work times 1990 56 52 1988 1989 56 57 55 54 57 56 59 57 56 58 64 1986 63 1987 57 57 58 56 46 43 57 55 62 55 54 56
Upper bound: 14
Thread work times 60 2294 59 49 59 50 60 60 61 60 58 60 58 60 2292 2285 60 58 46 61 58 60 59 60 2292 59 60 59 2293 60 59
Upper bound: 13
Thread work times 2644 62 2640 64 64 62 61 62 60 51 62 61 2643 63 63 62 63 59 62 63 62 61 63 63 58 50 60 2642 63 2642 62
Upper bound: 12
Thread work times 3073 69 65 58 66 68 55 65 69 67 3072 3065 67 68 67 3068 3046 62 41 64 68 68 67 48 71 70 69 65 68 65 69
Upper bound: 11
Thread work times 4220 73 72 72 71 75 4219 74 4220 74 74 74 73 74 74 71 73 74 73 74 4218 4219 73 73 70 75 72 72 73 75 73
Upper bound: 10
Thread work times 90 90 88 6722 6722 89 6721 92 88 88 90 90 91 90 88 96 92 92 93 89 95 6722 89 89 89 88 89 92 90 6723 92
Upper bound: 9
Thread work times 12243 134 133 12242 12242 133 132 132 133 133 132 12241 133 134 134 133 133 132 133 141 133 132 133 136 133 133 134 12228 142 136 136
Upper bound: 8
Thread work times 28978 238 247 28975 28977 249 236 28976 236 238 241 237 236 237 237 237 237 237 237 256 248 238 28976 254 236 236 237 240 244 236 255
Upper bound: 7
Thread work times 59 52 53 54 54 54 54 54 54 54 54 54 54 54 54 54 53 54 54 54 54 55 55 55 53 55 55 54 55 57 54
Solution size 7
(0 -> 1151) (1 -> 76) (10 -> 1153) (16 -> 1127) (17 -> 1128) (27 -> 1101) (33 -> 1152) 
Nodes:                      109669672
CPU time (ms):              84025
