Thread work times 10 10 10 11 20 20 20 24 24 24 24 24 26 26 26 26 28 30 37 36 36 35 28 30 32 10 20 10 26 26 28
Upper bound: 63
Thread work times 10 0 0 0 22 10 15 15 10 29 20 15 33 16 15 16 15 15 15 15 16 20 31 10 28 19 27 30 11 13 15
Upper bound: 62
Thread work times 21 48 45 45 47 0 25 25 28 33 27 29 26 30 30 40 31 47 31 30 46 16 40 31 45 26 37 11 25 16 30
Upper bound: 61
Thread work times 40 30 46 45 31 47 48 55 56 25 43 16 45 47 42 32 42 37 40 40 33 41 45 38 45 47 40 40 45 47 41
Upper bound: 60
Thread work times 74 66 63 60 63 60 63 63 60 59 55 64 55 57 71 60 60 63 60 63 63 55 62 55 60 63 58 63 68 60 64
Upper bound: 59
Thread work times 73 58 59 60 60 56 63 67 69 44 45 45 46 45 57 47 47 57 47 47 47 45 37 35 55 67 35 55 60 45 48
Upper bound: 58
Thread work times 66 63 63 79 91 60 60 63 63 60 63 60 63 32 64 66 57 61 57 64 70 60 70 63 58 92 60 45 53 62 68
Upper bound: 57
Thread work times 97 22 55 45 49 89 47 46 48 36 39 62 57 60 60 60 47 63 63 53 54 47 44 100 55 57 89 32 63 47 48
Upper bound: 56
Thread work times 111 64 64 59 48 107 54 55 55 55 57 47 47 57 65 70 60 58 60 63 73 75 71 61 79 63 41 79 60 75 73
Upper bound: 55
Thread work times 134 73 130 122 64 60 63 63 134 64 70 60 70 70 60 60 60 60 63 63 73 63 64 70 70 57 73 73 122 60 57
Upper bound: 54
Thread work times 149 150 62 72 64 72 67 71 60 75 74 73 78 60 75 75 75 75 75 64 79 79 147 79 79 79 64 75 66 45 79
Upper bound: 53
Thread work times 167 165 78 79 59 59 70 70 60 63 73 62 61 64 75 74 75 75 79 79 75 74 78 79 73 79 60 60 164 75 73
Upper bound: 52
Thread work times 183 60 47 44 48 64 64 49 66 64 64 64 70 75 70 75 76 79 79 79 75 75 70 79 79 79 75 177 45 176 70
Upper bound: 51
Thread work times 194 65 77 60 67 63 72 62 70 178 189 60 49 62 70 60 73 72 74 61 70 193 62 64 73 68 73 61 60 53 59
Upper bound: 50
Thread work times 201 64 48 70 71 72 61 71 62 72 72 63 63 63 64 75 69 75 61 75 79 75 75 63 79 79 79 67 75 64 212
Upper bound: 49
Thread work times 233 48 60 64 65 48 45 60 70 60 63 60 73 72 64 64 64 70 73 223 63 70 221 72 70 73 232 70 63 59 70
Upper bound: 48
Thread work times 237 235 65 71 44 73 70 65 70 65 64 65 55 67 70 45 62 63 63 64 60 73 60 70 70 60 234 236 224 74 63
Upper bound: 47
Thread work times 244 241 52 57 42 56 47 47 47 60 60 60 60 63 52 63 63 60 47 47 66 232 51 232 42 241 56 55 45 48 60
Upper bound: 46
Thread work times 253 48 60 63 60 63 63 63 60 63 60 64 63 70 67 58 69 63 243 63 60 35 60 58 63 73 65 70 60 45 60
Upper bound: 45
Thread work times 272 283 30 61 63 270 42 48 63 55 59 58 70 70 57 32 70 35 63 31 60 54 41 62 48 60 63 59 271 60 63
Upper bound: 44
Thread work times 290 63 63 60 60 63 63 64 63 55 50 62 46 67 45 57 60 68 60 48 71 60 288 69 64 289 55 63 60 45 67
Upper bound: 43
Thread work times 60 62 47 70 301 60 48 55 55 47 60 47 47 47 62 65 55 65 44 72 72 72 69 71 72 64 284 60 80 287 47
Upper bound: 42
Thread work times 309 60 316 60 60 59 48 65 47 59 49 58 45 44 48 310 48 51 34 56 47 63 57 48 63 325 49 54 60 47 55
Upper bound: 41
Thread work times 343 342 330 59 64 64 71 70 48 64 70 71 63 55 73 75 79 79 58 79 75 63 75 79 60 75 79 75 75 70 79
Upper bound: 40
Thread work times 59 64 48 337 62 64 45 58 58 56 58 56 55 58 43 56 55 57 56 63 52 52 60 45 56 60 67 63 63 55 326
Upper bound: 39
Thread work times 365 61 55 56 354 58 57 63 64 356 60 65 58 57 73 75 60 61 61 74 79 79 31 53 65 79 75 71 60 63 75
Upper bound: 38
Thread work times 70 60 62 70 60 369 372 48 64 63 64 64 64 63 48 64 70 70 60 55 73 70 56 73 70 70 373 70 55 64 63
Upper bound: 37
Thread work times 388 55 66 45 60 75 386 64 62 72 63 63 63 71 69 75 69 79 79 75 79 66 75 79 59 75 79 45 64 46 387
Upper bound: 36
Thread work times 48 73 45 63 64 395 60 60 60 386 64 64 61 61 70 47 45 66 62 70 70 62 53 395 73 64 63 60 63 386 65
Upper bound: 35
Thread work times 408 62 60 63 60 47 50 67 72 61 60 70 75 75 79 75 79 30 79 75 45 48 78 398 61 63 72 79 75 79 60
Upper bound: 34
Thread work times 434 431 60 63 63 64 46 63 63 60 60 58 63 58 70 69 64 59 70 63 70 63 70 426 60 70 60 60 63 433 433
Upper bound: 33
Thread work times 62 68 73 79 67 61 70 60 60 60 60 73 63 60 73 63 74 70 74 75 72 60 78 59 50 460 73 74 73 77 465
Upper bound: 32
Thread work times 485 58 485 65 59 48 57 60 60 70 73 60 73 63 73 75 75 75 75 79 79 79 79 79 79 475 63 79 75 62 75
Upper bound: 31
Thread work times 59 60 60 447 63 60 63 46 63 70 47 60 73 63 447 60 458 63 70 54 63 63 70 60 458 57 63 53 60 70 61
Upper bound: 30
Thread work times 484 67 60 70 60 73 63 74 58 79 79 77 75 77 472 77 80 80 63 480 77 483 75 80 70 80 61 76 481 64 73
Upper bound: 29
Thread work times 493 73 476 56 79 493 43 41 75 466 482 66 51 56 55 56 45 62 45 61 63 70 69 60 77 60 46 56 63 40 42
Upper bound: 28
Thread work times 58 69 63 36 60 60 63 64 66 46 48 70 52 61 48 60 60 60 62 533 533 63 63 66 60 59 521 63 58 69 60
Upper bound: 27
Thread work times 72 39 45 45 47 60 62 60 63 68 55 56 45 55 55 57 57 57 47 57 45 60 61 63 63 501 513 63 59 514 45
Upper bound: 26
Thread work times 525 60 70 60 43 63 60 46 59 58 55 58 56 69 61 63 48 38 525 43 63 48 55 60 61 63 48 524 58 60 51
Upper bound: 25
Thread work times 536 35 48 534 532 56 60 63 61 60 63 63 63 42 43 45 65 65 45 47 61 63 61 45 60 535 47 67 67 52 47
Upper bound: 24
Thread work times 45 67 31 56 60 40 48 62 62 64 64 63 64 64 65 67 45 45 29 584 32 52 583 44 62 62 63 560 582 47 582
Upper bound: 23
Thread work times 62 60 61 63 55 67 65 67 75 53 65 61 559 60 79 46 572 52 556 567 576 57 47 75 79 70 66 63 65 55 73
Upper bound: 22
Thread work times 602 601 63 600 63 63 63 67 64 48 70 70 60 56 60 69 67 63 65 73 64 60 64 66 74 54 60 57 60 60 58
Upper bound: 21
Thread work times 604 48 47 55 61 60 45 592 590 60 57 59 44 60 48 60 63 63 63 63 65 65 65 60 47 63 48 45 603 65 44
Upper bound: 20
Thread work times 643 60 31 632 630 60 45 48 44 626 60 63 53 64 48 42 63 63 45 55 57 45 35 63 57 57 54 47 70 47 45
Upper bound: 19
Thread work times 48 610 55 57 63 60 60 63 63 64 62 55 43 48 56 612 623 51 56 44 45 59 41 48 60 52 610 68 48 55 45
Upper bound: 18
Thread work times 692 693 63 685 60 60 45 58 51 66 49 60 63 63 60 60 60 61 60 63 63 63 45 63 48 63 686 55 46 31 73
Upper bound: 17
Thread work times 62 70 74 75 787 63 75 79 78 792 62 791 62 63 60 47 790 74 78 74 75 79 60 70 73 79 54 64 75 60 80
Upper bound: 16
Thread work times 867 70 59 60 61 71 66 63 64 73 73 64 75 74 76 75 79 78 77 75 66 79 79 865 867 73 63 75 74 77 68
Upper bound: 15
Thread work times 1047 1045 1044 69 63 62 75 75 79 75 79 60 79 64 1032 45 75 75 61 63 79 76 44 59 66 77 55 75 60 1046 64
Upper bound: 14
Thread work times 79 80 77 77 79 81 78 79 67 1279 1279 1269 68 69 69 79 79 79 77 77 78 1279 78 80 83 82 70 70 71 78 1280
Upper bound: 13
Thread work times 1789 83 83 83 83 84 82 84 84 84 72 85 72 84 84 80 84 84 85 84 86 87 85 84 86 86 73 89 88 87 87
Upper bound: 12
Thread work times 3062 93 95 93 93 95 3054 93 95 3061 3059 94 92 82 92 93 94 93 93 92 89 95 95 91 3061 93 91 95 94 93 92
Upper bound: 11
Thread work times 5277 112 5276 113 112 112 111 113 112 112 112 112 113 114 111 112 113 113 112 112 5275 111 112 112 112 112 113 112 113 112 110
Upper bound: 10
Thread work times 10723 156 149 147 148 10722 147 146 147 147 147 143 149 147 150 148 149 150 148 147 149 148 150 149 146 149 145 10720 148 148 149
Upper bound: 9
Thread work times 28 19 19 18 18 19 19 19 19 19 19 19 19 19 19 19 19 19 19 19 19 19 22 26 27 14 19 15 18 14 23
Solution size 9
(0 -> 574) (1 -> 1069) (3 -> 1594) (8 -> 720) (12 -> 302) (18 -> 61) (24 -> 1988) (28 -> 1165) (33 -> 1092) 
Nodes:                      24986259
CPU time (ms):              40700
