Thread work times 0 0 0 0 0 0 0 0 0 0 0 0 0 0 0 0 0 0 0 0 0 0 0 0 0 0 0 0 0 0 0
Upper bound: 66
Thread work times 1 0 0 0 0 0 0 0 0 0 0 0 0 0 0 0 0 0 0 0 0 0 0 0 0 0 0 0 0 0 0
Upper bound: 65
Thread work times 0 0 0 1 0 0 0 1 0 0 0 1 0 0 0 0 0 0 0 0 0 0 0 1 0 0 0 0 1 0 2
Upper bound: 64
Thread work times 3 1 0 2 1 0 1 0 1 0 1 0 1 1 0 0 0 1 1 0 0 1 1 1 0 0 1 1 0 0 1
Upper bound: 63
Thread work times 0 0 0 0 2 1 1 2 0 0 1 0 1 0 2 1 1 0 1 0 1 1 0 1 1 0 0 1 0 2 0
Upper bound: 62
Thread work times 3 1 2 1 1 1 2 0 0 0 1 1 2 0 1 1 1 1 0 1 0 2 1 0 2 0 1 0 2 1 1
Upper bound: 61
Thread work times 2 4 1 2 1 1 3 2 2 1 2 1 1 1 1 1 1 1 2 1 3 0 2 3 2 0 1 1 2 1 1
Upper bound: 60
Thread work times 21 15 26 17 18 8 11 10 15 13 18 10 14 9 12 10 8 10 15 7 13 26 12 11 10 13 24 11 21 8 11
Upper bound: 59
Thread work times 174 133 91 71 55 139 167 129 155 110 101 100 79 59 61 62 80 148 59 82 85 140 147 73 114 134 160 91 67 102 83
Upper bound: 58
Thread work times 764 315 272 248 461 628 389 487 272 263 321 736 574 296 505 760 594 219 265 365 478 592 732 429 304 197 288 596 243 417 747
Upper bound: 57
Thread work times 3714 1222 850 2004 1492 1377 988 2748 3322 795 3108 3104 1982 1395 757 729 1664 1638 1084 2692 2037 2307 2298 2455 2731 987 2386 3193 1366 2125 1086
Upper bound: 56
Thread work times 17917 7362 5644 5818 10673 10696 10378 10687 12381 10753 16766 7554 10711 5103 10696 12172 13591 14056 4918 4872 5509 17709 3620 4500 11800 3748 11163 6241 6508 13158 13603
Upper bound: 55
Thread work times 77366 38058 33525 40913 61081 53392 38707 49519 30439 30899 37958 34788 77352 77250 51389 38921 38729 42392 49834 69529 58193 41573 30687 47709 53629 43536 58609 48895 38798 69565 48171
Solution size 16
(2 -> 2) (6 -> 76) (7 -> 6) (16 -> 19) (19 -> 62) (24 -> 7) (28 -> 102) (29 -> 9) (32 -> 79) (35 -> 0) (36 -> 147) (38 -> 8) (46 -> 11) (58 -> 154) (61 -> 3) (65 -> 5) 
Nodes:                      1820526738
CPU time (ms):              100002
TIMEOUT
