Thread work times 1 1 0 0 1 0 0 0 0 1 0 0 1 0 0 1 1 0 1 0 0 0 0 0 1 1 0 0 1 0 0
Upper bound: 66
Thread work times 3 2 4 4 4 3 3 4 4 3 2 4 3 5 4 4 5 3 3 3 4 4 2 4 4 4 4 3 3 4 2
Upper bound: 65
Thread work times 17 16 15 16 14 16 17 19 16 16 18 19 19 15 16 18 14 17 19 20 18 18 17 17 17 18 18 19 22 18 17
Upper bound: 64
Thread work times 31 40 35 33 33 33 33 33 31 34 33 36 35 35 33 36 34 36 32 35 37 36 33 35 37 37 33 33 33 35 34
Upper bound: 63
Thread work times 56 51 63 57 56 57 53 55 57 54 58 57 54 56 55 56 55 56 53 56 57 54 51 57 57 53 58 57 58 58 54
Upper bound: 62
Thread work times 114 122 115 111 110 112 114 112 112 111 112 114 122 113 110 118 112 115 111 116 114 113 113 117 112 114 114 115 115 115 113
Upper bound: 61
Thread work times 179 179 176 179 180 181 179 178 178 198 202 183 180 197 177 180 178 179 181 180 176 180 180 181 178 181 203 178 202 180 181
Upper bound: 60
Thread work times 477 548 475 481 546 479 506 545 479 503 475 478 505 477 480 481 477 480 477 547 479 542 478 481 479 481 480 481 479 494 478
Upper bound: 59
Thread work times 2104 1980 1891 1887 1939 1977 2103 1980 1889 1938 1890 1945 2049 1892 1893 2051 1893 1953 1980 2102 1891 2098 2101 1953 1893 1953 1889 1890 1978 1940 2047
Upper bound: 58
Thread work times 6270 6087 6794 6089 6093 6794 6142 6156 6240 6161 6159 6314 6090 6792 6792 6275 6792 6225 6224 6089 6160 6092 6088 6226 6098 6089 6094 6091 6236 6092 6093
Upper bound: 57
Thread work times 20328 18139 18097 17269 16820 18096 18097 16969 16834 16875 20328 16821 20326 20325 16837 18216 17060 17092 17977 16878 16832 17001 16839 17110 18067 17070 18046 17447 16840 16813 16875
Upper bound: 56
Thread work times 44173 44169 45431 44222 61092 44899 45306 44185 45305 44777 61093 61095 61096 44313 43622 44135 44178 44180 44315 44196 44118 43273 44148 44784 44122 44158 44155 44776 61096 45430 44776
Upper bound: 55
Thread work times 8649 8649 8649 8649 8649 8649 8649 8648 8649 8648 8648 8649 8649 8649 8649 8648 8649 8647 8647 8648 8649 8649 8649 8649 8649 8648 8649 8648 8649 8649 8649
Solution size 12
(4 -> 14) (7 -> 71) (16 -> 76) (19 -> 29) (20 -> 51) (26 -> 2) (29 -> 9) (52 -> 21) (54 -> 53) (56 -> 7) (57 -> 50) (63 -> 3) 
Nodes:                      2450388175
CPU time (ms):              100001
TIMEOUT
