Thread work times 6 5 5 3 4 5 3 4 3 4 3 5 3 4 3 5 5 5 5 5 3 6 3 6 3 6 4 6 6 4 3
Upper bound: 66
Thread work times 8 7 7 7 7 7 7 7 7 7 7 7 7 7 7 7 7 7 7 6 6 7 5 5 7 7 7 7 7 7 7
Upper bound: 65
Thread work times 16 13 14 13 14 15 15 12 14 12 14 15 14 14 13 15 14 14 12 14 14 14 15 15 14 15 13 15 14 12 11
Upper bound: 64
Thread work times 21 24 26 24 21 20 24 23 23 21 24 24 23 21 24 25 24 24 24 21 24 24 23 24 23 25 22 24 24 23 24
Upper bound: 63
Thread work times 33 30 32 29 30 27 28 29 32 33 31 25 33 32 30 32 28 30 30 32 33 27 26 31 33 33 31 32 30 26 29
Upper bound: 62
Thread work times 34 54 30 57 35 31 32 35 35 33 31 52 34 33 33 31 34 33 33 35 33 31 34 35 34 33 34 35 58 33 58
Upper bound: 61
Thread work times 38 104 101 103 38 38 38 103 38 37 38 35 36 37 37 37 37 38 38 37 35 37 38 37 37 105 38 38 37 36 37
Upper bound: 60
Thread work times 86710 83573 83238 82371 84450 84454 82356 83064 82838 83201 82299 82365 83421 82494 83380 82848 84654 82578 82235 83494 83234 83314 85129 83692 82289 82892 82375 84465 83509 82815 83688
Upper bound: 59
Thread work times 13019 13020 13019 13019 13019 13019 13019 13019 13018 13018 13019 13018 13019 13019 13019 13019 13019 13019 13019 13019 13019 13019 13019 13019 13019 13020 13019 13019 13019 13019 13019
Solution size 11
(4 -> 53) (21 -> 37) (28 -> 479) (34 -> 561) (36 -> 476) (46 -> 151) (52 -> 36) (54 -> 486) (55 -> 31) (61 -> 43) (65 -> 62) 
Nodes:                      1769926759
CPU time (ms):              100002
TIMEOUT
