Thread work times 8 8 8 8 8 8 8 8 8 8 8 8 8 8 8 8 8 9 10 13 13 13 13 5 5 5 5 5 5 13 8
Upper bound: 72
Thread work times 8 8 17 6 5 0 0 0 0 0 0 0 8 0 10 13 0 0 8 0 13 0 8 0 0 10 0 8 10 13 11
Upper bound: 71
Thread work times 25 5 13 21 8 5 21 8 8 16 10 8 15 8 13 16 13 13 18 24 18 24 21 16 8 24 16 8 5 15 24
Upper bound: 70
Thread work times 37 16 16 16 16 14 24 18 21 16 14 18 23 23 13 13 20 23 36 22 27 24 21 10 30 19 24 14 18 23 13
Upper bound: 69
Thread work times 8 32 32 32 32 32 32 26 31 16 26 24 32 24 16 32 38 32 33 20 32 38 32 32 14 24 31 32 18 16 31
Upper bound: 68
Thread work times 30 36 21 29 20 28 12 15 24 24 28 24 24 24 30 23 32 31 27 24 15 31 30 29 23 27 20 14 24 14 30
Upper bound: 67
Thread work times 49 31 32 31 32 32 32 37 37 37 32 32 32 32 31 32 31 36 36 32 32 40 38 48 32 29 31 39 37 27 45
Upper bound: 66
Thread work times 29 45 51 29 29 29 29 22 15 30 30 32 30 32 32 32 32 27 32 16 31 30 30 30 31 28 24 29 24 32 52
Upper bound: 65
Thread work times 32 32 24 16 28 24 32 32 32 29 29 29 29 99708 22 99714 32 31 32 28 28 32 29 32 22 34 24 23 26 32 32
Solution size 11
(13 -> 14) (20 -> 0) (22 -> 4) (24 -> 132) (29 -> 9) (40 -> 2) (50 -> 8) (59 -> 429) (61 -> 42) (64 -> 5) (67 -> 1) 
Nodes:                      81417748
CPU time (ms):              100008
TIMEOUT
