Thread work times 5 2 2 2 2 2 2 3 3 4 2 4 3 4 4 4 4 2 2 2 2 2 2 2 2 2 2 2 2 2 2
Upper bound: 72
Thread work times 5 6 6 5 5 5 4 5 5 5 5 5 2 5 6 6 1 5 4 5 4 5 5 5 5 5 5 5 5 1 6
Upper bound: 71
Thread work times 9 11 11 8 11 10 10 10 10 8 10 11 9 10 8 11 12 9 10 10 11 11 9 11 11 10 11 9 8 10 12
Upper bound: 70
Thread work times 90 93 93 92 92 92 91 91 93 92 90 91 91 91 91 89 92 92 92 92 91 90 91 89 92 91 91 89 91 90 94
Upper bound: 69
Thread work times 162 170 168 169 168 168 168 170 171 169 169 168 170 170 169 169 169 169 170 170 169 170 168 168 170 170 169 169 167 169 172
Upper bound: 68
Thread work times 247 249 272 249 267 247 248 243 244 249 266 250 246 250 250 246 243 249 247 250 250 251 250 274 250 249 248 251 266 249 247
Upper bound: 67
Thread work times 13133 10538 8349 7920 10312 7578 8514 7416 7914 8047 7451 8764 9826 7417 12402 8786 8175 10493 10275 10013 11675 7738 10625 12841 7859 7496 13129 7412 13133 12309 13133
Upper bound: 66
Thread work times 86277 86277 86275 86277 86277 86278 86277 86275 86273 86274 86278 86277 86278 86278 86278 86277 86275 86277 86275 86278 86277 86276 86278 86276 86278 86276 86276 86277 86275 86278 86271
Solution size 12
(13 -> 586) (20 -> 167) (22 -> 37) (24 -> 594) (29 -> 433) (39 -> 485) (40 -> 600) (50 -> 39) (59 -> 595) (61 -> 591) (64 -> 590) (67 -> 585) 
Nodes:                      2234116386
CPU time (ms):              100004
TIMEOUT
