Thread work times 10 3 3 3 4 5 5 5 5 5 5 5 5 5 5 7 7 7 8 9 9 7 9 7 9 3 3 3 9 7 4
Upper bound: 79
Thread work times 11 4 4 2 8 7 3 6 4 7 0 8 8 8 8 8 8 7 4 3 4 6 0 6 4 4 7 8 7 4 6
Upper bound: 78
Thread work times 10 15 10 8 11 4 8 8 6 8 8 0 10 8 11 8 9 12 12 8 10 11 12 8 11 0 8 12 6 6 6
Upper bound: 77
Thread work times 20 18 16 17 12 20 16 13 14 15 14 13 16 14 14 14 17 14 17 16 10 16 16 16 12 14 14 14 14 13 16
Upper bound: 76
Thread work times 20 21 24 18 22 19 19 19 22 22 21 22 19 19 19 23 19 22 18 18 19 22 19 20 22 20 19 19 21 19 23
Upper bound: 75
Thread work times 54 27 26 23 49 51 24 25 50 50 25 25 24 24 23 26 26 24 25 27 24 25 26 27 24 27 25 23 25 23 24
Upper bound: 74
Thread work times 32 33 32 32 29 31 172 32 27 171 28 30 32 33 33 31 31 31 29 31 32 31 172 34 173 31 34 32 31 35 34
Upper bound: 73
Thread work times 56 453 52 457 51 51 56 52 52 51 53 55 53 54 54 52 56 55 54 57 48 50 57 458 55 53 49 53 56 56 50
Upper bound: 72
Thread work times 827 84 83 826 81 77 85 89 85 80 85 87 77 88 85 81 85 88 84 86 92 89 93 91 86 89 97 822 88 85 88
Upper bound: 71
Thread work times 98391 74590 98386 68345 68306 68359 68804 69432 70766 80943 81198 98387 79745 98384 98385 98383 98383 98388 73085 98387 98388 68307 68586 69451 71732 98383 68307 70492 88842 70600 68345
Solution size 10
(2 -> 900) (4 -> 607) (22 -> 981) (24 -> 678) (29 -> 861) (56 -> 865) (58 -> 1028) (63 -> 1027) (73 -> 788) (76 -> 971) 
Nodes:                      1245545762
CPU time (ms):              100007
TIMEOUT
