Thread work times 8 9 9 8 8 8 8 10 10 8 10 10 8 8 8 9 8 8 8 11 9 8 8 8 8 8 8 8 8 10 8
Upper bound: 85
Thread work times 21 20 14 23 22 23 22 23 23 20 21 23 20 22 22 23 20 23 22 22 20 24 22 22 22 22 23 23 22 23 24
Upper bound: 84
Thread work times 46 44 41 31 45 42 42 45 42 41 32 44 35 44 45 45 42 42 45 44 39 33 40 45 45 45 40 39 45 43 44
Upper bound: 83
Thread work times 74 72 74 62 76 76 76 67 76 75 76 67 60 76 71 73 75 76 74 76 67 75 59 64 65 59 57 75 72 63 74
Upper bound: 82
Thread work times 117 85 109 113 115 108 113 93 112 101 109 113 110 112 90 114 115 113 114 104 98 112 115 101 112 112 111 96 104 100 111
Upper bound: 81
Thread work times 137 125 127 136 137 276 138 138 138 138 138 138 138 122 132 267 135 125 139 139 139 274 137 138 138 118 139 269 128 136 137
Upper bound: 80
Thread work times 169 575 167 168 168 169 169 168 168 163 171 168 168 169 169 167 159 168 168 168 168 169 171 170 168 571 165 168 168 569 572
Upper bound: 79
Thread work times 1013 185 199 205 205 205 1013 199 205 1011 205 205 205 205 197 207 204 205 205 179 205 207 207 190 1011 205 197 191 194 1010 205
Upper bound: 78
Thread work times 1526 230 230 228 230 229 232 232 223 229 232 231 1528 231 231 231 229 231 230 231 231 224 230 230 230 230 230 230 231 1528 230
Upper bound: 77
Thread work times 49037 257 258 258 257 257 255 258 258 258 257 250 259 258 257 257 257 49036 258 257 257 257 258 258 257 49033 257 256 258 258 258
Upper bound: 76
Thread work times 5166 5165 5164 5163 5164 5165 5166 5159 5163 5165 5165 5165 5165 5165 5164 47275 47276 5166 47276 47272 5164 47274 5165 5164 5158 5166 5166 5158 5164 5164 5165
Solution size 4
(32 -> 524) (33 -> 351) (47 -> 373) (67 -> 293) 
Nodes:                      132591258
CPU time (ms):              100004
TIMEOUT
