Thread work times 32 15 15 14 15 16 16 16 15 16 15 16 15 16 16 16 16 16 17 21 22 26 26 26 26 27 32 11 11 15 26
Upper bound: 85
Thread work times 31 15 16 16 15 23 16 25 25 29 21 30 30 31 31 31 23 30 30 18 31 12 12 0 15 22 24 25 13 15 35
Upper bound: 84
Thread work times 48 47 36 27 27 32 36 30 31 40 41 15 34 41 32 46 42 45 45 28 47 45 28 31 47 43 47 45 40 44 25
Upper bound: 83
Thread work times 68 29 60 48 68 60 48 47 48 60 63 61 63 61 62 60 32 52 64 53 60 62 51 43 63 27 64 44 54 47 58
Upper bound: 82
Thread work times 46 56 57 62 78 79 62 79 43 43 45 60 60 55 55 70 45 60 56 55 54 59 67 57 47 62 63 63 75 75 69
Upper bound: 81
Thread work times 77 73 60 60 60 60 63 60 63 48 55 65 60 56 48 70 69 45 62 70 63 70 63 63 61 70 62 51 63 77 63
Upper bound: 80
Thread work times 82 89 36 54 32 60 63 50 60 60 63 65 60 60 60 63 70 63 88 63 60 63 63 52 60 70 63 67 58 87 63
Upper bound: 79
Thread work times 60 60 64 70 55 70 58 60 73 73 63 63 95 62 60 63 63 48 66 64 70 70 60 60 60 70 63 73 64 94 106
Upper bound: 78
Thread work times 119 64 120 64 64 61 61 64 43 70 45 62 64 64 60 63 68 70 73 63 62 63 118 59 62 61 71 68 71 62 70
Upper bound: 77
Thread work times 135 64 64 64 64 70 70 63 60 132 43 69 64 64 59 71 70 70 70 63 63 64 71 60 63 70 70 64 134 63 70
Upper bound: 76
Thread work times 60 61 58 45 150 45 68 143 141 126 46 62 53 63 61 64 58 61 64 45 61 67 47 64 47 66 45 47 60 49 149
Upper bound: 75
Thread work times 76 74 79 75 67 79 185 61 69 66 64 70 64 70 73 48 75 76 60 60 60 76 74 73 72 73 60 186 79 175 73
Upper bound: 74
Thread work times 287 48 274 286 50 65 43 275 46 55 48 275 32 55 47 47 47 47 46 50 42 59 53 60 65 56 44 48 63 45 47
Upper bound: 73
Thread work times 98557 47 30 46 60 60 60 50 51 62 55 68 44 55 57 98544 43 52 29 60 51 45 35 45 98544 49 42 46 63 98555 47
Solution size 12
(2 -> 755) (6 -> 678) (12 -> 925) (16 -> 1415) (18 -> 1499) (19 -> 1427) (53 -> 1864) (67 -> 1026) (68 -> 1672) (69 -> 1352) (74 -> 1940) (77 -> 989) 
Nodes:                      15889092
CPU time (ms):              100018
TIMEOUT
