Thread work times 0 0 0 0 0 0 0 0 0 0 0 0 0 0 0 0 0 0 0 0 0 0 0 0 0 0 0 0 0 0 0
Upper bound: 96
Thread work times 0 0 0 0 0 0 0 0 0 0 0 0 0 0 0 0 0 0 0 0 0 0 0 0 0 0 0 0 0 0 0
Upper bound: 95
Thread work times 0 0 0 0 0 0 0 0 0 0 0 0 0 0 0 0 0 0 0 0 0 0 0 0 0 0 0 0 0 0 0
Upper bound: 94
Thread work times 0 0 0 0 0 0 0 0 0 0 0 0 0 0 0 0 0 0 0 0 0 0 0 0 0 0 0 0 0 0 0
Upper bound: 93
Thread work times 0 1 0 0 0 0 0 0 0 0 0 0 0 0 0 0 0 0 0 0 0 0 0 0 0 0 0 0 0 0 0
Upper bound: 92
Thread work times 0 0 1 0 0 0 0 0 0 0 1 0 0 0 0 0 0 0 0 0 0 0 0 0 0 0 0 0 0 0 0
Upper bound: 91
Thread work times 0 0 0 0 0 0 0 0 0 0 0 0 0 0 0 0 0 0 0 0 0 0 0 0 0 0 0 0 0 0 1
Upper bound: 90
Thread work times 1 0 0 0 0 1 0 0 0 0 0 0 0 0 0 0 0 0 0 0 0 0 0 0 0 0 1 0 0 0 0
Upper bound: 89
Thread work times 0 0 0 0 1 0 0 1 0 0 0 0 0 0 0 0 0 0 0 0 0 0 1 0 0 0 0 0 0 0 0
Upper bound: 88
Thread work times 0 1 0 0 0 1 0 1 0 0 0 0 0 0 0 0 0 0 0 0 0 0 0 0 0 0 0 0 0 0 0
Upper bound: 87
Thread work times 0 1 0 0 1 0 0 0 0 0 0 0 0 0 0 0 0 0 0 0 0 0 1 0 0 0 1 0 0 0 0
Upper bound: 86
Thread work times 0 2 0 0 0 0 0 0 0 0 0 0 0 1 0 1 0 0 0 1 0 0 0 0 0 0 0 0 0 0 0
Upper bound: 85
Thread work times 0 1 0 0 0 0 0 0 0 2 1 0 1 0 0 0 0 0 0 0 0 0 0 0 1 0 0 0 0 0 0
Upper bound: 84
Thread work times 2 1 1 0 0 0 0 0 0 0 0 0 0 1 0 0 1 0 0 0 0 0 0 0 0 0 0 0 0 0 0
Upper bound: 83
Thread work times 2 0 0 0 2 0 0 1 0 0 0 0 0 1 1 0 0 0 0 0 0 0 0 0 0 0 0 0 0 0 0
Upper bound: 82
Thread work times 0 2 0 2 1 0 0 0 0 0 0 0 0 0 0 0 0 0 1 0 0 0 0 0 0 0 0 0 0 2 0
Upper bound: 81
Thread work times 2 0 0 0 0 0 0 0 0 0 0 0 0 0 0 0 0 1 0 0 0 0 0 2 2 0 0 1 0 0 0
Upper bound: 80
Thread work times 0 0 0 0 0 0 0 0 0 0 0 1 0 0 0 0 0 0 0 0 0 0 0 2 2 0 0 1 0 0 0
Upper bound: 79
Thread work times 2 2 0 0 0 0 0 0 0 0 0 0 0 0 1 0 0 0 0 0 0 0 0 0 0 0 0 0 0 0 3
Upper bound: 78
Thread work times 0 0 2 0 0 0 0 0 0 0 0 0 0 0 0 0 0 0 0 0 0 0 0 0 0 3 0 0 0 0 0
Upper bound: 77
Thread work times 4 2 0 0 1 1 0 0 3 0 0 0 0 1 0 1 0 1 0 0 1 0 0 0 0 0 0 0 1 0 2
Upper bound: 76
Thread work times 1 0 0 1 0 0 0 5 1 1 2 1 3 2 1 0 1 1 0 4 0 0 2 0 0 1 1 0 1 0 6
Upper bound: 75
Thread work times 1 2 7 0 0 2 1 0 2 0 0 6 1 5 0 1 0 4 1 1 0 2 0 5 1 0 0 0 0 1 2
Upper bound: 74
Thread work times 6 0 2 1 2 2 1 2 1 1 3 7 1 2 1 9 2 2 0 8 11 3 1 1 1 0 2 2 2 2 3
Upper bound: 73
Thread work times 14 0 3 2 14 2 1 13 2 1 1 2 3 1 3 12 2 3 1 2 2 1 2 1 13 0 3 1 2 2 1
Upper bound: 72
Thread work times 22 3 4 4 3 3 4 3 20 3 3 4 4 4 3 3 2 4 4 4 3 20 0 18 3 2 2 4 21 3 1
Upper bound: 71
Thread work times 34 4 5 4 5 5 31 3 4 4 4 5 5 5 4 5 3 5 29 6 5 5 4 6 6 5 2 4 5 31 32
Upper bound: 70
Thread work times 48 45 6 48 5 4 5 4 3 4 5 6 44 5 6 4 6 7 5 5 6 6 5 5 6 4 5 5 5 47 6
Upper bound: 69
Thread work times 9 10 10 9 70 8 9 10 7 8 8 6 10 9 9 73 11 9 9 71 10 9 70 10 10 9 73 11 10 8 10
Upper bound: 68
Thread work times 103 15 11 15 15 12 10 11 13 12 98 15 13 13 12 15 12 98 14 14 101 13 12 14 103 12 13 13 11 13 15
Upper bound: 67
Thread work times 19 202 16 13 15 16 15 15 201 16 15 17 16 16 18 18 16 16 18 16 198 18 200 19 17 18 18 17 16 19 195
Upper bound: 66
Thread work times 22 20 21 24 18 23 17 21 351 20 22 348 19 22 352 23 24 22 23 353 18 25 23 22 21 347 22 20 22 21 21
Upper bound: 65
Thread work times 489 27 484 490 26 26 28 27 28 25 25 26 24 26 29 25 486 29 26 28 24 28 29 29 28 27 29 30 26 27 491
Upper bound: 64
Thread work times 33 617 36 38 33 35 36 35 36 33 36 38 35 616 38 34 38 34 35 36 615 38 36 36 36 36 34 34 35 36 614
Upper bound: 63
Thread work times 44 725 723 726 719 41 45 47 44 45 47 46 44 46 45 47 47 46 47 46 42 46 46 43 48 47 44 45 46 47 723
Upper bound: 62
Thread work times 62 64 66 61 62 62 63 63 65 62 63 60 63 62 63 1859 59 63 61 62 63 62 1857 63 60 1856 62 1858 1857 68 68
Upper bound: 61
Thread work times 1971 75 74 72 76 73 72 71 72 1965 74 74 72 75 75 76 1968 76 71 75 1970 75 71 1965 74 77 79 73 72 73 74
Upper bound: 60
Thread work times 87 85 86 87 90 2187 92 87 89 2186 90 89 90 88 90 87 89 89 90 89 92 96 96 86 2185 90 91 88 90 89 2181
Upper bound: 59
Thread work times 2465 111 106 100 106 102 101 109 107 105 2460 104 105 104 107 107 105 108 107 105 106 109 107 2463 107 104 2463 105 109 2463 106
Upper bound: 58
Thread work times 5850 345 332 380 405 321 5850 377 317 379 5834 5844 359 354 353 351 370 376 389 375 377 404 342 323 328 320 352 5825 326 371 324
Upper bound: 57
Thread work times 439 442 448 460 461 7343 496 411 504 486 419 418 456 416 7343 419 493 452 426 440 7342 419 451 460 7341 418 7336 435 451 428 509
Upper bound: 56
Thread work times 9758 569 553 577 580 583 584 581 604 580 560 580 594 619 558 617 9757 9751 619 565 651 528 579 587 9755 626 623 554 571 685 658
Upper bound: 55
Thread work times 12113 765 775 786 795 816 809 12117 705 710 732 754 705 695 12118 763 769 764 775 798 12117 705 748 12116 752 763 774 811 754 722 794
Upper bound: 54
Thread work times 16824 949 16825 994 993 1015 1014 1007 1020 1019 1021 1015 1032 1039 1040 1042 961 16823 1002 987 1054 993 1019 16825 1009 1000 16822 1047 1047 1025 1041
Upper bound: 53
Thread work times 22313 1470 1400 1407 1407 1413 1418 1438 1441 1446 1452 1453 1469 1427 1460 22311 22312 1387 1411 1435 1444 1466 22311 1418 1367 1389 1430 22309 1460 1452 1440
Upper bound: 52
Thread work times 1714 1667 1597 1668 1688 1619 14492 14490 1653 1648 1648 1626 1656 1659 1633 1687 1668 1709 1702 1668 1636 14489 1585 1627 1731 1709 1655 1662 14492 1683 1718
Solution size 5
(61 -> 21) (80 -> 9) (81 -> 41) (84 -> 7) (92 -> 32) 
Nodes:                      390195327
CPU time (ms):              100001
TIMEOUT
