Thread work times 1 0 0 0 0 0 0 0 0 1 0 1 1 1 1 1 1 1 1 1 1 1 1 1 1 1 1 1 0 1 1
Upper bound: 99
Thread work times 0 1 0 0 0 0 0 0 0 0 0 0 0 0 0 0 0 0 0 0 1 1 0 0 0 0 0 1 0 0 0
Upper bound: 98
Thread work times 2 0 1 0 0 0 1 0 0 0 0 1 0 0 0 0 0 1 0 0 0 0 0 0 0 0 0 1 0 0 0
Upper bound: 97
Thread work times 4 3 0 2 0 0 1 0 0 0 1 0 0 0 1 0 0 1 1 1 0 0 1 0 0 0 0 0 2 0 0
Upper bound: 96
Thread work times 0 0 1 3 0 1 0 0 0 0 0 3 3 0 1 2 0 1 1 0 3 2 1 0 0 1 0 0 0 0 0
Upper bound: 95
Thread work times 5 0 1 0 1 0 0 0 0 0 2 1 0 3 0 0 0 1 1 0 1 1 0 2 1 0 0 3 1 4 1
Upper bound: 94
Thread work times 1 6 1 3 2 5 1 0 0 1 1 1 0 0 0 1 0 0 1 1 3 1 5 0 0 3 0 0 1 4 1
Upper bound: 93
Thread work times 0 9 0 0 0 0 0 0 1 7 2 1 0 2 3 2 6 2 1 1 0 1 0 2 2 5 1 1 3 1 8
Upper bound: 92
Thread work times 0 0 10 5 1 0 8 1 1 0 1 2 0 0 2 11 1 0 0 1 2 2 10 2 0 2 0 2 2 12 0
Upper bound: 91
Thread work times 15 3 0 15 2 0 1 2 1 2 2 0 1 2 1 2 14 2 13 0 2 0 1 0 3 0 1 13 1 0 0
Upper bound: 90
Thread work times 0 1 0 17 0 2 16 1 2 3 1 0 17 2 1 3 1 1 0 5 3 2 0 0 5 19 0 0 1 18 0
Upper bound: 89
Thread work times 3 24 3 1 0 0 0 2 22 2 2 19 2 4 1 3 3 3 0 1 3 2 1 1 22 1 2 0 0 0 25
Upper bound: 88
Thread work times 30 29 2 1 0 3 3 0 2 3 3 4 1 1 1 0 1 3 28 26 27 2 3 3 1 4 2 1 3 3 3
Upper bound: 87
Thread work times 3 0 6 4 4 6 4 31 4 2 7 10 0 3 0 2 4 3 1 3 1 6 35 6 35 36 34 0 6 3 4
Upper bound: 86
Thread work times 16 11 13 15 15 10 53 15 15 14 51 13 12 20 17 16 11 14 15 14 13 12 52 6 8 13 19 23 14 54 49
Upper bound: 85
Thread work times 99 61 68 131 48 85 130 67 73 84 74 82 71 56 74 85 87 128 70 56 78 44 64 100 44 132 131 82 67 66 78
Upper bound: 84
Thread work times 338 231 335 204 178 169 337 147 152 334 174 242 211 178 190 177 178 155 245 196 337 212 171 203 151 157 197 142 184 184 178
Upper bound: 83
Thread work times 525 1138 406 365 363 351 355 352 339 379 512 358 409 406 383 1140 1139 392 368 345 367 336 486 480 1136 506 375 1137 366 422 411
Upper bound: 82
Thread work times 2951 685 820 2950 951 2944 737 782 838 724 948 848 1047 771 764 1025 751 825 733 915 2950 846 863 957 952 823 2948 774 925 951 786
Upper bound: 81
Thread work times 1872 1952 6483 2107 2110 1871 1492 6480 2106 1506 1526 1722 6481 1524 1718 2111 1480 1955 1868 1816 1952 1526 2104 6483 1684 6479 1509 1541 1953 1532 1546
Upper bound: 80
Thread work times 14633 2819 3815 3726 14633 2911 2804 3815 2835 2886 2991 3026 3129 3697 3699 3510 2885 3511 3695 3512 2844 14633 3700 14625 3195 2825 3817 2938 14631 3816 3019
Upper bound: 79
Thread work times 6743 5160 5240 5509 6538 30313 5754 5257 5061 6810 5130 30313 30311 5289 6747 5251 5095 30315 5123 5096 6806 5257 5074 30313 6819 6819 6400 6751 6068 5107 5230
Upper bound: 78
Thread work times 11273 9504 43713 9142 43715 8734 10674 43715 10673 8934 9143 9537 9949 11708 11712 11714 8932 11276 43717 43716 12333 11327 9141 9052 8672 11710 9317 8696 9184 9053 10675
Solution size 9
(0 -> 300) (6 -> 252) (10 -> 17) (13 -> 135) (21 -> 363) (49 -> 266) (57 -> 134) (79 -> 137) (98 -> 35) 
Nodes:                      452526769
CPU time (ms):              100004
TIMEOUT
