Thread work times 229 227 150 162 176 177 178 179 179 180 181 181 183 186 182 193 187 204 215 196 185 239 193 150 150 227 242 190 196 176 178
Upper bound: 99
Thread work times 358 393 354 354 354 340 355 354 357 354 353 353 357 359 358 355 355 348 364 358 353 353 366 355 353 353 365 344 394 353 350
Upper bound: 98
Thread work times 571 513 526 523 525 530 533 531 533 532 531 534 535 532 530 533 534 536 535 538 531 527 543 548 572 572 551 522 567 557 559
Upper bound: 97
Thread work times 739 690 687 690 724 722 726 714 739 726 728 697 696 717 723 717 699 721 725 726 724 720 715 727 726 740 729 714 725 726 738
Upper bound: 96
Thread work times 909 858 907 901 859 862 865 869 869 902 904 901 904 906 885 895 888 855 877 909 901 907 906 878 899 906 907 908 906 882 883
Upper bound: 95
Thread work times 1074 1072 870 867 893 892 1066 890 881 886 895 898 898 898 897 897 899 901 891 900 904 907 906 904 864 852 897 902 901 1072 1074
Upper bound: 94
Thread work times 908 1302 1302 882 891 889 897 908 911 905 910 899 910 899 911 876 1300 1300 885 908 879 908 879 908 1286 908 910 902 906 915 908
Upper bound: 93
Thread work times 898 1556 1558 1548 892 892 893 877 891 899 885 914 915 908 914 919 917 1559 900 909 906 892 906 1559 907 917 899 912 892 885 916
Upper bound: 92
Thread work times 1807 928 928 928 929 929 929 929 929 1806 905 882 903 929 1804 927 939 924 1805 927 929 917 1803 929 917 887 931 926 922 924 888
Upper bound: 91
Thread work times 2143 938 2129 921 925 927 932 914 939 939 945 2141 943 939 931 945 945 948 942 929 945 945 931 947 946 947 965 917 2141 920 2144
Upper bound: 90
Thread work times 2508 962 970 979 963 976 964 968 987 979 964 985 2500 946 948 2506 972 952 972 970 977 980 973 974 987 980 953 940 1002 2501 2505
Upper bound: 89
Thread work times 1009 1011 1016 1014 1014 1020 993 2915 1000 993 1011 1012 2934 984 1008 1001 992 1025 1012 1007 1012 1000 1010 1048 1016 2933 1015 2930 1004 998 2932
Upper bound: 88
Thread work times 1064 1043 1046 1054 1053 3681 1057 1040 1050 1058 1059 1061 1061 1065 1070 1071 1057 1075 1074 1082 1108 3680 1060 1061 1044 1043 3681 1064 3683 3667 1044
Upper bound: 87
Thread work times 1099 1114 1119 1126 1165 1144 4395 1216 4398 1144 1151 4397 1117 1105 4397 1109 1121 1114 1122 4397 1110 1126 1121 1106 1108 1115 1139 1134 1094 1115 1119
Upper bound: 86
Thread work times 5374 1174 1162 1175 5374 1176 1186 1177 1191 1189 1195 1186 1196 1198 1199 1199 1200 1200 1234 1198 1276 5373 5371 1183 1186 1156 1207 1212 1188 5374 1172
Upper bound: 85
Thread work times 6921 1323 1322 1308 1314 6928 6930 1313 1323 1328 1330 1348 1355 6920 1318 1351 1379 1320 1326 1354 1317 1357 6917 1333 1338 1328 1328 1350 1336 1321 1321
Upper bound: 84
Thread work times 1544 1485 1490 1487 9106 1503 1516 1482 1479 1470 1486 1503 1486 9103 9104 9105 1544 9084 1540 1484 1487 1493 1521 1464 1485 1478 1558 1487 1488 1481 1497
Upper bound: 83
Thread work times 11909 1724 1768 1798 11907 1880 11905 1744 1705 1713 1719 1723 1722 1718 1733 1732 1701 1879 1701 1882 1756 1708 1751 1752 1709 1773 11909 11908 1742 1684 1751
Upper bound: 82
Thread work times 2324 2079 2061 2020 15954 15933 2011 2014 2010 2031 2020 2093 2040 2068 2071 2140 15952 15950 15941 2123 2327 2038 2033 2254 2338 2051 2032 2088 2028 2074 2009
Upper bound: 81
Thread work times 21615 21617 2966 21617 2503 2503 2502 2570 2525 2879 2548 2564 2591 2501 2922 2877 2718 2923 2513 2499 2509 2511 2523 2503 2925 21619 2657 2505 21619 2516 2549
Upper bound: 80
Thread work times 3203 3215 3232 3253 3231 3309 3215 3344 3333 3300 4731 3311 3340 3295 3219 3299 3216 3408 3260 4731 3694 3695 4727 4732 4728 3299 3218 3219 3239 3225 3694
Solution size 7
(0 -> 2784) (15 -> 732) (36 -> 4164) (53 -> 4025) (64 -> 2267) (76 -> 4172) (82 -> 4103) 
Nodes:                      34937129
CPU time (ms):              100172
TIMEOUT
