Thread work times 29 14 15 15 15 16 16 16 16 16 16 16 16 16 17 19 20 20 21 25 25 23 28 29 11 11 11 11 16 21 11
Upper bound: 99
Thread work times 36 19 23 15 15 30 30 30 30 31 31 30 31 31 31 16 22 23 18 31 30 18 15 18 11 0 25 24 16 16 22
Upper bound: 98
Thread work times 50 15 16 16 45 16 45 45 45 45 45 45 45 47 45 47 47 47 47 47 47 39 43 30 31 30 24 32 30 40 30
Upper bound: 97
Thread work times 59 59 38 55 40 47 45 41 28 47 45 30 47 54 32 45 55 54 47 47 19 55 47 47 45 47 45 29 49 57 55
Upper bound: 96
Thread work times 71 47 56 70 63 30 58 46 20 47 45 47 48 32 60 52 30 28 60 67 47 63 30 52 48 41 32 40 51 40 28
Upper bound: 95
Thread work times 46 77 59 48 47 60 60 63 70 62 57 64 57 47 60 57 63 63 55 52 65 63 45 46 55 54 60 66 65 57 60
Upper bound: 94
Thread work times 30 46 85 40 51 44 59 41 53 47 41 60 30 45 45 58 47 61 37 48 60 63 64 60 51 41 45 84 47 60 61
Upper bound: 93
Thread work times 108 95 66 106 97 58 58 45 58 72 70 70 70 63 60 70 63 63 73 61 71 74 74 77 60 73 97 73 58 63 74
Upper bound: 92
Thread work times 114 111 113 55 57 55 47 47 55 57 44 45 55 52 55 58 60 65 56 60 48 57 63 45 66 63 45 113 46 61 55
Upper bound: 91
Thread work times 63 134 122 119 60 60 60 63 51 61 45 63 63 60 64 58 54 53 55 48 60 48 110 60 70 43 64 56 68 71 60
Upper bound: 90
Thread work times 48 38 47 53 58 128 38 52 32 57 32 60 60 40 48 60 60 38 28 32 145 68 45 63 70 63 146 69 45 42 68
Upper bound: 89
Thread work times 163 152 63 60 63 62 60 53 58 68 63 73 45 62 60 55 60 63 70 61 63 68 163 60 53 60 73 63 60 63 73
Upper bound: 88
Thread work times 36 45 54 158 62 59 60 63 60 63 59 59 40 55 44 47 63 47 175 45 176 55 45 63 64 45 47 60 51 175 38
Upper bound: 87
Thread work times 60 171 41 56 46 57 57 64 64 67 48 46 53 67 53 69 64 56 70 60 63 71 70 75 56 183 73 180 70 64 58
Upper bound: 86
Thread work times 208 63 207 48 64 71 71 60 60 60 73 75 75 75 75 75 79 79 208 75 75 64 71 58 80 73 72 79 64 79 79
Upper bound: 85
Thread work times 218 48 79 79 75 214 216 49 58 60 64 56 62 60 70 73 63 63 60 73 79 78 75 213 52 75 75 63 60 58 45
Upper bound: 84
Thread work times 236 52 59 59 64 233 224 57 49 235 62 60 60 63 48 61 55 64 63 67 40 67 55 47 48 46 59 63 59 57 60
Upper bound: 83
Thread work times 75 63 74 60 249 248 64 47 63 68 71 73 63 61 71 63 63 71 64 64 70 75 70 75 79 75 79 79 79 255 49
Upper bound: 82
Thread work times 282 72 75 67 76 269 56 272 62 50 61 61 72 63 75 43 63 57 45 79 79 76 75 63 54 44 44 64 67 79 78
Upper bound: 81
Thread work times 74 73 81 57 313 62 61 64 75 78 79 75 77 77 79 77 77 77 77 80 80 80 80 80 299 80 74 76 80 313 314
Upper bound: 80
Thread work times 344 343 79 79 77 79 77 77 78 79 66 64 67 76 75 334 77 80 76 79 79 79 77 77 78 69 64 61 83 62 77
Upper bound: 79
Thread work times 81 77 419 80 80 80 69 81 79 80 81 80 77 81 81 80 81 80 80 78 67 415 71 80 80 73 77 80 419 419 81
Upper bound: 78
Thread work times 88 89 87 72 89 523 87 88 88 88 89 82 88 79 86 89 522 87 78 82 88 87 523 88 88 88 523 87 88 77 78
Upper bound: 77
Thread work times 695 98 98 99 98 98 695 98 694 693 97 93 97 98 97 98 97 97 95 98 98 99 98 97 97 98 98 98 98 98 99
Upper bound: 76
Thread work times 104 110 92 112 111 111 111 110 947 90 106 106 955 954 111 112 91 105 103 106 957 104 111 108 99 101 110 98 110 111 956
Upper bound: 75
Thread work times 1329 125 1328 1327 120 125 124 125 125 125 124 125 125 125 125 125 123 121 124 125 124 121 125 124 119 125 119 1330 125 124 125
Upper bound: 74
Thread work times 1802 144 145 144 144 143 144 145 145 144 145 144 144 146 145 145 145 146 1801 147 143 145 145 144 145 145 142 145 145 144 144
Upper bound: 73
Thread work times 2516 171 168 166 170 167 2515 170 2514 170 171 170 170 171 170 170 171 170 170 171 170 171 170 167 171 170 169 170 171 170 170
Upper bound: 72
Thread work times 198 3380 202 196 201 194 200 201 201 198 200 201 200 200 202 202 194 200 199 201 200 201 201 193 3382 200 197 200 201 200 3382
Upper bound: 71
Thread work times 33951 3099 33947 3100 3102 3103 3104 3105 3108 3111 3110 3108 3108 3113 3113 3117 33950 3101 33948 3102 3093 3115 33945 3103 3105 3108 3109 3105 3106 3098 3118
Upper bound: 70
Thread work times 51047 51044 8759 8758 8761 8769 8771 8776 8772 8779 8778 8776 8790 8788 8783 8751 8783 8759 8764 8771 8774 8785 8781 8774 8762 8773 8783 51049 8761 51043 8775
Solution size 6
(9 -> 1086) (21 -> 911) (49 -> 284) (73 -> 296) (79 -> 188) (93 -> 285) 
Nodes:                      57863087
CPU time (ms):              100009
TIMEOUT
