Thread work times 248 151 168 178 161 179 179 181 182 182 184 182 189 179 191 190 193 197 186 239 191 224 145 222 242 139 207 243 138 184 211
Upper bound: 120
Thread work times 346 357 375 376 363 354 358 355 358 354 358 358 358 356 356 357 357 357 353 361 357 359 357 364 351 368 377 366 350 350 380
Upper bound: 119
Thread work times 525 543 518 537 539 537 539 540 538 540 540 541 526 540 541 536 550 519 547 532 557 540 542 560 542 565 566 542 540 565 561
Upper bound: 118
Thread work times 741 741 731 811 747 745 743 747 746 745 748 746 738 746 790 745 809 740 813 808 733 725 750 747 768 739 726 730 803 745 764
Upper bound: 117
Thread work times 900 890 977 916 926 927 923 979 899 920 929 929 930 930 915 932 931 976 932 954 927 934 913 923 889 891 956 977 914 979 924
Upper bound: 116
Thread work times 1160 921 929 919 931 932 936 1147 944 943 936 917 943 927 953 947 946 919 920 920 936 1158 937 1156 919 1160 925 945 932 939 918
Upper bound: 115
Thread work times 946 968 970 971 969 974 975 984 1008 1486 1487 969 950 969 972 972 960 959 1486 961 968 968 965 971 957 961 1487 954 969 966 1484
Upper bound: 114
Thread work times 2000 1008 985 1028 2013 997 1012 1017 1018 1010 2011 1001 1000 1006 1001 1007 996 1012 994 1013 2009 994 1009 983 1007 991 2012 1011 1013 1004 994
Upper bound: 113
Thread work times 1052 1047 1038 1050 1052 1032 1030 1039 1042 1044 1048 1050 1058 1050 1059 1056 1059 1090 1102 1118 2628 1029 1033 1059 1051 2624 2621 2629 1046 2623 1057
Upper bound: 112
Thread work times 3634 1123 1126 1126 1129 1135 1127 1155 3634 3629 1119 1122 3630 1114 3623 1115 1123 1114 1124 1126 1124 1116 1113 1125 1113 1121 1126 1133 1121 1136 1176
Upper bound: 111
Thread work times 5089 1219 1226 1231 1225 1224 1211 1225 1224 1225 1222 1227 1227 1228 1222 1235 5088 1234 5085 1222 1220 5088 1221 5089 1222 1228 1210 1224 1227 1234 1214
Upper bound: 110
Thread work times 7369 7368 1354 1338 1356 1357 1341 7368 1347 1353 1354 1351 1356 1357 1337 1346 1360 1367 1448 7366 1349 1341 1357 1365 7366 1369 1342 1345 1347 1357 1354
Upper bound: 109
Thread work times 1537 1539 1539 1527 1540 1539 1553 11302 1563 11303 1519 11290 1616 1520 1523 1530 1533 1536 1536 11297 1537 1530 1539 1539 1539 1541 1546 11302 1518 1540 1514
Upper bound: 108
Thread work times 8330 202 202 202 202 192 202 202 203 203 203 195 203 204 192 212 202 202 202 195 202 202 202 200 203 202 193 202 201 201 202
Solution size 108
(0 -> 695) (1 -> 881) (2 -> 4818) (3 -> 2020) (4 -> 4249) (5 -> 383) (6 -> 972) (7 -> 1113) (10 -> 653) (11 -> 149) (12 -> 3354) (13 -> 2304) (14 -> 2460) (15 -> 5651) (16 -> 4355) (17 -> 34) (18 -> 1300) (22 -> 1395) (23 -> 3228) (24 -> 5628) (25 -> 748) (26 -> 3946) (27 -> 5913) (28 -> 1) (29 -> 5150) (30 -> 1337) (33 -> 1182) (34 -> 2866) (35 -> 3167) (36 -> 853) (37 -> 1444) (38 -> 857) (39 -> 1590) (40 -> 4103) (41 -> 6119) (42 -> 973) (44 -> 1275) (45 -> 3689) (46 -> 712) (47 -> 720) (48 -> 3179) (49 -> 269) (50 -> 1619) (51 -> 1773) (52 -> 130) (53 -> 595) (54 -> 975) (55 -> 767) (56 -> 1340) (57 -> 2282) (58 -> 5351) (59 -> 29) (60 -> 1984) (61 -> 2634) (62 -> 2996) (63 -> 4582) (64 -> 6426) (65 -> 2784) (66 -> 1382) (67 -> 670) (68 -> 1549) (69 -> 4798) (70 -> 4964) (71 -> 273) (72 -> 1352) (73 -> 1692) (74 -> 3259) (75 -> 3651) (76 -> 4330) (77 -> 977) (78 -> 895) (79 -> 705) (80 -> 847) (81 -> 4211) (82 -> 6235) (83 -> 16) (84 -> 243) (85 -> 508) (86 -> 1193) (87 -> 1537) (88 -> 974) (89 -> 1114) (90 -> 707) (91 -> 1304) (92 -> 891) (93 -> 1658) (94 -> 1796) (95 -> 2134) (96 -> 2296) (97 -> 2929) (98 -> 3417) (101 -> 1381) (102 -> 981) (103 -> 893) (104 -> 1116) (105 -> 3669) (106 -> 4793) (107 -> 4876) (108 -> 4995) (109 -> 1002) (113 -> 1515) (114 -> 600) (115 -> 1156) (116 -> 1305) (117 -> 1317) (118 -> 2192) (119 -> 2200) (120 -> 2211) 
Nodes:                      10828699
CPU time (ms):              46269
