Thread work times 0 0 0 0 0 0 0 1 0 0 1 0 0 0 1 0 0 0 0 1 0 0 0 1 0 0 0 0 0 0 0
Upper bound: 9
Thread work times 1 1 3 1 1 1 1 1 0 1 1 1 0 1 0 0 1 1 1 2 1 1 1 1 1 0 1 1 1 2 0
Upper bound: 8
Thread work times 4 4 3 3 4 4 3 3 3 4 4 3 4 4 4 3 4 4 4 4 3 2 2 4 4 3 6 4 3 4 3
Upper bound: 7
Thread work times 11 7 8 5 8 9 8 7 8 8 8 6 7 8 11 8 7 8 8 8 9 7 7 10 8 7 8 7 8 8 8
Upper bound: 6
Thread work times 12 10 8 10 8 8 7 8 7 9 9 8 9 8 10 9 8 11 10 8 8 9 8 8 9 8 7 8 8 8 10
Upper bound: 5
Thread work times 14 12 10 10 10 8 14 9 10 11 10 10 10 10 9 12 11 9 10 10 10 11 8 11 9 11 10 9 12 10 9
Upper bound: 4
Thread work times 11 16 9 11 12 12 11 11 10 10 10 11 11 10 11 12 12 12 12 13 14 12 10 12 11 10 11 12 11 11 12
Upper bound: 3
Thread work times 17 15 12 12 10 12 13 12 15 13 13 11 12 15 12 9 12 14 11 11 11 13 12 12 12 13 11 12 12 12 18
Upper bound: 2
Thread work times 0 0 0 0 0 0 0 0 0 0 0 0 0 0 0 0 0 0 0 0 0 0 0 0 0 0 0 0 0 0 0
Solution size 2
(0 -> 202) (1 -> 98) 
Nodes:                      259469
CPU time (ms):              96
