Thread work times 0 0 0 0 0 0 0 0 0 0 0 0 0 0 0 0 0 0 0 0 0 0 0 0 0 0 0 0 0 0 0
Upper bound: 9
Thread work times 0 0 0 0 0 0 0 0 0 0 0 0 0 0 0 0 0 0 0 0 0 0 0 0 0 0 0 0 0 0 0
Upper bound: 8
Thread work times 1 0 0 0 0 0 0 0 0 0 1 0 0 0 0 1 0 0 0 0 1 0 0 0 1 0 0 0 1 0 1
Upper bound: 7
Thread work times 1 0 1 0 0 0 0 0 1 0 0 1 1 1 1 1 0 0 0 1 0 2 0 0 0 0 0 0 0 1 0
Upper bound: 6
Thread work times 1 0 2 1 1 0 0 0 1 0 1 0 0 0 0 0 0 1 1 1 1 0 1 1 1 0 0 1 0 0 0
Upper bound: 5
Thread work times 0 2 1 0 0 2 2 1 0 1 1 0 1 0 0 0 1 0 0 1 0 0 1 1 0 1 0 0 2 0 2
Upper bound: 4
Thread work times 2 0 0 1 0 0 0 1 2 0 0 0 0 0 0 0 1 1 1 0 1 2 0 1 0 1 1 0 1 0 0
Upper bound: 3
Thread work times 1 2 1 1 1 4 1 2 0 3 1 1 2 1 2 0 1 2 1 2 2 4 1 2 1 2 1 1 2 0 2
Upper bound: 2
Thread work times 0 0 0 0 0 0 0 0 0 0 0 0 0 0 0 0 0 0 0 0 0 0 0 0 0 0 0 0 0 0 0
Solution size 2
(0 -> 84) (1 -> 80) 
Nodes:                      19102
CPU time (ms):              28
