Thread work times 0 0 0 0 0 0 0 0 0 0 0 0 0 1 1 3 3 3 3 3 3 0 3 0 3 3 3 3 0 0 1
Upper bound: 120
Thread work times 1 0 0 0 0 0 0 0 0 0 0 0 0 0 0 0 0 0 0 0 0 0 0 0 0 0 0 0 0 0 0
Upper bound: 119
Thread work times 1 0 0 0 0 0 0 1 0 0 0 0 0 0 0 0 0 0 0 0 0 0 0 0 0 0 0 0 0 0 0
Upper bound: 118
Thread work times 1 0 1 0 0 0 0 0 0 0 0 0 0 0 0 0 0 0 0 0 0 0 0 0 0 0 0 0 0 0 0
Upper bound: 117
Thread work times 1 0 0 0 1 0 0 0 0 0 0 0 0 0 0 0 0 0 0 0 0 0 0 0 0 0 0 0 0 0 2
Upper bound: 116
Thread work times 0 0 0 0 0 0 0 0 0 2 0 0 1 0 0 0 2 0 0 0 0 0 0 0 0 1 0 0 0 0 0
Upper bound: 115
Thread work times 3 0 0 2 0 0 0 0 2 0 0 0 0 0 0 0 0 0 0 2 0 0 0 0 0 1 0 0 0 0 0
Upper bound: 114
Thread work times 0 0 0 0 0 0 0 3 0 0 0 0 0 0 0 4 3 0 0 0 2 0 0 0 0 0 0 3 0 0 0
Upper bound: 113
Thread work times 5 0 0 0 0 3 0 0 0 0 0 0 0 0 0 0 3 4 0 0 0 0 0 0 1 0 0 0 4 0 0
Upper bound: 112
Thread work times 6 0 0 0 0 0 0 0 0 0 0 0 5 0 0 0 5 0 0 0 0 0 1 0 0 0 0 0 4 0 5
Upper bound: 111
Thread work times 7 0 0 0 0 1 0 0 0 0 0 1 0 0 7 1 0 0 0 6 0 0 5 0 0 0 0 0 1 0 7
Upper bound: 110
Thread work times 9 0 1 0 0 0 7 0 0 0 0 1 0 0 0 0 8 0 7 0 0 1 0 0 1 8 0 0 0 0 0
Upper bound: 109
Thread work times 1 8 0 0 0 1 0 0 1 0 0 0 0 9 1 1 1 0 9 9 10 0 1 0 0 0 0 0 0 1 0
Upper bound: 108
Thread work times 13 0 0 0 1 0 0 0 0 1 0 0 1 0 0 0 0 1 10 1 0 0 0 0 1 1 1 11 12 10 0
Upper bound: 107
Thread work times 15 1 0 0 0 0 0 0 0 1 0 0 14 0 0 0 1 15 13 1 14 1 1 0 0 0 0 0 0 1 1
Upper bound: 106
Thread work times 25 1 0 0 0 0 24 2 0 0 0 23 24 3 25 0 0 0 0 0 2 0 2 0 0 0 0 0 0 1 0
Upper bound: 105
Thread work times 36 33 4 1 0 0 0 35 0 2 2 0 5 35 1 0 2 3 0 0 0 0 0 3 2 34 4 1 2 0 3
Upper bound: 104
Thread work times 0 3 2 0 2 0 0 2 3 45 43 3 0 46 3 3 4 0 1 0 45 2 0 1 1 0 0 0 4 46 2
Upper bound: 103
Thread work times 58 1 3 60 59 3 4 0 4 0 4 0 0 1 3 2 1 0 0 3 3 3 3 0 0 4 5 59 4 6 60
Upper bound: 102
Thread work times 81 78 11 0 6 0 0 3 4 80 4 0 0 0 0 80 79 0 5 0 5 3 2 8 0 8 0 3 4 0 5
Upper bound: 101
Thread work times 123 123 4 0 4 0 0 0 7 0 0 8 0 120 122 122 3 0 0 0 4 8 9 0 0 4 2 10 4 5 13
Upper bound: 100
Thread work times 193 4 192 3 190 2 11 3 17 10 10 5 8 192 7 5 5 10 13 9 9 191 0 20 19 3 3 3 2 5 3
Upper bound: 99
Thread work times 15 24 14 26 10 7 12 8 24 10 14 17 4 11 14 258 6 255 12 258 257 27 7 8 7 13 11 19 11 256 13
Upper bound: 98
Thread work times 15 389 12 3 6 22 3 12 31 41 12 16 386 385 16 21 21 8 24 6 23 19 7 21 17 16 387 12 388 10 26
Upper bound: 97
Thread work times 19 44 13 561 8 33 24 11 47 20 25 20 29 19 562 40 30 561 27 560 37 43 13 0 27 18 22 31 23 26 563
Upper bound: 96
Thread work times 846 56 843 37 38 19 60 27 31 25 29 41 21 842 35 30 38 34 60 20 27 845 23 24 20 61 28 24 36 29 845
Upper bound: 95
Thread work times 35 29 42 55 76 1136 32 32 84 50 38 83 44 40 48 50 1137 50 53 20 57 1135 30 29 24 1137 23 22 1135 86 35
Upper bound: 94
Thread work times 59 77 54 1652 58 1652 89 55 64 70 47 72 40 56 61 108 92 39 61 35 1654 57 114 54 39 54 78 1653 1650 35 56
Upper bound: 93
Thread work times 68 68 61 76 162 80 70 2503 79 84 75 80 2502 134 2500 2501 66 69 66 120 50 63 69 54 83 2503 153 50 81 63 60
Upper bound: 92
Thread work times 201 64 123 3642 75 204 104 99 104 97 99 118 3641 217 135 143 101 86 81 3641 125 120 104 3640 119 93 119 109 210 92 3642
Upper bound: 91
Thread work times 91 5203 5204 256 117 178 159 136 145 132 173 147 293 122 303 159 105 90 123 77 5201 182 132 198 173 5205 176 5202 133 295 124
Upper bound: 90
Thread work times 199 164 254 271 181 203 288 235 229 7709 176 7705 235 337 243 186 178 7707 260 195 333 166 218 272 266 183 140 215 208 7707 7710
Upper bound: 89
Thread work times 11002 11000 242 11001 256 278 273 208 216 346 11001 219 362 276 524 201 273 212 237 525 194 246 214 362 475 10999 212 269 517 238 280
Upper bound: 88
Thread work times 435 407 248 331 15689 296 500 312 434 574 15691 438 426 383 447 227 284 236 379 15691 283 15694 327 258 431 425 343 15693 572 458 379
Upper bound: 87
Thread work times 22387 453 638 575 444 409 573 22381 418 824 448 502 352 444 415 499 641 821 888 441 390 450 341 22386 22387 816 638 22385 577 381 435
Upper bound: 86
Thread work times 443 647 446 1173 808 676 26259 679 567 421 564 692 1046 434 421 562 26259 403 605 694 659 539 408 26258 1152 510 26257 458 26257 1160 697
Solution size 6
(2 -> 0) (32 -> 2) (34 -> 43) (52 -> 19) (88 -> 5) (114 -> 11) 
Nodes:                      124584956
CPU time (ms):              100002
TIMEOUT
