Thread work times 26 26 27 25 25 25 26 26 25 26 26 25 26 25 26 25 26 26 26 26 26 26 26 26 26 26 26 27 26 26 26
Upper bound: 120
Thread work times 56 62 58 58 58 59 50 59 58 54 58 59 62 62 59 59 61 62 50 61 62 59 61 61 58 58 62 58 59 58 59
Upper bound: 119
Thread work times 129 113 116 130 129 126 129 126 120 109 128 129 129 130 129 129 130 130 129 108 126 115 130 130 119 129 119 114 120 128 114
Upper bound: 118
Thread work times 213 210 201 209 210 199 209 210 213 210 190 196 210 209 212 196 208 210 210 211 209 192 210 206 209 201 192 208 209 190 210
Upper bound: 117
Thread work times 324 321 325 321 302 322 322 311 319 322 317 321 323 319 322 315 318 321 308 321 322 312 320 312 322 302 320 322 315 323 322
Upper bound: 116
Thread work times 439 798 795 797 425 442 444 445 441 427 426 791 430 441 444 437 438 433 441 429 412 438 445 444 437 443 428 429 445 445 783
Upper bound: 115
Thread work times 563 573 568 573 574 571 574 1651 573 572 545 1653 574 571 575 1641 570 1645 571 574 575 566 575 557 568 566 570 1652 574 573 573
Upper bound: 114
Thread work times 723 729 2889 730 730 715 730 729 730 731 718 729 725 710 724 713 2892 729 717 730 715 2899 2898 2873 721 730 727 729 724 725 729
Upper bound: 113
Thread work times 907 907 907 908 4606 907 906 908 907 893 4604 909 898 897 910 907 909 905 4604 906 4606 905 4604 907 906 908 908 907 907 901 907
Upper bound: 112
Thread work times 6931 1097 6929 1105 1104 1090 1103 6927 1104 1103 1104 1091 1106 1105 1107 1104 1106 1105 1104 1077 6929 1078 1102 1104 1103 1091 1101 1105 1093 1106 1089
Upper bound: 111
Thread work times 1321 1319 1318 1321 9915 1319 1321 1323 1323 1317 1308 9917 1322 9906 1321 1320 1320 1322 1318 1319 1320 1320 9917 9908 1322 1321 1321 1320 1320 1321 1321
Upper bound: 110
Thread work times 1597 1605 13502 13523 13514 1607 1608 1608 1606 1609 1610 1609 1609 1610 1608 1607 13517 1606 1608 1596 1609 1611 1609 13522 1608 1608 1609 1612 1609 1611 1608
Upper bound: 109
Thread work times 18372 18358 1918 1919 1918 1919 1921 1920 1916 1916 1910 1923 1920 1921 1921 18374 18371 1918 1918 1920 1919 1920 1920 18372 1916 1918 1917 1914 1921 1922 1915
Upper bound: 108
Thread work times 2277 2277 24131 2283 2276 2280 2279 2282 2281 2281 2281 2283 2281 2279 2282 24129 24132 24130 2280 2278 2281 2270 2281 24131 2281 2276 2281 2282 2262 2282 2279
Upper bound: 107
Thread work times 2697 2697 2696 16345 2700 2687 2698 2673 16367 2699 2698 2673 2699 2700 2702 2700 2698 2688 2698 16364 2686 2684 2685 2685 2698 16374 2697 2700 2701 2698 2674
Solution size 3
(0 -> 432) (1 -> 453) (3 -> 74) 
Nodes:                      193142258
CPU time (ms):              100003
TIMEOUT
