Thread work times 5 5 5 8 8 8 8 8 8 8 8 8 8 8 8 8 8 8 10 11 13 11 13 14 5 13 5 13 7 8 9
Upper bound: 120
Thread work times 21 8 15 11 16 13 8 8 13 0 8 8 15 8 16 16 16 16 16 7 5 5 5 5 5 5 5 5 8 8 8
Upper bound: 119
Thread work times 24 24 8 8 18 15 23 24 24 24 16 24 22 24 24 24 24 24 24 24 24 16 24 24 24 24 23 15 8 24 24
Upper bound: 118
Thread work times 10 10 24 24 24 24 13 13 13 8 20 24 24 13 24 8 13 28 24 8 5 10 24 8 24 24 13 18 30 14 15
Upper bound: 117
Thread work times 48 25 32 38 40 37 47 0 24 28 45 25 18 26 25 15 40 15 44 23 41 42 41 43 26 28 45 47 22 30 36
Upper bound: 116
Thread work times 31 27 24 33 23 30 28 37 29 29 18 24 29 24 31 30 32 32 32 32 29 29 34 29 28 24 24 24 34 29 38
Upper bound: 115
Thread work times 49 43 39 48 32 40 26 31 16 24 32 24 37 37 24 37 37 32 42 40 43 32 32 40 32 32 33 39 27 32 40
Upper bound: 114
Thread work times 40 29 46 22 29 24 24 24 29 24 26 30 27 32 30 29 24 30 16 39 33 29 24 16 51 29 31 20 15 30 52
Upper bound: 113
Thread work times 24 24 29 57 29 56 62 31 32 52 31 53 32 31 32 32 32 21 26 30 26 32 36 8 32 29 24 16 32 37 24
Upper bound: 112
Thread work times 73 37 39 67 32 40 35 30 39 66 32 29 37 37 37 24 40 40 40 40 24 39 39 39 40 71 32 39 32 39 39
Upper bound: 111
Thread work times 34 24 24 24 24 29 32 32 32 32 32 32 31 32 25 27 21 16 29 29 29 24 24 68 67 27 33 74 23 67 24
Upper bound: 110
Thread work times 82 30 31 24 77 24 12 76 31 28 30 32 32 31 30 24 24 29 29 22 34 24 30 29 32 29 32 29 23 24 24
Upper bound: 109
Thread work times 99 88 40 37 32 24 32 35 37 32 37 32 40 32 32 32 37 32 32 37 40 32 40 40 90 37 40 37 37 32 35
Upper bound: 108
Thread work times 107 32 32 106 16 16 24 34 16 24 32 32 32 88 32 32 26 32 38 36 36 36 32 36 106 34 36 105 31 36 20
Upper bound: 107
Thread work times 106 37 32 32 37 37 31 32 32 32 37 33 22 38 32 40 39 39 40 37 31 40 37 27 34 40 40 40 33 40 39
Upper bound: 106
Thread work times 112 32 32 24 31 34 29 32 24 37 32 32 32 34 34 29 32 32 32 32 40 37 37 39 40 40 40 39 36 117 113
Upper bound: 105
Thread work times 22 112 24 32 8 32 110 31 32 31 32 26 16 29 30 31 24 29 10 30 111 24 26 32 25 24 32 19 29 29 32
Upper bound: 104
Thread work times 126 32 31 32 118 24 24 119 24 32 32 32 31 32 32 32 32 28 29 24 29 29 36 32 24 24 21 120 29 29 29
Upper bound: 103
Thread work times 132 32 31 31 32 32 32 31 14 26 31 32 30 22 33 35 35 29 34 31 36 32 32 32 127 32 31 36 24 32 35
Upper bound: 102
Thread work times 23 27 32 36 36 32 138 32 32 32 32 29 32 31 30 29 36 36 32 32 36 145 36 32 24 24 144 31 32 32 36
Upper bound: 101
Thread work times 28 149 39 31 20 148 32 32 36 32 18 32 37 37 32 32 32 18 18 40 40 40 40 38 37 39 16 39 150 32 39
Upper bound: 100
Thread work times 156 161 24 32 157 32 31 32 23 32 32 37 32 34 32 32 37 33 32 29 31 28 23 32 37 31 32 32 36 32 32
Upper bound: 99
Thread work times 160 20 21 29 32 15 29 27 24 26 21 29 16 29 16 24 29 29 26 23 23 26 26 36 34 28 23 40 39 163 164
Upper bound: 98
Thread work times 174 172 173 12 31 31 31 32 32 31 32 27 30 30 34 30 29 32 37 32 32 32 37 36 37 37 37 37 32 32 32
Upper bound: 97
Thread work times 175 168 29 24 16 32 16 32 169 156 25 32 25 30 32 25 24 32 30 173 32 14 34 24 30 32 29 32 24 34 30
Upper bound: 96
Thread work times 189 181 24 22 24 24 29 24 24 16 23 31 30 30 31 32 32 31 16 26 30 30 24 29 22 175 31 32 182 28 31
Upper bound: 95
Thread work times 201 37 32 40 197 180 32 32 37 34 32 34 40 32 40 40 40 40 32 32 40 40 32 196 37 39 32 40 200 39 40
Upper bound: 94
Thread work times 20 208 17 208 39 25 23 23 24 16 28 31 37 32 23 37 25 36 31 39 198 40 29 36 32 39 195 32 40 39 16
Upper bound: 93
Thread work times 27 205 213 214 207 24 29 21 32 37 33 37 27 32 32 28 37 33 32 28 32 32 32 32 37 30 39 40 39 39 214
Upper bound: 92
Thread work times 214 213 32 32 32 32 32 32 31 32 24 23 33 35 24 21 35 37 37 37 36 29 32 31 32 32 37 37 37 34 214
Upper bound: 91
Thread work times 229 32 32 229 26 32 218 225 31 32 25 28 32 32 16 21 28 24 21 21 35 35 37 32 32 37 31 37 29 31 34
Upper bound: 90
Thread work times 225 220 205 29 24 30 26 32 32 32 31 31 14 30 27 14 31 31 34 32 32 30 222 30 211 26 32 28 16 24 25
Upper bound: 89
Thread work times 32 26 225 32 235 32 24 15 32 16 224 30 13 24 8 29 32 30 32 16 32 28 37 36 37 32 20 231 32 32 25
Upper bound: 88
Thread work times 37 31 258 39 28 31 32 32 31 37 29 32 24 37 36 40 31 40 40 39 251 34 31 34 259 39 37 31 39 252 40
Upper bound: 87
Thread work times 256 16 39 39 39 40 255 40 253 249 32 19 16 29 32 24 35 28 32 37 34 24 36 40 34 40 40 39 39 34 31
Upper bound: 86
Thread work times 27 32 251 24 8 21 21 240 23 26 20 5 23 8 32 26 27 16 244 20 252 31 24 24 32 22 29 31 16 29 15
Upper bound: 85
Thread work times 26 266 32 26 268 30 22 24 267 24 29 24 24 30 30 25 32 32 32 24 25 31 29 15 24 29 269 15 24 25 31
Upper bound: 84
Thread work times 36 11 32 32 29 32 24 32 32 32 26 31 26 31 26 24 28 29 16 30 23 280 24 32 32 263 32 29 279 32 29
Upper bound: 83
Thread work times 31 276 31 31 8 18 18 31 32 263 32 15 31 31 32 32 32 15 275 24 24 24 13 262 32 24 257 31 24 24 30
Upper bound: 82
Thread work times 300 25 34 32 32 294 24 32 24 24 29 32 29 32 32 32 24 14 34 23 18 300 29 24 14 28 29 34 32 25 293
Upper bound: 81
Thread work times 294 32 32 293 30 31 23 32 286 32 32 32 32 23 32 22 30 24 23 29 36 13 282 24 27 32 29 21 29 29 16
Upper bound: 80
Thread work times 23 40 22 35 31 20 37 40 36 38 37 32 39 32 26 16 15 32 16 33 20 32 22 16 38 32 37 20 39 39 22
Upper bound: 79
Thread work times 307 32 37 32 299 32 306 32 32 305 24 32 27 28 32 33 32 29 36 16 32 32 32 37 37 23 32 32 34 32 31
Upper bound: 78
Thread work times 32 32 22 16 30 321 33 37 32 32 37 32 37 32 37 32 32 37 32 40 40 32 32 32 32 320 37 39 315 39 24
Upper bound: 77
Thread work times 32 317 27 301 24 24 24 24 24 24 32 24 32 32 32 31 31 32 26 22 24 29 29 34 34 26 34 24 22 24 319
Upper bound: 76
Thread work times 341 341 32 32 32 32 32 32 16 32 29 29 29 32 37 34 37 37 37 32 24 32 32 37 37 32 31 37 40 40 342
Upper bound: 75
Thread work times 29 32 26 24 26 24 26 15 30 16 28 32 29 32 331 32 25 31 34 28 32 330 14 30 32 30 30 331 26 16 31
Upper bound: 74
Thread work times 348 28 37 32 336 21 39 24 24 32 32 29 23 37 39 34 32 345 40 30 30 40 34 29 23 39 40 34 40 346 32
Upper bound: 73
Thread work times 362 29 34 358 29 29 359 32 29 32 29 29 32 31 32 32 32 32 29 31 32 31 36 32 32 37 37 356 349 37 36
Upper bound: 72
Thread work times 32 32 32 32 32 32 32 333 342 32 32 16 32 24 24 29 37 32 37 32 32 36 36 32 29 37 36 36 32 32 348
Upper bound: 71
Thread work times 362 24 350 349 13 353 24 21 24 22 23 16 14 34 17 29 24 32 25 29 20 23 33 356 32 24 32 18 20 29 31
Upper bound: 70
Thread work times 375 32 28 32 32 32 36 15 37 36 32 37 37 37 36 374 37 26 23 8 22 369 28 27 32 29 20 32 30 32 354
Upper bound: 69
Thread work times 379 374 32 16 32 32 24 31 31 31 34 32 32 31 31 32 21 28 18 26 32 32 28 36 31 31 373 24 33 32 32
Upper bound: 68
Thread work times 1063 1058 24 24 29 29 32 31 32 32 16 31 1057 32 29 29 35 1060 24 24 32 24 32 27 23 13 32 31 32 29 1061
Upper bound: 67
Thread work times 32 23 37 32 32 3341 32 16 32 32 8 27 24 24 8 37 17 37 38 16 20 37 15 23 3353 37 16 8 27 32 37
Upper bound: 66
Thread work times 8048 8054 29 32 32 16 32 32 32 33 20 14 28 32 29 16 26 24 24 37 37 37 29 32 32 32 32 32 30 37 15
Upper bound: 65
Thread work times 15695 24 35 33 15693 32 24 39 24 15694 15694 36 33 33 34 18 40 40 40 39 37 33 15682 35 39 40 33 26 40 39 39
Upper bound: 64
Thread work times 28889 32 34 28882 29 32 32 32 37 24 33 40 40 39 40 39 39 28882 28887 27 34 32 38 39 31 28 32 28 32 40 16
Upper bound: 63
Thread work times 343 343 344 345 343 344 343 345 343 343 344 344 344 344 343 32459 32459 342 344 343 343 344 342 345 344 32455 344 32456 32458 343 345
Solution size 3
(8 -> 0) (10 -> 1) (21 -> 2) 
Nodes:                      64452474
CPU time (ms):              100007
TIMEOUT
