Thread work times 0 0 0 0 0 0 0 0 0 0 0 0 0 0 0 0 0 0 0 0 0 0 0 0 0 0 0 0 0 0 0
Upper bound: 127
Thread work times 0 0 0 0 0 0 0 0 0 0 0 0 0 0 0 0 0 0 0 0 0 0 0 0 0 0 0 0 0 0 0
Upper bound: 126
Thread work times 0 0 0 0 0 0 0 0 0 0 0 0 0 0 0 0 0 0 0 0 0 0 0 0 0 0 0 0 0 0 0
Upper bound: 125
Thread work times 0 0 0 0 0 0 0 0 0 0 0 0 0 0 0 0 0 0 0 0 0 0 0 0 0 0 0 0 0 0 0
Upper bound: 124
Thread work times 0 0 0 0 0 0 0 0 0 0 0 0 0 0 0 0 0 0 0 0 0 0 0 0 0 0 0 0 0 0 0
Upper bound: 123
Thread work times 0 0 0 0 0 0 0 0 0 0 0 0 0 0 0 0 0 0 0 0 0 0 0 0 0 0 0 0 0 0 0
Upper bound: 122
Thread work times 0 0 0 0 0 0 0 0 0 0 0 0 0 0 0 0 0 0 0 0 0 0 0 0 0 0 0 0 0 0 0
Upper bound: 121
Thread work times 0 0 0 0 0 0 0 0 0 0 0 0 0 0 0 0 0 0 0 0 0 0 0 0 0 0 0 0 0 0 0
Upper bound: 120
Thread work times 0 0 0 0 0 0 0 0 0 0 0 0 0 0 0 0 0 0 0 0 0 0 0 0 0 0 0 0 0 0 0
Upper bound: 119
Thread work times 2 2 2 2 4 2 3 2 2 2 2 2 2 2 1 4 1 1 3 2 3 2 3 1 2 3 2 2 6 2 1
Upper bound: 118
Thread work times 3 1 3 6 2 4 2 5 3 2 2 3 2 2 2 3 4 2 3 2 1 3 1 5 6 2 3 2 2 1 0
Upper bound: 117
Thread work times 6 12 5 2 9 3 3 10 4 11 5 3 6 3 3 5 7 3 7 6 4 4 4 4 2 3 3 6 4 3 6
Upper bound: 116
Thread work times 10 30 8 9 9 9 9 13 13 14 11 25 11 11 8 13 11 12 12 8 30 9 8 12 14 13 12 9 28 23 6
Upper bound: 115
Thread work times 68 17 15 14 67 16 17 13 18 17 54 12 20 14 16 18 21 18 15 18 16 20 11 10 15 13 61 67 21 19 13
Upper bound: 114
Thread work times 152 22 156 40 37 145 24 26 28 30 28 30 31 33 34 24 29 42 36 36 20 147 41 26 26 22 30 27 146 30 40
Upper bound: 113
Thread work times 323 78 77 64 71 61 66 64 72 69 95 323 76 66 72 73 68 63 62 59 82 71 323 65 323 321 95 60 60 67 65
Upper bound: 112
Thread work times 758 153 149 166 249 142 165 123 130 123 747 125 229 125 725 126 170 187 155 125 164 166 164 128 716 138 123 119 142 715 204
Upper bound: 111
Thread work times 378 303 275 280 286 304 270 326 299 266 331 342 287 1440 454 1439 485 384 438 258 324 390 1430 1426 280 323 424 269 260 1441 275
Upper bound: 110
Thread work times 2716 550 554 555 542 530 688 618 622 540 649 550 718 580 556 2716 853 926 567 655 2714 543 647 850 533 615 529 544 622 2716 2715
Upper bound: 109
Thread work times 1160 1322 915 991 5431 1271 1212 979 5413 1230 5430 1249 1338 1230 1102 1359 1213 1114 1473 1273 5168 1268 985 1204 1214 5427 1233 1324 1025 1578 1019
Upper bound: 108
Thread work times 2768 2818 2896 2505 2060 2796 10142 10225 2077 2146 2367 2609 2476 2134 2488 2262 2382 2770 2769 10390 10258 2655 2207 2995 2253 2083 2857 2121 2290 2615 2556
Upper bound: 107
Thread work times 5261 6861 21491 5030 4971 5282 7067 21395 21491 5390 5190 5329 5283 5060 5265 6409 5468 5746 5758 6309 5242 5296 21491 6100 21492 6209 5055 5015 5541 5020 5034
Upper bound: 106
Thread work times 14101 14168 13411 13128 12951 15772 12887 13067 16909 55544 13217 55546 15049 13198 55546 13378 13092 55547 13081 13646 13365 13996 14488 14286 13676 15579 13855 15954 13113 15013 15214
Upper bound: 105
Thread work times 1559 1559 1559 1558 1558 1558 1558 1558 1558 1558 1558 1558 1558 1559 1559 1558 1559 1558 1558 1558 1557 1558 1558 1559 1558 1558 1559 1558 1558 1559 1558
Solution size 8
(8 -> 4) (14 -> 22) (19 -> 38) (23 -> 27) (60 -> 50) (76 -> 14) (111 -> 37) (112 -> 69) 
Nodes:                      904224996
CPU time (ms):              100001
TIMEOUT
