Thread work times 13 13 16 16 13 16 16 16 16 19 19 19 19 16 24 24 20 28 23 22 31 33 26 11 28 30 30 30 16 30 11
Upper bound: 127
Thread work times 32 21 19 20 16 26 17 23 32 28 32 16 16 30 30 20 22 32 31 32 32 32 21 11 16 14 32 30 34 32 25
Upper bound: 126
Thread work times 51 46 39 32 36 16 26 32 29 42 32 42 40 44 32 48 41 48 18 48 34 34 31 32 31 32 31 28 47 31 32
Upper bound: 125
Thread work times 59 61 50 48 32 48 42 48 48 41 52 46 29 48 48 48 48 48 48 31 31 58 58 41 58 45 31 32 47 20 32
Upper bound: 124
Thread work times 71 48 47 58 70 69 45 45 57 63 58 48 57 48 50 64 64 44 51 63 45 36 55 53 42 48 42 64 63 42 58
Upper bound: 123
Thread work times 75 62 48 63 48 58 61 56 52 48 69 58 63 48 32 64 64 58 52 58 74 58 47 59 48 61 43 53 61 63 64
Upper bound: 122
Thread work times 36 62 74 87 63 48 74 48 48 48 63 64 64 64 64 64 63 63 63 70 70 68 68 70 74 48 48 63 52 91 68
Upper bound: 121
Thread work times 116 69 61 46 88 48 53 64 64 74 74 64 64 69 57 66 80 79 79 105 58 60 104 59 80 64 55 58 66 115 50
Upper bound: 120
Thread work times 119 64 63 64 63 63 54 58 65 51 68 57 60 58 58 72 58 63 64 48 64 73 74 72 64 63 64 63 63 63 64
Upper bound: 119
Thread work times 137 58 73 136 64 52 64 64 69 58 68 65 74 72 74 64 73 63 74 56 136 64 63 64 64 68 74 74 64 74 64
Upper bound: 118
Thread work times 151 64 64 63 63 64 63 58 64 48 63 61 71 70 70 68 72 64 71 63 48 74 63 74 73 62 64 64 140 152 64
Upper bound: 117
Thread work times 64 164 63 64 48 68 48 73 73 64 73 64 73 64 74 73 64 73 63 74 80 64 75 64 79 79 48 69 79 80 80
Upper bound: 116
Thread work times 163 174 64 170 62 63 64 63 64 63 63 64 44 74 73 64 73 63 63 63 73 48 62 64 69 74 64 73 64 63 64
Upper bound: 115
Thread work times 63 63 191 48 64 61 64 52 63 63 63 65 64 56 69 60 74 74 64 63 64 63 63 63 70 73 192 74 63 64 48
Upper bound: 114
Thread work times 204 64 64 63 64 64 64 64 48 69 64 63 71 74 64 74 74 74 64 64 203 63 73 63 72 61 58 74 181 74 63
Upper bound: 113
Thread work times 48 220 64 52 208 47 63 63 63 59 29 64 48 206 48 58 57 48 60 64 32 58 52 218 57 32 64 63 64 60 208
Upper bound: 112
Thread work times 219 49 41 64 64 52 64 63 63 64 63 53 64 66 64 45 45 46 61 48 48 59 48 65 51 73 48 63 63 74 220
Upper bound: 111
Thread work times 241 252 64 64 64 248 64 63 64 61 63 48 63 58 64 59 48 62 63 64 63 69 73 63 70 64 75 73 72 58 72
Upper bound: 110
Thread work times 62 263 70 75 258 260 66 60 74 63 48 64 74 72 75 63 67 80 80 79 80 79 73 64 79 67 79 80 80 68 79
Upper bound: 109
Thread work times 79 290 279 46 48 64 49 47 48 43 64 56 52 47 64 74 74 61 68 79 47 48 59 64 79 51 279 53 61 78 68
Upper bound: 108
Thread work times 286 69 48 58 69 63 57 56 34 275 48 48 48 52 48 63 58 64 58 52 45 274 58 58 48 47 47 42 48 48 45
Upper bound: 107
Thread work times 307 52 62 64 55 64 64 64 64 64 63 48 57 65 58 66 58 59 48 69 74 74 64 64 62 63 73 63 63 64 63
Upper bound: 106
Thread work times 374 63 62 52 63 32 63 65 68 48 47 48 47 45 48 59 373 64 68 47 64 47 64 370 67 48 63 48 63 59 64
Upper bound: 105
Thread work times 491 69 60 480 71 73 63 71 486 64 64 63 64 64 64 64 59 58 64 63 63 63 59 64 64 63 63 64 73 48 71
Upper bound: 104
Thread work times 95565 58 58 64 58 74 58 57 73 72 64 80 95556 79 95558 95553 46 58 63 58 68 62 63 58 59 48 62 63 71 63 68
Solution size 3
(68 -> 1) (82 -> 2) (98 -> 64) 
Nodes:                      15370133
CPU time (ms):              100019
TIMEOUT
