Thread work times 0 0 1 0 0 0 0 0 0 0 0 0 0 0 0 0 0 0 1 1 1 1 0 1 1 0 1 0 1 1 0
Upper bound: 127
Thread work times 1 0 0 0 0 0 0 0 0 0 0 1 0 0 0 0 0 0 0 0 0 0 0 0 0 0 0 0 0 0 0
Upper bound: 126
Thread work times 1 0 0 0 0 0 0 0 1 0 0 0 0 0 0 0 0 0 0 0 0 0 0 0 0 0 0 0 0 0 0
Upper bound: 125
Thread work times 2 0 0 0 1 0 0 0 2 0 0 0 0 0 0 0 0 0 0 0 0 0 0 0 0 0 0 1 0 0 0
Upper bound: 124
Thread work times 1 0 0 0 0 0 0 0 0 0 2 0 0 0 0 0 0 0 0 0 0 0 0 0 2 0 0 2 0 0 0
Upper bound: 123
Thread work times 0 0 0 0 0 0 0 0 2 0 0 0 0 0 0 0 1 1 1 0 0 0 0 0 0 0 0 0 0 2 0
Upper bound: 122
Thread work times 1 0 0 0 2 0 2 0 3 0 0 0 0 0 0 0 0 0 0 0 0 0 0 0 0 0 0 0 2 0 3
Upper bound: 121
Thread work times 0 0 0 0 3 0 0 0 0 0 0 0 0 2 3 2 0 0 0 0 0 0 0 0 0 0 0 0 0 4 0
Upper bound: 120
Thread work times 4 0 0 0 0 0 0 0 2 0 0 0 0 0 0 0 0 0 0 0 0 0 0 0 0 0 0 0 0 3 2
Upper bound: 119
Thread work times 0 4 0 0 3 0 0 4 0 0 0 0 1 0 0 0 0 0 0 0 4 0 0 0 0 0 2 0 0 0 0
Upper bound: 118
Thread work times 4 0 0 0 0 0 0 0 0 0 0 0 0 0 0 0 0 0 0 0 0 0 0 1 3 0 3 0 0 0 0
Upper bound: 117
Thread work times 0 4 5 0 0 0 0 0 0 0 0 0 0 1 0 0 3 4 0 0 0 0 0 0 0 0 0 0 0 0 5
Upper bound: 116
Thread work times 0 6 4 0 0 0 0 0 0 0 0 0 0 0 0 0 0 0 5 0 0 0 0 0 0 0 0 0 4 0 0
Upper bound: 115
Thread work times 7 0 0 0 0 5 0 0 0 5 0 0 0 0 0 0 0 0 0 0 0 0 0 0 6 0 6 0 0 0 0
Upper bound: 114
Thread work times 6 5 5 0 0 0 0 0 0 0 0 0 0 0 0 0 0 0 0 0 0 0 0 0 0 0 0 0 0 0 7
Upper bound: 113
Thread work times 8 0 0 0 0 6 0 0 0 0 0 0 7 5 7 0 0 0 0 0 0 0 0 0 0 0 0 0 0 0 0
Upper bound: 112
Thread work times 0 0 0 0 8 0 0 0 0 0 0 0 0 0 0 0 0 0 0 0 7 0 0 0 0 0 0 0 0 0 0
Upper bound: 111
Thread work times 9 0 8 0 0 0 0 0 0 7 0 0 0 8 0 0 0 0 0 0 0 0 0 0 0 0 0 0 0 0 0
Upper bound: 110
Thread work times 14 0 0 0 0 0 13 0 0 12 0 0 0 13 0 2 0 0 0 0 0 0 0 14 0 0 0 0 0 0 0
Upper bound: 109
Thread work times 19 0 19 18 0 0 0 0 17 0 0 0 0 0 0 0 0 0 0 0 0 0 0 0 0 0 0 0 0 0 20
Upper bound: 108
Thread work times 104 0 0 103 104 0 0 0 0 0 103 102 0 0 0 0 0 0 0 0 0 0 0 0 0 0 0 0 0 0 0
Upper bound: 107
Thread work times 5 326 5 5 5 5 5 5 5 4 5 5 5 6 5 5 2 5 5 5 5 5 4 328 5 328 6 5 5 5 5
Upper bound: 106
Thread work times 673 23 23 24 670 23 22 23 23 23 24 24 23 24 24 24 672 23 23 23 24 23 671 24 23 24 671 23 24 24 24
Upper bound: 105
Thread work times 80 1612 81 80 80 1611 80 80 80 80 81 81 80 79 80 81 80 81 82 80 82 82 81 80 1611 80 80 82 81 1613 81
Upper bound: 104
Thread work times 199 195 198 200 195 198 196 195 196 196 194 97120 197 97122 199 97120 97123 195 199 195 196 194 196 195 196 97124 194 196 199 194 196
Solution size 8
(9 -> 39) (21 -> 41) (23 -> 54) (45 -> 55) (60 -> 40) (82 -> 71) (83 -> 38) (126 -> 25) 
Nodes:                      88715981
CPU time (ms):              100003
TIMEOUT
