Thread work times 0 0 0 0 0 0 0 0 0 0 0 0 0 0 0 0 0 0 0 0 0 0 0 0 0 0 0 0 0 0 0
Upper bound: 127
Thread work times 0 1 0 0 0 0 0 0 0 0 0 0 0 0 0 0 0 0 0 0 0 0 0 0 0 0 0 0 0 0 0
Upper bound: 126
Thread work times 0 0 0 0 0 0 0 0 0 0 1 0 0 0 0 0 0 0 0 0 0 0 0 0 0 0 0 0 0 0 0
Upper bound: 125
Thread work times 0 2 0 0 0 0 0 0 0 0 0 0 0 0 0 0 0 0 0 0 0 0 0 0 0 0 0 0 0 0 0
Upper bound: 124
Thread work times 0 0 0 0 2 0 0 0 0 0 0 0 0 0 0 0 0 0 0 1 0 0 0 0 0 0 0 0 0 0 1
Upper bound: 123
Thread work times 0 0 1 0 0 2 0 0 0 0 0 0 0 0 0 0 0 0 0 0 0 0 0 0 0 0 1 0 0 0 0
Upper bound: 122
Thread work times 2 0 1 0 0 0 0 0 0 0 0 0 0 0 0 0 1 0 0 0 0 0 3 0 0 2 0 0 0 0 0
Upper bound: 121
Thread work times 3 0 0 1 0 0 0 0 0 0 0 0 0 0 0 0 0 2 0 0 0 0 0 2 0 0 0 1 0 0 0
Upper bound: 120
Thread work times 0 0 0 2 2 0 0 0 0 0 0 0 0 0 0 1 3 1 3 0 0 0 0 0 0 0 0 0 0 0 0
Upper bound: 119
Thread work times 3 0 0 0 0 0 0 0 0 0 0 0 0 0 0 0 0 0 0 0 0 0 0 3 2 0 0 0 0 0 0
Upper bound: 118
Thread work times 0 0 0 4 0 0 0 0 0 0 0 0 0 0 0 0 3 3 0 0 0 0 0 0 0 0 0 0 0 2 0
Upper bound: 117
Thread work times 5 0 0 0 0 0 4 0 0 0 0 0 0 3 0 0 0 0 0 4 0 0 0 0 0 0 0 3 0 0 0
Upper bound: 116
Thread work times 0 3 0 0 0 0 0 0 0 0 4 4 0 0 0 0 0 0 5 0 0 0 0 0 0 5 0 0 0 0 0
Upper bound: 115
Thread work times 5 0 0 0 0 4 0 0 0 0 0 0 0 0 0 0 0 0 5 0 0 4 0 0 0 0 0 0 0 0 0
Upper bound: 114
Thread work times 6 0 0 0 0 0 0 0 0 0 0 0 0 0 1 0 0 0 0 0 0 7 0 0 0 6 7 0 8 0 0
Upper bound: 113
Thread work times 14 0 0 0 0 0 15 16 0 16 0 0 0 0 0 0 0 0 0 0 0 0 0 17 0 0 0 0 0 0 0
Upper bound: 112
Thread work times 0 0 1 1 32 0 31 0 0 0 0 0 0 32 1 0 1 1 1 0 0 0 0 1 0 0 0 0 0 0 33
Upper bound: 111
Thread work times 1 2 2 1 0 0 149 2 0 1 1 1 1 1 3 1 0 153 0 1 0 152 1 0 1 2 0 153 1 151 0
Upper bound: 110
Thread work times 7 6 5 6 6 6 7 6 596 7 6 8 7 7 7 7 7 6 6 595 8 593 7 5 7 6 592 6 7 7 594
Upper bound: 109
Thread work times 1419 22 23 23 23 23 24 24 1419 20 22 23 1415 22 1416 22 22 24 22 23 24 1417 22 22 23 22 23 23 20 19 25
Upper bound: 108
Thread work times 74 2884 73 75 75 74 73 76 73 73 72 74 2881 73 2882 2879 72 75 71 72 70 75 73 73 75 75 73 72 68 74 2882
Upper bound: 107
Thread work times 6194 157 6190 155 159 145 151 151 150 6193 153 154 147 151 149 154 155 156 156 151 157 152 155 6188 157 153 153 156 6192 149 155
Upper bound: 106
Thread work times 15636 309 15635 311 313 330 327 299 310 15633 310 316 310 317 312 316 313 313 324 15631 330 315 315 313 317 321 319 15629 326 327 329
Upper bound: 105
Thread work times 48481 822 835 48479 834 840 849 850 48476 868 887 809 817 842 880 864 48475 821 828 814 837 810 853 48480 861 838 839 859 839 894 868
Upper bound: 104
Thread work times 4040 4067 3896 3964 3958 4006 3995 4140 3866 4190 24494 4015 24495 4148 3950 3906 4009 24496 24493 3978 3933 3982 4063 3933 3954 3891 4098 3997 24492 4093 3935
Solution size 8
(35 -> 230) (37 -> 58) (40 -> 290) (68 -> 106) (74 -> 294) (83 -> 200) (91 -> 31) (117 -> 352) 
Nodes:                      300279298
CPU time (ms):              100002
TIMEOUT
