Thread work times 12 3 2 2 3 3 2 4 4 7 7 4 4 7 7 7 8 9 9 9 11 10 10 11 11 12 3 10 3 7 2
Upper bound: 127
Thread work times 9 6 3 6 4 0 4 4 0 8 7 7 4 4 8 8 8 8 8 8 8 8 8 8 8 8 8 8 8 8 8
Upper bound: 126
Thread work times 13 2 3 2 7 12 4 3 6 6 4 4 4 6 4 3 12 10 8 4 10 5 7 5 4 3 12 3 4 3 12
Upper bound: 125
Thread work times 17 13 3 9 6 9 6 15 8 2 0 0 12 12 12 12 12 2 2 12 12 15 12 12 12 15 9 12 13 12 12
Upper bound: 124
Thread work times 22 15 16 15 19 16 16 20 16 20 20 20 20 20 20 16 4 16 16 11 20 19 16 20 16 12 18 17 20 16 14
Upper bound: 123
Thread work times 18 14 16 19 13 17 16 16 16 16 15 15 13 4 15 11 12 16 16 14 16 19 16 16 15 14 18 13 0 21 15
Upper bound: 122
Thread work times 14 10 10 16 15 10 4 16 4 4 16 17 14 17 11 18 12 10 12 19 12 17 14 19 26 3 16 12 15 12 12
Upper bound: 121
Thread work times 33 10 15 15 12 12 11 12 16 16 16 19 19 16 19 3 20 20 20 20 20 20 20 20 20 20 20 20 16 32 16
Upper bound: 120
Thread work times 38 12 18 36 9 18 12 17 19 18 20 20 20 20 20 20 20 20 20 20 20 20 20 15 20 20 20 20 4 20 37
Upper bound: 119
Thread work times 47 17 19 12 12 19 20 20 20 12 20 20 20 20 20 20 20 20 20 17 20 20 45 20 8 18 45 9 20 19 20
Upper bound: 118
Thread work times 63 13 59 19 22 61 20 20 21 13 13 20 13 20 16 21 13 21 20 17 50 22 22 13 22 23 21 20 21 20 8
Upper bound: 117
Thread work times 85 13 13 22 17 76 84 21 22 24 22 23 23 22 12 19 23 13 23 24 23 22 74 12 23 22 25 75 24 23 24
Upper bound: 116
Thread work times 26 30 27 27 111 26 111 26 26 26 27 26 25 26 26 26 26 25 26 25 26 26 27 25 28 27 26 21 26 112 113
Upper bound: 115
Thread work times 191 194 194 34 35 31 34 33 33 31 32 32 32 31 32 33 33 33 33 32 26 33 33 192 33 191 32 40 33 33 33
Upper bound: 114
Thread work times 366 48 49 45 45 53 361 47 365 49 48 44 48 48 44 47 61 29 45 50 47 45 44 48 363 48 46 46 67 364 49
Upper bound: 113
Thread work times 69 70 688 71 79 78 69 69 69 688 68 97 69 82 68 75 82 115 70 689 71 68 687 69 78 72 75 69 69 69 685
Upper bound: 112
Thread work times 1451 174 130 142 134 167 138 129 126 143 167 1442 126 128 129 1449 156 1442 127 127 137 217 125 127 1448 136 126 128 127 117 170
Upper bound: 111
Thread work times 264 270 302 254 320 367 274 3278 258 263 259 247 281 3279 3278 3279 307 268 254 271 262 288 256 268 288 463 3280 264 301 276 252
Upper bound: 110
Thread work times 6661 6660 554 564 6660 535 640 523 566 565 6658 622 547 523 539 531 977 543 569 731 523 522 603 523 522 548 554 567 6660 580 537
Upper bound: 109
Thread work times 1386 14806 14805 14806 1102 1146 1158 1129 1064 1117 1199 1131 1179 1083 1969 1257 1169 1391 1228 1237 1070 1387 14804 1141 1450 14806 1104 1066 1118 1090 1236
Upper bound: 108
Thread work times 2408 2414 34637 2413 3128 2569 2479 2474 2431 2640 34637 4524 2519 2517 2681 2417 2585 2493 2530 2407 2706 34638 2777 2542 2406 2408 2629 2606 2415 34638 2407
Upper bound: 107
Thread work times 37372 5602 6001 6019 5671 5830 5609 37371 6084 37372 5764 5583 6307 5794 6069 5818 6782 6892 6595 6219 5659 6328 6072 6543 37373 10957 5840 5608 5582 37371 5744
Solution size 10
(14 -> 1013) (22 -> 1028) (35 -> 788) (37 -> 879) (78 -> 884) (80 -> 898) (102 -> 890) (107 -> 1031) (111 -> 900) (116 -> 892) 
Nodes:                      210286836
CPU time (ms):              100005
TIMEOUT
