Thread work times 4 4 8 8 8 9 8 9 10 9 10 10 10 10 10 12 10 13 13 13 3 13 13 8 3 6 8 14 3 10 3
Upper bound: 127
Thread work times 0 0 0 0 3 2 2 2 0 7 4 8 8 8 8 7 0 3 2 0 0 0 9 3 3 4 0 3 0 3 3
Upper bound: 126
Thread work times 12 3 12 3 4 4 4 10 8 2 14 4 4 3 7 8 8 3 5 12 11 8 8 2 2 11 12 10 8 12 4
Upper bound: 125
Thread work times 7 8 7 18 8 0 7 8 8 6 15 15 7 12 12 16 16 16 16 16 3 16 16 16 16 9 16 16 12 17 4
Upper bound: 124
Thread work times 23 18 20 20 20 19 10 16 7 10 18 11 18 15 16 16 20 16 23 16 18 16 19 16 12 21 18 16 14 14 16
Upper bound: 123
Thread work times 9 12 2 7 12 13 15 7 14 16 6 21 10 16 6 16 16 16 16 16 16 16 16 16 16 16 19 21 6 10 11
Upper bound: 122
Thread work times 19 27 16 16 16 18 16 18 18 18 18 16 16 19 18 18 18 18 16 18 16 15 18 16 24 16 18 20 0 6 19
Upper bound: 121
Thread work times 20 20 20 32 8 31 20 19 20 20 16 20 30 16 4 20 20 20 20 20 20 20 20 4 19 20 20 20 20 20 20
Upper bound: 120
Thread work times 18 36 20 16 18 16 19 33 24 16 16 16 16 19 16 20 16 20 20 20 16 18 18 14 18 20 20 20 8 20 20
Upper bound: 119
Thread work times 20 16 16 16 16 18 16 18 20 16 18 16 16 20 20 40 20 42 16 12 11 16 16 20 43 18 16 16 30 8 4
Upper bound: 118
Thread work times 16 45 45 16 19 38 11 44 16 16 16 16 16 16 16 16 16 14 10 14 8 16 16 19 16 16 2 16 16 16 48
Upper bound: 117
Thread work times 9 20 56 19 17 19 17 17 17 17 13 18 12 57 16 19 20 20 17 20 20 17 57 16 17 20 16 16 20 17 20
Upper bound: 116
Thread work times 21 75 20 71 21 21 21 21 18 69 9 0 21 20 21 21 21 21 21 21 21 73 8 9 19 21 20 17 20 65 14
Upper bound: 115
Thread work times 124 25 25 25 14 121 25 25 25 26 25 26 25 27 18 18 26 28 29 14 115 122 23 24 26 26 25 112 27 14 28
Upper bound: 114
Thread work times 233 29 25 31 29 25 29 29 26 27 25 28 28 28 26 29 28 29 24 29 24 30 228 229 30 232 231 25 29 27 28
Upper bound: 113
Thread work times 42 433 43 42 42 52 435 39 40 435 35 42 39 40 35 38 51 41 40 40 41 41 40 434 433 50 37 40 40 39 43
Upper bound: 112
Thread work times 1062 76 75 75 77 75 79 77 88 77 79 1061 75 64 1062 75 86 75 75 98 99 78 99 1059 1063 76 82 76 76 87 81
Upper bound: 111
Thread work times 2556 2554 158 163 2553 158 154 160 158 165 158 159 2556 161 2555 159 228 164 161 160 230 224 160 162 169 165 156 169 170 164 154
Upper bound: 110
Thread work times 507 5969 351 337 344 346 346 332 335 5969 487 335 5968 331 341 491 5970 335 359 349 337 359 346 349 353 332 5965 331 333 349 335
Upper bound: 109
Thread work times 783 775 765 816 777 1112 1117 770 14494 765 14491 767 14493 14494 816 1110 772 777 767 14492 789 839 779 769 754 764 763 760 789 766 787
Upper bound: 108
Thread work times 1956 2699 36060 1978 36062 1966 1967 1923 1921 36061 36060 1923 1921 1992 2001 2010 1932 2700 1958 1956 1911 2690 1991 1938 36062 1927 1955 1945 1919 1958 1921
Upper bound: 107
Thread work times 4888 4902 4910 4944 5062 5098 5257 4923 4922 6434 38600 38602 4963 4964 4880 4898 38603 4901 38601 4908 4910 5051 38600 4877 5063 4881 4890 4966 4881 5063 4960
Solution size 9
(24 -> 495) (40 -> 460) (53 -> 408) (62 -> 425) (100 -> 483) (108 -> 722) (110 -> 730) (121 -> 717) (126 -> 718) 
Nodes:                      174431955
CPU time (ms):              100006
TIMEOUT
