Thread work times 148 111 118 115 118 118 118 119 119 119 118 121 123 124 119 124 123 126 131 127 135 125 145 146 138 141 95 91 91 138 141
Upper bound: 127
Thread work times 278 217 215 227 216 214 227 235 238 231 237 238 239 236 232 247 245 228 250 264 235 211 258 215 237 245 226 256 250 266 277
Upper bound: 126
Thread work times 357 364 355 356 356 344 343 371 355 356 356 356 356 356 355 357 356 356 356 360 368 357 348 355 347 358 355 369 356 372 341
Upper bound: 125
Thread work times 499 475 487 486 487 480 492 471 476 475 494 479 481 481 482 483 477 485 484 485 488 482 489 485 483 485 470 487 485 485 480
Upper bound: 124
Thread work times 620 603 606 617 593 602 615 606 613 614 619 611 622 611 619 609 609 613 612 621 617 621 616 613 585 606 615 606 589 584 622
Upper bound: 123
Thread work times 753 608 622 618 620 631 630 620 634 632 634 634 634 635 620 636 637 630 635 743 750 632 626 605 626 629 633 600 594 604 745
Upper bound: 122
Thread work times 667 668 670 652 666 1129 1133 653 656 662 662 662 667 664 668 668 669 670 668 668 670 669 669 669 669 669 667 655 1131 650 1136
Upper bound: 121
Thread work times 1609 745 756 743 740 748 755 757 760 761 757 761 762 760 1605 760 756 759 760 744 754 1608 1604 762 761 759 742 760 760 758 759
Upper bound: 120
Thread work times 2749 1004 1003 1004 1009 1013 2743 1029 1024 1021 1028 1027 1028 1028 1030 1028 1029 1030 1015 1020 1030 1023 2746 1023 1027 1029 1026 1027 1029 2747 2749
Upper bound: 119
Thread work times 1884 6149 1884 1886 1884 1889 1888 1890 1890 1891 1891 1891 1890 1892 1891 1892 1892 1892 1891 1893 1892 1893 1891 1885 1892 1887 1896 1896 1897 6151 6152
Upper bound: 118
Thread work times 10622 3245 3230 3243 3225 3228 3229 3233 3229 3232 3233 3235 3237 3233 3238 3236 3233 3239 3240 3236 3238 3234 3239 3242 3242 3244 10625 3241 10624 3237 3239
Upper bound: 117
Thread work times 18806 5586 5580 5593 18807 5582 5577 5579 5586 5581 5594 5595 5585 5588 5595 5609 18809 5602 5582 5588 5592 5586 5585 5597 5604 5582 5592 5584 5586 5613 5577
Upper bound: 116
Thread work times 35248 35246 9933 9936 9943 9961 9957 9963 35244 9980 9930 9936 9964 9964 9966 9971 9971 35248 9930 9944 9958 9930 9938 9968 35247 9939 9976 9947 9951 9972 9932
Upper bound: 115
Thread work times 20926 20928 19176 19176 19184 19180 19188 19191 19191 19188 19196 19197 19199 19201 19203 19168 19211 19203 19191 19174 19192 19201 20926 19203 19186 19172 19179 19202 19184 19208 20924
Solution size 5
(40 -> 4067) (85 -> 5115) (113 -> 5107) (116 -> 5104) (127 -> 3993) 
Nodes:                      118670535
CPU time (ms):              100120
TIMEOUT
