Thread work times 0 0 0 0 0 0 0 0 0 0 0 0 0 0 0 0 0 0 0 0 0 0 0 0 0 0 0 0 0 0 0
Upper bound: 127
Thread work times 0 0 0 0 0 0 0 0 0 0 0 0 0 0 0 0 0 0 0 0 0 0 0 0 0 0 0 0 0 0 0
Upper bound: 126
Thread work times 0 0 0 0 0 0 0 0 0 0 0 0 0 0 0 0 0 0 0 0 0 0 0 0 0 0 0 0 0 0 0
Upper bound: 125
Thread work times 2 4 2 2 2 1 1 2 2 2 2 2 2 1 1 3 1 2 2 2 2 1 2 3 2 1 3 3 2 2 3
Upper bound: 124
Thread work times 3 0 0 3 0 2 2 0 0 2 2 2 0 0 2 0 2 2 1 0 0 0 1 2 4 2 2 2 2 1 4
Upper bound: 123
Thread work times 0 3 2 0 3 2 3 3 3 3 3 3 3 4 5 2 2 3 0 4 3 3 4 2 0 3 3 3 5 2 1
Upper bound: 122
Thread work times 8 6 5 5 5 3 5 5 5 4 4 4 5 4 6 3 5 5 6 5 6 4 5 7 5 4 6 6 5 5 6
Upper bound: 121
Thread work times 6 10 8 10 11 6 11 8 11 10 9 10 10 8 7 8 9 10 9 9 10 11 11 13 11 7 11 11 9 10 6
Upper bound: 120
Thread work times 22 19 22 23 21 21 20 16 20 18 17 19 21 21 20 26 18 23 17 22 22 23 20 17 28 23 24 22 26 25 21
Upper bound: 119
Thread work times 145 146 153 154 144 172 146 155 171 150 142 143 153 149 147 160 158 162 149 155 158 148 171 147 144 151 147 162 148 152 162
Upper bound: 118
Thread work times 453 396 358 365 347 410 401 354 388 342 419 447 387 412 366 348 355 357 381 346 446 387 341 345 355 348 407 394 449 410 362
Upper bound: 117
Thread work times 1101 1134 1124 896 1086 920 917 887 884 888 1237 1213 1479 1025 921 898 1069 899 1090 1251 1024 1416 1020 879 1201 867 910 1478 918 1323 1482
Upper bound: 116
Thread work times 3244 2510 2441 3649 2554 3648 2952 2417 3309 2478 2542 2483 3034 3338 2888 2876 3030 2686 2357 3651 2963 3294 3030 3505 2686 2441 3098 3017 2476 2547 2794
Upper bound: 115
Thread work times 9340 6655 9485 6759 9050 8306 6751 7087 8434 6855 7758 6513 6866 7324 9081 7048 9342 6791 7761 9486 6560 8463 6635 7476 9485 6662 7756 6555 9341 6597 6605
Upper bound: 114
Thread work times 18535 18226 15828 16113 16157 16861 15791 20643 16162 18526 16375 18850 15987 15881 25127 18108 19463 25130 25129 15644 19699 18110 17222 25128 18309 25122 20021 16893 16219 16877 18297
Upper bound: 113
Thread work times 59519 49866 43812 59520 39235 37679 37258 37470 46232 38148 38576 38228 39120 37704 39272 59521 39342 42715 48463 37267 45894 40205 38785 46025 38016 37693 44286 52305 59524 37986 59520
Solution size 9
(11 -> 63) (13 -> 164) (24 -> 562) (45 -> 583) (65 -> 495) (68 -> 574) (120 -> 573) (123 -> 576) (126 -> 577) 
Nodes:                      995267117
CPU time (ms):              100002
TIMEOUT
