Thread work times 0 0 0 0 0 0 0 0 0 0 0 0 0 0 0 0 0 0 0 0 0 0 0 0 0 0 0 0 0 0 0
Upper bound: 127
Thread work times 0 0 0 0 0 0 0 0 0 0 0 0 0 0 0 0 0 0 0 0 0 0 0 0 0 0 0 0 0 0 0
Upper bound: 126
Thread work times 0 0 0 0 0 0 0 0 0 0 0 0 0 0 0 0 0 0 0 0 0 0 0 0 0 0 0 0 0 0 0
Upper bound: 125
Thread work times 0 1 0 0 0 0 0 0 0 0 0 0 0 0 0 0 0 0 0 0 0 0 0 0 0 0 0 0 1 0 0
Upper bound: 124
Thread work times 0 0 0 0 0 0 0 0 0 0 0 0 0 0 0 0 0 0 0 0 0 0 0 0 0 0 0 0 0 0 0
Upper bound: 123
Thread work times 1 0 0 0 0 0 0 0 0 0 0 0 0 0 0 0 0 0 0 0 0 0 0 0 0 0 0 0 0 0 0
Upper bound: 122
Thread work times 0 0 0 0 0 0 1 0 0 0 0 0 0 0 0 0 0 0 0 0 0 0 0 0 0 0 0 0 0 0 2
Upper bound: 121
Thread work times 4 3 0 0 0 0 0 0 0 0 0 0 0 0 0 0 0 0 0 0 0 0 0 0 0 0 0 0 0 0 0
Upper bound: 120
Thread work times 7 0 0 0 0 0 1 0 0 0 0 0 2 0 0 0 6 0 0 0 0 0 0 0 0 0 0 0 0 1 0
Upper bound: 119
Thread work times 12 1 0 2 0 0 0 0 0 0 0 0 0 0 0 0 0 0 1 0 0 0 0 0 2 0 0 3 1 13 0
Upper bound: 118
Thread work times 25 24 2 0 0 1 0 0 0 0 0 0 1 0 1 0 2 2 3 0 0 0 0 0 0 0 1 0 0 4 5
Upper bound: 117
Thread work times 42 41 5 0 0 0 0 0 0 0 0 0 2 0 0 0 2 1 0 4 5 6 1 0 0 2 0 3 7 0 7
Upper bound: 116
Thread work times 71 70 6 0 0 0 0 0 0 0 0 7 0 0 0 0 5 4 0 3 1 0 2 0 1 7 0 3 8 12 14
Upper bound: 115
Thread work times 0 0 0 10 7 121 15 8 0 1 0 2 0 1 1 12 0 2 0 29 0 1 3 7 0 20 2 9 0 6 122
Upper bound: 114
Thread work times 217 17 0 0 31 216 0 0 0 3 1 0 2 17 0 0 0 6 0 19 17 1 32 0 37 0 7 0 11 23 9
Upper bound: 113
Thread work times 362 26 0 9 1 3 1 4 13 0 17 13 16 1 0 1 24 25 38 1 0 14 0 23 17 0 0 0 51 66 363
Upper bound: 112
Thread work times 611 25 39 72 605 41 18 4 7 0 1 2 2 1 2 32 0 44 3 6 11 39 7 41 5 4 1 90 35 0 42
Upper bound: 111
Thread work times 8 974 70 3 55 35 66 10 6 10 6 38 1 0 6 4 12 1 8 70 78 112 2 83 1 55 5 35 34 144 975
Upper bound: 110
Thread work times 96 144 64 5 13 15 0 54 108 129 52 47 9 0 9 1567 1586 16 19 22 69 98 14 187 0 24 90 5 14 198 9
Upper bound: 109
Thread work times 210 32 56 14 12 21 27 0 33 14 37 108 180 11 297 67 170 31 75 256 100 13 279 2468 162 0 24 34 157 15 2462
Upper bound: 108
Thread work times 4068 220 14 13 4023 233 74 38 23 186 60 76 13 0 18 49 432 267 488 37 226 103 406 5 197 46 21 307 14 46 33
Upper bound: 107
Thread work times 6361 409 822 46 205 29 396 125 4 73 100 4 361 75 55 420 179 174 181 119 150 43 677 45 96 6399 684 212 126 25 518
Upper bound: 106
Thread work times 597 43 100 240 187 43 220 76 160 37 406 48 40 149 489 534 239 982 218 102 174 130 526 998 1078 610 511 72 292 10296 10297
Upper bound: 105
Thread work times 95 118 193 180 75 706 105 359 102 383 548 668 865 1763 1610 866 70 93 1669 109 349 549 958 1239 355 431 16441 16486 31 241 582
Upper bound: 104
Thread work times 1117 178 202 574 355 456 1836 186 368 189 419 1476 202 1842 2366 188 758 1453 1957 740 207 379 187 379 771 1090 802 2334 2884 28072 28360
Upper bound: 103
Thread work times 4574 3069 3550 249 1127 1335 268 1374 279 266 743 710 270 767 702 812 507 1797 660 3670 4274 24791 25317 2567 467 323 2180 428 1448 279 574
Solution size 10
(1 -> 276) (12 -> 113) (18 -> 202) (32 -> 34) (68 -> 151) (89 -> 243) (90 -> 201) (99 -> 258) (111 -> 275) (116 -> 206) 
Nodes:                      235523624
CPU time (ms):              100002
TIMEOUT
