Thread work times 0 0 0 0 0 0 0 0 0 0 0 0 0 0 0 0 0 0 0 0 0 0 0 0 0 0 0 0 0 0 0
Upper bound: 127
Thread work times 0 0 0 0 0 0 0 0 0 0 0 0 0 0 0 0 0 0 0 0 0 0 0 0 0 0 0 0 0 0 0
Upper bound: 126
Thread work times 0 0 0 0 0 0 0 0 0 0 0 0 0 0 0 0 0 0 0 0 0 0 0 0 0 0 0 0 0 0 0
Upper bound: 125
Thread work times 3 4 1 2 1 2 2 1 3 2 3 1 3 2 3 3 1 2 2 2 1 4 4 3 2 3 4 3 3 3 1
Upper bound: 124
Thread work times 3 8 1 0 6 0 5 0 4 3 4 5 0 4 6 4 2 5 4 5 0 1 6 3 2 4 8 5 4 6 0
Upper bound: 123
Thread work times 32 10 13 20 0 24 6 10 11 15 7 13 16 12 1 12 3 17 4 12 1 14 14 2 25 22 7 15 6 7 27
Upper bound: 122
Thread work times 38 45 106 46 52 52 103 50 39 39 31 25 22 23 20 28 30 27 27 20 50 33 33 20 25 36 34 25 29 20 22
Upper bound: 121
Thread work times 136 304 78 91 117 68 56 40 48 43 79 66 48 75 49 76 77 68 96 108 115 87 71 67 114 86 87 104 319 70 103
Upper bound: 120
Thread work times 863 237 202 205 197 185 168 107 142 146 124 133 81 114 147 166 152 187 154 197 259 236 256 253 215 864 137 146 115 113 206
Upper bound: 119
Thread work times 291 330 247 356 408 426 494 286 486 477 385 353 293 280 268 289 197 364 438 2293 569 2294 401 195 2296 321 426 349 341 247 348
Upper bound: 118
Thread work times 5249 5248 500 542 605 658 924 624 970 548 416 478 839 1110 439 695 451 902 679 790 579 406 530 687 578 715 1028 939 542 842 668
Upper bound: 117
Thread work times 11404 1594 1729 1481 1089 1232 1298 1087 679 641 1004 1114 1091 733 1055 1193 1204 995 1027 1301 1324 1331 1368 1449 1527 1598 1676 1676 2051 11406 983
Upper bound: 116
Thread work times 3058 2978 2184 1689 1661 1791 1612 1589 1670 1726 2228 2412 2629 2707 3062 23649 23654 3615 2530 1664 1676 2217 2270 2214 2696 3041 3093 2202 1550 1614 1633
Upper bound: 115
Thread work times 44481 6353 5173 3482 4749 2426 2698 3372 2925 3321 3792 3175 2789 3126 4161 4940 5306 5627 3622 3198 3322 2662 4518 44480 5927 4150 3069 3875 5122 4157 3442
Upper bound: 114
Thread work times 10354 10446 9381 9016 8374 6102 5006 4992 6107 5163 5192 6664 6948 7723 8100 8271 11513 5955 5248 6432 11525 8880 4735 5319 6959 5281 5241 6951 8378 6959 6139
Solution size 10
(24 -> 149) (26 -> 415) (32 -> 164) (48 -> 360) (58 -> 34) (77 -> 201) (89 -> 527) (112 -> 151) (115 -> 16) (116 -> 60) 
Nodes:                      333197868
CPU time (ms):              100003
TIMEOUT
