Thread work times 0 0 0 0 0 0 0 0 0 0 0 0 0 0 0 0 0 0 0 0 0 0 0 0 0 0 0 0 0 0 0
Upper bound: 127
Thread work times 0 0 0 0 0 0 0 0 0 0 0 0 0 0 0 0 0 0 0 0 0 0 0 0 0 0 0 0 0 0 0
Upper bound: 126
Thread work times 0 0 0 0 0 0 0 0 0 0 0 0 0 0 0 0 0 0 0 0 0 0 0 0 0 0 0 0 0 0 0
Upper bound: 125
Thread work times 11 18 11 11 11 11 11 11 11 11 11 11 11 12 12 18 18 10 15 18 11 18 18 18 18 11 13 18 12 18 18
Upper bound: 124
Thread work times 16 0 15 10 12 10 17 18 18 0 8 20 10 15 20 20 20 20 20 21 10 7 7 7 0 20 20 20 18 18 23
Upper bound: 123
Thread work times 23 22 26 27 22 27 12 27 30 30 30 30 30 30 30 31 19 34 22 30 32 30 20 35 35 27 30 30 24 35 23
Upper bound: 122
Thread work times 42 33 34 37 40 24 21 36 18 10 36 37 38 36 39 26 39 31 40 40 40 40 36 40 40 40 41 40 42 24 40
Upper bound: 121
Thread work times 53 50 50 29 52 48 50 50 50 42 44 30 45 45 45 45 47 47 43 28 47 47 41 51 50 50 29 44 52 48 50
Upper bound: 120
Thread work times 50 47 50 48 54 24 39 44 45 52 47 42 30 46 36 53 53 53 50 48 50 44 46 50 46 50 40 50 30 41 49
Upper bound: 119
Thread work times 76 51 44 44 52 52 51 52 50 51 44 51 50 52 52 45 52 53 52 51 52 53 52 53 52 54 51 52 55 56 47
Upper bound: 118
Thread work times 95 57 56 57 57 59 51 84 58 93 55 55 55 54 54 55 55 56 49 93 56 55 56 56 56 54 56 54 55 48 55
Upper bound: 117
Thread work times 117 59 61 118 116 48 58 59 51 58 61 116 54 55 57 58 56 55 57 57 56 59 57 57 48 57 48 56 59 60 56
Upper bound: 116
Thread work times 153 64 58 151 150 59 64 63 64 52 63 64 64 66 151 67 62 64 64 62 63 62 64 67 64 51 68 63 60 64 65
Upper bound: 115
Thread work times 198 197 68 67 72 72 60 71 197 67 69 69 68 68 69 69 68 70 67 72 74 66 70 196 70 69 71 196 68 68 70
Upper bound: 114
Thread work times 285 85 84 83 87 84 88 83 284 279 88 86 87 88 89 90 90 90 90 91 94 83 78 284 84 88 85 85 82 89 89
Upper bound: 113
Thread work times 96 393 98 99 98 99 99 100 102 102 103 105 102 103 121 105 107 392 97 97 97 98 100 115 96 112 102 392 101 107 391
Upper bound: 112
Thread work times 125 137 569 127 126 127 127 128 125 129 125 131 131 131 137 572 127 131 127 574 130 124 571 127 132 140 573 127 132 132 148
Upper bound: 111
Thread work times 167 173 168 168 832 175 832 176 183 187 176 191 173 168 166 167 168 172 165 830 166 167 169 168 834 170 167 168 168 178 194
Upper bound: 110
Thread work times 260 227 259 1204 230 236 237 246 238 248 225 225 229 1202 227 258 1204 227 227 226 227 229 233 228 1201 230 241 228 226 241 1205
Upper bound: 109
Thread work times 1822 323 327 325 338 338 346 321 1820 397 323 375 324 1819 384 328 325 324 323 331 1820 343 325 327 325 327 320 325 351 327 1822
Upper bound: 108
Thread work times 503 458 461 455 468 472 2642 2641 497 457 458 483 517 526 466 461 460 2643 532 564 576 470 463 459 464 461 463 466 2643 496 2639
Upper bound: 107
Thread work times 816 4019 731 738 4015 776 739 4016 749 748 729 745 750 764 729 728 754 784 773 781 732 742 880 4016 729 791 4018 729 732 729 728
Upper bound: 106
Thread work times 1318 6145 1169 1140 1250 1161 1163 1225 6140 1218 1256 1140 1142 6142 1156 1164 1262 1144 6144 1282 1239 1171 1162 1452 6138 1139 1140 1143 1170 1278 1192
Upper bound: 105
Thread work times 1806 9796 1867 1871 1803 1799 2035 1800 2016 1888 1846 1801 2386 1981 2395 2430 1792 1950 1804 1794 1812 1913 1845 1784 1843 9794 9791 9791 1800 2388 9796
Upper bound: 104
Thread work times 16510 3652 3669 3448 3760 3592 3445 3533 16508 3523 3435 3435 4609 4615 16507 3691 3409 3507 3434 3495 16510 3446 3822 3505 3514 4616 3443 3441 3430 3508 16505
Upper bound: 103
Thread work times 9709 9663 9677 30625 9666 9667 30629 9663 9828 9681 9684 9673 9691 9679 9699 9711 9683 9661 9825 30631 9671 9703 9693 9666 9653 10065 9662 30633 9680 30632 9665
Upper bound: 102
Thread work times 24191 17972 17982 17986 17957 17936 17975 17918 17959 24190 17964 17931 17934 17939 24190 24189 17934 18209 17916 24187 18002 17948 17938 17961 17921 18186 17986 17978 17978 17963 17986
Solution size 9
(6 -> 800) (7 -> 527) (22 -> 775) (37 -> 87) (40 -> 1063) (41 -> 882) (46 -> 889) (59 -> 660) (61 -> 884) 
Nodes:                      331986486
CPU time (ms):              100010
TIMEOUT
