Thread work times 0 0 0 0 0 0 0 0 0 0 0 0 0 0 0 0 0 0 0 0 0 0 0 0 0 0 0 0 0 0 0
Upper bound: 127
Thread work times 0 0 0 0 0 0 0 0 0 0 0 0 0 0 0 0 0 0 0 0 0 0 0 0 0 0 0 0 0 0 0
Upper bound: 126
Thread work times 0 0 0 0 0 0 0 0 0 0 0 0 0 0 0 0 0 0 0 0 0 0 0 0 0 0 0 0 0 0 0
Upper bound: 125
Thread work times 27 12 13 12 15 16 16 16 16 16 16 16 16 16 20 22 23 23 18 24 24 18 24 23 22 25 22 19 24 15 24
Upper bound: 124
Thread work times 19 29 24 14 15 25 16 16 15 16 13 13 29 13 15 25 25 15 15 22 30 30 31 31 31 9 9 0 0 32 33
Upper bound: 123
Thread work times 16 16 16 16 37 15 36 16 15 29 9 30 40 22 10 30 31 32 24 36 14 15 32 45 45 47 14 25 14 52 53
Upper bound: 122
Thread work times 71 47 63 41 31 46 57 31 33 48 34 58 58 47 52 58 60 63 60 41 43 61 42 45 40 42 42 45 61 49 59
Upper bound: 121
Thread work times 49 32 32 44 33 43 47 46 24 32 46 45 60 60 63 44 43 63 31 44 63 60 58 24 59 29 15 37 46 31 71
Upper bound: 120
Thread work times 76 60 54 63 62 57 72 49 60 60 63 63 60 58 63 60 57 64 60 71 60 50 48 48 66 60 64 69 63 49 73
Upper bound: 119
Thread work times 85 45 33 54 67 45 74 45 36 57 47 46 48 36 60 52 63 60 63 45 43 62 60 57 53 43 51 42 62 40 39
Upper bound: 118
Thread work times 58 76 99 46 40 60 52 63 53 59 52 63 47 75 42 98 63 55 35 43 58 59 60 51 49 37 59 63 76 61 49
Upper bound: 117
Thread work times 44 130 102 53 45 36 46 60 76 71 128 48 37 41 61 51 70 104 71 49 56 66 47 50 71 50 70 38 45 46 76
Upper bound: 116
Thread work times 119 42 60 60 60 61 49 61 61 63 63 62 63 61 63 58 58 63 58 74 63 63 70 70 114 63 60 60 69 61 118
Upper bound: 115
Thread work times 43 129 42 47 56 47 47 45 54 50 62 64 55 56 55 57 56 47 62 64 42 127 48 48 43 128 45 140 40 58 55
Upper bound: 114
Thread work times 47 70 166 74 63 60 71 73 63 74 64 75 59 75 78 76 79 57 66 77 60 165 60 162 61 74 73 63 77 59 79
Upper bound: 113
Thread work times 163 167 154 53 57 46 47 56 60 48 60 63 63 43 63 61 53 60 56 45 45 60 63 63 55 164 57 49 47 41 60
Upper bound: 112
Thread work times 60 64 63 63 60 51 178 189 60 63 57 64 55 58 70 63 61 63 73 53 62 184 55 183 60 63 56 60 73 60 60
Upper bound: 111
Thread work times 79 73 73 64 63 74 74 74 65 223 78 75 75 75 75 76 79 79 79 79 77 78 80 63 75 75 60 78 74 78 224
Upper bound: 110
Thread work times 239 77 76 238 76 223 76 76 76 79 79 79 76 76 79 79 79 76 64 77 76 76 226 73 79 82 77 79 74 79 77
Upper bound: 109
Thread work times 74 79 78 65 68 251 71 251 78 78 78 65 79 79 79 79 79 73 80 61 75 80 80 79 79 78 78 78 77 249 77
Upper bound: 108
Thread work times 82 84 295 83 61 73 82 263 82 66 82 79 82 83 83 79 82 76 82 74 84 75 79 294 73 82 82 293 73 79 82
Upper bound: 107
Thread work times 329 90 89 90 89 90 90 90 90 90 91 75 91 89 89 90 90 90 75 88 343 90 89 91 344 91 90 330 90 91 340
Upper bound: 106
Thread work times 96 408 95 96 96 96 91 95 407 96 96 96 97 96 96 96 97 97 96 95 94 80 96 96 96 95 85 96 95 407 409
Upper bound: 105
Thread work times 521 520 106 106 107 107 107 107 107 106 107 107 520 106 104 106 107 106 107 107 107 106 107 107 107 107 107 107 106 106 522
Upper bound: 104
Thread work times 670 672 673 123 125 123 123 123 123 122 122 123 123 124 123 123 123 121 124 125 122 123 123 124 120 124 123 123 671 122 123
Upper bound: 103
Thread work times 5910 5926 5930 5930 5930 5928 5918 5914 5922 5922 5925 6628 5924 5926 5925 5924 5927 5932 5934 5932 5932 5932 5932 6633 6634 5911 5921 5916 6631 5910 6635
Upper bound: 102
Thread work times 12474 11461 11452 11451 11463 11468 11477 11466 12476 11451 11440 11445 11447 11449 12473 11475 11449 11480 12478 11470 11472 11465 11444 11461 11456 11460 11452 11446 11447 11444 11475
Upper bound: 101
Thread work times 76409 17237 17247 17254 17259 17258 76406 17266 17255 76408 17265 17224 17230 17254 17272 17242 17244 17246 17252 17224 76409 17229 17234 17239 17240 17246 17227 76406 17236 17230 17253
Solution size 6
(0 -> 31) (22 -> 1812) (28 -> 585) (59 -> 395) (61 -> 644) (74 -> 1458) 
Nodes:                      110424859
CPU time (ms):              100021
TIMEOUT
