Thread work times 10 10 10 10 10 10 10 10 10 10 10 10 11 10 10 10 10 10 10 10 10 10 10 10 10 10 11 11 11 10 10
Upper bound: 19
Thread work times 55 55 56 55 54 55 53 54 54 55 53 55 53 56 55 56 54 54 53 54 53 54 55 52 53 53 55 52 54 54 53
Upper bound: 18
Thread work times 173 169 169 170 171 170 170 171 171 171 169 172 171 169 171 170 170 172 171 169 170 170 172 169 168 172 171 168 170 170 174
Upper bound: 17
Thread work times 220 220 220 214 218 218 219 217 219 220 216 219 221 219 216 219 218 219 217 218 220 218 220 222 218 219 218 218 215 218 217
Upper bound: 16
Thread work times 208 212 208 209 207 211 209 211 210 209 207 210 208 209 208 211 210 208 212 210 210 210 209 208 210 209 207 207 208 211 211
Upper bound: 15
Thread work times 289 273 291 274 277 292 275 275 274 274 275 277 274 275 275 273 272 276 273 290 276 275 274 276 273 273 275 275 274 272 294
Upper bound: 14
Thread work times 360 358 298 301 297 358 298 299 297 300 300 301 300 299 299 298 299 299 301 300 354 297 299 301 299 297 301 299 353 296 297
Upper bound: 13
Thread work times 464 323 325 325 458 323 327 327 326 327 327 324 320 327 324 458 327 326 326 326 326 326 461 463 325 326 322 323 326 325 327
Upper bound: 12
Thread work times 397 665 671 394 399 668 399 400 398 398 399 397 667 397 397 398 393 397 397 398 397 670 399 399 400 396 395 398 397 397 397
Upper bound: 11
Thread work times 10 9 9 9 9 9 9 9 9 9 9 9 9 9 9 9 8 9 9 9 9 9 9 9 9 9 9 9 9 9 9
Solution size 11
(0 -> 120) (1 -> 22) (2 -> 25) (3 -> 26) (4 -> 200) (5 -> 30) (6 -> 37) (7 -> 160) (8 -> 320) (9 -> 340) (10 -> 20) 
Nodes:                      24607996
CPU time (ms):              2494
