Thread work times 0 1 1 1 1 0 1 1 1 1 1 2 2 2 2 2 2 2 2 2 2 2 2 2 2 2 2 0 0 3 0
Upper bound: 19
Thread work times 3 2 1 0 0 0 1 1 0 0 0 0 0 1 0 2 1 0 1 2 2 0 1 0 0 0 0 2 2 1 2
Upper bound: 18
Thread work times 3 2 2 2 3 3 3 2 2 1 2 2 2 2 3 1 2 3 2 3 1 3 2 3 4 3 2 1 2 3 2
Upper bound: 17
Thread work times 5 7 3 5 6 4 6 4 5 4 4 5 3 4 4 4 5 4 5 6 3 4 4 4 6 6 3 6 5 4 5
Upper bound: 16
Thread work times 12 11 10 10 9 8 10 10 10 10 10 9 11 11 10 9 9 11 11 9 9 10 10 11 10 10 10 11 9 10 10
Upper bound: 15
Thread work times 19 17 19 18 16 16 18 16 18 17 16 17 17 17 17 15 16 18 16 17 17 15 15 17 16 17 16 16 18 17 21
Upper bound: 14
Thread work times 30 25 24 24 24 25 23 26 28 25 24 26 27 25 24 24 24 25 23 25 24 24 24 26 28 24 25 25 25 24 23
Upper bound: 13
Thread work times 31 39 31 29 31 29 29 30 30 31 38 34 31 31 31 30 30 31 31 31 32 32 31 38 37 30 31 30 31 32 31
Upper bound: 12
Thread work times 53 38 39 39 40 40 39 39 40 40 39 37 40 40 39 40 40 39 39 39 40 39 39 50 39 49 40 52 47 40 38
Upper bound: 11
Thread work times 77 54 52 53 54 55 75 75 74 53 54 54 55 53 55 54 53 54 54 53 73 53 55 54 54 52 54 53 54 55 54
Upper bound: 10
Thread work times 10 3 3 3 3 3 3 3 3 3 3 3 3 3 3 3 3 3 3 3 3 4 3 3 3 3 4 3 3 3 3
Solution size 10
(0 -> 299) (1 -> 142) (2 -> 133) (3 -> 163) (4 -> 174) (5 -> 274) (6 -> 323) (7 -> 4) (8 -> 11) (9 -> 35) 
Nodes:                      842858
CPU time (ms):              281
