Thread work times 2 0 1 0 0 0 0 1 1 0 1 0 0 0 0 0 1 2 0 1 0 1 0 2 0 0 0 0 1 1 0
Upper bound: 29
Thread work times 1 0 5 2 0 1 1 0 3 0 1 1 2 1 0 1 3 0 0 1 1 1 1 1 1 1 3 0 0 2 4
Upper bound: 28
Thread work times 8 4 3 3 2 5 3 2 2 3 2 3 3 1 6 5 2 2 4 5 7 2 6 5 6 4 6 2 3 4 2
Upper bound: 27
Thread work times 6 11 6 8 11 4 6 6 7 6 9 5 7 10 7 7 11 5 7 6 5 7 9 11 9 8 7 10 5 7 4
Upper bound: 26
Thread work times 9 13 8 11 12 6 14 10 12 11 12 12 8 13 6 13 12 8 10 8 10 10 9 9 7 7 8 10 14 10 8
Upper bound: 25
Thread work times 201 120 146 192 117 150 146 115 136 128 165 193 138 124 116 198 132 123 111 175 199 152 95 161 135 153 149 129 124 161 121
Upper bound: 24
Thread work times 851 790 769 483 757 492 840 741 644 655 637 507 517 765 833 551 626 498 723 509 632 508 736 738 634 502 559 505 637 487 786
Upper bound: 23
Thread work times 2477 3400 2474 2489 2498 2814 2603 2811 3285 3397 2678 2616 2560 2486 2678 2743 2572 2618 2482 2564 3400 2489 2549 2609 3399 2595 2699 2477 2544 2638 3401
Upper bound: 22
Thread work times 17571 17569 17572 17569 17571 17568 17570 17566 17571 17572 17552 17571 17570 17570 17571 17572 17369 17572 17567 17571 17568 17569 17569 17570 17570 17568 17570 17570 17571 17571 17571
Solution size 22
(3 -> 4) (4 -> 50) (5 -> 3) (8 -> 40) (10 -> 71) (12 -> 25) (13 -> 58) (14 -> 18) (15 -> 47) (16 -> 42) (17 -> 41) (18 -> 15) (19 -> 60) (20 -> 22) (22 -> 49) (23 -> 28) (24 -> 51) (25 -> 20) (26 -> 70) (27 -> 44) (28 -> 26) (29 -> 1) 
Nodes:                      1144117077
CPU time (ms):              22081
