Thread work times 48 30 34 32 34 36 36 36 36 36 36 36 36 36 36 36 36 36 43 45 36 47 26 26 40 46 44 43 48 46 38
Upper bound: 48
Thread work times 58 79 58 58 56 68 68 68 68 63 68 68 68 68 68 68 68 68 68 67 73 79 77 68 68 62 68 34 69 68 59
Upper bound: 47
Thread work times 105 103 106 106 114 105 106 105 105 105 105 105 105 105 106 106 105 105 105 106 106 105 106 107 107 112 112 105 105 105 115
Upper bound: 46
Thread work times 194 193 194 194 193 184 194 195 194 185 194 194 196 194 193 192 194 193 193 192 194 194 192 194 194 193 194 194 192 193 196
Upper bound: 45
Thread work times 413 412 405 404 406 411 415 413 412 412 412 413 413 412 413 413 412 413 412 413 412 413 413 413 413 413 413 413 413 412 416
Upper bound: 44
Thread work times 735 693 698 697 733 696 697 733 732 696 696 697 697 697 698 697 698 698 691 690 697 732 695 697 698 697 698 696 695 698 697
Upper bound: 43
Thread work times 1218 1214 1333 1330 1218 1221 1215 1215 1331 1215 1221 1324 1216 1219 1219 1219 1218 1218 1219 1220 1219 1215 1215 1215 1216 1220 1214 1214 1213 1333 1220
Upper bound: 42
Thread work times 97024 97055 97071 97070 97034 97030 97054 97074 97051 97055 97060 97047 97063 97057 97065 97048 97041 97062 97026 97067 97042 97054 97065 97032 97075 97029 97052 97045 97035 97072 97059
Solution size 14
(1 -> 99) (2 -> 18) (3 -> 19) (4 -> 20) (6 -> 181) (7 -> 186) (10 -> 22) (11 -> 23) (13 -> 17) (15 -> 194) (19 -> 532) (45 -> 106) (46 -> 185) (47 -> 187) 
Nodes:                      332960174
CPU time (ms):              100057
TIMEOUT
