Thread work times 97 50 49 50 51 50 56 59 63 63 64 51 64 69 72 63 73 73 80 65 82 84 91 64 41 49 41 73 89 72 77
Upper bound: 128
Thread work times 64 125 56 56 56 56 88 85 73 93 98 81 99 100 102 73 76 108 70 75 111 112 79 112 112 81 84 96 97 46 127
Upper bound: 127
Thread work times 180 128 149 149 158 156 183 183 141 113 152 142 112 113 162 119 168 163 142 158 170 148 112 149 166 160 114 177 164 137 122
Upper bound: 126
Thread work times 229 210 179 212 206 240 214 241 175 190 217 220 221 222 224 224 224 226 226 224 216 224 226 226 219 202 226 207 224 226 226
Upper bound: 125
Thread work times 309 276 280 277 274 308 283 307 254 234 282 279 285 279 279 280 279 279 282 283 280 280 287 280 271 282 273 268 268 285 286
Upper bound: 124
Thread work times 336 336 336 334 337 336 381 380 325 328 380 337 336 334 323 380 322 332 332 335 332 333 335 335 336 335 335 335 336 330 382
Upper bound: 123
Thread work times 593 722 594 728 594 595 594 593 595 594 595 594 594 594 594 593 590 726 595 594 594 594 595 594 596 594 595 593 595 590 726
Upper bound: 122
Thread work times 1405 1080 1077 1076 1074 1402 1077 1076 1077 1076 1077 1076 1076 1077 1076 1076 1078 1075 1075 1073 1403 1077 1076 1076 1402 1078 1076 1077 1078 1077 1077
Upper bound: 121
Thread work times 96547 96495 96507 96495 96545 96498 96498 96496 96532 96539 96537 96540 96503 96506 96511 96510 96511 96512 96515 96521 96521 96521 96523 96528 96525 96533 96542 96491 96495 96496 96544
Solution size 11
(3 -> 1878) (4 -> 1877) (5 -> 1875) (6 -> 1874) (7 -> 1887) (8 -> 1873) (10 -> 1876) (12 -> 1879) (16 -> 1886) (18 -> 1872) (20 -> 1891) 
Nodes:                      167418013
CPU time (ms):              100109
TIMEOUT
