Thread work times 117 66 66 61 66 66 66 66 67 67 67 71 72 78 89 98 98 98 83 100 101 101 110 110 113 66 99 113 115 98 93
Upper bound: 198
Thread work times 60 60 79 127 113 105 112 106 118 111 134 123 119 121 130 128 132 136 115 136 111 147 130 95 66 105 117 155 119 118 141
Upper bound: 197
Thread work times 210 210 206 206 203 206 208 202 205 206 205 206 205 206 208 206 207 198 207 208 206 208 204 206 205 203 208 208 205 205 204
Upper bound: 196
Thread work times 279 282 284 284 282 282 282 281 282 282 282 282 284 282 284 284 284 284 282 284 283 282 282 282 279 284 284 281 282 284 281
Upper bound: 195
Thread work times 359 368 368 370 363 363 352 361 367 367 368 369 368 368 366 368 366 367 368 370 369 369 369 368 370 370 369 370 369 370 372
Upper bound: 194
Thread work times 435 523 421 432 437 525 525 435 433 435 434 435 435 434 435 436 435 434 435 436 435 523 431 435 434 433 436 435 434 437 433
Upper bound: 193
Thread work times 998 1001 1232 999 998 998 1000 998 1231 999 999 1231 993 984 996 998 987 977 1229 998 999 999 995 997 1000 998 999 1229 999 1000 999
Upper bound: 192
Thread work times 3096 2665 3094 3095 2661 2663 2665 2666 2666 2667 2651 3095 2656 2665 2667 3092 2650 2667 2667 2667 2657 2667 2668 2666 2667 2659 2666 2666 2664 2662 2665
Upper bound: 191
Thread work times 8088 9287 8091 8094 9286 9288 8091 8095 9286 8096 8098 8098 8098 8099 8098 8101 8100 8101 8101 8105 8104 8096 8101 8101 8105 9288 8106 8095 8102 8090 8101
Upper bound: 190
Thread work times 27090 32743 27104 27100 27086 27089 27097 27092 27097 27098 27096 27098 27098 27106 32741 27085 27083 27100 27096 27104 32740 27106 27101 27099 27102 27097 27091 27096 27102 32743 27099
Upper bound: 189
Thread work times 51900 51969 51908 51908 51914 51914 51908 51922 51913 51922 51923 51922 51922 51945 51945 51916 51948 51945 51967 51900 51933 51969 51969 51967 51921 51922 51893 51969 51922 51893 51933
Solution size 13
(0 -> 2613) (2 -> 2608) (4 -> 2614) (7 -> 2612) (26 -> 3182) (27 -> 2607) (145 -> 2074) (149 -> 2080) (151 -> 2621) (180 -> 3183) (182 -> 2605) (183 -> 2617) (191 -> 2639) 
Nodes:                      430276404
CPU time (ms):              100098
TIMEOUT
