-- worker thread times 0 0 0 0 0 0 0
-- 1 <35
-- worker thread times 0 0 0 0 0 0 0
-- 1 <34
-- worker thread times 3 2 1 2 3 2 2
-- 4 <33
-- worker thread times 16 16 16 16 15 15 17
-- 18 <32
-- worker thread times 125 123 124 124 126 125 125
-- 128 <31
-- worker thread times 671 669 671 666 670 668 669
-- 673 <30
-- worker thread times 3399 3400 3401 3401 3400 3396 3397
-- 3403 <29
-- worker thread times 18313 18312 18312 18312 18309 18309 18310
-- 18316 <28
-- worker thread times 77450 77449 77450 77450 77450 77449 77450
-- 77452 <27
false 11381056 aborted

100000 1 1 4 18 128 673 3403 18316 77452
FAIL0=1 FAIL1=1 FAIL2=4 FAIL3=18 FAIL4=128 FAIL5=673 FAIL6=3403 FAIL7=18316 FAIL8=77452 
