-- worker thread times 0 0 0 0 0 0 0
-- 1 <20
-- worker thread times 0 0 0 0 0 0 0
-- 1 <19
-- worker thread times 0 0 0 0 0 0 0
-- 1 <18
-- worker thread times 3 2 2 2 2 1 2
-- 4 <17
-- worker thread times 14 15 13 14 14 13 15
-- 16 <16
-- worker thread times 46 44 45 45 46 45 44
-- 48 <15
-- worker thread times 143 142 143 143 142 142 143
-- 146 <14
-- worker thread times 331 332 332 330 329 331 330
-- 335 <13
-- worker thread times 125 125 125 125 125 125 125
true 135398
(0 -> -1) (1 -> 8) (2 -> 16) (3 -> -1) (4 -> -1) (5 -> 13) (6 -> -1) (7 -> 19) (8 -> 11) (9 -> -1) (10 -> -1) (11 -> 7) (12 -> 14) (13 -> 6) (14 -> 12) (15 -> 5) (16 -> 15) (17 -> 0) (18 -> -1) (19 -> -1) 
682 1 1 1 4 16 48 146 335 126
EXCEPT=8 FAIL0=1 FAIL1=1 FAIL2=1 FAIL3=4 FAIL4=16 FAIL5=48 FAIL6=146 FAIL7=335 SIZE=12 
