-- worker thread times 0 0 0 0 0 0 0
-- 1 <35
-- worker thread times 1 1 1 1 1 1 1
-- 2 <34
-- worker thread times 7 5 7 6 6 7 6
-- 8 <33
-- worker thread times 26 25 25 25 26 26 27
-- 28 <32
-- worker thread times 92 91 92 91 93 91 92
-- 95 <31
-- worker thread times 313 312 312 313 313 314 314
-- 317 <30
-- worker thread times 956 955 956 954 955 956 954
-- 959 <29
-- worker thread times 1967 1966 1966 1963 1964 1965 1963
-- 1970 <28
-- worker thread times 3843 3841 3843 3844 3841 3841 3842
-- 3847 <27
-- worker thread times 8404 8405 8403 8405 8402 8405 8403
-- 8410 <26
-- worker thread times 15991 15991 15989 15990 15991 15989 15991
-- 15996 <25
-- worker thread times 29145 29145 29144 29142 29146 29144 29145
-- 29150 <24
-- worker thread times 39209 39209 39210 39209 39209 39209 39209
-- 39211 <23
false 12572978 aborted

100000 1 2 8 28 95 317 959 1970 3847 8410 15996 29150 39211
FAIL0=1 FAIL1=2 FAIL10=15996 FAIL11=29150 FAIL12=39211 FAIL2=8 FAIL3=28 FAIL4=95 FAIL5=317 FAIL6=959 FAIL7=1970 FAIL8=3847 FAIL9=8410 
