-- worker thread times 0 0 0 0 0 0 0
-- 1 <50
-- worker thread times 1 1 2 1 1 1 1
-- 3 <49
-- worker thread times 6 6 5 6 5 5 6
-- 8 <48
-- worker thread times 31 30 29 30 29 30 30
-- 33 <47
-- worker thread times 96 94 96 96 93 92 94
-- 98 <46
-- worker thread times 398 397 395 395 395 393 396
-- 399 <45
-- worker thread times 1222 1218 1221 1219 1221 1220 1221
-- 1225 <44
-- worker thread times 4070 4066 4066 4067 4064 4067 4064
-- 4072 <43
-- worker thread times 13218 13215 13218 13217 13215 13213 13214
-- 13221 <42
-- worker thread times 40460 40459 40457 40458 40454 40453 40458
-- 40463 <41
-- worker thread times 40470 40471 40471 40470 40470 40471 40470
-- 40472 <40
false 7637143 aborted

100000 1 3 8 33 98 399 1225 4072 13221 40463 40472
FAIL0=1 FAIL1=3 FAIL10=40472 FAIL2=8 FAIL3=33 FAIL4=98 FAIL5=399 FAIL6=1225 FAIL7=4072 FAIL8=13221 FAIL9=40463 
