-- worker thread times 0 0 0 0 0 0 0
-- 1 <35
-- worker thread times 0 0 0 0 0 0 0
-- 1 <34
-- worker thread times 3 3 2 2 3 2 2
-- 4 <33
-- worker thread times 14 13 14 14 13 13 12
-- 16 <32
-- worker thread times 51 51 51 52 53 53 53
-- 55 <31
-- worker thread times 189 188 187 188 189 188 188
-- 191 <30
-- worker thread times 653 653 651 653 651 653 652
-- 656 <29
-- worker thread times 2038 2034 2037 2038 2034 2034 2036
-- 2041 <28
-- worker thread times 6196 6197 6195 6193 6194 6193 6196
-- 6200 <27
-- worker thread times 19624 19623 19624 19622 19622 19622 19623
-- 19630 <26
-- worker thread times 62919 62918 62917 62916 62916 62918 62917
-- 62923 <25
-- worker thread times 8275 8275 8275 8275 8275 8275 8275
-- 8276 <24
false 11740865 aborted

100000 1 1 4 16 55 191 656 2041 6200 19630 62923 8276
FAIL0=1 FAIL1=1 FAIL10=62923 FAIL11=8276 FAIL2=4 FAIL3=16 FAIL4=55 FAIL5=191 FAIL6=656 FAIL7=2041 FAIL8=6200 FAIL9=19630 
