-- worker thread times 0 0 0 0 0 0 0
-- 1 <30
-- worker thread times 0 0 0 0 0 0 0
-- 1 <29
-- worker thread times 1 1 1 2 0 1 2
-- 3 <28
-- worker thread times 6 5 6 6 4 5 6
-- 8 <27
-- worker thread times 20 20 20 21 21 20 20
-- 23 <26
-- worker thread times 55 53 56 55 57 55 55
-- 58 <25
-- worker thread times 244 243 241 241 243 241 242
-- 246 <24
-- worker thread times 788 787 786 786 788 788 785
-- 791 <23
-- worker thread times 2581 2581 2580 2579 2580 2579 2576
-- 2585 <22
-- worker thread times 7163 7161 7160 7160 7161 7160 7162
-- 7168 <21
-- worker thread times 22472 22467 22467 22470 22470 22468 22468
-- 22476 <20
-- worker thread times 33953 33952 33953 33952 33953 33952 33953
true 10855631
(0 -> -1) (1 -> 17) (2 -> 22) (3 -> -1) (4 -> 15) (5 -> 21) (6 -> 8) (7 -> 3) (8 -> 19) (9 -> -1) (10 -> -1) (11 -> 26) (12 -> 2) (13 -> 24) (14 -> 5) (15 -> 16) (16 -> -1) (17 -> 4) (18 -> -1) (19 -> -1) (20 -> 0) (21 -> 6) (22 -> -1) (23 -> -1) (24 -> -1) (25 -> -1) (26 -> 7) (27 -> 13) (28 -> 28) (29 -> 11) 
67320 1 1 3 8 23 58 246 791 2585 7168 22476 33954
EXCEPT=11 FAIL0=1 FAIL1=1 FAIL10=22476 FAIL2=3 FAIL3=8 FAIL4=23 FAIL5=58 FAIL6=246 FAIL7=791 FAIL8=2585 FAIL9=7168 SIZE=19 
