-- worker thread times 0 0 0 0 0 0 0
-- 1 <30
-- worker thread times 0 0 0 0 0 0 0
-- 1 <29
-- worker thread times 1 1 1 0 1 1 1
-- 2 <28
-- worker thread times 6 5 4 4 5 5 5
-- 7 <27
-- worker thread times 23 24 23 22 23 24 23
-- 26 <26
-- worker thread times 89 89 88 90 89 88 87
-- 92 <25
-- worker thread times 386 387 382 384 385 385 385
-- 389 <24
-- worker thread times 1304 1304 1302 1302 1302 1303 1305
-- 1307 <23
-- worker thread times 4501 4500 4499 4497 4500 4500 4500
-- 4504 <22
-- worker thread times 14826 14825 14826 14824 14823 14824 14822
-- 14830 <21
-- worker thread times 54575 54572 54575 54574 54572 54572 54574
-- 54579 <20
-- worker thread times 8965 8965 8965 8965 8965 8965 8965
true 11669807
(0 -> 7) (1 -> 24) (2 -> 11) (3 -> 8) (4 -> -1) (5 -> 17) (6 -> 10) (7 -> -1) (8 -> 3) (9 -> 20) (10 -> -1) (11 -> 29) (12 -> -1) (13 -> 13) (14 -> -1) (15 -> 9) (16 -> -1) (17 -> 23) (18 -> 21) (19 -> 19) (20 -> -1) (21 -> 28) (22 -> -1) (23 -> 15) (24 -> -1) (25 -> -1) (26 -> 5) (27 -> 0) (28 -> -1) (29 -> 2) 
84710 1 1 2 7 26 92 389 1307 4504 14830 54579 8966
EXCEPT=11 FAIL0=1 FAIL1=1 FAIL10=54579 FAIL2=2 FAIL3=7 FAIL4=26 FAIL5=92 FAIL6=389 FAIL7=1307 FAIL8=4504 FAIL9=14830 SIZE=19 
