-- worker thread times 0 0 0 0 0 0 0
-- 0 <20
-- worker thread times 0 0 0 0 0 0 0
-- 1 <19
-- worker thread times 0 1 0 0 0 1 1
-- 2 <18
-- worker thread times 3 3 3 3 3 3 4
-- 5 <17
-- worker thread times 13 13 13 14 14 14 14
-- 17 <16
-- worker thread times 51 53 52 54 53 53 53
-- 55 <15
-- worker thread times 143 142 142 142 141 142 141
-- 145 <14
-- worker thread times 264 262 262 263 263 263 264
-- 266 <13
-- worker thread times 240 240 239 239 239 239 240
true 172314
(0 -> 5) (1 -> 6) (2 -> 11) (3 -> 9) (4 -> 18) (5 -> -1) (6 -> -1) (7 -> -1) (8 -> 12) (9 -> -1) (10 -> 3) (11 -> -1) (12 -> 14) (13 -> 4) (14 -> 2) (15 -> -1) (16 -> 10) (17 -> -1) (18 -> 16) (19 -> -1) 
735 0 1 2 5 17 55 145 266 240
EXCEPT=8 FAIL0=0 FAIL1=1 FAIL2=2 FAIL3=5 FAIL4=17 FAIL5=55 FAIL6=145 FAIL7=266 SIZE=12 
