-- worker thread times 0 0 0 0 0 0 0
-- 1 <35
-- worker thread times 0 1 1 0 1 1 1
-- 2 <34
-- worker thread times 2 3 2 3 3 2 2
-- 4 <33
-- worker thread times 16 17 16 17 17 16 16
-- 19 <32
-- worker thread times 43 42 43 43 41 43 44
-- 46 <31
-- worker thread times 126 126 123 126 126 125 126
-- 129 <30
-- worker thread times 382 381 382 382 380 381 381
-- 385 <29
-- worker thread times 1084 1085 1084 1085 1084 1082 1081
-- 1089 <28
-- worker thread times 3172 3171 3165 3168 3169 3168 3169
-- 3175 <27
-- worker thread times 7585 7590 7589 7588 7588 7585 7587
-- 7593 <26
-- worker thread times 18773 18773 18768 18772 18770 18768 18769
-- 18776 <25
-- worker thread times 48537 48541 48541 48541 48540 48540 48540
-- 48547 <24
-- worker thread times 20228 20228 20228 20228 20228 20228 20228
-- 20229 <23
false 12361817 aborted

100000 1 2 4 19 46 129 385 1089 3175 7593 18776 48547 20229
FAIL0=1 FAIL1=2 FAIL10=18776 FAIL11=48547 FAIL12=20229 FAIL2=4 FAIL3=19 FAIL4=46 FAIL5=129 FAIL6=385 FAIL7=1089 FAIL8=3175 FAIL9=7593 
