-- worker thread times 0 0 0 0 0 0 0
-- 1 <35
-- worker thread times 0 0 0 0 0 0 0
-- 1 <34
-- worker thread times 2 1 2 1 1 2 2
-- 3 <33
-- worker thread times 10 10 10 10 10 10 11
-- 12 <32
-- worker thread times 43 42 42 43 43 41 42
-- 45 <31
-- worker thread times 186 184 184 183 184 183 185
-- 188 <30
-- worker thread times 593 593 594 593 592 595 592
-- 597 <29
-- worker thread times 1653 1652 1654 1655 1652 1651 1652
-- 1657 <28
-- worker thread times 3627 3624 3625 3623 3627 3627 3627
-- 3631 <27
-- worker thread times 7700 7698 7698 7699 7699 7698 7698
-- 7704 <26
-- worker thread times 14624 14627 14624 14623 14625 14624 14626
-- 14631 <25
-- worker thread times 27723 27725 27722 27723 27722 27724 27725
-- 27730 <24
-- worker thread times 43790 43790 43789 43789 43789 43790 43789
-- 43793 <23
false 12302571 aborted

100000 1 1 3 12 45 188 597 1657 3631 7704 14631 27730 43793
FAIL0=1 FAIL1=1 FAIL10=14631 FAIL11=27730 FAIL12=43793 FAIL2=3 FAIL3=12 FAIL4=45 FAIL5=188 FAIL6=597 FAIL7=1657 FAIL8=3631 FAIL9=7704 
