-- worker thread times 0 0 0 0 0 0 0
-- 1 <30
-- worker thread times 0 0 0 0 0 0 0
-- 1 <29
-- worker thread times 0 0 1 0 1 0 0
-- 2 <28
-- worker thread times 7 7 6 6 5 7 6
-- 8 <27
-- worker thread times 45 42 44 45 45 43 43
-- 47 <26
-- worker thread times 220 219 216 218 215 218 218
-- 221 <25
-- worker thread times 1172 1169 1170 1171 1171 1171 1170
-- 1175 <24
-- worker thread times 5293 5292 5289 5291 5291 5289 5292
-- 5296 <23
-- worker thread times 26725 26723 26724 26725 26725 26722 26724
-- 26729 <22
-- worker thread times 114 114 114 114 114 114 114
true 4606212
(0 -> -1) (1 -> -1) (2 -> 6) (3 -> 29) (4 -> 10) (5 -> 11) (6 -> 24) (7 -> 14) (8 -> -1) (9 -> 3) (10 -> -1) (11 -> 1) (12 -> 17) (13 -> 28) (14 -> -1) (15 -> 12) (16 -> 20) (17 -> 22) (18 -> 7) (19 -> -1) (20 -> 2) (21 -> -1) (22 -> -1) (23 -> 18) (24 -> 4) (25 -> 25) (26 -> 0) (27 -> -1) (28 -> 16) (29 -> 9) 
33600 1 1 2 8 47 221 1175 5296 26729 115
EXCEPT=9 FAIL0=1 FAIL1=1 FAIL2=2 FAIL3=8 FAIL4=47 FAIL5=221 FAIL6=1175 FAIL7=5296 FAIL8=26729 SIZE=21 
