-- worker thread times 0 0 0 0 0 0 0
-- 2 <30
-- worker thread times 0 0 0 0 0 0 0
-- 3 <29
-- worker thread times 2 2 1 2 2 0 1
-- 4 <28
-- worker thread times 11 10 11 10 9 9 10
-- 14 <27
-- worker thread times 45 45 44 45 45 45 44
-- 49 <26
-- worker thread times 184 184 184 185 184 184 185
-- 188 <25
-- worker thread times 603 601 601 598 601 600 601
-- 606 <24
-- worker thread times 3336 3338 3336 3336 3339 3335 3336
-- 3343 <23
-- worker thread times 15710 15706 15711 15705 15707 15710 15708
-- 15715 <22
-- worker thread times 2802 2802 2802 2802 2802 2802 2802
true 3039922
(0 -> -1) (1 -> 2) (2 -> 27) (3 -> 23) (4 -> 7) (5 -> 10) (6 -> 3) (7 -> 12) (8 -> 16) (9 -> 5) (10 -> -1) (11 -> 29) (12 -> 21) (13 -> 0) (14 -> -1) (15 -> 28) (16 -> 26) (17 -> 6) (18 -> -1) (19 -> 9) (20 -> 18) (21 -> -1) (22 -> 4) (23 -> -1) (24 -> -1) (25 -> -1) (26 -> 24) (27 -> 22) (28 -> 14) (29 -> -1) 
22733 2 3 4 14 49 188 606 3343 15715 2805
EXCEPT=9 FAIL0=2 FAIL1=3 FAIL2=4 FAIL3=14 FAIL4=49 FAIL5=188 FAIL6=606 FAIL7=3343 FAIL8=15715 SIZE=21 
