-- worker thread times 0 0 0 0 0 0 0
-- 1 <25
-- worker thread times 0 0 0 0 0 0 0
-- 1 <24
-- worker thread times 0 0 1 1 1 0 1
-- 2 <23
-- worker thread times 4 4 5 4 3 4 4
-- 6 <22
-- worker thread times 16 17 18 17 16 17 17
-- 20 <21
-- worker thread times 58 57 59 56 56 56 57
-- 60 <20
-- worker thread times 186 186 185 185 185 186 185
-- 189 <19
-- worker thread times 453 453 451 452 452 452 452
-- 456 <18
-- worker thread times 2018 2015 2015 2015 2016 2014 2013
-- 2020 <17
-- worker thread times 796 796 796 796 796 796 796
true 674982
(0 -> 13) (1 -> -1) (2 -> 17) (3 -> 3) (4 -> -1) (5 -> -1) (6 -> 1) (7 -> -1) (8 -> 22) (9 -> -1) (10 -> -1) (11 -> 18) (12 -> -1) (13 -> 6) (14 -> -1) (15 -> 0) (16 -> 16) (17 -> 8) (18 -> 2) (19 -> -1) (20 -> 14) (21 -> 11) (22 -> 7) (23 -> 24) (24 -> 19) 
3556 1 1 2 6 20 60 189 456 2020 797
EXCEPT=9 FAIL0=1 FAIL1=1 FAIL2=2 FAIL3=6 FAIL4=20 FAIL5=60 FAIL6=189 FAIL7=456 FAIL8=2020 SIZE=16 
