-- worker thread times 0 0 0 0 0 0 0
-- 1 <25
-- worker thread times 0 0 0 0 0 0 0
-- 1 <24
-- worker thread times 2 1 1 1 2 2 2
-- 3 <23
-- worker thread times 8 8 8 9 8 8 8
-- 11 <22
-- worker thread times 36 36 37 37 38 35 36
-- 39 <21
-- worker thread times 109 110 109 109 108 108 109
-- 112 <20
-- worker thread times 316 316 317 316 314 316 317
-- 319 <19
-- worker thread times 1159 1160 1159 1159 1159 1157 1159
-- 1163 <18
-- worker thread times 4889 4887 4888 4888 4889 4889 4887
-- 4892 <17
-- worker thread times 1102 1102 1102 1102 1102 1102 1102
true 1445119
(0 -> -1) (1 -> 0) (2 -> 3) (3 -> 21) (4 -> -1) (5 -> -1) (6 -> 12) (7 -> 19) (8 -> 1) (9 -> -1) (10 -> 23) (11 -> 4) (12 -> -1) (13 -> 15) (14 -> 16) (15 -> -1) (16 -> 20) (17 -> 24) (18 -> 7) (19 -> -1) (20 -> 22) (21 -> 11) (22 -> -1) (23 -> -1) (24 -> 14) 
7649 1 1 3 11 39 112 319 1163 4892 1103
EXCEPT=9 FAIL0=1 FAIL1=1 FAIL2=3 FAIL3=11 FAIL4=39 FAIL5=112 FAIL6=319 FAIL7=1163 FAIL8=4892 SIZE=16 
