-- worker thread times 0 0 0 0 0 0 0
-- 0 <30
-- worker thread times 0 0 0 0 0 0 0
-- 1 <29
-- worker thread times 1 1 1 1 1 2 1
-- 3 <28
-- worker thread times 9 9 10 9 10 10 11
-- 12 <27
-- worker thread times 32 30 31 30 30 30 31
-- 33 <26
-- worker thread times 112 110 113 110 111 112 112
-- 115 <25
-- worker thread times 427 427 428 425 428 427 426
-- 430 <24
-- worker thread times 1428 1427 1427 1426 1426 1424 1426
-- 1431 <23
-- worker thread times 3963 3961 3957 3959 3960 3957 3960
-- 3965 <22
-- worker thread times 13585 13583 13582 13584 13586 13582 13579
-- 13589 <21
-- worker thread times 10186 10186 10186 10185 10186 10186 10186
true 4342858
(0 -> -1) (1 -> 10) (2 -> -1) (3 -> 22) (4 -> 24) (5 -> 6) (6 -> 1) (7 -> -1) (8 -> 19) (9 -> 27) (10 -> 0) (11 -> 14) (12 -> 5) (13 -> 21) (14 -> -1) (15 -> -1) (16 -> 3) (17 -> 20) (18 -> 7) (19 -> -1) (20 -> -1) (21 -> 17) (22 -> 25) (23 -> -1) (24 -> 12) (25 -> -1) (26 -> 9) (27 -> 4) (28 -> -1) (29 -> 26) 
29772 0 1 3 12 33 115 430 1431 3965 13589 10187
EXCEPT=10 FAIL0=0 FAIL1=1 FAIL2=3 FAIL3=12 FAIL4=33 FAIL5=115 FAIL6=430 FAIL7=1431 FAIL8=3965 FAIL9=13589 SIZE=20 
