-- worker thread times 0 0 0 0 0 0 0
-- 0 <25
-- worker thread times 0 0 0 0 0 0 0
-- 1 <24
-- worker thread times 1 1 1 0 0 1 1
-- 2 <23
-- worker thread times 7 7 7 8 7 7 7
-- 9 <22
-- worker thread times 30 28 30 30 29 29 29
-- 32 <21
-- worker thread times 103 103 103 102 103 102 101
-- 106 <20
-- worker thread times 288 286 285 284 285 285 285
-- 289 <19
-- worker thread times 1316 1315 1314 1314 1316 1313 1315
-- 1319 <18
-- worker thread times 1807 1807 1806 1807 1807 1807 1807
true 775871
(0 -> -1) (1 -> 24) (2 -> 6) (3 -> -1) (4 -> -1) (5 -> 16) (6 -> -1) (7 -> -1) (8 -> -1) (9 -> 0) (10 -> 21) (11 -> 11) (12 -> 3) (13 -> 17) (14 -> 22) (15 -> -1) (16 -> 9) (17 -> 12) (18 -> 14) (19 -> -1) (20 -> 15) (21 -> 2) (22 -> 13) (23 -> 23) (24 -> 7) 
3570 0 1 2 9 32 106 289 1319 1808
EXCEPT=8 FAIL0=0 FAIL1=1 FAIL2=2 FAIL3=9 FAIL4=32 FAIL5=106 FAIL6=289 FAIL7=1319 SIZE=17 
