-- worker thread times 0 0 0 0 0 0 0
-- 1 <40
-- worker thread times 0 0 0 0 0 0 0
-- 1 <39
-- worker thread times 2 1 3 1 2 2 1
-- 4 <38
-- worker thread times 7 6 7 7 5 6 6
-- 9 <37
-- worker thread times 35 34 33 33 33 35 33
-- 37 <36
-- worker thread times 132 133 132 132 132 133 131
-- 135 <35
-- worker thread times 573 570 570 571 571 571 569
-- 575 <34
-- worker thread times 2433 2432 2429 2430 2431 2431 2432
-- 2436 <33
-- worker thread times 10466 10464 10465 10465 10465 10468 10464
-- 10471 <32
-- worker thread times 50971 50968 50968 50971 50969 50967 50969
-- 50975 <31
-- worker thread times 35349 35348 35349 35349 35348 35349 35349
-- 35350 <30
false 9572987 aborted

100000 1 1 4 9 37 135 575 2436 10471 50975 35350
FAIL0=1 FAIL1=1 FAIL10=35350 FAIL2=4 FAIL3=9 FAIL4=37 FAIL5=135 FAIL6=575 FAIL7=2436 FAIL8=10471 FAIL9=50975 
