-- worker thread times 0 0 0 0 0 0 0
-- 1 <40
-- worker thread times 0 0 0 0 0 0 0
-- 1 <39
-- worker thread times 2 2 1 2 2 2 2
-- 3 <38
-- worker thread times 8 8 9 8 8 8 7
-- 11 <37
-- worker thread times 41 39 39 38 40 39 38
-- 43 <36
-- worker thread times 123 122 121 121 120 123 122
-- 125 <35
-- worker thread times 393 393 392 394 393 393 393
-- 397 <34
-- worker thread times 1650 1648 1648 1649 1650 1648 1649
-- 1654 <33
-- worker thread times 5149 5149 5147 5147 5147 5148 5147
-- 5153 <32
-- worker thread times 16027 16026 16024 16026 16023 16022 16025
-- 16030 <31
-- worker thread times 49237 49233 49237 49236 49234 49235 49236
-- 49242 <30
-- worker thread times 27332 27333 27332 27332 27333 27333 27332
-- 27334 <29
false 10038041 aborted

100000 1 1 3 11 43 125 397 1654 5153 16030 49242 27334
FAIL0=1 FAIL1=1 FAIL10=49242 FAIL11=27334 FAIL2=3 FAIL3=11 FAIL4=43 FAIL5=125 FAIL6=397 FAIL7=1654 FAIL8=5153 FAIL9=16030 
