-- worker thread times 0 0 0 0 0 0 0
-- 1 <25
-- worker thread times 0 0 0 0 0 0 0
-- 1 <24
-- worker thread times 2 1 1 2 2 1 2
-- 3 <23
-- worker thread times 6 5 5 6 6 6 5
-- 7 <22
-- worker thread times 15 16 16 17 17 16 16
-- 19 <21
-- worker thread times 60 59 60 59 59 60 59
-- 63 <20
-- worker thread times 103 103 104 103 103 103 103
-- 107 <19
-- worker thread times 323 323 324 322 324 324 323
-- 327 <18
-- worker thread times 511 512 512 510 512 512 513
-- 517 <17
-- worker thread times 1217 1216 1217 1215 1216 1215 1218
-- 1222 <16
-- worker thread times 1477 1477 1478 1477 1477 1477 1478
true 881869
(0 -> -1) (1 -> 10) (2 -> 17) (3 -> -1) (4 -> 16) (5 -> 23) (6 -> -1) (7 -> -1) (8 -> 20) (9 -> 5) (10 -> 2) (11 -> 1) (12 -> -1) (13 -> 13) (14 -> -1) (15 -> -1) (16 -> 14) (17 -> 7) (18 -> 15) (19 -> -1) (20 -> 9) (21 -> 11) (22 -> -1) (23 -> 8) (24 -> -1) 
3750 1 1 3 7 19 63 107 327 517 1222 1479
EXCEPT=10 FAIL0=1 FAIL1=1 FAIL2=3 FAIL3=7 FAIL4=19 FAIL5=63 FAIL6=107 FAIL7=327 FAIL8=517 FAIL9=1222 SIZE=15 
