-- worker thread times 0 0 0 0 0 0 0
-- 1 <40
-- worker thread times 0 0 0 0 0 0 0
-- 1 <39
-- worker thread times 2 1 3 2 3 3 3
-- 4 <38
-- worker thread times 9 10 9 9 9 9 10
-- 11 <37
-- worker thread times 59 56 59 58 58 58 58
-- 61 <36
-- worker thread times 209 207 208 206 209 209 207
-- 211 <35
-- worker thread times 694 695 693 693 694 695 696
-- 698 <34
-- worker thread times 2512 2511 2512 2510 2510 2511 2511
-- 2515 <33
-- worker thread times 9892 9889 9888 9887 9889 9891 9889
-- 9895 <32
-- worker thread times 41631 41630 41631 41627 41628 41630 41630
-- 41635 <31
-- worker thread times 44960 44960 44959 44960 44960 44960 44960
-- 44962 <30
false 9458283 aborted

100000 1 1 4 11 61 211 698 2515 9895 41635 44962
FAIL0=1 FAIL1=1 FAIL10=44962 FAIL2=4 FAIL3=11 FAIL4=61 FAIL5=211 FAIL6=698 FAIL7=2515 FAIL8=9895 FAIL9=41635 
