-- worker thread times 0 0 0 0 0 0 0
-- 1 <30
-- worker thread times 0 1 1 1 0 0 0
-- 2 <29
-- worker thread times 4 5 6 5 5 6 5
-- 7 <28
-- worker thread times 24 24 25 24 24 22 25
-- 27 <27
-- worker thread times 57 56 56 57 57 58 57
-- 60 <26
-- worker thread times 180 179 180 181 179 180 180
-- 183 <25
-- worker thread times 404 406 407 408 407 406 406
-- 410 <24
-- worker thread times 948 948 946 948 946 945 947
-- 952 <23
-- worker thread times 2026 2024 2026 2025 2025 2025 2024
-- 2030 <22
-- worker thread times 4174 4174 4174 4173 4171 4172 4172
-- 4179 <21
-- worker thread times 8154 8154 8151 8152 8154 8154 8152
-- 8158 <20
-- worker thread times 16975 16973 16974 16975 16973 16972 16972
-- 16979 <19
-- worker thread times 35597 35597 35595 35591 35593 35594 35593
-- 35602 <18
-- worker thread times 31403 31403 31402 31402 31403 31402 31403
-- 31404 <17
false 16358731 aborted

100000 1 2 7 27 60 183 410 952 2030 4179 8158 16979 35602 31404
FAIL0=1 FAIL1=2 FAIL10=8158 FAIL11=16979 FAIL12=35602 FAIL13=31404 FAIL2=7 FAIL3=27 FAIL4=60 FAIL5=183 FAIL6=410 FAIL7=952 FAIL8=2030 FAIL9=4179 
