-- worker thread times 0 0 0 0 0 0 0
-- 1 <30
-- worker thread times 0 0 0 0 0 0 0
-- 1 <29
-- worker thread times 4 4 4 4 4 4 4
-- 6 <28
-- worker thread times 21 22 21 22 21 22 21
-- 24 <27
-- worker thread times 68 68 68 69 68 68 69
-- 71 <26
-- worker thread times 213 209 211 213 210 211 212
-- 215 <25
-- worker thread times 660 658 658 660 659 658 658
-- 663 <24
-- worker thread times 2217 2215 2215 2212 2216 2216 2217
-- 2220 <23
-- worker thread times 399 399 399 399 399 399 399
true 509872
(0 -> 26) (1 -> 21) (2 -> 9) (3 -> -1) (4 -> 12) (5 -> 2) (6 -> 22) (7 -> 18) (8 -> 5) (9 -> 8) (10 -> 15) (11 -> -1) (12 -> 17) (13 -> 28) (14 -> 20) (15 -> 3) (16 -> 16) (17 -> -1) (18 -> -1) (19 -> 14) (20 -> -1) (21 -> 25) (22 -> 13) (23 -> 29) (24 -> -1) (25 -> 11) (26 -> -1) (27 -> 27) (28 -> -1) (29 -> 24) 
3604 1 1 6 24 71 215 663 2220 400
EXCEPT=8 FAIL0=1 FAIL1=1 FAIL2=6 FAIL3=24 FAIL4=71 FAIL5=215 FAIL6=663 FAIL7=2220 SIZE=22 
