-- worker thread times 0 0 0 0 0 0 0
-- 1 <40
-- worker thread times 0 0 0 0 0 0 0
-- 1 <39
-- worker thread times 1 2 1 1 2 1 2
-- 3 <38
-- worker thread times 6 5 6 7 4 6 6
-- 8 <37
-- worker thread times 62 60 63 63 61 61 63
-- 65 <36
-- worker thread times 254 257 255 256 256 254 256
-- 259 <35
-- worker thread times 824 823 823 823 820 821 823
-- 826 <34
-- worker thread times 2098 2095 2097 2095 2096 2098 2096
-- 2101 <33
-- worker thread times 4682 4680 4681 4681 4683 4681 4682
-- 4686 <32
-- worker thread times 9398 9400 9400 9397 9400 9396 9397
-- 9404 <31
-- worker thread times 18513 18514 18516 18511 18513 18511 18512
-- 18519 <30
-- worker thread times 35245 35245 35247 35244 35249 35246 35245
-- 35252 <29
-- worker thread times 17650 17650 17650 17650 17650 17650 17650
true 8361295
(0 -> 3) (1 -> -1) (2 -> -1) (3 -> -1) (4 -> 1) (5 -> 24) (6 -> 23) (7 -> -1) (8 -> 37) (9 -> 11) (10 -> 19) (11 -> 13) (12 -> 27) (13 -> 26) (14 -> 39) (15 -> 7) (16 -> 10) (17 -> -1) (18 -> -1) (19 -> 35) (20 -> 21) (21 -> -1) (22 -> 20) (23 -> 38) (24 -> 2) (25 -> -1) (26 -> -1) (27 -> 12) (28 -> 16) (29 -> 8) (30 -> -1) (31 -> 32) (32 -> 36) (33 -> 14) (34 -> 0) (35 -> 18) (36 -> 34) (37 -> -1) (38 -> 9) (39 -> -1) 
88782 1 1 3 8 65 259 826 2101 4686 9404 18519 35252 17651
EXCEPT=12 FAIL0=1 FAIL1=1 FAIL10=18519 FAIL11=35252 FAIL2=3 FAIL3=8 FAIL4=65 FAIL5=259 FAIL6=826 FAIL7=2101 FAIL8=4686 FAIL9=9404 SIZE=28 
