-- worker thread times 0 0 0 0 0 0 0
-- 0 <30
-- worker thread times 0 0 0 0 0 0 0
-- 1 <29
-- worker thread times 2 3 2 2 2 2 3
-- 4 <28
-- worker thread times 14 13 13 12 13 13 14
-- 15 <27
-- worker thread times 45 47 47 47 45 45 47
-- 49 <26
-- worker thread times 189 189 189 189 190 188 188
-- 193 <25
-- worker thread times 462 462 460 461 460 462 462
-- 465 <24
-- worker thread times 1057 1061 1058 1060 1060 1059 1060
-- 1064 <23
-- worker thread times 2299 2299 2298 2296 2297 2296 2298
-- 2303 <22
-- worker thread times 1370 1370 1370 1370 1370 1370 1370
true 662795
(0 -> -1) (1 -> 9) (2 -> 20) (3 -> 1) (4 -> 24) (5 -> 14) (6 -> 0) (7 -> 2) (8 -> 15) (9 -> -1) (10 -> 4) (11 -> 10) (12 -> 7) (13 -> -1) (14 -> 21) (15 -> 11) (16 -> -1) (17 -> 27) (18 -> -1) (19 -> -1) (20 -> -1) (21 -> 16) (22 -> 25) (23 -> 29) (24 -> 17) (25 -> -1) (26 -> -1) (27 -> 22) (28 -> 13) (29 -> 19) 
5470 0 1 4 15 49 193 465 1064 2303 1371
EXCEPT=9 FAIL0=0 FAIL1=1 FAIL2=4 FAIL3=15 FAIL4=49 FAIL5=193 FAIL6=465 FAIL7=1064 FAIL8=2303 SIZE=21 
