-- worker thread times 0 0 0 0 0 0 0
-- 1 <35
-- worker thread times 0 0 0 0 0 0 0
-- 1 <34
-- worker thread times 2 3 3 3 2 4 3
-- 5 <33
-- worker thread times 16 16 15 16 16 16 15
-- 18 <32
-- worker thread times 54 54 52 52 54 54 53
-- 56 <31
-- worker thread times 172 172 172 173 172 173 172
-- 176 <30
-- worker thread times 555 557 557 555 554 553 552
-- 559 <29
-- worker thread times 1763 1761 1761 1763 1760 1761 1763
-- 1766 <28
-- worker thread times 4553 4552 4551 4550 4551 4552 4551
-- 4556 <27
-- worker thread times 11872 11872 11871 11870 11873 11872 11868
-- 11878 <26
-- worker thread times 31160 31157 31154 31157 31155 31156 31155
-- 31163 <25
-- worker thread times 23698 23698 23698 23698 23697 23698 23698
true 9112448
(0 -> 5) (1 -> 25) (2 -> 26) (3 -> 30) (4 -> 14) (5 -> 12) (6 -> -1) (7 -> 15) (8 -> -1) (9 -> -1) (10 -> 8) (11 -> 34) (12 -> 24) (13 -> -1) (14 -> -1) (15 -> -1) (16 -> -1) (17 -> 0) (18 -> -1) (19 -> 33) (20 -> 7) (21 -> 9) (22 -> -1) (23 -> 1) (24 -> 10) (25 -> -1) (26 -> 17) (27 -> 23) (28 -> 2) (29 -> 18) (30 -> -1) (31 -> 29) (32 -> 32) (33 -> 22) (34 -> 31) 
73884 1 1 5 18 56 176 559 1766 4556 11878 31163 23699
EXCEPT=11 FAIL0=1 FAIL1=1 FAIL10=31163 FAIL2=5 FAIL3=18 FAIL4=56 FAIL5=176 FAIL6=559 FAIL7=1766 FAIL8=4556 FAIL9=11878 SIZE=24 
