Incumbent size: 1
Incumbent size: 2
Incumbent size: 3
Upper bound: 40
Incumbent size: 4
Incumbent size: 5
Upper bound: 39
Incumbent size: 6
Incumbent size: 7
Incumbent size: 8
Incumbent size: 9
Upper bound: 38
Incumbent size: 10
Incumbent size: 11
Incumbent size: 12
Upper bound: 37
Incumbent size: 13
Incumbent size: 14
Incumbent size: 15
Upper bound: 36
Incumbent size: 16
Incumbent size: 17
Incumbent size: 18
Incumbent size: 19
Upper bound: 35
Incumbent size: 20
Upper bound: 34
Solution size 20
(0 -> 56) (1 -> 54) (3 -> 19) (4 -> 16) (5 -> 12) (6 -> 27) (7 -> 32) (8 -> 2) (10 -> 24) (11 -> 55) (12 -> 59) (13 -> 65) (14 -> 36) (15 -> 46) (17 -> 60) (18 -> 57) (19 -> 35) (21 -> 28) (24 -> 34) (25 -> 53) 
Nodes:                      293361344
CPU time (ms):              100000
TIMEOUT
