Incumbent size: 1
Incumbent size: 2
Upper bound: 40
Incumbent size: 3
Upper bound: 39
Incumbent size: 4
Upper bound: 38
Upper bound: 37
Incumbent size: 5
Upper bound: 36
Incumbent size: 6
Upper bound: 35
Incumbent size: 7
Incumbent size: 8
Upper bound: 34
Incumbent size: 9
Incumbent size: 10
Upper bound: 33
Incumbent size: 11
Upper bound: 32
Incumbent size: 12
Incumbent size: 13
Incumbent size: 14
Upper bound: 31
Incumbent size: 15
Incumbent size: 16
Incumbent size: 17
Upper bound: 30
Incumbent size: 18
Incumbent size: 19
Incumbent size: 20
Incumbent size: 21
Incumbent size: 22
Solution size 22
(4 -> 16) (5 -> 14) (8 -> 18) (9 -> 15) (11 -> 27) (12 -> 21) (13 -> 20) (18 -> 2) (19 -> 3) (20 -> 8) (23 -> 26) (24 -> 1) (26 -> 23) (27 -> 40) (28 -> 10) (31 -> 41) (32 -> 7) (35 -> 22) (36 -> 43) (37 -> 5) (38 -> 45) (39 -> 25) 
Nodes:                      369171694
CPU time (ms):              100000
TIMEOUT
