Incumbent size: 1
Incumbent size: 2
Incumbent size: 3
Upper bound: 41
Upper bound: 40
Upper bound: 39
Incumbent size: 4
Upper bound: 38
Upper bound: 37
Incumbent size: 5
Upper bound: 36
Upper bound: 35
Incumbent size: 6
Incumbent size: 7
Upper bound: 34
Incumbent size: 8
Upper bound: 33
Incumbent size: 9
Incumbent size: 10
Upper bound: 32
Incumbent size: 11
Upper bound: 31
Incumbent size: 12
Upper bound: 30
Incumbent size: 13
Solution size 13
(0 -> 41) (1 -> 14) (2 -> 8) (4 -> 34) (5 -> 18) (6 -> 27) (7 -> 0) (10 -> 3) (11 -> 11) (15 -> 13) (16 -> 24) (23 -> 38) (26 -> 42) 
Nodes:                      372921720
CPU time (ms):              100000
TIMEOUT
