Incumbent size: 1
Incumbent size: 2
Upper bound: 52
Upper bound: 51
Incumbent size: 3
Upper bound: 50
Incumbent size: 4
Upper bound: 49
Incumbent size: 5
Upper bound: 48
Incumbent size: 6
Incumbent size: 7
Incumbent size: 8
Upper bound: 47
Incumbent size: 9
Upper bound: 46
Upper bound: 45
Incumbent size: 10
Upper bound: 44
Incumbent size: 11
Incumbent size: 12
Upper bound: 43
Upper bound: 42
Incumbent size: 13
Incumbent size: 14
Upper bound: 41
Solution size 14
(0 -> 1) (1 -> 3) (3 -> 62) (13 -> 0) (15 -> 4) (19 -> 152) (21 -> 79) (29 -> 11) (30 -> 19) (32 -> 34) (35 -> 80) (38 -> 5) (49 -> 147) (51 -> 100) 
Nodes:                      199637628
CPU time (ms):              100000
TIMEOUT
