Incumbent size: 1
Incumbent size: 2
Incumbent size: 3
Incumbent size: 4
Incumbent size: 5
Incumbent size: 6
Incumbent size: 7
Upper bound: 63
Incumbent size: 8
Incumbent size: 9
Incumbent size: 10
Upper bound: 62
Incumbent size: 11
Incumbent size: 12
Incumbent size: 13
Incumbent size: 14
Incumbent size: 15
Incumbent size: 16
Incumbent size: 17
Upper bound: 61
Incumbent size: 18
Incumbent size: 19
Incumbent size: 20
Upper bound: 60
Incumbent size: 21
Incumbent size: 22
Incumbent size: 23
Incumbent size: 24
Incumbent size: 25
Incumbent size: 26
Incumbent size: 27
Incumbent size: 28
Upper bound: 59
Incumbent size: 29
Incumbent size: 30
Incumbent size: 31
Incumbent size: 32
Solution size 32
(0 -> 61) (1 -> 60) (2 -> 65) (3 -> 66) (4 -> 67) (5 -> 68) (6 -> 73) (7 -> 93) (8 -> 1) (9 -> 0) (10 -> 5) (11 -> 6) (13 -> 69) (14 -> 74) (15 -> 94) (16 -> 21) (17 -> 20) (19 -> 11) (20 -> 12) (22 -> 79) (23 -> 99) (24 -> 41) (25 -> 40) (26 -> 45) (28 -> 17) (29 -> 18) (30 -> 78) (31 -> 98) (32 -> 101) (34 -> 46) (36 -> 37) (40 -> 102) 
Nodes:                      279835470
CPU time (ms):              100000
TIMEOUT
