Incumbent size: 1
Incumbent size: 2
Incumbent size: 3
Incumbent size: 4
Incumbent size: 5
Incumbent size: 6
Incumbent size: 7
Incumbent size: 8
Incumbent size: 9
Incumbent size: 10
Incumbent size: 11
Incumbent size: 12
Incumbent size: 13
Incumbent size: 14
Upper bound: 63
Incumbent size: 15
Incumbent size: 16
Upper bound: 62
Incumbent size: 17
Incumbent size: 18
Incumbent size: 19
Incumbent size: 20
Upper bound: 61
Incumbent size: 21
Solution size 21
(3 -> 788) (9 -> 1002) (13 -> 971) (18 -> 898) (19 -> 1052) (20 -> 792) (23 -> 943) (24 -> 895) (26 -> 1004) (28 -> 1028) (29 -> 1038) (30 -> 733) (34 -> 1027) (38 -> 1013) (40 -> 1055) (41 -> 899) (45 -> 861) (51 -> 860) (55 -> 836) (57 -> 1019) (61 -> 886) 
Nodes:                      78841322
CPU time (ms):              100004
TIMEOUT
