Incumbent size: 1
Upper bound: 63
Upper bound: 62
Upper bound: 61
Upper bound: 60
Upper bound: 59
Upper bound: 58
Upper bound: 57
Upper bound: 56
Upper bound: 55
Upper bound: 54
Upper bound: 53
Upper bound: 52
Upper bound: 51
Upper bound: 50
Upper bound: 49
Upper bound: 48
Upper bound: 47
Upper bound: 46
Upper bound: 45
Upper bound: 44
Incumbent size: 2
Upper bound: 43
Upper bound: 42
Upper bound: 41
Solution size 2
(19 -> 0) (20 -> 1) 
Nodes:                      17746239
CPU time (ms):              100055
TIMEOUT
