Incumbent size: 1
Incumbent size: 2
Upper bound: 66
Upper bound: 65
Upper bound: 64
Upper bound: 63
Incumbent size: 3
Incumbent size: 4
Upper bound: 62
Incumbent size: 5
Incumbent size: 6
Incumbent size: 7
Incumbent size: 8
Upper bound: 61
Incumbent size: 9
Upper bound: 60
Incumbent size: 10
Incumbent size: 11
Upper bound: 59
Incumbent size: 12
Upper bound: 58
Incumbent size: 13
Incumbent size: 14
Incumbent size: 15
Upper bound: 57
Solution size 15
(6 -> 438) (7 -> 274) (15 -> 454) (16 -> 107) (21 -> 500) (27 -> 121) (29 -> 86) (36 -> 225) (38 -> 114) (41 -> 465) (45 -> 15) (46 -> 188) (59 -> 372) (61 -> 363) (62 -> 251) 
Nodes:                      93190498
CPU time (ms):              100002
TIMEOUT
