Incumbent size: 1
Upper bound: 72
Upper bound: 71
Incumbent size: 2
Upper bound: 70
Incumbent size: 3
Upper bound: 69
Upper bound: 68
Upper bound: 67
Incumbent size: 4
Incumbent size: 5
Upper bound: 66
Incumbent size: 6
Incumbent size: 7
Incumbent size: 8
Incumbent size: 9
Incumbent size: 10
Solution size 10
(13 -> 446) (20 -> 147) (24 -> 129) (40 -> 148) (42 -> 252) (50 -> 332) (59 -> 227) (61 -> 87) (64 -> 312) (67 -> 146) 
Nodes:                      108604053
CPU time (ms):              100001
TIMEOUT
