Incumbent size: 1
Upper bound: 72
Upper bound: 71
Upper bound: 70
Upper bound: 69
Upper bound: 68
Upper bound: 67
Incumbent size: 2
Incumbent size: 3
Upper bound: 66
Incumbent size: 4
Incumbent size: 5
Incumbent size: 6
Incumbent size: 7
Incumbent size: 8
Incumbent size: 9
Incumbent size: 10
Incumbent size: 11
Upper bound: 65
Solution size 11
(13 -> 195) (20 -> 0) (22 -> 392) (24 -> 231) (29 -> 15) (40 -> 162) (42 -> 152) (59 -> 334) (61 -> 211) (64 -> 166) (67 -> 100) 
Nodes:                      200095682
CPU time (ms):              100000
TIMEOUT
