Incumbent size: 1
Incumbent size: 2
Incumbent size: 3
Incumbent size: 4
Upper bound: 74
Incumbent size: 5
Incumbent size: 6
Incumbent size: 7
Incumbent size: 8
Incumbent size: 9
Incumbent size: 10
Incumbent size: 11
Incumbent size: 12
Incumbent size: 13
Incumbent size: 14
Incumbent size: 15
Incumbent size: 16
Incumbent size: 17
Incumbent size: 18
Incumbent size: 19
Incumbent size: 20
Incumbent size: 21
Incumbent size: 22
Incumbent size: 23
Solution size 23
(0 -> 298) (1 -> 209) (3 -> 133) (4 -> 427) (6 -> 482) (8 -> 127) (9 -> 142) (10 -> 60) (15 -> 449) (17 -> 101) (19 -> 0) (27 -> 4) (31 -> 338) (36 -> 119) (37 -> 303) (38 -> 122) (40 -> 358) (41 -> 469) (45 -> 373) (48 -> 308) (49 -> 123) (51 -> 423) (61 -> 360) 
Nodes:                      113420916
CPU time (ms):              100001
TIMEOUT
