Incumbent size: 1
Upper bound: 79
Upper bound: 78
Upper bound: 77
Upper bound: 76
Upper bound: 75
Upper bound: 74
Upper bound: 73
Upper bound: 72
Upper bound: 71
Upper bound: 70
Incumbent size: 2
Incumbent size: 3
Incumbent size: 4
Incumbent size: 5
Incumbent size: 6
Upper bound: 69
Incumbent size: 7
Incumbent size: 8
Incumbent size: 9
Incumbent size: 10
Upper bound: 68
Upper bound: 67
Incumbent size: 11
Incumbent size: 12
Solution size 12
(5 -> 24) (8 -> 18) (15 -> 11) (17 -> 1) (22 -> 4) (28 -> 28) (35 -> 41) (43 -> 13) (44 -> 29) (56 -> 12) (73 -> 14) (76 -> 15) 
Nodes:                      77349493
CPU time (ms):              100000
TIMEOUT
