Incumbent size: 1
Incumbent size: 2
Incumbent size: 3
Incumbent size: 4
Incumbent size: 5
Incumbent size: 6
Incumbent size: 7
Upper bound: 96
Incumbent size: 8
Incumbent size: 9
Incumbent size: 10
Incumbent size: 11
Incumbent size: 12
Incumbent size: 13
Incumbent size: 14
Incumbent size: 15
Incumbent size: 16
Incumbent size: 17
Incumbent size: 18
Incumbent size: 19
Incumbent size: 20
Incumbent size: 21
Incumbent size: 22
Incumbent size: 23
Incumbent size: 24
Solution size 24
(7 -> 1375) (8 -> 1425) (9 -> 1363) (10 -> 1402) (19 -> 1433) (20 -> 1390) (21 -> 1405) (22 -> 1403) (23 -> 1377) (24 -> 1378) (25 -> 1376) (38 -> 1417) (39 -> 1407) (40 -> 1342) (41 -> 1419) (42 -> 1406) (43 -> 1426) (44 -> 1379) (54 -> 1311) (55 -> 1335) (61 -> 1309) (62 -> 1315) (74 -> 1336) (81 -> 1241) 
Nodes:                      78789391
CPU time (ms):              100010
TIMEOUT
