Incumbent size: 1
Incumbent size: 2
Incumbent size: 3
Incumbent size: 4
Upper bound: 99
Upper bound: 98
Upper bound: 97
Upper bound: 96
Upper bound: 95
Incumbent size: 5
Upper bound: 94
Upper bound: 93
Upper bound: 92
Upper bound: 91
Upper bound: 90
Upper bound: 89
Incumbent size: 6
Upper bound: 88
Upper bound: 87
Upper bound: 86
Upper bound: 85
Upper bound: 84
Incumbent size: 7
Upper bound: 83
Upper bound: 82
Upper bound: 81
Upper bound: 80
Upper bound: 79
Upper bound: 78
Incumbent size: 8
Upper bound: 77
Upper bound: 76
Upper bound: 75
Solution size 8
(22 -> 88) (24 -> 35) (25 -> 134) (29 -> 19) (58 -> 94) (76 -> 20) (78 -> 71) (82 -> 5) 
Nodes:                      145497559
CPU time (ms):              100000
TIMEOUT
