Upper bound: 99
Upper bound: 98
Upper bound: 97
Upper bound: 96
Upper bound: 95
Upper bound: 94
Upper bound: 93
Upper bound: 92
Incumbent size: 1
Incumbent size: 2
Upper bound: 91
Incumbent size: 3
Upper bound: 90
Upper bound: 89
Upper bound: 88
Upper bound: 87
Upper bound: 86
Upper bound: 85
Incumbent size: 4
Upper bound: 84
Upper bound: 83
Upper bound: 82
Upper bound: 81
Upper bound: 80
Upper bound: 79
Upper bound: 78
Incumbent size: 5
Upper bound: 77
Upper bound: 76
Upper bound: 75
Upper bound: 74
Upper bound: 73
Upper bound: 72
Solution size 5
(15 -> 86) (24 -> 8) (40 -> 104) (69 -> 76) (88 -> 42) 
Nodes:                      96806366
CPU time (ms):              100000
TIMEOUT
