Incumbent size: 1
Upper bound: 99
Upper bound: 98
Upper bound: 97
Upper bound: 96
Upper bound: 95
Upper bound: 94
Upper bound: 93
Upper bound: 92
Upper bound: 91
Upper bound: 90
Upper bound: 89
Upper bound: 88
Upper bound: 87
Upper bound: 86
Upper bound: 85
Upper bound: 84
Incumbent size: 2
Upper bound: 83
Upper bound: 82
Upper bound: 81
Incumbent size: 3
Upper bound: 80
Upper bound: 79
Upper bound: 78
Upper bound: 77
Incumbent size: 4
Upper bound: 76
Upper bound: 75
Upper bound: 74
Upper bound: 73
Upper bound: 72
Incumbent size: 5
Upper bound: 71
Solution size 5
(1 -> 1218) (5 -> 1227) (16 -> 1047) (54 -> 1927) (95 -> 169) 
Nodes:                      16017155
CPU time (ms):              100012
TIMEOUT
