Incumbent size: 1
Incumbent size: 2
Incumbent size: 3
Incumbent size: 4
Incumbent size: 5
Incumbent size: 6
Incumbent size: 7
Upper bound: 100
Incumbent size: 8
Upper bound: 99
Upper bound: 98
Upper bound: 97
Upper bound: 96
Incumbent size: 9
Upper bound: 95
Upper bound: 94
Incumbent size: 10
Solution size 10
(0 -> 55) (20 -> 49) (31 -> 71) (33 -> 121) (34 -> 4) (44 -> 74) (65 -> 31) (68 -> 32) (91 -> 117) (100 -> 38) 
Nodes:                      143927407
CPU time (ms):              100000
TIMEOUT
