Incumbent size: 1
Incumbent size: 2
Incumbent size: 3
Incumbent size: 4
Incumbent size: 5
Incumbent size: 6
Incumbent size: 7
Upper bound: 119
Incumbent size: 8
Upper bound: 118
Incumbent size: 9
Incumbent size: 10
Upper bound: 117
Incumbent size: 11
Upper bound: 116
Incumbent size: 12
Solution size 12
(0 -> 218) (1 -> 368) (2 -> 547) (3 -> 1387) (4 -> 1578) (7 -> 601) (9 -> 857) (14 -> 523) (24 -> 1595) (63 -> 1444) (64 -> 274) (69 -> 134) 
Nodes:                      31030144
CPU time (ms):              100005
TIMEOUT
