Incumbent size: 1
Incumbent size: 2
Incumbent size: 3
Incumbent size: 4
Incumbent size: 5
Incumbent size: 6
Incumbent size: 7
Incumbent size: 8
Upper bound: 119
Incumbent size: 9
Incumbent size: 10
Incumbent size: 11
Upper bound: 118
Incumbent size: 12
Incumbent size: 13
Upper bound: 117
Incumbent size: 14
Incumbent size: 15
Upper bound: 116
Incumbent size: 16
Incumbent size: 17
Incumbent size: 18
Incumbent size: 19
Solution size 19
(0 -> 1133) (5 -> 1067) (20 -> 608) (21 -> 523) (22 -> 1573) (25 -> 618) (41 -> 798) (42 -> 198) (60 -> 994) (61 -> 426) (80 -> 1289) (82 -> 309) (83 -> 1056) (85 -> 1665) (87 -> 118) (100 -> 67) (101 -> 160) (102 -> 90) (105 -> 1421) 
Nodes:                      44526636
CPU time (ms):              100004
TIMEOUT
