Incumbent size: 1
Incumbent size: 2
Upper bound: 119
Incumbent size: 3
Incumbent size: 4
Upper bound: 118
Incumbent size: 5
Incumbent size: 6
Incumbent size: 7
Incumbent size: 8
Incumbent size: 9
Incumbent size: 10
Incumbent size: 11
Incumbent size: 12
Incumbent size: 13
Incumbent size: 14
Solution size 14
(0 -> 117) (6 -> 524) (14 -> 516) (20 -> 522) (24 -> 322) (30 -> 530) (36 -> 31) (49 -> 540) (50 -> 138) (65 -> 295) (74 -> 320) (84 -> 412) (87 -> 108) (88 -> 534) 
Nodes:                      92133500
CPU time (ms):              100002
TIMEOUT
