Incumbent size: 1
Upper bound: 120
Upper bound: 119
Incumbent size: 2
Incumbent size: 3
Upper bound: 118
Upper bound: 117
Upper bound: 116
Upper bound: 115
Upper bound: 114
Upper bound: 113
Upper bound: 112
Upper bound: 111
Upper bound: 110
Upper bound: 109
Upper bound: 108
Incumbent size: 4
Incumbent size: 5
Upper bound: 107
Incumbent size: 6
Incumbent size: 7
Incumbent size: 8
Incumbent size: 9
Incumbent size: 10
Solution size 10
(7 -> 630) (9 -> 1951) (19 -> 4294) (31 -> 617) (43 -> 4163) (66 -> 639) (77 -> 2569) (78 -> 1257) (90 -> 3153) (102 -> 608) 
Nodes:                      22224593
CPU time (ms):              100079
TIMEOUT
