Incumbent size: 1
Upper bound: 120
Upper bound: 119
Incumbent size: 2
Upper bound: 118
Incumbent size: 3
Upper bound: 117
Upper bound: 116
Upper bound: 115
Upper bound: 114
Upper bound: 113
Upper bound: 112
Upper bound: 111
Incumbent size: 4
Incumbent size: 5
Upper bound: 110
Incumbent size: 6
Incumbent size: 7
Incumbent size: 8
Incumbent size: 9
Upper bound: 109
Incumbent size: 10
Upper bound: 108
Incumbent size: 11
Incumbent size: 12
Incumbent size: 13
Incumbent size: 14
Incumbent size: 15
Solution size 15
(5 -> 865) (6 -> 572) (7 -> 678) (9 -> 607) (17 -> 869) (18 -> 575) (29 -> 898) (30 -> 890) (42 -> 892) (54 -> 867) (77 -> 686) (89 -> 278) (99 -> 900) (101 -> 582) (113 -> 606) 
Nodes:                      84840264
CPU time (ms):              100005
TIMEOUT
