Incumbent size: 1
Incumbent size: 2
Upper bound: 120
Upper bound: 119
Upper bound: 118
Upper bound: 117
Upper bound: 116
Upper bound: 115
Upper bound: 114
Upper bound: 113
Upper bound: 112
Upper bound: 111
Upper bound: 110
Upper bound: 109
Upper bound: 108
Upper bound: 107
Upper bound: 106
Upper bound: 105
Upper bound: 104
Upper bound: 103
Upper bound: 102
Upper bound: 101
Upper bound: 100
Upper bound: 99
Upper bound: 98
Upper bound: 97
Upper bound: 96
Upper bound: 95
Upper bound: 94
Upper bound: 93
Upper bound: 92
Upper bound: 91
Upper bound: 90
Upper bound: 89
Upper bound: 88
Solution size 2
(0 -> 49) (24 -> 468) 
Nodes:                      66261956
CPU time (ms):              100001
TIMEOUT
