Incumbent size: 1
Incumbent size: 2
Incumbent size: 3
Incumbent size: 4
Incumbent size: 5
Incumbent size: 6
Upper bound: 127
Incumbent size: 7
Upper bound: 126
Incumbent size: 8
Upper bound: 125
Incumbent size: 9
Upper bound: 124
Incumbent size: 10
Incumbent size: 11
Upper bound: 123
Incumbent size: 12
Incumbent size: 13
Upper bound: 122
Incumbent size: 14
Incumbent size: 15
Upper bound: 121
Incumbent size: 16
Upper bound: 120
Solution size 16
(3 -> 424) (14 -> 425) (16 -> 144) (17 -> 287) (20 -> 329) (25 -> 380) (39 -> 381) (43 -> 574) (53 -> 465) (58 -> 261) (71 -> 600) (76 -> 426) (84 -> 260) (103 -> 330) (111 -> 466) (118 -> 507) 
Nodes:                      53487323
CPU time (ms):              100009
TIMEOUT
