Incumbent size: 1
Incumbent size: 2
Upper bound: 127
Upper bound: 126
Upper bound: 125
Upper bound: 124
Upper bound: 123
Upper bound: 122
Upper bound: 121
Upper bound: 120
Upper bound: 119
Upper bound: 118
Incumbent size: 3
Upper bound: 117
Upper bound: 116
Upper bound: 115
Incumbent size: 4
Upper bound: 114
Incumbent size: 5
Upper bound: 113
Incumbent size: 6
Upper bound: 112
Upper bound: 111
Incumbent size: 7
Upper bound: 110
Upper bound: 109
Incumbent size: 8
Upper bound: 108
Upper bound: 107
Incumbent size: 9
Upper bound: 106
Incumbent size: 10
Incumbent size: 11
Upper bound: 105
Solution size 11
(22 -> 598) (37 -> 876) (55 -> 758) (69 -> 801) (83 -> 863) (88 -> 656) (92 -> 842) (95 -> 692) (105 -> 743) (122 -> 878) (126 -> 864) 
Nodes:                      58588532
CPU time (ms):              100009
TIMEOUT
