Incumbent size: 1
Upper bound: 127
Upper bound: 126
Upper bound: 125
Upper bound: 124
Upper bound: 123
Upper bound: 122
Upper bound: 121
Upper bound: 120
Upper bound: 119
Upper bound: 118
Upper bound: 117
Upper bound: 116
Upper bound: 115
Incumbent size: 2
Upper bound: 114
Upper bound: 113
Incumbent size: 3
Upper bound: 112
Upper bound: 111
Incumbent size: 4
Upper bound: 110
Incumbent size: 5
Upper bound: 109
Upper bound: 108
Incumbent size: 6
Upper bound: 107
Upper bound: 106
Incumbent size: 7
Solution size 7
(0 -> 798) (36 -> 739) (37 -> 329) (40 -> 339) (59 -> 355) (76 -> 439) (89 -> 334) 
Nodes:                      40780878
CPU time (ms):              100013
TIMEOUT
