Upper bound: 127
Upper bound: 126
Incumbent size: 1
Upper bound: 125
Incumbent size: 2
Incumbent size: 3
Upper bound: 124
Incumbent size: 4
Upper bound: 123
Upper bound: 122
Incumbent size: 5
Upper bound: 121
Upper bound: 120
Incumbent size: 6
Upper bound: 119
Upper bound: 118
Upper bound: 117
Incumbent size: 7
Upper bound: 116
Upper bound: 115
Upper bound: 114
Upper bound: 113
Incumbent size: 8
Upper bound: 112
Upper bound: 111
Upper bound: 110
Upper bound: 109
Upper bound: 108
Incumbent size: 9
Upper bound: 107
Upper bound: 106
Upper bound: 105
Upper bound: 104
Incumbent size: 10
Solution size 10
(10 -> 241) (12 -> 135) (18 -> 48) (34 -> 137) (37 -> 31) (40 -> 218) (69 -> 17) (77 -> 85) (101 -> 130) (119 -> 276) 
Nodes:                      129190072
CPU time (ms):              100000
TIMEOUT
