Incumbent size: 1
Upper bound: 127
Incumbent size: 2
Upper bound: 126
Upper bound: 125
Upper bound: 124
Incumbent size: 3
Upper bound: 123
Upper bound: 122
Upper bound: 121
Incumbent size: 4
Upper bound: 120
Upper bound: 119
Incumbent size: 5
Upper bound: 118
Incumbent size: 6
Upper bound: 117
Incumbent size: 7
Upper bound: 116
Upper bound: 115
Upper bound: 114
Incumbent size: 8
Upper bound: 113
Upper bound: 112
Upper bound: 111
Incumbent size: 9
Solution size 9
(6 -> 250) (7 -> 103) (23 -> 104) (24 -> 118) (31 -> 123) (32 -> 213) (54 -> 97) (71 -> 208) (78 -> 204) 
Nodes:                      107280655
CPU time (ms):              100000
TIMEOUT
