Incumbent size: 1
Upper bound: 127
Incumbent size: 2
Incumbent size: 3
Upper bound: 126
Upper bound: 125
Upper bound: 124
Incumbent size: 4
Upper bound: 123
Upper bound: 122
Incumbent size: 5
Upper bound: 121
Upper bound: 120
Upper bound: 119
Incumbent size: 6
Upper bound: 118
Upper bound: 117
Upper bound: 116
Incumbent size: 7
Upper bound: 115
Solution size 7
(24 -> 1521) (32 -> 2664) (42 -> 1043) (49 -> 3981) (53 -> 2495) (55 -> 3468) (97 -> 3013) 
Nodes:                      20782994
CPU time (ms):              100040
TIMEOUT
