Incumbent size: 1
Incumbent size: 2
Incumbent size: 3
Incumbent size: 4
Upper bound: 18
Incumbent size: 5
Incumbent size: 6
Incumbent size: 7
Incumbent size: 8
Incumbent size: 9
Incumbent size: 10
Upper bound: 17
Incumbent size: 11
Incumbent size: 12
Incumbent size: 13
Solution size 13
(0 -> 90) (1 -> 212) (2 -> 125) (4 -> 237) (6 -> 86) (7 -> 50) (8 -> 247) (9 -> 118) (10 -> 71) (11 -> 228) (12 -> 226) (13 -> 87) (15 -> 122) 
Nodes:                      231147166
CPU time (ms):              100000
TIMEOUT
