Incumbent size: 1
Incumbent size: 2
Incumbent size: 3
Incumbent size: 4
Incumbent size: 5
Incumbent size: 6
Incumbent size: 7
Incumbent size: 8
Upper bound: 143
Incumbent size: 9
Incumbent size: 10
Incumbent size: 11
Incumbent size: 12
Incumbent size: 13
Incumbent size: 14
Incumbent size: 15
Incumbent size: 16
Incumbent size: 17
Incumbent size: 18
Incumbent size: 19
Incumbent size: 20
Incumbent size: 21
Incumbent size: 22
Incumbent size: 23
Incumbent size: 24
Incumbent size: 25
Upper bound: 142
Incumbent size: 26
Incumbent size: 27
Incumbent size: 28
Incumbent size: 29
Incumbent size: 30
Incumbent size: 31
Incumbent size: 32
Upper bound: 141
Solution size 32
(0 -> 2822) (1 -> 2820) (2 -> 2819) (3 -> 2818) (4 -> 2816) (5 -> 2815) (6 -> 3289) (7 -> 2810) (8 -> 2809) (9 -> 2794) (10 -> 2795) (11 -> 2808) (12 -> 2796) (15 -> 3292) (16 -> 2793) (17 -> 2792) (18 -> 2814) (19 -> 2824) (21 -> 1263) (22 -> 5225) (23 -> 1270) (24 -> 1271) (25 -> 1272) (26 -> 1273) (28 -> 1256) (36 -> 1275) (58 -> 1269) (62 -> 5224) (79 -> 2737) (141 -> 2825) (142 -> 1264) (143 -> 2813) 
Nodes:                      24155072
CPU time (ms):              100140
TIMEOUT
