Upper bound: 162
Incumbent size: 1
Incumbent size: 2
Incumbent size: 3
Incumbent size: 4
Incumbent size: 5
Incumbent size: 6
Incumbent size: 7
Incumbent size: 8
Incumbent size: 9
Incumbent size: 10
Incumbent size: 11
Incumbent size: 12
Incumbent size: 13
Incumbent size: 14
Incumbent size: 15
Incumbent size: 16
Incumbent size: 17
Incumbent size: 18
Incumbent size: 19
Incumbent size: 20
Incumbent size: 21
Incumbent size: 22
Incumbent size: 23
Incumbent size: 24
Incumbent size: 25
Incumbent size: 26
Incumbent size: 27
Incumbent size: 28
Incumbent size: 29
Incumbent size: 30
Incumbent size: 31
Incumbent size: 32
Incumbent size: 33
Incumbent size: 34
Incumbent size: 35
Incumbent size: 36
Incumbent size: 37
Incumbent size: 38
Incumbent size: 39
Incumbent size: 40
Incumbent size: 41
Incumbent size: 42
Incumbent size: 43
Incumbent size: 44
Incumbent size: 45
Incumbent size: 46
Incumbent size: 47
Incumbent size: 48
Incumbent size: 49
Incumbent size: 50
Incumbent size: 51
Incumbent size: 52
Incumbent size: 53
Incumbent size: 54
Upper bound: 161
Incumbent size: 55
Incumbent size: 56
Incumbent size: 57
Incumbent size: 58
Incumbent size: 59
Incumbent size: 60
Incumbent size: 61
Incumbent size: 62
Incumbent size: 63
Incumbent size: 64
Incumbent size: 65
Incumbent size: 66
Incumbent size: 67
Incumbent size: 68
Incumbent size: 69
Incumbent size: 70
Incumbent size: 71
Incumbent size: 72
Incumbent size: 73
Incumbent size: 74
Incumbent size: 75
Incumbent size: 76
Incumbent size: 77
Incumbent size: 78
Incumbent size: 79
Solution size 79
(5 -> 113) (6 -> 187) (7 -> 186) (8 -> 120) (9 -> 121) (10 -> 122) (11 -> 127) (16 -> 149) (24 -> 162) (25 -> 164) (26 -> 165) (27 -> 170) (28 -> 177) (29 -> 176) (30 -> 147) (31 -> 142) (32 -> 137) (33 -> 138) (34 -> 135) (35 -> 130) (36 -> 126) (37 -> 125) (38 -> 131) (39 -> 166) (40 -> 152) (41 -> 151) (42 -> 158) (43 -> 157) (44 -> 154) (45 -> 155) (46 -> 145) (83 -> 117) (84 -> 115) (85 -> 119) (86 -> 109) (87 -> 110) (88 -> 111) (89 -> 106) (90 -> 22) (91 -> 21) (92 -> 25) (93 -> 27) (94 -> 39) (95 -> 38) (96 -> 31) (97 -> 30) (98 -> 97) (99 -> 98) (100 -> 99) (101 -> 100) (102 -> 101) (103 -> 32) (104 -> 57) (105 -> 56) (106 -> 55) (107 -> 62) (108 -> 63) (109 -> 64) (110 -> 192) (111 -> 194) (112 -> 195) (113 -> 216) (114 -> 215) (115 -> 218) (116 -> 236) (117 -> 213) (118 -> 212) (119 -> 210) (120 -> 204) (121 -> 23) (122 -> 105) (125 -> 198) (126 -> 226) (127 -> 225) (128 -> 227) (129 -> 13) (130 -> 223) (131 -> 231) (132 -> 234) 
Nodes:                      196540722
CPU time (ms):              100003
TIMEOUT
