-- 19 1
-- 19 2
-- 19 3
-- 19 4
-- 19 5
-- 19 6
-- 19 7
-- 19 8
-- 19 9
-- 19 10
-- 19 11
-- 19 12
-- 19 13
-- 19 14
-- 19 15
-- 19 16
-- 19 17
-- 19 18
-- 19 19
-- 19 20
-- 19 21
-- 19 22
-- 19 23
-- 19 24
-- 19 25
-- 19 26
-- 19 27
-- 19 28
-- 19 29
-- 20 30
-- 21 31
-- 22 32
-- 307 33
-- 3791 34
-- 4439 35
true 33177519 35
(4 -> 71) (6 -> 36) (9 -> 72) (12 -> 18) (20 -> 10) (21 -> 12) (22 -> 30) (26 -> 84) (28 -> 19) (29 -> 75) (30 -> 21) (38 -> 39) (39 -> 5) (42 -> 88) (43 -> 32) (48 -> 46) (53 -> 57) (55 -> 87) (56 -> 49) (63 -> 65) (66 -> 82) (67 -> 52) (69 -> 41) (71 -> 6) (73 -> 93) (74 -> 16) (76 -> 17) (78 -> 96) (84 -> 64) (85 -> 45) (86 -> 69) (87 -> 51) (95 -> 66) (97 -> 74) (98 -> 28) 
49589
