-- 27 1
-- 27 2
-- 27 3
-- 27 4
-- 27 5
-- 27 6
-- 27 7
-- 27 8
-- 27 9
-- 27 10
-- 27 11
-- 27 12
-- 27 13
-- 27 14
-- 27 15
-- 27 16
-- 27 17
-- 27 18
-- 27 19
-- 27 20
-- 27 21
-- 27 22
-- 27 23
-- 27 24
-- 27 25
-- 27 26
-- 27 27
-- 27 28
-- 27 29
-- 27 30
-- 27 31
-- 27 32
-- 27 33
-- 27 34
-- 27 35
-- 66 36
-- 5221 37
-- 9852 38
true 94104371 aborted 38
(2 -> 96) (6 -> 8) (7 -> 60) (8 -> 4) (13 -> 94) (21 -> 88) (25 -> 42) (26 -> 90) (28 -> 23) (30 -> 37) (36 -> 80) (39 -> 77) (41 -> 17) (45 -> 79) (46 -> 12) (47 -> 61) (48 -> 47) (51 -> 84) (53 -> 65) (60 -> 76) (62 -> 72) (63 -> 99) (66 -> 92) (69 -> 31) (72 -> 89) (73 -> 39) (75 -> 59) (79 -> 69) (80 -> 81) (81 -> 70) (87 -> 43) (89 -> 44) (90 -> 67) (91 -> 55) (92 -> 56) (93 -> 58) (95 -> 82) (98 -> 25) 
100000
