-- 19 1
-- 19 2
-- 19 3
-- 19 4
-- 19 5
-- 19 6
-- 19 7
-- 19 8
-- 19 9
-- 19 10
-- 19 11
-- 19 12
-- 19 13
-- 19 14
-- 19 15
-- 19 16
-- 19 17
-- 19 18
-- 19 19
-- 19 20
-- 19 21
-- 19 22
-- 19 23
-- 20 24
-- 22 25
-- 24 26
-- 33 27
-- 82801 28
true 163956193 aborted 28
(5 -> 29) (8 -> 28) (9 -> 13) (10 -> 34) (11 -> 31) (13 -> 45) (14 -> 20) (15 -> 64) (16 -> 60) (19 -> 61) (24 -> 21) (30 -> 22) (31 -> 15) (32 -> 4) (37 -> 17) (38 -> 19) (47 -> 58) (49 -> 42) (51 -> 27) (52 -> 35) (54 -> 38) (55 -> 44) (56 -> 5) (57 -> 11) (59 -> 46) (62 -> 62) (68 -> 51) (69 -> 0) 
100000
