-- 53 1
-- 53 2
-- 53 3
-- 53 4
-- 53 5
-- 53 6
-- 53 7
-- 53 8
-- 53 9
-- 53 10
-- 53 11
-- 53 12
-- 53 13
-- 53 14
-- 53 15
-- 53 16
-- 53 17
-- 53 18
-- 53 19
-- 53 20
-- 53 21
-- 54 22
-- 54 23
-- 54 24
-- 54 25
-- 54 26
-- 57 27
-- 59 28
-- 74 29
-- 86 30
-- 11353 31
true 90387389 aborted 31
(2 -> 87) (3 -> 88) (12 -> 31) (13 -> 83) (14 -> 69) (15 -> 30) (18 -> 59) (19 -> 29) (20 -> 0) (27 -> 3) (31 -> 84) (33 -> 60) (34 -> 39) (35 -> 28) (41 -> 63) (42 -> 42) (44 -> 17) (51 -> 68) (54 -> 44) (55 -> 79) (57 -> 18) (58 -> 40) (63 -> 54) (67 -> 73) (68 -> 15) (70 -> 51) (72 -> 14) (77 -> 38) (82 -> 61) (87 -> 72) (89 -> 24) 
100000
