-- 18 1
-- 18 2
-- 18 3
-- 18 4
-- 18 5
-- 18 6
-- 18 7
-- 18 8
-- 18 9
-- 18 10
-- 18 11
-- 18 12
-- 18 13
-- 18 14
-- 18 15
-- 18 16
-- 18 17
-- 18 18
-- 18 19
-- 18 20
-- 18 21
-- 18 22
-- 18 23
-- 18 24
-- 23 25
-- 103 26
true 6251958 26
(3 -> 33) (5 -> 84) (8 -> 78) (12 -> 61) (16 -> 81) (22 -> 17) (23 -> 45) (26 -> 48) (29 -> 99) (30 -> 2) (33 -> 98) (36 -> 32) (37 -> 90) (42 -> 24) (50 -> 56) (53 -> 97) (54 -> 86) (60 -> 60) (61 -> 15) (66 -> 6) (67 -> 75) (73 -> 31) (74 -> 28) (83 -> 43) (95 -> 4) (99 -> 47) 
8252
