-- 64 1
-- 64 2
-- 64 3
-- 64 4
-- 64 5
-- 64 6
-- 64 7
-- 64 8
-- 64 9
-- 64 10
-- 64 11
-- 64 12
-- 64 13
-- 64 14
-- 64 15
-- 64 16
-- 64 17
-- 64 18
-- 64 19
-- 64 20
-- 64 21
-- 64 22
-- 64 23
-- 64 24
-- 64 25
-- 64 26
-- 64 27
-- 64 28
-- 64 29
-- 64 30
-- 66 31
-- 169 32
true 128659974 aborted 32
(1 -> 2) (3 -> 28) (6 -> 85) (7 -> 17) (8 -> 20) (15 -> 80) (19 -> 12) (20 -> 61) (26 -> 54) (27 -> 23) (30 -> 79) (32 -> 35) (37 -> 53) (38 -> 74) (46 -> 76) (50 -> 4) (54 -> 71) (58 -> 43) (62 -> 81) (63 -> 39) (65 -> 1) (67 -> 69) (70 -> 19) (74 -> 6) (76 -> 49) (78 -> 25) (79 -> 10) (80 -> 68) (84 -> 3) (86 -> 50) (87 -> 62) (89 -> 73) 
100000
