-- 48 1
-- 48 2
-- 48 3
-- 48 4
-- 48 5
-- 48 6
-- 48 7
-- 48 8
-- 48 9
-- 48 10
-- 48 11
-- 48 12
-- 48 13
-- 48 14
-- 48 15
-- 48 16
-- 48 17
-- 48 18
-- 48 19
-- 48 20
-- 48 21
-- 48 22
-- 48 23
-- 48 24
-- 48 25
-- 48 26
-- 48 27
-- 48 28
-- 48 29
-- 66 30
-- 562 31
true 131558130 aborted 31
(4 -> 61) (5 -> 63) (10 -> 9) (13 -> 30) (15 -> 24) (16 -> 25) (17 -> 15) (21 -> 11) (22 -> 67) (24 -> 74) (27 -> 42) (31 -> 1) (33 -> 38) (35 -> 76) (38 -> 7) (41 -> 21) (46 -> 13) (53 -> 46) (57 -> 36) (61 -> 5) (62 -> 0) (63 -> 2) (64 -> 78) (65 -> 71) (67 -> 79) (70 -> 12) (72 -> 10) (73 -> 77) (75 -> 52) (76 -> 26) (78 -> 27) 
100000
