-- 19 1
-- 19 2
-- 19 3
-- 19 4
-- 19 5
-- 19 6
-- 19 7
-- 19 8
-- 19 9
-- 19 10
-- 19 11
-- 19 12
-- 20 13
-- 20 14
-- 20 15
-- 20 16
-- 20 17
-- 20 18
-- 20 19
-- 20 20
-- 20 21
-- 20 22
-- 20 23
-- 20 24
-- 65 25
-- 143 26
-- 451 27
-- 21420 28
true 21570046 28
(1 -> 10) (2 -> 5) (3 -> 67) (7 -> 9) (8 -> 31) (9 -> 49) (14 -> 30) (17 -> 38) (18 -> 63) (24 -> 32) (27 -> 18) (28 -> 21) (29 -> 48) (30 -> 35) (31 -> 13) (40 -> 24) (47 -> 14) (51 -> 28) (52 -> 57) (54 -> 25) (55 -> 1) (56 -> 66) (59 -> 15) (60 -> 20) (63 -> 44) (66 -> 64) (67 -> 68) (68 -> 29) 
25719
