-- 36 1
-- 36 2
-- 36 3
-- 36 4
-- 36 5
-- 36 6
-- 36 7
-- 36 8
-- 36 9
-- 36 10
-- 36 11
-- 36 12
-- 36 13
-- 36 14
-- 36 15
-- 36 16
-- 36 17
-- 36 18
-- 36 19
-- 36 20
-- 36 21
-- 36 22
-- 36 23
-- 37 24
-- 52 25
-- 88 26
-- 51311 27
-- 66769 28
true 143079429 aborted 28
(0 -> 9) (3 -> 77) (4 -> 64) (9 -> 0) (10 -> 13) (17 -> 65) (20 -> 19) (23 -> 29) (31 -> 38) (32 -> 71) (34 -> 2) (35 -> 43) (41 -> 33) (43 -> 42) (44 -> 7) (45 -> 1) (47 -> 76) (49 -> 46) (51 -> 18) (52 -> 74) (54 -> 55) (55 -> 59) (60 -> 56) (62 -> 70) (66 -> 32) (68 -> 66) (71 -> 73) (75 -> 60) 
100000
