-- 42 1
-- 42 2
-- 42 3
-- 42 4
-- 42 5
-- 42 6
-- 42 7
-- 42 8
-- 42 9
-- 42 10
-- 42 11
-- 42 12
-- 42 13
-- 42 14
-- 42 15
-- 42 16
-- 42 17
-- 42 18
-- 42 19
-- 42 20
-- 42 21
-- 42 22
-- 42 23
-- 42 24
-- 42 25
-- 42 26
-- 42 27
-- 42 28
-- 42 29
-- 42 30
-- 3843 31
true 94871633 aborted 31
(0 -> 51) (6 -> 66) (9 -> 60) (12 -> 11) (24 -> 19) (27 -> 7) (28 -> 79) (30 -> 9) (36 -> 65) (37 -> 85) (39 -> 16) (41 -> 10) (45 -> 3) (52 -> 71) (60 -> 20) (65 -> 88) (67 -> 23) (68 -> 67) (69 -> 42) (70 -> 35) (71 -> 34) (73 -> 40) (74 -> 48) (76 -> 38) (77 -> 69) (81 -> 0) (84 -> 41) (86 -> 73) (87 -> 75) (88 -> 78) (89 -> 25) 
100000
