-- 53 1
-- 53 2
-- 53 3
-- 53 4
-- 53 5
-- 53 6
-- 53 7
-- 53 8
-- 53 9
-- 53 10
-- 53 11
-- 53 12
-- 53 13
-- 53 14
-- 53 15
-- 53 16
-- 53 17
-- 53 18
-- 53 19
-- 53 20
-- 53 21
-- 53 22
-- 53 23
-- 53 24
-- 53 25
-- 53 26
-- 53 27
-- 53 28
-- 53 29
-- 53 30
-- 53 31
-- 105 32
-- 211 33
-- 1194 34
true 95408935 aborted 34
(9 -> 59) (10 -> 15) (13 -> 89) (23 -> 27) (25 -> 22) (26 -> 26) (31 -> 14) (32 -> 49) (34 -> 79) (35 -> 36) (36 -> 18) (39 -> 76) (40 -> 10) (45 -> 2) (47 -> 60) (49 -> 50) (50 -> 88) (51 -> 86) (53 -> 3) (54 -> 19) (55 -> 85) (56 -> 81) (57 -> 33) (60 -> 87) (62 -> 71) (63 -> 5) (64 -> 1) (74 -> 51) (75 -> 84) (80 -> 62) (81 -> 0) (82 -> 28) (84 -> 44) (88 -> 16) 
100000
