-- 18 1
-- 18 2
-- 18 3
-- 18 4
-- 18 5
-- 18 6
-- 18 7
-- 18 8
-- 18 9
-- 18 10
-- 18 11
-- 18 12
-- 18 13
-- 18 14
-- 18 15
-- 18 16
-- 18 17
-- 18 18
-- 18 19
-- 18 20
-- 18 21
-- 18 22
-- 18 23
-- 19 24
-- 19 25
-- 21 26
-- 5527 27
-- 21832 28
true 25732427 28
(0 -> 31) (2 -> 11) (3 -> 1) (4 -> 30) (5 -> 65) (7 -> 10) (8 -> 29) (9 -> 28) (11 -> 3) (12 -> 64) (14 -> 68) (18 -> 58) (20 -> 17) (21 -> 50) (25 -> 63) (30 -> 51) (32 -> 60) (35 -> 23) (38 -> 27) (45 -> 20) (48 -> 37) (50 -> 44) (51 -> 39) (58 -> 15) (62 -> 57) (66 -> 61) (67 -> 52) (69 -> 26) 
25372
