-- 36 1
-- 36 2
-- 36 3
-- 36 4
-- 36 5
-- 36 6
-- 36 7
-- 36 8
-- 36 9
-- 36 10
-- 36 11
-- 36 12
-- 36 13
-- 36 14
-- 36 15
-- 36 16
-- 36 17
-- 36 18
-- 36 19
-- 36 20
-- 36 21
-- 36 22
-- 36 23
-- 36 24
-- 36 25
-- 36 26
-- 36 27
-- 36 28
-- 36 29
-- 36 30
-- 36 31
-- 36 32
-- 36 33
-- 36 34
-- 36 35
-- 36 36
-- 36 37
-- 36 38
-- 36 39
-- 36 40
-- 36 41
-- 36 42
-- 36 43
-- 38 44
-- 3480 45
true 107173763 aborted 45
(0 -> 78) (1 -> 91) (5 -> 52) (8 -> 60) (11 -> 53) (12 -> 34) (13 -> 54) (15 -> 31) (16 -> 81) (18 -> 43) (21 -> 9) (22 -> 99) (25 -> 47) (26 -> 1) (28 -> 87) (29 -> 38) (30 -> 44) (32 -> 84) (35 -> 75) (36 -> 66) (38 -> 0) (40 -> 21) (43 -> 80) (46 -> 98) (49 -> 13) (50 -> 24) (51 -> 89) (53 -> 42) (54 -> 41) (55 -> 93) (56 -> 22) (64 -> 57) (65 -> 59) (66 -> 12) (68 -> 94) (71 -> 14) (76 -> 76) (80 -> 55) (81 -> 28) (84 -> 70) (88 -> 65) (90 -> 30) (94 -> 61) (98 -> 4) (99 -> 83) 
100000
