-- 22 1
-- 22 2
-- 22 3
-- 22 4
-- 22 5
-- 22 6
-- 22 7
-- 22 8
-- 22 9
-- 22 10
-- 22 11
-- 22 12
-- 22 13
-- 22 14
-- 22 15
-- 22 16
-- 22 17
-- 22 18
-- 22 19
-- 22 20
-- 22 21
-- 22 22
-- 22 23
-- 22 24
-- 22 25
-- 22 26
-- 22 27
-- 22 28
-- 22 29
-- 22 30
-- 535 31
true 1396567 31
(4 -> 19) (5 -> 23) (8 -> 62) (12 -> 27) (13 -> 15) (18 -> 48) (19 -> 42) (20 -> 4) (21 -> 51) (23 -> 61) (24 -> 67) (25 -> 24) (26 -> 10) (30 -> 65) (33 -> 53) (35 -> 32) (38 -> 45) (39 -> 64) (41 -> 20) (42 -> 12) (44 -> 22) (45 -> 6) (52 -> 3) (54 -> 41) (55 -> 38) (57 -> 47) (58 -> 7) (61 -> 17) (62 -> 46) (63 -> 58) (66 -> 26) 
2556
