-- 57 1
-- 57 2
-- 57 3
-- 57 4
-- 57 5
-- 57 6
-- 57 7
-- 57 8
-- 58 9
-- 58 10
-- 58 11
-- 58 12
-- 58 13
-- 58 14
-- 58 15
-- 58 16
-- 58 17
-- 58 18
-- 58 19
-- 58 20
-- 58 21
-- 58 22
-- 58 23
-- 58 24
-- 58 25
-- 58 26
-- 62 27
-- 91 28
-- 499 29
-- 2104 30
-- 3505 31
-- 4882 32
-- 6086 33
-- 6118 34
-- 68777 35
true 40260022 aborted 35
(0 -> 32) (1 -> 8) (3 -> 88) (4 -> 62) (11 -> 16) (12 -> 12) (14 -> 6) (17 -> 69) (18 -> 22) (19 -> 24) (20 -> 76) (23 -> 11) (25 -> 14) (29 -> 37) (33 -> 77) (36 -> 23) (38 -> 45) (40 -> 66) (42 -> 39) (44 -> 54) (45 -> 50) (48 -> 49) (49 -> 9) (51 -> 64) (54 -> 57) (56 -> 28) (59 -> 17) (62 -> 35) (65 -> 87) (66 -> 52) (67 -> 86) (71 -> 5) (76 -> 7) (82 -> 25) (86 -> 15) 
100000
