-- 57 1
-- 57 2
-- 57 3
-- 57 4
-- 57 5
-- 57 6
-- 57 7
-- 57 8
-- 57 9
-- 57 10
-- 57 11
-- 57 12
-- 57 13
-- 57 14
-- 58 15
-- 58 16
-- 58 17
-- 58 18
-- 58 19
-- 58 20
-- 58 21
-- 58 22
-- 58 23
-- 58 24
-- 58 25
-- 58 26
-- 58 27
-- 58 28
-- 58 29
-- 58 30
-- 58 31
-- 58 32
-- 58 33
-- 58 34
-- 58 35
-- 58 36
-- 58 37
-- 58 38
-- 85 39
true 107149240 aborted 39
(0 -> 37) (1 -> 70) (3 -> 77) (4 -> 47) (5 -> 40) (8 -> 86) (10 -> 73) (12 -> 64) (14 -> 0) (16 -> 24) (25 -> 56) (30 -> 2) (32 -> 32) (34 -> 41) (35 -> 38) (37 -> 49) (40 -> 15) (41 -> 65) (45 -> 16) (46 -> 85) (49 -> 48) (51 -> 26) (53 -> 30) (56 -> 33) (58 -> 82) (60 -> 5) (68 -> 46) (70 -> 58) (71 -> 44) (73 -> 25) (74 -> 18) (76 -> 80) (77 -> 4) (80 -> 55) (81 -> 57) (82 -> 36) (83 -> 84) (87 -> 68) (89 -> 75) 
100000
