-- 23 1
-- 23 2
-- 23 3
-- 23 4
-- 23 5
-- 23 6
-- 23 7
-- 23 8
-- 23 9
-- 23 10
-- 23 11
-- 23 12
-- 23 13
-- 23 14
-- 23 15
-- 23 16
-- 23 17
-- 23 18
-- 23 19
-- 23 20
-- 23 21
-- 23 22
-- 23 23
-- 23 24
-- 23 25
-- 24 26
-- 24 27
-- 24 28
-- 24 29
-- 24 30
-- 24 31
-- 24 32
-- 24 33
true 568285 33
(1 -> 97) (16 -> 29) (17 -> 48) (18 -> 11) (19 -> 26) (20 -> 80) (27 -> 86) (30 -> 74) (33 -> 91) (35 -> 71) (36 -> 4) (37 -> 57) (40 -> 31) (42 -> 17) (43 -> 79) (48 -> 82) (50 -> 1) (53 -> 39) (63 -> 19) (69 -> 75) (71 -> 62) (73 -> 8) (74 -> 87) (76 -> 34) (77 -> 70) (78 -> 46) (80 -> 66) (83 -> 12) (84 -> 64) (89 -> 14) (92 -> 35) (96 -> 67) (98 -> 20) 
940
