-- 20 1
-- 20 2
-- 20 3
-- 20 4
-- 20 5
-- 20 6
-- 20 7
-- 20 8
-- 20 9
-- 20 10
-- 20 11
-- 20 12
-- 20 13
-- 20 14
-- 20 15
-- 20 16
-- 20 17
-- 20 18
-- 20 19
-- 20 20
-- 20 21
-- 20 22
-- 20 23
-- 20 24
-- 20 25
-- 20 26
-- 20 27
-- 20 28
-- 20 29
-- 20 30
-- 89 31
-- 624 32
-- 2350 33
true 37585096 33
(0 -> 29) (1 -> 12) (4 -> 41) (5 -> 18) (6 -> 14) (8 -> 69) (9 -> 24) (11 -> 11) (18 -> 8) (22 -> 50) (24 -> 21) (27 -> 56) (29 -> 59) (34 -> 64) (35 -> 57) (38 -> 66) (39 -> 38) (41 -> 6) (42 -> 67) (44 -> 16) (45 -> 43) (46 -> 46) (47 -> 28) (50 -> 35) (51 -> 51) (56 -> 58) (57 -> 2) (59 -> 33) (60 -> 13) (62 -> 26) (64 -> 31) (67 -> 15) (68 -> 1) 
42479
