-- 57 1
-- 57 2
-- 57 3
-- 57 4
-- 57 5
-- 57 6
-- 57 7
-- 57 8
-- 57 9
-- 57 10
-- 57 11
-- 57 12
-- 57 13
-- 57 14
-- 57 15
-- 57 16
-- 57 17
-- 57 18
-- 57 19
-- 57 20
-- 57 21
-- 57 22
-- 57 23
-- 57 24
-- 57 25
-- 57 26
-- 57 27
-- 57 28
-- 57 29
-- 57 30
-- 57 31
-- 57 32
-- 57 33
-- 57 34
-- 57 35
-- 57 36
-- 57 37
-- 184 38
-- 682 39
true 30910664 aborted 39
(1 -> 21) (3 -> 40) (4 -> 57) (5 -> 1) (8 -> 75) (9 -> 46) (10 -> 49) (15 -> 30) (16 -> 77) (19 -> 68) (21 -> 25) (27 -> 65) (28 -> 78) (33 -> 34) (35 -> 85) (38 -> 70) (42 -> 20) (43 -> 73) (46 -> 5) (47 -> 88) (49 -> 58) (52 -> 51) (53 -> 82) (55 -> 15) (56 -> 0) (57 -> 2) (58 -> 8) (63 -> 29) (67 -> 28) (68 -> 26) (74 -> 6) (76 -> 83) (77 -> 62) (79 -> 10) (80 -> 11) (84 -> 7) (86 -> 74) (87 -> 18) (88 -> 24) 
100000
