-- 23 1
-- 23 2
-- 23 3
-- 23 4
-- 23 5
-- 23 6
-- 23 7
-- 23 8
-- 23 9
-- 23 10
-- 23 11
-- 23 12
-- 23 13
-- 23 14
-- 23 15
-- 23 16
-- 23 17
-- 23 18
-- 23 19
-- 23 20
-- 23 21
-- 23 22
-- 23 23
-- 23 24
-- 246 25
true 213078225 aborted 25
(2 -> 12) (5 -> 42) (7 -> 1) (9 -> 46) (11 -> 29) (14 -> 21) (17 -> 47) (18 -> 3) (19 -> 2) (20 -> 24) (21 -> 34) (26 -> 11) (27 -> 6) (28 -> 8) (29 -> 26) (30 -> 39) (32 -> 37) (33 -> 31) (35 -> 48) (36 -> 10) (38 -> 22) (39 -> 13) (43 -> 14) (44 -> 9) (49 -> 18) 
100000
