-- 71 1
-- 71 2
-- 71 3
-- 71 4
-- 71 5
-- 71 6
-- 71 7
-- 71 8
-- 71 9
-- 71 10
-- 71 11
-- 71 12
-- 71 13
-- 71 14
-- 71 15
-- 71 16
-- 71 17
-- 71 18
-- 71 19
-- 71 20
-- 71 21
-- 71 22
-- 71 23
-- 71 24
-- 71 25
-- 71 26
-- 71 27
-- 71 28
-- 71 29
-- 71 30
-- 71 31
-- 71 32
-- 71 33
-- 77 34
-- 4314 35
true 39641091 aborted 35
(0 -> 21) (1 -> 61) (3 -> 13) (10 -> 79) (15 -> 26) (16 -> 3) (19 -> 18) (21 -> 85) (23 -> 48) (25 -> 0) (27 -> 72) (30 -> 16) (31 -> 11) (34 -> 51) (37 -> 81) (38 -> 52) (49 -> 44) (53 -> 86) (54 -> 29) (55 -> 80) (57 -> 73) (58 -> 84) (60 -> 50) (62 -> 38) (65 -> 55) (66 -> 35) (68 -> 22) (69 -> 15) (70 -> 78) (71 -> 58) (74 -> 49) (80 -> 62) (81 -> 25) (84 -> 76) (89 -> 89) 
100000
