-- 22 1
-- 22 2
-- 22 3
-- 22 4
-- 22 5
-- 22 6
-- 22 7
-- 22 8
-- 22 9
-- 22 10
-- 22 11
-- 22 12
-- 22 13
-- 22 14
-- 22 15
-- 22 16
-- 22 17
-- 22 18
-- 22 19
-- 22 20
-- 22 21
-- 22 22
-- 22 23
-- 22 24
-- 22 25
-- 22 26
-- 22 27
-- 22 28
-- 22 29
true 583404 29
(5 -> 12) (6 -> 30) (8 -> 39) (10 -> 4) (11 -> 18) (12 -> 45) (16 -> 50) (17 -> 44) (18 -> 28) (22 -> 64) (23 -> 2) (24 -> 52) (25 -> 0) (30 -> 67) (31 -> 53) (36 -> 48) (37 -> 51) (40 -> 27) (47 -> 19) (51 -> 22) (53 -> 7) (54 -> 37) (56 -> 8) (57 -> 55) (58 -> 46) (59 -> 1) (64 -> 23) (66 -> 31) (68 -> 40) 
901
