-- 32 1
-- 32 2
-- 32 3
-- 32 4
-- 32 5
-- 32 6
-- 32 7
-- 32 8
-- 32 9
-- 32 10
-- 32 11
-- 32 12
-- 32 13
-- 32 14
-- 32 15
-- 32 16
-- 32 17
-- 32 18
-- 32 19
-- 32 20
-- 32 21
-- 32 22
-- 32 23
-- 32 24
-- 32 25
-- 32 26
-- 32 27
-- 32 28
-- 32 29
-- 32 30
-- 32 31
-- 32 32
-- 2687 33
true 21976199 33
(0 -> 34) (1 -> 21) (5 -> 28) (7 -> 23) (9 -> 67) (12 -> 1) (16 -> 64) (19 -> 30) (21 -> 43) (23 -> 17) (24 -> 59) (25 -> 35) (27 -> 66) (28 -> 75) (29 -> 60) (31 -> 50) (33 -> 13) (37 -> 40) (38 -> 77) (46 -> 9) (51 -> 32) (52 -> 11) (53 -> 79) (54 -> 62) (61 -> 8) (62 -> 5) (66 -> 16) (71 -> 3) (72 -> 36) (73 -> 61) (76 -> 52) (77 -> 63) (79 -> 70) 
45508
