-- 23 1
-- 23 2
-- 23 3
-- 24 4
-- 24 5
-- 24 6
-- 24 7
-- 24 8
-- 24 9
-- 24 10
-- 24 11
-- 24 12
-- 24 13
-- 24 14
-- 24 15
-- 24 16
-- 24 17
-- 24 18
-- 24 19
-- 24 20
-- 24 21
-- 24 22
-- 24 23
-- 24 24
-- 24 25
-- 24 26
-- 24 27
-- 24 28
-- 24 29
-- 24 30
-- 24 31
-- 24 32
-- 24 33
-- 24 34
-- 24 35
-- 24 36
-- 24 37
-- 480 38
true 3903193 38
(2 -> 72) (3 -> 54) (4 -> 2) (6 -> 12) (9 -> 9) (11 -> 82) (12 -> 56) (18 -> 29) (24 -> 90) (25 -> 77) (26 -> 49) (39 -> 11) (40 -> 31) (43 -> 14) (45 -> 15) (47 -> 50) (50 -> 92) (53 -> 89) (56 -> 44) (58 -> 5) (62 -> 86) (65 -> 30) (66 -> 79) (70 -> 38) (73 -> 93) (74 -> 97) (75 -> 64) (76 -> 80) (77 -> 78) (80 -> 6) (84 -> 4) (85 -> 24) (89 -> 42) (90 -> 7) (91 -> 18) (92 -> 39) (97 -> 48) (98 -> 23) 
8157
