-- 33 1
-- 33 2
-- 33 3
-- 33 4
-- 33 5
-- 33 6
-- 33 7
-- 33 8
-- 33 9
-- 33 10
-- 33 11
-- 33 12
-- 33 13
-- 33 14
-- 33 15
-- 33 16
-- 33 17
-- 33 18
-- 33 19
-- 33 20
-- 33 21
-- 33 22
-- 33 23
-- 33 24
-- 33 25
-- 33 26
-- 33 27
-- 33 28
-- 33 29
-- 33 30
-- 33 31
-- 33 32
-- 33 33
-- 33 34
-- 33 35
-- 220 36
-- 352 37
-- 455 38
true 57330976 aborted 38
(1 -> 39) (2 -> 21) (4 -> 12) (5 -> 65) (11 -> 46) (13 -> 1) (14 -> 5) (15 -> 47) (16 -> 43) (17 -> 49) (28 -> 36) (31 -> 10) (32 -> 57) (33 -> 19) (40 -> 41) (42 -> 72) (44 -> 0) (45 -> 45) (47 -> 24) (48 -> 18) (50 -> 58) (52 -> 75) (55 -> 33) (56 -> 25) (57 -> 16) (60 -> 64) (61 -> 20) (63 -> 6) (64 -> 67) (65 -> 62) (66 -> 15) (67 -> 44) (70 -> 60) (71 -> 35) (73 -> 52) (77 -> 9) (78 -> 40) (79 -> 13) 
100000
