-- 20 1
-- 20 2
-- 20 3
-- 20 4
-- 20 5
-- 20 6
-- 20 7
-- 20 8
-- 20 9
-- 20 10
-- 20 11
-- 20 12
-- 20 13
-- 20 14
-- 20 15
-- 20 16
-- 20 17
-- 20 18
-- 20 19
-- 20 20
-- 20 21
-- 20 22
-- 20 23
-- 20 24
-- 20 25
-- 20 26
-- 20 27
-- 21 28
-- 21 29
-- 21 30
-- 21 31
-- 21 32
true 468699 32
(2 -> 71) (4 -> 95) (5 -> 65) (11 -> 14) (12 -> 25) (16 -> 90) (17 -> 79) (22 -> 69) (24 -> 80) (27 -> 26) (31 -> 20) (32 -> 21) (34 -> 32) (35 -> 5) (38 -> 87) (47 -> 70) (48 -> 3) (52 -> 64) (54 -> 72) (56 -> 8) (58 -> 60) (66 -> 78) (71 -> 53) (72 -> 19) (74 -> 67) (82 -> 18) (85 -> 52) (86 -> 24) (87 -> 1) (94 -> 10) (97 -> 94) (98 -> 47) 
691
