-- 69 1
-- 69 2
-- 69 3
-- 69 4
-- 69 5
-- 69 6
-- 69 7
-- 69 8
-- 69 9
-- 69 10
-- 69 11
-- 69 12
-- 69 13
-- 69 14
-- 69 15
-- 69 16
-- 69 17
-- 69 18
-- 69 19
-- 69 20
-- 69 21
-- 69 22
-- 69 23
-- 69 24
-- 69 25
-- 69 26
-- 69 27
-- 69 28
-- 69 29
-- 69 30
-- 69 31
-- 69 32
-- 69 33
-- 69 34
-- 70 35
-- 71 36
-- 93 37
-- 150 38
-- 203 39
-- 222 40
-- 8707 41
-- 98262 42
true 62060944 aborted 42
(1 -> 2) (2 -> 66) (3 -> 72) (4 -> 12) (5 -> 71) (8 -> 39) (10 -> 32) (11 -> 62) (12 -> 13) (13 -> 63) (14 -> 43) (18 -> 54) (19 -> 40) (22 -> 46) (23 -> 20) (24 -> 69) (26 -> 26) (31 -> 67) (32 -> 75) (33 -> 47) (35 -> 61) (38 -> 30) (44 -> 70) (48 -> 86) (49 -> 68) (54 -> 52) (56 -> 8) (63 -> 58) (64 -> 42) (65 -> 76) (66 -> 82) (69 -> 57) (71 -> 11) (74 -> 9) (75 -> 41) (77 -> 28) (78 -> 5) (79 -> 44) (84 -> 64) (85 -> 53) (86 -> 0) (88 -> 22) 
100000
