-- 18 1
-- 18 2
-- 18 3
-- 18 4
-- 18 5
-- 18 6
-- 18 7
-- 18 8
-- 18 9
-- 18 10
-- 18 11
-- 18 12
-- 18 13
-- 18 14
-- 18 15
-- 18 16
-- 18 17
-- 18 18
-- 18 19
-- 18 20
-- 18 21
-- 18 22
-- 18 23
-- 18 24
-- 18 25
-- 18 26
-- 18 27
true 752522 27
(3 -> 4) (6 -> 31) (8 -> 18) (11 -> 2) (17 -> 24) (18 -> 6) (19 -> 57) (24 -> 58) (25 -> 3) (30 -> 25) (33 -> 51) (34 -> 21) (35 -> 7) (39 -> 16) (43 -> 56) (45 -> 39) (46 -> 55) (47 -> 30) (52 -> 62) (55 -> 17) (57 -> 67) (58 -> 52) (60 -> 60) (62 -> 23) (63 -> 14) (67 -> 8) (68 -> 5) 
1067
