-- 36 1
-- 36 2
-- 36 3
-- 36 4
-- 36 5
-- 36 6
-- 36 7
-- 36 8
-- 36 9
-- 36 10
-- 36 11
-- 36 12
-- 36 13
-- 36 14
-- 36 15
-- 36 16
-- 36 17
-- 36 18
-- 36 19
-- 36 20
-- 36 21
-- 36 22
-- 36 23
-- 36 24
-- 36 25
-- 55 26
-- 706 27
-- 2595 28
-- 24580 29
true 111570099 aborted 29
(1 -> 10) (2 -> 69) (4 -> 71) (7 -> 42) (8 -> 31) (12 -> 3) (13 -> 49) (18 -> 30) (24 -> 41) (26 -> 9) (30 -> 2) (38 -> 51) (42 -> 44) (43 -> 23) (47 -> 29) (51 -> 16) (52 -> 57) (54 -> 78) (55 -> 65) (56 -> 33) (60 -> 36) (61 -> 46) (63 -> 52) (70 -> 72) (71 -> 14) (72 -> 28) (75 -> 4) (76 -> 67) (77 -> 70) 
100000
