-- 41 1
-- 41 2
-- 41 3
-- 41 4
-- 41 5
-- 41 6
-- 41 7
-- 41 8
-- 41 9
-- 41 10
-- 41 11
-- 41 12
-- 41 13
-- 41 14
-- 42 15
-- 43 16
-- 43 17
-- 50 18
-- 50 19
-- 70 20
-- 181 21
-- 280 22
-- 280 23
-- 335 24
-- 796 25
-- 798 26
true 331810 26
(0 -> 49) (3 -> 39) (4 -> 56) (6 -> 82) (8 -> 13) (9 -> 15) (13 -> 55) (16 -> 57) (19 -> 67) (20 -> 53) (21 -> 5) (24 -> 42) (31 -> 78) (37 -> 60) (41 -> 20) (42 -> 71) (43 -> 74) (51 -> 33) (52 -> 69) (61 -> 22) (72 -> 2) (74 -> 40) (78 -> 52) (80 -> 12) (87 -> 84) (88 -> 83) 
847
