-- 24 1
-- 24 2
-- 24 3
-- 24 4
-- 24 5
-- 24 6
-- 24 7
-- 24 8
-- 24 9
-- 24 10
-- 24 11
-- 24 12
-- 24 13
-- 24 14
-- 24 15
-- 24 16
-- 24 17
-- 24 18
-- 24 19
-- 24 20
-- 24 21
-- 24 22
-- 24 23
-- 24 24
-- 24 25
-- 24 26
-- 24 27
-- 24 28
-- 24 29
-- 24 30
-- 24 31
-- 24 32
true 3323624 32
(0 -> 52) (5 -> 73) (7 -> 10) (11 -> 90) (15 -> 17) (20 -> 19) (23 -> 92) (25 -> 15) (26 -> 74) (33 -> 4) (34 -> 11) (40 -> 53) (42 -> 37) (44 -> 34) (45 -> 56) (47 -> 46) (48 -> 16) (49 -> 49) (50 -> 85) (57 -> 38) (67 -> 36) (71 -> 22) (78 -> 9) (79 -> 78) (80 -> 96) (82 -> 29) (83 -> 91) (84 -> 79) (89 -> 89) (91 -> 33) (95 -> 63) (96 -> 76) 
4765
