-- 59 1
-- 59 2
-- 59 3
-- 59 4
-- 59 5
-- 59 6
-- 59 7
-- 59 8
-- 59 9
-- 60 10
-- 60 11
-- 60 12
-- 60 13
-- 60 14
-- 60 15
-- 60 16
-- 60 17
-- 60 18
-- 60 19
-- 60 20
-- 60 21
-- 60 22
-- 60 23
-- 60 24
-- 60 25
-- 60 26
-- 60 27
-- 60 28
-- 60 29
-- 60 30
-- 60 31
-- 60 32
-- 60 33
-- 60 34
-- 60 35
-- 60 36
-- 60 37
-- 60 38
-- 60 39
-- 60 40
-- 60 41
-- 60 42
-- 60 43
-- 60 44
-- 60 45
-- 60 46
-- 60 47
-- 60 48
-- 60 49
-- 60 50
-- 60 51
-- 60 52
true 123519 52
(0 -> 26) (1 -> 25) (3 -> 56) (4 -> 45) (6 -> 28) (8 -> 65) (9 -> 31) (10 -> 24) (11 -> 32) (13 -> 7) (15 -> 34) (17 -> 0) (18 -> 47) (19 -> 89) (22 -> 51) (24 -> 68) (26 -> 11) (27 -> 43) (28 -> 40) (29 -> 3) (31 -> 77) (32 -> 82) (33 -> 20) (34 -> 42) (36 -> 49) (37 -> 50) (39 -> 23) (41 -> 79) (42 -> 52) (43 -> 53) (47 -> 55) (48 -> 61) (49 -> 9) (50 -> 17) (51 -> 73) (53 -> 8) (58 -> 36) (59 -> 15) (60 -> 16) (62 -> 44) (63 -> 22) (66 -> 19) (68 -> 41) (72 -> 58) (73 -> 80) (79 -> 37) (80 -> 78) (81 -> 4) (82 -> 85) (83 -> 12) (84 -> 18) (87 -> 13) 
829
