-- 19 1
-- 19 2
-- 19 3
-- 19 4
-- 19 5
-- 19 6
-- 19 7
-- 19 8
-- 19 9
-- 19 10
-- 19 11
-- 19 12
-- 19 13
-- 19 14
-- 19 15
-- 19 16
-- 19 17
-- 19 18
-- 19 19
-- 19 20
-- 19 21
-- 19 22
-- 19 23
-- 19 24
-- 19 25
-- 19 26
-- 19 27
-- 20 28
true 911816 28
(0 -> 40) (2 -> 10) (4 -> 34) (6 -> 17) (7 -> 3) (8 -> 30) (9 -> 12) (13 -> 4) (15 -> 9) (18 -> 39) (21 -> 45) (22 -> 1) (27 -> 28) (28 -> 24) (29 -> 5) (30 -> 37) (31 -> 15) (32 -> 44) (33 -> 20) (35 -> 8) (37 -> 13) (39 -> 36) (41 -> 6) (42 -> 42) (43 -> 32) (46 -> 11) (47 -> 2) (49 -> 48) 
1500
