-- 16 1
-- 16 2
-- 16 3
-- 16 4
-- 16 5
-- 16 6
-- 16 7
-- 16 8
-- 16 9
-- 16 10
-- 16 11
-- 16 12
-- 16 13
-- 16 14
-- 16 15
-- 16 16
-- 16 17
-- 16 18
-- 16 19
-- 16 20
-- 16 21
-- 16 22
-- 16 23
-- 16 24
-- 16 25
-- 16 26
-- 16 27
-- 16 28
-- 16 29
-- 16 30
-- 16 31
-- 16 32
-- 16 33
-- 16 34
-- 16 35
-- 16 36
true 54 36
(1 -> 52) (5 -> 11) (12 -> 67) (13 -> 33) (15 -> 27) (22 -> 22) (24 -> 92) (25 -> 42) (26 -> 55) (27 -> 7) (29 -> 29) (30 -> 83) (31 -> 0) (34 -> 46) (36 -> 57) (37 -> 78) (45 -> 45) (48 -> 24) (49 -> 2) (51 -> 85) (55 -> 93) (58 -> 95) (59 -> 34) (60 -> 74) (62 -> 20) (65 -> 12) (71 -> 56) (72 -> 13) (77 -> 48) (79 -> 89) (82 -> 32) (84 -> 51) (86 -> 50) (89 -> 19) (92 -> 82) (99 -> 25) 
16
