-- 44 1
-- 44 2
-- 44 3
-- 44 4
-- 44 5
-- 44 6
-- 44 7
-- 44 8
-- 44 9
-- 44 10
-- 44 11
-- 44 12
-- 44 13
-- 44 14
-- 45 15
-- 45 16
-- 45 17
-- 45 18
-- 45 19
-- 45 20
-- 45 21
-- 45 22
-- 45 23
-- 45 24
-- 45 25
-- 45 26
-- 45 27
-- 45 28
-- 45 29
-- 45 30
-- 45 31
-- 45 32
-- 45 33
-- 45 34
-- 45 35
-- 45 36
-- 45 37
-- 45 38
true 41502 38
(0 -> 27) (1 -> 3) (2 -> 59) (5 -> 68) (7 -> 24) (8 -> 5) (9 -> 25) (13 -> 6) (14 -> 49) (15 -> 51) (16 -> 76) (18 -> 41) (19 -> 40) (20 -> 78) (22 -> 13) (23 -> 37) (27 -> 34) (29 -> 43) (30 -> 26) (35 -> 48) (36 -> 73) (38 -> 67) (39 -> 33) (41 -> 0) (44 -> 38) (48 -> 44) (52 -> 10) (54 -> 50) (58 -> 31) (59 -> 62) (63 -> 55) (66 -> 16) (67 -> 29) (69 -> 77) (71 -> 58) (77 -> 74) (78 -> 66) (79 -> 14) 
150
