-- 19 1
-- 19 2
-- 19 3
-- 19 4
-- 19 5
-- 19 6
-- 19 7
-- 19 8
-- 19 9
-- 19 10
-- 20 11
-- 20 12
-- 20 13
-- 20 14
-- 20 15
-- 20 16
-- 20 17
-- 20 18
-- 20 19
-- 20 20
-- 20 21
-- 20 22
-- 20 23
-- 20 24
-- 20 25
-- 20 26
-- 20 27
-- 20 28
-- 20 29
-- 20 30
-- 20 31
-- 20 32
-- 20 33
-- 20 34
true 1194 34
(3 -> 64) (5 -> 43) (6 -> 32) (7 -> 11) (8 -> 38) (10 -> 1) (11 -> 69) (13 -> 42) (18 -> 23) (20 -> 56) (21 -> 28) (22 -> 39) (23 -> 57) (24 -> 10) (27 -> 9) (28 -> 7) (29 -> 4) (30 -> 65) (31 -> 59) (33 -> 0) (34 -> 21) (35 -> 51) (38 -> 60) (41 -> 44) (42 -> 16) (44 -> 12) (46 -> 36) (55 -> 20) (56 -> 62) (59 -> 46) (60 -> 17) (62 -> 15) (65 -> 25) (66 -> 22) 
22
