-- 52 1
-- 52 2
-- 52 3
-- 52 4
-- 52 5
-- 52 6
-- 52 7
-- 52 8
-- 52 9
-- 52 10
-- 52 11
-- 52 12
-- 52 13
-- 52 14
-- 52 15
-- 52 16
-- 52 17
-- 52 18
-- 52 19
-- 52 20
-- 52 21
-- 52 22
-- 52 23
-- 52 24
-- 52 25
-- 52 26
-- 52 27
-- 52 28
-- 52 29
-- 52 30
-- 52 31
-- 52 32
-- 52 33
-- 52 34
-- 154 35
-- 154 36
-- 203 37
-- 206 38
-- 206 39
-- 206 40
-- 206 41
-- 206 42
-- 206 43
-- 206 44
-- 206 45
true 33907 45
(0 -> 14) (1 -> 87) (2 -> 76) (3 -> 31) (4 -> 48) (8 -> 12) (9 -> 28) (12 -> 88) (13 -> 86) (14 -> 83) (16 -> 80) (17 -> 32) (18 -> 53) (20 -> 9) (21 -> 30) (22 -> 19) (23 -> 55) (25 -> 2) (29 -> 43) (30 -> 52) (33 -> 45) (36 -> 46) (38 -> 67) (39 -> 0) (47 -> 1) (48 -> 65) (54 -> 61) (59 -> 77) (60 -> 62) (63 -> 51) (64 -> 5) (65 -> 34) (68 -> 63) (70 -> 21) (71 -> 27) (73 -> 84) (74 -> 42) (75 -> 66) (76 -> 16) (79 -> 68) (80 -> 37) (82 -> 35) (84 -> 57) (85 -> 39) (88 -> 56) 
235
