-- 40 1
-- 40 2
-- 40 3
-- 40 4
-- 40 5
-- 40 6
-- 40 7
-- 40 8
-- 40 9
-- 40 10
-- 40 11
-- 40 12
-- 40 13
-- 40 14
-- 40 15
-- 40 16
-- 40 17
-- 40 18
-- 41 19
-- 41 20
-- 41 21
-- 41 22
-- 41 23
-- 41 24
-- 41 25
-- 41 26
-- 41 27
-- 41 28
-- 41 29
-- 41 30
-- 41 31
-- 41 32
-- 41 33
-- 41 34
-- 41 35
-- 41 36
-- 41 37
-- 41 38
-- 41 39
-- 41 40
-- 41 41
-- 41 42
true 359178 42
(2 -> 8) (3 -> 28) (6 -> 43) (7 -> 33) (8 -> 9) (9 -> 25) (11 -> 1) (12 -> 46) (14 -> 36) (18 -> 75) (20 -> 4) (21 -> 49) (22 -> 78) (23 -> 39) (25 -> 3) (27 -> 2) (28 -> 71) (29 -> 17) (32 -> 72) (35 -> 13) (36 -> 77) (37 -> 16) (42 -> 42) (45 -> 64) (47 -> 58) (49 -> 0) (52 -> 50) (55 -> 51) (56 -> 62) (57 -> 67) (58 -> 47) (59 -> 26) (60 -> 53) (62 -> 6) (64 -> 52) (68 -> 44) (69 -> 14) (70 -> 40) (73 -> 61) (75 -> 68) (77 -> 70) (79 -> 11) 
643
