-- 54 1
-- 54 2
-- 54 3
-- 54 4
-- 54 5
-- 54 6
-- 54 7
-- 54 8
-- 54 9
-- 54 10
-- 54 11
-- 54 12
-- 54 13
-- 54 14
-- 54 15
-- 54 16
-- 54 17
-- 54 18
-- 54 19
-- 54 20
-- 54 21
-- 54 22
-- 54 23
-- 54 24
-- 54 25
-- 54 26
-- 54 27
-- 54 28
-- 54 29
-- 54 30
-- 54 31
-- 54 32
-- 54 33
-- 54 34
-- 54 35
-- 54 36
-- 54 37
-- 54 38
-- 54 39
-- 54 40
-- 54 41
-- 54 42
-- 54 43
-- 54 44
true 172287 44
(2 -> 72) (3 -> 84) (5 -> 63) (6 -> 52) (9 -> 68) (10 -> 77) (13 -> 16) (14 -> 37) (16 -> 55) (19 -> 22) (20 -> 33) (22 -> 53) (23 -> 35) (25 -> 39) (26 -> 15) (27 -> 0) (28 -> 27) (29 -> 14) (30 -> 9) (35 -> 62) (40 -> 78) (42 -> 57) (43 -> 23) (44 -> 87) (45 -> 80) (47 -> 49) (51 -> 31) (52 -> 24) (54 -> 21) (56 -> 36) (62 -> 43) (63 -> 19) (65 -> 1) (66 -> 88) (68 -> 10) (71 -> 40) (73 -> 11) (74 -> 54) (80 -> 44) (82 -> 34) (83 -> 20) (86 -> 81) (87 -> 32) (88 -> 58) 
648
