-- 38 1
-- 38 2
-- 38 3
-- 38 4
-- 38 5
-- 38 6
-- 38 7
-- 38 8
-- 38 9
-- 38 10
-- 38 11
-- 38 12
-- 38 13
-- 38 14
-- 38 15
-- 38 16
-- 38 17
-- 38 18
-- 38 19
-- 39 20
-- 39 21
-- 39 22
-- 39 23
-- 39 24
-- 39 25
-- 39 26
-- 39 27
-- 39 28
-- 39 29
-- 39 30
-- 39 31
-- 39 32
-- 39 33
-- 39 34
-- 39 35
true 354 35
(5 -> 88) (8 -> 37) (9 -> 48) (14 -> 33) (15 -> 28) (18 -> 55) (19 -> 17) (22 -> 89) (27 -> 24) (28 -> 53) (32 -> 32) (33 -> 34) (35 -> 36) (39 -> 11) (42 -> 68) (44 -> 14) (46 -> 25) (47 -> 7) (50 -> 50) (51 -> 15) (53 -> 46) (54 -> 61) (61 -> 39) (63 -> 0) (64 -> 73) (67 -> 72) (70 -> 38) (71 -> 84) (72 -> 16) (73 -> 9) (77 -> 10) (79 -> 41) (82 -> 70) (85 -> 87) (88 -> 52) 
40
