-- 72 1
-- 72 2
-- 72 3
-- 72 4
-- 72 5
-- 72 6
-- 72 7
-- 72 8
-- 72 9
-- 72 10
-- 72 11
-- 72 12
-- 72 13
-- 72 14
-- 72 15
-- 72 16
-- 72 17
-- 72 18
-- 72 19
-- 72 20
-- 72 21
-- 72 22
-- 72 23
-- 72 24
-- 72 25
-- 73 26
-- 73 27
-- 73 28
-- 73 29
-- 73 30
-- 73 31
-- 73 32
-- 73 33
-- 73 34
-- 73 35
-- 73 36
-- 73 37
-- 73 38
-- 73 39
-- 73 40
-- 73 41
-- 73 42
-- 73 43
-- 73 44
-- 73 45
-- 73 46
-- 73 47
-- 73 48
-- 73 49
-- 73 50
-- 73 51
-- 73 52
-- 73 53
-- 73 54
-- 73 55
-- 73 56
-- 73 57
-- 73 58
-- 73 59
-- 73 60
-- 73 61
-- 73 62
-- 73 63
true 3470 63
(0 -> 47) (1 -> 24) (2 -> 46) (3 -> 23) (4 -> 22) (5 -> 85) (6 -> 89) (7 -> 39) (9 -> 77) (10 -> 10) (11 -> 0) (12 -> 55) (13 -> 11) (15 -> 73) (16 -> 52) (17 -> 26) (18 -> 35) (21 -> 62) (22 -> 88) (25 -> 86) (26 -> 2) (27 -> 80) (28 -> 65) (29 -> 12) (30 -> 4) (31 -> 33) (32 -> 40) (33 -> 28) (34 -> 19) (38 -> 1) (40 -> 75) (43 -> 56) (44 -> 36) (45 -> 70) (46 -> 8) (48 -> 17) (49 -> 13) (50 -> 16) (51 -> 29) (53 -> 84) (55 -> 44) (57 -> 7) (59 -> 60) (60 -> 48) (61 -> 34) (62 -> 83) (63 -> 58) (64 -> 59) (65 -> 87) (67 -> 81) (71 -> 27) (72 -> 18) (74 -> 79) (75 -> 49) (76 -> 9) (82 -> 54) (83 -> 68) (84 -> 5) (85 -> 32) (86 -> 42) (87 -> 67) (88 -> 71) (89 -> 45) 
103
