-- 7 1
-- 7 2
-- 7 3
-- 7 4
-- 7 5
-- 7 6
-- 7 7
-- 7 8
-- 7 9
-- 7 10
-- 7 11
-- 7 12
-- 7 13
-- 7 14
-- 7 15
-- 7 16
-- 7 17
-- 7 18
-- 7 19
-- 7 20
-- 7 21
-- 7 22
-- 7 23
-- 7 24
-- 7 25
-- 7 26
-- 7 27
true 312 27
(0 -> 6) (1 -> 0) (2 -> 10) (3 -> 14) (4 -> 28) (5 -> 19) (6 -> 20) (7 -> 27) (8 -> 3) (9 -> 12) (10 -> 1) (12 -> 7) (14 -> 4) (15 -> 21) (17 -> 32) (19 -> 33) (20 -> 23) (22 -> 5) (23 -> 13) (24 -> 16) (25 -> 34) (27 -> 15) (28 -> 9) (29 -> 2) (32 -> 17) (33 -> 11) (34 -> 22) 
7
