-- 18 1
-- 18 2
-- 18 3
-- 18 4
-- 18 5
-- 18 6
-- 18 7
-- 18 8
-- 18 9
-- 18 10
-- 18 11
-- 18 12
-- 18 13
-- 18 14
-- 18 15
-- 18 16
-- 18 17
-- 18 18
-- 18 19
-- 18 20
-- 18 21
-- 18 22
-- 19 23
-- 19 24
-- 19 25
-- 19 26
-- 19 27
-- 19 28
-- 19 29
-- 19 30
-- 19 31
-- 19 32
-- 19 33
-- 19 34
-- 19 35
-- 19 36
-- 19 37
-- 19 38
-- 19 39
-- 19 40
-- 19 41
-- 19 42
-- 19 43
-- 19 44
-- 19 45
-- 19 46
-- 19 47
true 76 47
(0 -> 19) (3 -> 50) (4 -> 7) (6 -> 21) (7 -> 8) (8 -> 11) (9 -> 15) (10 -> 65) (12 -> 37) (14 -> 46) (16 -> 56) (17 -> 49) (18 -> 57) (19 -> 6) (20 -> 3) (21 -> 68) (22 -> 9) (23 -> 63) (24 -> 25) (25 -> 26) (26 -> 40) (27 -> 59) (28 -> 24) (31 -> 4) (32 -> 17) (34 -> 55) (37 -> 16) (39 -> 12) (41 -> 22) (42 -> 1) (43 -> 0) (45 -> 52) (46 -> 30) (47 -> 33) (51 -> 48) (53 -> 69) (56 -> 36) (58 -> 58) (59 -> 61) (60 -> 13) (61 -> 67) (62 -> 62) (63 -> 41) (64 -> 5) (65 -> 14) (66 -> 29) (67 -> 42) 
19
