-- 38 1
-- 38 2
-- 38 3
-- 38 4
-- 38 5
-- 38 6
-- 38 7
-- 38 8
-- 38 9
-- 38 10
-- 38 11
-- 38 12
-- 38 13
-- 38 14
-- 38 15
-- 38 16
-- 38 17
-- 38 18
-- 38 19
-- 38 20
-- 38 21
-- 38 22
-- 38 23
-- 38 24
-- 38 25
-- 38 26
-- 38 27
-- 38 28
-- 38 29
-- 38 30
-- 38 31
-- 38 32
-- 38 33
-- 38 34
-- 38 35
-- 38 36
-- 38 37
-- 38 38
-- 38 39
-- 38 40
-- 38 41
-- 38 42
-- 871 43
-- 871 44
-- 871 45
-- 871 46
-- 879 47
-- 879 48
-- 879 49
true 339167 49
(0 -> 5) (1 -> 50) (2 -> 17) (3 -> 69) (5 -> 54) (6 -> 56) (7 -> 46) (9 -> 43) (10 -> 26) (12 -> 25) (15 -> 68) (16 -> 35) (18 -> 64) (21 -> 53) (22 -> 18) (23 -> 49) (24 -> 20) (25 -> 73) (26 -> 32) (29 -> 39) (31 -> 3) (32 -> 23) (34 -> 14) (35 -> 58) (41 -> 78) (42 -> 79) (45 -> 37) (50 -> 62) (51 -> 65) (52 -> 31) (53 -> 28) (54 -> 10) (56 -> 36) (58 -> 70) (59 -> 7) (60 -> 40) (61 -> 72) (62 -> 11) (63 -> 66) (66 -> 9) (67 -> 77) (69 -> 29) (71 -> 4) (72 -> 16) (73 -> 61) (74 -> 2) (75 -> 0) (78 -> 51) (79 -> 8) 
961
