-- 53 1
-- 53 2
-- 53 3
-- 53 4
-- 53 5
-- 53 6
-- 53 7
-- 53 8
-- 53 9
-- 53 10
-- 53 11
-- 53 12
-- 53 13
-- 53 14
-- 53 15
-- 53 16
-- 53 17
-- 53 18
-- 53 19
-- 53 20
-- 53 21
-- 54 22
-- 54 23
-- 54 24
-- 54 25
-- 54 26
-- 54 27
-- 54 28
-- 54 29
-- 54 30
-- 54 31
-- 54 32
-- 54 33
-- 54 34
-- 54 35
-- 54 36
-- 54 37
-- 54 38
-- 54 39
-- 54 40
-- 54 41
-- 54 42
-- 54 43
-- 54 44
-- 54 45
-- 54 46
-- 54 47
-- 54 48
-- 54 49
-- 54 50
-- 54 51
-- 54 52
-- 54 53
-- 54 54
-- 54 55
-- 54 56
-- 54 57
-- 54 58
-- 54 59
-- 54 60
-- 54 61
-- 54 62
-- 54 63
true 9254 63
(0 -> 74) (1 -> 56) (2 -> 37) (3 -> 73) (7 -> 45) (9 -> 5) (11 -> 20) (12 -> 7) (13 -> 44) (14 -> 26) (15 -> 21) (16 -> 28) (18 -> 57) (19 -> 71) (20 -> 24) (21 -> 69) (22 -> 11) (24 -> 78) (25 -> 33) (27 -> 47) (29 -> 32) (31 -> 6) (33 -> 13) (34 -> 66) (35 -> 40) (36 -> 55) (38 -> 17) (41 -> 1) (42 -> 70) (43 -> 60) (47 -> 76) (48 -> 42) (49 -> 8) (50 -> 27) (52 -> 15) (53 -> 14) (54 -> 77) (55 -> 64) (56 -> 85) (57 -> 2) (60 -> 25) (62 -> 88) (63 -> 29) (64 -> 80) (65 -> 51) (66 -> 53) (67 -> 68) (68 -> 49) (70 -> 23) (72 -> 86) (74 -> 35) (75 -> 89) (76 -> 30) (77 -> 67) (78 -> 52) (79 -> 79) (80 -> 0) (81 -> 4) (82 -> 3) (85 -> 83) (86 -> 48) (88 -> 38) (89 -> 10) 
91
