-- 15 1
-- 15 2
-- 15 3
-- 15 4
-- 15 5
-- 15 6
-- 15 7
-- 15 8
-- 15 9
-- 15 10
-- 15 11
-- 15 12
-- 15 13
-- 15 14
-- 15 15
-- 15 16
-- 15 17
-- 15 18
-- 15 19
-- 15 20
-- 15 21
-- 15 22
-- 15 23
-- 15 24
-- 15 25
-- 15 26
-- 15 27
-- 15 28
-- 15 29
-- 15 30
-- 15 31
-- 15 32
-- 15 33
-- 15 34
-- 15 35
-- 15 36
true 40 36
(1 -> 43) (2 -> 36) (3 -> 55) (10 -> 29) (12 -> 1) (13 -> 22) (15 -> 27) (16 -> 34) (18 -> 42) (20 -> 20) (21 -> 23) (22 -> 62) (24 -> 19) (25 -> 6) (26 -> 61) (27 -> 2) (28 -> 67) (29 -> 47) (30 -> 41) (31 -> 65) (32 -> 12) (34 -> 17) (36 -> 3) (39 -> 53) (42 -> 30) (45 -> 63) (48 -> 21) (52 -> 9) (56 -> 68) (58 -> 18) (61 -> 7) (62 -> 39) (63 -> 28) (64 -> 64) (65 -> 4) (67 -> 24) 
15
