-- 9 1
-- 9 2
-- 9 3
-- 9 4
-- 9 5
-- 9 6
-- 9 7
-- 9 8
-- 9 9
-- 9 10
-- 9 11
-- 9 12
-- 9 13
-- 10 14
-- 10 15
-- 10 16
-- 10 17
-- 10 18
-- 10 19
-- 10 20
-- 10 21
-- 10 22
-- 10 23
-- 10 24
-- 10 25
-- 10 26
-- 10 27
true 59 27
(1 -> 37) (2 -> 24) (3 -> 5) (4 -> 1) (5 -> 27) (6 -> 17) (7 -> 7) (8 -> 30) (10 -> 38) (13 -> 2) (14 -> 31) (16 -> 21) (18 -> 11) (19 -> 19) (20 -> 8) (21 -> 3) (22 -> 16) (25 -> 0) (27 -> 15) (29 -> 29) (30 -> 18) (32 -> 25) (33 -> 39) (36 -> 28) (37 -> 34) (38 -> 10) (39 -> 33) 
10
