-- 15 1
-- 15 2
-- 15 3
-- 15 4
-- 15 5
-- 15 6
-- 15 7
-- 15 8
-- 15 9
-- 15 10
-- 15 11
-- 15 12
-- 15 13
-- 15 14
-- 15 15
-- 15 16
-- 15 17
-- 15 18
-- 15 19
-- 15 20
-- 15 21
-- 15 22
-- 15 23
-- 15 24
-- 15 25
-- 15 26
-- 15 27
-- 15 28
-- 15 29
-- 15 30
-- 15 31
-- 15 32
-- 15 33
-- 15 34
-- 15 35
-- 15 36
-- 15 37
-- 15 38
-- 15 39
-- 15 40
-- 15 41
-- 15 42
true 51 42
(0 -> 49) (1 -> 31) (3 -> 26) (4 -> 40) (5 -> 58) (6 -> 6) (8 -> 24) (10 -> 48) (11 -> 28) (12 -> 29) (15 -> 44) (17 -> 47) (20 -> 3) (21 -> 35) (22 -> 42) (23 -> 16) (24 -> 23) (26 -> 25) (28 -> 1) (29 -> 36) (31 -> 51) (32 -> 32) (34 -> 7) (35 -> 52) (36 -> 27) (38 -> 20) (39 -> 39) (40 -> 4) (42 -> 46) (44 -> 50) (46 -> 14) (48 -> 17) (49 -> 8) (50 -> 38) (51 -> 34) (52 -> 33) (53 -> 9) (54 -> 53) (56 -> 15) (57 -> 5) (58 -> 37) (59 -> 54) 
15
