-- 10 1
-- 10 2
-- 10 3
-- 10 4
-- 10 5
-- 10 6
-- 10 7
-- 10 8
-- 10 9
-- 10 10
-- 10 11
-- 10 12
-- 10 13
-- 10 14
-- 11 15
-- 11 16
-- 11 17
-- 11 18
-- 11 19
-- 11 20
-- 11 21
-- 11 22
-- 11 23
-- 11 24
-- 11 25
-- 11 26
-- 11 27
-- 11 28
-- 11 29
true 61 29
(0 -> 28) (1 -> 18) (2 -> 30) (4 -> 3) (5 -> 13) (7 -> 12) (8 -> 2) (9 -> 8) (10 -> 19) (11 -> 17) (12 -> 15) (13 -> 35) (15 -> 26) (16 -> 14) (19 -> 1) (25 -> 16) (27 -> 24) (28 -> 11) (29 -> 4) (30 -> 6) (31 -> 37) (32 -> 10) (33 -> 0) (34 -> 22) (35 -> 34) (36 -> 29) (37 -> 7) (38 -> 21) (39 -> 36) 
11
