-- 66 1
-- 66 2
-- 66 3
-- 66 4
-- 66 5
-- 66 6
-- 66 7
-- 66 8
-- 66 9
-- 66 10
-- 67 11
-- 67 12
-- 67 13
-- 67 14
-- 67 15
-- 67 16
-- 67 17
-- 67 18
-- 67 19
-- 67 20
-- 67 21
-- 67 22
-- 67 23
-- 67 24
-- 67 25
-- 67 26
-- 67 27
-- 67 28
-- 67 29
-- 67 30
-- 67 31
-- 67 32
-- 67 33
-- 67 34
-- 67 35
-- 67 36
-- 67 37
-- 67 38
-- 67 39
-- 67 40
-- 67 41
-- 67 42
-- 67 43
-- 67 44
-- 67 45
-- 67 46
-- 67 47
-- 67 48
-- 67 49
-- 67 50
-- 67 51
-- 67 52
-- 67 53
-- 67 54
-- 67 55
-- 67 56
-- 67 57
-- 67 58
-- 67 59
-- 67 60
-- 67 61
-- 67 62
-- 67 63
-- 67 64
true 1747 64
(0 -> 27) (1 -> 22) (3 -> 7) (4 -> 46) (5 -> 66) (6 -> 75) (7 -> 47) (9 -> 19) (10 -> 33) (11 -> 0) (12 -> 17) (13 -> 8) (14 -> 38) (15 -> 6) (16 -> 71) (17 -> 10) (18 -> 39) (19 -> 11) (20 -> 61) (21 -> 44) (22 -> 58) (23 -> 89) (24 -> 53) (25 -> 5) (26 -> 28) (28 -> 52) (30 -> 87) (31 -> 70) (32 -> 88) (33 -> 68) (35 -> 14) (36 -> 85) (38 -> 16) (39 -> 29) (40 -> 12) (43 -> 37) (44 -> 3) (45 -> 72) (48 -> 40) (51 -> 34) (52 -> 83) (53 -> 67) (54 -> 81) (55 -> 63) (58 -> 21) (59 -> 64) (60 -> 56) (61 -> 54) (63 -> 48) (64 -> 79) (68 -> 32) (70 -> 36) (73 -> 49) (74 -> 50) (75 -> 2) (77 -> 55) (78 -> 84) (79 -> 69) (82 -> 26) (83 -> 18) (85 -> 35) (86 -> 20) (88 -> 15) (89 -> 73) 
82
