-- 34 1
-- 34 2
-- 34 3
-- 34 4
-- 34 5
-- 34 6
-- 34 7
-- 34 8
-- 34 9
-- 34 10
-- 34 11
-- 34 12
-- 34 13
-- 34 14
-- 34 15
-- 34 16
-- 34 17
-- 34 18
-- 34 19
-- 34 20
-- 34 21
-- 34 22
-- 34 23
-- 34 24
-- 34 25
-- 34 26
-- 34 27
-- 34 28
-- 34 29
-- 34 30
-- 34 31
-- 34 32
-- 34 33
-- 34 34
-- 34 35
-- 34 36
-- 34 37
-- 34 38
-- 34 39
-- 34 40
-- 34 41
-- 34 42
-- 34 43
-- 34 44
-- 34 45
-- 34 46
-- 34 47
-- 34 48
-- 35 49
true 386 49
(0 -> 64) (1 -> 69) (2 -> 15) (3 -> 49) (4 -> 57) (5 -> 43) (8 -> 8) (9 -> 19) (11 -> 33) (12 -> 67) (13 -> 55) (14 -> 56) (15 -> 60) (17 -> 48) (19 -> 62) (20 -> 50) (21 -> 13) (26 -> 16) (27 -> 26) (28 -> 23) (29 -> 59) (30 -> 10) (31 -> 51) (33 -> 44) (35 -> 30) (37 -> 47) (38 -> 65) (40 -> 7) (44 -> 66) (45 -> 22) (46 -> 4) (47 -> 25) (48 -> 24) (49 -> 41) (51 -> 12) (52 -> 20) (53 -> 32) (54 -> 18) (55 -> 54) (56 -> 2) (57 -> 21) (58 -> 52) (59 -> 3) (60 -> 0) (64 -> 42) (66 -> 36) (67 -> 39) (68 -> 45) (69 -> 35) 
36
