-- 58 1
-- 58 2
-- 58 3
-- 58 4
-- 58 5
-- 58 6
-- 58 7
-- 58 8
-- 58 9
-- 58 10
-- 58 11
-- 58 12
-- 58 13
-- 58 14
-- 58 15
-- 58 16
-- 58 17
-- 58 18
-- 58 19
-- 58 20
-- 58 21
-- 58 22
-- 58 23
-- 58 24
-- 58 25
-- 58 26
-- 58 27
-- 58 28
-- 58 29
-- 58 30
-- 58 31
-- 58 32
-- 58 33
-- 58 34
-- 58 35
-- 58 36
-- 58 37
-- 58 38
-- 58 39
-- 58 40
-- 58 41
-- 58 42
-- 58 43
-- 58 44
-- 58 45
-- 58 46
-- 58 47
-- 58 48
-- 58 49
-- 58 50
-- 58 51
-- 58 52
-- 58 53
-- 58 54
-- 58 55
-- 58 56
-- 58 57
-- 58 58
-- 58 59
-- 58 60
-- 58 61
-- 58 62
-- 58 63
-- 58 64
true 2907 64
(1 -> 63) (2 -> 60) (5 -> 84) (6 -> 10) (7 -> 75) (8 -> 71) (10 -> 69) (11 -> 33) (12 -> 41) (13 -> 30) (14 -> 76) (16 -> 78) (17 -> 59) (19 -> 5) (20 -> 2) (21 -> 7) (22 -> 25) (23 -> 39) (24 -> 19) (25 -> 36) (26 -> 18) (27 -> 80) (28 -> 22) (29 -> 15) (30 -> 46) (31 -> 73) (33 -> 9) (34 -> 68) (37 -> 83) (38 -> 13) (39 -> 40) (40 -> 29) (41 -> 86) (42 -> 6) (43 -> 81) (47 -> 67) (48 -> 21) (49 -> 51) (50 -> 17) (52 -> 31) (54 -> 28) (60 -> 4) (61 -> 1) (62 -> 43) (63 -> 89) (64 -> 20) (65 -> 85) (67 -> 62) (68 -> 58) (69 -> 12) (72 -> 44) (73 -> 35) (75 -> 72) (76 -> 26) (77 -> 61) (78 -> 52) (79 -> 32) (81 -> 27) (83 -> 47) (84 -> 3) (86 -> 82) (87 -> 48) (88 -> 56) (89 -> 54) 
79
