-- 21 1
-- 21 2
-- 21 3
-- 21 4
-- 21 5
-- 21 6
-- 21 7
-- 21 8
-- 21 9
-- 21 10
-- 21 11
-- 21 12
-- 21 13
-- 21 14
-- 22 15
-- 22 16
-- 22 17
-- 22 18
-- 22 19
-- 22 20
-- 22 21
-- 22 22
-- 22 23
-- 22 24
-- 22 25
-- 22 26
-- 22 27
-- 22 28
-- 22 29
-- 22 30
-- 22 31
-- 22 32
-- 22 33
-- 22 34
-- 22 35
-- 22 36
-- 22 37
-- 22 38
-- 22 39
-- 22 40
true 82 40
(0 -> 8) (2 -> 55) (6 -> 0) (8 -> 2) (9 -> 76) (10 -> 38) (11 -> 74) (14 -> 5) (15 -> 69) (17 -> 31) (21 -> 12) (22 -> 23) (26 -> 43) (29 -> 54) (30 -> 7) (31 -> 20) (32 -> 71) (33 -> 46) (34 -> 78) (35 -> 35) (36 -> 49) (37 -> 58) (41 -> 36) (42 -> 16) (44 -> 25) (46 -> 79) (47 -> 45) (52 -> 67) (55 -> 63) (58 -> 53) (60 -> 24) (61 -> 51) (64 -> 33) (67 -> 52) (68 -> 47) (69 -> 72) (71 -> 18) (75 -> 29) (77 -> 42) (79 -> 68) 
23
