-- 48 1
-- 48 2
-- 48 3
-- 48 4
-- 48 5
-- 48 6
-- 48 7
-- 48 8
-- 48 9
-- 48 10
-- 48 11
-- 48 12
-- 48 13
-- 48 14
-- 48 15
-- 48 16
-- 48 17
-- 48 18
-- 48 19
-- 48 20
-- 48 21
-- 48 22
-- 48 23
-- 48 24
-- 48 25
-- 48 26
-- 48 27
-- 48 28
-- 48 29
-- 48 30
-- 48 31
-- 49 32
-- 49 33
-- 49 34
-- 49 35
-- 49 36
-- 49 37
-- 49 38
-- 49 39
-- 49 40
-- 49 41
-- 49 42
-- 49 43
-- 49 44
-- 49 45
-- 49 46
-- 49 47
-- 49 48
-- 49 49
-- 49 50
-- 49 51
-- 49 52
-- 49 53
-- 49 54
-- 49 55
-- 49 56
true 337 56
(0 -> 56) (2 -> 23) (4 -> 39) (5 -> 74) (6 -> 8) (7 -> 11) (8 -> 4) (9 -> 16) (10 -> 45) (11 -> 13) (12 -> 26) (14 -> 5) (15 -> 7) (16 -> 34) (17 -> 41) (18 -> 77) (19 -> 78) (20 -> 62) (21 -> 68) (22 -> 15) (24 -> 25) (25 -> 24) (28 -> 73) (29 -> 17) (32 -> 54) (33 -> 55) (34 -> 27) (35 -> 76) (36 -> 29) (38 -> 59) (39 -> 46) (42 -> 48) (43 -> 37) (46 -> 10) (50 -> 75) (51 -> 71) (52 -> 65) (53 -> 33) (55 -> 20) (60 -> 3) (61 -> 2) (62 -> 9) (63 -> 69) (64 -> 44) (66 -> 51) (68 -> 58) (69 -> 19) (70 -> 32) (72 -> 60) (73 -> 1) (74 -> 53) (75 -> 47) (76 -> 14) (77 -> 66) (78 -> 40) (79 -> 57) 
50
