-- 29 1
-- 29 2
-- 29 3
-- 29 4
-- 29 5
-- 29 6
-- 29 7
-- 29 8
-- 29 9
-- 29 10
-- 29 11
-- 29 12
-- 29 13
-- 29 14
-- 29 15
-- 29 16
-- 29 17
-- 29 18
-- 29 19
-- 29 20
-- 29 21
-- 29 22
-- 29 23
-- 29 24
-- 29 25
-- 29 26
-- 29 27
-- 29 28
-- 29 29
-- 29 30
-- 29 31
-- 29 32
-- 29 33
-- 29 34
true 329 34
(1 -> 20) (2 -> 13) (3 -> 9) (4 -> 24) (6 -> 14) (7 -> 16) (8 -> 22) (9 -> 38) (10 -> 35) (12 -> 18) (15 -> 25) (16 -> 37) (17 -> 6) (18 -> 34) (19 -> 8) (20 -> 7) (22 -> 0) (23 -> 48) (24 -> 47) (28 -> 2) (29 -> 30) (31 -> 33) (33 -> 17) (34 -> 49) (35 -> 31) (37 -> 4) (38 -> 19) (40 -> 5) (41 -> 27) (43 -> 23) (44 -> 28) (45 -> 3) (47 -> 42) (48 -> 11) 
31
