-- 29 1
-- 29 2
-- 29 3
-- 29 4
-- 29 5
-- 29 6
-- 29 7
-- 29 8
-- 29 9
-- 29 10
-- 29 11
-- 29 12
-- 29 13
-- 29 14
-- 29 15
-- 29 16
-- 29 17
-- 29 18
-- 29 19
-- 29 20
-- 29 21
-- 29 22
-- 29 23
-- 29 24
-- 29 25
-- 29 26
-- 29 27
-- 29 28
-- 29 29
-- 29 30
-- 29 31
-- 29 32
-- 29 33
-- 29 34
-- 29 35
-- 29 36
-- 29 37
-- 29 38
-- 29 39
-- 29 40
-- 29 41
-- 29 42
-- 29 43
-- 29 44
-- 29 45
-- 29 46
-- 29 47
-- 29 48
-- 29 49
-- 29 50
-- 29 51
-- 29 52
-- 29 53
-- 30 54
-- 30 55
-- 30 56
-- 30 57
-- 30 58
-- 30 59
-- 30 60
-- 30 61
-- 30 62
-- 30 63
-- 30 64
true 64 64
(0 -> 50) (1 -> 29) (2 -> 54) (3 -> 8) (4 -> 42) (5 -> 34) (6 -> 21) (7 -> 22) (8 -> 19) (10 -> 44) (11 -> 26) (12 -> 38) (13 -> 3) (16 -> 5) (17 -> 14) (18 -> 1) (19 -> 39) (20 -> 35) (21 -> 23) (23 -> 53) (24 -> 43) (25 -> 18) (26 -> 12) (27 -> 41) (28 -> 30) (29 -> 66) (30 -> 31) (31 -> 17) (32 -> 63) (33 -> 25) (34 -> 33) (35 -> 51) (36 -> 7) (37 -> 46) (38 -> 0) (39 -> 67) (40 -> 61) (41 -> 28) (42 -> 59) (43 -> 37) (44 -> 58) (45 -> 20) (46 -> 40) (47 -> 9) (48 -> 52) (49 -> 27) (50 -> 32) (51 -> 56) (52 -> 47) (54 -> 45) (56 -> 15) (57 -> 62) (58 -> 11) (59 -> 48) (60 -> 69) (61 -> 4) (62 -> 24) (63 -> 57) (64 -> 68) (65 -> 36) (66 -> 6) (67 -> 64) (68 -> 10) (69 -> 13) 
30
