-- 50 1
-- 50 2
-- 50 3
-- 50 4
-- 50 5
-- 50 6
-- 50 7
-- 50 8
-- 50 9
-- 50 10
-- 50 11
-- 50 12
-- 50 13
-- 50 14
-- 50 15
-- 50 16
-- 50 17
-- 50 18
-- 50 19
-- 50 20
-- 50 21
-- 50 22
-- 50 23
-- 50 24
-- 50 25
-- 50 26
-- 50 27
-- 50 28
-- 50 29
-- 50 30
-- 50 31
-- 50 32
-- 50 33
-- 50 34
-- 50 35
-- 50 36
-- 50 37
-- 50 38
-- 50 39
-- 50 40
-- 50 41
-- 50 42
-- 50 43
-- 50 44
-- 50 45
-- 50 46
-- 50 47
-- 50 48
-- 50 49
-- 50 50
-- 51 51
-- 51 52
-- 51 53
-- 51 54
-- 51 55
-- 51 56
-- 51 57
-- 51 58
-- 51 59
-- 51 60
-- 51 61
-- 51 62
-- 51 63
-- 51 64
-- 51 65
-- 51 66
-- 51 67
-- 51 68
-- 51 69
true 95 69
(0 -> 69) (1 -> 82) (2 -> 59) (3 -> 5) (7 -> 24) (8 -> 23) (9 -> 76) (10 -> 43) (12 -> 38) (13 -> 32) (15 -> 72) (16 -> 12) (18 -> 77) (19 -> 28) (20 -> 2) (21 -> 10) (22 -> 83) (24 -> 61) (25 -> 81) (26 -> 67) (27 -> 37) (28 -> 89) (29 -> 88) (30 -> 75) (31 -> 26) (32 -> 13) (33 -> 47) (34 -> 0) (35 -> 33) (36 -> 15) (37 -> 31) (38 -> 18) (39 -> 1) (40 -> 57) (41 -> 73) (42 -> 85) (43 -> 19) (44 -> 22) (45 -> 78) (46 -> 66) (47 -> 55) (50 -> 8) (51 -> 54) (52 -> 27) (53 -> 42) (54 -> 68) (56 -> 17) (57 -> 40) (60 -> 49) (61 -> 62) (63 -> 16) (64 -> 3) (65 -> 56) (66 -> 21) (67 -> 53) (68 -> 74) (70 -> 11) (71 -> 48) (72 -> 64) (73 -> 46) (77 -> 45) (78 -> 44) (80 -> 20) (82 -> 79) (83 -> 60) (86 -> 6) (87 -> 63) (88 -> 7) (89 -> 4) 
51
