-- 25 1
-- 25 2
-- 25 3
-- 25 4
-- 25 5
-- 25 6
-- 25 7
-- 25 8
-- 25 9
-- 25 10
-- 25 11
-- 25 12
-- 25 13
-- 25 14
-- 25 15
-- 25 16
-- 25 17
-- 25 18
-- 25 19
-- 25 20
-- 25 21
-- 25 22
-- 25 23
-- 25 24
-- 25 25
-- 25 26
-- 25 27
-- 25 28
-- 25 29
-- 25 30
-- 25 31
-- 25 32
-- 25 33
-- 25 34
-- 25 35
-- 25 36
-- 25 37
-- 25 38
-- 25 39
-- 25 40
-- 25 41
-- 25 42
-- 25 43
-- 25 44
-- 25 45
-- 25 46
-- 25 47
-- 25 48
-- 25 49
-- 25 50
-- 25 51
-- 25 52
-- 25 53
-- 25 54
-- 25 55
-- 25 56
-- 25 57
-- 25 58
-- 25 59
-- 25 60
-- 25 61
-- 25 62
true 62 62
(0 -> 57) (1 -> 30) (3 -> 49) (4 -> 53) (6 -> 34) (7 -> 14) (9 -> 44) (10 -> 16) (11 -> 32) (12 -> 58) (14 -> 46) (15 -> 39) (16 -> 66) (17 -> 51) (18 -> 22) (19 -> 67) (20 -> 17) (21 -> 5) (22 -> 8) (23 -> 45) (24 -> 6) (25 -> 56) (26 -> 11) (27 -> 2) (28 -> 41) (30 -> 12) (31 -> 68) (32 -> 35) (33 -> 4) (34 -> 59) (35 -> 50) (36 -> 31) (37 -> 60) (38 -> 25) (40 -> 9) (42 -> 27) (43 -> 42) (44 -> 61) (45 -> 21) (46 -> 36) (47 -> 40) (49 -> 55) (50 -> 62) (51 -> 20) (52 -> 37) (53 -> 15) (54 -> 33) (55 -> 23) (56 -> 28) (57 -> 0) (58 -> 54) (59 -> 10) (60 -> 69) (61 -> 1) (62 -> 48) (63 -> 47) (64 -> 52) (65 -> 63) (66 -> 64) (67 -> 13) (68 -> 3) (69 -> 7) 
25
