-- 32 1
-- 32 2
-- 32 3
-- 32 4
-- 32 5
-- 32 6
-- 32 7
-- 32 8
-- 32 9
-- 32 10
-- 32 11
-- 32 12
-- 32 13
-- 32 14
-- 32 15
-- 32 16
-- 32 17
-- 32 18
-- 32 19
-- 32 20
-- 32 21
-- 32 22
-- 32 23
-- 32 24
-- 32 25
-- 32 26
-- 32 27
-- 32 28
-- 32 29
-- 32 30
-- 32 31
-- 32 32
-- 32 33
-- 32 34
-- 32 35
-- 32 36
-- 32 37
-- 32 38
-- 32 39
-- 32 40
-- 32 41
-- 32 42
-- 32 43
-- 32 44
-- 32 45
-- 32 46
-- 32 47
-- 32 48
-- 32 49
-- 32 50
-- 32 51
-- 32 52
-- 32 53
-- 32 54
-- 32 55
-- 32 56
-- 32 57
-- 32 58
-- 32 59
-- 32 60
-- 32 61
-- 32 62
-- 32 63
-- 32 64
-- 32 65
-- 32 66
-- 32 67
-- 32 68
-- 32 69
-- 32 70
-- 32 71
-- 32 72
-- 32 73
-- 32 74
-- 32 75
-- 32 76
-- 32 77
-- 32 78
-- 32 79
true 82 79
(0 -> 88) (1 -> 4) (2 -> 48) (3 -> 11) (4 -> 30) (6 -> 92) (8 -> 61) (9 -> 41) (10 -> 96) (11 -> 98) (12 -> 80) (13 -> 22) (15 -> 35) (16 -> 77) (17 -> 63) (18 -> 7) (21 -> 3) (23 -> 26) (25 -> 21) (27 -> 90) (28 -> 45) (30 -> 2) (32 -> 83) (33 -> 94) (34 -> 73) (36 -> 46) (37 -> 50) (38 -> 34) (39 -> 55) (40 -> 15) (41 -> 97) (42 -> 64) (43 -> 38) (44 -> 70) (45 -> 9) (46 -> 51) (47 -> 69) (48 -> 28) (49 -> 47) (50 -> 52) (51 -> 85) (53 -> 74) (54 -> 57) (55 -> 39) (56 -> 37) (57 -> 95) (59 -> 25) (60 -> 82) (61 -> 5) (62 -> 27) (63 -> 32) (64 -> 29) (65 -> 72) (66 -> 53) (67 -> 49) (69 -> 67) (70 -> 58) (71 -> 40) (74 -> 14) (75 -> 8) (76 -> 87) (77 -> 0) (78 -> 16) (80 -> 18) (81 -> 33) (82 -> 43) (83 -> 42) (84 -> 10) (85 -> 54) (86 -> 93) (87 -> 68) (88 -> 36) (90 -> 59) (91 -> 6) (92 -> 81) (93 -> 17) (95 -> 23) (96 -> 91) (99 -> 66) 
33
