-- 69 1
-- 69 2
-- 69 3
-- 69 4
-- 69 5
-- 69 6
-- 69 7
-- 69 8
-- 69 9
-- 69 10
-- 69 11
-- 69 12
-- 69 13
-- 69 14
-- 69 15
-- 69 16
-- 69 17
-- 69 18
-- 69 19
-- 69 20
-- 69 21
-- 69 22
-- 69 23
-- 69 24
-- 69 25
-- 69 26
-- 69 27
-- 69 28
-- 69 29
-- 69 30
-- 69 31
-- 69 32
-- 69 33
-- 69 34
-- 69 35
-- 69 36
-- 69 37
-- 69 38
-- 69 39
-- 69 40
-- 69 41
-- 69 42
-- 69 43
-- 69 44
-- 69 45
-- 69 46
-- 69 47
-- 69 48
-- 69 49
-- 69 50
-- 69 51
-- 69 52
-- 69 53
-- 69 54
-- 69 55
-- 69 56
-- 69 57
-- 69 58
-- 69 59
-- 69 60
-- 69 61
-- 69 62
-- 69 63
-- 70 64
-- 70 65
-- 70 66
-- 70 67
-- 70 68
-- 70 69
-- 70 70
-- 70 71
-- 70 72
-- 70 73
-- 70 74
-- 70 75
-- 70 76
-- 70 77
-- 70 78
-- 70 79
-- 70 80
true 92 80
(0 -> 76) (1 -> 9) (2 -> 60) (4 -> 66) (5 -> 31) (6 -> 43) (7 -> 28) (8 -> 20) (9 -> 50) (10 -> 26) (11 -> 1) (12 -> 3) (13 -> 23) (14 -> 85) (15 -> 7) (16 -> 44) (17 -> 16) (18 -> 61) (19 -> 15) (20 -> 55) (21 -> 54) (22 -> 87) (23 -> 58) (24 -> 65) (25 -> 64) (26 -> 47) (27 -> 49) (28 -> 29) (29 -> 51) (30 -> 52) (31 -> 40) (33 -> 6) (34 -> 72) (35 -> 78) (36 -> 25) (38 -> 5) (39 -> 37) (40 -> 77) (41 -> 10) (42 -> 41) (43 -> 17) (44 -> 81) (45 -> 79) (46 -> 8) (47 -> 11) (48 -> 13) (49 -> 2) (50 -> 38) (51 -> 84) (52 -> 42) (53 -> 30) (55 -> 88) (56 -> 48) (57 -> 80) (58 -> 53) (59 -> 22) (60 -> 27) (62 -> 63) (63 -> 0) (64 -> 39) (65 -> 4) (66 -> 24) (67 -> 12) (70 -> 21) (71 -> 67) (72 -> 75) (73 -> 83) (74 -> 89) (76 -> 86) (77 -> 70) (79 -> 14) (80 -> 19) (81 -> 62) (82 -> 34) (83 -> 33) (84 -> 68) (85 -> 36) (86 -> 69) (88 -> 32) (89 -> 71) 
70
