-- 60 1
-- 60 2
-- 60 3
-- 60 4
-- 60 5
-- 60 6
-- 60 7
-- 60 8
-- 60 9
-- 60 10
-- 60 11
-- 60 12
-- 60 13
-- 60 14
-- 60 15
-- 60 16
-- 60 17
-- 60 18
-- 60 19
-- 60 20
-- 60 21
-- 60 22
-- 60 23
-- 60 24
-- 60 25
-- 60 26
-- 60 27
-- 60 28
-- 60 29
-- 60 30
-- 60 31
-- 60 32
-- 60 33
-- 60 34
-- 60 35
-- 60 36
-- 60 37
-- 61 38
-- 61 39
-- 61 40
-- 61 41
-- 61 42
-- 61 43
-- 61 44
-- 61 45
-- 61 46
-- 61 47
-- 61 48
-- 61 49
-- 61 50
-- 61 51
-- 61 52
-- 61 53
-- 61 54
-- 61 55
-- 61 56
-- 61 57
-- 61 58
-- 61 59
-- 61 60
-- 61 61
-- 61 62
-- 61 63
-- 61 64
-- 61 65
-- 61 66
-- 61 67
-- 61 68
-- 61 69
-- 61 70
-- 61 71
-- 61 72
-- 61 73
-- 61 74
-- 61 75
-- 61 76
-- 61 77
-- 61 78
-- 61 79
-- 61 80
-- 61 81
true 81 81
(0 -> 46) (1 -> 3) (2 -> 8) (3 -> 75) (4 -> 83) (5 -> 20) (6 -> 70) (7 -> 56) (8 -> 79) (9 -> 41) (10 -> 23) (12 -> 65) (13 -> 17) (14 -> 0) (15 -> 19) (16 -> 10) (17 -> 11) (18 -> 89) (21 -> 34) (22 -> 35) (23 -> 63) (24 -> 66) (25 -> 12) (26 -> 43) (27 -> 24) (28 -> 1) (29 -> 5) (30 -> 76) (31 -> 52) (32 -> 57) (33 -> 15) (34 -> 44) (35 -> 64) (37 -> 48) (38 -> 40) (39 -> 36) (40 -> 74) (41 -> 16) (42 -> 81) (43 -> 77) (44 -> 7) (45 -> 58) (46 -> 21) (47 -> 60) (48 -> 54) (50 -> 53) (51 -> 29) (52 -> 30) (53 -> 18) (54 -> 25) (55 -> 6) (56 -> 49) (57 -> 27) (58 -> 84) (59 -> 51) (60 -> 62) (61 -> 87) (62 -> 86) (63 -> 28) (64 -> 72) (65 -> 68) (66 -> 33) (67 -> 55) (68 -> 61) (69 -> 42) (70 -> 38) (71 -> 26) (73 -> 37) (74 -> 32) (76 -> 47) (77 -> 69) (78 -> 39) (79 -> 67) (81 -> 82) (82 -> 22) (83 -> 9) (84 -> 59) (85 -> 50) (87 -> 85) (88 -> 2) (89 -> 71) 
61
