-- 57 1
-- 57 2
-- 57 3
-- 57 4
-- 57 5
-- 57 6
-- 57 7
-- 57 8
-- 57 9
-- 57 10
-- 57 11
-- 57 12
-- 58 13
-- 58 14
-- 58 15
-- 58 16
-- 58 17
-- 58 18
-- 58 19
-- 58 20
-- 58 21
-- 58 22
-- 58 23
-- 58 24
-- 58 25
-- 58 26
-- 58 27
-- 58 28
-- 58 29
-- 58 30
-- 58 31
-- 58 32
-- 58 33
-- 58 34
-- 58 35
-- 58 36
-- 58 37
-- 58 38
-- 58 39
-- 58 40
-- 58 41
-- 58 42
-- 58 43
-- 58 44
-- 58 45
-- 58 46
-- 58 47
-- 58 48
-- 58 49
-- 58 50
-- 58 51
-- 58 52
-- 58 53
-- 58 54
-- 58 55
-- 58 56
-- 58 57
-- 58 58
-- 58 59
-- 58 60
-- 58 61
-- 58 62
-- 58 63
-- 58 64
-- 58 65
-- 58 66
-- 58 67
-- 58 68
-- 58 69
-- 58 70
true 77 70
(0 -> 62) (1 -> 87) (3 -> 18) (4 -> 54) (5 -> 24) (6 -> 26) (7 -> 42) (8 -> 75) (9 -> 25) (10 -> 81) (11 -> 16) (12 -> 86) (15 -> 60) (16 -> 0) (17 -> 5) (19 -> 73) (20 -> 22) (21 -> 37) (22 -> 34) (23 -> 84) (24 -> 72) (25 -> 69) (28 -> 64) (29 -> 74) (30 -> 6) (31 -> 46) (32 -> 78) (34 -> 12) (35 -> 59) (36 -> 36) (37 -> 45) (38 -> 80) (40 -> 76) (42 -> 38) (43 -> 79) (45 -> 28) (46 -> 67) (47 -> 14) (48 -> 13) (49 -> 65) (51 -> 32) (52 -> 30) (53 -> 49) (54 -> 27) (55 -> 66) (57 -> 58) (58 -> 21) (60 -> 3) (62 -> 56) (64 -> 10) (65 -> 53) (67 -> 8) (68 -> 70) (69 -> 88) (70 -> 51) (73 -> 7) (74 -> 35) (75 -> 4) (76 -> 43) (77 -> 44) (78 -> 15) (79 -> 47) (80 -> 11) (81 -> 85) (84 -> 33) (85 -> 52) (86 -> 9) (87 -> 41) (88 -> 50) (89 -> 40) 
59
