-- 20 1
-- 20 2
-- 20 3
-- 20 4
-- 20 5
-- 20 6
-- 20 7
-- 20 8
-- 20 9
-- 20 10
-- 20 11
-- 20 12
-- 20 13
-- 20 14
-- 20 15
-- 20 16
-- 20 17
-- 20 18
-- 20 19
-- 20 20
-- 20 21
-- 20 22
-- 20 23
-- 20 24
-- 20 25
-- 20 26
-- 20 27
-- 20 28
-- 20 29
-- 20 30
-- 20 31
-- 20 32
-- 20 33
-- 20 34
-- 20 35
-- 20 36
-- 20 37
-- 20 38
-- 20 39
-- 20 40
-- 20 41
-- 20 42
-- 20 43
-- 20 44
-- 20 45
-- 20 46
-- 20 47
-- 20 48
-- 20 49
true 49 49
(0 -> 31) (1 -> 6) (2 -> 10) (3 -> 44) (4 -> 1) (5 -> 12) (6 -> 48) (7 -> 28) (8 -> 15) (9 -> 49) (10 -> 23) (11 -> 42) (12 -> 17) (13 -> 3) (14 -> 36) (15 -> 11) (16 -> 25) (17 -> 8) (18 -> 37) (19 -> 40) (20 -> 32) (21 -> 22) (22 -> 21) (23 -> 24) (24 -> 5) (25 -> 38) (26 -> 41) (27 -> 26) (28 -> 20) (30 -> 33) (31 -> 13) (32 -> 9) (33 -> 35) (34 -> 39) (35 -> 29) (36 -> 45) (37 -> 4) (38 -> 16) (39 -> 2) (40 -> 14) (41 -> 19) (42 -> 34) (43 -> 47) (44 -> 30) (45 -> 43) (46 -> 0) (47 -> 46) (48 -> 7) (49 -> 18) 
20
