-- 12 1
-- 12 2
-- 12 3
-- 12 4
-- 12 5
-- 12 6
-- 12 7
-- 12 8
-- 12 9
-- 12 10
-- 12 11
-- 12 12
-- 12 13
-- 12 14
-- 12 15
-- 12 16
-- 12 17
-- 12 18
-- 12 19
-- 12 20
-- 12 21
-- 12 22
-- 12 23
-- 12 24
-- 12 25
-- 12 26
-- 12 27
-- 12 28
-- 12 29
-- 12 30
-- 12 31
-- 12 32
-- 12 33
-- 12 34
-- 12 35
-- 12 36
true 36 36
(0 -> 9) (1 -> 26) (3 -> 30) (4 -> 24) (5 -> 25) (6 -> 1) (7 -> 8) (8 -> 32) (9 -> 0) (11 -> 18) (12 -> 37) (13 -> 5) (14 -> 22) (15 -> 17) (16 -> 15) (17 -> 28) (18 -> 21) (19 -> 7) (20 -> 31) (21 -> 4) (22 -> 16) (23 -> 12) (24 -> 19) (25 -> 38) (26 -> 2) (27 -> 36) (28 -> 14) (29 -> 3) (30 -> 39) (31 -> 27) (32 -> 35) (33 -> 20) (34 -> 6) (35 -> 29) (37 -> 13) (39 -> 33) 
13
