-- 72 1
-- 72 2
-- 72 3
-- 72 4
-- 72 5
-- 72 6
-- 72 7
-- 72 8
-- 72 9
-- 72 10
-- 72 11
-- 72 12
-- 72 13
-- 72 14
-- 72 15
-- 72 16
-- 72 17
-- 72 18
-- 72 19
-- 72 20
-- 72 21
-- 72 22
-- 72 23
-- 72 24
-- 72 25
-- 72 26
-- 72 27
-- 72 28
-- 72 29
-- 72 30
-- 72 31
-- 72 32
-- 72 33
-- 72 34
-- 72 35
-- 72 36
-- 72 37
-- 72 38
-- 72 39
-- 72 40
-- 72 41
-- 72 42
-- 72 43
-- 72 44
-- 72 45
-- 72 46
-- 72 47
-- 72 48
-- 72 49
-- 72 50
-- 72 51
-- 72 52
-- 72 53
-- 72 54
-- 72 55
-- 72 56
-- 72 57
-- 72 58
-- 72 59
-- 72 60
-- 72 61
-- 72 62
-- 72 63
-- 72 64
-- 72 65
-- 72 66
-- 72 67
-- 72 68
-- 72 69
-- 72 70
-- 72 71
-- 72 72
-- 72 73
-- 72 74
-- 72 75
-- 72 76
-- 72 77
-- 72 78
-- 72 79
-- 72 80
-- 72 81
true 81 81
(0 -> 16) (1 -> 26) (2 -> 14) (3 -> 80) (4 -> 35) (6 -> 30) (7 -> 15) (9 -> 75) (10 -> 51) (11 -> 40) (12 -> 0) (13 -> 86) (14 -> 87) (15 -> 39) (16 -> 62) (17 -> 65) (18 -> 11) (19 -> 9) (20 -> 57) (21 -> 82) (22 -> 67) (23 -> 34) (24 -> 49) (25 -> 43) (26 -> 59) (27 -> 83) (28 -> 4) (29 -> 12) (30 -> 41) (31 -> 58) (32 -> 25) (33 -> 84) (34 -> 20) (35 -> 10) (36 -> 7) (37 -> 31) (38 -> 70) (39 -> 54) (41 -> 50) (42 -> 8) (43 -> 19) (44 -> 77) (45 -> 79) (46 -> 74) (47 -> 18) (48 -> 29) (49 -> 85) (50 -> 63) (51 -> 38) (52 -> 23) (53 -> 48) (54 -> 66) (55 -> 64) (56 -> 52) (57 -> 2) (58 -> 1) (59 -> 42) (62 -> 45) (64 -> 78) (65 -> 61) (66 -> 28) (67 -> 53) (68 -> 33) (69 -> 24) (70 -> 21) (72 -> 46) (74 -> 44) (75 -> 13) (76 -> 5) (77 -> 81) (78 -> 37) (79 -> 3) (80 -> 68) (81 -> 32) (82 -> 17) (83 -> 27) (84 -> 73) (85 -> 55) (86 -> 88) (88 -> 72) (89 -> 56) 
73
