-- 49 1
-- 49 2
-- 49 3
-- 49 4
-- 49 5
-- 49 6
-- 49 7
-- 49 8
-- 49 9
-- 49 10
-- 49 11
-- 49 12
-- 49 13
-- 49 14
-- 49 15
-- 49 16
-- 49 17
-- 49 18
-- 49 19
-- 49 20
-- 49 21
-- 49 22
-- 49 23
-- 49 24
-- 49 25
-- 49 26
-- 49 27
-- 49 28
-- 49 29
-- 49 30
-- 49 31
-- 49 32
-- 49 33
-- 49 34
-- 49 35
-- 49 36
-- 49 37
-- 49 38
-- 49 39
-- 49 40
-- 49 41
-- 49 42
-- 49 43
-- 49 44
-- 49 45
-- 49 46
-- 49 47
-- 49 48
-- 49 49
-- 49 50
-- 49 51
-- 49 52
-- 49 53
-- 49 54
-- 49 55
-- 49 56
-- 49 57
-- 49 58
-- 56 59
-- 56 60
-- 56 61
-- 56 62
-- 56 63
-- 56 64
true 3341 64
(0 -> 57) (1 -> 0) (2 -> 53) (3 -> 10) (5 -> 1) (6 -> 59) (7 -> 73) (8 -> 75) (9 -> 35) (10 -> 34) (11 -> 63) (13 -> 39) (14 -> 13) (15 -> 51) (16 -> 38) (17 -> 4) (19 -> 48) (21 -> 15) (22 -> 17) (23 -> 19) (24 -> 30) (25 -> 8) (26 -> 26) (27 -> 43) (28 -> 44) (29 -> 11) (30 -> 52) (32 -> 47) (33 -> 14) (34 -> 21) (36 -> 67) (37 -> 32) (38 -> 23) (39 -> 66) (41 -> 77) (42 -> 36) (43 -> 45) (44 -> 62) (46 -> 70) (47 -> 41) (48 -> 69) (49 -> 24) (50 -> 76) (52 -> 72) (53 -> 3) (55 -> 31) (56 -> 28) (58 -> 79) (59 -> 55) (60 -> 37) (61 -> 2) (62 -> 18) (63 -> 5) (64 -> 20) (66 -> 56) (68 -> 71) (69 -> 27) (70 -> 61) (71 -> 25) (73 -> 64) (74 -> 16) (75 -> 50) (76 -> 6) (77 -> 54) 
57
