-- 37 1
-- 37 2
-- 37 3
-- 37 4
-- 37 5
-- 37 6
-- 37 7
-- 37 8
-- 37 9
-- 37 10
-- 37 11
-- 37 12
-- 37 13
-- 37 14
-- 37 15
-- 37 16
-- 37 17
-- 37 18
-- 37 19
-- 37 20
-- 37 21
-- 37 22
-- 37 23
-- 37 24
-- 37 25
-- 37 26
-- 37 27
-- 37 28
-- 37 29
-- 37 30
-- 37 31
-- 37 32
-- 37 33
-- 37 34
-- 37 35
-- 37 36
-- 37 37
-- 37 38
-- 37 39
-- 37 40
-- 37 41
-- 37 42
-- 37 43
-- 37 44
-- 37 45
-- 37 46
-- 37 47
-- 37 48
-- 37 49
-- 37 50
-- 37 51
-- 37 52
-- 37 53
-- 37 54
-- 37 55
-- 37 56
-- 37 57
-- 37 58
-- 37 59
-- 37 60
-- 37 61
-- 38 62
-- 38 63
-- 38 64
-- 38 65
-- 38 66
-- 38 67
-- 38 68
-- 38 69
-- 38 70
-- 38 71
-- 38 72
-- 38 73
-- 38 74
-- 38 75
-- 38 76
-- 38 77
-- 38 78
-- 38 79
-- 38 80
-- 38 81
true 155 81
(0 -> 40) (2 -> 17) (4 -> 50) (5 -> 99) (6 -> 7) (7 -> 79) (8 -> 63) (10 -> 73) (11 -> 14) (13 -> 25) (14 -> 46) (15 -> 45) (16 -> 75) (17 -> 38) (18 -> 37) (19 -> 51) (20 -> 82) (24 -> 57) (25 -> 21) (26 -> 35) (27 -> 48) (28 -> 26) (29 -> 6) (30 -> 77) (31 -> 24) (32 -> 34) (34 -> 88) (35 -> 18) (36 -> 86) (37 -> 90) (39 -> 33) (40 -> 96) (41 -> 74) (42 -> 39) (43 -> 54) (45 -> 29) (46 -> 3) (48 -> 12) (49 -> 98) (50 -> 53) (51 -> 71) (52 -> 94) (53 -> 61) (54 -> 59) (55 -> 80) (56 -> 43) (57 -> 4) (58 -> 27) (59 -> 65) (60 -> 78) (61 -> 22) (62 -> 5) (63 -> 58) (65 -> 19) (66 -> 36) (67 -> 47) (68 -> 1) (69 -> 89) (70 -> 23) (71 -> 69) (73 -> 56) (74 -> 30) (75 -> 8) (76 -> 87) (78 -> 68) (79 -> 32) (80 -> 91) (81 -> 85) (82 -> 20) (84 -> 95) (85 -> 62) (86 -> 15) (87 -> 72) (88 -> 28) (89 -> 31) (91 -> 10) (94 -> 9) (96 -> 81) (97 -> 0) (98 -> 93) (99 -> 42) 
38
