-- 20 1
-- 20 2
-- 20 3
-- 20 4
-- 20 5
-- 20 6
-- 20 7
-- 20 8
-- 20 9
-- 20 10
-- 20 11
-- 20 12
-- 20 13
-- 20 14
-- 20 15
-- 20 16
-- 21 17
-- 21 18
-- 21 19
-- 21 20
-- 21 21
-- 21 22
-- 21 23
-- 21 24
-- 21 25
-- 21 26
-- 21 27
-- 21 28
-- 21 29
-- 21 30
-- 21 31
-- 21 32
-- 21 33
-- 21 34
-- 21 35
-- 21 36
-- 21 37
-- 21 38
-- 21 39
-- 21 40
-- 21 41
-- 21 42
true 42 42
(0 -> 17) (1 -> 2) (2 -> 5) (3 -> 1) (4 -> 23) (6 -> 16) (7 -> 33) (8 -> 48) (10 -> 35) (12 -> 38) (13 -> 26) (14 -> 27) (15 -> 34) (16 -> 42) (17 -> 0) (18 -> 15) (19 -> 25) (21 -> 24) (22 -> 18) (23 -> 32) (24 -> 10) (25 -> 45) (27 -> 12) (28 -> 47) (30 -> 9) (31 -> 4) (33 -> 7) (34 -> 13) (35 -> 44) (36 -> 3) (37 -> 41) (38 -> 43) (39 -> 31) (40 -> 11) (41 -> 28) (43 -> 30) (44 -> 8) (45 -> 22) (46 -> 46) (47 -> 40) (48 -> 36) (49 -> 21) 
21
