-- 60 1
-- 61 2
-- 61 3
-- 61 4
-- 61 5
-- 61 6
-- 61 7
-- 61 8
-- 61 9
-- 61 10
-- 61 11
-- 61 12
-- 61 13
-- 61 14
-- 61 15
-- 61 16
-- 61 17
-- 61 18
-- 61 19
-- 61 20
-- 61 21
-- 61 22
-- 61 23
-- 61 24
-- 61 25
-- 61 26
-- 61 27
-- 61 28
-- 61 29
-- 61 30
-- 61 31
-- 61 32
-- 61 33
-- 61 34
-- 61 35
-- 61 36
-- 61 37
-- 61 38
-- 61 39
-- 61 40
-- 61 41
-- 61 42
-- 61 43
-- 61 44
-- 61 45
-- 61 46
-- 61 47
-- 61 48
-- 61 49
-- 61 50
-- 61 51
-- 61 52
-- 61 53
-- 61 54
-- 61 55
-- 61 56
-- 61 57
-- 61 58
-- 61 59
-- 61 60
-- 61 61
-- 61 62
-- 61 63
-- 61 64
-- 61 65
-- 61 66
-- 61 67
-- 61 68
-- 61 69
-- 61 70
-- 61 71
-- 61 72
-- 61 73
-- 61 74
-- 61 75
-- 61 76
-- 61 77
-- 61 78
-- 61 79
-- 61 80
true 82 80
(0 -> 28) (1 -> 29) (2 -> 2) (3 -> 45) (4 -> 62) (5 -> 69) (6 -> 33) (7 -> 55) (8 -> 78) (9 -> 74) (10 -> 20) (11 -> 3) (12 -> 26) (14 -> 56) (15 -> 50) (16 -> 76) (17 -> 60) (18 -> 0) (19 -> 88) (20 -> 58) (21 -> 54) (22 -> 77) (23 -> 16) (24 -> 82) (25 -> 39) (26 -> 34) (27 -> 40) (28 -> 35) (29 -> 10) (30 -> 71) (31 -> 4) (32 -> 87) (34 -> 38) (35 -> 75) (36 -> 22) (37 -> 63) (38 -> 67) (39 -> 41) (41 -> 73) (42 -> 21) (43 -> 12) (44 -> 46) (45 -> 13) (46 -> 84) (47 -> 36) (48 -> 14) (49 -> 8) (51 -> 80) (52 -> 17) (53 -> 48) (54 -> 11) (55 -> 53) (56 -> 6) (57 -> 49) (58 -> 44) (60 -> 72) (61 -> 51) (62 -> 7) (63 -> 5) (64 -> 24) (65 -> 89) (66 -> 18) (68 -> 25) (69 -> 30) (71 -> 64) (72 -> 68) (73 -> 83) (74 -> 61) (76 -> 23) (77 -> 9) (78 -> 19) (79 -> 52) (82 -> 43) (83 -> 85) (84 -> 86) (85 -> 1) (86 -> 70) (87 -> 27) (88 -> 47) (89 -> 15) 
62
