-- 29 1
-- 29 2
-- 29 3
-- 29 4
-- 29 5
-- 29 6
-- 29 7
-- 29 8
-- 30 9
-- 30 10
-- 30 11
-- 30 12
-- 30 13
-- 30 14
-- 30 15
-- 30 16
-- 30 17
-- 30 18
-- 30 19
-- 30 20
-- 30 21
-- 31 22
-- 31 23
-- 31 24
-- 31 25
-- 31 26
-- 31 27
-- 31 28
-- 31 29
-- 31 30
-- 31 31
-- 31 32
-- 31 33
-- 31 34
-- 32 35
-- 32 36
-- 32 37
-- 32 38
-- 32 39
-- 32 40
-- 32 41
-- 32 42
-- 32 43
-- 32 44
-- 32 45
-- 32 46
-- 32 47
-- 33 48
-- 33 49
true 49 49
(0 -> 26) (1 -> 8) (2 -> 25) (3 -> 32) (4 -> 9) (5 -> 28) (6 -> 33) (7 -> 49) (8 -> 24) (9 -> 40) (10 -> 11) (11 -> 38) (12 -> 5) (13 -> 16) (14 -> 45) (15 -> 46) (16 -> 20) (17 -> 4) (18 -> 31) (19 -> 21) (20 -> 44) (21 -> 15) (22 -> 47) (23 -> 36) (24 -> 12) (25 -> 42) (26 -> 3) (27 -> 2) (28 -> 7) (29 -> 23) (30 -> 29) (31 -> 39) (32 -> 19) (33 -> 48) (34 -> 43) (35 -> 30) (36 -> 6) (37 -> 34) (38 -> 35) (40 -> 17) (41 -> 1) (42 -> 41) (43 -> 10) (44 -> 22) (45 -> 13) (46 -> 18) (47 -> 0) (48 -> 37) (49 -> 14) 
33
