-- 52 1
-- 52 2
-- 52 3
-- 52 4
-- 52 5
-- 52 6
-- 52 7
-- 52 8
-- 52 9
-- 52 10
-- 52 11
-- 52 12
-- 52 13
-- 52 14
-- 52 15
-- 52 16
-- 52 17
-- 52 18
-- 52 19
-- 52 20
-- 52 21
-- 52 22
-- 52 23
-- 52 24
-- 52 25
-- 52 26
-- 52 27
-- 52 28
-- 52 29
-- 52 30
-- 52 31
-- 52 32
-- 52 33
-- 52 34
-- 52 35
-- 52 36
-- 52 37
-- 52 38
-- 52 39
-- 52 40
-- 52 41
-- 52 42
-- 52 43
-- 52 44
-- 52 45
-- 52 46
-- 52 47
-- 52 48
-- 52 49
-- 52 50
-- 52 51
-- 52 52
-- 52 53
-- 52 54
-- 52 55
-- 52 56
-- 52 57
-- 52 58
-- 52 59
-- 52 60
-- 52 61
-- 52 62
-- 52 63
-- 52 64
-- 53 65
-- 53 66
-- 53 67
-- 53 68
-- 53 69
-- 53 70
-- 53 71
-- 53 72
true 89 72
(1 -> 54) (2 -> 68) (3 -> 44) (4 -> 24) (5 -> 58) (6 -> 53) (7 -> 31) (8 -> 52) (9 -> 76) (10 -> 27) (11 -> 46) (12 -> 15) (13 -> 51) (14 -> 69) (15 -> 23) (16 -> 21) (18 -> 49) (19 -> 50) (20 -> 63) (21 -> 9) (22 -> 30) (23 -> 1) (24 -> 12) (25 -> 71) (26 -> 45) (27 -> 59) (28 -> 73) (29 -> 22) (31 -> 0) (32 -> 40) (33 -> 35) (34 -> 67) (36 -> 13) (37 -> 72) (38 -> 77) (39 -> 32) (40 -> 64) (41 -> 79) (42 -> 62) (43 -> 74) (44 -> 29) (45 -> 60) (46 -> 17) (47 -> 11) (48 -> 37) (49 -> 55) (50 -> 75) (51 -> 28) (52 -> 34) (53 -> 16) (54 -> 4) (55 -> 43) (56 -> 19) (57 -> 48) (58 -> 47) (59 -> 14) (60 -> 8) (61 -> 10) (62 -> 42) (63 -> 5) (64 -> 66) (65 -> 26) (66 -> 78) (67 -> 20) (69 -> 6) (70 -> 41) (71 -> 39) (73 -> 57) (75 -> 38) (77 -> 2) (78 -> 7) (79 -> 18) 
53
