-- worker thread times 0 0 0 0 0 0 0 0 0 0 0 0 0 0 0 0 0 0 0 0 0 0 0 0 0 0 0 0 0 0 0
-- 2 <40
-- worker thread times 0 0 0 0 0 0 0 0 0 0 0 0 0 0 0 0 0 0 0 0 0 0 0 0 0 0 0 0 0 0 0
-- 3 <39
-- worker thread times 0 1 1 1 1 1 0 0 0 0 2 0 0 0 0 2 1 1 1 1 1 0 1 0 0 0 0 0 0 0 2
-- 5 <38
-- worker thread times 9 7 9 7 7 6 7 7 7 6 6 9 7 6 7 7 9 7 9 5 7 6 9 6 5 4 5 9 7 9 10
-- 13 <37
-- worker thread times 44 40 38 36 41 41 38 41 40 43 40 39 40 40 42 39 39 41 37 41 39 39 41 40 40 39 40 42 36 41 43
-- 46 <36
-- worker thread times 201 199 194 198 202 195 197 200 197 198 199 199 197 203 200 198 202 203 202 196 197 201 201 197 195 202 194 201 200 201 204
-- 207 <35
-- worker thread times 889 878 882 882 885 882 881 883 882 884 886 879 886 882 883 879 885 881 886 884 883 879 884 879 881 884 889 884 880 881 886
-- 893 <34
-- worker thread times 3481 3477 3469 3479 3477 3478 3470 3475 3478 3474 3478 3481 3477 3475 3474 3476 3475 3479 3475 3473 3478 3471 3478 3475 3479 3477 3478 3476 3474 3478 3471
-- 3487 <33
-- worker thread times 13980 13972 13970 13975 13974 13973 13976 13974 13969 13976 13972 13974 13979 13975 13976 13975 13979 13980 13970 13978 13975 13975 13977 13975 13972 13975 13972 13974 13974 13971 13981
-- 13987 <32
-- worker thread times 57010 57005 57004 57003 57001 57001 57003 57006 56998 57009 57003 57000 57006 57006 57001 57007 57003 56999 57009 57007 57003 56999 57003 57007 57003 57004 57000 57002 57005 57006 57012
-- 57017 <31
-- worker thread times 24334 24333 24333 24333 24333 24333 24333 24333 24333 24334 24334 24333 24335 24333 24333 24334 24334 24334 24334 24334 24334 24332 24333 24334 24333 24334 24333 24334 24332 24334 24333
-- 24337 <30
false 17525243 aborted

100002 2 3 5 13 46 207 893 3487 13987 57017 24337
FAIL0=2 FAIL1=3 FAIL10=24337 FAIL2=5 FAIL3=13 FAIL4=46 FAIL5=207 FAIL6=893 FAIL7=3487 FAIL8=13987 FAIL9=57017 
