-- worker thread times 0 0 0 0 0 0 0 0 0 0 0 0 0 0 0 0 0 0 0 0 0 0 0 0 0 0 0 0 0 0 0
-- 3 <50
-- worker thread times 1 0 0 0 1 0 0 0 0 0 0 1 0 0 1 0 0 0 1 0 0 0 0 0 1 0 0 0 0 0 1
-- 4 <49
-- worker thread times 4 0 2 1 1 4 2 1 2 1 3 3 1 2 3 1 3 0 3 2 1 1 2 2 2 1 2 1 3 1 4
-- 7 <48
-- worker thread times 25 24 19 26 22 23 25 27 20 20 23 21 27 22 21 24 25 25 24 23 24 24 23 22 21 24 22 22 27 22 26
-- 30 <47
-- worker thread times 167 165 161 162 163 160 159 162 168 168 160 166 162 166 164 164 166 163 162 163 161 165 159 162 164 164 162 165 166 166 163
-- 171 <46
-- worker thread times 1000 994 994 996 996 1000 1001 997 999 995 999 994 993 999 996 1001 991 996 999 1000 997 999 1001 997 995 992 995 997 997 1000 997
-- 1005 <45
-- worker thread times 6078 6073 6075 6079 6079 6071 6071 6076 6074 6078 6075 6075 6078 6076 6076 6073 6073 6077 6075 6075 6080 6073 6071 6074 6075 6072 6077 6074 6079 6075 6074
-- 6086 <44
-- worker thread times 35084 35084 35080 35078 35081 35085 35091 35087 35084 35084 35087 35088 35085 35084 35082 35087 35085 35083 35089 35086 35083 35083 35083 35085 35082 35085 35085 35086 35086 35084 35084
-- 35095 <43
-- worker thread times 57593 57592 57591 57592 57592 57591 57592 57592 57592 57592 57593 57593 57592 57593 57592 57592 57592 57592 57592 57593 57592 57592 57591 57593 57592 57592 57592 57593 57591 57591 57593
-- 57596 <42
false 16470958 aborted

100002 3 4 7 30 171 1005 6086 35095 57596
FAIL0=3 FAIL1=4 FAIL2=7 FAIL3=30 FAIL4=171 FAIL5=1005 FAIL6=6086 FAIL7=35095 FAIL8=57596 
