-- worker thread times 0 0 0 0 0 0 0 0 0 0 0 0 0 0 0 0 0 0 0 0 0 0 0 0 0 0 0 0 0 0 0
-- 3 <35
-- worker thread times 3 0 1 0 0 1 0 1 2 1 1 1 0 0 0 2 0 1 1 1 1 1 2 2 1 1 1 0 0 2 1
-- 5 <34
-- worker thread times 3 4 3 3 5 4 3 3 6 6 5 3 1 4 5 3 1 4 6 6 4 5 6 4 4 5 4 7 3 4 3
-- 10 <33
-- worker thread times 26 32 27 30 27 29 27 27 29 30 24 31 30 29 30 29 29 28 25 32 27 29 26 31 27 28 30 25 24 30 28
-- 35 <32
-- worker thread times 185 188 187 188 185 186 185 183 184 186 189 186 183 182 182 186 188 184 184 186 185 189 186 184 187 186 185 184 191 186 187
-- 193 <31
-- worker thread times 856 854 853 852 856 855 853 852 855 853 854 851 850 854 855 853 854 857 853 855 854 852 850 853 851 854 856 852 853 853 852
-- 862 <30
-- worker thread times 3691 3693 3685 3694 3688 3694 3694 3691 3691 3684 3690 3688 3690 3690 3694 3690 3693 3693 3687 3686 3690 3688 3689 3685 3694 3691 3692 3694 3692 3692 3692
-- 3699 <29
-- worker thread times 17777 17777 17779 17778 17774 17771 17776 17775 17780 17775 17776 17774 17776 17776 17772 17777 17774 17776 17774 17774 17776 17774 17775 17776 17773 17775 17777 17779 17781 17780 17777
-- 17785 <28
-- worker thread times 77402 77400 77399 77400 77400 77401 77401 77401 77398 77401 77397 77398 77402 77398 77400 77399 77399 77400 77400 77401 77401 77401 77398 77400 77400 77401 77398 77400 77400 77400 77398
-- 77406 <27
false 16456001 aborted

100002 3 5 10 35 193 862 3699 17785 77406
FAIL0=3 FAIL1=5 FAIL2=10 FAIL3=35 FAIL4=193 FAIL5=862 FAIL6=3699 FAIL7=17785 FAIL8=77406 
