-- worker thread times 0 0 0 0 0 0 0 0 0 0 0 0 0 0 0 0 0 0 0 0 0 0 0 0 0 0 0 0 0 0 1
-- 4 <40
-- worker thread times 2 1 0 0 0 0 1 2 1 1 0 1 1 0 0 0 0 0 0 1 2 1 1 1 1 1 1 1 1 0 0
-- 5 <39
-- worker thread times 5 7 4 7 7 6 7 6 7 6 6 5 3 8 7 5 8 6 5 6 6 6 5 6 7 7 8 8 4 5 8
-- 11 <38
-- worker thread times 41 43 38 42 40 38 41 41 42 41 38 41 34 43 39 39 42 42 44 38 43 41 42 40 39 40 43 39 42 43 38
-- 47 <37
-- worker thread times 209 209 205 208 211 210 211 211 211 209 206 212 206 212 212 209 210 211 208 205 212 213 208 210 212 211 213 211 212 204 206
-- 217 <36
-- worker thread times 1075 1072 1073 1070 1075 1072 1073 1072 1073 1068 1074 1074 1077 1073 1076 1075 1070 1074 1075 1069 1072 1072 1071 1069 1072 1078 1072 1073 1070 1074 1071
-- 1082 <35
-- worker thread times 4698 4694 4698 4696 4701 4701 4701 4694 4695 4700 4698 4697 4695 4697 4698 4696 4698 4693 4700 4696 4692 4695 4699 4699 4697 4695 4694 4692 4693 4696 4695
-- 4706 <34
-- worker thread times 21317 21307 21309 21316 21314 21313 21313 21312 21315 21310 21315 21309 21309 21314 21312 21314 21318 21312 21313 21310 21313 21315 21312 21309 21311 21314 21309 21316 21310 21307 21307
-- 21322 <33
-- worker thread times 72601 72602 72596 72598 72601 72601 72601 72600 72598 72600 72603 72599 72600 72601 72602 72601 72601 72601 72598 72598 72601 72600 72599 72598 72600 72601 72601 72602 72600 72602 72600
-- 72606 <32
false 19888778 aborted

100002 4 5 11 47 217 1082 4706 21322 72606
FAIL0=4 FAIL1=5 FAIL2=11 FAIL3=47 FAIL4=217 FAIL5=1082 FAIL6=4706 FAIL7=21322 FAIL8=72606 
