-- worker thread times 0 0 0 0 0 0 0 0 0 0 0 0 0 0 0 0 0 0 0 0 0 0 0 0 0 0 0 0 0 0 0
-- 4 <50
-- worker thread times 0 0 1 1 0 0 1 0 0 0 1 0 1 1 0 0 0 0 1 0 0 0 0 1 0 0 1 0 0 0 0
-- 5 <49
-- worker thread times 2 3 4 3 3 5 5 5 4 5 6 4 2 3 6 3 4 3 6 6 4 1 5 0 2 5 4 6 3 3 1
-- 11 <48
-- worker thread times 23 24 27 25 24 25 25 23 25 28 25 27 25 23 24 25 27 25 24 25 25 26 26 27 21 28 28 27 26 26 29
-- 33 <47
-- worker thread times 157 155 156 158 161 154 159 153 158 154 157 161 156 158 160 157 156 156 159 161 160 156 156 159 158 155 156 156 160 159 161
-- 167 <46
-- worker thread times 888 892 889 889 889 895 892 890 890 893 894 894 889 888 888 890 890 894 891 890 889 892 893 889 888 892 893 895 892 888 894
-- 901 <45
-- worker thread times 5013 5008 5006 5008 5013 5008 5003 5010 5009 5010 5004 5011 5007 5009 5007 5012 5008 5006 5008 5012 5011 5004 5003 5008 5012 5005 5005 5005 5007 5011 5007
-- 5019 <44
-- worker thread times 30881 30876 30888 30883 30886 30875 30879 30877 30883 30887 30883 30881 30886 30881 30883 30882 30876 30885 30878 30887 30881 30886 30890 30882 30885 30880 30889 30884 30879 30881 30884
-- 30895 <43
-- worker thread times 62955 62957 62956 62958 62957 62958 62957 62957 62958 62957 62956 62957 62957 62958 62958 62958 62955 62959 62958 62957 62958 62956 62956 62958 62957 62956 62955 62958 62957 62954 62959
-- 62963 <42
false 15914136 aborted

100003 4 5 11 33 167 901 5019 30895 62963
FAIL0=4 FAIL1=5 FAIL2=11 FAIL3=33 FAIL4=167 FAIL5=901 FAIL6=5019 FAIL7=30895 FAIL8=62963 
