-- worker thread times 0 0 0 0 0 0 0 0 0 0 0 0 0 0 0 0 0 0 0 0 0 0 0 0 0 0 0 0 0 0 0
-- 3 <50
-- worker thread times 0 0 0 0 0 0 0 0 0 0 0 0 0 0 0 0 0 0 0 0 0 0 0 0 0 0 0 0 0 0 0
-- 3 <49
-- worker thread times 0 1 0 0 2 0 0 0 0 0 1 1 1 1 0 0 0 1 0 0 0 1 0 0 1 1 0 1 0 0 2
-- 5 <48
-- worker thread times 3 2 1 2 6 3 5 4 3 3 2 1 6 2 4 4 5 3 3 4 5 4 2 2 4 3 5 4 5 6 4
-- 10 <47
-- worker thread times 26 25 29 26 27 26 28 29 26 22 30 27 28 27 25 23 25 26 26 26 26 28 30 28 27 27 29 30 29 25 29
-- 34 <46
-- worker thread times 166 167 168 168 167 167 171 169 163 170 171 167 169 164 166 166 167 170 167 169 168 164 172 164 171 163 166 168 169 166 169
-- 175 <45
-- worker thread times 991 989 988 987 987 986 986 985 983 984 986 982 989 986 987 990 987 983 979 988 985 983 987 985 985 988 982 985 986 982 992
-- 995 <44
-- worker thread times 5972 5971 5968 5974 5971 5973 5973 5970 5975 5971 5970 5967 5974 5975 5967 5973 5976 5970 5977 5973 5967 5971 5976 5976 5974 5973 5979 5973 5975 5963 5969
-- 5983 <43
-- worker thread times 37008 36995 36995 36999 36999 36997 36998 37001 36999 36998 36998 36998 36998 36994 36998 36994 36992 36996 37001 37004 37001 36997 37002 36994 36994 37004 36998 37000 36999 36991 36997
-- 37011 <42
-- worker thread times 55776 55775 55774 55773 55774 55775 55774 55775 55775 55776 55774 55775 55774 55775 55774 55774 55775 55774 55774 55775 55775 55774 55774 55774 55774 55774 55774 55773 55775 55774 55775
-- 55779 <41
false 16312015 aborted

100002 3 3 5 10 34 175 995 5983 37011 55779
FAIL0=3 FAIL1=3 FAIL2=5 FAIL3=10 FAIL4=34 FAIL5=175 FAIL6=995 FAIL7=5983 FAIL8=37011 FAIL9=55779 
