-- worker thread times 0 0 0 0 0 0 0 0 1 0 1 1 0 1 0 0 0 1 0 0 0 0 0 0 0 0 1 0 0 0 0
-- 4 <50
-- worker thread times 0 0 0 0 0 0 1 0 0 0 0 0 0 1 0 0 0 0 0 1 1 0 0 0 0 0 0 0 0 0 1
-- 4 <49
-- worker thread times 0 2 3 3 0 1 0 1 2 3 2 1 2 1 0 1 1 2 2 2 1 0 1 0 1 0 3 1 1 1 3
-- 6 <48
-- worker thread times 8 12 9 7 8 8 12 12 9 8 8 7 8 12 10 11 8 9 9 9 8 11 9 3 10 8 9 6 9 8 10
-- 15 <47
-- worker thread times 32 28 27 33 33 36 31 30 31 32 31 29 34 35 31 34 28 30 34 30 32 28 33 30 32 30 32 35 34 34 35
-- 39 <46
-- worker thread times 91 95 91 93 92 89 94 93 94 90 90 92 93 91 94 90 95 91 84 93 91 92 93 93 85 94 90 93 93 92 94
-- 100 <45
-- worker thread times 260 252 253 255 253 257 252 255 255 258 255 254 256 259 257 257 256 254 249 256 254 251 253 253 258 252 260 257 257 255 258
-- 264 <44
-- worker thread times 729 725 728 726 728 724 723 729 720 728 725 730 723 721 723 724 722 724 729 728 726 725 717 723 725 724 724 718 721 730 725
-- 736 <43
-- worker thread times 1910 1905 1904 1908 1910 1905 1901 1908 1905 1908 1906 1900 1905 1906 1906 1903 1906 1904 1910 1905 1905 1903 1908 1906 1905 1902 1903 1907 1906 1901 1906
-- 1918 <42
-- worker thread times 5148 5147 5147 5148 5141 5144 5146 5145 5144 5149 5148 5147 5145 5147 5151 5149 5152 5145 5147 5147 5145 5151 5140 5146 5143 5149 5146 5149 5148 5137 5149
-- 5159 <41
-- worker thread times 15286 15289 15282 15285 15282 15286 15279 15287 15284 15290 15288 15290 15291 15281 15286 15291 15291 15279 15290 15279 15287 15290 15280 15298 15289 15287 15276 15289 15275 15284 15282
-- 15301 <40
-- worker thread times 36766 36763 36761 36763 36757 36758 36754 36761 36762 36757 36758 36760 36766 36762 36758 36763 36757 36757 36764 36762 36763 36756 36768 36757 36759 36764 36761 36765 36762 36764 36752
-- 36776 <39
-- worker thread times 39671 39667 39669 39669 39669 39670 39665 39668 39669 39669 39666 39666 39667 39668 39668 39668 39667 39665 39669 39670 39669 39669 39668 39669 39669 39669 39668 39670 39671 39665 39670
-- 39674 <38
false 17517563 aborted

100003 4 4 6 15 39 100 264 736 1918 5159 15301 36776 39674
FAIL0=4 FAIL1=4 FAIL10=15301 FAIL11=36776 FAIL12=39674 FAIL2=6 FAIL3=15 FAIL4=39 FAIL5=100 FAIL6=264 FAIL7=736 FAIL8=1918 FAIL9=5159 
