-- worker thread times 0 0 0 0 0 0 0 0 0 0 0 0 0 0 0 0 0 0 0 0 0 0 0 0 0 0 0 0 0 0 0
-- 3 <50
-- worker thread times 0 0 0 1 0 0 0 0 0 0 0 0 0 0 0 0 0 0 0 0 0 0 0 0 0 0 0 0 0 0 1
-- 4 <49
-- worker thread times 1 1 1 1 0 0 1 2 0 1 0 0 0 2 1 1 0 0 2 1 1 0 2 0 1 2 1 1 0 0 0
-- 5 <48
-- worker thread times 4 4 4 1 5 5 6 6 8 7 5 6 8 5 2 6 6 6 6 8 6 6 5 6 9 4 5 5 5 6 7
-- 11 <47
-- worker thread times 24 24 26 26 25 26 24 23 29 26 24 22 25 26 20 21 25 25 27 24 28 26 25 21 22 25 27 25 27 25 29
-- 32 <46
-- worker thread times 118 119 123 121 116 117 119 119 118 120 119 121 119 116 123 118 120 121 114 118 120 118 122 119 121 120 116 118 125 125 123
-- 128 <45
-- worker thread times 540 538 535 535 537 534 530 535 540 533 527 538 537 535 536 531 531 536 536 531 532 540 531 534 537 534 534 533 533 538 536
-- 544 <44
-- worker thread times 2394 2391 2397 2393 2395 2388 2392 2397 2394 2398 2390 2389 2396 2394 2391 2389 2390 2396 2394 2395 2393 2393 2398 2394 2397 2388 2385 2393 2394 2395 2394
-- 2402 <43
-- worker thread times 10229 10239 10242 10233 10236 10234 10230 10230 10236 10239 10239 10232 10229 10240 10236 10231 10232 10238 10237 10235 10232 10236 10235 10240 10243 10235 10235 10241 10233 10240 10236
-- 10247 <42
-- worker thread times 40486 40482 40484 40486 40476 40480 40476 40485 40482 40486 40478 40477 40486 40485 40478 40489 40480 40482 40474 40483 40481 40482 40473 40485 40487 40487 40481 40491 40486 40493 40481
-- 40496 <41
-- worker thread times 46119 46119 46114 46119 46117 46119 46115 46119 46119 46120 46112 46120 46119 46120 46115 46118 46120 46119 46120 46120 46119 46119 46120 46118 46116 46119 46120 46119 46119 46119 46120
-- 46123 <40
false 16899551 aborted

100002 3 4 5 11 32 128 544 2402 10247 40496 46123
FAIL0=3 FAIL1=4 FAIL10=46123 FAIL2=5 FAIL3=11 FAIL4=32 FAIL5=128 FAIL6=544 FAIL7=2402 FAIL8=10247 FAIL9=40496 
