-- worker thread times 1 1 0 0 0 0 0 0 0 0 0 0 0 1 0 0 0 0 0 0 0 0 0 0 0 0 0 0 0 0 0
-- 3 <30
-- worker thread times 0 1 0 1 0 0 0 0 1 0 1 0 0 0 1 0 0 0 1 0 1 0 0 0 1 0 1 0 0 1 1
-- 4 <29
-- worker thread times 3 1 4 3 2 2 2 1 2 1 3 3 1 3 1 1 4 2 3 3 2 1 3 2 3 1 3 0 3 2 4
-- 7 <28
-- worker thread times 8 9 8 8 9 9 11 10 7 11 5 11 8 10 10 6 10 8 9 10 10 8 7 6 10 8 6 9 9 8 7
-- 14 <27
-- worker thread times 29 33 34 28 37 34 31 34 35 35 32 31 31 34 36 33 32 33 34 35 35 32 31 32 36 36 32 33 30 35 31
-- 40 <26
-- worker thread times 108 104 103 112 107 107 107 107 107 104 103 105 109 109 109 110 106 108 105 108 104 107 103 105 108 107 104 110 108 108 111
-- 116 <25
-- worker thread times 333 328 325 335 332 327 329 331 330 330 334 332 326 328 333 332 335 332 329 331 326 333 329 333 335 337 329 335 328 332 329
-- 341 <24
-- worker thread times 1010 1011 1012 1017 1014 1014 1014 1015 1014 1008 1013 1012 1017 1017 1016 1010 1014 1012 1018 1018 1013 1011 1014 1015 1016 1017 1010 1011 1016 1018 1017
-- 1025 <23
-- worker thread times 2910 2898 2902 2910 2908 2901 2906 2901 2909 2902 2905 2907 2907 2904 2904 2900 2909 2904 2908 2905 2897 2907 2908 2906 2912 2901 2903 2908 2907 2905 2909
-- 2918 <22
-- worker thread times 7982 7972 7980 7982 7974 7978 7975 7977 7978 7975 7976 7979 7979 7979 7979 7982 7976 7981 7981 7976 7978 7977 7979 7980 7984 7979 7974 7977 7976 7974 7980
-- 7991 <21
-- worker thread times 22738 22724 22727 22736 22725 22729 22732 22732 22734 22730 22727 22729 22721 22732 22733 22734 22735 22727 22729 22730 22732 22731 22729 22733 22733 22730 22730 22728 22732 22727 22733
-- 22744 <20
-- worker thread times 64786 64784 64784 64788 64787 64785 64784 64789 64784 64788 64787 64787 64784 64784 64787 64787 64784 64789 64788 64784 64784 64786 64789 64784 64786 64783 64779 64785 64787 64784 64785
-- 64794 <19
false 19120682 aborted

100002 3 4 7 14 40 116 341 1025 2918 7991 22744 64794
FAIL0=3 FAIL1=4 FAIL10=22744 FAIL11=64794 FAIL2=7 FAIL3=14 FAIL4=40 FAIL5=116 FAIL6=341 FAIL7=1025 FAIL8=2918 FAIL9=7991 
