-- worker thread times 0 0 0 0 0 0 0 0 0 0 0 0 0 0 0 0 0 0 0 0 0 0 0 0 0 0 0 0 0 0 0
-- 3 <30
-- worker thread times 0 0 0 0 0 0 0 0 0 0 0 0 0 0 0 0 0 0 0 0 0 0 0 0 0 0 0 0 0 0 0
-- 3 <29
-- worker thread times 2 0 1 0 0 0 0 0 1 0 0 1 1 1 1 1 1 1 0 0 0 0 0 1 0 0 1 0 0 1 1
-- 5 <28
-- worker thread times 4 8 4 5 4 5 5 4 7 3 5 6 3 7 3 5 4 5 6 3 3 4 5 6 7 8 3 5 4 6 5
-- 10 <27
-- worker thread times 23 30 29 25 28 29 27 22 26 26 23 27 25 29 24 27 25 30 25 29 25 27 22 27 26 27 27 26 21 28 21
-- 33 <26
-- worker thread times 121 125 121 124 118 127 120 125 123 127 128 122 125 126 127 123 125 128 124 124 126 120 123 123 124 126 114 122 128 127 129
-- 133 <25
-- worker thread times 533 534 533 529 534 532 534 529 538 530 522 535 531 536 533 528 537 533 525 532 529 537 533 533 532 527 532 534 535 533 527
-- 542 <24
-- worker thread times 2191 2197 2202 2201 2193 2196 2194 2198 2202 2198 2191 2194 2197 2197 2195 2198 2195 2197 2194 2196 2198 2195 2198 2193 2193 2194 2189 2193 2199 2192 2200
-- 2207 <23
-- worker thread times 8765 8764 8759 8758 8756 8763 8758 8755 8756 8761 8763 8765 8758 8755 8768 8757 8758 8760 8756 8765 8750 8765 8755 8758 8762 8764 8759 8764 8759 8756 8765
-- 8772 <22
-- worker thread times 37865 37861 37865 37867 37860 37868 37868 37862 37869 37863 37869 37865 37867 37869 37870 37865 37864 37860 37863 37866 37865 37860 37866 37874 37860 37863 37866 37861 37871 37866 37871
-- 37878 <21
-- worker thread times 9126 9125 9126 9125 9125 9125 9125 9125 9126 9126 9125 9124 9125 9125 9125 9126 9125 9125 9125 9125 9125 9125 9124 9125 9124 9124 9125 9126 9125 9125 9125
true 10773487
(0 -> 17) (1 -> 8) (2 -> 1) (3 -> -1) (4 -> 28) (5 -> -1) (6 -> -1) (7 -> -1) (8 -> 15) (9 -> 7) (10 -> 6) (11 -> 22) (12 -> -1) (13 -> -1) (14 -> 12) (15 -> 2) (16 -> 25) (17 -> 24) (18 -> 3) (19 -> 20) (20 -> 19) (21 -> 10) (22 -> 21) (23 -> 29) (24 -> 16) (25 -> -1) (26 -> -1) (27 -> 14) (28 -> -1) (29 -> -1) 
58721 3 3 5 10 33 133 542 2207 8772 37878 9128
EXCEPT=10 FAIL0=3 FAIL1=3 FAIL2=5 FAIL3=10 FAIL4=33 FAIL5=133 FAIL6=542 FAIL7=2207 FAIL8=8772 FAIL9=37878 SIZE=20 
