-- worker thread times 0 0 0 0 0 0 0 0 0 0 0 0 0 0 0 0 0 0 0 0 0 0 0 0 0 0 0 0 0 0 0
-- 3 <50
-- worker thread times 0 0 0 0 0 0 0 0 0 0 0 0 0 0 0 0 0 0 0 0 0 0 0 0 0 0 0 0 0 0 1
-- 3 <49
-- worker thread times 0 0 1 0 1 1 2 0 0 1 1 2 1 2 1 0 0 2 2 1 0 0 1 2 2 0 2 1 1 2 1
-- 6 <48
-- worker thread times 17 16 17 17 14 14 14 15 12 12 14 16 15 14 13 12 16 13 11 14 16 16 15 16 12 17 10 15 13 16 13
-- 21 <47
-- worker thread times 92 88 93 94 88 92 90 90 88 90 93 87 95 92 90 91 88 90 91 90 93 94 92 91 93 92 95 89 94 88 90
-- 100 <46
-- worker thread times 455 453 454 446 449 449 449 456 455 451 456 451 448 453 451 456 454 455 454 453 451 452 455 451 453 457 450 453 449 454 451
-- 462 <45
-- worker thread times 1993 1987 1987 1993 1990 1986 1987 1986 1988 1986 1991 1985 1988 1991 1993 1985 1992 1991 1987 1989 1989 1983 1989 1987 1991 1988 1989 1988 1990 1988 1993
-- 1999 <44
-- worker thread times 8053 8057 8057 8056 8053 8055 8054 8058 8056 8055 8056 8057 8054 8059 8060 8057 8049 8058 8054 8058 8056 8054 8061 8055 8056 8055 8057 8057 8051 8057 8063
-- 8067 <43
-- worker thread times 34153 34157 34154 34161 34159 34156 34157 34157 34161 34155 34153 34152 34161 34159 34151 34158 34153 34156 34155 34159 34155 34153 34155 34161 34159 34158 34158 34152 34152 34157 34162
-- 34168 <42
-- worker thread times 55164 55163 55165 55163 55164 55164 55164 55162 55164 55164 55164 55162 55164 55163 55163 55164 55163 55163 55163 55163 55163 55164 55162 55162 55163 55163 55165 55163 55163 55163 55164
-- 55168 <41
false 18159249 aborted

100002 3 3 6 21 100 462 1999 8067 34168 55168
FAIL0=3 FAIL1=3 FAIL2=6 FAIL3=21 FAIL4=100 FAIL5=462 FAIL6=1999 FAIL7=8067 FAIL8=34168 FAIL9=55168 
