-- worker thread times 0 0 0 0 0 0 0 0 0 0 0 0 0 0 0 0 0 0 0 0 0 0 0 0 0 0 0 0 0 0 0
-- 2 <40
-- worker thread times 0 1 0 0 0 1 1 0 0 0 1 0 0 0 0 1 0 0 0 0 0 1 0 0 0 0 0 0 0 0 0
-- 4 <39
-- worker thread times 6 4 1 4 5 3 3 2 5 4 3 4 3 5 6 3 3 3 4 5 5 4 4 3 5 5 3 6 4 5 7
-- 9 <38
-- worker thread times 27 31 30 29 30 27 26 27 27 30 27 29 27 25 26 28 26 27 27 29 29 26 25 27 28 27 29 29 26 28 27
-- 34 <37
-- worker thread times 184 177 183 175 178 181 177 177 177 176 175 182 183 179 177 179 175 180 174 178 180 181 179 183 182 174 176 178 176 178 184
-- 188 <36
-- worker thread times 1302 1300 1298 1299 1299 1298 1292 1302 1302 1296 1295 1299 1295 1299 1299 1301 1299 1298 1302 1305 1304 1303 1295 1304 1301 1298 1300 1292 1296 1294 1305
-- 1309 <35
-- worker thread times 7425 7422 7426 7416 7416 7431 7422 7432 7428 7419 7426 7418 7418 7422 7431 7422 7421 7414 7418 7424 7422 7426 7423 7417 7421 7423 7423 7420 7424 7423 7422
-- 7435 <34
-- worker thread times 50259 50261 50252 50257 50253 50248 50249 50254 50247 50256 50240 50253 50257 50250 50246 50254 50261 50255 50260 50259 50255 50257 50248 50262 50255 50253 50261 50254 50250 50250 50265
-- 50269 <33
-- worker thread times 40743 40744 40742 40743 40742 40742 40743 40741 40743 40742 40743 40742 40742 40743 40744 40740 40744 40743 40743 40742 40742 40743 40741 40743 40744 40742 40743 40743 40742 40743 40742
-- 40747 <32
false 18072917 aborted

100002 2 4 9 34 188 1309 7435 50269 40747
FAIL0=2 FAIL1=4 FAIL2=9 FAIL3=34 FAIL4=188 FAIL5=1309 FAIL6=7435 FAIL7=50269 FAIL8=40747 
