-- worker thread times 0 0 0 0 0 0 0 0 0 0 0 0 0 0 0 0 0 0 0 0 0 0 0 0 0 0 0 0 0 0 0
-- 3 <50
-- worker thread times 0 1 1 0 1 0 0 0 1 0 0 0 0 1 1 0 0 0 1 1 0 1 1 0 0 0 0 0 0 0 1
-- 4 <49
-- worker thread times 5 2 4 5 6 4 4 4 5 6 3 5 5 4 6 6 5 5 6 5 3 4 4 3 3 6 6 4 6 2 7
-- 10 <48
-- worker thread times 37 38 39 38 39 38 37 38 38 37 37 39 37 37 34 37 37 39 38 34 32 38 40 41 35 37 36 40 37 37 41
-- 44 <47
-- worker thread times 218 214 219 218 217 214 216 213 219 216 218 211 217 220 220 214 212 220 220 214 219 219 217 220 216 218 217 218 219 217 222
-- 225 <46
-- worker thread times 1017 1016 1019 1018 1020 1019 1018 1016 1020 1020 1015 1016 1020 1016 1015 1014 1018 1021 1020 1016 1021 1016 1022 1019 1020 1015 1014 1021 1016 1021 1017
-- 1026 <45
-- worker thread times 3626 3617 3621 3619 3621 3622 3622 3619 3621 3620 3621 3623 3624 3618 3624 3618 3619 3621 3625 3619 3620 3621 3618 3623 3623 3616 3615 3622 3618 3621 3623
-- 3630 <44
-- worker thread times 12598 12593 12592 12595 12598 12599 12593 12599 12599 12593 12594 12599 12597 12599 12596 12595 12597 12601 12596 12597 12595 12600 12600 12598 12595 12598 12592 12598 12591 12602 12600
-- 12607 <43
-- worker thread times 44245 44241 44244 44243 44242 44242 44244 44239 44241 44244 44240 44248 44243 44247 44243 44243 44239 44247 44250 44243 44244 44244 44240 44245 44243 44241 44245 44240 44243 44248 44247
-- 44254 <42
-- worker thread times 38188 38190 38188 38188 38190 38189 38189 38188 38189 38189 38189 38189 38190 38190 38190 38190 38189 38189 38190 38189 38189 38190 38189 38190 38189 38190 38189 38189 38189 38190 38190
-- 38193 <41
false 16208274 aborted

100002 3 4 10 44 225 1026 3630 12607 44254 38193
FAIL0=3 FAIL1=4 FAIL2=10 FAIL3=44 FAIL4=225 FAIL5=1026 FAIL6=3630 FAIL7=12607 FAIL8=44254 FAIL9=38193 
