-- worker thread times 0 0 0 0 0 0 0 0 0 0 0 0 0 0 0 0 0 0 0 0 0 0 0 0 0 0 0 0 0 0 0
-- 3 <50
-- worker thread times 0 0 0 0 0 0 0 0 0 0 0 0 0 0 0 0 0 0 0 0 0 0 0 0 0 0 0 0 0 1 1
-- 4 <49
-- worker thread times 0 3 1 0 1 1 0 2 0 0 1 1 0 2 0 1 1 0 0 2 0 0 0 0 1 1 3 1 2 0 0
-- 5 <48
-- worker thread times 3 4 1 5 0 6 4 4 2 3 2 5 4 5 3 2 3 1 4 2 2 5 5 1 2 2 0 3 4 5 6
-- 9 <47
-- worker thread times 15 15 17 17 12 13 16 14 18 17 17 14 15 14 13 15 14 18 15 18 15 15 18 13 14 14 14 15 12 11 19
-- 22 <46
-- worker thread times 60 63 62 62 63 61 58 56 60 61 61 61 61 59 60 63 60 60 60 58 61 60 59 59 63 62 61 62 62 56 60
-- 69 <45
-- worker thread times 299 300 299 304 299 299 295 295 295 299 298 297 297 298 299 295 299 296 300 299 297 300 304 298 296 301 292 292 299 299 301
-- 308 <44
-- worker thread times 1466 1462 1463 1454 1455 1453 1458 1466 1462 1461 1459 1463 1463 1463 1465 1460 1462 1463 1462 1466 1465 1462 1467 1460 1459 1452 1459 1463 1467 1459 1460
-- 1472 <43
-- worker thread times 7036 7034 7036 7034 7028 7032 7039 7026 7038 7029 7038 7037 7038 7034 7040 7036 7040 7034 7026 7039 7038 7037 7031 7036 7030 7037 7032 7027 7037 7039 7040
-- 7047 <42
-- worker thread times 30650 30650 30644 30651 30647 30650 30649 30653 30651 30647 30649 30649 30644 30649 30655 30649 30653 30642 30654 30649 30649 30642 30655 30652 30655 30654 30653 30652 30650 30648 30657
-- 30663 <41
-- worker thread times 60388 60390 60386 60388 60389 60386 60388 60388 60389 60388 60385 60387 60387 60387 60386 60388 60389 60384 60388 60390 60389 60388 60387 60386 60386 60389 60387 60389 60389 60388 60390
-- 60394 <40
false 16643856 aborted

100002 3 4 5 9 22 69 308 1472 7047 30663 60394
FAIL0=3 FAIL1=4 FAIL10=60394 FAIL2=5 FAIL3=9 FAIL4=22 FAIL5=69 FAIL6=308 FAIL7=1472 FAIL8=7047 FAIL9=30663 
