-- worker thread times 0 0 0 0 0 0 0 0 0 0 0 0 0 0 0 0 0 0 0 0 0 0 0 0 0 0 0 0 0 0 0
-- 2 <50
-- worker thread times 0 0 0 0 0 0 0 0 0 0 0 0 0 0 0 0 0 0 0 0 0 0 0 0 0 0 0 0 0 0 0
-- 3 <49
-- worker thread times 1 1 0 0 0 0 0 0 0 0 0 0 0 0 0 0 0 0 0 0 0 0 0 0 0 0 0 0 0 0 0
-- 5 <48
-- worker thread times 3 0 0 2 2 1 1 2 0 0 1 2 1 1 0 0 2 0 1 2 2 1 1 1 1 1 0 1 2 3 0
-- 6 <47
-- worker thread times 10 7 7 13 8 7 7 7 9 9 7 12 12 12 8 8 9 8 8 8 9 8 10 8 11 10 9 10 8 7 6
-- 16 <46
-- worker thread times 41 35 38 40 36 41 42 41 41 41 40 38 39 39 36 37 34 37 34 39 40 36 40 37 41 41 38 37 40 40 41
-- 47 <45
-- worker thread times 147 147 145 145 149 142 149 140 147 148 145 147 144 148 148 144 140 142 143 140 136 146 146 145 144 138 144 139 142 146 149
-- 155 <44
-- worker thread times 445 450 446 455 448 448 454 452 454 450 450 446 454 449 447 452 446 450 451 450 452 446 451 450 451 447 446 457 450 442 449
-- 462 <43
-- worker thread times 1419 1420 1425 1415 1420 1416 1419 1420 1415 1418 1423 1417 1420 1419 1417 1422 1415 1415 1422 1420 1417 1422 1423 1417 1416 1424 1419 1420 1417 1427 1421
-- 1433 <42
-- worker thread times 4397 4388 4383 4390 4388 4386 4393 4382 4378 4387 4381 4382 4393 4379 4389 4389 4384 4391 4385 4391 4385 4390 4380 4378 4390 4385 4380 4387 4389 4375 4387
-- 4401 <41
-- worker thread times 10425 10428 10427 10427 10425 10426 10426 10426 10425 10428 10424 10427 10429 10428 10421 10427 10422 10421 10426 10420 10424 10419 10421 10425 10420 10427 10429 10419 10418 10426 10429
-- 10438 <40
-- worker thread times 27270 27266 27263 27268 27263 27263 27264 27266 27265 27263 27270 27269 27270 27263 27262 27262 27266 27273 27267 27265 27266 27266 27263 27264 27268 27268 27269 27269 27267 27271 27265
-- 27281 <39
-- worker thread times 55733 55735 55736 55741 55739 55738 55741 55739 55742 55736 55734 55738 55736 55739 55739 55737 55734 55737 55736 55738 55731 55737 55736 55740 55740 55738 55740 55739 55739 55739 55739
-- 55746 <38
false 16900548 aborted

100002 2 3 5 6 16 47 155 462 1433 4401 10438 27281 55746
FAIL0=2 FAIL1=3 FAIL10=10438 FAIL11=27281 FAIL12=55746 FAIL2=5 FAIL3=6 FAIL4=16 FAIL5=47 FAIL6=155 FAIL7=462 FAIL8=1433 FAIL9=4401 
