-- worker thread times 0 0 0 0 0 0 0 0 0 0 0 0 0 0 0 0 0 0 0 0 0 0 0 0 0 0 0 0 0 0 0
-- 3 <50
-- worker thread times 0 0 0 1 0 0 0 0 0 1 0 0 0 0 0 0 0 0 0 0 0 0 0 1 0 0 0 0 0 0 1
-- 4 <49
-- worker thread times 1 2 0 1 1 1 2 0 0 0 1 0 0 1 2 0 0 1 1 0 0 0 0 2 0 0 1 0 0 2 1
-- 5 <48
-- worker thread times 7 0 6 4 1 3 3 2 4 4 5 4 2 5 4 5 5 6 2 5 3 4 4 5 5 4 2 2 4 3 1
-- 10 <47
-- worker thread times 25 21 20 25 23 18 20 22 19 21 19 22 22 21 22 16 20 25 20 22 22 20 20 24 21 16 17 22 20 21 22
-- 29 <46
-- worker thread times 83 85 85 83 83 77 83 81 83 83 83 78 82 83 83 81 82 80 81 82 82 87 78 80 80 79 85 79 86 78 83
-- 91 <45
-- worker thread times 330 315 321 327 324 327 327 318 322 323 319 324 326 319 328 319 324 323 321 326 325 324 318 323 326 320 328 326 317 321 324
-- 333 <44
-- worker thread times 1368 1362 1370 1365 1356 1365 1362 1366 1368 1365 1363 1368 1364 1357 1362 1370 1366 1365 1368 1366 1370 1356 1364 1368 1368 1359 1367 1365 1370 1362 1367
-- 1376 <43
-- worker thread times 5780 5780 5782 5781 5783 5787 5781 5777 5773 5782 5776 5776 5778 5785 5774 5783 5783 5780 5779 5784 5780 5779 5776 5781 5770 5783 5785 5780 5778 5786 5783
-- 5794 <42
-- worker thread times 23774 23770 23773 23772 23772 23773 23777 23769 23766 23772 23770 23777 23778 23767 23773 23772 23771 23768 23768 23769 23770 23770 23767 23772 23771 23765 23772 23772 23772 23768 23779
-- 23785 <41
-- worker thread times 68563 68560 68560 68560 68562 68562 68559 68560 68560 68562 68563 68561 68562 68558 68561 68554 68562 68559 68561 68558 68556 68561 68559 68563 68556 68561 68561 68563 68560 68559 68559
-- 68567 <40
false 17824729 aborted

100002 3 4 5 10 29 91 333 1376 5794 23785 68567
FAIL0=3 FAIL1=4 FAIL10=68567 FAIL2=5 FAIL3=10 FAIL4=29 FAIL5=91 FAIL6=333 FAIL7=1376 FAIL8=5794 FAIL9=23785 
