-- worker thread times 0 0 0 0 0 0 0 0 0 0 0 0 0 0 0 0 0 0 0 0 0 0 0 0 0 0 0 0 0 0 0
-- 3 <35
-- worker thread times 0 0 0 0 0 0 0 0 0 0 0 0 0 0 0 0 0 0 0 0 1 0 0 0 0 0 0 0 0 0 1
-- 4 <34
-- worker thread times 1 0 0 1 0 1 0 0 0 1 0 0 1 0 0 0 0 0 0 0 0 0 1 0 1 0 1 0 1 0 0
-- 5 <33
-- worker thread times 7 4 3 7 2 6 2 5 1 3 4 7 1 1 5 6 2 5 5 2 3 2 8 6 6 7 2 2 1 5 8
-- 10 <32
-- worker thread times 21 18 15 14 19 16 20 18 19 18 18 16 15 11 18 16 21 15 17 20 18 17 11 13 14 18 16 17 15 18 18
-- 24 <31
-- worker thread times 91 86 87 84 89 87 86 91 86 88 88 82 89 88 83 88 81 82 91 87 90 82 85 87 88 86 89 89 87 84 89
-- 95 <30
-- worker thread times 271 272 275 272 273 271 269 274 273 270 275 273 271 272 270 269 270 270 275 276 272 271 270 269 274 274 273 272 271 273 274
-- 282 <29
-- worker thread times 759 768 763 758 761 764 760 763 757 764 759 764 766 760 757 756 763 761 765 762 763 765 761 764 763 763 759 762 766 767 766
-- 773 <28
-- worker thread times 1908 1912 1908 1908 1910 1903 1911 1909 1910 1907 1913 1908 1913 1909 1911 1909 1908 1914 1906 1914 1915 1911 1913 1912 1913 1912 1915 1913 1904 1905 1914
-- 1922 <27
-- worker thread times 4190 4194 4192 4193 4180 4192 4186 4186 4187 4196 4185 4194 4193 4192 4187 4188 4195 4192 4195 4191 4189 4198 4194 4199 4192 4198 4194 4192 4196 4185 4198
-- 4206 <26
-- worker thread times 8892 8882 8894 8886 8888 8885 8890 8888 8887 8889 8892 8893 8881 8887 8886 8891 8890 8891 8889 8881 8895 8889 8892 8895 8886 8881 8890 8894 8892 8890 8896
-- 8904 <25
-- worker thread times 17302 17297 17303 17293 17292 17296 17291 17298 17296 17301 17292 17294 17300 17296 17296 17291 17288 17297 17298 17298 17301 17302 17297 17294 17299 17291 17294 17277 17301 17291 17306
-- 17313 <24
-- worker thread times 33176 33171 33183 33181 33184 33182 33177 33180 33180 33182 33183 33170 33176 33171 33171 33177 33171 33177 33170 33177 33182 33171 33173 33180 33180 33166 33177 33177 33183 33172 33185
-- 33195 <23
-- worker thread times 33257 33256 33256 33256 33250 33256 33257 33254 33249 33257 33256 33257 33253 33257 33250 33255 33257 33253 33255 33254 33248 33256 33255 33257 33254 33252 33253 33256 33255 33256 33250
-- 33261 <22
false 20395818 aborted

100002 3 4 5 10 24 95 282 773 1922 4206 8904 17313 33195 33261
FAIL0=3 FAIL1=4 FAIL10=8904 FAIL11=17313 FAIL12=33195 FAIL13=33261 FAIL2=5 FAIL3=10 FAIL4=24 FAIL5=95 FAIL6=282 FAIL7=773 FAIL8=1922 FAIL9=4206 
