-- worker thread times 0 0 0 0 0 0 0 0 0 0 0 0 0 0 0 0 0 0 0 0 0 0 0 0 0 0 0 0 0 0 0
-- 2 <35
-- worker thread times 0 0 0 0 0 0 0 0 0 0 0 0 0 0 0 0 0 0 0 0 0 0 0 0 0 1 0 0 0 0 0
-- 3 <34
-- worker thread times 2 1 2 1 2 1 0 0 2 1 1 2 1 1 0 1 1 1 0 0 0 2 2 0 1 3 0 2 0 1 3
-- 6 <33
-- worker thread times 11 8 9 10 11 12 8 11 7 10 10 5 13 11 6 11 10 8 8 13 12 11 6 10 10 10 13 11 11 9 13
-- 16 <32
-- worker thread times 76 71 74 78 77 75 80 82 76 79 78 82 82 81 75 76 76 78 75 79 77 77 78 77 74 79 79 78 81 75 72
-- 85 <31
-- worker thread times 474 480 477 474 474 470 477 476 469 478 478 478 476 473 476 475 473 474 473 474 471 477 473 480 476 477 474 473 473 474 469
-- 484 <30
-- worker thread times 2455 2457 2450 2452 2460 2450 2454 2454 2455 2459 2457 2449 2453 2455 2449 2452 2458 2452 2460 2454 2456 2454 2455 2456 2453 2451 2454 2451 2455 2458 2461
-- 2466 <29
-- worker thread times 10730 10734 10735 10722 10725 10730 10733 10732 10733 10736 10739 10735 10726 10732 10728 10734 10733 10735 10734 10732 10735 10735 10728 10736 10732 10729 10729 10735 10734 10731 10740
-- 10744 <28
-- worker thread times 53171 53170 53173 53174 53170 53167 53166 53172 53171 53171 53170 53169 53165 53174 53171 53174 53171 53175 53167 53167 53177 53172 53177 53176 53180 53177 53168 53171 53173 53170 53176
-- 53185 <27
-- worker thread times 33004 33002 33003 33003 33001 33003 33002 33003 33002 33002 33002 33002 33002 33002 33003 33002 33003 33002 33002 33002 33001 33001 33002 33001 33003 33003 33001 33002 33002 33002 33003
-- 33007 <26
false 18234358 aborted

100003 2 3 6 16 85 484 2466 10744 53185 33007
FAIL0=2 FAIL1=3 FAIL2=6 FAIL3=16 FAIL4=85 FAIL5=484 FAIL6=2466 FAIL7=10744 FAIL8=53185 FAIL9=33007 
