-- worker thread times 0 0 0 0 0 0 0 0 0 0 0 0 0 0 0 0 0 0 0 0 0 0 0 0 0 0 0 0 0 0 0
-- 3 <35
-- worker thread times 0 1 0 1 1 0 1 0 0 0 0 0 1 0 0 0 0 1 0 0 1 0 1 0 1 0 0 0 1 0 0
-- 4 <34
-- worker thread times 4 2 4 3 0 1 3 1 4 3 2 2 1 2 3 1 2 2 2 3 2 1 3 2 2 3 3 0 0 4 4
-- 7 <33
-- worker thread times 8 9 10 7 7 10 11 12 10 8 10 6 7 11 4 9 9 8 10 9 10 12 8 10 9 7 11 10 9 6 2
-- 14 <32
-- worker thread times 36 34 36 38 35 36 34 35 39 35 31 34 38 37 34 33 32 33 35 38 33 38 36 36 34 35 34 36 33 40 36
-- 42 <31
-- worker thread times 115 119 118 118 115 116 120 121 115 115 120 121 120 118 116 118 117 115 116 122 119 115 122 115 120 119 117 116 121 119 118
-- 126 <30
-- worker thread times 356 351 349 353 356 355 349 354 349 347 351 349 354 355 347 353 352 349 352 346 350 354 349 353 351 352 349 348 348 344 355
-- 361 <29
-- worker thread times 858 852 856 856 860 858 861 860 850 853 852 850 861 861 856 851 855 854 856 858 855 857 851 852 856 855 858 856 856 858 858
-- 867 <28
-- worker thread times 2006 2003 2010 2008 2003 1994 2008 2002 2002 2009 2010 2004 2001 2002 2004 2006 2009 2007 2005 2002 2008 2002 2010 2002 2010 2006 2004 2008 2009 2002 2004
-- 2017 <27
-- worker thread times 4248 4238 4247 4250 4244 4246 4248 4243 4251 4242 4244 4241 4245 4243 4250 4247 4248 4251 4241 4247 4245 4241 4250 4249 4249 4251 4247 4239 4237 4246 4243
-- 4260 <26
-- worker thread times 8615 8600 8604 8615 8612 8613 8606 8619 8610 8618 8603 8611 8611 8611 8619 8613 8612 8614 8615 8611 8609 8607 8617 8614 8616 8609 8612 8622 8613 8614 8619
-- 8629 <25
-- worker thread times 16867 16877 16871 16864 16867 16877 16865 16869 16883 16877 16882 16874 16872 16876 16879 16866 16868 16870 16874 16879 16875 16875 16880 16878 16879 16871 16868 16866 16869 16875 16883
-- 16891 <24
-- worker thread times 32994 32997 32995 33004 32985 32988 32995 33001 32998 33006 33003 32996 33005 32998 32999 32999 32997 32993 32999 32989 33001 32996 32989 32998 33000 32993 33003 33001 32989 32999 33004
-- 33018 <23
-- worker thread times 33751 33748 33746 33750 33752 33751 33750 33749 33745 33746 33750 33749 33747 33750 33750 33744 33743 33744 33750 33750 33744 33748 33751 33747 33751 33747 33751 33747 33745 33751 33750
-- 33755 <22
false 18077801 aborted

100003 3 4 7 14 42 126 361 867 2017 4260 8629 16891 33018 33755
FAIL0=3 FAIL1=4 FAIL10=8629 FAIL11=16891 FAIL12=33018 FAIL13=33755 FAIL2=7 FAIL3=14 FAIL4=42 FAIL5=126 FAIL6=361 FAIL7=867 FAIL8=2017 FAIL9=4260 
