-- worker thread times 0 0 0 0 0 0 0 0 0 0 0 0 0 0 0 0 0 0 0 0 0 0 0 0 0 0 0 0 0 0 0
-- 3 <30
-- worker thread times 1 0 0 0 0 0 0 0 1 0 0 0 1 0 0 1 1 1 0 0 0 1 1 0 0 0 1 0 0 0 0
-- 4 <29
-- worker thread times 3 4 1 4 2 3 0 0 2 3 3 2 3 0 2 0 0 1 1 0 1 2 2 1 1 1 3 0 1 3 4
-- 7 <28
-- worker thread times 10 12 10 11 11 11 11 13 9 11 7 8 9 10 12 10 13 9 10 11 8 11 10 11 8 9 13 7 12 9 12
-- 16 <27
-- worker thread times 43 40 42 38 41 42 41 42 44 42 44 43 44 43 41 37 39 43 38 38 43 38 40 39 44 41 39 39 45 41 43
-- 48 <26
-- worker thread times 152 150 151 151 150 153 150 150 148 153 148 155 155 150 146 152 149 147 151 153 154 156 153 148 149 149 152 152 151 150 146
-- 159 <25
-- worker thread times 506 508 509 510 506 511 506 501 511 511 509 513 508 510 509 509 508 508 505 509 510 508 512 508 510 507 512 509 504 506 509
-- 517 <24
-- worker thread times 1655 1652 1655 1653 1650 1652 1654 1654 1651 1653 1652 1642 1652 1656 1654 1654 1653 1651 1657 1657 1652 1651 1652 1650 1656 1654 1650 1658 1651 1658 1659
-- 1665 <23
-- worker thread times 5071 5072 5075 5079 5076 5071 5068 5072 5074 5078 5071 5077 5074 5065 5071 5075 5069 5074 5074 5075 5074 5076 5073 5072 5069 5076 5074 5072 5071 5068 5080
-- 5087 <22
-- worker thread times 15188 15195 15194 15191 15192 15185 15193 15189 15192 15187 15196 15196 15188 15192 15192 15194 15193 15193 15193 15195 15193 15188 15186 15187 15196 15184 15193 15192 15191 15202 15192
-- 15207 <21
-- worker thread times 46828 46822 46810 46810 46821 46816 46822 46816 46821 46822 46821 46819 46818 46812 46819 46823 46825 46820 46823 46821 46817 46815 46820 46824 46815 46820 46817 46826 46823 46824 46830
-- 46835 <20
-- worker thread times 30446 30445 30445 30445 30446 30444 30445 30445 30445 30444 30446 30446 30446 30446 30445 30445 30444 30446 30445 30446 30445 30445 30445 30446 30445 30445 30445 30446 30444 30444 30445
-- 30449 <19
false 18486559 aborted

100003 3 4 7 16 48 159 517 1665 5087 15207 46835 30449
FAIL0=3 FAIL1=4 FAIL10=46835 FAIL11=30449 FAIL2=7 FAIL3=16 FAIL4=48 FAIL5=159 FAIL6=517 FAIL7=1665 FAIL8=5087 FAIL9=15207 
