-- worker thread times 0 0 0 0 0 0 0 0 0 0 0 0 0 0 0 0 0 0 0 0 0 0 0 0 0 0 0 0 0 0 0
-- 3 <35
-- worker thread times 0 0 0 0 0 0 0 0 0 0 1 0 0 0 0 0 0 0 0 0 0 0 1 0 0 0 0 0 0 0 0
-- 4 <34
-- worker thread times 1 3 0 0 1 1 1 1 1 0 0 0 0 2 0 0 0 1 1 0 0 2 2 2 1 1 1 0 1 1 0
-- 5 <33
-- worker thread times 9 4 7 5 6 7 6 7 6 6 6 4 9 7 7 6 6 8 5 7 6 6 4 8 6 5 7 8 8 8 5
-- 12 <32
-- worker thread times 35 34 30 30 36 34 29 31 29 30 34 34 33 34 33 27 31 32 31 31 30 34 31 32 33 29 33 31 31 33 30
-- 39 <31
-- worker thread times 171 169 170 168 170 171 173 164 169 174 170 175 173 166 171 171 169 170 165 171 168 170 171 173 162 166 169 169 170 174 171
-- 178 <30
-- worker thread times 816 818 817 814 813 817 811 816 812 813 817 814 813 817 815 810 813 815 809 812 815 815 816 815 818 807 815 815 814 815 819
-- 824 <29
-- worker thread times 3760 3763 3762 3761 3763 3759 3760 3758 3759 3761 3758 3765 3762 3762 3763 3759 3762 3757 3763 3754 3752 3760 3761 3762 3758 3758 3761 3760 3762 3759 3763
-- 3771 <28
-- worker thread times 16883 16888 16890 16889 16888 16880 16888 16890 16889 16886 16884 16879 16886 16888 16886 16888 16886 16890 16890 16885 16887 16879 16885 16883 16890 16882 16887 16884 16889 16882 16890
-- 16897 <27
-- worker thread times 78259 78260 78256 78257 78261 78257 78256 78257 78259 78259 78255 78253 78259 78254 78259 78258 78261 78258 78260 78258 78257 78261 78259 78259 78260 78258 78258 78260 78258 78260 78261
-- 78265 <26
false 17048870 aborted

100003 3 4 5 12 39 178 824 3771 16897 78265
FAIL0=3 FAIL1=4 FAIL2=5 FAIL3=12 FAIL4=39 FAIL5=178 FAIL6=824 FAIL7=3771 FAIL8=16897 FAIL9=78265 
