-- worker thread times 0 0 0 0 0 0 0 0 0 0 0 0 0 0 0 0 0 0 0 0 0 0 0 0 0 0 0 0 0 0 0
-- 3 <35
-- worker thread times 0 2 1 0 1 0 1 0 0 0 1 2 1 1 0 1 0 0 1 2 0 0 1 1 0 1 0 0 0 0 1
-- 4 <34
-- worker thread times 7 7 7 6 3 3 4 6 3 6 4 4 4 6 6 6 6 7 4 4 5 4 4 4 6 7 3 5 5 7 6
-- 10 <33
-- worker thread times 26 27 28 28 26 29 29 27 24 26 24 27 26 25 27 25 25 24 29 28 26 24 27 25 28 25 29 28 29 23 27
-- 33 <32
-- worker thread times 127 128 128 129 131 132 128 126 128 130 129 127 132 128 127 130 135 134 133 129 131 132 134 129 131 130 129 131 135 128 126
-- 138 <31
-- worker thread times 668 677 680 677 681 674 677 678 678 675 673 674 679 677 678 668 679 676 675 674 674 672 675 672 677 674 672 676 678 678 675
-- 685 <30
-- worker thread times 4120 4114 4113 4110 4110 4112 4112 4110 4119 4109 4110 4112 4106 4114 4106 4109 4112 4113 4107 4109 4113 4115 4115 4113 4119 4109 4104 4116 4113 4113 4114
-- 4124 <29
-- worker thread times 34386 34378 34381 34379 34383 34374 34379 34376 34375 34369 34376 34376 34368 34378 34382 34379 34377 34372 34377 34382 34379 34377 34373 34374 34377 34373 34369 34386 34378 34377 34374
-- 34389 <28
-- worker thread times 2472 2472 2472 2472 2471 2471 2471 2471 2471 2471 2470 2471 2472 2471 2472 2471 2471 2471 2471 2471 2471 2472 2471 2472 2472 2471 2471 2472 2471 2472 2471
true 6680886
(0 -> 4) (1 -> 28) (2 -> -1) (3 -> 3) (4 -> -1) (5 -> 17) (6 -> 18) (7 -> 20) (8 -> -1) (9 -> 21) (10 -> -1) (11 -> 30) (12 -> -1) (13 -> 5) (14 -> -1) (15 -> 0) (16 -> 8) (17 -> 11) (18 -> 25) (19 -> 27) (20 -> -1) (21 -> 2) (22 -> 1) (23 -> 31) (24 -> 19) (25 -> 33) (26 -> 23) (27 -> 22) (28 -> 14) (29 -> -1) (30 -> 32) (31 -> 13) (32 -> 24) (33 -> 10) (34 -> 34) 
41865 3 4 10 33 138 685 4124 34389 2475
EXCEPT=8 FAIL0=3 FAIL1=4 FAIL2=10 FAIL3=33 FAIL4=138 FAIL5=685 FAIL6=4124 FAIL7=34389 SIZE=27 
