-- worker thread times 0 0 0 0 0 0 0 0 0 0 0 0 0 0 0 0 0 0 0 0 0 0 0 0 0 0 0 0 0 0 0
-- 3 <50
-- worker thread times 0 0 0 0 0 0 0 0 0 0 0 0 0 0 0 0 0 0 0 0 0 0 0 0 0 0 0 0 0 0 0
-- 3 <49
-- worker thread times 2 1 2 0 2 0 0 0 0 0 0 1 1 1 1 0 2 2 1 1 0 1 0 1 2 0 1 1 0 0 1
-- 5 <48
-- worker thread times 5 5 6 2 6 3 7 5 6 4 7 7 7 6 6 5 1 3 4 3 5 6 4 4 3 5 7 2 7 5 5
-- 12 <47
-- worker thread times 28 23 22 24 24 19 28 28 26 29 25 29 28 26 27 27 29 26 27 25 24 28 27 26 27 23 23 25 29 22 29
-- 34 <46
-- worker thread times 108 106 100 108 107 105 105 103 104 102 107 107 103 108 109 104 103 107 100 107 105 103 107 106 105 101 102 104 106 102 108
-- 113 <45
-- worker thread times 381 379 374 377 376 375 376 379 375 378 378 377 373 378 377 370 374 372 373 371 374 372 380 378 372 377 374 379 376 373 372
-- 385 <44
-- worker thread times 1195 1197 1195 1194 1201 1195 1197 1197 1191 1197 1202 1190 1191 1194 1197 1196 1201 1199 1195 1193 1198 1193 1197 1195 1198 1197 1198 1195 1199 1197 1199
-- 1207 <43
-- worker thread times 3881 3884 3877 3877 3875 3882 3879 3882 3883 3880 3882 3875 3882 3882 3886 3881 3879 3881 3880 3876 3883 3878 3883 3883 3880 3878 3883 3886 3887 3884 3884
-- 3894 <42
-- worker thread times 12535 12538 12538 12533 12542 12542 12538 12531 12538 12526 12528 12536 12538 12533 12542 12533 12535 12533 12534 12532 12537 12540 12536 12536 12536 12535 12536 12534 12537 12536 12535
-- 12549 <41
-- worker thread times 38266 38277 38272 38268 38272 38269 38269 38277 38271 38274 38275 38276 38267 38277 38264 38273 38275 38271 38270 38276 38269 38271 38272 38274 38265 38267 38272 38271 38269 38272 38266
-- 38285 <40
-- worker thread times 43503 43501 43498 43502 43503 43503 43502 43502 43502 43503 43503 43502 43500 43503 43501 43503 43501 43500 43502 43503 43499 43502 43502 43501 43504 43497 43504 43503 43501 43503 43502
-- 43507 <39
false 17180474 aborted

100002 3 3 5 12 34 113 385 1207 3894 12549 38285 43507
FAIL0=3 FAIL1=3 FAIL10=38285 FAIL11=43507 FAIL2=5 FAIL3=12 FAIL4=34 FAIL5=113 FAIL6=385 FAIL7=1207 FAIL8=3894 FAIL9=12549 
