-- worker thread times 0 0 0 0 0 0 0 0 0 0 0 0 0 0 0 0 0 0 0 0 0 0 0 0 0 0 0 0 0 0 0
-- 2 <35
-- worker thread times 0 0 0 0 0 0 0 0 0 0 0 0 0 0 0 0 0 0 0 0 0 0 0 0 0 1 0 0 0 0 1
-- 3 <34
-- worker thread times 0 1 1 0 0 0 0 0 0 1 0 0 0 0 0 0 1 0 0 0 0 0 0 1 0 1 1 2 1 0 2
-- 4 <33
-- worker thread times 1 3 3 4 4 4 3 4 5 0 3 2 2 3 3 3 3 5 4 2 2 5 3 4 4 2 2 5 2 2 6
-- 8 <32
-- worker thread times 23 23 20 19 17 20 18 19 18 17 20 21 22 21 19 21 21 19 23 20 23 23 21 19 21 16 16 22 21 19 19
-- 26 <31
-- worker thread times 66 62 60 64 59 60 64 64 62 64 56 61 63 63 62 62 64 63 61 61 60 60 60 64 56 64 59 65 65 62 67
-- 69 <30
-- worker thread times 224 221 217 219 218 212 216 216 218 218 217 219 216 220 220 214 216 216 215 217 220 214 216 221 220 220 213 217 218 212 212
-- 227 <29
-- worker thread times 711 712 709 711 711 708 711 703 706 707 706 706 713 712 710 712 706 708 705 710 708 713 712 712 709 708 711 714 707 707 714
-- 721 <28
-- worker thread times 2333 2336 2337 2331 2334 2331 2334 2330 2336 2333 2327 2324 2330 2331 2333 2334 2333 2331 2334 2333 2332 2331 2330 2333 2334 2329 2330 2332 2329 2332 2332
-- 2344 <27
-- worker thread times 7150 7148 7153 7154 7147 7155 7146 7152 7152 7150 7154 7146 7152 7149 7146 7142 7145 7152 7152 7144 7148 7152 7148 7146 7151 7154 7150 7156 7150 7151 7146
-- 7164 <26
-- worker thread times 21967 21965 21963 21964 21962 21965 21965 21962 21965 21964 21963 21967 21961 21965 21966 21960 21967 21963 21962 21965 21967 21966 21961 21963 21964 21963 21967 21961 21965 21973 21968
-- 21978 <25
-- worker thread times 67441 67441 67438 67435 67440 67435 67438 67430 67440 67441 67440 67442 67437 67436 67439 67437 67439 67442 67437 67440 67441 67436 67437 67440 67440 67438 67441 67440 67443 67439 67438
-- 67449 <24
false 20095885 aborted

100002 2 3 4 8 26 69 227 721 2344 7164 21978 67449
FAIL0=2 FAIL1=3 FAIL10=21978 FAIL11=67449 FAIL2=4 FAIL3=8 FAIL4=26 FAIL5=69 FAIL6=227 FAIL7=721 FAIL8=2344 FAIL9=7164 
