-- worker thread times 0 0 0 0 0 0 0 0 0 0 0 0 0 0 0 0 0 0 0 0 0 0 0 0 1 0 0 0 0 0 0
-- 4 <50
-- worker thread times 0 0 1 0 0 2 0 1 1 0 0 0 0 0 0 0 1 0 0 1 0 1 0 1 1 0 1 0 0 0 0
-- 5 <49
-- worker thread times 7 6 7 5 3 6 7 7 3 2 3 6 5 4 4 4 4 6 6 3 3 4 6 4 4 2 6 4 6 5 4
-- 10 <48
-- worker thread times 35 40 38 36 38 37 40 34 38 29 35 41 36 39 34 37 36 37 34 34 40 33 38 38 39 40 40 39 37 37 42
-- 45 <47
-- worker thread times 173 177 176 174 181 182 182 179 180 176 173 175 173 181 178 180 174 180 174 181 173 176 180 180 178 181 175 183 174 181 183
-- 187 <46
-- worker thread times 775 768 767 775 777 772 770 778 774 776 769 774 776 772 772 770 777 774 771 771 769 768 779 773 772 776 777 774 771 773 776
-- 782 <45
-- worker thread times 2873 2864 2874 2866 2870 2868 2868 2869 2872 2865 2874 2872 2872 2873 2869 2868 2870 2869 2872 2870 2868 2865 2868 2867 2874 2865 2864 2871 2869 2865 2866
-- 2879 <44
-- worker thread times 10023 10029 10024 10026 10027 10023 10027 10028 10024 10026 10020 10030 10020 10025 10025 10031 10021 10022 10023 10031 10025 10027 10024 10031 10026 10023 10023 10026 10026 10028 10027
-- 10037 <43
-- worker thread times 35168 35167 35170 35164 35165 35164 35163 35164 35164 35168 35163 35166 35162 35166 35167 35163 35166 35169 35165 35169 35166 35171 35169 35163 35165 35165 35165 35166 35165 35168 35169
-- 35177 <42
-- worker thread times 50868 50868 50868 50868 50869 50869 50868 50867 50868 50868 50868 50868 50868 50867 50868 50868 50868 50867 50868 50868 50868 50868 50868 50868 50868 50868 50868 50868 50867 50868 50868
-- 50872 <41
false 17216085 aborted

100002 4 5 10 45 187 782 2879 10037 35177 50872
FAIL0=4 FAIL1=5 FAIL2=10 FAIL3=45 FAIL4=187 FAIL5=782 FAIL6=2879 FAIL7=10037 FAIL8=35177 FAIL9=50872 
