-- worker thread times 0 0 0 0 0 0 0 0 0 0 0 0 0 0 0 0 0 0 0 0 0 0 0 0 0 0 0 0 0 0 0
-- 2 <30
-- worker thread times 0 0 0 0 0 0 0 0 0 0 0 0 0 0 0 0 0 0 0 0 0 0 0 0 0 0 0 0 0 0 0
-- 2 <29
-- worker thread times 0 0 1 0 0 0 0 0 1 0 1 0 1 1 0 1 0 0 1 0 1 1 1 1 0 0 1 1 1 0 0
-- 4 <28
-- worker thread times 7 8 5 5 5 8 5 6 8 5 6 8 6 5 6 5 4 4 5 5 5 4 6 4 5 5 3 7 1 6 8
-- 11 <27
-- worker thread times 32 38 35 35 37 37 37 36 37 37 36 34 36 35 35 34 37 37 36 34 36 36 37 37 36 33 38 35 36 38 34
-- 42 <26
-- worker thread times 191 192 193 187 193 188 194 194 195 194 192 190 191 193 189 194 194 192 193 194 194 193 193 193 194 190 195 197 193 197 197
-- 201 <25
-- worker thread times 1136 1133 1138 1137 1134 1134 1136 1138 1138 1137 1132 1135 1131 1138 1133 1130 1138 1138 1134 1136 1132 1136 1131 1136 1135 1135 1136 1134 1139 1138 1141
-- 1145 <24
-- worker thread times 6974 6964 6962 6969 6969 6964 6963 6964 6969 6961 6963 6969 6967 6970 6970 6969 6963 6968 6961 6967 6965 6969 6966 6965 6962 6968 6969 6965 6970 6963 6975
-- 6978 <23
-- worker thread times 3882 3884 3882 3883 3882 3882 3882 3882 3883 3882 3883 3883 3882 3882 3882 3883 3883 3882 3883 3882 3884 3882 3882 3883 3883 3883 3884 3882 3882 3883 3882
true 2348703
(0 -> 15) (1 -> 12) (2 -> -1) (3 -> -1) (4 -> -1) (5 -> 18) (6 -> -1) (7 -> -1) (8 -> 14) (9 -> 21) (10 -> -1) (11 -> -1) (12 -> 11) (13 -> 26) (14 -> 6) (15 -> 28) (16 -> 20) (17 -> 22) (18 -> 2) (19 -> 3) (20 -> 16) (21 -> 19) (22 -> 25) (23 -> 9) (24 -> -1) (25 -> 4) (26 -> 5) (27 -> 27) (28 -> 23) (29 -> 29) 
12277 2 2 4 11 42 201 1145 6978 3886
EXCEPT=8 FAIL0=2 FAIL1=2 FAIL2=4 FAIL3=11 FAIL4=42 FAIL5=201 FAIL6=1145 FAIL7=6978 SIZE=22 
