-- worker thread times 0 0 0 0 0 0 0 0 0 0 0 0 0 0 0 0 0 0 0 0 0 0 0 0 0 0 0 0 0 0 0
-- 3 <50
-- worker thread times 0 1 0 0 0 0 0 0 0 0 0 0 0 0 0 0 0 1 0 0 0 0 1 0 0 0 0 0 0 0 0
-- 4 <49
-- worker thread times 0 3 1 1 0 3 1 3 1 2 2 3 3 0 1 4 0 0 3 0 1 2 1 0 2 1 2 2 2 1 1
-- 6 <48
-- worker thread times 11 9 9 9 13 12 12 9 8 13 11 9 12 9 12 11 12 13 12 12 7 11 12 12 12 12 10 9 12 10 10
-- 17 <47
-- worker thread times 46 42 43 41 44 43 43 44 45 44 42 42 42 43 42 38 45 39 45 45 44 41 39 43 43 40 44 43 42 42 41
-- 50 <46
-- worker thread times 136 130 128 132 132 125 134 130 132 134 132 125 130 131 132 129 127 134 130 133 132 133 132 130 132 131 132 134 124 130 131
-- 140 <45
-- worker thread times 318 316 311 316 312 310 317 317 315 313 319 320 316 313 319 317 313 314 318 313 315 311 313 319 318 316 313 317 318 317 321
-- 325 <44
-- worker thread times 752 753 756 761 757 755 756 756 755 758 757 757 756 758 754 755 758 754 753 755 757 756 754 756 758 755 757 759 756 749 761
-- 767 <43
-- worker thread times 1820 1820 1816 1822 1821 1819 1820 1820 1822 1823 1822 1823 1820 1815 1823 1817 1817 1825 1816 1824 1820 1820 1820 1815 1825 1819 1811 1818 1816 1822 1822
-- 1832 <42
-- worker thread times 4318 4316 4322 4324 4316 4324 4319 4319 4322 4313 4314 4323 4323 4313 4318 4318 4315 4323 4319 4322 4325 4317 4319 4321 4321 4327 4322 4319 4324 4313 4324
-- 4334 <41
-- worker thread times 10314 10313 10314 10319 10310 10314 10310 10316 10319 10315 10316 10312 10319 10314 10317 10317 10318 10319 10305 10314 10316 10316 10314 10316 10317 10318 10319 10306 10318 10313 10321
-- 10330 <40
-- worker thread times 24083 24082 24081 24085 24073 24083 24076 24082 24077 24077 24075 24076 24086 24082 24081 24081 24079 24075 24080 24075 24085 24077 24079 24081 24083 24080 24082 24083 24087 24083 24085
-- 24095 <39
-- worker thread times 57582 57583 57581 57579 57577 57583 57579 57580 57582 57585 57575 57579 57585 57575 57581 57578 57576 57587 57579 57582 57580 57583 57581 57580 57583 57584 57582 57584 57588 57577 57582
-- 57596 <38
-- worker thread times 493 494 493 494 494 493 494 493 494 494 494 494 493 492 493 493 494 493 492 492 494 493 493 494 493 493 493 493 494 494 493
-- 497 <37
false 19171445 aborted

100002 3 4 6 17 50 140 325 767 1832 4334 10330 24095 57596 497
FAIL0=3 FAIL1=4 FAIL10=10330 FAIL11=24095 FAIL12=57596 FAIL13=497 FAIL2=6 FAIL3=17 FAIL4=50 FAIL5=140 FAIL6=325 FAIL7=767 FAIL8=1832 FAIL9=4334 
