-- worker thread times 0 0 0 0 0 0 0 0 0 0 0 0 0 0 0 0 0 0 0 0 0 0 0 0 0 0 0 0 0 0 0
-- 2 <35
-- worker thread times 0 0 0 0 0 1 1 0 0 0 0 0 0 0 0 0 0 1 0 0 0 0 0 0 0 0 0 0 0 0 0
-- 4 <34
-- worker thread times 2 1 0 2 1 0 0 0 1 1 1 0 1 1 1 0 0 2 1 0 1 1 0 1 0 1 1 2 0 2 2
-- 5 <33
-- worker thread times 8 8 10 8 7 7 4 6 7 4 6 4 2 5 8 4 9 8 9 6 9 8 5 6 4 6 8 3 6 6 7
-- 13 <32
-- worker thread times 43 47 44 46 47 47 48 47 49 46 47 45 46 50 48 48 50 45 45 44 41 46 46 45 45 44 44 49 44 49 49
-- 53 <31
-- worker thread times 299 303 302 298 295 300 300 302 297 301 303 298 302 302 298 299 297 295 302 298 295 294 299 303 301 301 300 297 299 302 296
-- 307 <30
-- worker thread times 1679 1670 1668 1675 1677 1677 1673 1674 1672 1670 1679 1672 1681 1674 1672 1677 1673 1669 1679 1673 1673 1675 1674 1679 1675 1671 1669 1680 1670 1675 1682
-- 1685 <29
-- worker thread times 8514 8517 8514 8519 8508 8521 8509 8513 8517 8517 8521 8514 8520 8515 8517 8519 8517 8515 8509 8520 8515 8521 8515 8520 8520 8513 8516 8520 8521 8519 8521
-- 8529 <28
-- worker thread times 50825 50837 50834 50833 50832 50832 50830 50831 50830 50827 50838 50836 50837 50834 50831 50838 50830 50832 50836 50836 50830 50830 50831 50835 50838 50834 50838 50824 50831 50842 50832
-- 50848 <27
-- worker thread times 38547 38545 38547 38547 38548 38547 38546 38547 38547 38547 38547 38548 38547 38547 38547 38546 38546 38548 38547 38547 38547 38546 38547 38547 38547 38546 38547 38547 38547 38548 38547
-- 38551 <26
false 17728703 aborted

100002 2 4 5 13 53 307 1685 8529 50848 38551
FAIL0=2 FAIL1=4 FAIL2=5 FAIL3=13 FAIL4=53 FAIL5=307 FAIL6=1685 FAIL7=8529 FAIL8=50848 FAIL9=38551 
