-- worker thread times 0 0 0 0 0 0 0 0 0 0 0 0 0 0 0 0 0 0 0 0 0 0 0 0 0 0 0 0 0 0 0
-- 4 <40
-- worker thread times 0 1 0 1 1 0 0 0 0 0 1 1 0 0 0 0 0 1 1 0 0 0 0 0 1 1 0 0 1 0 0
-- 4 <39
-- worker thread times 1 3 2 2 5 2 2 4 2 4 1 3 3 3 2 2 2 3 2 1 3 1 1 2 2 4 2 4 1 1 4
-- 7 <38
-- worker thread times 16 20 17 15 13 17 16 16 18 19 18 16 18 15 19 16 17 15 16 18 13 16 15 15 14 19 18 16 19 20 18
-- 23 <37
-- worker thread times 98 96 94 92 96 95 94 91 92 95 97 92 91 93 90 90 94 93 96 96 90 90 91 95 88 93 92 91 98 93 92
-- 101 <36
-- worker thread times 417 417 412 411 411 414 412 410 417 415 419 410 417 409 411 407 409 411 413 415 414 415 417 416 412 414 412 414 411 415 419
-- 423 <35
-- worker thread times 1676 1668 1668 1673 1674 1665 1669 1672 1669 1668 1673 1672 1670 1669 1668 1672 1672 1674 1674 1667 1674 1673 1670 1671 1675 1671 1665 1663 1662 1670 1674
-- 1679 <34
-- worker thread times 7203 7197 7197 7200 7198 7202 7202 7195 7195 7202 7197 7201 7195 7200 7197 7202 7199 7201 7189 7199 7204 7201 7201 7205 7198 7195 7200 7195 7202 7202 7204
-- 7210 <33
-- worker thread times 31049 31036 31048 31044 31036 31046 31043 31044 31044 31042 31045 31042 31042 31045 31043 31041 31039 31045 31040 31044 31037 31037 31036 31047 31045 31043 31044 31046 31043 31046 31042
-- 31054 <32
-- worker thread times 59491 59490 59490 59486 59489 59488 59490 59489 59490 59489 59489 59490 59491 59488 59487 59490 59489 59488 59487 59489 59486 59489 59490 59489 59489 59490 59489 59490 59490 59491 59490
-- 59494 <31
false 18232879 aborted

100002 4 4 7 23 101 423 1679 7210 31054 59494
FAIL0=4 FAIL1=4 FAIL2=7 FAIL3=23 FAIL4=101 FAIL5=423 FAIL6=1679 FAIL7=7210 FAIL8=31054 FAIL9=59494 
