-- worker thread times 0 0 0 0 0 0 0 0 0 0 0 0 0 0 0 0 0 0 0 0 0 0 0 0 0 0 0 0 0 0 0
-- 3 <35
-- worker thread times 0 1 0 0 0 0 0 0 0 0 1 0 0 0 0 0 0 0 0 0 0 0 0 0 0 0 0 0 0 0 0
-- 5 <34
-- worker thread times 0 1 2 0 0 0 2 0 2 1 2 0 0 1 0 0 0 1 0 1 0 0 0 1 0 0 0 1 0 1 2
-- 6 <33
-- worker thread times 5 6 4 3 1 4 2 5 2 3 3 6 1 2 5 2 4 5 4 5 3 4 4 3 2 3 6 4 4 4 3
-- 10 <32
-- worker thread times 29 26 27 25 24 27 23 27 27 23 24 26 26 22 23 24 26 23 27 27 28 24 26 26 20 25 24 22 28 27 22
-- 33 <31
-- worker thread times 107 104 107 107 105 109 107 106 107 102 109 108 110 107 102 106 107 108 103 108 110 109 109 106 107 106 101 108 109 109 108
-- 116 <30
-- worker thread times 421 423 424 420 422 422 423 422 421 426 417 420 418 423 416 419 423 423 420 423 416 417 425 425 419 422 422 422 422 420 427
-- 431 <29
-- worker thread times 1666 1663 1661 1667 1665 1664 1667 1668 1666 1665 1667 1672 1669 1669 1670 1663 1666 1667 1665 1670 1665 1672 1672 1665 1669 1667 1669 1664 1662 1672 1670
-- 1678 <28
-- worker thread times 6258 6260 6265 6259 6260 6255 6261 6260 6260 6261 6257 6259 6260 6258 6257 6260 6262 6256 6255 6263 6261 6261 6257 6258 6257 6259 6259 6258 6252 6264 6265
-- 6273 <27
-- worker thread times 25333 25331 25325 25332 25329 25334 25327 25328 25328 25331 25331 25334 25330 25321 25328 25327 25331 25333 25331 25331 25332 25331 25331 25323 25329 25332 25332 25328 25326 25321 25333
-- 25343 <26
-- worker thread times 66092 66093 66094 66093 66093 66093 66093 66090 66091 66093 66093 66094 66094 66089 66093 66092 66093 66094 66088 66093 66094 66093 66093 66094 66093 66093 66091 66091 66087 66094 66092
-- 66100 <25
false 17870383 aborted

100003 3 5 6 10 33 116 431 1678 6273 25343 66100
FAIL0=3 FAIL1=5 FAIL10=66100 FAIL2=6 FAIL3=10 FAIL4=33 FAIL5=116 FAIL6=431 FAIL7=1678 FAIL8=6273 FAIL9=25343 
