-- worker thread times 0 0 0 0 0 0 0 0 0 0 0 0 0 0 0 0 0 0 0 0 0 0 0 0 0 0 0 0 0 0 0
-- 2 <30
-- worker thread times 0 0 0 0 0 0 0 0 0 0 0 0 0 0 0 0 0 0 0 0 0 0 0 0 0 0 0 0 0 0 0
-- 3 <29
-- worker thread times 1 0 1 0 1 1 0 0 0 0 0 0 1 0 0 0 0 1 1 1 1 1 0 1 1 1 0 0 0 1 1
-- 4 <28
-- worker thread times 6 6 4 5 1 5 4 6 5 4 5 5 2 3 4 5 6 1 5 4 6 4 3 2 3 4 5 2 5 5 6
-- 9 <27
-- worker thread times 27 26 25 25 24 20 20 22 18 26 23 25 21 22 26 25 22 26 24 22 18 24 22 26 22 19 20 22 25 23 19
-- 29 <26
-- worker thread times 141 136 139 135 137 136 137 141 133 134 136 133 135 139 141 132 136 142 137 137 135 141 140 139 134 140 135 140 140 132 142
-- 145 <25
-- worker thread times 624 626 621 626 621 625 620 619 622 620 623 617 626 623 625 613 620 622 618 624 623 626 623 621 622 618 623 619 623 624 623
-- 631 <24
-- worker thread times 2770 2762 2766 2769 2769 2765 2771 2768 2774 2773 2768 2768 2766 2769 2767 2769 2769 2771 2768 2769 2768 2769 2771 2767 2769 2766 2773 2770 2771 2772 2773
-- 2779 <23
-- worker thread times 11977 11988 11979 11986 11976 11975 11979 11981 11980 11980 11980 11983 11975 11980 11975 11982 11974 11981 11980 11985 11978 11985 11985 11981 11981 11980 11977 11982 11976 11977 11982
-- 11992 <22
-- worker thread times 54893 54899 54887 54892 54891 54894 54894 54901 54893 54889 54894 54895 54888 54896 54894 54888 54887 54890 54892 54895 54889 54892 54894 54894 54892 54891 54897 54894 54903 54897 54891
-- 54906 <21
-- worker thread times 7028 7027 7027 7027 7026 7026 7026 7027 7026 7026 7026 7027 7026 7026 7026 7027 7027 7028 7026 7027 7026 7027 7026 7027 7026 7028 7026 7026 7027 7027 7026
true 13447510
(0 -> 12) (1 -> 23) (2 -> -1) (3 -> -1) (4 -> 29) (5 -> 16) (6 -> 14) (7 -> 21) (8 -> -1) (9 -> 19) (10 -> 27) (11 -> -1) (12 -> -1) (13 -> 25) (14 -> 28) (15 -> 5) (16 -> -1) (17 -> 8) (18 -> 3) (19 -> 22) (20 -> 17) (21 -> 2) (22 -> -1) (23 -> 7) (24 -> 11) (25 -> 26) (26 -> -1) (27 -> -1) (28 -> 24) (29 -> -1) 
77537 2 3 4 9 29 145 631 2779 11992 54906 7031
EXCEPT=10 FAIL0=2 FAIL1=3 FAIL2=4 FAIL3=9 FAIL4=29 FAIL5=145 FAIL6=631 FAIL7=2779 FAIL8=11992 FAIL9=54906 SIZE=20 
