-- worker thread times 0 0 0 0 0 0 0 0 0 0 0 0 0 0 0 0 0 0 0 0 0 0 0 0 0 0 0 0 0 0 0
-- 2 <35
-- worker thread times 0 1 0 0 0 0 0 0 0 0 0 0 0 0 0 1 0 0 0 0 0 0 0 0 0 0 0 0 0 0 0
-- 3 <34
-- worker thread times 3 1 0 0 2 0 0 3 1 0 3 0 0 2 2 2 0 1 0 2 1 1 1 0 1 0 0 0 0 0 3
-- 5 <33
-- worker thread times 6 6 3 8 7 4 4 7 6 7 4 4 3 5 5 7 8 4 4 6 5 5 4 6 9 5 7 9 4 5 9
-- 11 <32
-- worker thread times 23 24 24 26 24 24 25 24 26 23 24 25 25 25 25 27 25 24 24 26 25 25 23 24 25 23 25 25 21 26 24
-- 31 <31
-- worker thread times 96 97 98 95 97 90 98 93 95 95 95 96 99 96 96 97 90 99 95 98 96 95 93 98 93 93 100 97 93 96 97
-- 104 <30
-- worker thread times 340 339 335 336 336 341 337 339 339 334 338 335 330 341 341 341 341 336 335 335 334 341 339 341 340 341 336 332 342 341 340
-- 348 <29
-- worker thread times 1222 1221 1222 1219 1221 1216 1220 1223 1220 1219 1218 1224 1222 1221 1218 1224 1222 1223 1218 1216 1221 1217 1220 1218 1223 1217 1217 1221 1222 1221 1223
-- 1230 <28
-- worker thread times 4011 4015 4013 4012 4011 4014 4014 4014 4015 4014 4014 4018 4011 4014 4016 4011 4010 4016 4016 4017 4013 4011 4014 4013 4012 4013 4016 4013 4008 4013 4019
-- 4024 <27
-- worker thread times 12348 12342 12347 12343 12343 12342 12347 12344 12344 12343 12337 12346 12337 12348 12348 12344 12342 12342 12340 12344 12346 12345 12346 12348 12349 12347 12350 12346 12345 12340 12347
-- 12355 <26
-- worker thread times 39423 39432 39438 39431 39433 39430 39431 39439 39438 39432 39433 39434 39432 39430 39436 39430 39434 39436 39435 39434 39437 39435 39432 39437 39432 39435 39436 39432 39430 39435 39440
-- 39447 <25
-- worker thread times 42433 42432 42432 42433 42434 42432 42433 42432 42433 42433 42431 42433 42432 42432 42433 42431 42432 42433 42432 42431 42434 42432 42433 42430 42432 42432 42431 42434 42433 42432 42433
-- 42437 <24
false 18629965 aborted

100003 2 3 5 11 31 104 348 1230 4024 12355 39447 42437
FAIL0=2 FAIL1=3 FAIL10=39447 FAIL11=42437 FAIL2=5 FAIL3=11 FAIL4=31 FAIL5=104 FAIL6=348 FAIL7=1230 FAIL8=4024 FAIL9=12355 
