-- worker thread times 0 0 0 0 0 0 0 0 0 0 0 0 0 0 0 0 0 0 0 0 0 0 0 0 0 0 0 0 0 0 0
-- 2 <20
-- worker thread times 1 1 0 0 0 1 1 0 0 0 0 0 0 1 0 0 0 0 0 0 0 0 0 0 0 1 0 1 0 0 0
-- 3 <19
-- worker thread times 3 3 0 3 2 1 1 1 2 1 1 2 1 0 2 2 3 2 0 1 0 3 1 0 0 3 1 0 1 2 2
-- 6 <18
-- worker thread times 4 8 4 4 6 4 4 8 5 6 6 6 5 7 6 3 4 5 7 7 7 7 7 6 8 7 5 5 6 6 6
-- 11 <17
-- worker thread times 20 24 19 24 22 19 18 24 22 23 20 24 23 21 22 25 23 23 22 21 24 21 22 22 23 19 21 25 25 23 21
-- 28 <16
-- worker thread times 70 65 62 69 63 65 65 67 66 65 66 68 67 65 66 66 67 66 64 62 69 63 64 69 67 68 62 65 66 62 67
-- 73 <15
-- worker thread times 194 197 198 192 195 199 201 196 193 195 197 196 192 200 199 192 195 196 197 192 198 192 197 191 198 194 192 196 197 187 199
-- 204 <14
-- worker thread times 526 522 523 519 520 518 519 515 515 525 522 521 523 522 525 523 522 522 521 521 523 524 515 522 525 519 524 523 515 520 527
-- 531 <13
-- worker thread times 23 23 24 24 23 24 23 23 23 23 23 23 23 23 24 23 23 24 23 23 23 23 23 24 24 24 23 23 24 24 24
true 156233
(0 -> -1) (1 -> 16) (2 -> 13) (3 -> 6) (4 -> 18) (5 -> -1) (6 -> 19) (7 -> -1) (8 -> -1) (9 -> -1) (10 -> -1) (11 -> 3) (12 -> 15) (13 -> 5) (14 -> -1) (15 -> 14) (16 -> 4) (17 -> 17) (18 -> 10) (19 -> -1) 
889 2 3 6 11 28 73 204 531 27
EXCEPT=8 FAIL0=2 FAIL1=3 FAIL2=6 FAIL3=11 FAIL4=28 FAIL5=73 FAIL6=204 FAIL7=531 SIZE=12 
