-- worker thread times 0 0 0 0 0 0 0 0 0 0 0 0 0 0 0 0 0 0 0 0 0 0 0 0 0 0 0 0 0 0 0
-- 3 <30
-- worker thread times 1 0 0 1 0 0 0 0 0 0 0 0 0 0 0 0 0 0 0 0 0 0 0 0 0 0 0 0 0 0 0
-- 3 <29
-- worker thread times 1 5 3 2 2 0 1 2 2 3 3 4 4 1 3 2 1 3 4 1 3 4 4 1 4 5 1 2 3 2 1
-- 7 <28
-- worker thread times 17 13 14 12 11 15 14 12 13 17 13 15 16 16 13 13 13 14 15 17 14 14 15 16 13 12 13 14 11 15 14
-- 20 <27
-- worker thread times 68 68 69 69 67 68 67 68 69 69 69 67 69 71 69 71 66 69 71 72 69 72 69 71 65 70 63 69 71 66 66
-- 76 <26
-- worker thread times 279 274 279 275 276 275 279 277 275 278 280 277 279 278 283 279 278 279 281 277 280 279 278 270 278 274 278 279 275 280 282
-- 286 <25
-- worker thread times 1068 1065 1063 1064 1066 1065 1071 1062 1060 1066 1068 1065 1060 1066 1066 1065 1065 1071 1063 1063 1064 1067 1067 1065 1063 1065 1067 1067 1068 1062 1071
-- 1075 <24
-- worker thread times 3913 3912 3912 3920 3914 3909 3913 3912 3910 3916 3913 3915 3910 3919 3919 3914 3917 3916 3912 3913 3912 3908 3911 3921 3910 3912 3910 3917 3916 3916 3913
-- 3925 <23
-- worker thread times 15110 15103 15100 15101 15102 15102 15099 15107 15101 15107 15099 15104 15104 15104 15102 15096 15102 15105 15103 15101 15096 15097 15110 15104 15098 15105 15104 15104 15103 15105 15101
-- 15114 <22
-- worker thread times 63418 63413 63410 63409 63412 63411 63412 63416 63411 63416 63413 63413 63423 63411 63415 63410 63414 63415 63408 63407 63412 63423 63412 63401 63407 63414 63413 63417 63409 63412 63413
-- 63427 <21
-- worker thread times 16057 16057 16058 16057 16057 16057 16057 16058 16057 16057 16058 16057 16057 16057 16058 16058 16057 16058 16057 16057 16057 16057 16057 16058 16058 16058 16057 16058 16057 16057 16057
-- 16061 <20
false 17541547 aborted

100002 3 3 7 20 76 286 1075 3925 15114 63427 16061
FAIL0=3 FAIL1=3 FAIL10=16061 FAIL2=7 FAIL3=20 FAIL4=76 FAIL5=286 FAIL6=1075 FAIL7=3925 FAIL8=15114 FAIL9=63427 
