-- worker thread times 0 0 0 0 0 0 0 0 0 0 0 0 0 0 0 0 0 0 0 0 0 0 0 0 0 0 0 0 0 0 0
-- 3 <35
-- worker thread times 0 0 0 0 0 0 0 0 0 0 0 0 0 0 0 0 0 0 0 0 0 0 0 0 0 0 0 0 0 0 0
-- 3 <34
-- worker thread times 2 1 0 1 0 2 1 0 0 1 0 0 1 0 1 1 0 0 0 1 0 1 0 1 0 0 1 2 0 2 0
-- 5 <33
-- worker thread times 5 6 7 6 5 3 4 8 6 3 8 4 4 7 4 6 7 8 5 8 6 8 3 7 4 5 4 5 6 7 6
-- 11 <32
-- worker thread times 28 33 31 33 32 31 33 33 34 34 30 33 34 30 34 35 33 33 35 31 34 29 36 32 32 34 33 29 32 34 37
-- 39 <31
-- worker thread times 95 93 93 93 98 96 95 94 92 94 92 96 97 92 95 92 94 92 94 96 89 90 97 96 95 97 90 96 94 92 98
-- 102 <30
-- worker thread times 261 264 259 258 258 262 259 263 264 262 263 263 262 261 265 260 263 261 265 264 263 262 259 252 257 258 265 257 264 263 253
-- 272 <29
-- worker thread times 609 601 601 606 601 607 599 602 610 603 606 606 604 591 599 603 603 599 605 602 608 606 604 599 607 597 604 606 603 603 607
-- 615 <28
-- worker thread times 1432 1430 1432 1429 1420 1433 1432 1423 1430 1432 1434 1434 1435 1423 1427 1433 1434 1435 1430 1430 1427 1434 1429 1428 1433 1432 1420 1429 1427 1434 1432
-- 1443 <27
-- worker thread times 3176 3187 3188 3183 3192 3188 3193 3190 3191 3189 3194 3183 3195 3171 3178 3193 3183 3183 3187 3185 3191 3182 3189 3190 3183 3188 3192 3180 3189 3187 3192
-- 3203 <26
-- worker thread times 7083 7070 7077 7082 7058 7078 7080 7071 7066 7070 7066 7064 7075 7067 7071 7063 7078 7075 7059 7064 7072 7074 7072 7072 7068 7077 7073 7072 7075 7077 7077
-- 7089 <25
-- worker thread times 15835 15827 15829 15824 15827 15819 15827 15828 15830 15826 15823 15828 15828 15828 15831 15829 15825 15830 15824 15827 15829 15820 15814 15832 15821 15831 15827 15831 15821 15833 15831
-- 15844 <24
-- worker thread times 35874 35876 35880 35876 35862 35879 35876 35877 35866 35873 35872 35871 35878 35873 35878 35880 35873 35878 35870 35878 35873 35879 35872 35875 35870 35878 35877 35872 35862 35872 35868
-- 35893 <23
-- worker thread times 35464 35471 35470 35471 35467 35467 35470 35467 35470 35470 35465 35470 35469 35470 35470 35469 35468 35465 35470 35468 35471 35471 35470 35464 35462 35468 35467 35470 35471 35466 35469
-- 35475 <22
false 18347650 aborted

100003 3 3 5 11 39 102 272 615 1443 3203 7089 15844 35893 35475
FAIL0=3 FAIL1=3 FAIL10=7089 FAIL11=15844 FAIL12=35893 FAIL13=35475 FAIL2=5 FAIL3=11 FAIL4=39 FAIL5=102 FAIL6=272 FAIL7=615 FAIL8=1443 FAIL9=3203 
