-- worker thread times 0 0 0 0 0 0 0 0 0 0 0 0 0 0 0 0 0 0 0 0 0 0 0 0 0 0 0 0 0 0 0
-- 3 <40
-- worker thread times 0 1 1 0 0 0 0 0 0 0 0 0 1 0 0 0 1 1 0 1 2 0 0 0 0 0 1 1 0 0 2
-- 4 <39
-- worker thread times 7 1 7 2 2 6 4 2 5 6 3 5 4 2 5 6 4 5 4 4 2 5 2 7 3 6 5 5 6 2 3
-- 10 <38
-- worker thread times 24 19 22 21 22 23 22 19 25 19 22 22 19 22 23 20 24 21 22 23 21 22 18 22 24 20 20 25 20 22 21
-- 28 <37
-- worker thread times 100 103 107 106 103 108 105 110 107 106 107 103 107 105 108 104 108 107 104 104 106 103 106 109 107 107 108 103 109 107 105
-- 113 <36
-- worker thread times 513 512 512 515 512 516 509 514 513 513 510 516 511 512 511 510 513 511 513 515 512 511 513 514 513 512 511 512 513 509 517
-- 521 <35
-- worker thread times 2017 2020 2016 2015 2016 2014 2016 2015 2014 2014 2018 2009 2016 2014 2012 2016 2018 2018 2016 2011 2016 2017 2016 2013 2018 2019 2018 2017 2014 2014 2019
-- 2025 <34
-- worker thread times 8062 8064 8069 8068 8058 8063 8062 8062 8067 8063 8060 8065 8062 8061 8067 8064 8065 8066 8062 8060 8068 8066 8066 8065 8066 8066 8066 8063 8061 8068 8068
-- 8076 <33
-- worker thread times 33146 33137 33136 33143 33148 33140 33132 33142 33134 33142 33141 33141 33144 33138 33147 33149 33139 33145 33144 33144 33139 33140 33145 33144 33143 33145 33141 33138 33140 33148 33143
-- 33155 <32
-- worker thread times 56056 56058 56055 56060 56059 56060 56058 56058 56060 56058 56056 56058 56059 56057 56059 56057 56057 56058 56055 56060 56058 56058 56055 56056 56057 56059 56058 56060 56058 56058 56059
-- 56063 <31
false 16150888 aborted

100003 3 4 10 28 113 521 2025 8076 33155 56063
FAIL0=3 FAIL1=4 FAIL2=10 FAIL3=28 FAIL4=113 FAIL5=521 FAIL6=2025 FAIL7=8076 FAIL8=33155 FAIL9=56063 
