-- worker thread times 0 0 0 0 0 0 0 0 0 0 0 0 0 0 0 0 0 0 0 0 0 0 0 0 0 0 0 0 0 0 0
-- 3 <30
-- worker thread times 1 0 0 0 1 0 0 0 0 0 0 0 0 0 0 1 0 0 0 0 0 0 0 1 0 0 0 0 0 0 0
-- 4 <29
-- worker thread times 0 3 3 0 2 1 0 1 3 1 2 2 3 2 2 4 2 4 3 2 3 2 0 2 1 3 1 1 2 1 2
-- 7 <28
-- worker thread times 18 17 16 17 13 15 15 15 12 14 12 14 14 15 13 16 12 17 13 15 15 18 15 13 14 16 18 14 16 17 13
-- 21 <27
-- worker thread times 81 81 77 79 78 76 81 76 78 77 80 81 78 81 76 79 80 78 81 80 82 81 82 75 74 79 79 81 78 74 76
-- 86 <26
-- worker thread times 417 413 414 414 413 405 412 414 411 413 415 411 411 415 411 411 413 412 413 408 412 411 415 410 416 413 414 414 412 414 417
-- 421 <25
-- worker thread times 2289 2282 2281 2285 2283 2287 2284 2281 2281 2287 2284 2282 2285 2286 2284 2281 2284 2284 2288 2285 2285 2285 2286 2280 2284 2284 2288 2280 2287 2286 2281
-- 2294 <24
-- worker thread times 13812 13809 13798 13808 13803 13804 13802 13803 13805 13804 13801 13809 13805 13809 13796 13798 13805 13805 13808 13805 13807 13807 13801 13802 13803 13804 13809 13808 13806 13804 13800
-- 13816 <23
-- worker thread times 8875 8873 8874 8873 8873 8873 8874 8873 8874 8874 8875 8873 8874 8873 8874 8873 8874 8873 8873 8873 8874 8874 8873 8874 8873 8873 8874 8874 8874 8874 8873
true 4457201
(0 -> 25) (1 -> -1) (2 -> 5) (3 -> -1) (4 -> 3) (5 -> 29) (6 -> -1) (7 -> 27) (8 -> -1) (9 -> 0) (10 -> 2) (11 -> 8) (12 -> 16) (13 -> 26) (14 -> 14) (15 -> 15) (16 -> 4) (17 -> 28) (18 -> 7) (19 -> -1) (20 -> 17) (21 -> 24) (22 -> -1) (23 -> 18) (24 -> 22) (25 -> -1) (26 -> 1) (27 -> -1) (28 -> 13) (29 -> 9) 
25532 3 4 7 21 86 421 2294 13816 8877
EXCEPT=8 FAIL0=3 FAIL1=4 FAIL2=7 FAIL3=21 FAIL4=86 FAIL5=421 FAIL6=2294 FAIL7=13816 SIZE=22 
