-- worker thread times 0 0 0 0 0 0 0 0 0 0 0 0 0 0 0 0 0 0 0 0 0 0 0 0 0 0 0 0 0 0 0
-- 3 <35
-- worker thread times 0 0 0 0 0 0 0 0 0 1 0 1 0 1 0 0 0 0 0 0 0 0 0 0 0 1 0 0 0 0 1
-- 4 <34
-- worker thread times 2 3 3 0 2 2 0 2 2 1 2 1 1 2 1 1 1 2 3 1 0 0 0 0 1 1 2 3 0 2 1
-- 6 <33
-- worker thread times 12 9 9 12 11 7 9 11 7 8 11 8 5 9 10 10 10 9 7 4 10 11 11 5 10 7 6 11 10 9 9
-- 15 <32
-- worker thread times 38 36 36 33 36 38 35 38 35 34 31 38 36 39 34 34 35 39 33 31 33 37 35 35 38 38 38 34 34 33 35
-- 44 <31
-- worker thread times 129 129 125 130 130 128 129 128 125 129 127 124 128 125 127 125 130 119 129 125 123 127 125 125 126 131 123 123 128 132 129
-- 136 <30
-- worker thread times 410 420 413 412 421 413 413 415 411 415 413 417 418 418 411 420 415 415 419 415 416 416 416 410 415 419 414 415 411 416 417
-- 425 <29
-- worker thread times 1242 1239 1241 1245 1242 1243 1246 1237 1239 1238 1246 1247 1240 1245 1236 1238 1241 1240 1242 1238 1240 1239 1245 1242 1240 1238 1243 1240 1243 1239 1234
-- 1252 <28
-- worker thread times 3729 3736 3735 3731 3732 3734 3734 3730 3727 3738 3734 3736 3730 3729 3727 3738 3731 3733 3729 3726 3738 3730 3735 3739 3734 3732 3735 3734 3729 3730 3733
-- 3745 <27
-- worker thread times 11288 11287 11287 11283 11282 11281 11285 11278 11285 11283 11274 11287 11285 11288 11287 11284 11280 11281 11281 11287 11291 11285 11278 11289 11290 11285 11287 11288 11281 11277 11285
-- 11297 <26
-- worker thread times 34853 34852 34851 34852 34845 34850 34845 34848 34849 34846 34845 34847 34850 34852 34843 34854 34847 34847 34851 34847 34852 34852 34851 34848 34855 34850 34847 34853 34851 34844 34851
-- 34863 <25
-- worker thread times 48204 48202 48203 48199 48202 48197 48201 48203 48204 48204 48204 48203 48203 48201 48198 48204 48200 48203 48199 48203 48201 48203 48203 48202 48203 48203 48204 48199 48204 48203 48204
-- 48208 <24
false 18197184 aborted

100002 3 4 6 15 44 136 425 1252 3745 11297 34863 48208
FAIL0=3 FAIL1=4 FAIL10=34863 FAIL11=48208 FAIL2=6 FAIL3=15 FAIL4=44 FAIL5=136 FAIL6=425 FAIL7=1252 FAIL8=3745 FAIL9=11297 
