-- worker thread times 0 0 1 0 0 1 0 0 0 1 0 0 1 0 0 1 0 0 0 0 0 0 0 0 0 0 0 0 1 1 0
-- 4 <50
-- worker thread times 4 2 2 3 2 2 1 1 0 5 3 0 1 3 1 0 3 4 3 3 3 3 2 2 0 4 4 1 2 4 1
-- 8 <49
-- worker thread times 26 25 27 22 22 23 25 23 22 25 26 22 24 25 24 22 21 21 25 23 23 26 26 24 24 22 20 21 19 26 25
-- 30 <48
-- worker thread times 127 133 130 125 129 129 130 127 131 130 129 130 124 130 127 128 132 127 129 130 128 127 132 131 126 126 133 128 127 130 132
-- 136 <47
-- worker thread times 678 673 673 677 671 676 676 667 670 673 669 674 669 670 675 674 670 674 670 670 671 675 667 672 670 670 671 668 674 670 675
-- 680 <46
-- worker thread times 3246 3242 3243 3238 3239 3243 3242 3245 3242 3244 3239 3244 3239 3234 3239 3242 3242 3245 3240 3238 3240 3241 3241 3244 3239 3242 3243 3240 3240 3244 3246
-- 3250 <45
-- worker thread times 14498 14497 14500 14499 14494 14496 14498 14498 14495 14498 14497 14496 14496 14497 14493 14498 14492 14498 14495 14494 14495 14498 14500 14498 14493 14499 14499 14500 14492 14496 14494
-- 14505 <44
-- worker thread times 66809 66810 66809 66810 66811 66811 66808 66809 66806 66808 66806 66812 66808 66802 66810 66808 66812 66809 66812 66813 66810 66807 66810 66812 66809 66811 66811 66811 66810 66814 66812
-- 66820 <43
-- worker thread times 14560 14561 14559 14559 14560 14560 14560 14560 14560 14560 14559 14560 14560 14559 14560 14561 14560 14561 14560 14560 14559 14560 14560 14560 14559 14560 14560 14560 14560 14559 14560
-- 14564 <42
false 16295120 aborted

100002 4 8 30 136 680 3250 14505 66820 14564
FAIL0=4 FAIL1=8 FAIL2=30 FAIL3=136 FAIL4=680 FAIL5=3250 FAIL6=14505 FAIL7=66820 FAIL8=14564 
