-- worker thread times 1 0 0 0 0 0 0 0 0 0 0 0 0 0 1 0 0 0 0 0 0 0 0 0 0 0 0 0 1 0 1
-- 4 <50
-- worker thread times 2 1 0 0 0 2 1 2 1 1 2 1 1 2 1 1 0 0 0 0 2 2 1 0 2 0 1 3 1 0 3
-- 6 <49
-- worker thread times 6 5 8 8 5 6 1 7 7 4 7 10 5 7 4 8 6 6 6 8 7 9 6 9 7 8 6 6 8 7 8
-- 12 <48
-- worker thread times 31 33 31 30 31 30 32 31 31 31 33 27 33 35 34 31 34 32 34 29 33 32 28 34 29 35 34 32 32 32 34
-- 38 <47
-- worker thread times 187 177 178 181 186 182 179 179 177 184 181 178 184 179 173 183 182 177 185 183 183 184 180 184 179 182 183 178 185 182 180
-- 190 <46
-- worker thread times 1053 1056 1050 1045 1048 1050 1055 1051 1051 1052 1046 1054 1051 1046 1052 1052 1049 1041 1049 1050 1049 1042 1050 1053 1041 1050 1052 1048 1047 1049 1050
-- 1059 <45
-- worker thread times 5925 5919 5920 5915 5919 5915 5915 5918 5920 5919 5916 5920 5916 5922 5916 5918 5924 5920 5919 5919 5920 5919 5919 5918 5923 5915 5914 5919 5919 5919 5921
-- 5929 <44
-- worker thread times 37067 37068 37057 37066 37060 37070 37064 37058 37063 37061 37062 37066 37066 37066 37059 37064 37070 37070 37069 37064 37069 37064 37071 37064 37067 37066 37062 37067 37072 37073 37061
-- 37076 <43
-- worker thread times 55680 55679 55679 55679 55680 55680 55678 55678 55679 55678 55680 55679 55679 55679 55679 55678 55679 55678 55679 55679 55679 55679 55680 55679 55679 55678 55679 55679 55679 55679 55679
-- 55683 <42
false 16569530 aborted

100002 4 6 12 38 190 1059 5929 37076 55683
FAIL0=4 FAIL1=6 FAIL2=12 FAIL3=38 FAIL4=190 FAIL5=1059 FAIL6=5929 FAIL7=37076 FAIL8=55683 
