-- worker thread times 0 0 0 0 0 0 0 0 0 0 0 0 0 0 0 0 0 0 0 0 0 0 0 0 0 0 0 0 0 0 0
-- 2 <30
-- worker thread times 0 0 0 0 0 0 0 0 0 0 0 0 0 0 0 0 0 0 0 0 0 0 0 0 0 0 0 0 0 0 0
-- 2 <29
-- worker thread times 2 0 0 1 0 0 0 0 0 1 1 2 1 1 1 1 0 0 1 0 1 2 0 0 1 0 1 0 1 1 0
-- 5 <28
-- worker thread times 11 4 9 8 9 7 11 10 7 10 7 8 11 7 6 9 10 8 6 7 8 8 8 9 7 9 10 8 6 9 11
-- 14 <27
-- worker thread times 44 45 47 45 46 41 43 46 45 49 46 47 47 47 47 49 40 46 45 48 46 46 47 47 50 47 49 46 45 45 49
-- 52 <26
-- worker thread times 216 216 215 214 210 213 210 213 215 213 214 211 211 213 214 210 209 213 215 210 213 213 214 214 211 212 207 206 212 213 210
-- 220 <25
-- worker thread times 860 863 857 861 860 864 858 862 861 859 865 864 861 861 858 863 864 861 863 859 863 863 862 863 862 862 864 864 860 863 865
-- 870 <24
-- worker thread times 3217 3218 3219 3219 3215 3220 3221 3219 3223 3216 3218 3219 3221 3219 3220 3220 3222 3217 3219 3220 3218 3219 3213 3218 3218 3219 3220 3214 3220 3214 3222
-- 3229 <23
-- worker thread times 11773 11782 11780 11777 11783 11775 11781 11775 11776 11780 11777 11774 11779 11781 11781 11781 11783 11781 11780 11780 11779 11781 11773 11779 11775 11773 11785 11780 11782 11777 11778
-- 11790 <22
-- worker thread times 48187 48186 48187 48179 48185 48182 48186 48175 48183 48189 48185 48185 48182 48181 48183 48182 48178 48174 48184 48183 48180 48176 48183 48178 48189 48179 48184 48183 48182 48189 48176
-- 48196 <21
-- worker thread times 6505 6507 6507 6506 6506 6505 6507 6505 6506 6506 6506 6505 6506 6506 6506 6506 6506 6506 6506 6505 6506 6507 6506 6507 6505 6505 6505 6506 6505 6506 6506
true 12549530
(0 -> 4) (1 -> 8) (2 -> -1) (3 -> -1) (4 -> 12) (5 -> 6) (6 -> -1) (7 -> -1) (8 -> -1) (9 -> 5) (10 -> -1) (11 -> 9) (12 -> -1) (13 -> 2) (14 -> 17) (15 -> 16) (16 -> -1) (17 -> 3) (18 -> -1) (19 -> 29) (20 -> -1) (21 -> 15) (22 -> 22) (23 -> 1) (24 -> 13) (25 -> 24) (26 -> 7) (27 -> 23) (28 -> 19) (29 -> 27) 
70896 2 2 5 14 52 220 870 3229 11790 48196 6510
EXCEPT=10 FAIL0=2 FAIL1=2 FAIL2=5 FAIL3=14 FAIL4=52 FAIL5=220 FAIL6=870 FAIL7=3229 FAIL8=11790 FAIL9=48196 SIZE=20 
