-- worker thread times 0 0 0 0 0 0 0 0 0 0 0 0 0 0 0 0 0 0 0 0 0 0 0 0 0 0 0 0 0 0 0
-- 2 <50
-- worker thread times 1 1 0 0 0 0 0 0 0 0 0 0 0 0 0 0 1 0 0 0 0 1 0 0 0 1 0 1 1 0 1
-- 4 <49
-- worker thread times 5 4 6 5 2 6 4 5 2 3 6 6 4 6 5 6 3 5 5 6 2 4 7 5 6 4 2 6 3 4 7
-- 10 <48
-- worker thread times 44 42 42 38 40 42 40 39 41 40 42 39 43 40 40 39 43 39 40 38 38 38 39 40 37 40 43 43 41 39 40
-- 47 <47
-- worker thread times 228 227 229 229 229 231 229 230 230 229 230 228 227 230 230 229 228 226 229 226 229 229 230 229 229 231 227 232 229 230 233
-- 236 <46
-- worker thread times 1104 1105 1106 1105 1108 1101 1105 1105 1107 1102 1106 1106 1102 1103 1105 1103 1101 1101 1105 1106 1107 1105 1102 1104 1106 1104 1102 1105 1105 1104 1104
-- 1112 <45
-- worker thread times 5033 5033 5031 5030 5025 5029 5028 5034 5033 5030 5033 5033 5025 5032 5029 5031 5029 5033 5032 5032 5031 5033 5027 5028 5031 5029 5031 5033 5030 5033 5030
-- 5040 <44
-- worker thread times 23441 23433 23437 23435 23438 23439 23435 23435 23439 23436 23439 23438 23436 23430 23438 23434 23438 23438 23432 23442 23437 23435 23437 23440 23442 23440 23442 23436 23439 23437 23440
-- 23448 <43
-- worker thread times 70094 70094 70094 70093 70094 70096 70094 70093 70095 70094 70095 70093 70095 70093 70093 70096 70095 70094 70094 70095 70094 70093 70095 70094 70093 70093 70095 70094 70095 70096 70093
-- 70099 <42
false 16809702 aborted

100003 2 4 10 47 236 1112 5040 23448 70099
FAIL0=2 FAIL1=4 FAIL2=10 FAIL3=47 FAIL4=236 FAIL5=1112 FAIL6=5040 FAIL7=23448 FAIL8=70099 
