-- worker thread times 0 0 0 0 0 0 0 0 0 0 0 0 0 0 0 0 0 0 0 0 0 0 0 0 0 0 0 0 0 0 0
-- 3 <40
-- worker thread times 1 2 0 0 0 0 0 1 0 1 0 0 0 0 0 0 1 0 0 1 0 0 0 1 0 1 0 0 1 1 1
-- 4 <39
-- worker thread times 7 9 6 6 4 6 7 3 4 6 6 5 4 3 7 4 6 5 7 6 7 7 7 4 6 5 5 8 5 6 6
-- 11 <38
-- worker thread times 47 45 45 46 42 45 44 44 45 41 43 38 43 44 43 41 43 43 40 45 43 44 44 44 44 44 46 43 39 42 40
-- 50 <37
-- worker thread times 227 224 230 225 225 225 223 221 225 222 230 224 226 222 227 228 226 227 223 227 225 226 224 224 226 228 226 224 229 223 230
-- 233 <36
-- worker thread times 1144 1146 1144 1142 1141 1144 1144 1136 1146 1146 1139 1142 1139 1141 1142 1143 1140 1144 1142 1146 1147 1144 1146 1145 1141 1140 1140 1139 1141 1143 1148
-- 1152 <35
-- worker thread times 5907 5905 5903 5906 5902 5902 5908 5905 5904 5904 5901 5904 5906 5902 5905 5903 5904 5908 5908 5907 5902 5905 5906 5900 5899 5906 5905 5909 5908 5902 5902
-- 5914 <34
-- worker thread times 31604 31607 31608 31603 31609 31601 31607 31603 31605 31605 31605 31598 31601 31604 31605 31609 31599 31608 31600 31613 31609 31608 31608 31609 31606 31607 31615 31612 31604 31608 31610
-- 31618 <33
-- worker thread times 61010 61010 61009 61009 61009 61009 61009 61010 61009 61009 61009 61009 61009 61010 61010 61008 61010 61008 61010 61010 61010 61009 61009 61010 61009 61009 61010 61009 61010 61010 61009
-- 61013 <32
false 18719200 aborted

100002 3 4 11 50 233 1152 5914 31618 61013
FAIL0=3 FAIL1=4 FAIL2=11 FAIL3=50 FAIL4=233 FAIL5=1152 FAIL6=5914 FAIL7=31618 FAIL8=61013 
