-- worker thread times 0 0 0 0 0 0 0 0 0 0 0 0 0 0 0 0 0 0 0 0 0 0 0 0 0 0 0 0 0 0 0
-- 3 <35
-- worker thread times 2 0 0 1 1 0 0 0 1 0 0 0 0 1 0 0 0 0 0 0 0 0 1 0 0 0 0 0 0 1 0
-- 4 <34
-- worker thread times 0 0 1 2 2 0 1 0 1 0 1 0 1 0 2 2 1 2 0 1 0 3 0 0 1 0 0 0 0 2 1
-- 5 <33
-- worker thread times 7 4 3 4 3 3 7 5 2 3 5 4 6 5 4 3 5 2 3 6 6 3 6 4 2 7 4 5 4 4 6
-- 10 <32
-- worker thread times 18 15 13 16 17 16 16 19 18 19 13 15 19 18 16 15 16 16 18 16 16 16 18 20 17 13 16 14 20 20 21
-- 24 <31
-- worker thread times 63 61 56 58 61 60 60 49 54 61 60 57 57 56 58 58 61 53 58 54 59 58 62 63 53 62 57 62 60 58 56
-- 66 <30
-- worker thread times 203 198 201 199 199 197 196 197 196 197 194 201 195 197 190 195 199 202 195 199 195 192 198 202 191 201 200 197 202 200 203
-- 208 <29
-- worker thread times 601 607 602 607 601 611 598 603 607 604 600 610 602 610 601 598 602 609 609 604 601 605 606 606 605 602 611 604 609 597 602
-- 616 <28
-- worker thread times 1925 1915 1912 1925 1924 1924 1921 1924 1919 1918 1919 1919 1914 1922 1916 1921 1922 1919 1922 1919 1921 1925 1923 1919 1915 1928 1913 1920 1919 1919 1919
-- 1933 <27
-- worker thread times 5775 5763 5768 5766 5774 5767 5776 5777 5763 5764 5769 5767 5771 5764 5773 5765 5773 5771 5775 5774 5771 5772 5768 5770 5770 5768 5769 5764 5773 5767 5770
-- 5784 <26
-- worker thread times 17224 17224 17224 17214 17225 17219 17223 17223 17225 17216 17219 17217 17225 17224 17223 17223 17219 17218 17212 17220 17224 17221 17218 17220 17224 17223 17223 17223 17217 17227 17224
-- 17238 <25
-- worker thread times 18402 18400 18401 18401 18402 18401 18401 18400 18400 18401 18394 18401 18402 18400 18399 18401 18401 18401 18397 18398 18397 18401 18401 18399 18401 18401 18401 18402 18398 18401 18397
true 8034389
(0 -> 24) (1 -> 33) (2 -> 21) (3 -> -1) (4 -> 27) (5 -> 3) (6 -> -1) (7 -> 31) (8 -> 30) (9 -> 34) (10 -> 23) (11 -> 1) (12 -> 0) (13 -> 16) (14 -> 11) (15 -> 28) (16 -> -1) (17 -> 8) (18 -> 15) (19 -> 20) (20 -> -1) (21 -> 12) (22 -> 19) (23 -> -1) (24 -> -1) (25 -> 32) (26 -> -1) (27 -> -1) (28 -> -1) (29 -> -1) (30 -> 5) (31 -> 2) (32 -> 26) (33 -> -1) (34 -> 4) 
44302 3 4 5 10 24 66 208 616 1933 5784 17238 18406
EXCEPT=11 FAIL0=3 FAIL1=4 FAIL10=17238 FAIL2=5 FAIL3=10 FAIL4=24 FAIL5=66 FAIL6=208 FAIL7=616 FAIL8=1933 FAIL9=5784 SIZE=24 
