-- worker thread times 0 0 0 0 0 0 0 0 0 0 0 0 0 0 0 0 0 0 0 0 0 0 0 0 0 0 0 0 0 0 0
-- 2 <40
-- worker thread times 0 0 0 0 0 0 0 0 0 0 0 0 0 0 0 0 0 0 0 0 0 0 0 0 0 0 0 0 0 0 0
-- 3 <39
-- worker thread times 1 0 1 0 0 0 0 0 1 1 0 1 0 0 0 0 1 0 0 0 0 0 1 0 0 1 0 1 0 0 0
-- 4 <38
-- worker thread times 5 5 5 5 3 6 5 5 4 6 6 4 6 6 6 6 5 6 5 4 6 5 5 7 5 6 5 6 3 6 7
-- 11 <37
-- worker thread times 51 53 53 53 50 50 52 51 53 54 53 54 52 52 54 50 51 53 51 55 50 51 50 54 54 49 53 51 51 53 55
-- 58 <36
-- worker thread times 291 295 292 295 296 292 296 293 290 294 291 289 291 291 294 295 295 290 292 293 293 296 292 292 294 290 293 293 292 295 295
-- 300 <35
-- worker thread times 1594 1594 1597 1594 1594 1596 1594 1596 1591 1593 1597 1593 1596 1596 1595 1599 1593 1593 1592 1593 1596 1593 1596 1591 1594 1595 1598 1595 1592 1590 1599
-- 1603 <34
-- worker thread times 8111 8112 8115 8111 8114 8109 8112 8112 8110 8113 8114 8111 8114 8108 8113 8110 8107 8112 8114 8108 8108 8109 8109 8116 8113 8116 8114 8111 8111 8108 8114
-- 8122 <33
-- worker thread times 41280 41282 41285 41284 41284 41282 41280 41288 41285 41277 41281 41280 41279 41282 41278 41275 41281 41276 41281 41285 41288 41280 41281 41279 41274 41280 41283 41283 41279 41283 41281
-- 41294 <32
-- worker thread times 48594 48597 48596 48596 48595 48596 48595 48595 48596 48595 48596 48594 48595 48596 48595 48595 48596 48596 48596 48595 48595 48596 48596 48595 48596 48596 48595 48596 48595 48596 48596
-- 48600 <31
false 17979627 aborted

100003 2 3 4 11 58 300 1603 8122 41294 48600
FAIL0=2 FAIL1=3 FAIL2=4 FAIL3=11 FAIL4=58 FAIL5=300 FAIL6=1603 FAIL7=8122 FAIL8=41294 FAIL9=48600 
