-- worker thread times 0 0 0 0 0 0 0 0 0 0 0 0 0 0 0 0 0 0 0 0 0 0 0 0 0 0 0 0 0 0 0
-- 3 <25
-- worker thread times 1 0 0 0 1 0 1 1 1 0 0 0 0 0 0 0 0 0 0 1 0 1 0 0 0 1 0 0 0 0 0
-- 4 <24
-- worker thread times 2 2 0 0 1 2 2 1 2 0 1 3 2 1 3 3 2 1 4 1 3 1 1 1 3 3 0 1 3 2 0
-- 6 <23
-- worker thread times 9 9 9 7 10 9 8 9 8 9 8 9 8 10 8 7 10 8 8 6 5 5 7 6 8 9 7 7 8 8 10
-- 13 <22
-- worker thread times 29 30 29 29 28 30 28 27 30 30 29 22 25 29 24 30 28 29 29 28 28 32 27 28 26 28 25 31 30 28 31
-- 34 <21
-- worker thread times 86 77 83 83 81 81 81 81 79 84 76 81 77 82 80 79 84 78 82 80 82 81 82 82 84 80 77 84 79 81 78
-- 89 <20
-- worker thread times 211 204 208 208 210 201 210 207 210 209 209 209 209 210 205 209 206 213 208 210 211 211 207 212 207 205 207 209 206 207 207
-- 219 <19
-- worker thread times 485 484 488 485 479 486 483 478 479 481 480 476 479 481 478 481 486 483 485 482 481 486 487 481 473 486 481 478 481 489 487
-- 494 <18
-- worker thread times 713 713 705 706 711 711 711 712 710 710 707 709 707 713 705 711 712 711 706 708 709 711 711 709 708 713 711 710 712 707 713
true 271749
(0 -> 8) (1 -> 2) (2 -> 16) (3 -> -1) (4 -> 23) (5 -> 1) (6 -> 18) (7 -> -1) (8 -> 10) (9 -> 9) (10 -> -1) (11 -> 17) (12 -> 11) (13 -> 4) (14 -> 12) (15 -> 13) (16 -> -1) (17 -> 21) (18 -> 24) (19 -> -1) (20 -> -1) (21 -> -1) (22 -> 15) (23 -> 14) (24 -> -1) 
1581 3 4 6 13 34 89 219 494 716
EXCEPT=8 FAIL0=3 FAIL1=4 FAIL2=6 FAIL3=13 FAIL4=34 FAIL5=89 FAIL6=219 FAIL7=494 SIZE=17 
