-- worker thread times 1 0 0 0 0 0 0 0 0 0 0 0 0 0 0 0 0 0 0 1 1 0 0 0 1 0 0 0 0 0 0
-- 4 <50
-- worker thread times 4 3 3 0 4 2 2 3 4 4 3 2 1 1 2 1 3 2 1 2 2 0 1 4 2 0 2 2 1 2 0
-- 7 <49
-- worker thread times 23 20 22 19 19 20 19 21 19 17 18 17 18 18 20 21 21 21 20 18 20 21 21 21 23 21 17 20 20 19 18
-- 26 <48
-- worker thread times 95 97 98 97 94 94 95 93 95 92 92 93 94 93 90 94 95 97 94 92 94 90 93 92 93 93 92 95 91 93 98
-- 101 <47
-- worker thread times 455 451 448 451 449 450 454 445 449 452 449 450 450 448 452 448 447 452 448 446 450 449 448 447 449 443 452 453 448 444 448
-- 458 <46
-- worker thread times 2263 2272 2270 2269 2266 2270 2265 2264 2270 2269 2265 2264 2262 2262 2270 2261 2269 2270 2268 2265 2264 2265 2265 2266 2269 2268 2268 2265 2262 2267 2267
-- 2276 <45
-- worker thread times 13330 13330 13327 13326 13325 13327 13332 13324 13330 13328 13321 13328 13326 13331 13330 13332 13328 13331 13323 13322 13328 13320 13329 13322 13325 13328 13321 13332 13325 13332 13333
-- 13338 <44
-- worker thread times 81671 81665 81665 81668 81672 81668 81666 81654 81668 81660 81669 81664 81663 81667 81661 81668 81662 81660 81670 81662 81666 81670 81668 81669 81669 81669 81665 81667 81670 81664 81673
-- 81677 <43
-- worker thread times 2107 2107 2107 2108 2108 2107 2108 2107 2107 2107 2107 2107 2107 2107 2107 2108 2107 2107 2106 2107 2107 2107 2108 2107 2108 2107 2107 2107 2108 2107 2107
-- 2111 <42
false 16521071 aborted

100002 4 7 26 101 458 2276 13338 81677 2111
FAIL0=4 FAIL1=7 FAIL2=26 FAIL3=101 FAIL4=458 FAIL5=2276 FAIL6=13338 FAIL7=81677 FAIL8=2111 
