-- worker thread times 0 0 0 0 0 0 0 0 0 0 0 0 0 0 0 0 0 0 0 0 0 0 0 0 0 0 0 0 0 0 0
-- 4 <40
-- worker thread times 2 0 1 0 0 0 1 0 0 0 0 0 0 0 0 1 0 0 0 0 0 0 0 0 0 0 0 0 0 1 1
-- 5 <39
-- worker thread times 4 6 5 4 4 2 5 5 6 5 4 4 4 3 3 4 4 5 2 3 4 3 4 4 5 5 4 2 3 5 5
-- 10 <38
-- worker thread times 34 33 34 29 34 34 35 34 34 33 35 34 31 36 31 34 34 33 35 32 34 34 34 33 33 36 35 31 33 34 37
-- 41 <37
-- worker thread times 177 178 176 175 179 175 179 180 179 176 178 177 179 180 177 181 178 176 179 180 177 180 178 178 179 178 178 182 179 175 178
-- 187 <36
-- worker thread times 826 827 830 827 828 826 829 829 829 824 826 826 827 829 829 827 830 830 828 831 830 827 830 825 828 828 828 830 824 826 833
-- 837 <35
-- worker thread times 3135 3126 3132 3128 3127 3128 3131 3127 3129 3129 3134 3131 3129 3134 3131 3127 3129 3132 3126 3128 3129 3129 3129 3133 3130 3130 3133 3125 3128 3132 3127
-- 3140 <34
-- worker thread times 12032 12034 12030 12026 12031 12028 12031 12033 12033 12028 12032 12033 12037 12037 12034 12031 12028 12032 12036 12031 12033 12027 12027 12036 12030 12033 12032 12033 12034 12034 12034
-- 12044 <33
-- worker thread times 46364 46359 46363 46368 46359 46363 46361 46363 46362 46367 46364 46358 46362 46356 46366 46361 46359 46359 46359 46363 46357 46362 46364 46363 46362 46361 46361 46362 46364 46358 46363
-- 46374 <32
-- worker thread times 37351 37351 37350 37350 37350 37350 37350 37350 37351 37350 37350 37350 37350 37350 37350 37350 37350 37350 37349 37350 37351 37351 37350 37350 37351 37350 37350 37351 37350 37350 37350
-- 37355 <31
false 17096640 aborted

100002 4 5 10 41 187 837 3140 12044 46374 37355
FAIL0=4 FAIL1=5 FAIL2=10 FAIL3=41 FAIL4=187 FAIL5=837 FAIL6=3140 FAIL7=12044 FAIL8=46374 FAIL9=37355 
