-- worker thread times 0 0 0 0 0 0 0 0 0 0 0 0 0 0 0 0 0 0 0 0 0 0 0 0 0 0 0 0 0 0 0
-- 2 <30
-- worker thread times 1 1 0 0 0 0 0 0 0 0 0 0 0 0 0 0 0 0 0 0 0 0 1 1 0 0 0 0 0 0 0
-- 3 <29
-- worker thread times 2 2 0 0 1 0 1 2 3 2 0 0 0 1 1 1 1 2 1 0 1 1 1 0 2 0 2 0 1 2 3
-- 5 <28
-- worker thread times 9 6 8 5 6 6 5 7 5 6 5 7 6 9 5 3 4 7 9 8 4 3 5 7 5 4 5 7 7 7 6
-- 12 <27
-- worker thread times 30 30 27 31 30 33 33 31 32 25 32 29 29 28 31 24 33 34 30 32 31 29 32 27 30 29 31 32 29 32 33
-- 37 <26
-- worker thread times 120 123 116 119 123 121 120 122 122 119 117 120 122 120 121 124 120 120 117 118 116 119 117 118 118 124 117 119 116 114 121
-- 128 <25
-- worker thread times 462 459 454 458 456 458 459 460 446 458 456 454 451 452 454 458 460 458 452 452 456 453 456 457 451 453 451 454 459 453 452
-- 466 <24
-- worker thread times 1535 1529 1533 1536 1532 1532 1531 1526 1541 1532 1534 1532 1538 1532 1533 1530 1528 1535 1531 1530 1532 1529 1529 1529 1538 1532 1532 1530 1536 1534 1539
-- 1545 <23
-- worker thread times 4958 4951 4957 4954 4949 4950 4959 4956 4954 4954 4959 4952 4959 4952 4957 4951 4950 4956 4962 4954 4952 4950 4954 4957 4956 4947 4952 4952 4960 4954 4958
-- 4966 <22
-- worker thread times 8339 8341 8341 8341 8340 8339 8339 8340 8340 8339 8340 8339 8341 8337 8340 8338 8341 8334 8339 8339 8341 8340 8341 8339 8337 8340 8339 8340 8340 8340 8340
true 2740525
(0 -> 7) (1 -> -1) (2 -> 10) (3 -> -1) (4 -> -1) (5 -> 29) (6 -> 11) (7 -> 9) (8 -> 12) (9 -> 13) (10 -> -1) (11 -> 18) (12 -> 5) (13 -> -1) (14 -> 4) (15 -> 3) (16 -> -1) (17 -> 19) (18 -> -1) (19 -> 25) (20 -> 20) (21 -> -1) (22 -> 6) (23 -> -1) (24 -> 8) (25 -> 28) (26 -> 1) (27 -> 21) (28 -> 14) (29 -> 15) 
15515 2 3 5 12 37 128 466 1545 4966 8344
EXCEPT=9 FAIL0=2 FAIL1=3 FAIL2=5 FAIL3=12 FAIL4=37 FAIL5=128 FAIL6=466 FAIL7=1545 FAIL8=4966 SIZE=21 
