-- worker thread times 0 0 0 0 0 0 0 0 0 0 0 0 0 0 0 0 0 0 0 0 0 0 0 0 0 0 0 0 0 0 0
-- 5 <25
-- worker thread times 0 0 0 1 0 0 1 0 0 0 0 0 0 0 0 0 1 0 0 0 0 0 0 0 0 0 0 0 0 0 1
-- 5 <24
-- worker thread times 0 2 1 0 0 1 0 1 0 1 2 2 1 0 0 1 0 2 1 1 0 1 0 1 0 0 0 1 0 1 1
-- 6 <23
-- worker thread times 6 5 6 3 3 1 4 4 3 4 3 5 4 4 3 4 5 4 2 2 3 3 1 2 4 2 3 3 1 3 1
-- 9 <22
-- worker thread times 18 16 16 15 12 17 18 14 16 14 9 17 14 15 15 15 14 17 17 16 15 11 13 16 14 11 16 16 13 14 17
-- 22 <21
-- worker thread times 56 55 56 57 52 51 50 55 56 55 53 51 57 55 53 55 54 54 53 52 54 53 58 53 54 49 54 54 55 56 54
-- 63 <20
-- worker thread times 159 156 156 159 157 159 160 161 157 160 159 154 158 156 162 158 155 161 157 159 154 161 159 162 157 157 157 157 160 157 157
-- 169 <19
-- worker thread times 409 415 417 419 410 413 413 420 421 419 415 418 414 416 411 412 416 410 415 416 420 411 419 408 414 419 408 415 414 417 415
-- 426 <18
-- worker thread times 880 876 875 879 874 880 871 873 879 879 875 872 874 872 874 876 879 877 878 880 878 879 868 872 873 876 877 879 873 878 880
true 263984
(0 -> 6) (1 -> 15) (2 -> 0) (3 -> 9) (4 -> -1) (5 -> -1) (6 -> 8) (7 -> 11) (8 -> 2) (9 -> 7) (10 -> -1) (11 -> 17) (12 -> 1) (13 -> -1) (14 -> 18) (15 -> 23) (16 -> 19) (17 -> 16) (18 -> -1) (19 -> -1) (20 -> 3) (21 -> -1) (22 -> 12) (23 -> 4) (24 -> -1) 
1593 5 5 6 9 22 63 169 426 885
EXCEPT=8 FAIL0=5 FAIL1=5 FAIL2=6 FAIL3=9 FAIL4=22 FAIL5=63 FAIL6=169 FAIL7=426 SIZE=17 
