-- worker thread times 0 0 0 0 0 0 0 0 0 0 0 0 0 0 0 0 0 0 0 0 0 0 0 0 0 0 0 0 0 0 0
-- 3 <25
-- worker thread times 0 0 0 0 0 0 0 0 0 0 0 0 0 0 0 0 0 0 0 0 0 0 0 0 0 0 0 0 0 0 0
-- 3 <24
-- worker thread times 1 0 0 0 0 0 0 0 1 0 0 0 0 0 0 0 0 0 0 0 1 0 0 0 0 0 0 1 0 0 1
-- 4 <23
-- worker thread times 2 1 1 0 1 1 2 2 2 3 3 4 1 3 3 2 1 3 0 3 0 1 0 2 2 1 3 4 1 1 4
-- 7 <22
-- worker thread times 12 12 15 15 12 14 12 11 12 10 14 15 11 12 12 15 12 16 12 12 13 9 10 10 14 14 10 14 13 10 15
-- 19 <21
-- worker thread times 52 57 52 53 52 52 53 51 54 51 55 55 56 57 53 57 57 54 53 53 57 55 59 55 55 55 55 55 54 55 56
-- 63 <20
-- worker thread times 237 237 235 240 233 237 236 238 236 241 243 234 232 236 240 237 238 235 232 241 240 234 237 237 236 236 237 237 236 239 236
-- 246 <19
-- worker thread times 967 964 966 967 964 966 958 963 961 963 966 963 962 966 967 961 964 966 970 969 965 962 962 969 962 967 965 964 958 968 962
-- 975 <18
-- worker thread times 517 517 517 516 518 517 517 517 516 518 516 515 516 516 514 516 517 514 515 517 516 514 517 516 517 516 513 511 516 518 517
true 317725
(0 -> 0) (1 -> 3) (2 -> 7) (3 -> 16) (4 -> 12) (5 -> -1) (6 -> 8) (7 -> -1) (8 -> 9) (9 -> 11) (10 -> -1) (11 -> -1) (12 -> 20) (13 -> -1) (14 -> -1) (15 -> 24) (16 -> -1) (17 -> 1) (18 -> 23) (19 -> 5) (20 -> -1) (21 -> 21) (22 -> 13) (23 -> 14) (24 -> 4) 
1844 3 3 4 7 19 63 246 975 521
EXCEPT=8 FAIL0=3 FAIL1=3 FAIL2=4 FAIL3=7 FAIL4=19 FAIL5=63 FAIL6=246 FAIL7=975 SIZE=17 
