-- worker thread times 1 0 0 0 0 0 0 0 0 0 0 0 0 0 0 0 0 0 0 0 0 0 0 0 0 0 1 0 0 0 0
-- 4 <50
-- worker thread times 3 1 1 2 0 1 1 2 1 1 0 0 1 0 2 2 1 1 0 0 1 1 0 2 2 1 0 0 2 0 0
-- 5 <49
-- worker thread times 12 10 7 10 8 9 9 12 10 10 8 10 11 12 9 10 10 8 8 7 10 8 10 7 10 9 11 11 11 10 5
-- 15 <48
-- worker thread times 38 40 39 39 40 39 36 38 38 38 39 38 38 39 37 40 40 38 39 39 40 39 42 38 35 39 39 39 40 40 41
-- 45 <47
-- worker thread times 127 127 128 127 126 129 125 126 129 126 127 127 125 129 128 127 128 126 128 129 125 127 129 126 126 127 125 128 129 124 127
-- 134 <46
-- worker thread times 366 365 360 363 366 365 366 361 365 364 363 365 365 365 359 364 362 366 363 363 364 367 365 364 362 363 363 363 363 361 362
-- 371 <45
-- worker thread times 986 986 987 982 988 984 988 986 988 986 986 986 985 988 987 987 989 987 988 985 988 987 983 985 989 980 987 984 988 987 988
-- 995 <44
-- worker thread times 2567 2566 2569 2565 2566 2563 2563 2566 2565 2566 2564 2562 2569 2565 2561 2561 2569 2567 2566 2564 2564 2567 2565 2561 2563 2565 2568 2569 2564 2567 2560
-- 2575 <43
-- worker thread times 6495 6492 6492 6485 6493 6491 6490 6492 6494 6494 6489 6487 6491 6489 6488 6494 6488 6492 6493 6491 6490 6490 6487 6490 6493 6493 6487 6491 6490 6487 6495
-- 6501 <42
-- worker thread times 16255 16256 16249 16248 16254 16256 16259 16250 16254 16255 16258 16257 16253 16251 16256 16252 16256 16252 16259 16255 16253 16255 16253 16252 16259 16255 16258 16258 16256 16256 16260
-- 16266 <41
-- worker thread times 38738 38740 38742 38740 38740 38743 38742 38740 38741 38746 38740 38741 38739 38741 38742 38740 38740 38742 38742 38744 38744 38745 38739 38740 38741 38743 38741 38743 38744 38743 38741
-- 38753 <40
-- worker thread times 34326 34326 34326 34325 34327 34326 34327 34327 34325 34325 34326 34326 34325 34327 34326 34326 34326 34325 34326 34326 34325 34327 34326 34326 34326 34326 34326 34326 34327 34325 34327
-- 34330 <39
false 18646571 aborted

100002 4 5 15 45 134 371 995 2575 6501 16266 38753 34330
FAIL0=4 FAIL1=5 FAIL10=38753 FAIL11=34330 FAIL2=15 FAIL3=45 FAIL4=134 FAIL5=371 FAIL6=995 FAIL7=2575 FAIL8=6501 FAIL9=16266 
