-- worker thread times 0 0 0 0 0 0 0 0 0 0 0 0 0 0 0 0 0 0 0 0 0 0 0 0 0 0 0 0 1 0 0
-- 4 <50
-- worker thread times 3 1 2 2 3 2 1 2 3 1 0 3 1 0 1 0 1 2 0 0 1 1 0 1 2 0 3 0 0 3 0
-- 6 <49
-- worker thread times 17 20 16 18 19 21 17 17 17 19 20 16 15 18 18 21 17 14 17 20 20 15 18 17 21 16 21 21 17 17 17
-- 25 <48
-- worker thread times 112 116 115 111 113 114 108 112 114 114 110 108 110 111 109 112 111 111 113 113 113 112 115 111 111 111 114 113 113 112 110
-- 119 <47
-- worker thread times 499 491 494 493 496 498 492 493 494 490 494 493 492 494 495 491 495 496 492 496 494 490 490 493 492 490 494 493 494 494 494
-- 502 <46
-- worker thread times 2411 2405 2402 2400 2403 2406 2406 2408 2406 2404 2403 2407 2404 2409 2404 2406 2405 2407 2402 2404 2402 2406 2404 2405 2402 2399 2405 2403 2408 2404 2401
-- 2413 <45
-- worker thread times 13025 13024 13012 13019 13015 13013 13021 13003 13014 13013 13010 13013 13009 13016 13013 13004 13010 13018 13018 13018 13022 13018 13011 13009 13013 13013 13015 13019 13017 13018 13013
-- 13029 <44
-- worker thread times 66845 66835 66836 66830 66834 66837 66839 66845 66840 66836 66834 66833 66833 66843 66838 66832 66843 66836 66835 66838 66830 66835 66839 66837 66834 66837 66829 66842 66832 66839 66847
-- 66851 <43
-- worker thread times 17046 17045 17045 17045 17045 17044 17044 17045 17045 17045 17042 17046 17045 17045 17044 17044 17045 17045 17045 17045 17045 17045 17045 17045 17044 17045 17045 17045 17046 17045 17044
-- 17049 <42
false 16442669 aborted

100002 4 6 25 119 502 2413 13029 66851 17049
FAIL0=4 FAIL1=6 FAIL2=25 FAIL3=119 FAIL4=502 FAIL5=2413 FAIL6=13029 FAIL7=66851 FAIL8=17049 
