-- worker thread times 0 0 0 0 0 0 0 0 0 0 0 0 0 0 0 0 0 0 0 0 0 0 0 0 0 0 0 0 0 0 0
-- 3 <40
-- worker thread times 0 0 0 0 0 0 0 0 0 0 0 0 0 0 0 0 0 0 0 0 0 0 0 0 0 0 0 0 0 0 0
-- 3 <39
-- worker thread times 0 1 0 1 0 0 1 1 1 1 1 1 0 0 2 0 0 0 0 0 0 0 0 0 0 3 2 1 3 1 2
-- 5 <38
-- worker thread times 9 6 10 8 2 10 6 8 6 6 6 6 6 6 4 4 4 4 6 8 8 6 8 7 8 9 9 9 3 10 9
-- 13 <37
-- worker thread times 41 36 38 35 35 39 38 37 41 33 35 37 37 38 38 34 34 33 40 38 40 37 35 38 35 37 33 37 40 39 37
-- 44 <36
-- worker thread times 191 191 189 185 192 189 187 191 193 188 187 187 192 188 186 192 190 191 188 189 186 186 187 192 190 185 188 189 189 191 191
-- 197 <35
-- worker thread times 906 899 905 904 901 904 905 903 900 901 905 906 901 897 908 898 904 904 902 903 900 907 899 902 899 905 905 902 906 908 900
-- 913 <34
-- worker thread times 3755 3755 3752 3754 3757 3758 3756 3755 3756 3759 3760 3756 3757 3755 3759 3748 3753 3753 3752 3753 3755 3757 3757 3757 3757 3757 3758 3746 3752 3760 3751
-- 3766 <33
-- worker thread times 14593 14591 14588 14588 14588 14592 14587 14584 14591 14587 14584 14586 14591 14590 14586 14592 14593 14587 14590 14586 14583 14584 14588 14589 14586 14588 14579 14589 14587 14583 14593
-- 14600 <32
-- worker thread times 56202 56207 56203 56199 56206 56206 56202 56202 56202 56202 56204 56203 56203 56203 56201 56210 56195 56207 56197 56206 56204 56200 56206 56196 56201 56204 56202 56202 56204 56211 56205
-- 56216 <31
-- worker thread times 24234 24235 24235 24234 24235 24235 24234 24234 24234 24235 24234 24235 24234 24235 24235 24234 24235 24235 24234 24233 24235 24235 24235 24234 24235 24234 24235 24235 24234 24234 24235
-- 24238 <30
false 18777423 aborted

100003 3 3 5 13 44 197 913 3766 14600 56216 24238
FAIL0=3 FAIL1=3 FAIL10=24238 FAIL2=5 FAIL3=13 FAIL4=44 FAIL5=197 FAIL6=913 FAIL7=3766 FAIL8=14600 FAIL9=56216 
