-- 51 10
-- 51 11
-- 59 13
-- 67 14
-- 71 15
-- 72 17
-- 75 19
-- 75 20
-- 76 21
-- 76 22
-- 78 23
-- 78 24
-- 79 25
-- 79 26
-- 79 27
-- 80 30
-- 80 31
-- 81 32
-- 82 33
-- 84 40
-- 84 41
-- 85 42
-- 85 43
-- 85 44
-- 86 45
true 36155 45
(1 -> 5) (2 -> 86) (4 -> 32) (5 -> 54) (7 -> 24) (9 -> 69) (10 -> 35) (12 -> 49) (13 -> 2) (14 -> 18) (16 -> 76) (18 -> 88) (19 -> 57) (20 -> 82) (21 -> 36) (22 -> 56) (25 -> 84) (31 -> 40) (32 -> 83) (33 -> 87) (34 -> 1) (40 -> 59) (42 -> 34) (45 -> 46) (48 -> 21) (52 -> 31) (56 -> 89) (57 -> 22) (58 -> 62) (59 -> 28) (61 -> 12) (62 -> 6) (63 -> 47) (65 -> 15) (66 -> 66) (67 -> 29) (74 -> 19) (75 -> 79) (76 -> 11) (78 -> 43) (80 -> 8) (84 -> 63) (85 -> 58) (86 -> 48) (87 -> 37) 
87
