-- worker thread times 0 0 0 0 0 0 0 0 0 0 0 0 0 0 0 0 0 0 0 0 0 0 0 0 0 0 0 0 0 0 0 0 0 0 0 0 0 0 0 0 0 0 0 0 0 0 0 0 0 0 0 0 0 0 0 0 0 0 0 0 0 0 0
-- 4 <35
-- worker thread times 0 0 0 0 0 0 1 0 0 0 0 0 0 0 0 1 1 0 0 0 1 0 0 0 0 0 0 0 1 0 0 0 0 0 0 0 0 0 1 0 1 0 1 0 0 0 0 0 0 0 0 0 0 0 0 0 0 0 0 0 0 0 0
-- 7 <34
-- worker thread times 3 0 2 1 0 2 0 0 0 0 0 0 0 1 1 0 0 0 0 0 0 0 2 0 0 0 1 0 1 2 2 2 1 0 0 0 1 0 0 0 0 0 0 1 0 0 1 0 0 0 0 0 1 0 1 0 0 0 3 0 1 1 0
-- 9 <33
-- worker thread times 15 8 9 8 9 10 12 10 9 5 5 11 10 8 8 13 10 10 11 11 10 9 7 7 9 5 12 5 9 7 7 10 11 7 11 11 10 9 11 8 5 10 2 10 8 9 6 5 6 3 11 5 11 3 8 10 8 10 10 10 12 7 7
-- 19 <32
-- worker thread times 57 57 55 58 58 57 61 60 56 56 63 60 59 49 61 54 63 65 56 60 65 57 59 61 60 61 62 57 60 53 47 62 58 61 61 58 59 60 55 58 64 61 60 53 57 52 62 60 58 61 59 57 55 65 64 57 52 54 49 59 66 60 61
-- 71 <31
-- worker thread times 349 357 346 350 350 342 350 349 338 351 336 342 358 350 357 353 346 347 338 344 350 344 356 349 342 337 348 338 345 352 342 353 338 345 352 354 348 353 345 355 342 348 340 355 350 353 341 342 357 345 344 354 348 348 350 346 349 346 348 346 346 350 348
-- 363 <30
-- worker thread times 1900 1917 1901 1911 1903 1897 1908 1910 1909 1913 1912 1905 1900 1908 1899 1897 1916 1908 1912 1906 1911 1903 1912 1897 1908 1916 1911 1897 1910 1890 1904 1904 1897 1908 1902 1892 1903 1909 1902 1909 1902 1894 1907 1909 1897 1903 1895 1901 1906 1908 1905 1911 1896 1907 1907 1902 1902 1905 1895 1901 1909 1898 1898
-- 1922 <29
-- worker thread times 10845 10831 10840 10826 10828 10835 10829 10838 10837 10841 10840 10832 10822 10834 10830 10827 10823 10834 10833 10835 10831 10831 10827 10833 10837 10817 10832 10831 10833 10832 10828 10829 10831 10843 10829 10832 10833 10829 10830 10828 10809 10832 10832 10840 10832 10835 10840 10829 10821 10838 10830 10820 10837 10830 10830 10822 10835 10837 10832 10836 10826 10833 10829
-- 10851 <28
-- worker thread times 60580 60575 60576 60588 60568 60585 60584 60584 60575 60581 60583 60587 60589 60581 60577 60588 60589 60572 60593 60590 60596 60580 60570 60581 60583 60579 60582 60588 60588 60587 60573 60574 60578 60588 60581 60583 60591 60575 60569 60573 60583 60574 60574 60576 60579 60580 60591 60576 60599 60595 60589 60585 60592 60572 60593 60578 60579 60580 60588 60576 60586 60578 60585
-- 60603 <27
-- worker thread times 26147 26145 26143 26142 26147 26143 26146 26145 26137 26143 26144 26146 26146 26143 26145 26143 26143 26144 26144 26145 26140 26146 26136 26142 26142 26138 26144 26145 26141 26143 26137 26142 26147 26144 26146 26147 26143 26146 26147 26147 26142 26147 26139 26147 26142 26146 26142 26147 26143 26142 26143 26143 26146 26142 26142 26147 26141 26145 26144 26141 26143 26144 26145
-- 26152 <26
false 16834294 aborted

100007 4 7 9 19 71 363 1922 10851 60603 26152
FAIL0=4 FAIL1=7 FAIL2=9 FAIL3=19 FAIL4=71 FAIL5=363 FAIL6=1922 FAIL7=10851 FAIL8=60603 FAIL9=26152 
