-- worker thread times 1 0 0 0 0 0 0 0 0 0 0 0 0 0 0 0 0 0 0 0 0 0 0 0 0 0 0 0 0 0 0 0 0 0 0 0 0 0 0 0 0 0 0 0 0 0 0 0 0 0 0 0 0 0 0 0 0 0 0 0 0 0 0
-- 7 <40
-- worker thread times 0 0 3 0 4 0 0 3 0 1 0 0 0 1 1 0 2 3 0 0 1 0 0 2 0 2 0 0 2 1 1 0 1 0 0 1 0 0 1 0 1 4 3 1 1 0 2 0 2 1 0 2 2 0 0 2 1 2 0 0 5 1 0
-- 11 <39
-- worker thread times 16 6 11 3 6 6 10 13 8 8 3 8 9 8 5 11 11 10 7 10 11 15 11 8 7 11 10 9 9 6 7 12 7 11 8 5 11 9 4 9 6 11 4 9 11 13 10 9 4 11 10 15 9 9 6 6 11 8 8 9 10 7 13
-- 22 <38
-- worker thread times 51 39 51 46 36 42 49 47 40 46 40 43 49 32 45 42 44 40 45 42 48 41 36 44 41 45 38 42 43 45 41 44 37 50 47 44 46 40 37 43 40 40 43 45 44 45 42 46 42 48 40 50 45 42 42 43 48 41 48 44 42 42 40
-- 57 <37
-- worker thread times 233 230 220 234 237 235 240 237 228 232 234 231 229 232 224 242 227 238 236 236 232 226 239 233 226 235 235 230 229 235 232 239 225 227 234 235 236 227 236 235 237 237 242 240 236 235 242 232 233 241 231 231 232 237 240 235 228 244 234 227 229 233 231
-- 249 <36
-- worker thread times 1247 1259 1253 1232 1251 1246 1251 1252 1249 1244 1244 1245 1252 1245 1250 1248 1255 1249 1245 1254 1249 1255 1243 1242 1246 1247 1249 1250 1251 1237 1253 1244 1243 1245 1249 1245 1248 1252 1246 1242 1248 1248 1239 1239 1256 1249 1252 1241 1250 1247 1247 1241 1246 1242 1239 1252 1249 1241 1242 1246 1247 1250 1248
-- 1266 <35
-- worker thread times 6683 6671 6669 6670 6662 6667 6663 6669 6665 6664 6676 6667 6669 6666 6671 6663 6667 6669 6667 6664 6666 6659 6664 6669 6656 6660 6663 6662 6664 6672 6664 6668 6655 6669 6671 6669 6664 6663 6667 6662 6673 6669 6660 6673 6679 6661 6661 6664 6664 6662 6651 6678 6666 6669 6666 6675 6668 6667 6681 6672 6662 6668 6670
-- 6690 <34
-- worker thread times 38733 38735 38724 38737 38731 38739 38734 38732 38728 38719 38736 38736 38733 38743 38733 38741 38736 38740 38737 38730 38736 38738 38732 38735 38736 38717 38724 38724 38738 38734 38742 38736 38724 38732 38730 38733 38724 38724 38735 38739 38735 38724 38728 38738 38734 38734 38741 38733 38730 38737 38741 38740 38730 38733 38732 38750 38735 38737 38732 38728 38732 38733 38731
-- 38757 <33
-- worker thread times 52936 52930 52935 52926 52934 52935 52927 52930 52930 52922 52935 52934 52934 52932 52931 52932 52935 52930 52930 52933 52932 52927 52934 52931 52926 52932 52931 52931 52931 52928 52931 52931 52927 52936 52929 52935 52933 52931 52930 52929 52934 52933 52933 52934 52932 52933 52932 52935 52922 52934 52931 52932 52927 52932 52931 52935 52936 52931 52933 52931 52935 52935 52931
-- 52943 <32
false 15530488 aborted

100007 7 11 22 57 249 1266 6690 38757 52943
FAIL0=7 FAIL1=11 FAIL2=22 FAIL3=57 FAIL4=249 FAIL5=1266 FAIL6=6690 FAIL7=38757 FAIL8=52943 
