-- worker thread times 0 0 0 0 0 0 0 0 0 0 0 0 0 0 0 0 0 0 0 0 0 0 0 0 0 0 0 0 0 0 0 0 0 0 0 0 0 0 0 0 0 0 0 0 0 0 0 0 0 0 0 0 0 0 0 0 0 0 0 0 0 0 0
-- 6 <50
-- worker thread times 0 0 0 0 0 0 0 0 0 0 0 0 0 0 0 0 0 0 0 0 0 0 0 0 0 0 0 0 0 0 0 0 0 0 0 0 0 0 0 0 0 0 0 0 0 0 0 0 0 0 0 0 0 0 0 0 0 0 0 0 0 0 0
-- 6 <49
-- worker thread times 0 1 1 0 0 0 0 0 3 3 0 0 0 2 0 1 1 0 0 0 0 0 0 2 0 0 3 0 0 0 1 0 0 0 2 0 0 0 0 0 2 0 0 0 3 0 0 0 0 0 0 0 3 1 0 0 0 3 0 2 0 0 3
-- 9 <48
-- worker thread times 4 11 6 0 5 7 2 6 9 1 2 11 6 11 4 5 2 4 5 10 4 10 7 5 7 7 4 10 4 9 2 2 8 3 2 11 3 5 7 10 7 9 9 0 3 8 11 7 10 4 11 3 3 10 3 1 4 8 1 1 11 9 10
-- 17 <47
-- worker thread times 61 57 49 58 59 56 56 42 55 53 60 55 53 55 53 54 51 49 50 49 56 52 59 51 57 53 57 57 47 50 55 45 57 46 60 51 49 56 59 55 47 49 50 49 58 53 56 49 55 54 52 53 49 51 55 52 57 60 49 56 57 49 55
-- 66 <46
-- worker thread times 350 340 336 339 341 344 341 340 334 334 339 345 338 346 340 347 342 336 340 344 351 344 346 336 346 340 345 345 344 340 344 341 340 336 333 339 347 344 342 336 347 344 335 338 346 348 345 332 350 338 350 342 338 341 334 346 348 329 347 340 345 348 337
-- 356 <45
-- worker thread times 1643 1624 1633 1623 1636 1626 1630 1631 1628 1640 1633 1624 1627 1629 1623 1623 1632 1638 1624 1631 1639 1632 1631 1632 1638 1625 1637 1617 1633 1627 1627 1637 1630 1632 1627 1636 1642 1636 1635 1634 1627 1615 1637 1632 1627 1620 1640 1642 1641 1637 1635 1633 1637 1633 1624 1622 1632 1640 1631 1637 1635 1637 1628
-- 1648 <44
-- worker thread times 7515 7507 7503 7500 7497 7509 7504 7498 7497 7496 7509 7511 7506 7505 7515 7505 7511 7513 7498 7503 7504 7510 7510 7516 7505 7517 7499 7514 7495 7505 7514 7506 7518 7514 7506 7516 7515 7500 7505 7511 7499 7497 7503 7510 7504 7498 7504 7515 7511 7511 7509 7503 7493 7499 7500 7510 7494 7500 7503 7507 7504 7520 7505
-- 7526 <43
-- worker thread times 31827 31808 31806 31820 31815 31813 31823 31812 31811 31811 31798 31813 31811 31814 31815 31824 31814 31824 31819 31812 31804 31821 31812 31826 31815 31813 31806 31811 31808 31821 31791 31820 31807 31823 31808 31809 31804 31823 31812 31805 31809 31812 31813 31822 31822 31806 31812 31806 31808 31818 31816 31809 31804 31807 31813 31809 31815 31815 31809 31812 31821 31812 31819
-- 31833 <42
-- worker thread times 58523 58514 58526 58524 58511 58519 58524 58527 58525 58518 58527 58525 58526 58524 58521 58526 58526 58527 58519 58525 58526 58521 58526 58528 58527 58524 58521 58525 58519 58524 58526 58525 58524 58528 58527 58526 58518 58527 58527 58517 58520 58527 58519 58518 58521 58524 58521 58523 58519 58515 58525 58524 58523 58523 58525 58525 58524 58521 58528 58528 58525 58528 58527
-- 58535 <41
false 16767559 aborted

100007 6 6 9 17 66 356 1648 7526 31833 58535
FAIL0=6 FAIL1=6 FAIL2=9 FAIL3=17 FAIL4=66 FAIL5=356 FAIL6=1648 FAIL7=7526 FAIL8=31833 FAIL9=58535 
