-- worker thread times 0 0 0 0 0 0 0 0 0 0 0 0 0 0 0 0 0 0 0 0 0 0 0 0 0 0 0 0 0 0 0 0 0 0 0 0 0 0 0 0 0 0 0 0 0 0 0 0 0 0 0 0 0 0 0 0 0 0 0 0 0 0 0
-- 6 <50
-- worker thread times 2 0 0 0 0 1 0 0 0 0 0 0 0 0 0 0 0 0 0 0 0 0 0 0 1 0 1 2 0 0 0 0 0 0 0 0 0 0 0 0 0 0 0 0 0 0 0 0 2 0 0 0 0 0 0 0 0 0 0 2 0 0 0
-- 7 <49
-- worker thread times 0 3 3 3 0 0 0 0 2 1 0 0 0 0 1 0 1 2 0 0 1 0 0 0 2 0 0 0 0 0 0 0 0 0 0 0 2 2 1 0 0 1 0 0 3 0 0 1 0 0 1 0 0 2 4 1 0 1 0 4 2 0 4
-- 9 <48
-- worker thread times 15 8 9 5 5 9 11 10 10 12 6 12 8 10 8 8 12 5 5 12 9 12 11 9 14 9 0 6 6 5 7 13 2 15 4 11 11 14 6 9 14 9 13 9 14 15 8 15 9 10 13 10 14 1 9 12 0 0 12 3 9 11 11
-- 20 <47
-- worker thread times 42 48 46 49 49 46 47 54 49 43 36 48 47 50 51 46 47 47 48 42 52 46 41 52 47 48 50 52 47 44 41 43 48 46 46 50 45 51 31 39 53 51 50 51 43 52 47 49 47 46 50 45 46 52 39 49 50 45 50 46 43 53 52
-- 62 <46
-- worker thread times 204 197 199 201 195 191 202 205 202 203 202 193 196 203 205 203 204 204 200 199 203 204 202 206 196 206 209 202 205 197 193 200 202 201 200 199 197 203 192 207 199 204 200 194 204 197 196 205 203 190 196 202 201 206 198 200 209 203 186 206 198 196 193
-- 217 <45
-- worker thread times 634 607 624 621 628 619 626 620 623 619 626 618 621 631 622 621 617 620 606 613 613 627 618 625 606 607 624 609 612 617 619 629 621 611 619 622 624 617 625 621 620 616 615 627 612 619 620 617 613 614 617 623 610 630 630 611 622 622 622 613 623 631 618
-- 639 <44
-- worker thread times 1751 1755 1752 1748 1753 1752 1732 1739 1763 1753 1748 1760 1754 1756 1758 1757 1752 1746 1750 1750 1744 1757 1755 1737 1760 1749 1750 1757 1756 1744 1758 1744 1752 1752 1752 1757 1748 1755 1752 1748 1754 1764 1748 1752 1758 1754 1763 1749 1761 1754 1755 1738 1755 1753 1759 1745 1756 1761 1762 1756 1753 1752 1752
-- 1775 <43
-- worker thread times 4421 4430 4417 4416 4424 4416 4422 4413 4408 4421 4402 4394 4418 4418 4408 4420 4428 4402 4411 4396 4430 4415 4409 4423 4420 4419 4415 4413 4409 4420 4417 4426 4414 4402 4426 4405 4418 4431 4416 4414 4417 4409 4409 4426 4414 4421 4416 4397 4399 4428 4423 4429 4417 4408 4398 4422 4425 4423 4423 4426 4418 4416 4419
-- 4440 <42
-- worker thread times 9673 9653 9670 9667 9664 9661 9667 9665 9669 9659 9660 9665 9675 9673 9673 9658 9661 9670 9672 9664 9672 9666 9656 9672 9656 9677 9667 9651 9658 9673 9668 9673 9665 9660 9664 9659 9672 9668 9661 9670 9668 9671 9651 9676 9666 9677 9651 9664 9665 9679 9665 9658 9667 9640 9674 9662 9651 9662 9652 9674 9661 9673 9678
-- 9692 <41
-- worker thread times 20078 20081 20077 20078 20072 20081 20085 20081 20081 20071 20065 20062 20064 20076 20074 20070 20078 20074 20078 20077 20066 20073 20080 20062 20067 20082 20085 20080 20079 20073 20049 20070 20069 20054 20066 20071 20059 20068 20051 20073 20082 20078 20075 20084 20085 20085 20071 20076 20091 20068 20067 20055 20061 20073 20073 20088 20049 20086 20072 20075 20075 20073 20095
-- 20106 <40
-- worker thread times 39061 39076 39053 39061 39045 39048 39054 39037 39068 39069 39074 39068 39074 39064 39052 39052 39077 39071 39062 39051 39082 39061 39064 39071 39055 39073 39067 39055 39062 39054 39066 39063 39070 39060 39064 39040 39060 39061 39057 39077 39069 39066 39076 39050 39073 39057 39074 39056 39063 39053 39060 39066 39053 39058 39058 39063 39051 39063 39062 39069 39070 39066 39070
-- 39097 <39
-- worker thread times 23920 23922 23916 23920 23919 23919 23921 23922 23923 23911 23923 23921 23909 23920 23922 23908 23915 23915 23920 23921 23921 23923 23922 23924 23923 23923 23920 23920 23920 23915 23919 23907 23910 23912 23908 23919 23915 23915 23919 23921 23916 23921 23921 23909 23919 23910 23921 23912 23920 23922 23921 23921 23919 23914 23906 23906 23920 23921 23920 23919 23910 23919 23911
-- 23929 <38
false 16273352 aborted

100006 6 7 9 20 62 217 639 1775 4440 9692 20106 39097 23929
FAIL0=6 FAIL1=7 FAIL10=20106 FAIL11=39097 FAIL12=23929 FAIL2=9 FAIL3=20 FAIL4=62 FAIL5=217 FAIL6=639 FAIL7=1775 FAIL8=4440 FAIL9=9692 
