-- worker thread times 0 0 0 0 0 0 0 0 0 0 0 0 0 0 0 0 0 0 0 0 0 0 0 0 0 0 0 0 0 0 0 0 0 0 0 0 0 0 0 0 0 0 0 0 0 0 0 0 0 0 0 0 0 0 0 0 0 0 0 0 0 0 0
-- 6 <50
-- worker thread times 3 2 0 0 0 0 0 0 0 0 0 0 0 1 0 0 0 1 0 0 0 2 2 0 0 0 0 0 1 0 0 0 3 0 1 0 2 0 0 1 0 0 2 2 0 0 0 0 1 0 0 1 0 0 0 0 0 0 0 1 0 0 0
-- 8 <49
-- worker thread times 0 6 1 4 1 0 2 2 1 2 1 4 2 3 1 3 0 1 5 1 2 3 3 1 0 6 5 0 0 0 5 3 5 4 0 0 1 0 0 3 0 4 2 5 0 3 1 1 1 4 3 3 5 4 2 1 4 0 5 4 1 6 3
-- 12 <48
-- worker thread times 24 23 20 21 23 19 16 21 23 19 21 24 15 14 8 24 14 24 11 21 18 20 23 15 23 17 15 22 17 23 20 23 11 17 19 22 22 23 11 22 20 24 23 21 22 18 20 23 19 22 19 16 11 11 16 18 22 21 22 20 21 20 18
-- 30 <47
-- worker thread times 82 81 80 79 85 76 85 74 77 70 78 82 80 85 69 82 78 83 82 82 83 82 81 81 82 85 81 81 83 82 70 76 85 82 83 84 82 79 80 86 83 83 80 80 82 80 82 83 75 69 80 85 71 83 82 84 77 81 84 79 83 83 87
-- 93 <46
-- worker thread times 296 302 291 302 302 302 302 304 294 301 304 299 302 297 302 299 302 300 304 299 299 300 305 298 307 296 299 307 301 298 297 301 308 304 300 291 299 297 298 305 300 299 296 301 299 300 301 303 300 299 290 307 306 300 304 296 291 304 292 306 303 299 302
-- 316 <45
-- worker thread times 856 862 849 859 862 857 853 845 864 852 857 857 855 854 852 860 855 858 856 856 864 856 858 861 863 854 848 860 860 851 862 863 853 864 857 853 856 856 862 852 861 856 854 838 861 862 848 852 860 850 858 847 840 859 855 855 851 859 858 850 856 853 860
-- 873 <44
-- worker thread times 2207 2202 2203 2215 2200 2212 2215 2208 2211 2199 2210 2204 2205 2214 2216 2211 2215 2209 2204 2212 2210 2210 2216 2206 2205 2212 2212 2202 2207 2206 2207 2208 2219 2215 2208 2219 2205 2207 2215 2202 2210 2194 2208 2198 2215 2197 2212 2206 2213 2204 2211 2214 2199 2209 2221 2207 2213 2220 2205 2213 2209 2215 2213
-- 2231 <43
-- worker thread times 5250 5246 5252 5246 5259 5254 5257 5254 5252 5246 5244 5255 5247 5248 5249 5247 5254 5254 5238 5248 5246 5251 5247 5245 5247 5253 5245 5259 5250 5252 5248 5247 5241 5246 5243 5259 5237 5251 5239 5250 5246 5254 5233 5259 5255 5250 5259 5254 5246 5249 5248 5246 5253 5248 5251 5254 5253 5243 5248 5256 5244 5255 5245
-- 5271 <42
-- worker thread times 11427 11432 11442 11432 11436 11419 11423 11420 11438 11429 11436 11429 11420 11439 11425 11420 11415 11427 11433 11443 11440 11434 11443 11428 11424 11441 11437 11418 11431 11427 11430 11435 11430 11440 11429 11430 11428 11423 11422 11430 11431 11424 11426 11440 11433 11429 11423 11430 11421 11426 11434 11436 11438 11433 11438 11432 11431 11437 11430 11423 11428 11429 11434
-- 11457 <41
-- worker thread times 23486 23489 23480 23485 23485 23467 23503 23486 23491 23498 23483 23480 23487 23493 23493 23492 23502 23501 23497 23495 23502 23485 23499 23485 23482 23474 23494 23484 23494 23493 23487 23494 23503 23476 23488 23492 23489 23494 23484 23497 23478 23493 23474 23482 23503 23487 23493 23493 23496 23490 23501 23491 23499 23475 23484 23479 23487 23493 23473 23497 23488 23490 23497
-- 23518 <40
-- worker thread times 45818 45812 45814 45804 45803 45808 45812 45810 45811 45812 45810 45811 45793 45803 45797 45811 45805 45812 45812 45806 45823 45800 45804 45806 45813 45796 45804 45803 45798 45810 45811 45803 45810 45801 45804 45814 45809 45813 45789 45802 45806 45802 45801 45814 45776 45800 45808 45797 45799 45810 45804 45794 45811 45810 45795 45798 45798 45797 45813 45792 45797 45825 45808
-- 45837 <39
-- worker thread times 10337 10336 10340 10337 10339 10339 10339 10337 10340 10336 10341 10338 10337 10337 10336 10340 10340 10336 10338 10338 10336 10337 10338 10335 10340 10340 10338 10338 10341 10337 10341 10338 10337 10341 10337 10336 10340 10338 10340 10339 10337 10337 10336 10337 10339 10337 10340 10340 10338 10338 10336 10338 10339 10340 10336 10339 10338 10340 10338 10336 10336 10337 10337
-- 10347 <38
false 16834255 aborted

100006 6 8 12 30 93 316 873 2231 5271 11457 23518 45837 10347
FAIL0=6 FAIL1=8 FAIL10=23518 FAIL11=45837 FAIL12=10347 FAIL2=12 FAIL3=30 FAIL4=93 FAIL5=316 FAIL6=873 FAIL7=2231 FAIL8=5271 FAIL9=11457 
