-- worker thread times 0 0 0 0 0 0 0 0 0 0 0 0 0 0 0 0 0 0 0 0 0 0 0 0 0 0 0 0 0 0 0 0 0 0 0 0 0 0 0 0 0 0 0 0 0 0 0 0 0 0 0 0 0 0 0 0 0 0 0 0 0 0 0
-- 5 <40
-- worker thread times 1 0 0 0 0 0 0 0 0 0 0 0 0 0 0 0 0 1 0 0 0 0 0 0 0 0 1 0 0 0 0 0 0 0 0 0 0 0 0 0 0 0 1 0 0 0 0 0 0 0 0 0 0 0 0 0 0 0 0 0 0 0 1
-- 6 <39
-- worker thread times 5 0 1 1 0 0 0 2 1 1 0 0 0 0 0 3 1 1 0 0 2 0 0 0 0 0 2 0 3 0 2 2 1 1 0 1 4 2 3 0 0 0 1 0 4 4 1 0 0 0 4 0 4 2 0 1 2 5 3 2 0 1 2
-- 11 <38
-- worker thread times 16 9 7 10 12 15 8 7 8 7 9 8 11 3 7 12 9 10 7 7 13 10 9 8 10 9 10 7 7 15 14 8 10 10 2 8 12 16 9 11 9 9 15 12 11 10 3 8 11 10 12 12 15 8 13 12 7 14 8 10 14 9 13
-- 22 <37
-- worker thread times 91 84 77 81 80 86 84 88 75 83 83 84 85 90 79 86 66 87 90 80 87 77 86 83 82 76 85 81 70 74 88 84 79 82 69 83 84 79 80 79 87 81 79 75 87 81 80 89 81 77 80 90 75 85 81 80 75 83 77 79 80 81 76
-- 97 <36
-- worker thread times 549 550 541 538 525 541 538 549 546 540 536 547 551 550 548 540 540 551 540 543 546 545 538 543 547 540 550 543 541 548 537 552 545 543 547 542 550 545 552 538 542 537 540 540 546 541 540 554 548 537 546 543 536 535 542 546 547 540 541 547 543 550 540
-- 560 <35
-- worker thread times 3399 3402 3397 3405 3411 3390 3405 3389 3406 3405 3405 3398 3388 3400 3398 3402 3397 3402 3407 3398 3409 3399 3399 3392 3394 3395 3396 3398 3407 3400 3400 3407 3395 3401 3402 3399 3406 3402 3406 3398 3396 3403 3402 3392 3398 3405 3399 3401 3402 3410 3408 3404 3405 3401 3410 3406 3399 3404 3398 3401 3412 3404 3402
-- 3418 <34
-- worker thread times 23179 23200 23182 23185 23184 23183 23191 23177 23180 23201 23180 23188 23184 23187 23180 23193 23187 23181 23190 23173 23180 23181 23186 23186 23190 23186 23197 23192 23184 23190 23169 23186 23195 23185 23171 23180 23193 23177 23186 23196 23179 23184 23177 23196 23187 23187 23181 23180 23192 23196 23185 23186 23181 23188 23192 23185 23178 23186 23184 23197 23179 23195 23197
-- 23209 <33
-- worker thread times 72667 72668 72668 72662 72666 72661 72664 72666 72663 72668 72664 72668 72665 72669 72663 72669 72658 72665 72661 72666 72663 72665 72665 72663 72669 72666 72669 72662 72666 72665 72661 72662 72666 72669 72669 72664 72668 72665 72667 72666 72660 72662 72664 72668 72663 72660 72663 72669 72668 72668 72670 72669 72667 72665 72658 72663 72668 72667 72655 72665 72662 72668 72664
-- 72676 <32
false 16644791 aborted

100007 5 6 11 22 97 560 3418 23209 72676
FAIL0=5 FAIL1=6 FAIL2=11 FAIL3=22 FAIL4=97 FAIL5=560 FAIL6=3418 FAIL7=23209 FAIL8=72676 
