-- worker thread times 1 1 0 0 0 0 0 0 0 0 0 0 0 0 0 0 1 0 0 0 0 0 0 0 0 0 0 0 0 0 0 0 0 0 0 0 0 0 0 0 0 0 0 0 0 0 0 0 0 0 0 0 1 0 0 0 0 0 0 0 0 0 0
-- 6 <35
-- worker thread times 0 3 0 0 0 1 0 1 0 1 0 0 0 0 2 0 2 0 0 0 1 0 3 0 0 0 2 0 1 0 0 0 0 0 0 0 2 0 0 0 0 0 0 0 0 0 1 1 0 0 0 1 0 0 0 0 0 0 0 1 0 0 0
-- 7 <34
-- worker thread times 5 1 3 2 2 0 0 1 0 2 3 0 2 2 3 2 1 5 0 0 4 0 5 1 3 4 0 3 5 0 2 1 1 0 0 1 1 1 4 3 1 1 4 0 0 0 1 1 3 2 2 2 1 5 1 2 1 0 3 0 0 0 1
-- 10 <33
-- worker thread times 4 11 14 8 7 12 13 8 12 7 7 12 7 12 10 11 8 14 9 6 7 8 13 11 13 8 9 9 9 11 14 11 10 10 10 8 4 8 8 9 9 10 12 7 6 9 11 9 10 8 7 9 8 11 9 11 9 9 12 1 5 12 7
-- 20 <32
-- worker thread times 46 37 38 39 45 39 45 44 40 45 44 46 43 45 41 39 42 42 33 35 40 33 46 38 40 39 37 41 43 44 42 39 37 42 46 36 34 41 42 39 40 39 37 41 42 42 44 41 39 39 41 41 43 38 46 39 42 44 38 42 42 42 41
-- 53 <31
-- worker thread times 157 142 153 158 142 156 149 158 143 158 144 154 147 152 155 146 157 147 150 151 155 152 157 152 145 150 151 155 151 151 155 151 148 149 149 152 153 159 154 159 155 152 154 156 156 156 151 146 159 155 151 150 160 154 147 151 157 151 147 151 147 151 153
-- 166 <30
-- worker thread times 469 463 462 469 470 459 467 471 466 460 469 460 471 464 467 461 469 470 473 459 460 459 468 473 459 468 470 462 471 468 468 472 465 467 458 462 463 472 472 454 461 465 472 467 477 460 463 462 463 461 467 473 470 466 456 456 469 466 472 465 458 451 469
-- 484 <29
-- worker thread times 1142 1163 1150 1150 1153 1156 1155 1145 1146 1154 1131 1154 1152 1151 1150 1153 1162 1158 1143 1148 1145 1158 1157 1156 1153 1150 1142 1145 1149 1140 1146 1150 1152 1135 1146 1146 1136 1134 1155 1156 1153 1142 1150 1152 1145 1155 1144 1139 1150 1143 1140 1153 1147 1143 1152 1153 1155 1145 1153 1143 1158 1151 1154
-- 1170 <28
-- worker thread times 2508 2528 2505 2511 2508 2512 2514 2520 2509 2508 2500 2514 2502 2497 2524 2512 2514 2499 2513 2508 2516 2495 2513 2520 2504 2507 2502 2502 2508 2500 2513 2508 2502 2519 2510 2497 2518 2511 2513 2509 2504 2515 2513 2504 2512 2522 2524 2512 2516 2509 2508 2504 2514 2517 2515 2511 2511 2518 2523 2515 2511 2509 2518
-- 2535 <27
-- worker thread times 5153 5150 5152 5149 5153 5145 5160 5151 5142 5154 5148 5141 5143 5150 5148 5149 5148 5134 5159 5155 5144 5145 5149 5157 5158 5163 5153 5151 5145 5129 5151 5150 5148 5150 5161 5142 5159 5144 5154 5160 5134 5156 5151 5151 5152 5148 5153 5153 5149 5154 5151 5148 5154 5154 5143 5159 5148 5152 5154 5153 5143 5155 5152
-- 5177 <26
-- worker thread times 10275 10295 10307 10295 10295 10307 10296 10304 10290 10297 10282 10299 10313 10297 10289 10296 10297 10296 10295 10295 10291 10304 10287 10290 10305 10298 10297 10293 10299 10293 10307 10291 10289 10297 10282 10293 10284 10288 10300 10297 10304 10295 10306 10305 10287 10287 10296 10299 10284 10307 10292 10276 10288 10301 10290 10297 10295 10294 10289 10297 10296 10300 10299
-- 10325 <25
-- worker thread times 20082 20071 20066 20081 20088 20081 20089 20081 20082 20070 20066 20068 20083 20071 20067 20067 20076 20079 20062 20057 20076 20073 20077 20069 20088 20060 20048 20082 20070 20087 20074 20066 20060 20078 20065 20081 20087 20083 20051 20054 20078 20086 20085 20074 20056 20058 20083 20061 20080 20082 20080 20086 20071 20052 20080 20073 20076 20090 20076 20071 20076 20065 20089
-- 20105 <24
-- worker thread times 38447 38443 38434 38434 38421 38438 38437 38448 38423 38437 38452 38436 38443 38438 38430 38434 38434 38443 38453 38428 38446 38431 38434 38436 38439 38439 38431 38456 38422 38452 38440 38429 38445 38425 38425 38431 38426 38432 38438 38434 38444 38429 38434 38429 38440 38438 38428 38436 38416 38451 38440 38437 38433 38443 38449 38430 38427 38443 38442 38438 38447 38435 38447
-- 38473 <23
-- worker thread times 21447 21462 21459 21450 21457 21458 21460 21458 21451 21458 21446 21458 21457 21459 21462 21448 21460 21461 21462 21443 21461 21461 21455 21457 21458 21458 21449 21451 21461 21458 21462 21458 21457 21459 21457 21458 21455 21448 21459 21458 21461 21459 21454 21459 21460 21460 21458 21458 21460 21444 21448 21452 21459 21460 21458 21461 21459 21460 21449 21460 21449 21458 21457
-- 21467 <22
false 17040434 aborted

100006 6 7 10 20 53 166 484 1170 2535 5177 10325 20105 38473 21467
FAIL0=6 FAIL1=7 FAIL10=10325 FAIL11=20105 FAIL12=38473 FAIL13=21467 FAIL2=10 FAIL3=20 FAIL4=53 FAIL5=166 FAIL6=484 FAIL7=1170 FAIL8=2535 FAIL9=5177 
