-- worker thread times 0 0 0 0 0 0 0 0 0 0 0 0 0 0 0 0 0 0 0 0 0 0 0 0 0 0 0 0 0 0 0 0 0 0 0 0 0 0 0 0 0 0 0 0 0 0 0 0 0 0 0 0 0 0 0 0 0 0 0 0 0 0 0
-- 4 <40
-- worker thread times 2 0 0 0 0 0 0 0 1 0 0 0 0 0 0 1 0 0 1 1 0 0 0 0 1 1 2 0 1 1 0 2 0 0 0 0 0 0 0 0 0 1 1 0 0 0 0 0 0 0 0 0 0 0 0 0 0 0 0 0 0 0 2
-- 7 <39
-- worker thread times 5 0 1 0 2 2 1 1 0 4 0 1 2 4 0 2 2 2 3 0 1 3 1 4 3 3 4 3 4 5 2 1 3 0 0 1 5 5 1 0 4 1 4 0 2 2 1 3 0 0 0 2 5 2 0 1 3 4 2 6 4 2 6
-- 11 <38
-- worker thread times 21 11 15 22 15 18 13 13 21 16 14 22 15 18 20 13 17 21 19 12 22 18 17 19 21 17 23 19 16 16 19 18 15 15 15 16 17 18 18 15 20 19 17 12 17 18 18 19 16 14 17 10 20 17 21 12 18 13 22 12 14 17 22
-- 28 <37
-- worker thread times 116 109 107 113 113 115 108 104 109 102 113 108 107 111 110 115 113 108 112 110 114 110 104 103 115 115 111 113 106 109 102 110 111 115 115 117 117 103 112 118 113 113 107 109 110 111 105 103 116 117 110 117 109 112 113 108 107 103 112 107 120 110 116
-- 125 <36
-- worker thread times 631 637 628 627 632 627 634 620 627 624 630 630 619 625 631 626 624 625 620 623 633 630 631 625 626 623 626 628 629 626 632 633 624 631 626 627 626 630 631 627 624 623 625 631 630 631 625 632 625 627 626 637 621 634 625 619 627 626 627 626 623 628 636
-- 643 <35
-- worker thread times 2888 2875 2872 2875 2880 2867 2884 2872 2881 2877 2873 2877 2874 2877 2866 2871 2882 2886 2877 2876 2877 2877 2876 2881 2879 2884 2874 2876 2876 2879 2884 2877 2873 2874 2875 2878 2880 2882 2874 2881 2867 2879 2873 2880 2874 2872 2876 2874 2875 2879 2886 2878 2880 2873 2875 2874 2877 2872 2869 2874 2876 2879 2874
-- 2894 <34
-- worker thread times 11596 11598 11593 11604 11599 11610 11604 11604 11606 11605 11590 11603 11599 11589 11603 11587 11598 11606 11608 11596 11607 11602 11595 11601 11603 11583 11607 11599 11605 11597 11602 11605 11608 11592 11602 11606 11597 11609 11605 11604 11600 11593 11596 11604 11596 11613 11600 11602 11594 11598 11595 11600 11601 11597 11607 11602 11603 11605 11602 11597 11597 11600 11607
-- 11619 <33
-- worker thread times 44681 44662 44674 44675 44671 44663 44660 44676 44665 44659 44664 44666 44657 44674 44666 44669 44660 44676 44665 44663 44671 44673 44657 44664 44678 44670 44670 44674 44672 44665 44667 44659 44667 44663 44664 44671 44662 44663 44662 44671 44666 44665 44670 44665 44673 44673 44663 44676 44670 44670 44665 44671 44660 44667 44662 44671 44658 44676 44679 44665 44667 44674 44667
-- 44686 <32
-- worker thread times 39978 39977 39975 39973 39976 39978 39975 39976 39978 39978 39974 39974 39976 39977 39977 39976 39970 39977 39973 39977 39969 39978 39979 39966 39979 39978 39977 39976 39976 39976 39967 39975 39977 39971 39978 39969 39976 39969 39976 39975 39967 39975 39978 39974 39976 39977 39976 39974 39975 39974 39975 39977 39976 39974 39978 39978 39971 39975 39975 39972 39970 39978 39978
-- 39985 <31
false 16861976 aborted

100006 4 7 11 28 125 643 2894 11619 44686 39985
FAIL0=4 FAIL1=7 FAIL2=11 FAIL3=28 FAIL4=125 FAIL5=643 FAIL6=2894 FAIL7=11619 FAIL8=44686 FAIL9=39985 
