-- worker thread times 0 0 0 0 0 0 0 0 0 0 0 0 0 0 0 0 0 0 0 0 0 0 0 0 0 0 0 0 0 0 0 0 0 0 0 0 0 0 0 0 0 0 0 0 0 0 0 0 0 0 0 0 0 0 0 0 0 0 0 0 0 0 0
-- 5 <50
-- worker thread times 2 0 0 0 0 0 0 0 0 0 0 0 0 0 1 0 0 0 1 0 0 0 0 0 0 0 0 0 0 0 2 0 0 2 0 0 1 1 0 0 0 0 1 0 0 0 0 0 0 0 1 1 1 0 0 0 0 0 0 0 1 0 2
-- 8 <49
-- worker thread times 4 1 0 0 0 0 0 3 2 2 3 2 0 4 0 3 4 0 1 0 1 3 0 0 1 0 0 1 4 0 1 2 0 3 0 1 0 1 0 0 2 2 0 0 2 0 1 0 0 1 0 4 3 0 0 0 2 4 3 2 2 2 1
-- 10 <48
-- worker thread times 14 7 11 3 10 11 6 9 10 12 10 7 11 6 13 8 8 7 11 14 5 8 13 4 10 9 4 7 7 12 13 5 6 7 9 13 8 7 13 5 11 6 10 11 11 10 9 6 9 9 5 9 6 7 9 10 6 3 12 6 6 7 8
-- 20 <47
-- worker thread times 66 62 64 61 71 71 73 61 70 58 61 61 62 65 62 65 57 64 62 66 66 69 63 65 61 68 69 63 59 71 72 61 63 66 63 68 66 64 65 64 64 69 73 65 67 72 66 72 62 68 63 72 65 68 56 69 70 71 57 65 70 68 71
-- 78 <46
-- worker thread times 419 412 416 425 425 416 422 412 410 419 422 424 414 408 411 418 424 410 412 409 419 408 414 418 416 413 417 415 417 414 414 411 414 415 418 412 413 417 423 407 423 423 410 417 414 421 413 407 414 415 415 417 415 419 416 412 414 409 414 409 406 413 413
-- 432 <45
-- worker thread times 3000 3002 3000 3000 3002 3002 3010 2997 2999 2997 2984 2979 2996 3003 2997 2996 2999 3006 3002 3000 2992 3002 3000 3011 2998 3003 2998 2995 3004 2995 2996 3005 3010 3006 2996 3009 2997 2998 2992 2998 2992 2999 3009 2991 3002 3001 3000 2999 2991 2997 2996 3004 3004 2999 2995 2995 3001 2994 3004 3006 2999 3012 3000
-- 3018 <44
-- worker thread times 22669 22684 22679 22685 22677 22663 22676 22663 22678 22670 22671 22673 22675 22671 22669 22671 22676 22681 22672 22678 22672 22675 22684 22670 22688 22672 22677 22667 22669 22676 22682 22665 22673 22667 22674 22685 22685 22668 22670 22680 22680 22672 22676 22671 22663 22674 22675 22660 22683 22668 22688 22674 22680 22669 22667 22680 22669 22678 22676 22671 22686 22674 22665
-- 22694 <43
-- worker thread times 73727 73730 73729 73727 73729 73727 73726 73727 73727 73728 73727 73728 73729 73724 73728 73729 73729 73729 73727 73720 73724 73726 73723 73726 73725 73730 73725 73728 73728 73730 73728 73726 73728 73729 73726 73727 73723 73719 73730 73727 73730 73730 73726 73729 73729 73727 73728 73730 73725 73727 73726 73725 73730 73731 73729 73727 73727 73731 73727 73727 73726 73731 73728
-- 73738 <42
false 16559734 aborted

100007 5 8 10 20 78 432 3018 22694 73738
FAIL0=5 FAIL1=8 FAIL2=10 FAIL3=20 FAIL4=78 FAIL5=432 FAIL6=3018 FAIL7=22694 FAIL8=73738 
