-- worker thread times 0 0 0 0 0 0 0 0 0 0 0 0 0 0 0 0 0 0 0 0 0 0 0 0 0 0 0 0 0 0 0 0 0 0 0 0 0 0 0 0 0 0 0 0 0 0 0 0 0 0 0 0 0 0 0 0 0 0 0 0 0 0 0
-- 4 <25
-- worker thread times 0 0 0 0 0 0 0 1 0 1 0 1 0 0 0 0 0 0 0 0 1 0 0 0 0 0 0 0 0 0 0 0 0 0 0 0 0 0 0 0 0 0 0 0 0 0 0 0 0 0 0 0 0 0 1 0 0 0 1 0 0 0 0
-- 6 <24
-- worker thread times 5 0 0 0 2 0 1 2 2 2 0 2 0 4 1 0 0 1 2 4 2 0 0 1 0 0 4 2 4 1 1 1 2 2 0 0 1 4 1 0 0 0 0 2 0 0 2 2 2 0 5 2 2 4 0 0 1 2 2 1 0 3 0
-- 9 <23
-- worker thread times 11 5 7 6 4 11 9 6 6 5 2 3 8 9 9 9 10 3 10 7 6 10 4 2 5 9 8 4 3 3 5 12 6 11 6 7 5 4 5 5 5 8 7 8 5 3 11 9 5 7 6 12 12 5 7 9 8 4 9 7 8 7 6
-- 17 <22
-- worker thread times 40 37 30 33 39 36 29 32 35 26 33 34 32 39 40 31 34 37 35 36 32 28 34 35 31 36 31 37 34 35 37 35 30 37 33 33 29 32 35 37 41 34 36 28 32 36 33 27 39 29 29 35 37 33 40 32 30 34 34 36 36 30 35
-- 45 <21
-- worker thread times 143 133 137 134 137 131 128 127 135 135 140 137 139 139 129 130 141 137 137 133 142 136 133 133 136 137 131 142 136 131 131 134 136 126 135 137 133 128 135 139 140 134 137 131 131 132 131 129 139 133 136 129 132 128 133 142 136 139 131 140 129 143 139
-- 148 <20
-- worker thread times 515 517 516 518 515 513 516 507 512 511 512 516 514 520 517 513 517 509 503 508 517 505 511 511 516 506 517 512 507 520 514 515 519 511 510 515 518 522 502 518 517 505 514 510 515 517 515 515 513 514 501 506 512 508 518 508 514 514 507 519 513 509 518
-- 529 <19
-- worker thread times 1885 1880 1873 1881 1882 1874 1884 1875 1880 1874 1880 1874 1879 1878 1878 1877 1878 1875 1880 1872 1875 1877 1884 1873 1881 1873 1882 1888 1883 1873 1886 1885 1881 1885 1877 1879 1881 1879 1877 1883 1873 1875 1881 1883 1871 1887 1880 1879 1879 1877 1886 1881 1879 1883 1875 1875 1872 1881 1882 1877 1881 1882 1886
-- 1897 <18
-- worker thread times 7602 7609 7622 7607 7604 7615 7618 7617 7612 7614 7616 7620 7610 7620 7595 7612 7609 7617 7617 7616 7621 7603 7613 7613 7614 7617 7616 7620 7611 7616 7611 7605 7614 7612 7614 7615 7617 7617 7608 7608 7612 7614 7620 7616 7610 7613 7617 7618 7605 7618 7614 7611 7611 7610 7620 7627 7622 7614 7616 7608 7619 7613 7608
-- 7632 <17
-- worker thread times 1074 1080 1079 1080 1080 1078 1081 1074 1075 1081 1076 1080 1080 1080 1081 1079 1081 1076 1078 1078 1078 1081 1072 1081 1077 1079 1081 1080 1080 1080 1077 1081 1079 1078 1080 1081 1078 1080 1077 1080 1080 1077 1079 1073 1081 1080 1074 1079 1079 1075 1068 1078 1082 1073 1080 1080 1078 1078 1081 1078 1075 1077 1075
true 1706590
(0 -> -1) (1 -> 7) (2 -> 24) (3 -> 10) (4 -> 19) (5 -> 18) (6 -> 11) (7 -> 14) (8 -> 6) (9 -> -1) (10 -> 22) (11 -> -1) (12 -> 23) (13 -> 12) (14 -> -1) (15 -> -1) (16 -> 4) (17 -> 9) (18 -> -1) (19 -> 3) (20 -> -1) (21 -> -1) (22 -> 13) (23 -> 8) (24 -> -1) 
11379 4 6 9 17 45 148 529 1897 7632 1087
EXCEPT=9 FAIL0=4 FAIL1=6 FAIL2=9 FAIL3=17 FAIL4=45 FAIL5=148 FAIL6=529 FAIL7=1897 FAIL8=7632 SIZE=16 
