-- worker thread times 1 0 1 0 0 0 0 0 0 0 0 0 0 0 0 0 0 0 0 0 0 0 0 0 0 0 0 0 0 0 0 0 0 0 0 0 0 0 0 0 0 0 0 0 0 0 1 0 0 0 0 0 0 0 0 0 0 0 0 0 0 0 0
-- 5 <30
-- worker thread times 3 1 0 0 1 1 0 1 0 0 0 0 0 0 0 0 0 0 0 0 2 0 0 0 0 0 0 0 0 2 2 2 0 1 0 0 0 1 0 0 0 0 0 2 0 0 2 3 0 1 1 0 0 0 0 0 0 0 2 2 0 0 0
-- 7 <29
-- worker thread times 3 7 1 2 5 3 3 2 6 5 2 2 1 1 2 4 2 3 1 4 4 4 1 1 1 1 3 0 0 2 3 3 6 4 1 0 1 0 7 3 3 1 6 5 2 3 3 1 4 4 1 6 3 1 7 2 4 4 1 1 2 2 7
-- 12 <28
-- worker thread times 16 8 12 9 5 8 5 8 7 6 12 10 10 13 11 5 10 10 12 14 11 9 8 5 10 14 9 15 13 6 12 10 11 9 8 12 13 8 14 12 10 7 11 8 13 8 4 10 7 6 9 8 12 10 9 12 8 10 9 7 7 9 8
-- 20 <27
-- worker thread times 41 38 42 40 36 42 38 34 35 41 36 38 36 41 40 35 38 36 40 33 36 39 42 40 31 34 33 37 37 34 37 36 36 37 29 31 40 44 33 41 35 28 31 42 44 38 33 39 30 36 40 37 32 45 36 36 41 45 38 43 35 41 45
-- 51 <26
-- worker thread times 145 143 147 145 146 141 149 149 140 144 148 146 136 141 151 145 149 142 142 146 146 152 141 144 132 151 154 133 150 145 131 142 145 150 145 149 150 146 152 142 143 143 150 137 150 141 152 143 155 139 140 140 136 142 145 143 151 152 146 147 139 153 154
-- 160 <25
-- worker thread times 441 444 446 437 447 445 435 442 438 442 446 450 449 452 444 443 441 444 447 452 447 445 448 442 451 438 442 438 447 449 445 437 447 438 450 445 427 443 448 447 438 444 435 439 449 444 443 450 444 440 439 440 438 444 445 437 450 448 448 438 436 446 453
-- 459 <24
-- worker thread times 1396 1389 1388 1390 1388 1382 1392 1392 1398 1375 1402 1388 1387 1389 1397 1387 1393 1398 1378 1391 1396 1391 1392 1394 1389 1391 1395 1394 1389 1387 1392 1401 1397 1397 1392 1400 1391 1396 1390 1398 1387 1388 1400 1387 1396 1400 1396 1392 1391 1396 1397 1393 1394 1391 1394 1399 1389 1392 1392 1392 1390 1399 1390
-- 1411 <23
-- worker thread times 4727 4727 4732 4713 4734 4716 4730 4718 4724 4733 4722 4725 4709 4721 4717 4723 4726 4720 4714 4734 4726 4735 4715 4725 4729 4729 4713 4726 4730 4736 4722 4730 4711 4727 4738 4730 4729 4736 4733 4728 4737 4723 4734 4721 4726 4730 4726 4730 4733 4728 4729 4725 4724 4719 4736 4732 4732 4729 4723 4713 4713 4733 4726
-- 4748 <22
-- worker thread times 16759 16759 16763 16758 16776 16769 16773 16764 16774 16768 16755 16738 16760 16759 16762 16764 16766 16759 16770 16753 16757 16765 16756 16762 16767 16757 16752 16762 16760 16764 16763 16764 16743 16767 16738 16750 16755 16770 16765 16760 16757 16761 16754 16757 16770 16752 16759 16748 16769 16762 16762 16767 16751 16766 16745 16753 16770 16761 16764 16757 16751 16758 16751
-- 16786 <21
-- worker thread times 2360 2360 2359 2359 2361 2360 2360 2360 2361 2352 2358 2361 2359 2359 2359 2358 2359 2360 2359 2359 2359 2361 2358 2361 2352 2357 2360 2361 2361 2359 2359 2358 2361 2359 2362 2358 2358 2361 2360 2361 2358 2359 2357 2359 2360 2361 2361 2362 2358 2354 2360 2359 2358 2360 2361 2358 2359 2358 2361 2361 2359 2358 2357
true 4636673
(0 -> -1) (1 -> -1) (2 -> 22) (3 -> 1) (4 -> 15) (5 -> 5) (6 -> -1) (7 -> -1) (8 -> -1) (9 -> 18) (10 -> 23) (11 -> 6) (12 -> -1) (13 -> 29) (14 -> 14) (15 -> 9) (16 -> 17) (17 -> 16) (18 -> 4) (19 -> -1) (20 -> 10) (21 -> 20) (22 -> -1) (23 -> -1) (24 -> 27) (25 -> 8) (26 -> 24) (27 -> -1) (28 -> 25) (29 -> 3) 
26032 5 7 12 20 51 160 459 1411 4748 16786 2366
EXCEPT=10 FAIL0=5 FAIL1=7 FAIL2=12 FAIL3=20 FAIL4=51 FAIL5=160 FAIL6=459 FAIL7=1411 FAIL8=4748 FAIL9=16786 SIZE=20 
