-- worker thread times 0 0 0 0 0 0 0 0 0 0 0 0 0 0 0 0 0 0 0 0 0 0 0 0 0 0 0 0 0 0 0 0 0 0 0 0 0 0 0 0 0 0 0 0 0 0 0 0 0 0 0 0 0 0 0 0 0 0 0 0 0 0 0
-- 5 <50
-- worker thread times 2 0 0 0 0 0 0 0 0 0 0 0 0 0 0 0 0 0 0 0 0 0 0 0 2 0 0 0 0 0 0 0 0 0 0 0 0 0 0 1 0 0 0 0 0 0 0 0 0 1 0 0 0 0 0 0 0 0 0 0 1 0 0
-- 7 <49
-- worker thread times 0 4 0 1 0 0 0 1 1 0 0 2 1 0 1 1 1 0 2 0 1 0 2 0 3 3 0 0 0 0 0 1 0 3 0 4 1 0 2 3 0 0 1 0 1 2 0 0 2 0 2 0 0 0 1 1 2 0 0 1 2 2 0
-- 9 <48
-- worker thread times 2 4 0 3 5 1 8 5 7 2 1 2 0 1 1 1 4 4 5 5 6 3 3 1 1 2 4 1 1 4 5 7 3 4 4 4 3 6 4 3 4 3 6 1 3 2 3 5 8 4 4 3 1 4 2 1 5 3 7 1 3 7 1
-- 14 <47
-- worker thread times 21 16 17 17 20 19 11 15 17 20 15 16 19 21 11 22 24 12 15 16 19 20 13 15 22 19 5 22 15 17 16 14 15 18 18 15 15 20 19 16 17 19 17 18 19 13 11 18 9 21 22 24 19 17 21 14 14 18 15 16 14 16 17
-- 31 <46
-- worker thread times 84 86 80 94 85 87 84 92 91 92 92 89 86 90 87 88 86 89 90 89 84 84 89 86 84 85 89 84 85 89 90 90 82 83 83 87 85 81 86 91 80 84 77 95 88 95 89 95 88 83 87 92 83 91 89 83 84 94 92 88 95 87 97
-- 103 <45
-- worker thread times 406 387 400 394 389 396 390 396 391 401 399 397 396 398 401 395 400 402 396 389 393 394 401 391 393 401 395 390 392 397 392 401 400 399 391 396 396 386 402 394 404 397 394 391 394 403 400 396 399 390 395 399 395 401 396 395 387 391 393 390 399 398 396
-- 412 <44
-- worker thread times 1841 1833 1835 1824 1839 1843 1842 1833 1832 1832 1838 1830 1842 1830 1828 1834 1837 1834 1842 1849 1842 1840 1829 1844 1848 1840 1841 1841 1834 1846 1845 1839 1842 1840 1839 1822 1834 1830 1838 1840 1834 1841 1837 1833 1832 1848 1837 1845 1837 1838 1832 1831 1846 1837 1838 1842 1830 1839 1838 1835 1835 1842 1841
-- 1856 <43
-- worker thread times 7694 7693 7685 7675 7694 7684 7692 7685 7684 7695 7687 7680 7689 7679 7694 7685 7687 7690 7692 7684 7685 7677 7686 7686 7692 7690 7676 7692 7681 7681 7692 7683 7702 7694 7686 7685 7674 7686 7688 7691 7695 7686 7690 7675 7691 7692 7696 7686 7696 7693 7680 7685 7696 7688 7692 7692 7681 7683 7694 7676 7679 7697 7701
-- 7711 <42
-- worker thread times 30096 30092 30090 30100 30107 30109 30096 30098 30106 30101 30109 30095 30106 30092 30098 30098 30104 30109 30108 30104 30087 30106 30111 30112 30101 30107 30102 30096 30097 30098 30095 30102 30102 30099 30095 30102 30108 30118 30098 30092 30109 30099 30103 30102 30106 30099 30099 30103 30109 30101 30094 30105 30112 30109 30102 30108 30109 30098 30089 30108 30110 30084 30113
-- 30127 <41
-- worker thread times 59720 59716 59712 59712 59713 59714 59717 59716 59718 59705 59716 59706 59711 59714 59710 59715 59714 59716 59715 59716 59714 59717 59711 59718 59716 59714 59717 59711 59709 59713 59716 59714 59711 59720 59712 59715 59717 59716 59717 59719 59719 59711 59718 59717 59714 59712 59709 59716 59716 59716 59712 59709 59716 59707 59719 59714 59717 59716 59711 59719 59705 59718 59704
-- 59726 <40
false 16562984 aborted

100006 5 7 9 14 31 103 412 1856 7711 30127 59726
FAIL0=5 FAIL1=7 FAIL10=59726 FAIL2=9 FAIL3=14 FAIL4=31 FAIL5=103 FAIL6=412 FAIL7=1856 FAIL8=7711 FAIL9=30127 
