-- worker thread times 1 0 0 0 0 0 0 0 0 0 0 0 0 0 0 0 0 0 0 0 0 0 0 0 0 0 0 0 0 0 0 0 0 0 0 0 0 0 0 0 0 0 0 0 0 0 0 0 0 0 0 0 0 0 0 0 0 0 0 0 0 0 0
-- 6 <35
-- worker thread times 0 2 0 0 0 0 0 0 0 0 0 0 0 0 0 0 0 0 0 0 0 0 0 0 0 0 0 0 0 0 0 0 0 1 0 0 0 1 1 0 0 0 0 2 1 0 0 0 1 0 0 0 0 0 0 0 0 0 0 0 1 0 0
-- 6 <34
-- worker thread times 0 0 2 4 1 0 2 2 1 0 2 1 3 2 0 1 3 2 5 0 4 4 5 0 5 2 1 4 0 2 2 0 3 2 2 0 4 2 3 0 3 5 2 2 2 2 5 3 4 5 1 5 4 5 4 3 1 3 0 4 0 3 4
-- 11 <33
-- worker thread times 21 20 18 18 18 17 20 20 13 16 21 16 18 20 17 20 11 18 16 15 12 17 18 17 12 22 19 15 13 18 16 15 18 22 16 13 15 18 13 18 20 21 11 19 19 17 15 17 18 23 17 18 20 12 18 23 22 12 13 18 18 15 17
-- 28 <32
-- worker thread times 110 103 104 109 112 107 99 109 110 106 108 108 104 103 99 109 106 103 106 105 102 107 106 110 104 110 103 100 110 106 105 110 110 106 104 103 112 111 102 105 108 105 100 112 97 111 110 106 109 101 113 109 109 106 109 95 111 106 102 109 112 107 114
-- 119 <31
-- worker thread times 706 703 694 699 693 699 694 692 699 704 701 704 697 702 698 700 695 695 702 701 690 704 692 703 692 703 704 695 701 698 694 702 699 699 697 698 706 687 697 704 699 693 696 700 693 691 699 695 699 694 699 687 703 704 700 702 687 691 689 707 694 702 707
-- 713 <30
-- worker thread times 3981 3978 3981 3974 3985 3983 3978 3983 3985 3976 3986 3977 3977 3991 3975 3978 3975 3984 3968 3977 3975 3984 3980 3981 3985 3981 3983 3982 3981 3977 3977 3982 3979 3979 3977 3982 3985 3975 3982 3984 3990 3977 3991 3987 3980 3986 3985 3979 3982 3982 3991 3981 3982 3984 3978 3980 3972 3968 3981 3989 3983 3975 3987
-- 3998 <29
-- worker thread times 24778 24768 24754 24757 24764 24772 24758 24764 24768 24756 24766 24770 24754 24763 24766 24759 24764 24777 24768 24776 24774 24775 24771 24760 24758 24765 24770 24761 24771 24771 24770 24762 24768 24761 24752 24764 24766 24769 24764 24774 24771 24770 24758 24747 24771 24764 24768 24756 24762 24770 24757 24757 24762 24766 24776 24768 24750 24764 24759 24780 24779 24762 24761
-- 24789 <28
-- worker thread times 41429 41429 41425 41423 41427 41423 41424 41421 41424 41425 41424 41424 41424 41422 41424 41420 41424 41426 41420 41426 41420 41428 41424 41423 41427 41425 41426 41427 41424 41428 41427 41425 41426 41421 41418 41422 41424 41425 41424 41425 41424 41427 41429 41425 41425 41425 41426 41422 41423 41425 41426 41415 41425 41426 41423 41425 41419 41425 41425 41426 41422 41422 41426
true 12555529
(0 -> -1) (1 -> 30) (2 -> -1) (3 -> 27) (4 -> 34) (5 -> 10) (6 -> 15) (7 -> -1) (8 -> 22) (9 -> 18) (10 -> 8) (11 -> -1) (12 -> -1) (13 -> 28) (14 -> 1) (15 -> 32) (16 -> 21) (17 -> -1) (18 -> 25) (19 -> 13) (20 -> 29) (21 -> -1) (22 -> 9) (23 -> 19) (24 -> 14) (25 -> 20) (26 -> 4) (27 -> 3) (28 -> 33) (29 -> 5) (30 -> 17) (31 -> 24) (32 -> -1) (33 -> 16) (34 -> 2) 
71110 6 6 11 28 119 713 3998 24789 41435
EXCEPT=8 FAIL0=6 FAIL1=6 FAIL2=11 FAIL3=28 FAIL4=119 FAIL5=713 FAIL6=3998 FAIL7=24789 SIZE=27 
