-- worker thread times 0 0 0 0 0 0 0 0 0 0 0 0 0 0 0 0 0 0 0 0 0 0 0 0 0 0 0 0 0 0 0 0 0 0 0 0 0 0 0 0 0 0 0 0 0 0 0 0 0 0 0 0 0 0 0 0 0 0 0 0 0 0 0
-- 6 <35
-- worker thread times 0 0 0 0 0 1 0 0 0 0 0 0 0 0 0 0 0 0 0 0 1 0 0 0 0 0 0 0 0 0 0 1 0 0 0 0 0 0 0 0 0 0 1 0 0 0 0 0 0 0 2 0 0 1 0 0 2 1 0 2 1 0 0
-- 8 <34
-- worker thread times 5 1 2 1 3 1 0 1 2 0 3 2 4 1 0 4 4 3 4 3 2 2 4 4 4 0 4 0 1 1 1 1 2 2 1 0 1 3 4 3 3 2 2 0 1 1 1 2 2 2 2 2 5 4 4 2 3 1 1 3 2 2 2
-- 11 <33
-- worker thread times 9 6 9 6 12 4 9 10 6 7 12 12 6 9 10 7 6 13 8 8 10 8 9 9 12 7 7 11 8 10 11 9 6 5 7 10 11 6 9 5 8 9 13 8 4 5 6 6 6 7 2 5 6 9 10 7 7 10 7 8 8 9 11
-- 19 <32
-- worker thread times 34 30 36 27 27 29 32 25 31 27 32 30 29 28 33 27 27 25 28 37 34 29 25 31 24 37 30 26 27 30 30 31 31 36 32 36 31 32 36 33 29 28 33 30 37 25 33 29 33 25 26 30 31 30 30 28 32 33 27 34 34 32 30
-- 44 <31
-- worker thread times 120 110 111 111 114 117 114 107 107 114 119 114 114 115 118 117 115 117 106 117 120 111 113 119 112 113 110 115 119 108 113 113 117 105 112 112 115 112 116 117 120 117 106 117 114 119 116 112 115 114 116 120 109 118 110 114 115 112 122 117 119 107 111
-- 129 <30
-- worker thread times 411 405 404 402 413 404 411 411 399 410 407 412 407 414 409 410 410 404 402 412 411 415 412 409 410 404 403 400 408 404 406 417 411 414 403 409 399 397 406 402 412 405 391 407 410 413 409 414 418 413 412 410 415 407 409 411 408 415 411 402 406 408 404
-- 428 <29
-- worker thread times 1299 1291 1295 1282 1297 1297 1283 1288 1285 1285 1299 1285 1296 1281 1292 1292 1298 1299 1279 1288 1299 1291 1293 1289 1289 1298 1291 1291 1295 1288 1299 1291 1288 1292 1292 1282 1296 1289 1284 1300 1281 1298 1284 1293 1284 1292 1299 1296 1288 1290 1290 1297 1296 1289 1298 1296 1282 1292 1302 1289 1293 1304 1291
-- 1313 <28
-- worker thread times 4232 4215 4229 4222 4233 4229 4227 4235 4233 4223 4234 4220 4229 4232 4224 4219 4226 4216 4220 4229 4226 4228 4227 4215 4226 4221 4232 4234 4216 4239 4221 4219 4234 4234 4229 4226 4222 4219 4226 4230 4220 4222 4212 4221 4233 4225 4221 4218 4227 4226 4226 4236 4230 4230 4225 4234 4232 4222 4232 4222 4226 4224 4239
-- 4251 <27
-- worker thread times 13379 13369 13375 13368 13377 13373 13370 13373 13369 13363 13374 13369 13374 13364 13372 13367 13366 13371 13363 13360 13360 13373 13363 13364 13370 13380 13369 13369 13376 13368 13358 13356 13374 13365 13362 13364 13369 13372 13369 13372 13359 13368 13368 13362 13363 13370 13374 13371 13373 13369 13368 13361 13358 13372 13360 13370 13370 13376 13359 13382 13373 13370 13365
-- 13395 <26
-- worker thread times 41977 41966 41978 41975 41975 41981 41979 41964 41975 41971 41988 41974 41980 41987 41975 41979 41992 41984 41976 41980 41975 41984 41985 41967 41990 41978 41980 41987 41975 41977 41976 41972 41985 41964 41977 41990 41980 41972 41973 41977 41986 41977 41986 41982 41989 41984 41981 41988 41986 41983 41962 41977 41983 41974 41986 41965 41983 41976 41984 41976 41961 41979 41984
-- 42004 <25
-- worker thread times 38380 38381 38385 38380 38381 38377 38378 38383 38382 38385 38383 38384 38385 38384 38380 38374 38371 38376 38374 38379 38381 38382 38376 38379 38370 38381 38384 38377 38385 38380 38382 38382 38381 38375 38378 38381 38382 38380 38384 38370 38373 38373 38379 38384 38381 38376 38376 38380 38381 38377 38379 38382 38372 38380 38381 38382 38374 38384 38382 38383 38380 38382 38382
-- 38392 <24
false 16539696 aborted

100007 6 8 11 19 44 129 428 1313 4251 13395 42004 38392
FAIL0=6 FAIL1=8 FAIL10=42004 FAIL11=38392 FAIL2=11 FAIL3=19 FAIL4=44 FAIL5=129 FAIL6=428 FAIL7=1313 FAIL8=4251 FAIL9=13395 
