-- worker thread times 0 0 0 0 0 0 0 0 0 0 0 0 0 0 0 0 0 0 0 0 0 0 0 0 0 0 0 0 0 0 0 0 0 0 0 0 0 0 0 0 0 0 0 0 0 0 0 0 0 0 0 0 0 0 0 0 0 0 0 0 0 0 0
-- 5 <20
-- worker thread times 0 0 0 0 0 0 0 1 0 0 0 0 0 0 0 0 0 0 0 0 0 0 0 0 0 0 0 0 0 0 0 0 0 0 0 0 0 0 0 0 0 0 0 0 0 0 0 0 0 0 0 0 0 0 0 0 0 0 0 2 0 0 0
-- 6 <19
-- worker thread times 0 0 0 0 0 0 0 0 0 1 0 0 0 0 0 0 1 0 0 0 0 0 0 1 0 0 1 0 0 1 2 0 1 0 0 2 0 0 1 0 0 0 0 1 0 1 0 2 0 2 0 2 2 0 0 0 0 0 0 1 0 0 2
-- 9 <18
-- worker thread times 4 3 2 1 1 1 1 2 5 2 5 2 2 0 3 2 1 2 6 0 3 1 3 4 5 4 5 0 5 3 1 4 0 2 3 3 3 5 4 3 1 0 2 6 2 2 3 1 5 4 5 0 1 1 1 4 4 2 0 4 1 1 6
-- 12 <17
-- worker thread times 10 8 12 9 10 14 14 15 7 8 9 11 13 15 10 14 16 9 8 9 8 8 14 10 15 10 16 7 13 10 11 14 10 13 6 11 14 15 6 17 9 14 7 12 16 16 7 7 11 11 11 8 12 15 11 16 7 10 6 12 9 7 17
-- 23 <16
-- worker thread times 44 34 37 39 44 47 42 45 38 34 46 45 32 43 42 38 39 36 39 36 37 45 34 39 40 40 39 43 41 43 34 40 40 48 42 37 39 37 37 31 45 47 41 45 36 38 44 43 40 37 39 40 42 42 43 43 42 38 43 42 43 47 45
-- 55 <15
-- worker thread times 153 146 148 140 134 147 145 142 136 134 144 151 147 149 137 141 146 150 132 141 143 145 145 141 149 142 133 147 136 141 149 140 144 145 144 141 146 142 140 147 142 149 143 150 147 140 150 145 138 141 147 148 146 146 140 141 148 139 139 146 132 146 143
-- 159 <14
-- worker thread times 397 409 397 400 408 399 406 406 405 407 408 412 406 405 397 409 406 409 406 399 410 412 416 404 401 405 388 407 411 404 399 409 404 401 406 407 409 403 404 411 408 413 400 408 394 401 413 391 393 410 410 407 396 409 411 414 414 404 412 392 395 407 403
-- 423 <13
-- worker thread times 922 924 926 926 933 926 932 929 926 932 935 926 928 932 932 933 933 936 934 927 918 926 928 936 929 929 926 931 923 927 926 927 922 925 929 933 934 923 936 933 927 928 929 934 936 937 931 925 929 924 929 931 929 929 924 935 926 928 930 929 927 932 932
true 254484
(0 -> -1) (1 -> 15) (2 -> 3) (3 -> 9) (4 -> -1) (5 -> -1) (6 -> 0) (7 -> -1) (8 -> 18) (9 -> -1) (10 -> 10) (11 -> 2) (12 -> -1) (13 -> 13) (14 -> -1) (15 -> 5) (16 -> 14) (17 -> 17) (18 -> 19) (19 -> -1) 
1642 5 6 9 12 23 55 159 423 945
EXCEPT=8 FAIL0=5 FAIL1=6 FAIL2=9 FAIL3=12 FAIL4=23 FAIL5=55 FAIL6=159 FAIL7=423 SIZE=12 
