-- worker thread times 0 0 0 0 0 0 0 0 0 0 0 0 0 0 0 0 0 0 0 0 0 0 0 0 0 0 0 0 0 0 0 0 0 0 0 0 0 0 0 0 0 0 0 0 0 0 0 0 0 0 0 0 0 0 0 0 0 0 0 0 0 0 0
-- 4 <40
-- worker thread times 0 0 0 0 0 0 0 0 0 0 0 0 0 0 0 0 0 0 0 0 0 0 0 0 0 0 0 0 0 0 0 0 0 0 0 0 0 0 0 0 0 0 0 0 0 0 0 0 0 0 0 0 0 0 0 0 0 0 0 0 0 0 0
-- 5 <39
-- worker thread times 0 0 0 2 0 0 0 1 0 1 0 0 0 1 1 1 0 0 0 0 0 0 0 0 1 0 0 0 2 1 0 3 0 1 0 0 0 0 2 0 0 0 0 0 0 1 1 0 0 1 0 0 2 1 2 1 0 3 0 0 0 0 0
-- 8 <38
-- worker thread times 4 8 4 7 4 5 2 5 7 2 5 7 5 3 2 4 3 4 3 2 9 5 3 3 4 3 7 9 3 1 4 5 9 7 3 7 2 5 3 3 4 4 6 0 3 3 1 2 5 7 6 6 9 9 2 4 9 7 6 5 7 8 3
-- 14 <37
-- worker thread times 28 26 22 25 26 25 22 25 22 25 25 30 24 24 27 25 30 24 28 22 22 28 25 27 24 27 26 26 28 25 19 28 21 22 31 26 28 22 19 24 21 32 28 25 25 24 29 26 30 26 28 26 28 24 25 30 28 29 26 27 24 20 23
-- 37 <36
-- worker thread times 106 94 101 95 98 96 104 98 100 101 101 102 102 98 100 100 103 97 96 100 102 104 99 99 94 100 99 95 99 94 101 94 102 100 100 101 96 89 104 100 97 103 101 100 96 98 101 100 102 98 95 96 104 98 99 105 96 93 97 91 97 105 102
-- 115 <35
-- worker thread times 336 338 326 333 340 339 333 341 332 342 339 338 325 335 342 322 326 331 337 340 334 340 337 339 335 338 339 341 345 325 341 339 346 343 337 338 340 340 344 338 331 344 340 340 333 345 341 343 336 333 339 339 333 338 343 338 337 334 340 340 340 339 345
-- 355 <34
-- worker thread times 1229 1225 1228 1218 1225 1226 1233 1238 1236 1236 1239 1244 1233 1236 1228 1236 1240 1238 1236 1243 1230 1228 1245 1244 1246 1236 1241 1240 1229 1228 1237 1231 1231 1235 1231 1230 1232 1226 1222 1226 1240 1239 1244 1225 1243 1231 1233 1238 1242 1242 1242 1235 1235 1237 1242 1241 1232 1239 1235 1229 1230 1230 1226
-- 1254 <33
-- worker thread times 4117 4100 4100 4102 4114 4112 4111 4103 4107 4115 4101 4088 4102 4112 4105 4108 4102 4102 4103 4110 4105 4104 4103 4113 4105 4105 4112 4109 4108 4101 4110 4107 4115 4103 4106 4104 4109 4111 4108 4120 4108 4094 4096 4112 4109 4108 4108 4106 4108 4092 4099 4109 4109 4110 4106 4112 4108 4101 4104 4107 4117 4104 4112
-- 4128 <32
-- worker thread times 13744 13747 13724 13741 13734 13739 13737 13737 13733 13732 13736 13745 13744 13733 13747 13745 13738 13747 13737 13735 13739 13736 13751 13726 13739 13741 13733 13734 13732 13735 13738 13738 13734 13732 13734 13744 13733 13738 13738 13749 13732 13727 13734 13745 13731 13736 13729 13727 13743 13730 13749 13740 13733 13744 13741 13745 13733 13741 13747 13749 13732 13736 13743
-- 13761 <31
-- worker thread times 43207 43202 43193 43200 43196 43196 43209 43208 43199 43200 43204 43195 43198 43201 43205 43202 43200 43205 43204 43207 43203 43197 43205 43203 43192 43193 43202 43196 43204 43197 43206 43200 43193 43200 43202 43207 43197 43179 43211 43196 43204 43201 43202 43198 43199 43194 43197 43190 43200 43192 43195 43202 43203 43211 43205 43204 43188 43197 43196 43204 43197 43207 43203
-- 43225 <30
-- worker thread times 37090 37088 37089 37087 37090 37082 37082 37086 37083 37089 37085 37075 37080 37089 37079 37088 37081 37090 37089 37086 37088 37086 37088 37086 37085 37085 37079 37078 37086 37079 37086 37085 37087 37081 37079 37087 37083 37084 37088 37080 37085 37088 37087 37084 37083 37084 37089 37089 37087 37089 37077 37088 37081 37083 37084 37078 37088 37089 37082 37088 37086 37082 37083
-- 37096 <29
false 16602457 aborted

100007 4 5 8 14 37 115 355 1254 4128 13761 43225 37096
FAIL0=4 FAIL1=5 FAIL10=43225 FAIL11=37096 FAIL2=8 FAIL3=14 FAIL4=37 FAIL5=115 FAIL6=355 FAIL7=1254 FAIL8=4128 FAIL9=13761 
