-- worker thread times 0 0 0 0 0 0 0 0 0 0 0 0 0 0 0 0 0 0 0 0 0 0 0 0 0 0 0 0 0 0 0 0 0 0 0 0 0 0 0 0 0 0 0 0 0 0 0 0 0 0 0 0 0 0 0 0 0 0 0 0 0 0 0
-- 5 <40
-- worker thread times 0 0 0 0 1 0 0 0 0 0 0 0 0 0 0 0 0 0 0 0 0 0 0 0 1 1 0 0 0 0 0 1 1 0 0 0 0 0 0 0 0 0 0 0 0 0 0 0 0 0 0 0 0 0 0 0 1 1 0 0 0 0 0
-- 7 <39
-- worker thread times 2 0 3 3 2 1 0 0 3 1 0 0 0 0 2 3 0 0 2 1 0 4 1 0 1 3 4 0 0 0 2 3 1 3 1 0 0 1 1 1 0 0 0 0 1 0 2 2 1 0 0 0 0 0 0 2 3 0 0 3 2 0 4
-- 9 <38
-- worker thread times 11 12 11 5 6 10 10 4 7 11 6 4 8 6 8 4 8 8 6 4 8 9 10 5 8 5 10 6 11 10 9 8 8 3 11 9 8 7 5 3 8 8 9 9 10 5 10 8 9 6 4 3 10 6 5 8 5 9 6 3 5 8 10
-- 18 <37
-- worker thread times 46 50 49 52 50 49 48 41 47 50 49 51 52 46 52 47 44 45 49 48 53 44 48 50 30 48 44 51 49 46 47 48 48 47 51 46 47 50 48 52 49 45 40 42 45 40 46 47 47 48 45 50 47 46 45 52 50 42 43 41 51 44 40
-- 58 <36
-- worker thread times 259 256 253 256 263 247 254 251 256 253 263 252 256 256 253 256 255 255 248 245 248 256 257 254 259 256 249 258 254 256 249 246 256 262 257 252 251 259 255 244 260 255 260 261 249 260 256 259 250 253 260 260 257 255 257 256 256 251 250 256 255 250 257
-- 269 <35
-- worker thread times 1249 1261 1251 1247 1247 1250 1246 1254 1254 1254 1255 1244 1244 1241 1250 1258 1255 1250 1246 1250 1258 1253 1258 1250 1257 1244 1238 1258 1261 1257 1250 1252 1248 1252 1253 1242 1254 1262 1248 1254 1256 1256 1259 1253 1254 1256 1256 1243 1252 1246 1252 1255 1261 1245 1244 1259 1257 1253 1249 1245 1255 1259 1262
-- 1269 <34
-- worker thread times 5559 5547 5558 5554 5553 5554 5557 5550 5550 5559 5553 5559 5550 5563 5554 5551 5552 5552 5543 5551 5550 5554 5543 5554 5544 5555 5553 5551 5549 5558 5550 5553 5551 5560 5551 5554 5550 5553 5554 5560 5552 5551 5559 5548 5557 5555 5550 5548 5557 5561 5555 5540 5556 5553 5561 5531 5559 5557 5554 5552 5544 5533 5549
-- 5571 <33
-- worker thread times 23477 23485 23475 23474 23475 23470 23474 23479 23480 23483 23484 23476 23471 23474 23465 23479 23490 23474 23478 23468 23475 23478 23473 23475 23480 23478 23477 23484 23475 23480 23468 23483 23475 23478 23480 23468 23478 23477 23480 23479 23479 23477 23473 23478 23470 23481 23487 23478 23481 23469 23467 23480 23475 23475 23471 23484 23487 23479 23482 23481 23461 23479 23482
-- 23498 <32
-- worker thread times 69281 69280 69281 69287 69276 69290 69288 69288 69289 69289 69286 69289 69282 69284 69286 69280 69285 69282 69288 69281 69275 69284 69288 69289 69287 69290 69288 69285 69285 69288 69279 69289 69290 69287 69291 69282 69281 69287 69283 69286 69288 69287 69289 69282 69287 69287 69285 69287 69290 69292 69283 69289 69288 69289 69290 69287 69292 69286 69289 69271 69291 69290 69290
-- 69299 <31
false 16640047 aborted

100007 5 7 9 18 58 269 1269 5571 23498 69299
FAIL0=5 FAIL1=7 FAIL2=9 FAIL3=18 FAIL4=58 FAIL5=269 FAIL6=1269 FAIL7=5571 FAIL8=23498 FAIL9=69299 
