-- worker thread times 0 0 0 0 0 0 0 0 0 0 0 0 0 0 0 0 0 0 0 0 0 0 0 0 0 0 0 0 0 0 0 0 0 0 0 0 0 0 0 0 0 0 0 0 0 0 0 0 0 1 0 0 0 0 0 0 0 0 0 0 0 0 0
-- 7 <35
-- worker thread times 0 0 0 0 0 0 0 0 0 0 0 0 0 0 0 0 0 0 0 0 0 0 0 0 0 0 0 0 0 0 0 0 0 0 0 0 0 0 0 0 0 0 0 0 0 0 0 0 0 0 0 0 0 0 0 0 0 0 0 0 0 0 0
-- 7 <34
-- worker thread times 3 1 0 0 0 2 0 0 0 0 1 0 1 0 0 1 0 0 2 0 2 1 1 1 1 0 0 0 1 0 0 0 2 0 0 0 0 0 0 1 0 2 0 0 1 0 0 2 2 2 1 0 0 0 0 1 2 1 1 0 1 0 0
-- 10 <33
-- worker thread times 13 7 11 10 9 10 5 9 7 7 11 8 6 6 9 10 11 11 3 6 10 11 9 4 7 10 12 4 10 6 6 8 5 3 6 8 10 7 12 7 7 8 9 7 9 10 9 4 5 6 9 10 8 10 5 11 5 1 12 6 8 10 4
-- 19 <32
-- worker thread times 30 36 31 35 32 32 32 28 29 33 30 32 26 33 34 28 30 32 30 30 31 25 25 30 26 29 33 31 31 34 27 35 26 33 28 31 31 26 28 26 25 26 31 28 34 28 28 33 31 25 33 36 27 34 36 29 31 35 35 33 28 33 30
-- 43 <31
-- worker thread times 94 97 94 93 93 97 84 85 95 93 101 97 96 84 88 93 90 85 96 85 93 92 93 97 98 88 92 97 89 96 90 84 101 99 97 90 95 93 89 84 93 94 92 96 85 98 87 91 95 89 86 97 95 88 88 97 100 96 98 89 88 98 92
-- 110 <30
-- worker thread times 256 243 240 249 236 252 248 245 246 248 245 251 246 253 238 255 254 258 252 255 245 247 246 244 247 249 252 247 246 244 251 249 254 251 257 244 241 253 244 257 255 241 251 249 256 245 247 251 255 252 244 239 253 250 244 245 248 252 238 253 244 255 236
-- 267 <29
-- worker thread times 620 634 631 625 627 622 634 637 615 634 622 628 600 638 628 636 641 633 637 635 615 640 632 636 635 636 638 635 627 633 629 633 628 638 624 634 631 626 629 636 626 631 636 630 624 617 635 632 638 628 626 633 629 626 638 618 632 638 629 636 628 632 639
-- 652 <28
-- worker thread times 1478 1460 1469 1459 1475 1454 1481 1464 1470 1487 1473 1468 1470 1476 1466 1456 1460 1473 1472 1475 1469 1475 1471 1478 1472 1468 1477 1463 1461 1467 1474 1460 1467 1460 1482 1469 1467 1472 1468 1476 1472 1461 1477 1479 1450 1473 1474 1471 1472 1477 1476 1479 1468 1475 1478 1470 1472 1469 1478 1478 1474 1483 1471
-- 1495 <27
-- worker thread times 3368 3360 3364 3371 3382 3361 3360 3383 3376 3373 3371 3376 3372 3362 3373 3362 3377 3369 3378 3380 3380 3364 3365 3349 3377 3372 3377 3361 3367 3369 3363 3371 3375 3382 3353 3367 3375 3370 3364 3352 3372 3359 3368 3372 3364 3380 3369 3361 3374 3368 3363 3362 3379 3365 3357 3372 3365 3375 3373 3350 3358 3368 3367
-- 3398 <26
-- worker thread times 8201 8197 8195 8185 8199 8197 8202 8189 8202 8191 8186 8174 8193 8174 8190 8198 8197 8199 8187 8208 8177 8204 8189 8193 8194 8205 8211 8186 8192 8199 8191 8203 8204 8186 8199 8191 8180 8196 8185 8177 8209 8193 8183 8190 8187 8203 8194 8181 8200 8195 8181 8180 8188 8179 8197 8182 8209 8195 8200 8199 8194 8194 8207
-- 8224 <25
-- worker thread times 19258 19242 19228 19244 19234 19250 19245 19242 19219 19237 19249 19224 19225 19239 19240 19248 19245 19237 19237 19245 19247 19245 19246 19247 19238 19237 19243 19231 19252 19239 19242 19231 19221 19250 19242 19244 19240 19237 19224 19247 19248 19235 19238 19238 19239 19235 19249 19216 19240 19246 19233 19246 19239 19242 19231 19233 19244 19231 19231 19242 19246 19247 19239
-- 19273 <24
-- worker thread times 45622 45632 45627 45621 45621 45642 45641 45628 45623 45630 45631 45622 45619 45639 45613 45624 45624 45624 45623 45626 45633 45635 45624 45629 45635 45642 45638 45619 45628 45630 45626 45634 45612 45625 45618 45607 45621 45640 45604 45636 45624 45632 45625 45619 45637 45646 45621 45637 45642 45629 45638 45631 45637 45623 45625 45636 45627 45607 45628 45627 45636 45629 45629
-- 45664 <23
-- worker thread times 20814 20818 20818 20821 20819 20820 20817 20816 20819 20821 20819 20818 20807 20815 20815 20818 20818 20820 20809 20819 20818 20816 20820 20806 20821 20818 20817 20821 20816 20814 20819 20818 20814 20818 20807 20818 20805 20818 20820 20820 20819 20820 20818 20819 20818 20818 20813 20813 20817 20817 20819 20821 20806 20815 20805 20818 20818 20818 20821 20819 20822 20817 20813
-- 20830 <22
false 17598694 aborted

100007 7 7 10 19 43 110 267 652 1495 3398 8224 19273 45664 20830
FAIL0=7 FAIL1=7 FAIL10=8224 FAIL11=19273 FAIL12=45664 FAIL13=20830 FAIL2=10 FAIL3=19 FAIL4=43 FAIL5=110 FAIL6=267 FAIL7=652 FAIL8=1495 FAIL9=3398 
