-- worker thread times 0 0 0 0 0 0 0 0 0 0 0 0 0 0 0 0 0 0 0 0 0 0 0 0 0 0 0 0 0 0 0 0 0 0 0 0 0 0 0 0 0 0 0 0 0 0 0 0 0 0 0 0 0 0 0 0 0 0 0 0 0 0 0
-- 6 <50
-- worker thread times 2 0 0 1 0 0 0 0 0 0 0 0 0 0 0 0 0 0 1 1 0 0 0 0 0 0 1 0 0 0 0 0 0 0 0 0 0 0 0 2 0 0 0 0 0 0 0 1 0 2 0 0 0 0 0 0 0 0 0 0 0 1 0
-- 7 <49
-- worker thread times 0 0 1 1 0 1 0 3 4 0 0 0 5 2 1 0 0 1 3 2 2 1 0 1 5 1 2 2 0 4 0 4 2 0 0 0 0 4 1 4 2 3 0 1 5 4 1 1 0 0 0 5 2 4 3 1 2 1 0 0 1 3 0
-- 11 <48
-- worker thread times 9 13 6 4 7 2 0 3 1 10 8 3 4 11 4 8 6 6 10 5 6 2 12 9 4 3 4 2 12 4 8 6 1 5 6 4 1 1 9 4 3 2 5 4 4 4 5 3 2 1 7 9 8 7 5 5 10 4 12 5 3 0 0
-- 19 <47
-- worker thread times 18 28 25 21 20 23 18 23 24 24 19 28 23 27 23 20 26 23 23 26 25 23 24 22 25 19 21 22 25 18 21 25 22 26 26 18 21 25 15 21 26 27 18 20 29 21 20 21 22 24 19 19 28 19 22 20 17 25 26 23 20 23 29
-- 35 <46
-- worker thread times 67 69 70 63 71 73 75 76 76 65 68 75 67 62 65 69 68 72 72 68 70 77 78 67 73 66 72 77 67 68 68 76 72 64 67 72 67 69 67 72 66 69 71 77 65 75 72 69 68 69 74 72 67 66 70 62 68 69 64 75 69 74 72
-- 84 <45
-- worker thread times 223 214 218 220 211 220 220 219 223 219 207 220 227 206 220 224 217 222 221 217 223 212 219 216 217 208 210 219 217 215 217 224 214 217 221 226 217 220 207 215 225 214 213 221 215 213 209 222 218 218 213 217 208 217 214 211 206 216 217 217 221 212 220
-- 234 <44
-- worker thread times 624 607 610 614 619 614 621 621 609 615 609 617 609 621 621 611 618 618 610 614 604 611 621 609 619 611 609 598 618 604 617 620 618 618 621 614 619 620 624 618 611 621 609 615 619 603 590 624 614 618 621 621 617 609 618 618 620 608 616 608 616 606 618
-- 634 <43
-- worker thread times 1629 1634 1635 1632 1643 1626 1631 1636 1622 1637 1627 1625 1633 1612 1641 1640 1631 1628 1640 1639 1628 1631 1633 1632 1630 1619 1619 1622 1631 1632 1628 1640 1627 1625 1639 1631 1639 1627 1634 1639 1639 1637 1635 1632 1628 1631 1634 1633 1638 1631 1631 1608 1641 1621 1628 1633 1631 1639 1630 1635 1632 1628 1635
-- 1654 <42
-- worker thread times 4208 4202 4201 4206 4219 4197 4183 4206 4188 4211 4189 4201 4194 4213 4209 4196 4197 4200 4198 4202 4203 4206 4203 4215 4210 4190 4202 4201 4200 4206 4213 4211 4218 4207 4203 4196 4206 4195 4214 4212 4206 4218 4193 4197 4206 4209 4195 4209 4201 4211 4208 4200 4208 4206 4204 4209 4211 4212 4198 4203 4203 4217 4193
-- 4228 <41
-- worker thread times 10911 10884 10891 10899 10895 10896 10901 10901 10894 10887 10894 10886 10889 10896 10899 10899 10905 10900 10876 10892 10900 10882 10890 10883 10895 10879 10903 10888 10890 10894 10884 10897 10900 10891 10896 10886 10890 10881 10890 10885 10900 10888 10907 10902 10904 10907 10895 10886 10895 10891 10904 10892 10882 10899 10899 10897 10897 10878 10899 10895 10900 10897 10900
-- 10922 <40
-- worker thread times 28168 28143 28165 28155 28168 28158 28171 28159 28174 28163 28177 28149 28164 28155 28168 28175 28165 28173 28161 28165 28169 28145 28165 28169 28158 28166 28171 28153 28168 28168 28141 28168 28161 28150 28170 28173 28155 28169 28171 28166 28167 28172 28158 28168 28161 28171 28162 28167 28168 28149 28164 28177 28175 28175 28166 28176 28163 28168 28174 28160 28176 28155 28159
-- 28197 <39
-- worker thread times 53957 53956 53946 53954 53955 53959 53950 53951 53951 53950 53945 53951 53948 53958 53959 53943 53948 53945 53945 53959 53949 53956 53959 53950 53948 53955 53950 53958 53957 53952 53953 53951 53953 53950 53951 53955 53951 53960 53952 53951 53953 53946 53956 53948 53946 53955 53954 53957 53955 53957 53956 53955 53941 53951 53961 53941 53949 53951 53951 53957 53948 53939 53959
-- 53969 <38
false 16835480 aborted

100007 6 7 11 19 35 84 234 634 1654 4228 10922 28197 53969
FAIL0=6 FAIL1=7 FAIL10=10922 FAIL11=28197 FAIL12=53969 FAIL2=11 FAIL3=19 FAIL4=35 FAIL5=84 FAIL6=234 FAIL7=634 FAIL8=1654 FAIL9=4228 
