-- worker thread times 0 0 0 0 0 0 0 0 0 0 0 0 0 0 0 0 0 0 0 0 0 0 0 0 0 0 0 0 0 0 0 0 0 0 0 0 0 0 0 0 0 0 0 0 0 0 0 0 0 0 0 0 0 0 0 0 0 0 0 0 0 0 0
-- 5 <25
-- worker thread times 0 0 0 1 0 0 0 0 0 0 1 0 0 0 0 0 0 0 0 0 0 0 0 0 0 0 0 0 0 0 0 0 0 0 0 1 0 0 0 0 0 0 0 0 0 0 0 1 0 0 0 0 1 0 0 0 0 0 1 0 0 0 0
-- 6 <24
-- worker thread times 0 0 0 0 0 0 1 1 0 0 2 0 0 3 0 2 3 1 0 0 2 0 0 0 0 0 2 0 0 0 0 0 0 0 0 0 3 0 0 1 0 0 0 3 0 0 3 2 0 0 0 0 1 3 2 0 0 1 2 3 0 2 0
-- 7 <23
-- worker thread times 4 2 5 2 8 3 5 1 6 3 1 3 6 8 1 1 2 1 4 1 7 5 1 3 4 3 4 6 7 7 6 1 2 4 4 5 1 3 2 7 6 2 1 0 4 3 6 5 0 7 1 6 2 1 4 7 1 6 2 4 1 4 8
-- 12 <22
-- worker thread times 18 13 17 12 19 18 21 18 13 16 14 19 19 14 12 19 17 10 15 19 12 17 13 14 19 8 13 17 16 11 13 13 8 15 21 19 19 19 13 17 14 17 16 20 13 13 17 16 15 16 14 16 13 14 13 10 14 15 10 18 16 15 17
-- 26 <21
-- worker thread times 60 65 68 54 61 67 65 68 55 66 49 60 59 66 67 59 54 58 65 64 65 63 68 64 62 68 59 60 60 69 58 62 64 58 58 64 66 61 67 62 60 61 61 62 66 64 65 59 65 54 61 55 58 64 66 65 51 65 54 62 51 65 62
-- 75 <20
-- worker thread times 182 178 185 188 187 190 177 181 185 181 185 176 179 188 177 173 177 173 188 186 179 179 183 182 178 189 183 179 179 178 186 184 184 180 184 178 187 176 189 184 176 186 185 183 171 182 185 174 184 185 180 177 174 180 181 191 186 178 189 180 183 186 182
-- 198 <19
-- worker thread times 487 483 481 493 490 485 483 489 482 485 484 481 494 489 480 496 486 481 484 485 490 473 492 484 477 484 487 494 470 488 484 478 488 489 488 481 487 483 491 491 492 490 485 481 489 490 483 489 492 483 493 486 490 490 487 490 487 486 488 485 496 482 479
-- 504 <18
-- worker thread times 1177 1178 1179 1185 1181 1178 1183 1183 1184 1171 1174 1189 1176 1181 1183 1185 1176 1181 1164 1191 1164 1180 1174 1169 1179 1167 1165 1180 1184 1181 1179 1181 1185 1178 1175 1188 1182 1177 1185 1177 1185 1179 1178 1183 1181 1184 1179 1175 1173 1178 1159 1171 1186 1175 1172 1180 1187 1176 1171 1174 1177 1173 1181
-- 1200 <17
-- worker thread times 2750 2754 2741 2731 2752 2750 2752 2751 2745 2757 2746 2762 2747 2758 2753 2732 2744 2749 2756 2754 2745 2732 2742 2754 2752 2760 2744 2757 2747 2750 2750 2751 2749 2760 2749 2739 2753 2741 2745 2760 2749 2747 2753 2754 2743 2748 2748 2751 2761 2749 2751 2753 2758 2753 2742 2731 2740 2750 2744 2758 2753 2740 2752
-- 2774 <16
-- worker thread times 7220 7212 7215 7213 7214 7226 7214 7227 7231 7216 7219 7215 7230 7217 7218 7212 7222 7219 7220 7218 7215 7219 7196 7231 7234 7224 7214 7221 7220 7228 7225 7220 7209 7216 7219 7228 7223 7216 7218 7213 7211 7226 7222 7201 7214 7230 7227 7226 7218 7233 7219 7220 7213 7232 7219 7219 7213 7224 7210 7232 7222 7231 7243
-- 7248 <15
-- worker thread times 13851 13842 13858 13836 13845 13856 13849 13842 13848 13848 13845 13846 13846 13834 13838 13860 13860 13831 13836 13836 13847 13850 13854 13845 13856 13842 13847 13833 13851 13836 13844 13853 13840 13846 13853 13854 13842 13847 13853 13860 13832 13844 13850 13847 13854 13846 13829 13844 13847 13844 13840 13856 13855 13844 13843 13845 13847 13852 13848 13854 13840 13846 13850
-- 13875 <14
-- worker thread times 1078 1077 1077 1077 1069 1070 1074 1062 1069 1074 1077 1076 1073 1070 1071 1075 1075 1074 1075 1073 1074 1076 1074 1074 1074 1076 1077 1075 1075 1072 1075 1077 1077 1074 1074 1077 1066 1078 1075 1077 1074 1073 1074 1076 1075 1072 1076 1074 1075 1077 1074 1075 1077 1074 1077 1077 1069 1076 1070 1075 1071 1077 1069
true 4589522
(0 -> 20) (1 -> 2) (2 -> -1) (3 -> 21) (4 -> 7) (5 -> 16) (6 -> -1) (7 -> 11) (8 -> -1) (9 -> -1) (10 -> -1) (11 -> 0) (12 -> -1) (13 -> -1) (14 -> -1) (15 -> -1) (16 -> 24) (17 -> 14) (18 -> -1) (19 -> 13) (20 -> -1) (21 -> 23) (22 -> 19) (23 -> 4) (24 -> -1) 
27020 5 6 7 12 26 75 198 504 1200 2774 7248 13875 1083
EXCEPT=12 FAIL0=5 FAIL1=6 FAIL10=7248 FAIL11=13875 FAIL2=7 FAIL3=12 FAIL4=26 FAIL5=75 FAIL6=198 FAIL7=504 FAIL8=1200 FAIL9=2774 SIZE=13 
