-- worker thread times 0 0 0 0 0 0 0 0 0 0 0 0 0 0 0 0 0 0 0 0 0 0 0 0 0 0 0 0 0 0 0 0 0 0 0 0 0 0 0 0 0 0 0 0 0 0 0 1 0 0 0 0 0 0 0 0 0 0 0 0 0 0 0
-- 5 <25
-- worker thread times 1 0 0 0 0 0 0 0 1 0 0 0 0 0 0 2 0 0 0 0 0 1 0 0 0 0 0 1 0 0 0 1 0 0 0 1 0 0 0 1 0 0 0 0 0 0 0 1 0 0 0 0 0 0 0 0 0 0 0 1 0 0 0
-- 6 <24
-- worker thread times 4 0 3 0 3 2 0 1 1 3 0 0 0 3 1 1 3 1 0 0 0 2 2 2 0 4 3 2 1 0 0 0 2 0 4 0 1 1 0 0 1 1 0 2 2 3 2 1 1 3 1 2 2 0 0 0 0 4 2 2 2 4 0
-- 9 <23
-- worker thread times 9 9 9 8 5 5 2 8 7 6 8 4 4 1 6 3 2 5 4 4 7 7 2 2 5 3 4 8 3 4 6 8 8 3 8 7 5 7 5 9 1 5 5 6 6 6 5 7 6 3 5 3 4 5 9 8 7 4 5 1 8 6 4
-- 14 <22
-- worker thread times 26 25 24 23 24 22 20 25 18 23 22 19 22 24 23 20 15 21 22 21 25 16 20 20 23 23 23 25 28 26 25 21 22 23 19 24 24 15 26 22 21 19 23 24 25 21 22 26 20 22 24 16 16 19 23 22 27 26 21 19 21 18 17
-- 32 <21
-- worker thread times 71 63 65 62 65 71 70 71 70 66 71 64 70 71 71 76 76 65 72 74 75 71 73 67 73 71 68 73 68 67 72 70 73 74 69 71 68 69 74 68 75 70 70 68 68 63 71 70 76 73 69 72 75 66 72 69 76 75 69 69 68 70 77
-- 84 <20
-- worker thread times 206 212 210 205 204 206 200 196 201 212 210 211 203 209 204 210 204 204 205 206 210 207 206 198 203 209 210 212 195 211 205 197 209 210 207 212 198 209 203 212 212 206 212 205 206 209 212 206 210 209 200 213 208 214 204 214 206 193 209 206 205 205 206
-- 221 <19
-- worker thread times 623 626 613 612 624 616 625 624 616 619 614 621 613 610 618 623 615 621 622 613 625 619 623 619 618 617 604 626 627 622 617 617 627 616 613 622 627 616 609 620 619 625 622 626 611 627 610 621 620 622 615 624 622 610 616 616 622 613 610 618 622 604 625
-- 637 <18
-- worker thread times 1831 1838 1844 1838 1833 1840 1839 1846 1846 1850 1842 1839 1836 1844 1840 1841 1823 1839 1845 1837 1832 1839 1829 1830 1832 1828 1836 1848 1839 1838 1836 1822 1847 1842 1844 1839 1845 1842 1830 1849 1842 1841 1852 1835 1838 1841 1841 1846 1828 1825 1849 1840 1834 1833 1845 1840 1843 1842 1837 1847 1845 1843 1855
-- 1860 <17
-- worker thread times 2994 2988 2995 2993 2995 2990 2985 2992 2994 2992 2976 2994 2992 2985 2992 2987 2994 2977 2985 2985 2996 2983 2995 2995 2989 2985 2993 2994 2986 2987 2994 2994 2983 2989 2993 2994 2987 2992 2992 2982 2988 2992 2993 2995 2993 2991 2993 2983 2994 2993 2980 2994 2990 2991 2995 2992 2988 2982 2990 2980 2991 2989 2993
true 888436
(0 -> 14) (1 -> 4) (2 -> 15) (3 -> 8) (4 -> -1) (5 -> 20) (6 -> 16) (7 -> 11) (8 -> -1) (9 -> 9) (10 -> 17) (11 -> 1) (12 -> -1) (13 -> 2) (14 -> -1) (15 -> 13) (16 -> -1) (17 -> 18) (18 -> -1) (19 -> -1) (20 -> -1) (21 -> -1) (22 -> 12) (23 -> 3) (24 -> 22) 
5873 5 6 9 14 32 84 221 637 1860 3000
EXCEPT=9 FAIL0=5 FAIL1=6 FAIL2=9 FAIL3=14 FAIL4=32 FAIL5=84 FAIL6=221 FAIL7=637 FAIL8=1860 SIZE=16 
