-- worker thread times 0 0 0 0 0 0 0 0 0 0 0 0 0 0 0 0 0 0 0 0 0 0 0 0 0 0 0 0 0 0 0 0 0 0 0 0 0 0 0 0 0 0 0 0 0 0 0 0 0 0 0 0 0 0 0 0 0 0 0 0 0 0 0
-- 4 <50
-- worker thread times 0 1 0 0 0 0 0 0 0 0 0 0 0 0 0 0 0 0 0 0 0 0 0 0 0 0 0 0 0 0 0 0 0 0 0 0 0 0 0 0 0 0 0 0 0 0 0 0 0 0 0 1 0 0 0 0 0 0 0 0 0 0 0
-- 7 <49
-- worker thread times 1 6 2 0 1 1 3 0 3 1 0 2 0 0 0 2 0 4 2 0 3 3 2 1 0 5 3 3 6 2 0 2 5 4 0 6 3 1 0 3 2 1 2 0 2 6 1 1 1 4 2 0 0 1 1 2 0 3 2 0 1 0 0
-- 11 <48
-- worker thread times 13 17 16 12 9 19 13 12 11 12 11 17 16 15 12 13 11 14 15 15 9 13 9 14 13 9 15 14 16 11 15 10 11 8 5 18 10 12 12 11 19 12 13 18 7 11 10 19 9 13 11 9 17 11 8 10 9 12 13 9 15 11 19
-- 25 <47
-- worker thread times 93 88 83 82 85 81 74 77 85 86 81 88 89 78 85 79 86 90 76 91 84 87 84 88 92 73 90 89 89 86 92 88 76 86 87 79 76 86 79 80 86 82 87 88 84 84 84 90 92 86 74 80 84 87 87 78 85 84 88 91 88 89 74
-- 98 <46
-- worker thread times 400 404 398 400 409 404 409 411 407 405 408 406 408 405 409 410 405 402 404 402 404 411 405 405 402 395 407 410 406 408 404 403 405 407 410 398 407 403 404 414 407 398 403 401 400 398 407 412 410 400 410 414 415 410 408 400 411 408 409 406 411 402 407
-- 421 <45
-- worker thread times 1687 1704 1701 1701 1695 1693 1691 1698 1693 1693 1694 1689 1699 1700 1699 1694 1692 1699 1692 1693 1698 1701 1691 1701 1689 1698 1686 1692 1688 1696 1701 1691 1704 1688 1693 1693 1696 1687 1691 1698 1690 1691 1693 1690 1698 1701 1689 1690 1679 1695 1691 1701 1692 1692 1686 1676 1696 1689 1703 1695 1701 1694 1692
-- 1710 <44
-- worker thread times 6134 6137 6138 6134 6135 6133 6142 6136 6132 6128 6138 6128 6133 6142 6134 6137 6126 6137 6127 6133 6136 6135 6136 6123 6131 6125 6132 6139 6133 6132 6128 6137 6132 6144 6132 6139 6132 6137 6137 6136 6139 6128 6138 6135 6135 6142 6130 6136 6134 6137 6137 6129 6133 6136 6137 6133 6126 6126 6133 6129 6136 6135 6143
-- 6151 <43
-- worker thread times 21017 21015 21011 21018 21003 21025 21025 21010 21016 21008 21023 21015 21014 21021 21017 21021 21022 21011 21023 21006 21022 21005 21016 21021 21013 21011 21020 21020 21013 21005 21010 21017 21020 21020 21025 21026 21018 21020 21008 21011 21021 21019 21023 21017 21004 21020 21000 21021 21019 21023 21003 21019 21005 21016 21007 21013 21016 21013 21019 21017 21015 21024 21009
-- 21037 <42
-- worker thread times 68865 68864 68854 68856 68863 68859 68862 68860 68865 68854 68857 68861 68839 68845 68855 68863 68855 68863 68859 68849 68862 68852 68866 68869 68850 68856 68860 68862 68854 68859 68853 68858 68865 68855 68844 68857 68856 68854 68861 68851 68863 68862 68845 68850 68866 68867 68860 68852 68856 68860 68868 68867 68848 68851 68864 68851 68866 68856 68859 68855 68859 68851 68853
-- 68879 <41
-- worker thread times 1647 1651 1647 1648 1647 1650 1651 1651 1647 1649 1649 1648 1649 1651 1649 1647 1648 1647 1648 1647 1651 1647 1647 1646 1647 1648 1649 1648 1647 1650 1647 1645 1651 1652 1651 1651 1650 1648 1648 1648 1648 1651 1648 1648 1650 1649 1648 1651 1641 1647 1648 1647 1651 1648 1650 1648 1648 1651 1650 1650 1651 1647 1648
-- 1658 <40
false 15345854 aborted

100007 4 7 11 25 98 421 1710 6151 21037 68879 1658
FAIL0=4 FAIL1=7 FAIL10=1658 FAIL2=11 FAIL3=25 FAIL4=98 FAIL5=421 FAIL6=1710 FAIL7=6151 FAIL8=21037 FAIL9=68879 
