-- worker thread times 0 0 0 0 0 0 0 0 0 0 0 0 0 0 0 0 0 0 0 0 0 0 0 0 0 0 0 0 0 0 0 0 0 0 0 0 0 0 0 0 0 0 0 0 0 0 0 0 0 0 0 0 0 0 0 0 0 0 0 0 0 0 0
-- 6 <40
-- worker thread times 0 0 1 0 0 0 0 0 0 0 0 0 0 0 0 0 0 0 0 0 0 0 0 0 0 0 0 0 0 0 0 0 0 0 0 0 0 0 0 0 0 0 0 0 0 0 0 0 0 0 0 0 0 0 0 0 0 0 0 0 0 0 0
-- 5 <39
-- worker thread times 4 0 0 1 0 0 2 2 0 0 1 0 0 0 0 2 0 0 0 0 0 1 0 0 0 0 0 0 0 0 1 1 2 0 0 2 0 0 0 0 1 1 3 4 1 2 0 0 1 0 0 0 3 0 0 2 1 0 0 2 1 2 0
-- 9 <38
-- worker thread times 4 8 6 3 1 4 6 2 6 7 6 3 5 3 5 1 5 5 3 1 7 3 4 0 0 2 2 2 6 1 4 3 0 0 1 4 0 0 4 0 0 2 2 5 2 2 1 2 4 4 0 3 6 2 3 0 4 4 1 5 4 2 4
-- 13 <37
-- worker thread times 20 12 12 11 8 18 13 14 10 17 15 11 6 16 17 11 14 12 11 17 19 11 14 13 15 20 14 14 13 14 7 12 17 13 12 12 17 15 17 12 16 17 15 10 15 11 18 13 18 18 15 9 19 14 10 12 9 10 16 17 15 14 17
-- 25 <36
-- worker thread times 56 49 63 52 56 58 59 50 57 56 63 54 59 52 56 60 60 58 54 51 57 62 53 55 50 53 60 51 49 50 54 56 51 53 55 54 59 56 56 57 51 46 52 57 52 54 57 52 55 50 54 62 60 57 60 54 55 58 62 58 50 55 51
-- 68 <35
-- worker thread times 197 198 199 198 197 193 204 203 204 200 201 197 200 201 196 199 197 205 199 197 200 200 189 200 200 202 206 201 201 197 199 201 204 200 201 196 196 190 204 199 195 203 189 201 200 201 197 198 200 197 194 204 194 200 202 193 199 194 204 200 201 197 188
-- 214 <34
-- worker thread times 688 683 675 676 676 686 685 678 674 683 686 681 671 682 685 676 677 666 668 674 679 666 668 680 681 674 665 688 679 682 678 684 678 679 683 680 678 683 679 665 684 672 689 684 678 671 681 675 684 689 681 669 683 681 682 669 680 676 678 682 683 680 681
-- 697 <33
-- worker thread times 2566 2548 2554 2555 2547 2562 2563 2549 2561 2555 2553 2557 2560 2547 2557 2550 2556 2558 2537 2563 2566 2542 2560 2556 2554 2563 2546 2555 2554 2558 2556 2556 2555 2559 2549 2544 2553 2563 2556 2550 2560 2559 2559 2556 2559 2562 2561 2550 2553 2564 2557 2551 2558 2546 2560 2550 2566 2550 2550 2565 2552 2566 2554
-- 2576 <32
-- worker thread times 8880 8857 8868 8870 8877 8873 8874 8879 8868 8875 8867 8868 8873 8880 8865 8885 8868 8872 8873 8873 8871 8877 8868 8865 8887 8870 8878 8875 8882 8875 8872 8874 8879 8874 8875 8865 8879 8878 8865 8870 8868 8855 8876 8887 8873 8876 8875 8868 8872 8883 8855 8878 8870 8885 8876 8873 8872 8880 8876 8881 8872 8877 8874
-- 8895 <31
-- worker thread times 31347 31346 31348 31352 31348 31356 31347 31354 31350 31334 31342 31352 31356 31354 31357 31338 31354 31347 31342 31354 31340 31343 31348 31352 31355 31341 31341 31351 31351 31350 31343 31354 31343 31338 31354 31351 31339 31350 31351 31347 31348 31334 31343 31342 31348 31346 31331 31345 31341 31353 31351 31348 31339 31348 31351 31350 31351 31352 31342 31352 31341 31338 31338
-- 31371 <30
-- worker thread times 56094 56112 56107 56114 56114 56102 56116 56116 56116 56112 56115 56111 56115 56113 56108 56107 56108 56110 56108 56107 56105 56112 56108 56111 56114 56114 56103 56107 56110 56113 56108 56111 56107 56109 56111 56113 56109 56108 56098 56115 56101 56112 56113 56109 56108 56113 56112 56109 56110 56112 56115 56112 56097 56107 56105 56114 56113 56103 56109 56107 56110 56110 56109
-- 56122 <29
false 19315540 aborted

100007 6 5 9 13 25 68 214 697 2576 8895 31371 56122
FAIL0=6 FAIL1=5 FAIL10=31371 FAIL11=56122 FAIL2=9 FAIL3=13 FAIL4=25 FAIL5=68 FAIL6=214 FAIL7=697 FAIL8=2576 FAIL9=8895 
