-- worker thread times 0 0 0 1 0 0 0 0 0 0 0 0 0 0 0 0 0 0 0 0 0 0 0 0 0 0 0 0 0 0 0 0 0 0 0 0 0 0 0 0 0 0 0 0 0 0 0 0 0 0 0 0 0 0 0 0 0 0 0 0 0 0 0
-- 6 <35
-- worker thread times 0 3 2 1 1 0 0 1 0 0 1 0 3 0 2 1 0 0 0 1 0 0 0 0 0 0 0 0 0 0 0 0 3 0 0 0 0 0 0 0 0 2 0 0 0 2 1 0 0 0 1 1 0 1 0 0 0 2 0 0 1 0 0
-- 9 <34
-- worker thread times 6 1 2 0 1 4 5 3 0 3 2 0 6 4 2 3 3 5 2 2 5 4 2 2 2 4 5 2 4 0 2 6 3 3 1 1 4 3 1 0 1 2 2 2 2 3 0 2 1 1 0 2 0 3 3 4 1 4 5 0 1 4 3
-- 11 <33
-- worker thread times 14 19 9 14 17 11 15 15 13 16 14 18 12 11 8 11 12 7 17 16 10 10 11 9 18 17 16 10 15 9 14 9 13 19 10 14 14 19 17 13 12 13 18 11 14 10 10 9 19 12 15 13 13 11 14 16 13 11 8 11 14 12 18
-- 25 <32
-- worker thread times 52 41 49 44 48 45 45 45 52 45 40 44 44 43 41 40 42 47 48 46 43 42 42 52 48 39 42 48 44 40 41 47 46 52 48 40 48 39 44 46 42 41 46 45 40 44 46 41 45 46 46 43 43 42 39 50 45 46 41 52 38 48 51
-- 57 <31
-- worker thread times 186 174 179 177 175 167 174 175 171 170 183 179 182 173 176 167 171 181 176 177 186 182 176 177 185 176 166 173 177 174 164 183 169 181 176 174 175 171 169 185 173 178 178 172 183 174 175 168 178 181 175 179 178 183 166 183 174 179 169 179 174 178 183
-- 191 <30
-- worker thread times 632 634 625 628 637 631 628 635 637 624 628 634 635 624 633 629 637 640 636 633 621 623 630 629 630 626 627 628 628 621 625 625 631 630 627 636 631 628 635 636 633 631 637 623 628 624 625 625 635 629 634 628 627 627 625 624 627 623 628 631 627 628 641
-- 648 <29
-- worker thread times 1938 1936 1931 1931 1946 1941 1944 1943 1950 1945 1941 1936 1931 1939 1943 1940 1943 1934 1948 1934 1940 1938 1939 1938 1943 1935 1941 1934 1939 1939 1934 1945 1938 1933 1942 1933 1940 1944 1936 1945 1946 1941 1942 1929 1935 1944 1935 1939 1941 1935 1943 1936 1944 1937 1925 1932 1940 1938 1929 1942 1937 1930 1952
-- 1957 <28
-- worker thread times 6140 6148 6125 6149 6150 6145 6145 6143 6145 6154 6150 6142 6149 6143 6151 6149 6141 6128 6149 6134 6143 6146 6151 6140 6148 6151 6151 6150 6146 6148 6141 6147 6150 6151 6150 6134 6153 6144 6137 6146 6146 6144 6146 6149 6156 6147 6142 6150 6143 6146 6142 6139 6141 6146 6141 6140 6143 6146 6145 6152 6147 6150 6154
-- 6164 <27
-- worker thread times 19014 18993 19004 19003 19002 19003 19006 18999 18989 18990 18998 19006 18993 19000 19003 18988 19000 18983 18990 19000 19005 19007 19004 19001 18998 18998 19007 19006 18985 18988 19006 18992 19005 18998 19002 18999 18999 18987 19000 19007 18998 19001 19003 18999 18995 18992 18986 18999 18993 19002 18999 18998 18998 18995 18990 19001 18995 19000 19007 19007 19003 19006 19007
-- 19020 <26
-- worker thread times 56396 56393 56390 56396 56394 56397 56392 56389 56400 56397 56398 56386 56403 56394 56397 56390 56393 56382 56398 56395 56402 56386 56397 56397 56398 56391 56396 56402 56403 56398 56403 56386 56393 56392 56387 56400 56404 56400 56407 56396 56390 56400 56396 56390 56379 56391 56396 56392 56379 56383 56384 56401 56392 56403 56397 56383 56390 56387 56384 56393 56405 56408 56385
-- 56419 <25
-- worker thread times 15486 15484 15483 15484 15483 15485 15485 15483 15485 15484 15483 15485 15484 15481 15483 15483 15484 15477 15480 15483 15482 15486 15483 15484 15484 15483 15483 15484 15485 15483 15486 15487 15486 15483 15481 15486 15484 15486 15480 15487 15484 15486 15487 15485 15482 15485 15482 15484 15485 15487 15483 15483 15485 15487 15482 15485 15483 15487 15483 15487 15483 15483 15488
-- 15493 <24
false 18510111 aborted

100007 6 9 11 25 57 191 648 1957 6164 19020 56419 15493
FAIL0=6 FAIL1=9 FAIL10=56419 FAIL11=15493 FAIL2=11 FAIL3=25 FAIL4=57 FAIL5=191 FAIL6=648 FAIL7=1957 FAIL8=6164 FAIL9=19020 
