-- worker thread times 0 0 0 0 0 0 0 0 0 0 0 0 0 0 0 0 0 0 0 0 0 0 0 0 0 0 0 0 0 0 0 0 0 0 0 0 0 0 0 0 0 0 0 0 0 0 0 0 0 0 0 0 0 0 0 0 0 0 0 1 0 0 0
-- 7 <50
-- worker thread times 1 0 1 1 0 0 0 0 0 0 0 0 0 0 0 1 1 0 0 0 0 0 0 0 0 1 0 0 0 0 0 0 0 0 0 0 1 0 1 0 1 0 0 0 0 2 0 0 0 0 0 0 2 0 1 0 0 0 1 0 0 1 0
-- 8 <49
-- worker thread times 2 6 7 7 5 3 2 1 1 5 8 5 4 5 7 4 4 5 7 5 4 2 4 3 3 3 6 3 0 1 3 6 2 6 5 5 5 6 7 3 6 5 4 3 2 1 3 2 0 7 5 3 7 1 5 4 5 2 4 5 4 3 8
-- 14 <48
-- worker thread times 34 43 43 38 42 37 35 40 41 43 35 38 39 43 40 47 40 44 35 43 40 35 44 47 39 30 38 43 45 46 42 39 40 39 40 46 45 47 44 44 44 45 39 43 41 38 43 41 40 42 41 44 41 41 44 41 42 45 48 44 43 44 48
-- 54 <47
-- worker thread times 233 228 226 225 222 228 225 226 223 229 219 221 223 223 227 220 225 231 230 229 223 223 231 226 229 232 229 222 225 217 228 225 224 230 223 224 216 224 224 231 222 226 224 229 226 224 228 222 226 220 222 225 227 224 224 223 221 230 227 223 224 229 214
-- 239 <46
-- worker thread times 1094 1100 1092 1085 1099 1095 1094 1097 1093 1098 1096 1097 1098 1103 1098 1100 1093 1093 1097 1099 1100 1101 1094 1097 1095 1092 1094 1101 1096 1098 1092 1099 1099 1103 1085 1096 1095 1092 1096 1097 1090 1097 1097 1097 1093 1092 1093 1094 1102 1092 1101 1096 1094 1102 1091 1090 1099 1102 1103 1093 1094 1092 1101
-- 1111 <45
-- worker thread times 4570 4566 4565 4570 4572 4563 4573 4571 4575 4574 4567 4571 4560 4563 4571 4561 4562 4569 4570 4566 4567 4572 4568 4573 4571 4567 4569 4564 4569 4567 4573 4573 4571 4567 4573 4566 4564 4574 4571 4571 4570 4571 4573 4558 4570 4565 4572 4575 4565 4573 4564 4569 4564 4573 4567 4565 4573 4569 4573 4570 4567 4574 4574
-- 4584 <44
-- worker thread times 18218 18225 18221 18224 18215 18209 18219 18226 18214 18218 18218 18222 18217 18219 18215 18217 18214 18221 18226 18215 18224 18216 18220 18220 18209 18222 18220 18216 18215 18217 18221 18213 18217 18207 18228 18214 18223 18217 18217 18226 18220 18206 18230 18217 18220 18226 18218 18223 18222 18215 18229 18223 18211 18222 18221 18229 18219 18215 18216 18215 18203 18229 18216
-- 18239 <43
-- worker thread times 69208 69202 69208 69199 69193 69198 69200 69204 69210 69200 69195 69196 69205 69207 69201 69198 69200 69205 69195 69202 69200 69198 69203 69197 69202 69199 69197 69199 69197 69201 69200 69191 69202 69196 69200 69199 69200 69210 69204 69200 69203 69202 69191 69204 69200 69199 69205 69204 69204 69202 69199 69202 69200 69207 69200 69198 69202 69205 69211 69201 69206 69204 69212
-- 69221 <42
-- worker thread times 6518 6518 6517 6515 6516 6520 6518 6516 6515 6517 6517 6517 6518 6515 6515 6517 6516 6515 6516 6515 6515 6519 6513 6516 6515 6516 6515 6518 6519 6517 6517 6519 6519 6516 6517 6520 6520 6516 6515 6516 6516 6520 6517 6519 6516 6520 6517 6517 6516 6519 6515 6519 6514 6518 6519 6516 6516 6520 6518 6516 6515 6516 6516
-- 6526 <41
false 16726443 aborted

100007 7 8 14 54 239 1111 4584 18239 69221 6526
FAIL0=7 FAIL1=8 FAIL2=14 FAIL3=54 FAIL4=239 FAIL5=1111 FAIL6=4584 FAIL7=18239 FAIL8=69221 FAIL9=6526 
