-- worker thread times 0 0 0 0 0 0 0 0 0 0 0 0 0 0 0 0 0 0 0 0 0 0 0 0 0 0 0 0 0 0 0 0 0 0 0 0 0 0 0 0 0 0 0 0 0 0 0 0 0 0 0 0 0 0 0 0 0 0 0 0 0 0 0
-- 6 <35
-- worker thread times 1 0 0 0 0 0 0 0 0 0 0 0 0 0 0 0 0 0 0 0 0 0 0 0 0 1 0 0 0 0 0 0 0 0 0 0 1 0 0 0 0 0 0 0 0 0 0 0 0 0 0 0 0 0 0 0 0 0 0 0 0 0 0
-- 6 <34
-- worker thread times 1 2 0 1 1 0 0 0 0 1 0 0 2 0 2 0 1 0 0 0 1 0 2 2 3 4 3 0 2 0 0 0 0 1 2 2 0 0 0 0 0 1 3 0 1 0 0 2 0 0 0 2 1 0 0 3 2 1 0 0 0 2 4
-- 9 <33
-- worker thread times 7 3 4 3 5 5 1 4 4 8 9 2 6 5 0 8 1 7 6 6 6 3 3 5 3 5 4 1 3 1 2 2 3 8 2 1 4 8 6 7 3 4 4 4 4 1 4 2 6 9 8 10 7 3 2 4 1 4 2 3 6 4 5
-- 15 <32
-- worker thread times 38 35 28 23 29 31 28 32 38 30 33 29 29 31 24 34 23 26 32 26 25 32 27 31 28 26 29 28 32 29 34 29 26 31 36 27 25 32 25 31 26 21 27 34 35 28 26 30 30 30 31 26 32 29 30 35 33 29 32 26 30 28 24
-- 42 <31
-- worker thread times 141 143 146 145 132 137 140 127 138 140 138 143 141 143 140 133 140 143 140 139 141 133 133 145 132 143 139 141 141 128 140 148 142 145 140 146 148 149 135 138 143 141 131 143 135 144 141 137 134 142 137 144 138 141 140 137 141 134 145 136 140 142 140
-- 154 <30
-- worker thread times 739 758 745 737 743 745 749 747 752 748 749 743 747 752 753 754 749 752 749 750 740 747 744 746 740 753 749 745 750 746 747 748 744 753 745 753 751 749 743 752 750 750 753 750 740 749 751 748 747 745 751 744 748 748 746 744 742 742 748 754 745 744 750
-- 765 <29
-- worker thread times 4251 4241 4262 4251 4245 4260 4251 4258 4247 4234 4255 4262 4265 4245 4252 4252 4253 4248 4257 4253 4256 4247 4259 4249 4246 4263 4264 4261 4258 4257 4234 4256 4256 4261 4251 4260 4260 4257 4258 4259 4251 4256 4255 4258 4256 4256 4258 4264 4260 4241 4257 4258 4253 4248 4255 4252 4234 4261 4257 4238 4254 4253 4264
-- 4274 <28
-- worker thread times 26751 26762 26756 26764 26747 26769 26760 26754 26755 26757 26772 26753 26757 26764 26756 26760 26751 26759 26766 26757 26765 26763 26757 26769 26746 26752 26759 26763 26757 26754 26765 26760 26754 26756 26766 26760 26764 26772 26753 26751 26759 26758 26758 26752 26766 26754 26775 26761 26760 26762 26756 26751 26774 26758 26763 26759 26750 26759 26756 26760 26777 26766 26761
-- 26785 <27
-- worker thread times 52907 52903 52907 52903 52904 52903 52906 52900 52907 52900 52901 52903 52904 52901 52901 52907 52904 52902 52885 52900 52904 52901 52906 52901 52906 52903 52902 52898 52903 52904 52900 52898 52902 52900 52904 52904 52902 52900 52903 52907 52896 52901 52899 52904 52904 52898 52895 52901 52904 52896 52902 52902 52903 52901 52894 52895 52900 52906 52891 52906 52899 52901 52899
true 15089916
(0 -> -1) (1 -> -1) (2 -> -1) (3 -> 5) (4 -> 15) (5 -> 23) (6 -> 10) (7 -> 29) (8 -> 11) (9 -> -1) (10 -> -1) (11 -> 32) (12 -> 0) (13 -> 9) (14 -> 13) (15 -> 27) (16 -> 24) (17 -> 14) (18 -> 3) (19 -> -1) (20 -> 34) (21 -> 17) (22 -> -1) (23 -> 1) (24 -> -1) (25 -> -1) (26 -> 4) (27 -> 28) (28 -> 12) (29 -> 20) (30 -> 33) (31 -> 30) (32 -> 19) (33 -> 6) (34 -> 26) 
84974 6 6 9 15 42 154 765 4274 26785 52914
EXCEPT=9 FAIL0=6 FAIL1=6 FAIL2=9 FAIL3=15 FAIL4=42 FAIL5=154 FAIL6=765 FAIL7=4274 FAIL8=26785 SIZE=26 
