-- worker thread times 0 0 0 0 0 0 0 0 0 0 0 0 0 0 0 0 0 0 0 0 0 0 0 0 0 0 0 0 0 0 0 0 0 0 0 0 0 0 0 0 0 0 0 0 0 0 0 0 0 0 0 0 0 0 0 0 0 0 0 0 0 0 0
-- 5 <50
-- worker thread times 2 0 0 0 0 2 0 0 2 1 2 0 0 0 0 2 1 1 2 0 0 1 2 1 0 0 0 0 0 1 0 0 0 0 0 2 0 0 0 0 0 1 0 0 0 0 0 0 0 0 0 1 2 0 0 0 1 0 2 0 0 0 3
-- 9 <49
-- worker thread times 11 9 10 9 3 10 6 11 6 8 7 9 13 7 11 7 11 13 7 9 7 8 8 11 8 12 10 9 8 6 11 10 6 6 9 6 10 8 9 11 8 12 9 7 10 6 8 8 7 8 7 8 13 5 6 10 14 10 10 1 14 9 6
-- 19 <48
-- worker thread times 55 57 56 49 49 57 57 52 55 52 63 59 61 59 56 53 62 56 55 58 62 55 51 56 56 54 50 54 55 60 59 51 51 57 55 55 61 56 55 49 53 62 58 53 55 54 53 48 55 57 58 55 54 59 62 52 54 64 62 47 58 51 54
-- 70 <47
-- worker thread times 251 241 248 242 244 245 237 241 237 246 243 243 238 239 241 243 247 244 242 239 242 240 241 235 238 241 244 244 240 248 242 233 244 236 246 247 244 244 242 244 236 240 241 241 239 236 239 244 237 239 247 250 247 236 236 245 241 243 247 244 241 241 251
-- 258 <46
-- worker thread times 1054 1033 1048 1053 1046 1038 1037 1041 1041 1045 1045 1050 1047 1050 1030 1050 1048 1047 1046 1047 1045 1041 1042 1048 1040 1040 1041 1040 1052 1048 1042 1045 1037 1048 1049 1049 1045 1046 1046 1048 1043 1049 1052 1041 1043 1043 1050 1035 1047 1045 1039 1043 1043 1041 1043 1040 1041 1046 1047 1045 1035 1047 1036
-- 1060 <45
-- worker thread times 4298 4295 4294 4290 4296 4286 4282 4295 4290 4292 4284 4286 4292 4290 4298 4286 4292 4292 4289 4280 4288 4291 4286 4291 4290 4296 4289 4275 4291 4288 4291 4294 4292 4292 4287 4284 4294 4287 4292 4289 4295 4294 4290 4294 4297 4287 4300 4289 4294 4293 4293 4282 4291 4294 4298 4289 4289 4293 4292 4291 4283 4285 4288
-- 4308 <44
-- worker thread times 15412 15425 15414 15416 15420 15424 15414 15423 15420 15422 15411 15421 15418 15422 15416 15402 15420 15423 15421 15417 15420 15424 15418 15413 15415 15419 15416 15420 15415 15406 15417 15419 15415 15422 15420 15420 15413 15418 15413 15406 15414 15422 15419 15419 15419 15422 15422 15417 15418 15415 15423 15419 15415 15415 15417 15423 15421 15421 15420 15413 15420 15414 15415
-- 15436 <43
-- worker thread times 54485 54480 54488 54484 54482 54489 54476 54483 54486 54484 54493 54481 54490 54482 54480 54487 54490 54481 54486 54493 54474 54484 54489 54483 54484 54478 54489 54486 54487 54486 54484 54484 54496 54496 54493 54490 54476 54488 54481 54477 54486 54465 54478 54480 54490 54481 54486 54479 54478 54482 54482 54491 54476 54481 54483 54477 54490 54484 54480 54484 54491 54493 54486
-- 54505 <42
-- worker thread times 24325 24324 24322 24325 24322 24325 24324 24324 24321 24324 24322 24322 24321 24325 24323 24321 24323 24324 24322 24326 24316 24322 24323 24321 24324 24322 24322 24325 24322 24325 24323 24322 24321 24322 24324 24322 24322 24324 24321 24322 24325 24318 24323 24325 24323 24323 24325 24321 24324 24323 24322 24325 24322 24322 24323 24322 24323 24323 24325 24324 24322 24322 24323
-- 24332 <41
false 14989196 aborted

100006 5 9 19 70 258 1060 4308 15436 54505 24332
FAIL0=5 FAIL1=9 FAIL2=19 FAIL3=70 FAIL4=258 FAIL5=1060 FAIL6=4308 FAIL7=15436 FAIL8=54505 FAIL9=24332 
