-- worker thread times 0 0 0 0 0 0 0 0 0 0 0 0 0 0 0 0 0 0 0 0 0 0 0 0 0 0 0 0 0 0 0 0 0 0 0 0 0 0 0 0 0 0 0 0 0 0 0 0 0 0 0 0 0 0 0 0 0 0 0 0 0 0 0
-- 7 <50
-- worker thread times 0 0 0 0 0 0 0 1 0 1 1 0 0 0 2 0 0 0 0 1 0 0 0 0 0 1 0 0 0 0 0 0 0 0 0 0 0 0 0 0 0 0 0 0 0 0 0 0 0 0 0 0 0 0 0 2 0 0 0 0 0 0 0
-- 9 <49
-- worker thread times 3 2 0 0 6 2 1 0 5 4 0 4 0 0 4 0 2 2 6 3 5 0 2 3 2 0 2 1 3 3 5 4 3 2 1 0 1 5 2 1 6 0 1 2 0 2 0 2 0 1 5 0 0 0 3 4 1 6 0 5 0 3 0
-- 13 <48
-- worker thread times 33 33 29 19 34 29 24 36 36 35 25 35 30 31 34 34 22 28 29 25 24 29 34 25 30 28 35 31 24 32 34 32 31 32 26 36 31 27 26 27 27 27 26 29 24 32 28 33 28 20 24 29 28 31 34 38 31 27 28 31 29 29 33
-- 44 <47
-- worker thread times 326 335 319 327 325 320 327 328 332 330 334 329 322 322 326 327 333 325 321 325 327 324 315 324 324 329 334 325 331 320 326 318 320 327 321 321 330 323 318 326 321 329 322 326 318 329 325 332 334 320 324 326 329 324 329 329 329 325 331 327 324 321 324
-- 342 <46
-- worker thread times 2114 2104 2104 2112 2105 2106 2097 2103 2102 2106 2098 2107 2106 2106 2102 2108 2099 2100 2094 2108 2106 2109 2104 2102 2104 2114 2109 2096 2110 2104 2093 2104 2103 2095 2099 2107 2101 2101 2103 2101 2101 2096 2104 2110 2102 2100 2107 2112 2106 2107 2110 2106 2102 2111 2107 2099 2106 2101 2100 2103 2105 2104 2098
-- 2121 <45
-- worker thread times 11593 11587 11588 11590 11597 11584 11590 11598 11583 11582 11586 11590 11582 11596 11596 11596 11590 11586 11593 11591 11591 11586 11599 11587 11586 11597 11590 11592 11589 11595 11581 11592 11591 11589 11594 11596 11597 11579 11596 11595 11590 11591 11591 11586 11594 11580 11588 11589 11582 11591 11585 11593 11581 11589 11597 11598 11592 11601 11590 11590 11592 11602 11585
-- 11610 <44
-- worker thread times 72619 72624 72633 72641 72617 72634 72613 72613 72617 72619 72640 72619 72625 72631 72626 72621 72632 72634 72627 72616 72616 72636 72631 72625 72621 72617 72616 72625 72601 72614 72612 72633 72621 72629 72618 72621 72620 72623 72620 72634 72626 72615 72627 72621 72632 72623 72632 72628 72627 72641 72622 72627 72624 72620 72636 72632 72619 72627 72620 72637 72630 72621 72624
-- 72649 <43
-- worker thread times 13196 13200 13196 13199 13196 13195 13197 13199 13199 13196 13195 13199 13200 13200 13196 13195 13199 13197 13194 13195 13196 13195 13197 13196 13195 13197 13197 13196 13195 13195 13195 13193 13195 13197 13198 13198 13196 13194 13196 13194 13194 13195 13196 13196 13199 13199 13196 13195 13199 13192 13195 13197 13193 13195 13199 13195 13194 13199 13197 13199 13200 13195 13200
-- 13207 <42
false 15791098 aborted

100008 7 9 13 44 342 2121 11610 72649 13207
FAIL0=7 FAIL1=9 FAIL2=13 FAIL3=44 FAIL4=342 FAIL5=2121 FAIL6=11610 FAIL7=72649 FAIL8=13207 
