-- worker thread times 0 0 0 0 0 0 0 0 0 0 0 0 0 0 0 0 0 0 0 0 0 0 0 0 0 0 0 0 0 0 0 0 0 0 0 0 0 0 0 0 0 0 0 0 0 0 0 0 0 0 0 0 0 0 0 0 0 0 0 0 0 0 0
-- 5 <40
-- worker thread times 0 1 0 0 0 1 2 1 0 0 0 0 0 0 0 0 0 0 0 0 0 0 1 0 0 2 0 0 0 0 0 0 0 2 0 0 0 0 0 0 0 0 0 0 0 0 0 1 0 0 0 0 0 2 0 0 1 0 0 1 0 0 1
-- 7 <39
-- worker thread times 2 2 0 0 2 5 0 3 1 2 2 2 2 2 1 1 0 1 1 0 2 1 1 1 2 4 1 2 2 1 2 2 1 1 5 1 5 3 1 1 0 3 3 4 2 4 0 0 2 3 3 3 3 5 0 1 0 0 0 1 1 1 5
-- 11 <38
-- worker thread times 18 24 18 22 16 20 21 25 19 21 24 19 18 15 19 25 18 18 20 18 20 15 19 18 16 21 14 20 21 17 15 11 22 13 20 23 20 18 18 18 18 20 16 14 25 16 25 18 16 17 13 24 16 16 13 14 21 18 23 23 20 24 21
-- 30 <37
-- worker thread times 106 100 104 103 98 106 103 99 96 103 99 96 104 100 91 100 98 100 103 99 95 94 101 94 90 90 104 100 99 98 96 103 106 99 101 98 98 101 100 98 97 101 102 98 102 99 100 103 96 102 93 99 102 98 101 101 90 98 100 95 100 97 95
-- 112 <36
-- worker thread times 469 466 466 466 463 462 466 465 466 465 470 460 469 467 460 470 467 462 457 468 469 461 472 467 464 459 465 463 472 465 467 472 464 472 473 473 468 470 458 465 469 462 467 466 464 462 465 466 467 471 469 469 464 464 463 463 469 465 463 467 468 454 466
-- 480 <35
-- worker thread times 1950 1942 1942 1949 1948 1949 1946 1954 1948 1948 1950 1958 1938 1948 1944 1955 1953 1949 1948 1951 1948 1949 1948 1948 1956 1949 1950 1950 1953 1955 1946 1955 1949 1950 1951 1950 1948 1945 1951 1955 1949 1946 1955 1940 1953 1945 1935 1938 1951 1946 1956 1942 1948 1952 1952 1946 1953 1941 1949 1955 1949 1955 1959
-- 1964 <34
-- worker thread times 8421 8427 8419 8428 8423 8424 8421 8426 8423 8416 8424 8414 8412 8427 8420 8428 8429 8416 8419 8421 8425 8427 8425 8426 8432 8430 8420 8405 8417 8422 8424 8427 8426 8424 8415 8424 8419 8429 8429 8416 8421 8410 8420 8419 8427 8413 8430 8427 8423 8430 8419 8422 8420 8423 8416 8416 8425 8424 8422 8428 8417 8418 8425
-- 8440 <33
-- worker thread times 35288 35292 35285 35291 35295 35288 35302 35288 35284 35290 35280 35282 35286 35277 35279 35276 35275 35288 35284 35294 35287 35284 35286 35284 35287 35283 35290 35281 35294 35279 35286 35294 35288 35293 35279 35285 35300 35288 35297 35291 35301 35282 35297 35292 35294 35285 35279 35286 35288 35283 35284 35292 35288 35295 35287 35291 35293 35297 35289 35281 35299 35286 35292
-- 35309 <32
-- worker thread times 53635 53630 53630 53634 53637 53631 53633 53634 53635 53632 53633 53636 53630 53632 53634 53634 53635 53636 53634 53636 53628 53631 53633 53628 53632 53636 53636 53633 53634 53635 53636 53634 53635 53628 53633 53633 53635 53633 53634 53635 53634 53636 53629 53635 53634 53631 53633 53635 53628 53634 53630 53635 53634 53626 53623 53636 53634 53634 53627 53627 53632 53632 53635
-- 53643 <31
false 17071612 aborted

100006 5 7 11 30 112 480 1964 8440 35309 53643
FAIL0=5 FAIL1=7 FAIL2=11 FAIL3=30 FAIL4=112 FAIL5=480 FAIL6=1964 FAIL7=8440 FAIL8=35309 FAIL9=53643 
