-- worker thread times 0 0 0 0 0 0 0 0 0 0 0 0 0 0 0 0 0 0 0 0 0 0 0 0 0 0 0 0 0 0 0 0 0 0 0 0 0 0 0 0 0 0 0 0 0 0 0 0 0 0 0 0 0 0 0 0 0 0 0 0 0 0 0
-- 5 <40
-- worker thread times 0 0 0 1 1 1 0 0 0 0 0 0 0 0 0 0 0 0 0 0 0 0 0 0 0 0 0 0 0 0 0 0 0 0 0 0 0 0 0 0 0 1 0 0 0 0 0 0 0 0 1 0 0 0 1 0 0 0 0 0 0 2 0
-- 7 <39
-- worker thread times 5 2 1 1 1 4 1 2 3 3 2 3 3 0 0 0 2 4 0 0 2 0 2 2 0 0 2 4 1 0 1 1 0 1 1 3 2 4 0 5 0 0 1 4 1 4 1 2 0 0 0 0 2 1 2 1 0 0 4 0 1 0 2
-- 11 <38
-- worker thread times 24 18 17 18 19 19 17 17 20 21 23 18 19 17 19 17 20 20 19 25 19 24 21 13 20 20 22 25 25 19 19 21 18 23 16 21 25 21 16 17 20 20 21 21 14 19 17 24 20 19 19 21 14 21 23 19 17 18 21 17 17 19 20
-- 32 <37
-- worker thread times 147 144 146 150 146 151 151 149 147 152 144 155 146 145 144 149 151 152 152 153 152 154 154 154 151 157 155 154 143 154 145 150 153 147 159 144 157 141 144 150 154 146 150 151 153 157 151 151 156 152 151 154 158 142 156 153 157 150 150 157 150 143 153
-- 164 <36
-- worker thread times 789 778 773 782 780 772 782 776 780 780 775 772 784 781 780 775 775 776 779 785 777 774 783 786 772 775 771 778 776 783 780 779 784 781 780 781 780 783 785 781 788 778 785 780 786 785 775 779 776 777 787 781 785 775 783 781 781 779 782 774 785 775 783
-- 795 <35
-- worker thread times 3600 3603 3592 3598 3595 3602 3601 3601 3601 3600 3592 3600 3599 3602 3602 3599 3586 3598 3599 3597 3599 3594 3597 3592 3597 3601 3596 3599 3595 3600 3599 3596 3604 3596 3599 3601 3590 3597 3597 3595 3592 3600 3588 3593 3603 3596 3596 3598 3598 3593 3597 3597 3592 3590 3600 3600 3602 3600 3597 3594 3597 3601 3607
-- 3614 <34
-- worker thread times 15655 15645 15647 15651 15638 15645 15647 15643 15646 15648 15644 15652 15642 15648 15646 15646 15638 15645 15652 15654 15637 15651 15640 15648 15653 15639 15650 15648 15644 15645 15647 15651 15645 15650 15647 15640 15632 15647 15639 15646 15649 15638 15645 15650 15633 15647 15651 15648 15647 15646 15640 15651 15648 15648 15645 15654 15647 15646 15645 15643 15652 15642 15646
-- 15662 <33
-- worker thread times 73946 73948 73939 73937 73942 73944 73936 73935 73949 73937 73949 73938 73940 73937 73941 73945 73938 73939 73935 73935 73946 73945 73937 73947 73938 73944 73941 73937 73944 73939 73944 73941 73937 73938 73934 73940 73932 73932 73927 73933 73948 73938 73945 73947 73941 73944 73939 73934 73943 73937 73935 73946 73937 73949 73933 73943 73944 73944 73935 73942 73945 73944 73951
-- 73957 <32
-- worker thread times 5750 5745 5748 5748 5747 5747 5748 5748 5746 5748 5748 5749 5749 5745 5749 5747 5744 5747 5746 5749 5744 5747 5745 5748 5745 5745 5748 5749 5747 5748 5744 5746 5746 5745 5748 5747 5745 5747 5746 5747 5747 5745 5745 5745 5745 5746 5747 5744 5748 5746 5747 5745 5746 5745 5745 5745 5749 5747 5747 5745 5746 5748 5748
-- 5755 <31
false 16305847 aborted

100007 5 7 11 32 164 795 3614 15662 73957 5755
FAIL0=5 FAIL1=7 FAIL2=11 FAIL3=32 FAIL4=164 FAIL5=795 FAIL6=3614 FAIL7=15662 FAIL8=73957 FAIL9=5755 
