-- worker thread times 0 0 0 0 0 0 0 0 0 0 0 0 0 0 0 0 0 0 0 0 0 0 0 0 0 0 0 0 0 0 0 0 0 0 0 0 0 0 0 0 0 0 0 0 0 0 0 0 0 0 0 1 0 0 0 0 0 0 0 0 0 0 0
-- 6 <50
-- worker thread times 2 0 0 0 0 0 0 0 0 0 0 0 0 1 0 0 2 0 0 0 1 0 0 0 0 0 0 0 1 0 0 0 0 0 0 0 0 0 0 0 0 0 0 0 0 0 0 0 0 0 0 0 0 0 1 0 0 0 0 0 0 0 0
-- 7 <49
-- worker thread times 2 0 1 1 0 4 0 2 1 0 0 0 0 3 0 0 2 0 0 0 0 0 2 1 1 0 2 1 0 0 0 1 2 3 1 1 3 3 0 0 4 0 0 0 0 1 1 0 3 4 0 0 0 3 3 3 0 1 5 6 0 2 0
-- 11 <48
-- worker thread times 20 15 16 13 6 17 14 9 12 14 12 15 11 14 10 12 18 3 17 16 6 18 11 5 5 9 15 12 10 7 10 13 12 6 10 13 12 13 18 14 4 14 16 13 15 10 19 10 8 11 11 13 18 13 11 18 12 4 15 13 13 18 10
-- 25 <47
-- worker thread times 41 45 48 47 43 51 51 51 41 33 47 49 44 51 45 48 44 40 31 44 51 32 47 30 46 44 51 44 51 42 49 49 41 49 49 44 43 45 39 47 50 49 46 47 49 44 43 44 51 45 40 33 43 34 46 36 45 52 42 40 42 50 50
-- 58 <46
-- worker thread times 182 170 172 177 167 174 174 176 179 176 178 177 163 170 171 179 180 179 166 179 178 175 159 174 178 169 173 179 169 177 162 167 174 164 166 171 172 170 172 169 170 174 174 171 177 174 170 168 164 166 167 174 173 175 175 167 175 173 172 177 179 178 171
-- 189 <45
-- worker thread times 527 517 515 515 525 516 522 512 519 514 518 526 515 516 522 526 523 522 526 519 520 519 522 528 508 522 525 507 528 529 524 525 525 523 515 524 516 522 513 507 525 513 520 523 525 524 524 510 517 504 525 516 526 523 516 521 530 523 525 526 513 512 526
-- 539 <44
-- worker thread times 1530 1531 1522 1526 1530 1534 1530 1527 1528 1514 1518 1531 1533 1531 1527 1528 1523 1530 1511 1518 1520 1522 1527 1523 1524 1532 1530 1532 1523 1530 1522 1527 1523 1526 1521 1524 1535 1521 1531 1524 1518 1527 1526 1526 1527 1529 1519 1523 1527 1516 1530 1527 1509 1525 1524 1521 1529 1525 1516 1525 1520 1529 1540
-- 1548 <43
-- worker thread times 3820 3809 3801 3811 3812 3805 3804 3820 3811 3805 3815 3809 3813 3815 3803 3797 3808 3800 3800 3810 3811 3810 3801 3817 3810 3809 3809 3796 3804 3795 3810 3821 3803 3814 3804 3809 3811 3820 3805 3806 3810 3796 3815 3816 3812 3808 3799 3816 3804 3812 3805 3810 3814 3817 3816 3818 3808 3798 3803 3802 3808 3804 3810
-- 3832 <42
-- worker thread times 8428 8418 8422 8420 8435 8429 8422 8418 8433 8435 8430 8427 8416 8418 8412 8430 8428 8428 8434 8430 8424 8429 8426 8423 8421 8410 8427 8420 8434 8421 8412 8430 8427 8423 8435 8431 8423 8427 8422 8430 8430 8426 8431 8422 8426 8421 8429 8434 8419 8412 8427 8425 8421 8429 8437 8427 8426 8434 8419 8432 8430 8431 8428
-- 8452 <41
-- worker thread times 17473 17479 17469 17482 17456 17476 17463 17473 17475 17472 17473 17478 17476 17466 17472 17468 17466 17467 17478 17474 17470 17460 17474 17476 17478 17473 17474 17480 17463 17470 17471 17474 17466 17468 17474 17477 17457 17467 17471 17482 17472 17473 17471 17474 17470 17457 17455 17462 17461 17464 17452 17458 17461 17463 17470 17467 17458 17452 17480 17467 17460 17482 17474
-- 17501 <40
-- worker thread times 33924 33913 33910 33924 33894 33895 33906 33906 33908 33911 33896 33918 33905 33901 33906 33923 33916 33909 33901 33906 33903 33917 33905 33903 33915 33914 33918 33908 33904 33925 33917 33926 33909 33930 33920 33910 33917 33909 33909 33909 33903 33908 33919 33917 33920 33904 33899 33926 33908 33914 33923 33928 33917 33908 33926 33916 33905 33918 33914 33917 33917 33919 33927
-- 33945 <39
-- worker thread times 33878 33878 33877 33880 33873 33877 33877 33880 33879 33880 33876 33874 33879 33868 33872 33869 33874 33876 33876 33870 33873 33864 33864 33861 33878 33870 33876 33875 33860 33879 33876 33872 33878 33872 33872 33877 33877 33873 33872 33869 33876 33879 33876 33859 33876 33875 33864 33878 33870 33880 33869 33873 33856 33880 33875 33860 33876 33875 33864 33875 33876 33877 33878
-- 33886 <38
false 16596682 aborted

100007 6 7 11 25 58 189 539 1548 3832 8452 17501 33945 33886
FAIL0=6 FAIL1=7 FAIL10=17501 FAIL11=33945 FAIL12=33886 FAIL2=11 FAIL3=25 FAIL4=58 FAIL5=189 FAIL6=539 FAIL7=1548 FAIL8=3832 FAIL9=8452 
