-- worker thread times 0 0 0 0 0 0 0 0 0 0 0 0 0 0 0 0 0 0 0 0 0 0 0 0 0 0 0 0 0 0 0 0 0 0 0 0 0 0 0 0 0 0 0 0 0 0 0 0 0 0 0 0 0 0 0 0 0 0 0 0 0 0 0
-- 4 <30
-- worker thread times 0 2 0 1 0 0 0 0 2 0 0 0 1 0 1 0 0 0 0 1 0 0 1 0 0 0 0 0 0 2 0 0 0 0 1 0 0 0 0 0 0 1 0 2 0 1 0 0 0 1 0 0 0 1 0 0 0 0 0 0 0 0 1
-- 6 <29
-- worker thread times 5 1 3 1 4 1 1 3 2 5 3 4 5 6 1 2 4 1 1 6 3 1 1 3 1 2 1 2 3 1 3 5 2 5 1 3 1 1 4 0 0 0 3 4 0 3 4 2 4 4 4 5 1 5 2 3 4 2 1 1 0 4 6
-- 11 <28
-- worker thread times 10 11 15 10 12 16 12 11 18 12 11 18 13 8 9 11 17 15 13 17 10 13 16 13 13 14 8 12 14 15 15 13 16 11 9 15 12 14 17 9 8 11 14 17 15 14 17 15 8 16 8 17 18 13 11 17 14 11 13 10 16 11 19
-- 24 <27
-- worker thread times 44 61 63 52 63 55 55 64 56 62 60 65 56 66 59 59 54 50 57 58 63 58 68 68 66 66 69 62 57 67 60 69 53 62 54 64 63 55 65 67 55 67 48 66 61 57 64 60 68 65 65 61 58 57 60 58 61 58 63 62 60 52 49
-- 75 <26
-- worker thread times 206 191 189 204 187 191 201 206 191 189 195 201 198 191 192 195 195 204 197 201 196 201 193 196 191 198 186 201 200 202 199 198 193 194 197 186 189 202 201 189 195 197 192 195 201 193 196 200 198 201 196 181 197 191 199 199 188 196 191 195 197 195 201
-- 211 <25
-- worker thread times 688 691 703 689 695 685 694 686 690 695 692 685 691 687 693 681 691 689 694 693 692 693 687 692 692 695 696 673 695 686 694 689 695 685 688 684 696 684 692 701 691 680 688 693 683 697 685 680 692 688 696 685 701 691 695 696 689 685 692 695 694 696 699
-- 709 <24
-- worker thread times 2454 2443 2445 2445 2432 2444 2444 2435 2445 2442 2442 2447 2441 2431 2453 2439 2437 2436 2447 2442 2442 2437 2436 2440 2441 2435 2443 2449 2443 2441 2451 2437 2443 2435 2435 2421 2443 2445 2440 2448 2435 2438 2441 2444 2438 2447 2436 2441 2437 2434 2453 2434 2443 2449 2433 2448 2434 2430 2447 2427 2432 2446 2443
-- 2459 <23
-- worker thread times 716 716 721 720 718 719 719 717 719 720 718 719 719 717 720 713 720 718 718 720 718 717 708 714 717 719 718 720 708 719 719 720 719 720 718 720 718 715 718 718 720 721 719 716 714 716 720 717 718 720 722 717 715 714 719 716 719 713 718 719 720 715 721
true 666619
(0 -> -1) (1 -> -1) (2 -> 2) (3 -> 17) (4 -> 28) (5 -> 6) (6 -> -1) (7 -> 3) (8 -> -1) (9 -> 19) (10 -> -1) (11 -> 0) (12 -> 24) (13 -> 1) (14 -> -1) (15 -> 10) (16 -> 21) (17 -> -1) (18 -> 23) (19 -> 7) (20 -> 11) (21 -> 29) (22 -> 26) (23 -> 13) (24 -> 25) (25 -> 16) (26 -> 20) (27 -> 14) (28 -> -1) (29 -> 5) 
4231 4 6 11 24 75 211 709 2459 726
EXCEPT=8 FAIL0=4 FAIL1=6 FAIL2=11 FAIL3=24 FAIL4=75 FAIL5=211 FAIL6=709 FAIL7=2459 SIZE=22 
