-- worker thread times 0 0 0 0 0 0 0 0 0 0 0 0 0 0 0 0 0 0 0 0 0 0 0 0 0 0 0 0 0 0 0 0 0 0 0 0 0 0 0 0 0 0 0 0 0 0 0 0 0 0 0 0 0 0 0 0 0 0 0 0 0 0 0
-- 5 <25
-- worker thread times 0 0 0 0 0 0 0 0 1 0 0 0 0 0 2 0 2 0 0 0 0 0 1 0 0 0 2 0 0 0 0 0 1 0 0 0 0 0 1 0 0 0 0 0 2 0 0 0 0 0 0 3 0 0 1 0 0 1 0 0 0 2 0
-- 7 <24
-- worker thread times 4 0 0 1 0 2 0 0 2 3 1 2 3 0 0 0 0 1 1 0 4 2 1 0 1 1 2 2 0 2 4 2 1 0 2 0 0 3 0 2 3 0 3 1 0 0 2 3 0 0 1 0 0 0 0 2 0 0 0 2 1 0 1
-- 8 <23
-- worker thread times 5 10 5 2 4 3 7 4 4 4 6 9 9 6 3 5 8 3 5 3 6 5 5 6 5 6 8 5 6 7 4 8 3 5 6 4 8 5 6 3 7 4 5 4 3 8 2 9 5 2 6 6 4 3 4 3 1 2 7 9 10 9 7
-- 15 <22
-- worker thread times 19 16 18 14 14 21 19 19 21 22 20 14 21 16 22 21 24 18 22 17 24 22 24 18 20 23 15 19 16 19 17 22 24 17 21 23 23 15 17 16 14 17 17 20 13 17 17 20 21 15 15 19 24 20 16 27 20 20 15 25 20 21 21
-- 31 <21
-- worker thread times 59 64 62 63 56 65 63 65 68 68 71 64 57 59 59 62 59 60 66 70 64 66 63 61 61 63 59 64 63 60 65 62 64 65 62 62 58 66 57 65 63 63 57 64 67 62 64 64 64 65 64 61 65 66 59 60 61 59 63 61 60 65 62
-- 76 <20
-- worker thread times 230 220 219 227 226 216 226 222 218 224 219 218 226 223 212 222 226 221 221 222 228 220 217 220 222 229 224 225 228 230 222 230 219 220 227 226 223 216 221 225 219 224 222 222 219 225 221 220 220 227 218 210 222 220 220 231 222 224 218 229 222 223 217
-- 237 <19
-- worker thread times 993 1004 994 998 988 995 997 992 998 995 988 987 981 1001 999 997 998 1003 993 998 991 991 998 984 992 980 997 1001 992 995 1000 999 983 987 991 1000 995 999 994 990 993 992 984 989 989 998 988 992 991 984 1001 994 994 1000 997 1005 1004 992 995 992 995 991 1005
-- 1013 <18
-- worker thread times 67 71 71 72 65 69 71 70 72 68 68 64 71 63 67 72 69 65 65 68 68 70 67 65 69 69 67 68 70 68 69 70 67 70 70 65 65 68 72 70 69 72 70 65 71 66 72 71 68 68 64 68 70 69 68 72 69 70 68 65 69 71 67
true 214006
(0 -> 0) (1 -> 7) (2 -> 1) (3 -> 5) (4 -> 23) (5 -> -1) (6 -> 16) (7 -> -1) (8 -> -1) (9 -> 6) (10 -> -1) (11 -> 14) (12 -> 12) (13 -> -1) (14 -> 24) (15 -> 8) (16 -> 15) (17 -> -1) (18 -> 22) (19 -> 18) (20 -> 13) (21 -> 3) (22 -> -1) (23 -> 2) (24 -> -1) 
1472 5 7 8 15 31 76 237 1013 76
EXCEPT=8 FAIL0=5 FAIL1=7 FAIL2=8 FAIL3=15 FAIL4=31 FAIL5=76 FAIL6=237 FAIL7=1013 SIZE=17 
