-- worker thread times 0 0 0 0 0 0 0 0 0 0 0 0 0 0 0 0 0 0 0 0 0 0 0 0 0 0 0 0 0 0 0 0 0 0 0 0 0 0 0 0 0 0 0 0 0 0 0 0 0 0 0 0 0 0 0 0 0 0 0 0 0 0 0
-- 6 <40
-- worker thread times 0 0 0 0 0 0 0 0 0 0 0 1 0 0 0 0 0 0 0 0 0 0 0 0 0 0 0 0 0 0 1 0 0 0 0 0 1 0 0 0 0 0 0 0 0 0 0 0 0 0 0 0 1 0 0 0 0 1 0 0 2 1 0
-- 8 <39
-- worker thread times 7 1 2 4 4 1 5 0 0 1 1 5 0 0 1 4 0 3 4 1 1 2 5 5 4 3 1 3 6 0 7 2 2 0 4 3 4 1 6 3 5 6 1 3 2 3 4 2 4 0 5 6 3 5 1 2 5 3 0 5 7 0 5
-- 13 <38
-- worker thread times 34 26 25 23 28 23 18 25 25 20 21 25 28 23 32 25 24 32 28 30 19 27 26 20 26 30 30 31 25 23 21 32 27 33 21 29 25 22 21 25 32 28 23 31 31 20 25 27 23 28 27 30 26 29 25 26 25 23 27 25 25 31 28
-- 39 <37
-- worker thread times 170 172 179 169 169 176 162 170 165 168 165 169 163 172 170 167 167 166 171 176 175 165 167 169 175 171 163 170 172 168 175 172 164 166 177 172 170 167 170 163 160 172 164 177 170 173 169 170 164 163 172 176 169 172 175 170 171 169 168 172 170 170 166
-- 185 <36
-- worker thread times 897 892 893 891 887 887 888 900 891 883 898 897 897 901 896 893 900 899 897 896 888 895 895 891 895 900 895 891 890 888 888 895 894 893 891 886 894 886 891 889 896 892 893 893 901 892 891 895 882 879 888 880 897 885 893 884 899 899 896 877 897 894 902
-- 908 <35
-- worker thread times 4418 4414 4422 4430 4416 4421 4431 4423 4420 4428 4417 4419 4426 4420 4428 4422 4430 4425 4426 4427 4420 4418 4429 4418 4420 4429 4411 4430 4417 4414 4422 4416 4420 4422 4413 4426 4420 4416 4421 4419 4429 4424 4414 4409 4423 4433 4417 4415 4425 4427 4428 4426 4422 4418 4429 4413 4416 4422 4432 4425 4410 4417 4420
-- 4440 <34
-- worker thread times 23432 23432 23440 23443 23435 23444 23442 23433 23429 23437 23436 23433 23434 23426 23442 23443 23438 23440 23438 23434 23434 23439 23440 23433 23433 23424 23431 23444 23446 23442 23442 23431 23439 23434 23444 23452 23435 23435 23438 23453 23446 23435 23441 23435 23445 23436 23444 23434 23446 23436 23448 23448 23444 23441 23443 23454 23436 23430 23450 23443 23452 23432 23429
-- 23460 <33
-- worker thread times 70932 70933 70933 70932 70931 70935 70931 70934 70922 70928 70932 70930 70930 70934 70931 70930 70933 70935 70925 70933 70931 70933 70932 70929 70928 70929 70934 70934 70932 70925 70927 70931 70925 70933 70931 70933 70921 70926 70934 70931 70930 70926 70933 70934 70934 70935 70933 70932 70931 70928 70930 70931 70931 70933 70934 70931 70935 70931 70932 70930 70933 70931 70928
-- 70941 <32
false 16215644 aborted

100007 6 8 13 39 185 908 4440 23460 70941
FAIL0=6 FAIL1=8 FAIL2=13 FAIL3=39 FAIL4=185 FAIL5=908 FAIL6=4440 FAIL7=23460 FAIL8=70941 
