-- 50 1
-- 50 2
-- 50 3
-- 51 4
-- 51 5
-- 51 6
-- 51 7
-- 51 8
-- 51 9
-- 51 10
-- 51 11
-- 51 12
-- 51 13
-- 51 14
-- 51 15
-- 51 16
-- 51 17
-- 51 18
-- 51 19
-- 51 20
-- 51 21
-- 51 22
-- 51 23
-- 51 24
-- 51 25
-- 51 26
-- 51 27
true 7936073 27
(1 -> 18) (4 -> 48) (5 -> 8) (7 -> 13) (8 -> 35) (10 -> 54) (11 -> 62) (12 -> 47) (13 -> 59) (23 -> 17) (24 -> 38) (25 -> 5) (26 -> 63) (27 -> 64) (31 -> 29) (34 -> 42) (35 -> 55) (41 -> 60) (42 -> 66) (43 -> 32) (52 -> 27) (57 -> 1) (58 -> 21) (60 -> 65) (61 -> 51) (67 -> 12) (69 -> 11) 
13742
