-- 121 1
-- 122 2
-- 122 3
-- 122 4
-- 122 5
-- 122 6
-- 122 7
-- 122 8
-- 122 9
-- 122 10
-- 122 11
-- 122 12
-- 122 13
-- 122 14
-- 122 15
-- 122 16
-- 123 17
-- 124 18
-- 124 19
-- 124 20
-- 124 21
-- 124 22
-- 124 23
-- 124 24
-- 124 25
-- 124 26
-- 124 27
true 913570 27
(5 -> 46) (9 -> 3) (10 -> 64) (11 -> 30) (15 -> 8) (21 -> 33) (25 -> 47) (26 -> 54) (27 -> 25) (31 -> 88) (32 -> 6) (33 -> 40) (38 -> 86) (39 -> 5) (45 -> 32) (46 -> 69) (47 -> 45) (53 -> 4) (54 -> 1) (59 -> 76) (66 -> 52) (68 -> 89) (69 -> 34) (72 -> 80) (74 -> 39) (82 -> 63) (86 -> 42) 
3627
