-- 72 1
-- 72 2
-- 72 3
-- 72 4
-- 72 5
-- 72 6
-- 72 7
-- 72 8
-- 72 9
-- 72 10
-- 72 11
-- 72 12
-- 72 13
-- 72 14
-- 72 15
-- 72 16
-- 72 17
-- 72 18
-- 72 19
-- 72 20
-- 72 21
-- 72 22
-- 72 23
-- 72 24
-- 72 25
-- 72 26
-- 72 27
true 40187716 aborted 27
(5 -> 28) (8 -> 38) (9 -> 67) (10 -> 51) (12 -> 1) (21 -> 43) (23 -> 17) (24 -> 59) (25 -> 35) (27 -> 66) (28 -> 75) (31 -> 50) (32 -> 69) (51 -> 32) (53 -> 79) (54 -> 62) (61 -> 8) (62 -> 5) (65 -> 19) (69 -> 42) (70 -> 54) (72 -> 36) (73 -> 61) (75 -> 7) (76 -> 52) (77 -> 63) (78 -> 68) 
100000
