-- 68 1
-- 68 2
-- 68 3
-- 68 4
-- 68 5
-- 68 6
-- 68 7
-- 68 8
-- 68 9
-- 68 10
-- 68 11
-- 68 12
-- 68 13
-- 68 14
-- 68 15
-- 68 16
-- 68 17
-- 68 18
-- 68 19
-- 68 20
-- 68 21
-- 68 22
-- 68 23
-- 68 24
-- 68 25
-- 68 26
-- 68 27
true 47828487 27
(0 -> 44) (7 -> 66) (13 -> 4) (17 -> 5) (20 -> 25) (21 -> 65) (27 -> 0) (29 -> 18) (33 -> 51) (37 -> 46) (39 -> 49) (41 -> 73) (44 -> 71) (45 -> 88) (48 -> 19) (49 -> 99) (58 -> 48) (61 -> 37) (65 -> 78) (66 -> 10) (69 -> 42) (71 -> 57) (78 -> 79) (79 -> 75) (82 -> 50) (88 -> 72) (89 -> 53) 
95097
