-- 130 1
-- 130 2
-- 130 3
-- 130 4
-- 130 5
-- 130 6
-- 130 7
-- 130 8
-- 130 9
-- 131 10
-- 131 11
-- 131 12
-- 131 13
-- 131 14
-- 131 15
-- 131 16
-- 131 17
-- 131 18
-- 131 19
-- 131 20
-- 131 21
-- 131 22
-- 131 23
-- 131 24
-- 131 25
-- 131 26
-- 131 27
true 28695466 aborted 27
(4 -> 5) (6 -> 78) (7 -> 72) (8 -> 8) (10 -> 42) (14 -> 43) (16 -> 3) (20 -> 69) (26 -> 34) (31 -> 13) (34 -> 23) (38 -> 54) (39 -> 77) (41 -> 2) (44 -> 7) (47 -> 35) (59 -> 15) (60 -> 16) (61 -> 75) (66 -> 55) (68 -> 14) (69 -> 33) (78 -> 45) (81 -> 11) (82 -> 32) (84 -> 48) (87 -> 38) 
100000
