-- 123 1
-- 123 2
-- 123 3
-- 123 4
-- 123 5
-- 123 6
-- 123 7
-- 123 8
-- 123 9
-- 123 10
-- 123 11
-- 123 12
-- 123 13
-- 123 14
-- 123 15
-- 123 16
-- 123 17
-- 123 18
-- 123 19
-- 123 20
-- 123 21
-- 123 22
-- 123 23
-- 123 24
-- 123 25
-- 123 26
true 45633438 aborted 26
(0 -> 64) (1 -> 45) (4 -> 54) (6 -> 49) (7 -> 61) (8 -> 37) (13 -> 6) (14 -> 14) (18 -> 35) (22 -> 7) (28 -> 87) (30 -> 29) (31 -> 3) (37 -> 89) (40 -> 81) (43 -> 65) (45 -> 38) (52 -> 69) (56 -> 40) (57 -> 46) (58 -> 36) (66 -> 82) (70 -> 24) (79 -> 73) (84 -> 48) (86 -> 1) 
100000
