-- 65 1
-- 65 2
-- 65 3
-- 65 4
-- 65 5
-- 65 6
-- 65 7
-- 65 8
-- 65 9
-- 65 10
-- 65 11
-- 65 12
-- 65 13
-- 65 14
-- 65 15
-- 65 16
-- 65 17
-- 65 18
-- 65 19
-- 65 20
-- 65 21
-- 65 22
-- 65 23
-- 65 24
-- 65 25
-- 65 26
-- 65 27
-- 65 28
-- 65 29
-- 65 30
true 740640 30
(3 -> 0) (4 -> 8) (7 -> 29) (8 -> 58) (9 -> 51) (10 -> 38) (13 -> 62) (16 -> 93) (18 -> 59) (19 -> 40) (23 -> 49) (25 -> 22) (29 -> 82) (30 -> 1) (31 -> 88) (33 -> 66) (34 -> 32) (36 -> 12) (41 -> 34) (43 -> 45) (44 -> 71) (53 -> 56) (58 -> 2) (59 -> 7) (61 -> 76) (68 -> 25) (69 -> 48) (70 -> 87) (80 -> 24) (86 -> 42) 
2292
