-- 75 1
-- 75 2
-- 75 3
-- 75 4
-- 75 5
-- 75 6
-- 75 7
-- 75 8
-- 75 9
-- 75 10
-- 75 11
-- 75 12
-- 75 13
-- 75 14
-- 75 15
-- 75 16
-- 75 17
-- 75 18
-- 75 19
-- 75 20
-- 75 21
-- 75 22
-- 75 23
-- 75 24
-- 75 25
true 6929999 25
(0 -> 27) (4 -> 5) (9 -> 34) (10 -> 59) (15 -> 78) (24 -> 73) (25 -> 10) (26 -> 56) (32 -> 28) (37 -> 18) (39 -> 66) (40 -> 50) (44 -> 68) (47 -> 60) (51 -> 64) (55 -> 43) (60 -> 48) (62 -> 3) (68 -> 12) (71 -> 63) (72 -> 69) (73 -> 16) (74 -> 2) (76 -> 15) (78 -> 26) 
16756
