-- 51 1
-- 51 2
-- 51 3
-- 51 4
-- 51 5
-- 51 6
-- 51 7
-- 51 8
-- 51 9
-- 51 10
-- 51 11
-- 51 12
-- 51 13
-- 51 14
-- 51 15
-- 51 16
-- 51 17
-- 51 18
-- 51 19
-- 51 20
-- 51 21
-- 51 22
-- 51 23
-- 51 24
-- 51 25
-- 51 26
-- 51 27
true 1208228 27
(0 -> 28) (3 -> 15) (4 -> 1) (6 -> 67) (9 -> 56) (10 -> 27) (11 -> 44) (13 -> 37) (15 -> 35) (16 -> 36) (17 -> 20) (21 -> 5) (22 -> 46) (27 -> 29) (28 -> 57) (35 -> 41) (37 -> 62) (45 -> 34) (49 -> 25) (50 -> 8) (55 -> 53) (56 -> 51) (59 -> 3) (60 -> 9) (62 -> 10) (64 -> 6) (65 -> 19) 
2392
