-- 133 1
-- 133 2
-- 133 3
-- 133 4
-- 133 5
-- 133 6
-- 133 7
-- 133 8
-- 133 9
-- 133 10
-- 133 11
-- 133 12
-- 133 13
-- 133 14
-- 133 15
-- 133 16
-- 133 17
-- 133 18
-- 133 19
-- 133 20
-- 133 21
-- 133 22
-- 133 23
-- 133 24
-- 133 25
true 27547092 25
(3 -> 54) (4 -> 20) (5 -> 70) (8 -> 22) (9 -> 73) (11 -> 14) (13 -> 68) (14 -> 4) (15 -> 77) (18 -> 38) (30 -> 12) (33 -> 1) (35 -> 63) (45 -> 79) (46 -> 34) (47 -> 87) (60 -> 19) (63 -> 76) (64 -> 80) (69 -> 11) (70 -> 13) (71 -> 6) (75 -> 39) (76 -> 55) (81 -> 15) 
74296
