-- 73 1
-- 73 2
-- 73 3
-- 73 4
-- 73 5
-- 73 6
-- 73 7
-- 73 8
-- 73 9
-- 73 10
-- 73 11
-- 73 12
-- 73 13
-- 73 14
-- 73 15
-- 73 16
-- 73 17
-- 73 18
-- 73 19
-- 73 20
-- 73 21
-- 73 22
-- 73 23
-- 73 24
-- 73 25
-- 73 26
-- 73 27
true 45702563 27
(1 -> 52) (3 -> 77) (4 -> 53) (9 -> 33) (15 -> 74) (17 -> 45) (23 -> 43) (26 -> 49) (27 -> 36) (31 -> 63) (33 -> 62) (34 -> 10) (36 -> 47) (38 -> 11) (39 -> 15) (40 -> 22) (45 -> 17) (52 -> 61) (54 -> 8) (55 -> 31) (56 -> 66) (60 -> 3) (66 -> 12) (68 -> 37) (73 -> 38) (76 -> 7) (79 -> 60) 
93493
