-- 139 1
-- 139 2
-- 139 3
-- 139 4
-- 139 5
-- 139 6
-- 139 7
-- 139 8
-- 139 9
-- 139 10
-- 139 11
-- 139 12
-- 139 13
-- 139 14
-- 139 15
-- 139 16
-- 139 17
-- 139 18
-- 139 19
-- 139 20
-- 139 21
-- 139 22
-- 139 23
-- 139 24
-- 139 25
-- 139 26
-- 139 27
true 26576541 aborted 27
(0 -> 59) (2 -> 16) (10 -> 51) (12 -> 62) (18 -> 68) (20 -> 39) (27 -> 69) (28 -> 2) (32 -> 72) (41 -> 28) (43 -> 89) (44 -> 9) (49 -> 26) (50 -> 18) (54 -> 10) (57 -> 34) (60 -> 24) (62 -> 70) (69 -> 7) (70 -> 84) (71 -> 48) (72 -> 82) (75 -> 41) (79 -> 79) (80 -> 67) (82 -> 53) (88 -> 21) 
100000
