-- 75 1
-- 75 2
-- 75 3
-- 75 4
-- 75 5
-- 75 6
-- 75 7
-- 75 8
-- 75 9
-- 75 10
-- 75 11
-- 75 12
-- 75 13
-- 75 14
-- 75 15
-- 75 16
-- 75 17
-- 75 18
-- 75 19
-- 75 20
-- 75 21
-- 75 22
-- 75 23
-- 75 24
-- 75 25
-- 75 26
true 36974803 26
(3 -> 51) (5 -> 67) (6 -> 17) (7 -> 55) (14 -> 15) (15 -> 2) (16 -> 50) (21 -> 34) (22 -> 13) (34 -> 14) (36 -> 77) (37 -> 71) (38 -> 70) (39 -> 69) (40 -> 4) (44 -> 18) (45 -> 0) (48 -> 63) (49 -> 1) (54 -> 6) (59 -> 56) (60 -> 5) (61 -> 68) (63 -> 25) (70 -> 16) (75 -> 28) 
83213
