-- 41 1
-- 41 2
-- 41 3
-- 41 4
-- 41 5
-- 41 6
-- 41 7
-- 41 8
-- 41 9
-- 41 10
-- 41 11
-- 41 12
-- 41 13
-- 41 14
-- 41 15
-- 41 16
-- 41 17
-- 41 18
-- 41 19
-- 41 20
-- 41 21
-- 41 22
-- 41 23
-- 41 24
-- 41 25
true 2301304 25
(5 -> 31) (8 -> 4) (9 -> 12) (11 -> 10) (12 -> 60) (21 -> 15) (22 -> 22) (23 -> 35) (25 -> 69) (26 -> 43) (28 -> 49) (35 -> 50) (36 -> 45) (38 -> 23) (42 -> 47) (43 -> 29) (49 -> 66) (52 -> 61) (53 -> 6) (54 -> 56) (56 -> 63) (57 -> 13) (64 -> 52) (65 -> 14) (67 -> 24) 
4238
