-- 36 1
-- 36 2
-- 36 3
-- 36 4
-- 36 5
-- 36 6
-- 36 7
-- 36 8
-- 36 9
-- 36 10
-- 36 11
-- 36 12
-- 36 13
-- 36 14
-- 36 15
-- 36 16
-- 36 17
-- 36 18
-- 36 19
-- 36 20
-- 36 21
-- 37 22
-- 37 23
-- 37 24
-- 37 25
-- 37 26
-- 37 27
true 35736 27
(2 -> 26) (3 -> 25) (4 -> 5) (6 -> 34) (8 -> 47) (9 -> 7) (11 -> 48) (12 -> 19) (13 -> 13) (15 -> 3) (16 -> 42) (17 -> 49) (18 -> 8) (19 -> 18) (20 -> 9) (21 -> 6) (24 -> 44) (25 -> 29) (26 -> 0) (27 -> 37) (32 -> 35) (33 -> 23) (36 -> 15) (40 -> 2) (41 -> 1) (44 -> 4) (49 -> 28) 
108
