-- 20 1
-- 20 2
-- 20 3
-- 20 4
-- 20 5
-- 20 6
-- 20 7
-- 20 8
-- 20 9
-- 20 10
-- 20 11
-- 20 12
-- 20 13
-- 20 14
-- 20 15
-- 20 16
-- 20 17
-- 20 18
-- 20 19
-- 20 20
-- 20 21
-- 20 22
-- 20 23
-- 20 24
-- 20 25
-- 20 26
-- 20 27
true 30274 27
(0 -> 5) (2 -> 42) (3 -> 2) (6 -> 45) (7 -> 11) (8 -> 6) (9 -> 28) (12 -> 12) (13 -> 8) (15 -> 41) (17 -> 13) (18 -> 49) (21 -> 54) (23 -> 33) (25 -> 53) (27 -> 59) (29 -> 19) (32 -> 16) (33 -> 39) (35 -> 1) (36 -> 15) (44 -> 37) (47 -> 10) (49 -> 25) (53 -> 7) (54 -> 17) (56 -> 38) 
59
