-- 131 1
-- 131 2
-- 131 3
-- 132 4
-- 132 5
-- 132 6
-- 132 7
-- 132 8
-- 132 9
-- 132 10
-- 132 11
-- 132 12
-- 132 13
-- 132 14
-- 132 15
-- 132 16
-- 132 17
-- 132 18
-- 132 19
-- 132 20
-- 132 21
-- 132 22
-- 132 23
-- 132 24
-- 132 25
-- 132 26
-- 132 27
-- 132 28
-- 132 29
-- 132 30
-- 132 31
-- 132 32
-- 132 33
-- 132 34
-- 132 35
-- 132 36
-- 132 37
-- 132 38
-- 132 39
-- 132 40
-- 132 41
-- 132 42
-- 132 43
-- 132 44
true 34387945 aborted 44
(0 -> 29) (1 -> 58) (3 -> 51) (4 -> 24) (11 -> 79) (12 -> 14) (13 -> 31) (19 -> 49) (21 -> 86) (22 -> 43) (23 -> 42) (25 -> 2) (29 -> 56) (30 -> 70) (32 -> 69) (33 -> 23) (35 -> 13) (36 -> 53) (38 -> 44) (40 -> 62) (41 -> 41) (42 -> 78) (43 -> 12) (44 -> 54) (47 -> 82) (48 -> 30) (50 -> 22) (53 -> 20) (57 -> 37) (58 -> 16) (59 -> 6) (60 -> 21) (61 -> 55) (63 -> 36) (65 -> 76) (66 -> 50) (71 -> 15) (72 -> 17) (74 -> 68) (75 -> 32) (77 -> 3) (80 -> 87) (85 -> 89) (86 -> 4) 
100000
