-- 139 1
-- 139 2
-- 139 3
-- 139 4
-- 139 5
-- 139 6
-- 139 7
-- 140 8
-- 140 9
-- 140 10
-- 140 11
-- 140 12
-- 140 13
-- 140 14
-- 140 15
-- 140 16
-- 140 17
-- 140 18
-- 140 19
-- 140 20
-- 140 21
-- 140 22
-- 140 23
-- 140 24
-- 140 25
-- 140 26
-- 140 27
-- 140 28
-- 140 29
-- 140 30
-- 140 31
-- 140 32
-- 140 33
-- 140 34
-- 140 35
-- 140 36
-- 140 37
-- 140 38
-- 140 39
-- 140 40
-- 140 41
-- 140 42
-- 140 43
-- 140 44
-- 140 45
-- 140 46
-- 140 47
-- 140 48
true 26386784 aborted 48
(0 -> 6) (4 -> 87) (9 -> 55) (10 -> 27) (11 -> 84) (12 -> 22) (13 -> 21) (14 -> 65) (15 -> 67) (19 -> 44) (22 -> 88) (23 -> 4) (24 -> 69) (25 -> 36) (26 -> 66) (27 -> 59) (29 -> 11) (31 -> 85) (34 -> 62) (35 -> 18) (36 -> 35) (37 -> 5) (38 -> 61) (41 -> 80) (42 -> 41) (43 -> 19) (46 -> 15) (47 -> 28) (50 -> 50) (51 -> 2) (52 -> 26) (55 -> 74) (57 -> 76) (59 -> 43) (60 -> 58) (62 -> 72) (63 -> 53) (65 -> 42) (67 -> 12) (69 -> 29) (76 -> 17) (78 -> 63) (79 -> 46) (81 -> 20) (82 -> 23) (86 -> 30) (87 -> 60) (88 -> 31) 
100000
