-- 121 1
-- 121 2
-- 121 3
-- 121 4
-- 121 5
-- 121 6
-- 121 7
-- 121 8
-- 121 9
-- 121 10
-- 121 11
-- 121 12
-- 121 13
-- 121 14
-- 121 15
-- 121 16
-- 121 17
-- 121 18
-- 121 19
-- 121 20
-- 121 21
-- 121 22
-- 121 23
-- 121 24
-- 121 25
-- 121 26
-- 121 27
-- 121 28
-- 121 29
-- 121 30
-- 121 31
-- 121 32
-- 121 33
-- 121 34
-- 121 35
-- 121 36
-- 121 37
-- 121 38
-- 121 39
-- 121 40
-- 121 41
-- 121 42
-- 121 43
-- 121 44
true 36789194 aborted 44
(0 -> 30) (3 -> 44) (6 -> 35) (8 -> 29) (9 -> 6) (11 -> 77) (12 -> 71) (13 -> 38) (14 -> 8) (16 -> 52) (19 -> 21) (21 -> 56) (22 -> 84) (30 -> 79) (31 -> 1) (33 -> 33) (34 -> 49) (35 -> 72) (36 -> 16) (38 -> 27) (39 -> 19) (43 -> 42) (44 -> 65) (46 -> 18) (48 -> 23) (49 -> 80) (50 -> 34) (52 -> 7) (53 -> 78) (61 -> 63) (62 -> 2) (64 -> 81) (73 -> 0) (74 -> 88) (75 -> 67) (78 -> 57) (79 -> 15) (80 -> 13) (81 -> 5) (85 -> 31) (86 -> 22) (87 -> 24) (88 -> 83) (89 -> 62) 
100000
