-- 47 1
-- 47 2
-- 47 3
-- 47 4
-- 47 5
-- 47 6
-- 47 7
-- 47 8
-- 47 9
-- 47 10
-- 47 11
-- 47 12
-- 47 13
-- 47 14
-- 47 15
-- 47 16
-- 47 17
-- 47 18
-- 47 19
-- 47 20
-- 47 21
-- 47 22
-- 47 23
-- 47 24
-- 47 25
-- 47 26
-- 47 27
true 18722 27
(0 -> 5) (1 -> 38) (2 -> 30) (4 -> 27) (5 -> 24) (6 -> 33) (13 -> 4) (14 -> 21) (15 -> 23) (20 -> 1) (21 -> 15) (23 -> 19) (24 -> 32) (25 -> 17) (28 -> 22) (29 -> 31) (30 -> 18) (31 -> 37) (35 -> 14) (36 -> 16) (38 -> 49) (39 -> 7) (44 -> 26) (45 -> 11) (47 -> 36) (48 -> 0) (49 -> 46) 
97
