-- 21 1
-- 21 2
-- 21 3
-- 21 4
-- 21 5
-- 21 6
-- 21 7
-- 21 8
-- 21 9
-- 21 10
-- 21 11
-- 21 12
-- 21 13
-- 21 14
-- 21 15
-- 21 16
-- 21 17
-- 21 18
-- 21 19
-- 21 20
-- 21 21
-- 21 22
-- 21 23
-- 21 24
-- 21 25
-- 21 26
-- 21 27
-- 21 28
-- 21 29
-- 21 30
true 4936 30
(0 -> 22) (1 -> 34) (3 -> 58) (5 -> 44) (6 -> 11) (9 -> 48) (10 -> 13) (12 -> 43) (15 -> 15) (16 -> 10) (21 -> 24) (22 -> 51) (23 -> 35) (24 -> 29) (25 -> 45) (26 -> 57) (29 -> 36) (31 -> 55) (33 -> 12) (35 -> 1) (36 -> 52) (40 -> 40) (41 -> 14) (45 -> 47) (46 -> 16) (47 -> 21) (48 -> 18) (50 -> 53) (57 -> 41) (59 -> 59) 
29
