-- 22 1
-- 22 2
-- 22 3
-- 22 4
-- 22 5
-- 22 6
-- 22 7
-- 22 8
-- 22 9
-- 22 10
-- 22 11
-- 22 12
-- 22 13
-- 22 14
-- 22 15
-- 22 16
-- 22 17
-- 22 18
-- 22 19
-- 22 20
-- 22 21
-- 22 22
-- 22 23
-- 22 24
-- 22 25
-- 22 26
-- 22 27
-- 22 28
-- 22 29
-- 22 30
true 253184 30
(1 -> 16) (3 -> 47) (6 -> 56) (7 -> 53) (8 -> 54) (10 -> 13) (11 -> 30) (12 -> 50) (14 -> 3) (15 -> 34) (18 -> 40) (20 -> 58) (23 -> 10) (27 -> 42) (29 -> 21) (30 -> 44) (31 -> 46) (35 -> 12) (37 -> 9) (39 -> 35) (40 -> 37) (44 -> 24) (45 -> 6) (46 -> 7) (47 -> 55) (49 -> 22) (50 -> 52) (56 -> 0) (57 -> 51) (59 -> 4) 
380
