-- 34 1
-- 34 2
-- 34 3
-- 34 4
-- 34 5
-- 34 6
-- 34 7
-- 34 8
-- 34 9
-- 34 10
-- 34 11
-- 34 12
-- 35 13
-- 35 14
-- 35 15
-- 35 16
-- 35 17
-- 35 18
-- 35 19
-- 35 20
-- 35 21
-- 35 22
-- 35 23
-- 35 24
-- 35 25
-- 35 26
-- 35 27
true 23765 27
(1 -> 24) (5 -> 27) (12 -> 47) (14 -> 42) (15 -> 6) (19 -> 28) (21 -> 16) (23 -> 14) (24 -> 38) (25 -> 4) (27 -> 5) (28 -> 33) (29 -> 1) (30 -> 48) (31 -> 12) (33 -> 34) (34 -> 30) (38 -> 2) (39 -> 20) (40 -> 31) (42 -> 8) (43 -> 10) (44 -> 13) (45 -> 9) (46 -> 37) (48 -> 23) (49 -> 18) 
86
