-- 162 1
-- 162 2
-- 162 3
-- 162 4
-- 162 5
-- 162 6
-- 162 7
-- 162 8
-- 162 9
-- 162 10
-- 162 11
-- 162 12
-- 162 13
-- 162 14
-- 162 15
-- 162 16
-- 162 17
-- 162 18
-- 162 19
-- 162 20
-- 162 21
-- 162 22
-- 162 23
-- 162 24
-- 162 25
-- 162 26
-- 162 27
-- 162 28
-- 163 29
-- 163 30
-- 163 31
-- 163 32
-- 163 33
-- 163 34
-- 163 35
-- 163 36
-- 163 37
-- 163 38
-- 163 39
-- 163 40
-- 163 41
-- 163 42
-- 163 43
-- 163 44
true 29433200 aborted 44
(0 -> 9) (3 -> 88) (7 -> 67) (9 -> 78) (13 -> 7) (15 -> 13) (16 -> 59) (17 -> 82) (21 -> 34) (22 -> 80) (23 -> 19) (24 -> 11) (27 -> 10) (28 -> 40) (30 -> 68) (32 -> 57) (35 -> 53) (36 -> 22) (37 -> 2) (39 -> 87) (41 -> 25) (44 -> 38) (46 -> 73) (48 -> 55) (51 -> 69) (52 -> 77) (53 -> 14) (54 -> 71) (56 -> 33) (59 -> 83) (61 -> 63) (65 -> 70) (70 -> 6) (72 -> 21) (74 -> 15) (75 -> 24) (76 -> 20) (79 -> 81) (81 -> 64) (82 -> 48) (83 -> 89) (84 -> 27) (88 -> 84) (89 -> 32) 
100000
