-- 137 1
-- 137 2
-- 137 3
-- 137 4
-- 137 5
-- 137 6
-- 137 7
-- 137 8
-- 137 9
-- 137 10
-- 137 11
-- 137 12
-- 137 13
-- 137 14
-- 137 15
-- 137 16
-- 137 17
-- 137 18
-- 137 19
-- 137 20
-- 138 21
-- 138 22
-- 138 23
-- 138 24
-- 138 25
-- 138 26
-- 138 27
-- 138 28
-- 138 29
-- 138 30
-- 138 31
-- 138 32
-- 138 33
-- 138 34
-- 138 35
-- 138 36
-- 138 37
-- 138 38
-- 138 39
-- 138 40
-- 138 41
-- 138 42
-- 138 43
-- 138 44
true 40066352 aborted 44
(0 -> 5) (2 -> 83) (9 -> 31) (10 -> 13) (14 -> 1) (20 -> 49) (21 -> 86) (23 -> 84) (25 -> 37) (27 -> 76) (28 -> 52) (29 -> 22) (30 -> 62) (31 -> 41) (32 -> 87) (34 -> 24) (35 -> 77) (36 -> 9) (40 -> 0) (41 -> 30) (42 -> 25) (43 -> 79) (45 -> 4) (48 -> 75) (49 -> 46) (59 -> 12) (61 -> 78) (63 -> 17) (64 -> 67) (65 -> 36) (66 -> 66) (67 -> 53) (68 -> 70) (69 -> 47) (71 -> 64) (72 -> 71) (73 -> 21) (75 -> 16) (78 -> 32) (79 -> 74) (80 -> 81) (85 -> 33) (87 -> 43) (88 -> 57) 
100000
