-- 46 1
-- 46 2
-- 46 3
-- 46 4
-- 46 5
-- 46 6
-- 46 7
-- 46 8
-- 46 9
-- 46 10
-- 46 11
-- 46 12
-- 46 13
-- 46 14
-- 46 15
-- 46 16
-- 46 17
-- 46 18
-- 46 19
-- 46 20
-- 46 21
-- 46 22
-- 46 23
-- 46 24
-- 46 25
-- 46 26
-- 46 27
-- 46 28
-- 46 29
-- 46 30
-- 46 31
-- 46 32
-- 46 33
-- 46 34
-- 46 35
-- 46 36
-- 46 37
-- 46 38
-- 46 39
-- 46 40
-- 46 41
-- 46 42
-- 46 43
-- 46 44
-- 46 45
true 4693 45
(0 -> 18) (1 -> 26) (2 -> 17) (4 -> 49) (7 -> 66) (8 -> 62) (9 -> 36) (10 -> 42) (11 -> 45) (12 -> 9) (13 -> 40) (14 -> 14) (15 -> 10) (16 -> 1) (17 -> 46) (18 -> 27) (19 -> 51) (22 -> 33) (23 -> 15) (28 -> 54) (30 -> 30) (31 -> 65) (32 -> 0) (35 -> 23) (36 -> 3) (37 -> 25) (38 -> 56) (39 -> 31) (41 -> 43) (44 -> 6) (47 -> 69) (49 -> 55) (50 -> 24) (52 -> 29) (53 -> 48) (54 -> 41) (55 -> 60) (56 -> 16) (57 -> 21) (59 -> 35) (60 -> 12) (61 -> 52) (65 -> 19) (66 -> 32) (68 -> 11) 
56
