-- 30 1
-- 30 2
-- 30 3
-- 30 4
-- 30 5
-- 30 6
-- 30 7
-- 30 8
-- 30 9
-- 30 10
-- 30 11
-- 30 12
-- 30 13
-- 30 14
-- 30 15
-- 30 16
-- 30 17
-- 30 18
-- 30 19
-- 30 20
-- 30 21
-- 30 22
-- 30 23
-- 30 24
-- 30 25
-- 30 26
-- 30 27
-- 30 28
-- 30 29
-- 30 30
-- 30 31
-- 30 32
-- 30 33
-- 30 34
-- 30 35
-- 30 36
true 15479 36
(0 -> 9) (1 -> 18) (3 -> 37) (5 -> 43) (6 -> 6) (7 -> 27) (8 -> 41) (11 -> 42) (12 -> 59) (14 -> 40) (15 -> 51) (16 -> 2) (18 -> 11) (19 -> 19) (20 -> 10) (21 -> 16) (22 -> 53) (24 -> 58) (25 -> 26) (28 -> 13) (32 -> 5) (33 -> 20) (34 -> 46) (35 -> 14) (38 -> 52) (39 -> 55) (43 -> 44) (44 -> 45) (46 -> 1) (47 -> 48) (48 -> 8) (50 -> 47) (55 -> 33) (57 -> 36) (58 -> 56) (59 -> 25) 
66
