-- 193 1
-- 193 2
-- 194 3
-- 194 4
-- 194 5
-- 194 6
-- 194 7
-- 194 8
-- 194 9
-- 194 10
-- 194 11
-- 194 12
-- 194 13
-- 194 14
-- 194 15
-- 194 16
-- 194 17
-- 194 18
-- 194 19
-- 194 20
-- 194 21
-- 194 22
-- 194 23
-- 194 24
-- 194 25
-- 194 26
-- 194 27
-- 194 28
-- 194 29
-- 194 30
-- 194 31
-- 194 32
-- 194 33
-- 194 34
-- 194 35
-- 194 36
-- 194 37
-- 194 38
-- 194 39
-- 194 40
-- 194 41
-- 194 42
-- 194 43
-- 194 44
-- 194 45
-- 194 46
-- 194 47
-- 194 48
-- 194 49
-- 194 50
-- 194 51
-- 194 52
-- 194 53
-- 194 54
-- 194 55
-- 194 56
-- 194 57
-- 194 58
-- 195 59
-- 195 60
-- 195 61
-- 195 62
-- 195 63
true 1051639 63
(0 -> 43) (2 -> 11) (4 -> 39) (5 -> 54) (6 -> 24) (7 -> 21) (9 -> 5) (10 -> 55) (11 -> 1) (13 -> 33) (14 -> 30) (15 -> 38) (16 -> 48) (17 -> 85) (19 -> 81) (20 -> 46) (21 -> 28) (22 -> 74) (24 -> 15) (25 -> 29) (27 -> 10) (30 -> 61) (31 -> 49) (32 -> 32) (33 -> 4) (34 -> 25) (35 -> 62) (36 -> 42) (38 -> 70) (39 -> 7) (41 -> 17) (42 -> 77) (43 -> 78) (47 -> 13) (48 -> 87) (49 -> 75) (50 -> 83) (51 -> 8) (52 -> 27) (53 -> 12) (54 -> 67) (55 -> 59) (56 -> 64) (57 -> 58) (58 -> 36) (59 -> 31) (60 -> 41) (61 -> 71) (62 -> 9) (63 -> 45) (65 -> 6) (66 -> 68) (69 -> 89) (71 -> 26) (73 -> 23) (75 -> 2) (76 -> 3) (81 -> 22) (82 -> 37) (84 -> 86) (85 -> 16) (87 -> 84) (88 -> 79) 
5957
