-- 67 1
-- 67 2
-- 67 3
-- 67 4
-- 67 5
-- 67 6
-- 67 7
-- 67 8
-- 67 9
-- 67 10
-- 67 11
-- 67 12
-- 67 13
-- 67 14
-- 67 15
-- 67 16
-- 67 17
-- 67 18
-- 67 19
-- 67 20
-- 67 21
-- 67 22
-- 67 23
-- 67 24
-- 68 25
-- 68 26
-- 68 27
-- 68 28
-- 68 29
-- 68 30
-- 68 31
-- 68 32
-- 68 33
-- 68 34
-- 68 35
-- 68 36
-- 68 37
-- 68 38
-- 68 39
-- 68 40
-- 68 41
-- 68 42
-- 68 43
-- 68 44
-- 68 45
-- 68 46
-- 68 47
-- 68 48
-- 68 49
-- 68 50
-- 68 51
-- 68 52
-- 68 53
-- 68 54
-- 68 55
-- 68 56
-- 68 57
-- 68 58
-- 68 59
-- 68 60
-- 68 61
-- 68 62
-- 68 63
-- 68 64
true 893287 64
(0 -> 3) (1 -> 30) (3 -> 95) (4 -> 60) (6 -> 5) (7 -> 90) (10 -> 83) (12 -> 9) (13 -> 42) (14 -> 62) (16 -> 89) (17 -> 85) (18 -> 40) (19 -> 58) (20 -> 33) (21 -> 32) (23 -> 57) (25 -> 16) (27 -> 69) (28 -> 99) (29 -> 52) (30 -> 92) (33 -> 91) (34 -> 97) (36 -> 25) (38 -> 1) (39 -> 72) (41 -> 45) (42 -> 84) (44 -> 24) (45 -> 0) (47 -> 96) (49 -> 10) (50 -> 63) (51 -> 18) (53 -> 43) (60 -> 26) (61 -> 38) (62 -> 7) (64 -> 81) (65 -> 75) (66 -> 20) (67 -> 74) (69 -> 87) (73 -> 36) (74 -> 27) (75 -> 22) (76 -> 54) (77 -> 39) (78 -> 41) (79 -> 11) (83 -> 66) (84 -> 56) (85 -> 17) (87 -> 78) (88 -> 64) (89 -> 4) (90 -> 12) (93 -> 19) (94 -> 8) (96 -> 6) (97 -> 79) (98 -> 51) (99 -> 14) 
2242
