-- 46 1
-- 46 2
-- 46 3
-- 46 4
-- 46 5
-- 46 6
-- 46 7
-- 46 8
-- 46 9
-- 46 10
-- 46 11
-- 46 12
-- 46 13
-- 46 14
-- 46 15
-- 46 16
-- 46 17
-- 46 18
-- 46 19
-- 46 20
-- 46 21
-- 46 22
-- 46 23
-- 46 24
-- 46 25
-- 46 26
-- 46 27
-- 46 28
-- 46 29
-- 46 30
-- 46 31
-- 46 32
-- 46 33
-- 46 34
-- 46 35
-- 46 36
-- 46 37
-- 46 38
-- 46 39
-- 46 40
-- 46 41
-- 46 42
-- 46 43
-- 46 44
-- 46 45
-- 46 46
-- 46 47
-- 47 48
true 4766 48
(1 -> 31) (2 -> 42) (3 -> 53) (4 -> 64) (5 -> 25) (6 -> 34) (8 -> 39) (9 -> 44) (10 -> 30) (11 -> 69) (12 -> 3) (13 -> 55) (15 -> 52) (18 -> 26) (19 -> 28) (20 -> 57) (22 -> 2) (23 -> 49) (24 -> 35) (25 -> 48) (26 -> 65) (29 -> 5) (30 -> 66) (31 -> 23) (32 -> 43) (35 -> 47) (36 -> 50) (39 -> 51) (40 -> 8) (41 -> 16) (43 -> 38) (44 -> 15) (47 -> 36) (48 -> 14) (49 -> 58) (50 -> 12) (51 -> 21) (52 -> 37) (54 -> 68) (55 -> 9) (56 -> 1) (57 -> 59) (58 -> 32) (59 -> 62) (60 -> 45) (63 -> 67) (66 -> 17) (69 -> 7) 
59
