-- 109 1
-- 109 2
-- 109 3
-- 109 4
-- 109 5
-- 109 6
-- 109 7
-- 109 8
-- 109 9
-- 109 10
-- 109 11
-- 109 12
-- 109 13
-- 109 14
-- 109 15
-- 109 16
-- 109 17
-- 110 18
-- 110 19
-- 110 20
-- 110 21
-- 110 22
-- 110 23
-- 110 24
-- 110 25
-- 110 26
-- 110 27
-- 110 28
-- 110 29
-- 110 30
-- 110 31
-- 110 32
-- 110 33
-- 110 34
-- 110 35
-- 110 36
-- 110 37
-- 110 38
-- 110 39
-- 110 40
-- 110 41
-- 110 42
-- 110 43
-- 110 44
-- 110 45
-- 110 46
-- 110 47
-- 110 48
-- 110 49
true 43000 49
(0 -> 14) (2 -> 11) (3 -> 26) (4 -> 67) (5 -> 73) (7 -> 3) (8 -> 40) (9 -> 59) (10 -> 33) (11 -> 64) (12 -> 42) (15 -> 57) (17 -> 7) (19 -> 9) (20 -> 56) (21 -> 47) (22 -> 12) (23 -> 50) (24 -> 43) (25 -> 38) (26 -> 18) (28 -> 19) (30 -> 29) (31 -> 30) (35 -> 61) (36 -> 16) (38 -> 58) (40 -> 23) (41 -> 24) (43 -> 53) (44 -> 15) (50 -> 17) (51 -> 32) (53 -> 1) (55 -> 45) (57 -> 25) (59 -> 68) (60 -> 2) (61 -> 48) (62 -> 79) (63 -> 6) (64 -> 37) (68 -> 62) (70 -> 52) (72 -> 66) (73 -> 21) (74 -> 65) (78 -> 35) (79 -> 51) 
281
