-- 68 1
-- 68 2
-- 68 3
-- 68 4
-- 68 5
-- 68 6
-- 68 7
-- 68 8
-- 68 9
-- 68 10
-- 68 11
-- 68 12
-- 68 13
-- 68 14
-- 68 15
-- 68 16
-- 68 17
-- 68 18
-- 68 19
-- 68 20
-- 68 21
-- 68 22
-- 68 23
-- 68 24
-- 68 25
-- 68 26
-- 68 27
-- 68 28
-- 68 29
-- 68 30
-- 68 31
-- 68 32
-- 68 33
-- 68 34
-- 68 35
-- 68 36
-- 68 37
-- 68 38
-- 68 39
-- 68 40
-- 68 41
-- 68 42
-- 68 43
-- 68 44
-- 68 45
-- 68 46
-- 68 47
-- 68 48
-- 68 49
-- 68 50
-- 68 51
-- 68 52
-- 68 53
-- 68 54
-- 68 55
-- 68 56
-- 68 57
-- 68 58
-- 68 59
-- 68 60
-- 68 61
-- 68 62
-- 68 63
-- 68 64
true 49486 64
(1 -> 87) (2 -> 11) (4 -> 20) (5 -> 54) (6 -> 1) (9 -> 56) (10 -> 70) (12 -> 88) (13 -> 8) (14 -> 83) (15 -> 79) (16 -> 10) (17 -> 52) (18 -> 2) (19 -> 27) (20 -> 23) (21 -> 80) (22 -> 57) (25 -> 24) (27 -> 75) (29 -> 91) (30 -> 59) (31 -> 42) (32 -> 28) (34 -> 76) (36 -> 90) (38 -> 96) (39 -> 35) (40 -> 16) (42 -> 45) (43 -> 44) (46 -> 4) (47 -> 98) (48 -> 12) (49 -> 13) (50 -> 30) (52 -> 60) (53 -> 74) (54 -> 89) (55 -> 72) (56 -> 29) (57 -> 43) (58 -> 69) (59 -> 66) (60 -> 31) (61 -> 77) (62 -> 33) (65 -> 51) (66 -> 47) (69 -> 21) (72 -> 46) (73 -> 6) (76 -> 85) (77 -> 92) (80 -> 63) (82 -> 19) (83 -> 17) (85 -> 49) (86 -> 48) (87 -> 78) (90 -> 9) (91 -> 7) (97 -> 22) (99 -> 82) 
194
