-- 136 1
-- 136 2
-- 136 3
-- 136 4
-- 136 5
-- 136 6
-- 137 7
-- 137 8
-- 137 9
-- 137 10
-- 137 11
-- 137 12
-- 137 13
-- 137 14
-- 138 15
-- 138 16
-- 138 17
-- 138 18
-- 138 19
-- 138 20
-- 138 21
-- 138 22
-- 138 23
-- 138 24
-- 138 25
-- 138 26
-- 138 27
-- 138 28
-- 138 29
-- 138 30
-- 139 31
-- 139 32
-- 139 33
-- 139 34
-- 139 35
-- 139 36
-- 139 37
-- 139 38
-- 139 39
-- 139 40
-- 139 41
-- 139 42
-- 139 43
-- 139 44
true 758 44
(0 -> 37) (1 -> 6) (3 -> 68) (4 -> 20) (5 -> 53) (7 -> 19) (8 -> 4) (10 -> 40) (11 -> 89) (12 -> 75) (13 -> 41) (14 -> 9) (17 -> 78) (18 -> 51) (19 -> 64) (20 -> 58) (22 -> 45) (23 -> 18) (24 -> 80) (27 -> 60) (28 -> 69) (34 -> 62) (38 -> 46) (40 -> 79) (41 -> 66) (42 -> 56) (44 -> 14) (47 -> 81) (48 -> 74) (50 -> 16) (52 -> 8) (60 -> 27) (62 -> 52) (63 -> 0) (64 -> 59) (66 -> 42) (68 -> 3) (70 -> 23) (72 -> 10) (74 -> 83) (75 -> 11) (81 -> 84) (83 -> 25) (84 -> 65) 
141
