-- 181 1
-- 181 2
-- 181 3
-- 181 4
-- 181 5
-- 181 6
-- 181 7
-- 181 8
-- 181 9
-- 181 10
-- 181 11
-- 181 12
-- 181 13
-- 181 14
-- 181 15
-- 181 16
-- 181 17
-- 181 18
-- 181 19
-- 181 20
-- 181 21
-- 181 22
-- 181 23
-- 181 24
-- 181 25
-- 181 26
-- 181 27
-- 181 28
-- 181 29
-- 181 30
-- 181 31
-- 181 32
-- 181 33
-- 181 34
-- 181 35
-- 181 36
-- 181 37
-- 181 38
-- 181 39
-- 181 40
-- 181 41
-- 181 42
-- 181 43
-- 181 44
-- 181 45
-- 181 46
-- 181 47
-- 181 48
-- 181 49
-- 181 50
-- 182 51
-- 182 52
-- 182 53
-- 182 54
-- 182 55
-- 182 56
-- 182 57
-- 182 58
-- 182 59
-- 182 60
-- 182 61
-- 182 62
true 13905327 aborted 62
(0 -> 10) (1 -> 18) (2 -> 7) (4 -> 42) (5 -> 58) (6 -> 15) (9 -> 14) (11 -> 31) (12 -> 9) (13 -> 3) (14 -> 81) (15 -> 79) (16 -> 39) (18 -> 36) (19 -> 4) (20 -> 55) (21 -> 50) (22 -> 12) (24 -> 63) (27 -> 33) (28 -> 51) (29 -> 52) (34 -> 20) (35 -> 68) (36 -> 84) (37 -> 1) (38 -> 30) (40 -> 43) (41 -> 54) (43 -> 2) (44 -> 45) (47 -> 59) (48 -> 32) (49 -> 44) (50 -> 38) (51 -> 75) (52 -> 27) (54 -> 46) (55 -> 28) (56 -> 67) (57 -> 69) (58 -> 72) (61 -> 21) (63 -> 49) (64 -> 6) (65 -> 11) (66 -> 56) (67 -> 34) (70 -> 74) (72 -> 17) (74 -> 22) (75 -> 62) (76 -> 26) (77 -> 5) (78 -> 47) (79 -> 25) (80 -> 23) (81 -> 70) (86 -> 89) (87 -> 0) (88 -> 76) (89 -> 48) 
100000
