-- 71 1
-- 71 2
-- 71 3
-- 71 4
-- 71 5
-- 71 6
-- 71 7
-- 71 8
-- 71 9
-- 71 10
-- 71 11
-- 71 12
-- 71 13
-- 71 14
-- 71 15
-- 71 16
-- 71 17
-- 71 18
-- 71 19
-- 71 20
-- 71 21
-- 71 22
-- 71 23
-- 71 24
-- 71 25
-- 71 26
-- 71 27
-- 71 28
-- 71 29
-- 71 30
-- 71 31
-- 71 32
-- 71 33
-- 71 34
-- 71 35
-- 71 36
-- 71 37
-- 71 38
-- 71 39
-- 71 40
-- 71 41
-- 71 42
true 186 42
(1 -> 26) (2 -> 68) (3 -> 13) (5 -> 17) (6 -> 75) (10 -> 21) (11 -> 66) (12 -> 38) (13 -> 29) (16 -> 55) (21 -> 19) (22 -> 15) (23 -> 22) (24 -> 31) (25 -> 4) (27 -> 59) (28 -> 14) (31 -> 12) (33 -> 30) (36 -> 34) (37 -> 18) (41 -> 53) (43 -> 24) (45 -> 77) (46 -> 48) (48 -> 72) (49 -> 65) (51 -> 16) (52 -> 76) (53 -> 28) (60 -> 60) (61 -> 37) (62 -> 41) (63 -> 44) (64 -> 79) (68 -> 52) (70 -> 35) (71 -> 1) (72 -> 36) (74 -> 62) (77 -> 57) (78 -> 69) 
72
