-- 132 1
-- 132 2
-- 132 3
-- 132 4
-- 132 5
-- 132 6
-- 132 7
-- 132 8
-- 132 9
-- 132 10
-- 132 11
-- 132 12
-- 132 13
-- 132 14
-- 132 15
-- 132 16
-- 132 17
-- 132 18
-- 132 19
-- 132 20
-- 132 21
-- 132 22
-- 132 23
-- 132 24
-- 132 25
-- 132 26
-- 133 27
-- 133 28
-- 133 29
-- 133 30
-- 133 31
-- 133 32
-- 133 33
-- 133 34
-- 133 35
-- 133 36
-- 133 37
-- 133 38
-- 133 39
-- 133 40
-- 133 41
-- 133 42
-- 133 43
-- 133 44
-- 133 45
-- 133 46
-- 133 47
-- 133 48
-- 133 49
-- 133 50
-- 133 51
-- 133 52
-- 133 53
-- 133 54
-- 133 55
-- 133 56
-- 133 57
-- 133 58
-- 133 59
-- 133 60
-- 133 61
-- 133 62
-- 133 63
-- 133 64
true 253154 64
(1 -> 63) (2 -> 60) (5 -> 84) (6 -> 10) (7 -> 75) (8 -> 71) (10 -> 69) (11 -> 33) (12 -> 41) (13 -> 30) (14 -> 76) (16 -> 78) (17 -> 59) (19 -> 5) (20 -> 2) (21 -> 7) (22 -> 25) (23 -> 39) (24 -> 19) (25 -> 36) (26 -> 18) (27 -> 80) (28 -> 22) (29 -> 15) (30 -> 46) (31 -> 73) (33 -> 9) (34 -> 68) (37 -> 83) (38 -> 13) (39 -> 40) (40 -> 29) (41 -> 86) (42 -> 6) (43 -> 81) (47 -> 67) (48 -> 21) (49 -> 51) (50 -> 17) (52 -> 31) (54 -> 28) (60 -> 4) (61 -> 1) (62 -> 43) (63 -> 89) (64 -> 20) (65 -> 85) (67 -> 62) (68 -> 58) (69 -> 12) (72 -> 44) (73 -> 35) (75 -> 72) (76 -> 26) (77 -> 61) (78 -> 52) (79 -> 32) (81 -> 27) (83 -> 47) (84 -> 3) (86 -> 82) (87 -> 48) (88 -> 56) (89 -> 54) 
1526
