-- 75 1
-- 75 2
-- 75 3
-- 75 4
-- 75 5
-- 75 6
-- 75 7
-- 75 8
-- 75 9
-- 75 10
-- 75 11
-- 75 12
-- 75 13
-- 75 14
-- 75 15
-- 75 16
-- 75 17
-- 75 18
-- 75 19
-- 75 20
-- 75 21
-- 75 22
-- 75 23
-- 75 24
-- 75 25
-- 75 26
-- 75 27
-- 75 28
-- 75 29
-- 75 30
-- 75 31
-- 76 32
-- 76 33
-- 76 34
-- 76 35
-- 76 36
-- 76 37
-- 76 38
-- 76 39
-- 76 40
-- 76 41
-- 76 42
-- 76 43
-- 76 44
-- 76 45
-- 76 46
-- 76 47
-- 76 48
-- 76 49
true 1456652 49
(1 -> 18) (3 -> 63) (4 -> 52) (5 -> 74) (7 -> 23) (8 -> 48) (10 -> 2) (11 -> 49) (12 -> 29) (15 -> 51) (17 -> 28) (18 -> 58) (19 -> 27) (21 -> 56) (22 -> 3) (23 -> 12) (24 -> 36) (25 -> 68) (26 -> 45) (28 -> 22) (29 -> 44) (30 -> 31) (31 -> 47) (32 -> 24) (33 -> 70) (34 -> 78) (35 -> 59) (41 -> 10) (42 -> 79) (43 -> 4) (44 -> 25) (45 -> 39) (48 -> 30) (50 -> 64) (52 -> 72) (53 -> 62) (54 -> 33) (56 -> 9) (58 -> 6) (59 -> 0) (60 -> 43) (64 -> 20) (65 -> 41) (67 -> 65) (68 -> 1) (69 -> 42) (71 -> 75) (75 -> 11) (76 -> 34) 
4519
