-- 83 1
-- 83 2
-- 83 3
-- 83 4
-- 83 5
-- 83 6
-- 83 7
-- 83 8
-- 83 9
-- 83 10
-- 83 11
-- 83 12
-- 83 13
-- 83 14
-- 83 15
-- 83 16
-- 83 17
-- 83 18
-- 83 19
-- 83 20
-- 83 21
-- 83 22
-- 83 23
-- 83 24
-- 83 25
-- 83 26
-- 83 27
-- 83 28
-- 83 29
-- 83 30
-- 83 31
-- 83 32
-- 83 33
-- 83 34
-- 83 35
-- 83 36
-- 83 37
-- 83 38
-- 83 39
-- 83 40
-- 83 41
-- 83 42
-- 83 43
-- 83 44
-- 83 45
-- 83 46
-- 83 47
-- 83 48
-- 83 49
-- 83 50
-- 83 51
-- 83 52
-- 83 53
-- 83 54
-- 83 55
-- 83 56
-- 83 57
-- 83 58
-- 83 59
-- 83 60
-- 83 61
-- 83 62
-- 83 63
-- 83 64
true 270175 64
(1 -> 28) (2 -> 87) (4 -> 2) (6 -> 81) (7 -> 82) (8 -> 85) (9 -> 13) (10 -> 46) (11 -> 22) (12 -> 69) (13 -> 33) (14 -> 51) (15 -> 7) (16 -> 98) (17 -> 3) (18 -> 35) (19 -> 99) (20 -> 79) (22 -> 90) (24 -> 54) (25 -> 70) (26 -> 11) (27 -> 64) (28 -> 73) (32 -> 6) (34 -> 4) (37 -> 62) (38 -> 72) (39 -> 34) (40 -> 96) (41 -> 23) (42 -> 31) (43 -> 57) (44 -> 92) (45 -> 68) (48 -> 80) (50 -> 88) (52 -> 29) (53 -> 55) (55 -> 84) (56 -> 16) (60 -> 56) (61 -> 91) (63 -> 37) (64 -> 63) (65 -> 5) (66 -> 12) (69 -> 52) (70 -> 50) (72 -> 60) (74 -> 24) (75 -> 39) (78 -> 36) (79 -> 59) (85 -> 97) (88 -> 41) (90 -> 49) (92 -> 30) (93 -> 53) (95 -> 38) (96 -> 1) (97 -> 21) (98 -> 89) (99 -> 58) 
983
