-- 152 1
-- 152 2
-- 152 3
-- 152 4
-- 152 5
-- 152 6
-- 152 7
-- 152 8
-- 152 9
-- 152 10
-- 152 11
-- 152 12
-- 152 13
-- 152 14
-- 152 15
-- 152 16
-- 152 17
-- 152 18
-- 152 19
-- 152 20
-- 152 21
-- 152 22
-- 152 23
-- 152 24
-- 152 25
-- 152 26
-- 152 27
-- 152 28
-- 152 29
-- 152 30
-- 152 31
-- 152 32
-- 152 33
-- 152 34
-- 152 35
-- 152 36
-- 152 37
-- 152 38
-- 152 39
-- 152 40
-- 152 41
-- 152 42
-- 152 43
-- 152 44
-- 153 45
-- 153 46
-- 153 47
-- 153 48
-- 153 49
-- 153 50
-- 153 51
-- 153 52
-- 153 53
-- 153 54
-- 153 55
-- 153 56
-- 153 57
-- 153 58
-- 153 59
-- 153 60
-- 153 61
-- 153 62
-- 153 63
-- 153 64
-- 153 65
-- 153 66
-- 153 67
-- 153 68
-- 153 69
-- 153 70
-- 153 71
-- 153 72
-- 153 73
-- 153 74
-- 153 75
-- 153 76
-- 153 77
-- 153 78
-- 153 79
-- 153 80
-- 153 81
true 196 81
(0 -> 0) (1 -> 23) (3 -> 62) (5 -> 55) (6 -> 58) (7 -> 87) (8 -> 8) (9 -> 3) (10 -> 25) (11 -> 70) (12 -> 28) (13 -> 2) (14 -> 86) (15 -> 78) (16 -> 41) (17 -> 48) (18 -> 54) (19 -> 47) (20 -> 29) (21 -> 44) (22 -> 51) (23 -> 46) (24 -> 32) (25 -> 9) (26 -> 30) (27 -> 18) (28 -> 17) (29 -> 75) (30 -> 31) (31 -> 13) (33 -> 11) (35 -> 80) (36 -> 49) (37 -> 36) (38 -> 76) (39 -> 43) (40 -> 16) (41 -> 69) (42 -> 81) (43 -> 20) (44 -> 66) (45 -> 6) (46 -> 67) (47 -> 7) (48 -> 39) (49 -> 57) (50 -> 88) (52 -> 73) (53 -> 35) (54 -> 1) (56 -> 79) (57 -> 84) (58 -> 37) (59 -> 12) (60 -> 89) (61 -> 22) (62 -> 83) (63 -> 24) (64 -> 26) (66 -> 74) (67 -> 72) (68 -> 85) (69 -> 59) (70 -> 38) (71 -> 40) (72 -> 14) (73 -> 50) (74 -> 53) (75 -> 34) (76 -> 82) (77 -> 68) (79 -> 65) (80 -> 42) (81 -> 45) (82 -> 5) (83 -> 10) (84 -> 27) (86 -> 33) (87 -> 60) (88 -> 77) (89 -> 19) 
155
