-- 94 1
-- 94 2
-- 94 3
-- 94 4
-- 94 5
-- 94 6
-- 94 7
-- 94 8
-- 94 9
-- 94 10
-- 94 11
-- 94 12
-- 94 13
-- 94 14
-- 94 15
-- 94 16
-- 94 17
-- 94 18
-- 94 19
-- 94 20
-- 94 21
-- 94 22
-- 94 23
-- 94 24
-- 94 25
-- 94 26
-- 94 27
-- 94 28
-- 94 29
-- 94 30
-- 94 31
-- 94 32
-- 94 33
-- 94 34
-- 94 35
-- 94 36
-- 94 37
-- 94 38
-- 94 39
-- 94 40
-- 94 41
-- 94 42
-- 94 43
-- 94 44
-- 95 45
-- 95 46
-- 95 47
-- 95 48
-- 95 49
-- 95 50
-- 95 51
-- 95 52
-- 95 53
-- 95 54
-- 95 55
-- 95 56
-- 95 57
-- 95 58
-- 95 59
-- 95 60
-- 95 61
-- 95 62
-- 95 63
-- 95 64
true 3635 64
(1 -> 65) (2 -> 58) (3 -> 76) (4 -> 2) (5 -> 3) (6 -> 77) (8 -> 30) (11 -> 8) (12 -> 26) (13 -> 0) (14 -> 35) (15 -> 47) (16 -> 38) (17 -> 25) (18 -> 45) (19 -> 54) (20 -> 12) (22 -> 39) (23 -> 67) (24 -> 73) (25 -> 68) (26 -> 49) (27 -> 34) (28 -> 44) (29 -> 52) (30 -> 53) (31 -> 51) (32 -> 13) (33 -> 75) (34 -> 69) (35 -> 21) (36 -> 28) (37 -> 24) (39 -> 41) (40 -> 72) (41 -> 20) (42 -> 4) (44 -> 1) (49 -> 23) (50 -> 16) (52 -> 55) (54 -> 46) (55 -> 15) (56 -> 10) (57 -> 7) (58 -> 74) (59 -> 70) (60 -> 61) (61 -> 5) (62 -> 48) (63 -> 33) (65 -> 63) (66 -> 37) (68 -> 18) (69 -> 17) (70 -> 60) (71 -> 40) (72 -> 43) (73 -> 27) (74 -> 31) (75 -> 64) (77 -> 6) (78 -> 42) (79 -> 56) 
111
