-- 46 1
-- 46 2
-- 46 3
-- 46 4
-- 46 5
-- 46 6
-- 46 7
-- 46 8
-- 46 9
-- 46 10
-- 46 11
-- 46 12
-- 46 13
-- 46 14
-- 46 15
-- 46 16
-- 46 17
-- 46 18
-- 46 19
-- 46 20
-- 46 21
-- 46 22
-- 46 23
-- 46 24
-- 46 25
-- 46 26
-- 46 27
-- 47 28
-- 47 29
-- 47 30
-- 47 31
-- 47 32
-- 47 33
-- 47 34
-- 47 35
-- 47 36
-- 47 37
-- 47 38
-- 47 39
-- 47 40
-- 47 41
-- 47 42
-- 47 43
-- 47 44
-- 47 45
-- 47 46
-- 47 47
-- 47 48
-- 47 49
-- 47 50
-- 47 51
-- 47 52
-- 47 53
-- 47 54
-- 47 55
-- 47 56
-- 47 57
-- 47 58
-- 47 59
-- 47 60
-- 47 61
true 63 61
(0 -> 52) (1 -> 31) (2 -> 33) (3 -> 11) (4 -> 22) (5 -> 56) (7 -> 20) (8 -> 29) (9 -> 27) (11 -> 32) (12 -> 43) (13 -> 0) (14 -> 7) (15 -> 34) (16 -> 5) (17 -> 19) (18 -> 25) (20 -> 62) (21 -> 17) (23 -> 14) (24 -> 6) (25 -> 30) (26 -> 64) (27 -> 65) (28 -> 23) (30 -> 9) (31 -> 68) (32 -> 36) (33 -> 38) (35 -> 2) (36 -> 46) (37 -> 57) (38 -> 18) (41 -> 51) (42 -> 1) (43 -> 53) (44 -> 15) (45 -> 60) (46 -> 47) (47 -> 61) (48 -> 37) (50 -> 10) (51 -> 59) (52 -> 16) (53 -> 12) (54 -> 35) (55 -> 54) (56 -> 4) (57 -> 69) (58 -> 55) (59 -> 66) (60 -> 3) (61 -> 44) (62 -> 67) (63 -> 39) (64 -> 48) (65 -> 8) (66 -> 41) (67 -> 21) (68 -> 24) (69 -> 13) 
47
