-- 153 1
-- 153 2
-- 153 3
-- 154 4
-- 154 5
-- 154 6
-- 154 7
-- 154 8
-- 154 9
-- 154 10
-- 154 11
-- 154 12
-- 154 13
-- 154 14
-- 154 15
-- 154 16
-- 154 17
-- 154 18
-- 154 19
-- 154 20
-- 154 21
-- 154 22
-- 154 23
-- 154 24
-- 154 25
-- 154 26
-- 154 27
-- 154 28
-- 154 29
-- 154 30
-- 154 31
-- 154 32
-- 154 33
-- 154 34
-- 154 35
-- 154 36
-- 154 37
-- 154 38
-- 154 39
-- 154 40
-- 154 41
-- 154 42
-- 154 43
-- 154 44
-- 154 45
-- 154 46
-- 154 47
-- 154 48
-- 154 49
-- 154 50
-- 154 51
-- 154 52
-- 154 53
-- 154 54
-- 154 55
-- 154 56
-- 154 57
-- 154 58
-- 154 59
-- 154 60
-- 154 61
-- 154 62
-- 154 63
-- 154 64
-- 154 65
-- 154 66
-- 154 67
-- 154 68
-- 154 69
-- 154 70
-- 154 71
-- 154 72
-- 154 73
-- 154 74
-- 154 75
-- 154 76
-- 154 77
-- 154 78
-- 154 79
-- 154 80
true 107 80
(0 -> 44) (1 -> 60) (2 -> 0) (3 -> 4) (4 -> 86) (5 -> 25) (6 -> 38) (7 -> 63) (8 -> 1) (9 -> 6) (10 -> 45) (11 -> 51) (12 -> 11) (13 -> 76) (15 -> 56) (18 -> 69) (19 -> 39) (20 -> 35) (21 -> 57) (23 -> 10) (24 -> 59) (25 -> 8) (27 -> 29) (28 -> 14) (29 -> 80) (30 -> 37) (31 -> 66) (32 -> 7) (33 -> 53) (34 -> 40) (36 -> 67) (37 -> 24) (38 -> 74) (39 -> 85) (40 -> 26) (41 -> 31) (42 -> 65) (43 -> 41) (47 -> 64) (48 -> 87) (49 -> 13) (50 -> 77) (51 -> 3) (52 -> 36) (53 -> 62) (54 -> 46) (55 -> 18) (56 -> 20) (57 -> 28) (58 -> 50) (59 -> 32) (60 -> 83) (62 -> 42) (63 -> 30) (64 -> 16) (65 -> 47) (66 -> 22) (67 -> 73) (68 -> 15) (69 -> 54) (70 -> 84) (71 -> 52) (72 -> 17) (73 -> 55) (74 -> 12) (75 -> 58) (76 -> 2) (77 -> 5) (78 -> 49) (79 -> 23) (80 -> 61) (81 -> 88) (82 -> 89) (83 -> 72) (84 -> 43) (85 -> 71) (86 -> 48) (87 -> 82) (88 -> 21) (89 -> 75) 
155
