-- 143 1
-- 143 2
-- 143 3
-- 143 4
-- 143 5
-- 143 6
-- 143 7
-- 143 8
-- 143 9
-- 143 10
-- 143 11
-- 143 12
-- 143 13
-- 143 14
-- 143 15
-- 143 16
-- 143 17
-- 143 18
-- 143 19
-- 143 20
-- 143 21
-- 143 22
-- 143 23
-- 143 24
-- 143 25
-- 143 26
-- 143 27
-- 143 28
-- 143 29
-- 143 30
-- 143 31
-- 143 32
-- 143 33
-- 143 34
-- 143 35
-- 143 36
-- 143 37
-- 143 38
-- 143 39
-- 143 40
-- 143 41
-- 143 42
-- 143 43
-- 143 44
-- 143 45
-- 143 46
-- 143 47
-- 143 48
-- 143 49
-- 143 50
-- 143 51
-- 143 52
-- 143 53
-- 143 54
-- 144 55
-- 144 56
-- 144 57
-- 144 58
-- 144 59
-- 144 60
-- 144 61
-- 144 62
-- 144 63
-- 144 64
-- 144 65
-- 148 66
true 4001 66
(1 -> 50) (3 -> 32) (5 -> 55) (6 -> 37) (7 -> 86) (8 -> 28) (9 -> 53) (10 -> 41) (11 -> 51) (12 -> 75) (14 -> 3) (15 -> 10) (16 -> 60) (18 -> 0) (20 -> 84) (21 -> 7) (23 -> 85) (24 -> 87) (25 -> 8) (28 -> 20) (29 -> 42) (31 -> 2) (34 -> 49) (35 -> 68) (36 -> 22) (37 -> 52) (40 -> 24) (41 -> 40) (43 -> 4) (44 -> 27) (45 -> 30) (46 -> 9) (47 -> 11) (48 -> 15) (49 -> 59) (50 -> 74) (51 -> 54) (52 -> 35) (54 -> 64) (55 -> 89) (58 -> 79) (59 -> 82) (60 -> 63) (61 -> 56) (62 -> 6) (63 -> 26) (65 -> 61) (66 -> 17) (69 -> 19) (70 -> 66) (71 -> 46) (72 -> 12) (73 -> 45) (74 -> 5) (75 -> 25) (76 -> 21) (78 -> 13) (79 -> 62) (80 -> 44) (81 -> 34) (83 -> 70) (84 -> 81) (85 -> 65) (86 -> 57) (88 -> 33) (89 -> 77) 
162
