-- 93 1
-- 93 2
-- 93 3
-- 93 4
-- 93 5
-- 93 6
-- 93 7
-- 93 8
-- 93 9
-- 93 10
-- 93 11
-- 93 12
-- 93 13
-- 93 14
-- 93 15
-- 93 16
-- 93 17
-- 93 18
-- 93 19
-- 93 20
-- 93 21
-- 93 22
-- 93 23
-- 93 24
-- 93 25
-- 93 26
-- 93 27
-- 93 28
-- 93 29
-- 93 30
-- 93 31
-- 93 32
-- 93 33
-- 93 34
-- 93 35
-- 93 36
-- 93 37
-- 93 38
-- 93 39
-- 93 40
-- 93 41
-- 93 42
-- 93 43
-- 93 44
-- 93 45
-- 93 46
-- 93 47
-- 93 48
-- 93 49
-- 93 50
-- 93 51
-- 93 52
-- 93 53
-- 93 54
-- 93 55
-- 93 56
-- 93 57
-- 93 58
-- 93 59
-- 93 60
-- 93 61
-- 93 62
-- 93 63
-- 93 64
true 709 64
(0 -> 61) (1 -> 37) (3 -> 36) (4 -> 74) (5 -> 75) (6 -> 21) (7 -> 12) (8 -> 42) (10 -> 38) (11 -> 71) (12 -> 47) (14 -> 1) (15 -> 62) (17 -> 41) (18 -> 24) (19 -> 66) (20 -> 29) (22 -> 13) (23 -> 15) (24 -> 30) (26 -> 33) (27 -> 73) (29 -> 65) (30 -> 17) (31 -> 63) (32 -> 70) (33 -> 7) (34 -> 77) (35 -> 78) (36 -> 49) (37 -> 35) (38 -> 16) (39 -> 72) (40 -> 52) (41 -> 67) (43 -> 2) (44 -> 79) (45 -> 40) (46 -> 5) (48 -> 43) (50 -> 23) (51 -> 22) (52 -> 53) (53 -> 14) (54 -> 18) (55 -> 51) (56 -> 6) (58 -> 9) (59 -> 55) (60 -> 20) (61 -> 4) (63 -> 46) (64 -> 0) (65 -> 54) (66 -> 76) (67 -> 8) (68 -> 25) (69 -> 44) (70 -> 58) (71 -> 26) (73 -> 64) (77 -> 39) (78 -> 11) (79 -> 10) 
97
