-- 90 1
-- 90 2
-- 90 3
-- 90 4
-- 90 5
-- 90 6
-- 90 7
-- 90 8
-- 90 9
-- 90 10
-- 90 11
-- 90 12
-- 90 13
-- 90 14
-- 90 15
-- 90 16
-- 90 17
-- 90 18
-- 90 19
-- 90 20
-- 90 21
-- 90 22
-- 90 23
-- 90 24
-- 90 25
-- 90 26
-- 90 27
-- 90 28
-- 90 29
-- 90 30
-- 90 31
-- 90 32
-- 90 33
-- 90 34
-- 90 35
-- 90 36
-- 90 37
-- 90 38
-- 90 39
-- 90 40
-- 90 41
-- 90 42
-- 90 43
-- 90 44
-- 90 45
-- 90 46
-- 90 47
-- 90 48
-- 90 49
-- 90 50
-- 90 51
-- 90 52
-- 90 53
-- 90 54
-- 90 55
-- 91 56
-- 91 57
-- 91 58
-- 91 59
-- 91 60
-- 91 61
-- 91 62
-- 91 63
-- 91 64
true 723 64
(0 -> 53) (1 -> 33) (3 -> 41) (4 -> 64) (5 -> 8) (6 -> 31) (8 -> 12) (9 -> 3) (10 -> 40) (11 -> 15) (12 -> 36) (13 -> 71) (14 -> 70) (15 -> 72) (17 -> 14) (18 -> 60) (19 -> 78) (20 -> 22) (21 -> 18) (22 -> 19) (23 -> 29) (24 -> 67) (25 -> 69) (26 -> 68) (27 -> 35) (28 -> 49) (29 -> 37) (30 -> 21) (31 -> 38) (32 -> 25) (33 -> 32) (34 -> 7) (35 -> 54) (38 -> 65) (40 -> 10) (41 -> 26) (42 -> 59) (43 -> 63) (44 -> 34) (45 -> 16) (46 -> 75) (48 -> 23) (49 -> 58) (50 -> 9) (51 -> 62) (52 -> 0) (53 -> 20) (54 -> 11) (55 -> 42) (59 -> 27) (60 -> 1) (61 -> 17) (62 -> 44) (63 -> 76) (64 -> 2) (66 -> 47) (70 -> 50) (71 -> 46) (72 -> 5) (74 -> 56) (76 -> 28) (77 -> 4) (78 -> 66) (79 -> 30) 
95
