-- 54 1
-- 54 2
-- 54 3
-- 54 4
-- 54 5
-- 54 6
-- 54 7
-- 54 8
-- 54 9
-- 54 10
-- 54 11
-- 54 12
-- 54 13
-- 54 14
-- 54 15
-- 54 16
-- 54 17
-- 54 18
-- 54 19
-- 54 20
-- 54 21
-- 54 22
-- 54 23
-- 54 24
-- 54 25
-- 54 26
-- 54 27
-- 54 28
-- 54 29
-- 54 30
-- 54 31
-- 54 32
-- 54 33
-- 54 34
-- 54 35
-- 54 36
-- 54 37
-- 54 38
-- 54 39
-- 54 40
-- 54 41
-- 54 42
-- 54 43
-- 54 44
-- 54 45
-- 54 46
-- 54 47
-- 54 48
-- 54 49
-- 54 50
-- 55 51
-- 55 52
-- 55 53
-- 55 54
-- 55 55
-- 55 56
-- 55 57
-- 55 58
-- 55 59
-- 55 60
-- 55 61
-- 55 62
-- 55 63
-- 55 64
true 64 64
(0 -> 0) (1 -> 42) (2 -> 31) (3 -> 21) (4 -> 27) (5 -> 43) (7 -> 61) (8 -> 45) (9 -> 22) (10 -> 59) (11 -> 25) (12 -> 23) (14 -> 14) (15 -> 60) (16 -> 20) (17 -> 35) (18 -> 19) (19 -> 13) (20 -> 63) (21 -> 69) (23 -> 50) (24 -> 10) (25 -> 64) (26 -> 65) (28 -> 33) (29 -> 51) (31 -> 66) (32 -> 2) (33 -> 53) (34 -> 12) (35 -> 37) (36 -> 39) (37 -> 16) (38 -> 57) (39 -> 5) (40 -> 9) (41 -> 1) (42 -> 4) (43 -> 41) (44 -> 56) (45 -> 49) (46 -> 6) (47 -> 47) (48 -> 29) (49 -> 67) (50 -> 8) (51 -> 11) (52 -> 40) (53 -> 24) (54 -> 58) (55 -> 68) (56 -> 55) (57 -> 3) (58 -> 62) (59 -> 32) (60 -> 34) (62 -> 18) (63 -> 48) (64 -> 26) (65 -> 17) (66 -> 36) (67 -> 28) (68 -> 38) (69 -> 30) 
55
