-- 26 1
-- 26 2
-- 26 3
-- 26 4
-- 26 5
-- 26 6
-- 26 7
-- 26 8
-- 26 9
-- 26 10
-- 26 11
-- 26 12
-- 26 13
-- 26 14
-- 26 15
-- 26 16
-- 26 17
-- 26 18
-- 26 19
-- 26 20
-- 26 21
-- 26 22
-- 26 23
-- 26 24
-- 27 25
-- 27 26
-- 27 27
-- 27 28
-- 27 29
-- 27 30
-- 27 31
-- 27 32
-- 27 33
-- 27 34
-- 27 35
-- 27 36
-- 27 37
-- 27 38
-- 27 39
-- 27 40
-- 27 41
-- 27 42
-- 27 43
-- 27 44
-- 27 45
-- 27 46
-- 27 47
-- 27 48
-- 27 49
-- 27 50
-- 27 51
-- 27 52
-- 27 53
true 67 53
(0 -> 41) (2 -> 5) (3 -> 33) (5 -> 26) (6 -> 19) (7 -> 47) (8 -> 14) (9 -> 53) (10 -> 13) (11 -> 57) (12 -> 46) (13 -> 32) (14 -> 45) (15 -> 28) (16 -> 58) (17 -> 25) (18 -> 35) (19 -> 0) (20 -> 9) (21 -> 54) (22 -> 34) (23 -> 27) (24 -> 24) (25 -> 15) (26 -> 38) (27 -> 7) (28 -> 17) (29 -> 56) (30 -> 6) (32 -> 52) (33 -> 12) (34 -> 8) (35 -> 20) (37 -> 29) (38 -> 50) (39 -> 21) (40 -> 39) (41 -> 3) (42 -> 59) (43 -> 18) (44 -> 16) (45 -> 23) (46 -> 1) (47 -> 22) (48 -> 30) (49 -> 51) (51 -> 49) (52 -> 10) (55 -> 55) (56 -> 42) (57 -> 37) (58 -> 31) (59 -> 11) 
27
