-- 68 1
-- 69 2
-- 69 3
-- 69 4
-- 69 5
-- 69 6
-- 69 7
-- 69 8
-- 69 9
-- 69 10
-- 69 11
-- 69 12
-- 69 13
-- 69 14
-- 69 15
-- 69 16
-- 69 17
-- 69 18
-- 69 19
-- 69 20
-- 69 21
-- 69 22
-- 69 23
-- 69 24
-- 69 25
-- 69 26
-- 69 27
-- 69 28
-- 69 29
-- 69 30
-- 69 31
-- 69 32
-- 69 33
-- 69 34
-- 69 35
-- 69 36
-- 69 37
-- 69 38
-- 69 39
-- 69 40
-- 69 41
-- 69 42
-- 69 43
-- 69 44
-- 69 45
-- 69 46
-- 69 47
-- 69 48
-- 69 49
-- 69 50
-- 69 51
-- 69 52
-- 69 53
-- 69 54
-- 69 55
-- 69 56
-- 69 57
-- 69 58
-- 69 59
-- 69 60
-- 69 61
-- 69 62
-- 69 63
true 65 63
(0 -> 11) (1 -> 22) (2 -> 57) (3 -> 40) (4 -> 33) (5 -> 29) (6 -> 46) (7 -> 67) (8 -> 31) (9 -> 66) (10 -> 44) (11 -> 16) (12 -> 20) (13 -> 2) (14 -> 13) (15 -> 55) (16 -> 49) (17 -> 26) (18 -> 64) (19 -> 7) (20 -> 47) (21 -> 15) (22 -> 34) (23 -> 43) (24 -> 61) (25 -> 38) (26 -> 59) (27 -> 53) (28 -> 19) (29 -> 1) (30 -> 3) (31 -> 8) (32 -> 28) (33 -> 37) (34 -> 52) (35 -> 0) (37 -> 45) (38 -> 9) (40 -> 10) (41 -> 60) (42 -> 41) (43 -> 48) (47 -> 21) (48 -> 35) (49 -> 56) (50 -> 32) (51 -> 58) (52 -> 4) (53 -> 6) (55 -> 39) (56 -> 50) (57 -> 18) (58 -> 42) (59 -> 23) (60 -> 62) (61 -> 30) (62 -> 68) (63 -> 14) (64 -> 25) (65 -> 54) (67 -> 24) (68 -> 27) (69 -> 65) 
70
