-- 74 1
-- 74 2
-- 74 3
-- 74 4
-- 74 5
-- 74 6
-- 74 7
-- 74 8
-- 74 9
-- 74 10
-- 74 11
-- 74 12
-- 74 13
-- 74 14
-- 74 15
-- 74 16
-- 74 17
-- 74 18
-- 74 19
-- 74 20
-- 74 21
-- 74 22
-- 74 23
-- 74 24
-- 74 25
-- 74 26
-- 74 27
-- 74 28
-- 74 29
-- 74 30
-- 74 31
-- 74 32
-- 74 33
-- 74 34
-- 74 35
-- 75 36
-- 75 37
-- 75 38
-- 75 39
-- 75 40
-- 75 41
-- 75 42
-- 75 43
-- 75 44
-- 75 45
-- 75 46
-- 75 47
-- 75 48
-- 75 49
-- 75 50
-- 75 51
-- 75 52
-- 75 53
-- 75 54
-- 75 55
-- 75 56
-- 75 57
-- 75 58
-- 75 59
-- 75 60
-- 75 61
-- 75 62
-- 75 63
-- 75 64
-- 75 65
-- 75 66
-- 75 67
-- 75 68
-- 75 69
-- 75 70
-- 75 71
-- 75 72
-- 75 73
-- 75 74
-- 75 75
-- 75 76
-- 75 77
-- 75 78
-- 75 79
-- 75 80
-- 75 81
-- 75 82
-- 75 83
-- 75 84
-- 75 85
-- 75 86
-- 75 87
-- 75 88
-- 75 89
-- 75 90
true 90 90
(0 -> 90) (1 -> 3) (2 -> 66) (3 -> 87) (4 -> 76) (5 -> 51) (6 -> 17) (7 -> 35) (8 -> 5) (10 -> 1) (11 -> 19) (12 -> 40) (13 -> 58) (14 -> 61) (15 -> 4) (16 -> 26) (18 -> 31) (19 -> 83) (20 -> 38) (21 -> 62) (22 -> 14) (23 -> 74) (24 -> 48) (25 -> 97) (26 -> 37) (27 -> 78) (28 -> 23) (29 -> 0) (30 -> 25) (31 -> 46) (32 -> 94) (33 -> 18) (34 -> 69) (38 -> 34) (39 -> 49) (40 -> 93) (41 -> 89) (42 -> 27) (43 -> 8) (44 -> 84) (45 -> 98) (47 -> 6) (48 -> 86) (49 -> 32) (50 -> 81) (51 -> 29) (52 -> 33) (53 -> 82) (55 -> 96) (56 -> 2) (57 -> 52) (58 -> 92) (59 -> 42) (61 -> 9) (62 -> 55) (63 -> 73) (64 -> 95) (65 -> 7) (66 -> 57) (67 -> 64) (68 -> 47) (69 -> 50) (70 -> 65) (71 -> 72) (72 -> 80) (74 -> 22) (75 -> 41) (76 -> 63) (77 -> 44) (78 -> 85) (79 -> 36) (80 -> 12) (81 -> 10) (82 -> 43) (83 -> 71) (84 -> 79) (85 -> 56) (86 -> 54) (87 -> 15) (88 -> 11) (89 -> 59) (90 -> 77) (91 -> 16) (92 -> 75) (94 -> 53) (95 -> 70) (96 -> 30) (97 -> 28) (98 -> 68) (99 -> 99) 
75
