-- 37 1
-- 37 2
-- 37 3
-- 37 4
-- 37 5
-- 37 6
-- 37 7
-- 37 8
-- 37 9
-- 37 10
-- 37 11
-- 37 12
-- 37 13
-- 37 14
-- 37 15
-- 37 16
-- 37 17
-- 37 18
-- 37 19
-- 37 20
-- 37 21
-- 37 22
-- 37 23
-- 37 24
-- 37 25
-- 37 26
-- 37 27
-- 37 28
-- 37 29
-- 37 30
-- 37 31
-- 37 32
-- 37 33
-- 37 34
-- 37 35
-- 37 36
-- 37 37
-- 37 38
-- 37 39
-- 37 40
-- 37 41
-- 37 42
-- 37 43
-- 37 44
-- 37 45
-- 37 46
-- 37 47
-- 37 48
-- 37 49
true 49 49
(0 -> 17) (1 -> 20) (2 -> 37) (3 -> 41) (4 -> 2) (5 -> 23) (6 -> 33) (7 -> 21) (8 -> 3) (9 -> 44) (10 -> 7) (11 -> 10) (13 -> 29) (14 -> 15) (15 -> 47) (16 -> 5) (17 -> 19) (18 -> 4) (19 -> 26) (20 -> 46) (21 -> 34) (22 -> 14) (23 -> 45) (24 -> 39) (25 -> 0) (26 -> 22) (27 -> 40) (28 -> 24) (29 -> 6) (30 -> 28) (31 -> 42) (32 -> 30) (33 -> 9) (34 -> 32) (35 -> 25) (36 -> 11) (37 -> 16) (38 -> 8) (39 -> 27) (40 -> 48) (41 -> 36) (42 -> 43) (43 -> 31) (44 -> 38) (45 -> 49) (46 -> 12) (47 -> 13) (48 -> 18) (49 -> 1) 
38
