-- 118 1
-- 118 2
-- 118 3
-- 118 4
-- 118 5
-- 118 6
-- 118 7
-- 118 8
-- 118 9
-- 118 10
-- 118 11
-- 119 12
-- 119 13
-- 119 14
-- 119 15
-- 119 16
-- 119 17
-- 119 18
-- 119 19
-- 119 20
-- 119 21
-- 119 22
-- 119 23
-- 119 24
-- 119 25
-- 119 26
-- 119 27
-- 119 28
-- 119 29
-- 119 30
-- 119 31
-- 119 32
-- 119 33
-- 119 34
-- 119 35
-- 119 36
-- 119 37
-- 119 38
-- 119 39
-- 119 40
-- 119 41
-- 119 42
-- 119 43
-- 119 44
-- 119 45
-- 119 46
-- 119 47
-- 119 48
-- 119 49
-- 119 50
-- 119 51
-- 119 52
-- 119 53
-- 119 54
-- 119 55
-- 119 56
-- 119 57
-- 119 58
-- 119 59
-- 119 60
-- 119 61
-- 119 62
-- 119 63
-- 119 64
-- 119 65
-- 119 66
-- 119 67
-- 119 68
-- 119 69
-- 119 70
-- 119 71
-- 119 72
true 86 72
(0 -> 31) (1 -> 8) (2 -> 61) (3 -> 2) (4 -> 35) (6 -> 46) (8 -> 56) (9 -> 59) (11 -> 48) (12 -> 50) (13 -> 68) (14 -> 7) (16 -> 17) (17 -> 29) (18 -> 63) (19 -> 4) (21 -> 11) (22 -> 66) (23 -> 39) (25 -> 14) (26 -> 25) (27 -> 20) (28 -> 44) (29 -> 38) (30 -> 52) (31 -> 30) (32 -> 9) (33 -> 5) (34 -> 24) (35 -> 40) (36 -> 64) (37 -> 78) (38 -> 16) (39 -> 55) (40 -> 76) (41 -> 69) (42 -> 60) (43 -> 22) (44 -> 49) (45 -> 0) (46 -> 32) (47 -> 12) (48 -> 58) (49 -> 19) (50 -> 13) (51 -> 74) (52 -> 62) (53 -> 67) (54 -> 43) (55 -> 72) (56 -> 18) (57 -> 23) (58 -> 27) (59 -> 1) (60 -> 53) (61 -> 15) (62 -> 21) (63 -> 42) (64 -> 47) (65 -> 57) (66 -> 6) (67 -> 10) (68 -> 3) (69 -> 65) (71 -> 41) (72 -> 54) (73 -> 45) (74 -> 33) (76 -> 51) (77 -> 73) (78 -> 26) (79 -> 79) 
120
