-- 33 1
-- 33 2
-- 33 3
-- 33 4
-- 33 5
-- 33 6
-- 33 7
-- 33 8
-- 33 9
-- 33 10
-- 33 11
-- 33 12
-- 34 13
-- 34 14
-- 34 15
-- 34 16
-- 34 17
-- 34 18
-- 34 19
-- 34 20
-- 34 21
-- 34 22
-- 34 23
-- 34 24
-- 34 25
-- 34 26
-- 34 27
-- 34 28
-- 34 29
-- 34 30
-- 34 31
-- 34 32
-- 34 33
-- 34 34
-- 34 35
-- 34 36
-- 34 37
-- 34 38
-- 34 39
-- 34 40
-- 34 41
-- 34 42
-- 34 43
-- 34 44
true 52 44
(0 -> 40) (2 -> 9) (3 -> 17) (4 -> 45) (5 -> 43) (6 -> 23) (7 -> 13) (8 -> 46) (9 -> 28) (10 -> 30) (11 -> 8) (12 -> 18) (13 -> 16) (14 -> 7) (15 -> 41) (16 -> 47) (17 -> 26) (18 -> 29) (19 -> 4) (20 -> 20) (21 -> 19) (22 -> 11) (23 -> 3) (24 -> 0) (25 -> 2) (27 -> 32) (30 -> 22) (31 -> 14) (32 -> 10) (33 -> 31) (34 -> 34) (35 -> 36) (36 -> 39) (37 -> 33) (39 -> 25) (40 -> 5) (41 -> 38) (42 -> 48) (43 -> 49) (44 -> 12) (45 -> 27) (46 -> 35) (47 -> 15) (48 -> 37) 
34
