-- 28 1
-- 28 2
-- 28 3
-- 28 4
-- 28 5
-- 28 6
-- 28 7
-- 28 8
-- 28 9
-- 28 10
-- 28 11
-- 28 12
-- 28 13
-- 28 14
-- 28 15
-- 28 16
-- 28 17
-- 28 18
-- 28 19
-- 28 20
-- 28 21
-- 28 22
-- 28 23
-- 28 24
-- 28 25
-- 28 26
-- 28 27
-- 28 28
-- 28 29
-- 28 30
-- 28 31
-- 28 32
-- 28 33
-- 28 34
-- 28 35
-- 28 36
-- 28 37
-- 28 38
-- 28 39
-- 28 40
-- 28 41
-- 28 42
-- 28 43
-- 28 44
-- 28 45
-- 28 46
-- 29 47
-- 29 48
-- 29 49
-- 29 50
-- 29 51
-- 29 52
-- 29 53
true 53 53
(0 -> 16) (1 -> 28) (2 -> 37) (3 -> 38) (4 -> 43) (5 -> 59) (6 -> 5) (7 -> 22) (8 -> 6) (9 -> 1) (10 -> 44) (11 -> 20) (12 -> 57) (13 -> 3) (14 -> 21) (15 -> 41) (16 -> 55) (18 -> 24) (19 -> 27) (20 -> 56) (21 -> 33) (22 -> 46) (23 -> 12) (24 -> 17) (25 -> 11) (26 -> 2) (27 -> 13) (28 -> 32) (29 -> 35) (30 -> 54) (31 -> 19) (32 -> 0) (33 -> 10) (34 -> 29) (35 -> 47) (36 -> 42) (37 -> 26) (38 -> 9) (41 -> 36) (42 -> 48) (43 -> 30) (44 -> 34) (45 -> 58) (47 -> 15) (48 -> 51) (49 -> 7) (51 -> 18) (53 -> 31) (54 -> 49) (55 -> 8) (57 -> 23) (58 -> 25) (59 -> 53) 
29
