-- 6 1
-- 6 2
-- 7 3
-- 7 4
-- 7 5
-- 7 6
-- 7 7
-- 7 8
-- 7 9
-- 7 10
-- 7 11
-- 7 12
-- 7 13
-- 7 14
-- 7 15
-- 7 16
-- 7 17
-- 7 18
-- 7 19
-- 7 20
-- 7 21
-- 7 22
-- 7 23
-- 7 24
-- 7 25
-- 7 26
-- 7 27
-- 7 28
-- 7 29
-- 7 30
true 30 30
(0 -> 6) (1 -> 17) (2 -> 11) (3 -> 19) (4 -> 4) (5 -> 25) (6 -> 29) (7 -> 5) (8 -> 27) (9 -> 32) (10 -> 26) (11 -> 1) (12 -> 8) (13 -> 13) (16 -> 15) (18 -> 10) (19 -> 14) (20 -> 9) (21 -> 2) (22 -> 30) (23 -> 28) (24 -> 33) (25 -> 12) (28 -> 7) (29 -> 0) (30 -> 31) (31 -> 20) (32 -> 3) (33 -> 18) (34 -> 21) 
7
