-- 118 1
-- 118 2
-- 118 3
-- 119 4
-- 119 5
-- 119 6
-- 119 7
-- 119 8
-- 119 9
-- 119 10
-- 119 11
-- 119 12
-- 119 13
-- 119 14
-- 119 15
-- 119 16
-- 119 17
-- 119 18
-- 119 19
-- 119 20
-- 119 21
-- 119 22
-- 119 23
-- 119 24
-- 119 25
-- 119 26
-- 119 27
-- 119 28
-- 119 29
-- 119 30
-- 119 31
-- 119 32
-- 119 33
-- 119 34
-- 119 35
-- 119 36
-- 119 37
-- 119 38
-- 119 39
-- 119 40
-- 119 41
-- 119 42
-- 119 43
-- 119 44
-- 119 45
-- 119 46
-- 119 47
-- 119 48
-- 119 49
-- 119 50
-- 119 51
-- 119 52
-- 119 53
-- 119 54
-- 119 55
-- 119 56
-- 120 57
-- 120 58
-- 120 59
-- 120 60
-- 120 61
-- 120 62
-- 120 63
-- 120 64
-- 120 65
-- 120 66
-- 120 67
-- 120 68
-- 120 69
-- 120 70
-- 120 71
-- 120 72
-- 120 73
-- 120 74
-- 120 75
-- 120 76
-- 120 77
-- 120 78
-- 120 79
-- 120 80
-- 120 81
-- 120 82
-- 120 83
-- 120 84
-- 120 85
-- 120 86
-- 120 87
-- 120 88
-- 120 89
-- 120 90
true 90 90
(0 -> 74) (1 -> 27) (2 -> 63) (3 -> 86) (4 -> 71) (5 -> 55) (6 -> 49) (7 -> 79) (8 -> 50) (9 -> 73) (10 -> 39) (11 -> 42) (12 -> 25) (13 -> 24) (15 -> 83) (16 -> 57) (17 -> 7) (18 -> 20) (19 -> 94) (20 -> 18) (22 -> 48) (23 -> 37) (24 -> 65) (25 -> 41) (26 -> 85) (27 -> 99) (28 -> 91) (29 -> 16) (30 -> 95) (32 -> 10) (33 -> 38) (34 -> 23) (35 -> 19) (36 -> 17) (37 -> 6) (38 -> 72) (39 -> 67) (40 -> 43) (41 -> 5) (42 -> 44) (43 -> 78) (45 -> 53) (46 -> 75) (47 -> 9) (48 -> 88) (49 -> 70) (50 -> 29) (51 -> 81) (52 -> 45) (53 -> 92) (54 -> 32) (55 -> 8) (56 -> 52) (57 -> 89) (58 -> 30) (59 -> 14) (60 -> 4) (61 -> 26) (62 -> 59) (63 -> 56) (64 -> 90) (65 -> 0) (66 -> 11) (68 -> 84) (69 -> 2) (70 -> 22) (71 -> 51) (72 -> 47) (73 -> 62) (74 -> 1) (75 -> 60) (76 -> 46) (77 -> 97) (78 -> 61) (79 -> 87) (80 -> 34) (81 -> 82) (84 -> 21) (86 -> 35) (87 -> 54) (88 -> 68) (89 -> 28) (91 -> 66) (92 -> 33) (93 -> 77) (94 -> 58) (95 -> 3) (97 -> 15) (98 -> 69) (99 -> 98) 
120
