-- 78 1
-- 78 2
-- 78 3
-- 78 4
-- 78 5
-- 78 6
-- 78 7
-- 78 8
-- 78 9
-- 78 10
-- 78 11
-- 78 12
-- 78 13
-- 78 14
-- 78 15
-- 79 16
-- 79 17
-- 79 18
-- 79 19
-- 79 20
-- 79 21
-- 79 22
-- 79 23
-- 79 24
-- 79 25
-- 79 26
-- 79 27
-- 79 28
-- 79 29
-- 79 30
-- 79 31
-- 79 32
-- 79 33
-- 79 34
-- 79 35
-- 79 36
-- 79 37
-- 79 38
-- 79 39
-- 79 40
-- 79 41
-- 79 42
-- 79 43
-- 79 44
-- 79 45
-- 79 46
-- 79 47
-- 79 48
-- 79 49
-- 79 50
-- 79 51
-- 79 52
-- 79 53
-- 79 54
-- 79 55
-- 79 56
-- 79 57
-- 79 58
-- 79 59
-- 79 60
-- 79 61
-- 79 62
-- 79 63
-- 79 64
-- 79 65
-- 79 66
-- 79 67
-- 79 68
-- 79 69
-- 79 70
-- 79 71
-- 79 72
-- 79 73
-- 79 74
-- 79 75
-- 79 76
-- 79 77
-- 79 78
-- 79 79
-- 79 80
-- 79 81
-- 79 82
-- 79 83
-- 79 84
-- 79 85
-- 79 86
-- 79 87
-- 79 88
true 88 88
(0 -> 5) (1 -> 95) (2 -> 87) (3 -> 9) (4 -> 92) (5 -> 35) (6 -> 79) (7 -> 3) (8 -> 52) (9 -> 4) (10 -> 89) (11 -> 12) (13 -> 48) (14 -> 43) (15 -> 99) (16 -> 13) (17 -> 72) (18 -> 16) (19 -> 41) (20 -> 66) (21 -> 76) (22 -> 23) (23 -> 18) (24 -> 71) (25 -> 78) (26 -> 11) (27 -> 70) (29 -> 86) (30 -> 27) (31 -> 74) (32 -> 83) (33 -> 61) (34 -> 39) (35 -> 64) (36 -> 81) (37 -> 30) (39 -> 50) (40 -> 40) (41 -> 44) (42 -> 46) (44 -> 45) (45 -> 60) (46 -> 96) (47 -> 17) (48 -> 2) (49 -> 57) (50 -> 29) (51 -> 84) (52 -> 94) (53 -> 98) (54 -> 91) (55 -> 73) (56 -> 20) (57 -> 63) (58 -> 21) (59 -> 8) (60 -> 77) (61 -> 67) (62 -> 65) (63 -> 80) (64 -> 32) (65 -> 88) (66 -> 15) (68 -> 26) (69 -> 85) (70 -> 34) (71 -> 49) (73 -> 25) (74 -> 19) (76 -> 54) (77 -> 37) (79 -> 55) (80 -> 53) (83 -> 6) (84 -> 82) (86 -> 93) (87 -> 59) (88 -> 68) (89 -> 24) (90 -> 36) (91 -> 90) (92 -> 28) (93 -> 51) (95 -> 7) (96 -> 0) (97 -> 10) (98 -> 97) (99 -> 22) 
80
