-- 29 1
-- 29 2
-- 29 3
-- 29 4
-- 29 5
-- 29 6
-- 29 7
-- 29 8
-- 29 9
-- 29 10
-- 29 11
-- 29 12
-- 29 13
-- 29 14
-- 29 15
-- 29 16
-- 29 17
-- 29 18
-- 29 19
-- 29 20
-- 29 21
-- 30 22
-- 30 23
-- 30 24
-- 30 25
-- 30 26
-- 30 27
-- 30 28
-- 30 29
-- 30 30
-- 30 31
-- 30 32
-- 30 33
-- 30 34
-- 30 35
-- 30 36
-- 30 37
-- 30 38
-- 30 39
-- 30 40
-- 30 41
-- 30 42
-- 30 43
-- 30 44
-- 30 45
-- 30 46
true 312 46
(0 -> 37) (1 -> 58) (2 -> 8) (3 -> 29) (4 -> 2) (5 -> 55) (6 -> 34) (7 -> 52) (9 -> 18) (10 -> 13) (11 -> 48) (12 -> 41) (14 -> 6) (15 -> 24) (17 -> 22) (18 -> 51) (20 -> 19) (21 -> 26) (22 -> 39) (24 -> 9) (25 -> 44) (28 -> 10) (29 -> 32) (30 -> 33) (31 -> 35) (32 -> 31) (33 -> 1) (35 -> 40) (37 -> 36) (39 -> 5) (40 -> 25) (41 -> 53) (43 -> 11) (44 -> 14) (45 -> 59) (46 -> 30) (47 -> 50) (48 -> 21) (49 -> 16) (50 -> 7) (53 -> 27) (54 -> 54) (55 -> 42) (56 -> 47) (57 -> 56) (59 -> 12) 
31
