-- 40 1
-- 40 2
-- 40 3
-- 40 4
-- 40 5
-- 40 6
-- 40 7
-- 40 8
-- 40 9
-- 40 10
-- 40 11
-- 40 12
-- 40 13
-- 40 14
-- 40 15
-- 40 16
-- 40 17
-- 40 18
-- 40 19
-- 40 20
-- 40 21
-- 40 22
-- 40 23
-- 40 24
-- 40 25
-- 40 26
-- 40 27
-- 40 28
-- 40 29
-- 40 30
-- 40 31
-- 40 32
-- 40 33
-- 40 34
-- 40 35
-- 40 36
-- 40 37
-- 40 38
-- 40 39
-- 40 40
-- 40 41
-- 40 42
-- 40 43
-- 40 44
-- 40 45
-- 40 46
-- 40 47
-- 40 48
-- 40 49
true 49 49
(0 -> 6) (1 -> 46) (2 -> 41) (3 -> 40) (4 -> 28) (5 -> 12) (6 -> 13) (7 -> 44) (8 -> 1) (9 -> 4) (10 -> 33) (11 -> 48) (12 -> 0) (13 -> 39) (14 -> 20) (15 -> 27) (16 -> 19) (17 -> 49) (18 -> 5) (19 -> 34) (20 -> 11) (22 -> 23) (23 -> 32) (24 -> 17) (25 -> 10) (26 -> 31) (27 -> 14) (28 -> 16) (29 -> 25) (30 -> 29) (31 -> 7) (32 -> 8) (33 -> 26) (34 -> 47) (35 -> 9) (36 -> 3) (37 -> 15) (38 -> 22) (39 -> 45) (40 -> 24) (41 -> 43) (42 -> 42) (43 -> 36) (44 -> 37) (45 -> 18) (46 -> 38) (47 -> 2) (48 -> 30) (49 -> 35) 
41
