-- 88 1
-- 88 2
-- 88 3
-- 88 4
-- 88 5
-- 88 6
-- 88 7
-- 88 8
-- 88 9
-- 88 10
-- 88 11
-- 88 12
-- 88 13
-- 88 14
-- 88 15
-- 88 16
-- 88 17
-- 88 18
-- 88 19
-- 88 20
-- 88 21
-- 88 22
-- 88 23
-- 88 24
-- 88 25
-- 88 26
-- 88 27
-- 88 28
-- 88 29
-- 89 30
-- 89 31
-- 89 32
-- 89 33
-- 89 34
-- 89 35
-- 89 36
-- 89 37
-- 89 38
-- 89 39
-- 89 40
-- 89 41
-- 89 42
-- 89 43
-- 89 44
-- 89 45
-- 89 46
-- 89 47
-- 89 48
-- 89 49
-- 89 50
-- 89 51
-- 89 52
-- 89 53
-- 89 54
-- 89 55
-- 89 56
-- 89 57
-- 89 58
-- 89 59
-- 89 60
-- 89 61
-- 89 62
-- 89 63
-- 89 64
-- 89 65
true 195 65
(0 -> 16) (1 -> 38) (3 -> 24) (4 -> 36) (7 -> 28) (10 -> 22) (12 -> 48) (13 -> 73) (14 -> 39) (15 -> 32) (16 -> 26) (17 -> 1) (18 -> 5) (19 -> 7) (20 -> 60) (22 -> 75) (23 -> 67) (24 -> 52) (25 -> 15) (26 -> 69) (29 -> 2) (30 -> 76) (31 -> 66) (32 -> 40) (33 -> 46) (34 -> 4) (35 -> 43) (36 -> 35) (37 -> 56) (38 -> 10) (39 -> 54) (40 -> 62) (41 -> 19) (42 -> 70) (43 -> 14) (45 -> 71) (46 -> 0) (47 -> 53) (48 -> 79) (51 -> 61) (52 -> 21) (53 -> 25) (54 -> 78) (55 -> 18) (56 -> 17) (59 -> 6) (60 -> 45) (61 -> 41) (62 -> 64) (63 -> 59) (64 -> 3) (65 -> 31) (66 -> 74) (67 -> 77) (68 -> 47) (69 -> 34) (70 -> 42) (72 -> 20) (73 -> 11) (74 -> 29) (75 -> 44) (76 -> 23) (77 -> 72) (78 -> 57) (79 -> 37) 
90
