-- 8 <270
-- worker thread times 5 5 5 5 5 5 5 5 0 0 0 0 5 0 0 5 0 0 0 0 0 0 0 0 5 0 5 5 5 5 5
-- 6 <269
-- worker thread times 3 4 3 3 3 3 0 3 0 0 3 0 3 4 4 3 4 4 4 3 4 3 4 0 3 4 3 3 4 4 0
-- 6 <268
-- worker thread times 3 0 0 3 3 3 3 3 3 3 3 3 3 3 3 3 3 3 3 3 3 3 3 3 3 3 4 4 3 3 4
-- 8 <267
-- worker thread times 1 1 5 1 0 1 1 5 5 0 5 5 0 5 5 5 0 0 5 5 0 5 5 5 1 0 1 1 5 0 5
-- 7 <266
-- worker thread times 3 3 3 3 3 3 3 3 3 3 3 3 0 3 3 3 3 3 3 3 3 3 0 3 3 3 0 3 3 3 3
-- worker thread times 11 9 4 6 4 12 9 6 4 12 4 8 8 10 7 9 9 4 5 8 4 4 8 9 8 6 11 12 12 12 9
-- 19 <265
-- worker thread times 11 21 23 23 23 25 24 25 23 19 13 27 12 19 20 17 10 17 30 12 11 17 15 18 20 21 26 12 12 15 13
-- 35 <264
-- worker thread times 37 49 50 28 53 38 53 49 47 53 39 42 51 37 38 41 36 51 50 35 31 46 29 43 43 38 47 37 36 50 53
-- 59 <263
-- worker thread times 118 102 107 99 115 104 105 101 97 104 110 105 101 103 93 111 109 110 113 109 104 117 117 96 101 114 101 107 106 114 114
-- 124 <262
-- worker thread times 298 305 296 311 300 279 304 307 298 294 296 300 303 306 293 284 304 308 303 304 303 305 297 278 293 306 293 294 294 297 297
-- 316 <261
-- worker thread times 648 652 627 649 655 655 630 653 649 642 657 646 657 645 630 641 650 649 646 649 642 636 634 640 646 635 645 660 642 658 657
-- 668 <260
-- worker thread times 1370 1357 1361 1356 1365 1363 1364 1350 1339 1359 1361 1353 1366 1354 1365 1365 1356 1354 1366 1352 1354 1360 1355 1359 1350 1350 1350 1358 1356 1364 1357
-- 1376 <259
-- worker thread times 2883 2877 2876 2870 2866 2877 2876 2870 2873 2866 2877 2869 2879 2865 2879 2859 2865 2862 2875 2866 2873 2864 2861 2875 2870 2868 2867 2873 2866 2872 2851
-- 2888 <258
-- worker thread times 5992 5982 5996 5988 5979 5987 5977 5984 5991 5981 5981 5985 5982 5986 5978 5974 5973 5987 5984 5987 5977 5977 5970 5977 5984 5974 5971 5992 5972 5979 5991
-- 6003 <257
-- worker thread times 12030 12035 12017 12035 12033 12039 12024 12026 12019 12031 12019 12034 12034 12030 12017 12028 12038 12024 12024 12034 12036 12021 12033 12018 12037 12031 12044 12031 12033 12036 12027
-- 12052 <256
-- worker thread times 23568 23583 23574 23577 23578 23578 23582 23575 23578 23575 23581 23573 23573 23576 23569 23579 23561 23582 23585 23575 23582 23572 23578 23588 23578 23582 23578 23587 23578 23579 23584
-- 23599 <255
-- worker thread times 44868 44875 44866 44863 44864 44865 44857 44875 44881 44869 44850 44863 44869 44874 44877 44870 44856 44867 44871 44870 44855 44878 44881 44862 44877 44869 44877 44873 44874 44865 44872
-- 44891 <254
-- worker thread times 7906 7908 7910 7908 7907 7916 7912 7910 7907 7915 7917 7910 7906 7900 7912 7908 7917 7902 7911 7914 7909 7908 7914 7901 7893 7918 7903 7907 7904 7911 7912
-- 7923 <253
false 1705245 aborted

100003 8 6 6 8 7 19 35 59 124 316 668 1376 2888 6003 12052 23599 44891 7923
FAIL0=8 FAIL1=6 FAIL10=668 FAIL11=1376 FAIL12=2888 FAIL13=6003 FAIL14=12052 FAIL15=23599 FAIL16=44891 FAIL17=7923 FAIL2=6 FAIL3=8 FAIL4=7 FAIL5=19 FAIL6=35 FAIL7=59 FAIL8=124 FAIL9=316 
