-- worker thread times 2 4 3 2 2 1 1 2 1 2 3 2 1 3 2 2 1 2 2 2 3 3 0 4 2 2 3 2 2 2 3
-- 10 <42
-- worker thread times 3 5 4 5 6 7 5 6 8 5 7 1 5 6 5 6 6 7 6 5 6 4 5 5 6 5 6 5 6 7 7
-- 14 <41
-- worker thread times 21 19 19 22 19 19 19 20 22 19 21 20 21 20 19 19 19 17 19 20 21 20 21 21 18 20 21 20 21 18 22
-- 29 <40
-- worker thread times 61 59 60 57 57 57 57 58 59 61 59 59 60 55 57 56 59 58 58 58 57 58 58 60 61 57 57 59 58 59 59
-- 68 <39
-- worker thread times 144 144 143 145 144 144 145 144 145 144 145 145 145 143 145 144 145 144 141 147 143 142 144 144 145 145 144 144 143 144 145
-- 155 <38
-- worker thread times 366 363 368 366 365 368 367 369 367 368 365 367 366 367 367 366 363 366 368 366 366 366 365 368 368 364 366 363 367 370 364
-- 378 <37
-- worker thread times 990 988 989 988 989 986 989 990 986 986 990 987 986 989 988 984 990 989 985 985 986 988 988 991 990 989 989 989 988 989 989
-- 1001 <36
-- worker thread times 3651 3651 3646 3647 3647 3649 3648 3648 3648 3652 3648 3650 3650 3650 3647 3650 3648 3649 3650 3648 3647 3650 3652 3648 3647 3647 3654 3649 3646 3648 3651
-- 3662 <35
-- worker thread times 23888 23877 23876 23884 23877 23886 23885 23878 23877 23880 23882 23881 23881 23885 23878 23869 23882 23887 23881 23886 23889 23869 23877 23874 23884 23876 23883 23880 23875 23882 23883
-- 23898 <34
-- worker thread times 70775 70774 70775 70776 70774 70775 70774 70775 70775 70775 70774 70776 70775 70774 70775 70776 70775 70776 70775 70775 70775 70774 70775 70776 70775 70775 70775 70775 70774 70775 70775
-- 70783 <33
false 14239385 aborted

100003 10 14 29 68 155 378 1001 3662 23898 70783
FAIL0=10 FAIL1=14 FAIL2=29 FAIL3=68 FAIL4=155 FAIL5=378 FAIL6=1001 FAIL7=3662 FAIL8=23898 FAIL9=70783 
