-- worker thread times 4 5 5 4 4 2 4 6 3 3 4 5 4 2 4 2 4 4 4 3 4 3 5 5 5 4 0 5 5 5 4
-- 13 <42
-- worker thread times 7 3 8 1 8 6 6 7 7 3 5 5 5 7 6 8 8 8 5 5 5 5 5 7 8 6 8 5 6 5 8
-- 15 <41
-- worker thread times 14 4 4 10 10 10 6 6 12 0 4 10 11 0 8 13 10 10 2 10 10 7 4 10 6 6 10 6 11 5 6
-- 21 <40
-- worker thread times 13 11 9 11 9 12 8 12 8 9 9 10 8 12 3 11 12 11 11 0 9 11 11 11 11 11 11 11 12 6 9
-- 21 <39
-- worker thread times 12 12 13 11 10 13 12 12 12 12 13 13 6 13 12 11 12 13 12 11 12 12 13 13 12 13 13 6 12 13 9
-- 24 <38
-- worker thread times 83 86 85 83 86 83 85 83 85 85 85 86 84 88 85 83 86 84 84 84 86 84 85 84 84 84 84 83 85 81 84
-- 95 <37
-- worker thread times 224 219 219 224 216 221 217 221 223 217 225 220 221 220 217 220 218 224 219 224 218 220 220 221 221 223 224 220 221 223 225
-- 235 <36
-- worker thread times 607 607 604 605 607 604 603 606 606 608 605 607 605 607 606 604 604 607 608 607 606 607 605 606 606 607 607 604 604 606 608
-- 619 <35
-- worker thread times 5536 5539 5537 5533 5535 5536 5534 5538 5533 5536 5537 5537 5538 5535 5537 5535 5538 5537 5534 5538 5535 5535 5538 5538 5536 5533 5535 5535 5536 5535 5536
-- 5549 <34
-- worker thread times 93390 93394 93389 93391 93395 93395 93394 93392 93391 93391 93390 93391 93392 93394 93395 93395 93396 93391 93396 93390 93396 93396 93391 93395 93391 93393 93391 93393 93390 93391 93396
-- 93403 <33
false 9153555 aborted

100003 13 15 21 21 24 95 235 619 5549 93403
FAIL0=13 FAIL1=15 FAIL2=21 FAIL3=21 FAIL4=24 FAIL5=95 FAIL6=235 FAIL7=619 FAIL8=5549 FAIL9=93403 
