-- worker thread times 0 0 0 0 0 0 0 0 0 0 0 0 0 0 0 0 0 0 0 0 0 0 0 0 0 0 0 0 0 0 0
-- 3 <48
-- worker thread times 1 0 0 0 0 0 0 0 0 0 0 0 0 0 0 0 0 0 0 0 0 0 0 0 0 0 0 0 0 0 0
-- 4 <47
-- worker thread times 1 0 0 0 0 0 1 1 0 0 0 0 0 0 1 0 0 0 1 0 0 1 0 0 0 0 0 0 0 0 1
-- 4 <46
-- worker thread times 2 1 0 0 1 1 0 0 2 1 0 0 1 0 0 2 0 1 0 2 1 1 0 2 1 0 0 0 2 0 3
-- 6 <45
-- worker thread times 4 5 4 3 3 3 3 3 2 3 2 0 2 0 3 1 2 2 3 2 3 0 4 2 5 5 0 3 3 4 5
-- 9 <44
-- worker thread times 8 5 8 6 7 4 7 6 7 3 7 5 6 1 6 5 5 6 7 5 8 6 5 8 3 3 7 9 7 2 6
-- 13 <43
-- worker thread times 14 13 11 15 13 12 13 15 9 16 14 6 10 14 12 10 13 6 14 12 12 14 12 14 8 12 16 13 16 12 14
-- 20 <42
-- worker thread times 20 25 24 24 18 23 24 17 25 25 20 24 24 14 24 16 9 24 23 24 22 24 25 24 21 21 12 20 25 26 26
-- 31 <41
-- worker thread times 35 38 35 35 34 34 37 31 37 38 39 33 32 33 35 37 37 34 31 36 36 33 37 38 33 33 34 31 37 30 36
-- 43 <40
-- worker thread times 59 58 54 48 48 54 53 50 58 56 54 55 57 53 55 52 55 58 56 51 58 51 53 56 59 57 58 54 57 60 57
-- 65 <39
-- worker thread times 81 84 88 86 87 81 82 82 82 82 86 83 88 86 87 80 77 84 80 72 76 86 87 82 81 82 85 81 79 86 87
-- 94 <38
-- worker thread times 115 121 114 117 120 111 114 115 112 116 107 116 115 112 114 117 114 118 112 119 111 118 114 112 116 114 118 120 116 118 118
-- 127 <37
-- worker thread times 157 171 156 154 155 156 159 144 159 161 165 161 162 165 162 158 162 165 166 157 160 164 155 160 153 152 162 159 162 160 156
-- 174 <36
-- worker thread times 2568 2584 2575 2571 2576 2580 2587 2569 2578 2573 2579 2573 2579 2586 2573 2578 2572 2564 2571 2581 2590 2572 2584 2578 2576 2575 2578 2579 2578 2578 2581
-- 2594 <35
-- worker thread times 96803 96798 96801 96802 96795 96788 96801 96804 96787 96802 96795 96797 96797 96790 96802 96793 96803 96803 96801 96801 96803 96801 96803 96792 96800 96795 96802 96799 96791 96786 96805
-- 96808 <34
false 13110215 aborted

100003 3 4 4 6 9 13 20 31 43 65 94 127 174 2594 96808
FAIL0=3 FAIL1=4 FAIL10=94 FAIL11=127 FAIL12=174 FAIL13=2594 FAIL14=96808 FAIL2=4 FAIL3=6 FAIL4=9 FAIL5=13 FAIL6=20 FAIL7=31 FAIL8=43 FAIL9=65 
