-- worker thread times 1 0 0 0 0 0 0 0 0 0 0 0 0 0 0 0 0 0 1 0 0 0 0 0 0 0 0 0 1 0 0
-- 4 <48
-- worker thread times 6 5 5 3 5 5 0 6 5 6 5 1 5 6 5 2 5 2 5 5 2 2 3 3 4 4 4 5 6 5 6
-- 9 <47
-- worker thread times 32 34 32 31 30 32 30 32 31 33 31 31 30 30 33 33 29 30 32 32 33 27 32 31 31 32 31 32 31 32 33
-- 37 <46
-- worker thread times 112 116 112 114 112 113 116 110 115 112 112 114 112 113 114 114 113 112 112 114 111 112 114 115 115 116 115 116 113 116 115
-- 120 <45
-- worker thread times 353 358 360 360 359 361 361 360 349 360 360 360 361 359 354 360 358 357 359 361 357 362 357 359 359 361 360 358 359 362 360
-- 367 <44
-- worker thread times 836 840 835 841 839 838 835 841 840 838 840 836 838 839 839 838 838 838 836 837 841 837 839 840 835 834 839 834 841 834 842
-- 847 <43
-- worker thread times 1882 1876 1884 1883 1881 1880 1857 1879 1883 1862 1884 1862 1878 1884 1882 1882 1882 1878 1874 1881 1881 1884 1881 1873 1879 1880 1879 1883 1869 1865 1884
-- 1890 <42
-- worker thread times 3905 3902 3895 3895 3899 3899 3900 3896 3902 3899 3901 3903 3897 3900 3897 3899 3896 3901 3903 3902 3896 3896 3902 3902 3901 3899 3896 3896 3901 3900 3902
-- 3911 <41
-- worker thread times 7839 7838 7839 7834 7837 7831 7836 7838 7834 7838 7833 7837 7838 7834 7836 7836 7835 7838 7833 7832 7841 7837 7839 7834 7836 7833 7838 7832 7840 7841 7833
-- 7849 <40
-- worker thread times 16257 16259 16257 16256 16256 16256 16256 16255 16256 16252 16254 16255 16258 16255 16255 16255 16260 16257 16259 16252 16259 16259 16257 16256 16256 16255 16257 16257 16255 16258 16256
-- 16268 <39
-- worker thread times 37468 37466 37466 37458 37466 37456 37461 37457 37465 37470 37468 37455 37464 37466 37463 37466 37462 37469 37459 37465 37460 37462 37467 37466 37461 37462 37460 37464 37459 37469 37465
-- 37478 <38
-- worker thread times 31212 31211 31211 31211 31212 31212 31211 31211 31212 31212 31211 31211 31212 31212 31212 31211 31212 31212 31211 31212 31212 31211 31211 31212 31212 31212 31212 31211 31213 31211 31211
-- 31216 <37
false 12021859 aborted

100002 4 9 37 120 367 847 1890 3911 7849 16268 37478 31216
FAIL0=4 FAIL1=9 FAIL10=37478 FAIL11=31216 FAIL2=37 FAIL3=120 FAIL4=367 FAIL5=847 FAIL6=1890 FAIL7=3911 FAIL8=7849 FAIL9=16268 
