-- worker thread times 0 0 0 0 0 0 0 0 0 0 0 0 0 0 0 0 0 0 0 0 0 0 0 0 0 0 0 0 0 0 0
-- 4 <50
-- worker thread times 0 0 0 0 0 0 0 0 0 0 0 0 0 0 0 0 0 0 0 0 0 0 0 0 0 0 0 0 0 0 0
-- 4 <49
-- worker thread times 0 0 0 0 0 0 0 0 0 0 0 0 0 0 0 0 0 0 0 0 0 0 0 0 0 0 0 0 0 1 0
-- 5 <48
-- worker thread times 0 0 0 0 0 0 0 0 0 0 0 0 0 0 0 0 0 0 0 0 0 0 0 0 0 0 0 0 0 0 0
-- 6 <47
-- worker thread times 6 6 6 7 6 7 6 7 6 6 5 6 6 6 6 5 7 6 6 7 5 7 6 8 6 6 5 6 5 6 7
-- 13 <46
-- worker thread times 27 27 26 29 26 25 26 27 26 25 26 28 26 26 27 27 28 27 26 26 26 26 26 27 27 26 25 24 28 27 25
-- 34 <45
-- worker thread times 2473 2496 2494 2494 2497 2497 2493 2495 2497 2496 2494 2476 2475 2497 2494 2492 2495 2493 2474 2497 2477 2483 2492 2495 2495 2495 2491 2490 2495 2500 2472
-- 2505 <44
-- worker thread times 21645 21651 21652 21652 21654 21645 21647 21648 21654 21650 21653 21652 21651 21646 21650 21643 21644 21641 21645 21643 21652 21649 21654 21650 21654 21653 21655 21639 21646 21646 21655
-- 21662 <43
-- worker thread times 75760 75761 75758 75759 75759 75759 75759 75758 75759 75758 75747 75760 75759 75754 75759 75758 75759 75759 75758 75759 75757 75759 75759 75759 75760 75759 75759 75746 75759 75759 75759
-- 75765 <42
false 16940478 aborted

100003 4 4 5 6 13 34 2505 21662 75765
FAIL0=4 FAIL1=4 FAIL2=5 FAIL3=6 FAIL4=13 FAIL5=34 FAIL6=2505 FAIL7=21662 FAIL8=75765 
