-- worker thread times 0 0 0 0 0 0 0 0 0 0 0 0 0 0 0 0 0 0 0 0 0 0 0 0 0 0 0 0 0 0 0
-- 4 <50
-- worker thread times 0 0 0 0 0 0 0 0 0 0 0 0 0 0 0 0 0 0 0 0 0 0 0 0 0 0 0 0 0 0 0
-- 4 <49
-- worker thread times 0 1 0 0 0 0 0 0 0 0 0 0 0 0 0 0 0 0 1 0 0 0 0 0 0 0 0 0 0 0 0
-- 4 <48
-- worker thread times 1 0 1 1 0 0 0 0 1 0 0 0 0 0 0 0 0 0 0 0 0 0 0 0 0 0 0 0 1 0 0
-- 5 <47
-- worker thread times 2 0 0 0 0 1 0 0 0 0 0 0 0 1 0 0 0 0 0 2 1 1 1 0 0 0 0 1 0 0 0
-- 5 <46
-- worker thread times 0 2 1 3 0 1 0 0 0 0 3 2 0 0 0 0 1 0 0 0 2 0 0 1 0 0 1 0 1 1 3
-- 7 <45
-- worker thread times 3 1 7 5 0 6 2 1 1 5 3 2 2 0 3 0 1 0 6 2 2 0 2 1 5 3 6 1 0 2 3
-- 10 <44
-- worker thread times 40 36 28 27 32 37 32 31 27 29 28 34 38 40 39 38 30 31 32 31 33 30 30 31 31 28 28 33 26 33 34
-- 43 <43
-- worker thread times 295 301 308 297 291 295 300 304 298 303 300 294 287 291 298 297 310 296 310 296 287 308 309 292 306 304 296 297 304 290 285
-- 314 <42
-- worker thread times 4945 4919 4938 4932 4925 4935 4938 4921 4928 4928 4930 4923 4945 4942 4934 4928 4932 4940 4936 4918 4933 4925 4931 4931 4924 4922 4944 4934 4932 4931 4938
-- 4948 <41
-- worker thread times 76231 76216 76220 76216 76196 76221 76230 76220 76220 76212 76227 76223 76200 76223 76214 76211 76220 76220 76215 76210 76198 76211 76201 76222 76209 76215 76215 76216 76206 76223 76223
-- 76234 <40
-- worker thread times 18416 18411 18402 18404 18409 18412 18411 18402 18407 18413 18396 18407 18414 18408 18403 18405 18415 18402 18405 18405 18407 18414 18404 18408 18404 18413 18405 18406 18405 18402 18416
-- 18419 <39
false 9109427 aborted

100003 4 4 4 5 5 7 10 43 314 4948 76234 18419
FAIL0=4 FAIL1=4 FAIL10=76234 FAIL11=18419 FAIL2=4 FAIL3=5 FAIL4=5 FAIL5=7 FAIL6=10 FAIL7=43 FAIL8=314 FAIL9=4948 
