-- worker thread times 3 3 1 4 2 4 3 1 1 2 2 2 4 3 1 3 4 3 3 3 3 2 2 1 1 3 2 3 3 3 1
-- 9 <50
-- worker thread times 5 8 8 6 8 10 8 8 0 7 6 7 8 8 8 9 9 7 6 9 6 8 7 6 7 8 9 9 9 0 9
-- 14 <49
-- worker thread times 15 17 16 17 14 16 4 17 3 13 17 7 12 11 18 14 13 18 19 18 17 4 3 13 17 11 17 14 18 16 14
-- 24 <48
-- worker thread times 25 23 22 23 23 18 25 24 23 22 22 20 18 25 26 23 21 22 24 23 25 25 24 27 23 22 25 23 22 21 25
-- 34 <47
-- worker thread times 46 48 42 48 52 44 44 48 47 52 41 44 47 44 45 25 21 32 36 39 43 50 42 47 49 45 43 50 45 29 41
-- 59 <46
-- worker thread times 51 50 50 53 53 55 55 52 51 52 49 52 53 44 44 56 55 57 53 53 47 50 57 50 52 54 46 54 50 51 47
-- 65 <45
-- worker thread times 77 72 77 81 74 77 76 80 76 74 79 72 72 75 79 77 81 73 82 75 74 80 75 73 75 78 78 79 74 80 84
-- 90 <44
-- worker thread times 241 216 229 239 234 232 231 239 251 236 237 248 230 252 242 240 242 248 233 249 241 244 244 244 236 245 232 230 228 243 251
-- 259 <43
-- worker thread times 8830 8824 8819 8826 8821 8828 8813 8822 8804 8821 8816 8824 8819 8824 8787 8813 8822 8826 8810 8817 8818 8768 8821 8818 8758 8815 8787 8818 8826 8826 8830
-- 8837 <42
-- worker thread times 90593 90597 90597 90597 90597 90595 90597 90594 90598 90597 90598 90599 90597 90598 90597 90594 90594 90583 90595 90596 90595 90594 90597 90596 90592 90594 90597 90598 90595 90597 90598
-- 90605 <41
false 4686577 aborted

100003 9 14 24 34 59 65 90 259 8837 90605
FAIL0=9 FAIL1=14 FAIL2=24 FAIL3=34 FAIL4=59 FAIL5=65 FAIL6=90 FAIL7=259 FAIL8=8837 FAIL9=90605 
