-- worker thread times 4 2 4 4 3 4 4 2 5 3 4 4 2 4 1 4 3 0 1 3 2 3 1 4 2 4 3 5 4 4 4
-- 10 <53
-- worker thread times 2 5 4 2 3 4 2 5 5 2 4 2 2 3 1 2 3 2 4 2 5 3 2 3 2 2 2 3 4 2 4
-- 12 <52
-- worker thread times 8 3 3 3 0 3 6 6 3 3 3 6 3 2 2 6 6 6 6 3 6 6 4 2 6 6 4 1 4 6 3
-- 15 <51
-- worker thread times 4 4 7 4 7 7 6 2 7 2 3 2 4 7 7 7 4 7 7 0 4 1 4 7 7 8 6 6 7 4 7
-- 15 <50
-- worker thread times 9 6 9 9 9 9 8 9 9 6 7 5 7 6 5 8 7 6 7 8 5 7 7 7 6 7 5 4 6 8 4
-- 18 <49
-- worker thread times 15 8 11 6 6 3 6 8 9 6 6 11 7 12 7 6 9 1 6 3 6 5 6 7 11 11 7 11 6 6 12
-- 21 <48
-- worker thread times 15 12 9 14 9 11 13 7 9 5 14 6 7 12 6 7 9 11 9 15 12 10 12 9 12 5 6 5 10 15 13
-- 24 <47
-- worker thread times 27 21 21 17 26 21 20 21 20 21 18 19 20 20 23 22 22 23 22 17 22 20 18 22 21 20 21 17 20 22 26
-- 33 <46
-- worker thread times 56 48 50 48 50 47 50 51 49 49 50 45 50 47 51 52 47 57 51 52 55 45 46 54 47 49 51 48 48 51 52
-- 63 <45
-- worker thread times 148 146 145 143 142 142 143 143 136 138 142 139 139 144 139 142 145 139 141 138 144 144 142 145 141 142 141 137 141 141 148
-- 158 <44
-- worker thread times 345 330 330 331 334 340 334 335 333 332 340 333 335 336 334 333 336 334 335 337 333 336 337 333 340 335 336 332 337 338 341
-- 352 <43
-- worker thread times 4377 4367 4371 4371 4368 4365 4365 4370 4368 4368 4367 4368 4369 4369 4366 4367 4365 4371 4369 4369 4367 4366 4366 4369 4367 4367 4368 4370 4374 4372 4375
-- 4384 <42
-- worker thread times 16769 16769 16761 16759 16744 16759 16754 16755 16749 16764 16760 16750 16753 16761 16756 16749 16751 16762 16763 16766 16766 16761 16748 16763 16757 16763 16742 16762 16765 16765 16770
-- 16778 <41
-- worker thread times 57179 57151 57167 57165 57160 57158 57171 57175 57177 57172 57178 57163 57155 57163 57163 57161 57160 57153 57149 57154 57164 57165 57150 57166 57165 57164 57159 57176 57144 57167 57163
-- 57186 <40
-- worker thread times 20911 20913 20913 20913 20913 20914 20915 20913 20911 20914 20912 20914 20911 20914 20912 20914 20909 20915 20914 20914 20914 20913 20914 20904 20912 20899 20911 20913 20913 20914 20912
-- 20922 <39
false 2414319 aborted

100003 10 12 15 15 18 21 24 33 63 158 352 4384 16778 57186 20922
FAIL0=10 FAIL1=12 FAIL10=352 FAIL11=4384 FAIL12=16778 FAIL13=57186 FAIL14=20922 FAIL2=15 FAIL3=15 FAIL4=18 FAIL5=21 FAIL6=24 FAIL7=33 FAIL8=63 FAIL9=158 
