-- worker thread times 0 0 0 0 0 0 0 0 0 0 0 0 0 0 0 0 0 0 1 0 0 0 0 1 0 0 1 0 0 1 0
-- 4 <64
-- worker thread times 0 1 0 0 0 0 2 0 0 0 0 2 0 0 0 0 0 0 0 1 0 0 1 1 0 0 0 0 1 0 2
-- 5 <63
-- worker thread times 3 1 2 4 1 2 2 1 1 4 3 3 3 2 0 1 1 2 2 2 2 2 2 4 0 4 3 2 1 3 3
-- 8 <62
-- worker thread times 10 14 10 9 10 10 10 11 7 10 8 12 5 14 14 12 9 9 9 6 12 13 12 9 9 12 8 10 8 12 10
-- 17 <61
-- worker thread times 186 188 188 186 187 190 187 185 190 190 175 186 187 184 190 189 188 191 191 184 188 185 187 188 193 193 188 182 182 190 184
-- 196 <60
-- worker thread times 1221 1222 1215 1220 1226 1219 1219 1214 1215 1221 1221 1219 1225 1225 1221 1224 1216 1222 1210 1221 1221 1227 1222 1213 1225 1222 1221 1222 1217 1213 1221
-- 1232 <59
-- worker thread times 7257 7258 7269 7268 7259 7262 7260 7258 7258 7268 7266 7249 7263 7266 7265 7250 7264 7256 7252 7265 7254 7254 7257 7265 7269 7260 7262 7265 7254 7272 7252
-- 7276 <58
-- worker thread times 55957 55953 55957 55962 55961 55952 55957 55957 55963 55961 55954 55955 55961 55967 55956 55954 55958 55959 55957 55965 55957 55961 55957 55958 55959 55958 55968 55958 55952 55953 55953
-- 55971 <57
-- worker thread times 35284 35283 35283 35283 35284 35284 35283 35284 35284 35280 35280 35284 35284 35283 35284 35282 35283 35284 35283 35284 35284 35283 35283 35283 35284 35284 35283 35284 35283 35284 35284
-- 35288 <56
false 11554511 aborted

100002 4 5 8 17 196 1232 7276 55971 35288
FAIL0=4 FAIL1=5 FAIL2=8 FAIL3=17 FAIL4=196 FAIL5=1232 FAIL6=7276 FAIL7=55971 FAIL8=35288 
