-- worker thread times 1 0 0 0 1 0 0 0 0 0 0 0 0 0 0 1 0 0 0 0 0 0 1 0 0 0 0 0 0 0 0
-- 4 <64
-- worker thread times 1 3 3 2 1 2 2 1 2 1 3 1 1 2 1 2 1 3 1 2 1 2 2 1 1 1 1 2 2 0 2
-- 6 <63
-- worker thread times 6 2 4 3 4 3 3 4 4 4 3 4 2 2 5 5 3 5 4 5 5 4 5 5 1 5 2 3 5 3 3
-- 9 <62
-- worker thread times 7 1 6 7 7 7 7 6 8 8 8 8 7 9 4 6 8 7 8 6 8 4 6 6 6 8 0 10 6 9 6
-- 13 <61
-- worker thread times 7 4 7 8 8 6 7 7 8 6 8 7 4 6 7 8 6 8 6 6 6 8 9 5 5 8 7 7 7 9 10
-- 13 <60
-- worker thread times 17 14 10 14 11 12 12 16 15 15 12 13 14 12 13 11 14 15 13 15 14 13 16 16 13 17 14 13 11 11 16
-- 21 <59
-- worker thread times 39 31 35 30 32 37 30 36 32 30 33 35 36 32 35 36 37 37 29 33 35 33 34 39 34 36 38 35 38 33 32
-- 42 <58
-- worker thread times 76 85 69 78 76 85 81 82 79 85 81 80 78 74 78 77 77 84 79 75 80 78 81 81 80 79 78 76 78 81 79
-- 89 <57
-- worker thread times 182 188 193 183 183 176 184 185 193 187 189 180 180 184 176 188 184 184 184 187 188 193 187 193 182 183 185 182 186 186 176
-- 197 <56
-- worker thread times 608 606 596 589 601 597 597 591 589 600 602 601 598 584 594 599 590 598 589 600 596 601 601 601 599 599 599 593 603 608 588
-- 612 <55
-- worker thread times 1946 1954 1947 1953 1948 1949 1957 1941 1954 1945 1940 1948 1946 1949 1950 1946 1936 1953 1944 1955 1958 1944 1938 1949 1950 1954 1948 1955 1954 1947 1958
-- 1965 <54
-- worker thread times 5537 5519 5527 5521 5521 5532 5518 5524 5531 5533 5528 5528 5526 5530 5529 5517 5536 5522 5524 5516 5534 5530 5528 5527 5533 5517 5526 5532 5519 5520 5526
-- 5542 <53
-- worker thread times 15355 15358 15362 15354 15363 15342 15367 15354 15363 15359 15357 15363 15367 15353 15363 15354 15356 15360 15357 15355 15362 15365 15354 15358 15367 15367 15365 15361 15362 15357 15358
-- 15377 <52
-- worker thread times 40831 40843 40842 40835 40844 40836 40842 40844 40844 40835 40844 40839 40841 40844 40838 40839 40852 40837 40840 40826 40836 40851 40834 40838 40835 40838 40840 40847 40844 40843 40840
-- 40859 <51
-- worker thread times 35244 35243 35244 35244 35243 35243 35243 35244 35243 35244 35243 35244 35244 35244 35236 35243 35243 35244 35243 35243 35244 35243 35243 35243 35243 35243 35225 35243 35243 35243 35239
-- 35248 <50
false 6291861 aborted

100002 4 6 9 13 13 21 42 89 197 612 1965 5542 15377 40859 35248
FAIL0=4 FAIL1=6 FAIL10=1965 FAIL11=5542 FAIL12=15377 FAIL13=40859 FAIL14=35248 FAIL2=9 FAIL3=13 FAIL4=13 FAIL5=21 FAIL6=42 FAIL7=89 FAIL8=197 FAIL9=612 
