-- worker thread times 0 1 1 0 0 0 0 0 0 1 1 0 1 0 0 0 0 0 0 1 1 0 1 1 1 1 0 1 1 0 1
-- 5 <64
-- worker thread times 1 1 1 1 1 1 1 1 1 1 1 2 1 2 0 1 0 1 0 1 1 1 2 2 1 1 1 1 1 0 1
-- 6 <63
-- worker thread times 2 1 1 1 0 0 0 0 0 1 0 0 0 0 0 0 0 0 0 0 0 1 0 0 1 0 0 0 0 0 2
-- 7 <62
-- worker thread times 2 1 0 1 0 1 1 1 0 0 1 0 0 0 1 1 0 0 0 0 0 1 1 1 0 0 0 0 1 0 0
-- 7 <61
-- worker thread times 1 0 1 0 1 1 1 0 0 0 0 1 1 0 0 0 0 1 1 1 1 0 3 0 1 0 0 1 2 3 5
-- 9 <60
-- worker thread times 5 2 1 0 1 0 1 0 0 3 3 4 3 0 0 1 3 1 1 0 1 0 0 1 0 4 2 1 2 2 0
-- 9 <59
-- worker thread times 7 4 6 3 4 4 5 4 2 4 2 2 4 3 2 2 2 3 2 2 5 3 2 3 6 3 3 3 2 3 8
-- 12 <58
-- worker thread times 9 8 7 8 7 10 6 12 7 7 7 7 7 7 8 7 6 7 7 8 11 7 7 10 12 8 10 8 7 13 7
-- 18 <57
-- worker thread times 110 111 115 112 113 111 110 100 114 114 111 110 110 108 110 111 113 103 110 112 108 110 110 98 110 112 109 111 113 116 118
-- 121 <56
-- worker thread times 448 439 447 441 441 442 441 429 439 442 443 441 439 441 442 441 440 441 440 442 442 439 448 440 443 442 442 443 443 444 440
-- 453 <55
-- worker thread times 995 995 998 1005 1011 1016 1014 1017 995 1012 1007 999 1010 1005 1007 1007 1006 1006 1010 999 1004 1009 1008 1008 1010 1014 993 1012 1013 999 1009
-- 1022 <54
-- worker thread times 2001 2005 2006 2008 2006 2011 2006 2010 2013 2006 2009 2005 2011 2007 2011 2011 2012 2005 2012 2008 2006 2005 2009 2005 2010 2007 2007 2010 1992 2008 2002
-- 2019 <53
-- worker thread times 3718 3701 3714 3707 3712 3713 3696 3711 3710 3713 3714 3709 3711 3711 3712 3681 3709 3711 3698 3710 3705 3710 3713 3710 3712 3714 3710 3711 3712 3702 3712
-- 3722 <52
-- worker thread times 6811 6810 6812 6804 6815 6811 6810 6809 6810 6802 6809 6790 6813 6811 6802 6807 6805 6811 6806 6800 6813 6808 6809 6808 6808 6810 6810 6811 6811 6779 6802
-- 6820 <51
-- worker thread times 13107 13113 13124 13121 13119 13116 13122 13104 13119 13119 13116 13116 13119 13107 13117 13119 13097 13127 13117 13111 13127 13110 13124 13085 13118 13104 13120 13123 13127 13109 13129
-- 13135 <50
-- worker thread times 72357 72362 72351 72356 72364 72360 72368 72353 72361 72351 72353 72352 72356 72351 72362 72356 72350 72362 72346 72369 72350 72361 72358 72357 72352 72355 72355 72368 72364 72369 72354
-- 72375 <49
-- worker thread times 247 246 246 246 246 246 246 247 246 246 247 246 244 246 232 246 246 246 246 246 247 246 246 246 246 246 244 245 246 247 246
-- 251 <48
false 3389639 aborted

100001 5 6 7 7 9 9 12 18 121 453 1022 2019 3722 6820 13135 72375 251
FAIL0=5 FAIL1=6 FAIL10=1022 FAIL11=2019 FAIL12=3722 FAIL13=6820 FAIL14=13135 FAIL15=72375 FAIL16=251 FAIL2=7 FAIL3=7 FAIL4=9 FAIL5=9 FAIL6=12 FAIL7=18 FAIL8=121 FAIL9=453 
