-- worker thread times 123 120 129 124 127 126 124 124 128 128 125 126 124 123 115 125 122 129 118 126 120 124 124 119 125 121 126 122 124 124 126
-- 141 <64
-- worker thread times 190 194 201 187 192 200 201 198 181 192 192 200 196 203 198 182 201 201 208 193 202 203 191 199 202 193 191 202 200 179 190
-- 218 <63
-- worker thread times 318 327 331 330 328 319 328 324 328 319 330 319 329 329 313 309 329 330 328 328 329 327 333 323 323 320 317 327 327 327 329
-- 347 <62
-- worker thread times 545 546 537 545 542 545 548 547 545 544 548 545 541 549 544 548 546 541 547 545 549 550 548 546 546 546 549 548 552 549 547
-- 565 <61
-- worker thread times 1137 1146 1139 1133 1137 1120 1146 1131 1139 1144 1145 1134 1143 1131 1137 1147 1146 1121 1143 1134 1128 1146 1146 1131 1145 1144 1141 1147 1137 1141 1135
-- 1168 <60
-- worker thread times 2109 2100 2101 2104 2116 2109 2108 2105 2110 2108 2112 2085 2112 2106 2107 2100 2113 2100 2108 2109 2110 2110 2097 2098 2108 2112 2107 2097 2091 2105 2097
-- 2134 <59
-- worker thread times 3165 3163 3149 3140 3151 3152 3161 3157 3148 3162 3156 3157 3139 3148 3152 3159 3163 3139 3155 3142 3157 3156 3147 3160 3151 3130 3154 3150 3163 3165 3162
-- 3188 <58
-- worker thread times 4513 4512 4524 4510 4510 4502 4511 4512 4512 4512 4526 4523 4528 4527 4511 4514 4525 4512 4525 4512 4517 4527 4510 4510 4498 4496 4508 4514 4498 4510 4510
-- 4551 <57
-- worker thread times 7073 7075 7073 7076 7054 7059 7063 7074 7065 7071 7072 7076 7067 7066 7043 7074 7054 7051 7078 7077 7065 7072 7071 7063 7066 7077 7058 7071 7081 7061 7067
-- 7102 <56
-- worker thread times 11399 11401 11392 11388 11405 11399 11402 11394 11394 11392 11392 11396 11399 11395 11388 11397 11398 11400 11398 11399 11401 11398 11401 11397 11400 11396 11398 11391 11396 11408 11403
-- 11430 <55
-- worker thread times 18958 18948 18948 18942 18953 18944 18956 18958 18957 18942 18942 18959 18939 18953 18947 18935 18955 18940 18955 18944 18959 18958 18962 18950 18959 18949 18947 18951 18947 18960 18949
-- 18992 <54
-- worker thread times 30250 30219 30249 30233 30250 30235 30250 30249 30246 30247 30248 30248 30247 30252 30245 30250 30246 30239 30240 30248 30246 30239 30218 30246 30243 30226 30234 30249 30248 30253 30243
-- 30282 <53
-- worker thread times 19816 19816 19819 19821 19821 19819 19816 19820 19802 19821 19807 19820 19827 19821 19818 19816 19819 19822 19820 19819 19819 19800 19821 19819 19820 19810 19820 19813 19817 19821 19821
-- 19842 <52
false 1079262 aborted

100011 141 218 347 565 1168 2134 3188 4551 7102 11430 18992 30282 19842
FAIL0=141 FAIL1=218 FAIL10=18992 FAIL11=30282 FAIL12=19842 FAIL2=347 FAIL3=565 FAIL4=1168 FAIL5=2134 FAIL6=3188 FAIL7=4551 FAIL8=7102 FAIL9=11430 
