-- worker thread times 9 10 15 10 14 9 15 15 14 8 9 15 10 15 8 9 16 9 9 18 15 15 15 14 15 9 10 10 15 15 11
-- 26 <64
-- worker thread times 16 25 17 23 22 21 11 25 0 24 26 17 17 23 23 23 24 17 23 25 18 24 23 24 22 23 15 24 10 12 19
-- 34 <63
-- worker thread times 31 33 32 26 33 25 31 32 31 27 32 30 31 28 31 31 33 26 15 32 34 31 30 32 32 7 28 29 34 32 27
-- 42 <62
-- worker thread times 46 40 47 48 37 39 39 39 41 36 46 38 39 36 30 40 44 45 47 29 16 38 29 28 46 43 30 37 29 40 45
-- 59 <61
-- worker thread times 61 43 57 50 52 54 55 60 46 53 54 57 45 48 50 50 44 48 47 48 55 61 45 57 58 54 48 62 52 56 53
-- 74 <60
-- worker thread times 69 70 73 67 64 73 62 68 77 72 62 71 73 71 73 75 73 70 73 75 70 74 69 65 63 78 74 68 66 78 53
-- 89 <59
-- worker thread times 87 88 67 88 94 88 72 93 79 78 85 83 87 69 83 83 87 80 80 67 96 83 74 79 79 77 84 80 84 94 91
-- 109 <58
-- worker thread times 89 110 107 115 115 120 113 114 109 100 103 113 107 111 107 115 111 100 107 113 90 109 108 115 113 114 110 117 117 113 120
-- 134 <57
-- worker thread times 149 146 147 144 133 144 131 151 147 155 144 141 152 144 150 141 146 147 147 148 144 147 142 148 138 132 147 147 145 148 150
-- 165 <56
-- worker thread times 186 190 183 177 182 179 190 188 175 179 176 187 184 185 176 187 185 181 182 188 183 170 185 182 185 183 181 186 185 183 189
-- 203 <55
-- worker thread times 246 253 242 247 257 240 246 245 248 243 249 244 243 244 237 235 253 246 240 243 247 240 246 240 239 248 245 247 239 244 245
-- 272 <54
-- worker thread times 340 337 338 340 328 348 345 340 339 337 338 336 341 342 341 337 337 340 342 343 341 338 338 340 341 340 341 340 332 339 340
-- 361 <53
-- worker thread times 504 499 507 503 499 502 496 504 497 498 503 506 505 499 493 500 498 500 501 506 509 501 494 492 504 491 503 508 493 501 498
-- 526 <52
-- worker thread times 705 701 710 706 705 710 713 706 709 706 710 702 707 717 700 699 711 710 712 712 712 710 703 718 704 710 704 704 707 704 720
-- 739 <51
-- worker thread times 984 982 978 977 969 977 975 978 969 973 976 976 973 969 972 966 979 964 980 979 974 967 974 976 976 980 979 972 978 978 971
-- 1002 <50
-- worker thread times 1332 1337 1327 1348 1351 1333 1333 1348 1346 1337 1341 1331 1339 1344 1330 1331 1339 1338 1345 1343 1344 1336 1327 1343 1342 1335 1351 1338 1346 1334 1350
-- 1369 <49
-- worker thread times 1808 1797 1803 1798 1806 1799 1791 1793 1798 1796 1791 1803 1802 1796 1804 1795 1798 1793 1793 1793 1800 1807 1797 1799 1791 1804 1794 1807 1798 1800 1797
-- 1829 <48
-- worker thread times 2488 2481 2499 2488 2484 2485 2482 2489 2473 2488 2492 2494 2491 2482 2497 2487 2489 2496 2476 2484 2474 2487 2497 2481 2482 2490 2469 2483 2491 2496 2482
-- 2522 <47
-- worker thread times 3480 3477 3489 3484 3489 3488 3488 3484 3487 3486 3491 3496 3486 3480 3483 3488 3482 3485 3489 3491 3490 3487 3486 3478 3479 3486 3486 3490 3489 3494 3495
-- 3518 <46
-- worker thread times 4937 4926 4926 4934 4925 4930 4923 4927 4933 4932 4920 4927 4928 4932 4937 4928 4929 4919 4927 4934 4930 4928 4920 4931 4926 4934 4930 4922 4927 4931 4932
-- 4959 <45
-- worker thread times 6994 7002 6998 7006 6998 6998 6996 7000 6997 6992 7000 6998 6997 6992 6998 6996 7003 6991 7002 6994 7000 7008 7000 7004 7000 7004 7002 7005 7006 7001 7012
-- 7032 <44
-- worker thread times 10188 10177 10184 10187 10177 10183 10179 10185 10174 10184 10178 10180 10182 10176 10185 10181 10181 10184 10176 10178 10172 10182 10185 10177 10179 10178 10178 10191 10183 10194 10188
-- 10215 <43
-- worker thread times 15452 15448 15444 15450 15446 15450 15447 15448 15435 15453 15448 15452 15450 15442 15445 15447 15444 15448 15444 15443 15443 15436 15436 15447 15445 15446 15446 15442 15445 15452 15450
-- 15476 <42
-- worker thread times 26141 26136 26131 26131 26134 26132 26135 26136 26139 26135 26137 26128 26132 26135 26138 26128 26135 26134 26134 26134 26130 26134 26139 26132 26137 26138 26134 26134 26136 26136 26132
-- 26164 <41
-- worker thread times 23044 23045 23039 23044 23044 23040 23043 23041 23043 23044 23044 23036 23043 23040 23044 23043 23034 23040 23044 23043 23042 23035 23038 23045 23043 23043 23043 23045 23037 23044 23036
-- 23058 <40
false 6416028 aborted

100006 26 34 42 59 74 89 109 134 165 203 272 361 526 739 1002 1369 1829 2522 3518 4959 7032 10215 15476 26164 23058
FAIL0=26 FAIL1=34 FAIL10=272 FAIL11=361 FAIL12=526 FAIL13=739 FAIL14=1002 FAIL15=1369 FAIL16=1829 FAIL17=2522 FAIL18=3518 FAIL19=4959 FAIL2=42 FAIL20=7032 FAIL21=10215 FAIL22=15476 FAIL23=26164 FAIL24=23058 FAIL3=59 FAIL4=74 FAIL5=89 FAIL6=109 FAIL7=134 FAIL8=165 FAIL9=203 
