-- worker thread times 1 1 0 1 0 1 1 2 0 1 0 0 1 1 1 1 0 1 1 1 1 0 1 0 1 1 0 1 1 1 0
-- 6 <64
-- worker thread times 1 0 1 0 0 0 1 0 0 0 1 0 1 1 1 0 1 1 1 0 0 1 0 1 0 0 1 1 0 1 1
-- 6 <63
-- worker thread times 2 1 1 1 1 1 1 1 1 1 1 0 1 1 1 2 1 1 1 0 1 1 1 1 1 1 1 1 1 0 1
-- 7 <62
-- worker thread times 2 1 1 1 1 1 1 1 1 1 2 1 1 1 1 1 1 1 1 0 1 1 1 1 1 1 1 1 1 1 2
-- 7 <61
-- worker thread times 3 0 0 0 0 1 0 0 1 1 1 0 1 0 1 0 1 0 0 1 0 0 3 1 1 1 1 1 2 1 0
-- 8 <60
-- worker thread times 2 0 1 0 1 0 1 1 0 1 1 0 0 1 1 1 0 0 0 1 0 1 1 1 0 0 0 2 3 4 4
-- 9 <59
-- worker thread times 0 0 4 0 0 0 0 0 1 0 0 0 2 0 0 0 0 0 1 0 0 3 0 0 0 0 0 3 0 0 0
-- 8 <58
-- worker thread times 0 0 0 0 5 0 0 4 2 3 1 0 0 0 0 0 0 0 0 0 0 0 0 0 0 0 0 1 0 0 0
-- 9 <57
-- worker thread times 1 5 3 0 0 1 1 0 1 1 0 1 1 1 1 0 1 1 2 1 0 0 1 1 0 3 0 0 1 5 5
-- 10 <56
-- worker thread times 0 2 1 1 1 1 1 0 1 1 5 5 1 0 0 1 4 1 1 1 1 4 1 0 0 2 0 1 1 1 6
-- 11 <55
-- worker thread times 1 0 1 1 0 1 0 1 1 2 1 3 3 0 1 1 0 0 0 1 1 0 0 0 0 0 1 0 5 5 7
-- 12 <54
-- worker thread times 7 6 0 4 0 5 3 2 6 0 0 0 0 0 0 0 0 0 0 4 1 0 0 0 0 0 3 0 0 0 0
-- 11 <53
-- worker thread times 9 0 1 0 1 1 7 1 3 2 1 0 0 3 1 6 0 0 0 1 1 6 0 8 5 1 1 0 3 5 0
-- 13 <52
-- worker thread times 3 2 1 1 2 2 2 9 0 2 7 0 0 2 0 2 1 1 1 2 0 2 3 7 7 2 1 9 2 8 0
-- 14 <51
-- worker thread times 0 8 0 0 7 5 0 0 5 0 1 0 0 0 0 3 0 8 0 0 0 0 0 0 4 2 1 4 0 0 9
-- 14 <50
-- worker thread times 11 2 1 10 9 0 1 1 6 2 1 1 1 1 1 4 1 1 8 0 0 1 1 5 1 6 1 0 1 11 1
-- 16 <49
-- worker thread times 11 7 0 1 0 0 0 0 6 5 1 1 1 4 1 0 10 1 1 1 3 3 2 4 7 9 7 1 0 11 1
-- 15 <48
-- worker thread times 0 0 1 0 0 11 10 7 6 8 0 0 0 0 7 3 2 5 2 1 0 0 0 0 0 0 0 9 0 12 9
-- 16 <47
-- worker thread times 12 11 5 8 9 10 2 0 1 7 6 1 1 3 0 0 1 2 0 0 5 8 4 0 0 0 0 0 2 7 1
-- 17 <46
-- worker thread times 13 5 4 5 7 10 0 2 11 0 0 3 0 1 11 8 0 0 0 1 0 9 0 1 8 8 0 0 13 0 0
-- 17 <45
-- worker thread times 12 6 8 0 1 1 1 1 6 1 0 5 12 11 0 12 0 2 2 5 1 10 1 7 1 0 0 10 8 14 14
-- 18 <44
-- worker thread times 0 15 2 2 3 4 4 2 0 9 11 10 6 10 10 0 0 0 13 13 0 1 0 3 8 9 2 2 0 1 1
-- 19 <43
-- worker thread times 13 1 2 14 16 9 1 10 5 7 8 8 4 1 1 15 11 14 1 2 4 1 9 0 12 1 18 0 15 5 1
-- 22 <42
-- worker thread times 16 0 0 0 0 0 0 15 0 6 13 11 9 4 10 0 0 13 8 0 5 10 7 5 1 3 0 14 0 0 2
-- 21 <41
-- worker thread times 19 1 0 13 2 1 5 12 4 1 1 14 1 1 1 8 10 5 1 13 15 11 16 0 1 1 2 6 9 10 16
-- 22 <40
-- worker thread times 5 1 7 3 11 0 16 15 16 1 18 5 13 12 10 8 13 0 14 1 0 19 1 16 0 1 0 1 1 0 19
-- 23 <39
-- worker thread times 10 1 8 1 15 3 14 19 20 5 13 0 15 0 4 0 0 11 1 20 7 17 16 0 1 1 18 21 1 1 1
-- 26 <38
-- worker thread times 19 18 1 2 0 0 5 7 10 12 0 16 17 0 4 6 0 0 0 9 3 0 0 11 13 18 0 15 0 20 14
-- 25 <37
-- worker thread times 21 1 1 0 0 18 18 6 21 18 1 20 1 12 20 1 2 5 14 13 15 0 0 0 12 15 17 0 7 9 11
-- 26 <36
-- worker thread times 22 11 17 19 19 2 1 16 3 14 19 18 16 1 4 1 9 7 3 0 16 9 0 1 9 9 14 3 0 22 2
-- 26 <35
-- worker thread times 1 0 20 18 18 1 15 8 6 8 12 13 12 15 11 2 1 1 1 1 5 19 16 17 1 1 3 3 21 21 24
-- 27 <34
-- worker thread times 1 21 8 9 12 16 22 14 7 20 18 7 5 11 1 5 19 16 0 12 1 0 1 0 18 1 22 0 1 23 24
-- 28 <33
-- worker thread times 25 1 4 1 1 14 10 22 14 1 23 19 19 0 24 23 7 21 8 1 12 25 19 12 0 16 16 1 18 17 1
-- 29 <32
-- worker thread times 28 24 17 13 16 4 0 18 21 14 27 26 26 22 23 25 1 0 1 1 15 7 11 1 1 1 0 20 20 20 28
-- 33 <31
-- worker thread times 28 17 3 1 1 0 1 14 11 7 21 21 0 23 25 25 27 19 15 11 1 1 18 1 19 21 24 15 10 28 1
-- 33 <30
-- worker thread times 28 2 23 25 2 14 21 10 21 17 22 22 21 18 25 16 2 2 2 2 15 0 25 7 3 18 3 12 13 28 0
-- 33 <29
-- worker thread times 26 20 0 21 22 22 0 0 0 15 0 25 11 19 19 19 9 17 2 14 12 23 24 0 0 0 6 25 27 27 28
-- 33 <28
-- worker thread times 28 3 19 22 9 25 4 11 25 26 28 30 25 0 25 11 21 24 0 5 3 2 2 16 1 1 30 0 6 30 33
-- 37 <27
-- worker thread times 44 46 49 47 47 5 1 1 15 7 20 4 27 1 37 15 19 17 19 19 9 8 0 32 26 21 19 1 14 50 46
-- 55 <26
-- worker thread times 60 24 33 23 0 29 17 19 36 16 32 17 32 5 23 3 30 34 17 19 6 14 30 59 18 60 24 15 13 37 22
-- 64 <25
-- worker thread times 79 59 24 44 44 23 59 38 46 24 40 48 48 30 51 35 38 77 25 77 30 27 38 31 13 38 49 60 80 50 43
-- 84 <24
-- worker thread times 51 48 101 63 66 59 68 63 70 42 64 39 61 79 74 53 47 67 56 72 51 60 71 73 74 98 61 71 58 55 62
-- 107 <23
-- worker thread times 104 131 150 148 116 98 118 109 119 123 123 115 119 124 108 117 116 101 118 113 106 124 116 113 117 105 113 112 103 114 150
-- 156 <22
-- worker thread times 236 206 210 206 200 210 207 202 201 215 207 211 220 222 199 201 176 219 202 207 218 202 214 203 213 236 201 204 190 205 204
-- 241 <21
-- worker thread times 404 404 408 403 427 391 383 402 396 379 397 407 399 398 408 404 402 405 407 403 407 409 400 398 383 403 399 402 401 428 401
-- 432 <20
-- worker thread times 610 588 594 589 586 583 587 579 589 582 583 582 586 589 586 583 585 580 584 574 592 579 586 583 586 582 583 589 589 583 585
-- 615 <19
-- worker thread times 756 776 756 747 750 755 753 750 752 753 753 758 753 752 754 751 753 752 756 752 748 752 753 753 778 755 752 755 752 753 752
-- 782 <18
-- worker thread times 1009 1006 1008 1011 1011 1004 1012 1006 1014 1009 1012 1013 1009 1007 1010 1009 1009 1011 1012 1012 1010 1013 1010 1009 1007 1010 1011 1011 1011 1011 1034
-- 1038 <17
-- worker thread times 1250 1267 1246 1246 1244 1243 1247 1241 1246 1248 1247 1245 1240 1243 1241 1242 1242 1244 1244 1244 1242 1246 1245 1242 1243 1244 1248 1241 1242 1244 1244
-- 1271 <16
-- worker thread times 1609 1586 1588 1584 1587 1588 1585 1578 1582 1584 1586 1587 1587 1584 1586 1583 1587 1582 1584 1584 1585 1586 1584 1584 1588 1582 1585 1581 1585 1586 1587
-- 1614 <15
-- worker thread times 1908 1881 1883 1882 1886 1883 1882 1884 1882 1883 1885 1883 1880 1880 1883 1884 1886 1887 1884 1885 1886 1882 1882 1882 1885 1883 1880 1880 1885 1883 1883
-- 1913 <14
-- worker thread times 2280 2257 2256 2257 2254 2253 2253 2253 2254 2255 2256 2257 2254 2253 2249 2256 2257 2254 2257 2250 2256 2256 2255 2255 2251 2252 2251 2253 2255 2255 2252
-- 2283 <13
-- worker thread times 2619 2642 2616 2613 2610 2617 2615 2610 2615 2619 2615 2619 2619 2617 2609 2616 2618 2617 2615 2615 2613 2612 2618 2613 2615 2618 2612 2618 2612 2616 2616
-- 2645 <12
-- worker thread times 3007 3013 3010 3009 3009 3009 3008 3018 3010 3009 3010 3010 3013 3010 3013 3012 3006 3008 3014 3008 3014 3012 3011 3009 3011 3014 3015 3012 3014 3037 3007
-- 3042 <11
-- worker thread times 3549 3522 3522 3521 3524 3525 3522 3523 3526 3519 3524 3523 3519 3522 3523 3518 3522 3520 3527 3519 3521 3518 3522 3525 3522 3519 3521 3521 3519 3524 3523
-- 3554 <10
-- worker thread times 5876 5870 5891 5877 5891 5891 5879 5878 5889 5880 5878 5869 5880 5875 5878 5883 5879 5880 5876 5883 5885 5885 5890 5875 5887 5885 5890 5893 5894 5919 5876
-- 5923 <9
-- worker thread times 15928 15903 15917 15898 15899 15909 15912 15922 15905 15906 15919 15901 15917 15908 15909 15908 15913 15925 15909 15924 15905 15910 15922 15921 15899 15907 15919 15911 15899 15912 15956
-- 15961 <8
-- worker thread times 41607 41559 41568 41556 41570 41548 41574 41570 41556 41563 41565 41565 41565 41551 41570 41574 41556 41556 41578 41558 41549 41547 41546 41552 41556 41559 41547 41574 41547 41575 41548
-- 41612 <7
-- worker thread times 15862 15858 15862 15859 15860 15860 15861 15861 15860 15863 15860 15861 15857 15861 15864 15860 15862 15863 15863 15859 15859 15861 15864 15859 15863 15860 15861 15863 15866 15863 15862
-- 15872 <6
false 12279948 aborted

100006 6 6 7 7 8 9 8 9 10 11 12 11 13 14 14 16 15 16 17 17 18 19 22 21 22 23 26 25 26 26 27 28 29 33 33 33 33 37 55 64 84 107 156 241 432 615 782 1038 1271 1614 1913 2283 2645 3042 3554 5923 15961 41612 15872
FAIL0=6 FAIL1=6 FAIL10=12 FAIL11=11 FAIL12=13 FAIL13=14 FAIL14=14 FAIL15=16 FAIL16=15 FAIL17=16 FAIL18=17 FAIL19=17 FAIL2=7 FAIL20=18 FAIL21=19 FAIL22=22 FAIL23=21 FAIL24=22 FAIL25=23 FAIL26=26 FAIL27=25 FAIL28=26 FAIL29=26 FAIL3=7 FAIL30=27 FAIL31=28 FAIL32=29 FAIL33=33 FAIL34=33 FAIL35=33 FAIL36=33 FAIL37=37 FAIL38=55 FAIL39=64 FAIL4=8 FAIL40=84 FAIL41=107 FAIL42=156 FAIL43=241 FAIL44=432 FAIL45=615 FAIL46=782 FAIL47=1038 FAIL48=1271 FAIL49=1614 FAIL5=9 FAIL50=1913 FAIL51=2283 FAIL52=2645 FAIL53=3042 FAIL54=3554 FAIL55=5923 FAIL56=15961 FAIL57=41612 FAIL58=15872 FAIL6=8 FAIL7=9 FAIL8=10 FAIL9=11 
