-- worker thread times 5 9 10 9 9 5 9 5 9 5 9 9 5 5 9 9 9 5 9 5 9 5 9 5 10 9 10 9 5 9 9
-- 17 <75
-- worker thread times 11 11 21 6 28 12 28 29 14 29 12 20 29 29 29 12 6 17 30 29 29 30 12 13 19 11 28 6 17 21 31
-- 36 <74
-- worker thread times 43 46 41 46 39 44 44 47 32 45 42 41 46 46 44 47 46 46 46 45 44 45 45 46 44 45 45 45 45 46 45
-- 55 <73
-- worker thread times 96 108 119 120 119 113 119 120 113 119 115 119 118 119 113 107 118 118 118 119 114 118 94 113 112 107 109 118 107 108 120
-- 128 <72
-- worker thread times 147 148 147 149 141 142 141 141 147 143 141 149 144 146 142 146 148 144 142 148 148 141 143 143 147 141 148 137 148 147 151
-- 158 <71
-- worker thread times 355 362 358 351 353 349 349 361 356 354 354 361 350 361 362 347 353 362 354 350 361 350 354 353 362 352 361 361 362 357 363
-- 373 <70
-- worker thread times 402 402 401 404 402 401 396 400 402 402 397 402 402 402 402 402 402 402 402 397 403 402 402 397 402 402 402 398 401 404 408
-- 413 <69
-- worker thread times 5761 5757 5762 5759 5756 5755 5751 5753 5754 5753 5759 5758 5757 5753 5758 5757 5755 5758 5757 5757 5750 5758 5750 5757 5755 5751 5754 5759 5757 5759 5758
-- 5772 <68
-- worker thread times 93037 93033 93033 93031 93034 93035 93035 93034 93034 93034 93030 93034 93033 93035 93035 93036 93034 93032 93031 93033 93035 93034 93034 93035 93035 93035 93034 93035 93035 93034 93035
-- 93044 <67
false 7877177 aborted

100004 17 36 55 128 158 373 413 5772 93044
FAIL0=17 FAIL1=36 FAIL2=55 FAIL3=128 FAIL4=158 FAIL5=373 FAIL6=413 FAIL7=5772 FAIL8=93044 
