-- worker thread times 10 10 6 10 6 10 6 6 6 6 6 6 4 10 6 10 6 5 5 10 7 10 11 4 2 10 5 4 6 6 10
-- 16 <75
-- worker thread times 31 34 28 32 33 30 34 32 34 32 30 30 34 32 33 32 33 30 34 33 34 35 34 34 34 34 30 33 34 34 34
-- 42 <74
-- worker thread times 107 115 110 106 116 93 106 111 106 102 102 107 107 106 116 105 107 116 115 115 102 101 105 111 102 115 106 115 106 99 111
-- 123 <73
-- worker thread times 224 220 218 225 224 223 220 224 224 222 220 224 220 225 221 219 224 224 220 224 224 225 224 224 224 223 220 224 226 223 214
-- 233 <72
-- worker thread times 390 395 395 395 389 393 394 393 388 389 395 395 388 389 388 390 393 390 393 393 394 390 393 388 395 389 390 388 395 395 394
-- 403 <71
-- worker thread times 605 611 612 606 608 612 610 611 608 613 613 611 606 611 606 609 607 610 612 613 602 607 607 611 604 607 613 606 611 612 601
-- 623 <70
-- worker thread times 855 863 838 855 861 856 860 859 861 858 861 857 855 862 855 858 855 855 854 860 860 855 860 858 856 859 860 861 862 855 856
-- 872 <69
-- worker thread times 8614 8600 8601 8610 8602 8600 8604 8601 8607 8605 8610 8601 8597 8599 8607 8609 8603 8609 8606 8607 8601 8612 8610 8612 8605 8603 8600 8605 8601 8604 8607
-- 8623 <68
-- worker thread times 89049 89041 89041 89041 89051 89040 89050 89040 89042 89049 89042 89042 89042 89043 89041 89050 89041 89043 89040 89043 89042 89049 89043 89051 89041 89051 89048 89048 89041 89043 89051
-- 89060 <67
false 6024594 aborted

100003 16 42 123 233 403 623 872 8623 89060
FAIL0=16 FAIL1=42 FAIL2=123 FAIL3=233 FAIL4=403 FAIL5=623 FAIL6=872 FAIL7=8623 FAIL8=89060 
