-- worker thread times 5 4 7 7 3 0 7 2 4 3 4 8 8 8 4 8 8 8 5 3 4 4 4 4 3 5 7 8 5 7 8
-- 14 <80
-- worker thread times 8 3 7 7 7 7 7 7 7 4 7 7 7 7 7 4 7 7 7 7 7 7 4 7 7 7 7 7 5 7 7
-- 15 <79
-- worker thread times 11 10 10 10 6 7 10 6 6 3 10 10 10 10 10 10 10 7 10 10 4 10 6 10 10 3 6 10 6 10 6
-- 17 <78
-- worker thread times 12 13 11 12 7 11 7 7 11 8 11 12 12 7 7 4 7 4 7 7 5 7 2 11 11 5 12 7 9 14 12
-- 20 <77
-- worker thread times 18 10 12 12 8 5 5 13 8 15 5 15 14 9 9 9 15 10 15 7 5 14 15 12 9 8 12 8 16 12 11
-- 25 <76
-- worker thread times 13 15 10 6 9 10 10 8 10 10 10 11 5 6 2 9 9 6 10 9 10 1 9 9 6 9 10 12 13 9 7
-- 21 <75
-- worker thread times 15 13 16 19 14 16 14 16 15 13 15 16 15 13 16 13 13 12 16 15 15 15 15 12 21 15 16 1 15 16 4
-- 27 <74
-- worker thread times 22 22 19 13 15 18 14 17 17 18 14 18 19 15 15 12 21 19 18 18 19 19 14 19 15 17 15 14 3 23 25
-- 32 <73
-- worker thread times 23 25 19 14 24 21 16 21 15 23 17 17 20 10 20 16 16 20 18 16 13 19 15 20 20 15 20 14 24 25 23
-- 34 <72
-- worker thread times 31 30 14 26 26 21 8 21 16 17 20 21 21 21 25 10 21 21 21 23 12 24 25 21 16 24 25 19 21 18 15
-- 38 <71
-- worker thread times 25 26 32 22 25 25 25 25 24 28 29 24 30 30 24 28 24 27 26 25 24 25 26 25 23 25 27 26 24 33 34
-- 41 <70
-- worker thread times 496 492 486 476 483 482 475 477 476 480 480 484 494 493 479 479 482 478 483 471 480 490 483 478 484 479 476 470 486 479 477
-- 503 <69
-- worker thread times 8491 8476 8485 8480 8475 8480 8482 8480 8479 8477 8479 8482 8484 8488 8481 8488 8485 8476 8481 8467 8485 8471 8476 8478 8476 8482 8487 8478 8475 8483 8492
-- 8500 <68
-- worker thread times 68784 68779 68776 68781 68758 68776 68766 68771 68775 68767 68773 68775 68770 68773 68770 68760 68761 68756 68764 68769 68773 68766 68768 68771 68772 68772 68775 68772 68781 68772 68780
-- 68790 <67
-- worker thread times 21909 21904 21909 21901 21905 21905 21908 21903 21903 21902 21906 21904 21906 21909 21909 21909 21910 21903 21898 21899 21895 21905 21906 21910 21905 21906 21898 21910 21911 21912 21909
-- 21919 <66
false 214665 aborted

100005 14 15 17 20 25 21 27 32 34 38 41 503 8500 68790 21919
FAIL0=14 FAIL1=15 FAIL10=41 FAIL11=503 FAIL12=8500 FAIL13=68790 FAIL14=21919 FAIL2=17 FAIL3=20 FAIL4=25 FAIL5=21 FAIL6=27 FAIL7=32 FAIL8=34 FAIL9=38 
