-- worker thread times 15 15 10 10 10 8 4 10 9 18 11 15 8 16 17 10 11 18 20 15 17 14 7 12 17 11 18 8 17 15 16
-- 25 <80
-- worker thread times 19 20 16 9 12 23 17 17 23 17 24 15 23 18 23 22 23 25 23 23 19 10 25 18 19 23 24 24 22 25 23
-- 32 <79
-- worker thread times 22 14 29 28 30 24 29 21 24 28 30 31 29 17 28 30 30 29 29 22 30 30 29 30 28 31 31 30 31 30 31
-- 39 <78
-- worker thread times 22 31 32 31 38 38 33 38 30 31 38 29 39 18 31 37 40 32 38 39 39 38 33 31 32 39 31 31 38 32 32
-- 48 <77
-- worker thread times 43 42 43 42 42 43 44 43 44 43 44 37 43 45 44 44 44 43 44 44 44 44 42 45 43 24 43 37 44 43 44
-- 53 <76
-- worker thread times 50 51 51 46 52 51 45 48 52 43 51 44 46 38 51 44 52 52 47 45 47 52 47 48 49 51 50 52 49 52 52
-- 61 <75
-- worker thread times 45 49 46 45 41 61 47 48 53 49 62 53 61 48 51 62 54 51 52 54 62 51 52 52 61 63 52 49 52 51 62
-- 74 <74
-- worker thread times 64 55 60 64 56 63 48 55 58 56 63 65 64 63 63 63 50 50 64 55 63 62 56 51 63 64 62 54 57 48 65
-- 77 <73
-- worker thread times 67 68 69 66 68 68 68 68 68 67 68 69 67 67 68 69 69 67 67 67 68 67 68 51 66 68 57 61 68 67 70
-- 81 <72
-- worker thread times 953 951 953 954 954 953 952 953 937 954 950 954 954 946 954 950 951 953 950 954 954 944 953 949 953 954 954 953 944 952 946
-- 968 <71
-- worker thread times 2275 2281 2269 2274 2283 2269 2270 2269 2268 2269 2281 2269 2270 2270 2259 2268 2282 2273 2268 2281 2274 2270 2269 2279 2269 2276 2274 2274 2274 2268 2268
-- 2297 <70
-- worker thread times 74110 74108 74106 74088 74109 74108 74108 74099 74103 74109 74110 74108 74107 74108 74107 74108 74099 74093 74106 74113 74099 74100 74106 74094 74090 74112 74105 74108 74098 74108 74109
-- 74123 <69
-- worker thread times 22089 22102 22098 22090 22098 22086 22090 22089 22086 22101 22094 22101 22092 22086 22081 22085 22097 22086 22085 22099 22085 22098 22082 22094 22090 22087 22094 22102 22099 22090 22091
-- 22111 <68
false 7012289 aborted

100004 25 32 39 48 53 61 74 77 81 968 2297 74123 22111
FAIL0=25 FAIL1=32 FAIL10=2297 FAIL11=74123 FAIL12=22111 FAIL2=39 FAIL3=48 FAIL4=53 FAIL5=61 FAIL6=74 FAIL7=77 FAIL8=81 FAIL9=968 
