-- worker thread times 5 2 2 4 2 0 4 3 2 2 3 2 4 2 4 4 4 0 3 4 2 1 2 2 1 2 2 2 4 2 2
-- 10 <100
-- worker thread times 10 6 7 7 9 4 5 2 8 4 7 7 10 4 6 7 8 6 5 5 0 2 4 6 3 3 4 7 8 4 8
-- 14 <99
-- worker thread times 2 2 11 7 6 13 8 13 13 14 13 2 13 10 13 11 9 5 14 8 5 12 14 6 12 9 15 14 8 3 15
-- 21 <98
-- worker thread times 24 17 18 21 19 19 22 7 24 19 17 11 9 20 20 24 22 19 20 13 25 18 21 22 22 21 5 20 6 25 20
-- 31 <97
-- worker thread times 34 33 33 30 26 22 34 36 20 13 30 27 27 34 28 19 21 12 31 26 34 25 19 31 36 30 34 29 30 27 30
-- 45 <96
-- worker thread times 32 37 49 37 40 41 36 34 41 38 44 39 42 36 43 41 44 42 31 27 49 38 33 39 37 31 39 33 37 30 34
-- 56 <95
-- worker thread times 62 46 63 55 53 59 53 47 52 45 50 51 63 47 61 64 49 59 53 50 48 56 54 57 49 57 52 45 32 47 44
-- 72 <94
-- worker thread times 71 67 74 77 74 75 69 79 62 75 48 71 74 74 72 74 70 70 73 76 85 73 73 75 79 79 79 64 55 80 85
-- 95 <93
-- worker thread times 106 90 92 96 83 85 92 91 88 91 87 90 94 83 101 88 101 90 90 98 92 100 91 92 93 75 95 104 87 90 71
-- 116 <92
-- worker thread times 116 124 122 110 109 105 111 111 94 117 127 124 121 126 120 120 120 120 114 124 124 110 102 106 107 115 112 111 122 98 125
-- 141 <91
-- worker thread times 147 160 149 160 155 164 153 160 140 151 138 146 153 142 164 146 158 135 143 157 150 152 157 146 146 133 163 142 146 157 157
-- 179 <90
-- worker thread times 169 179 171 187 169 170 180 166 184 178 190 173 164 172 177 186 161 182 179 174 169 190 171 177 173 176 170 183 180 185 171
-- 208 <89
-- worker thread times 216 231 232 214 222 227 224 185 227 223 230 222 219 236 224 216 232 220 233 229 200 204 218 214 225 214 221 209 223 222 223
-- 252 <88
-- worker thread times 328 317 331 325 327 336 312 328 342 335 309 327 340 322 328 330 331 318 332 334 325 332 335 311 334 321 327 324 325 308 332
-- 354 <87
-- worker thread times 760 758 757 747 748 750 747 746 754 760 758 747 754 753 754 762 731 746 742 755 759 740 737 742 761 758 748 749 752 762 759
-- 780 <86
-- worker thread times 2973 2987 2970 2988 2979 2982 2968 2978 2972 2983 2961 2972 2977 2964 2964 2992 2974 2981 2976 2962 2988 2977 2967 2980 2975 2986 2979 2982 2980 2981 2987
-- 3004 <85
-- worker thread times 9775 9772 9781 9772 9776 9778 9774 9772 9774 9778 9775 9774 9769 9772 9771 9784 9776 9772 9773 9785 9767 9778 9780 9772 9772 9777 9765 9774 9776 9781 9776
-- 9792 <84
-- worker thread times 23833 23826 23835 23829 23826 23820 23837 23830 23831 23820 23830 23822 23821 23829 23830 23826 23827 23829 23818 23824 23829 23829 23834 23829 23833 23826 23836 23833 23830 23831 23832
-- 23849 <83
-- worker thread times 53775 53771 53772 53762 53758 53772 53760 53766 53760 53771 53767 53762 53762 53771 53770 53770 53765 53767 53758 53762 53770 53768 53761 53766 53772 53775 53765 53775 53774 53763 53777
-- 53790 <82
-- worker thread times 7177 7176 7177 7177 7175 7177 7168 7175 7177 7176 7177 7173 7177 7175 7175 7174 7171 7176 7169 7177 7175 7176 7172 7177 7173 7172 7174 7173 7175 7174 7177
-- 7182 <81
false 5778655 aborted

100003 10 14 21 31 45 56 72 95 116 141 179 208 252 354 780 3004 9792 23849 53790 7182
FAIL0=10 FAIL1=14 FAIL10=179 FAIL11=208 FAIL12=252 FAIL13=354 FAIL14=780 FAIL15=3004 FAIL16=9792 FAIL17=23849 FAIL18=53790 FAIL19=7182 FAIL2=21 FAIL3=31 FAIL4=45 FAIL5=56 FAIL6=72 FAIL7=95 FAIL8=116 FAIL9=141 
