-- 7 <100
-- worker thread times 2 2 2 2 0 2 0 2 2 0 2 2 2 2 2 0 3 3 3 3 3 3 3 3 2 3 2 0 0 2 3
-- 6 <99
-- worker thread times 3 0 2 0 0 0 0 0 2 0 3 3 3 2 3 2 3 3 2 0 2 2 2 3 2 3 3 3 2 3 3
-- 7 <98
-- worker thread times 3 3 0 0 4 3 3 4 4 4 4 4 4 4 0 4 0 0 0 0 0 0 0 0 0 0 3 4 0 0 4
-- 6 <97
-- worker thread times 2 2 2 3 3 3 2 3 3 3 0 0 0 0 0 3 3 0 0 3 3 3 3 3 0 3 3 3 3 2 3
-- 7 <96
-- worker thread times 4 4 0 4 0 0 0 4 0 0 0 4 0 4 0 0 0 4 4 4 4 4 0 0 0 0 4 0 4 4 4
-- 10 <95
-- worker thread times 6 0 0 0 0 0 0 0 0 0 0 0 0 0 0 0 0 0 6 0 6 6 7 7 7 7 7 7 0 0 7
-- 8 <94
-- worker thread times 5 5 0 0 0 5 0 5 5 0 0 0 5 0 0 0 4 4 0 0 4 4 5 4 0 5 5 0 0 0 5
-- 7 <93
-- worker thread times 0 3 0 0 0 3 3 2 0 0 3 0 3 3 2 0 3 3 3 3 3 3 0 0 3 2 4 0 4 0 3
-- worker thread times 21 22 21 20 3 21 21 19 19 21 21 18 22 19 18 17 19 21 19 17 13 21 20 21 20 19 21 7 7 20 20
-- 28 <92
-- worker thread times 80 83 81 84 84 79 66 77 65 79 71 84 83 81 83 81 82 80 65 85 79 83 81 80 83 79 84 84 86 80 85
-- 92 <91
-- worker thread times 160 155 154 155 155 156 153 154 155 155 152 148 159 153 154 140 153 156 152 158 140 156 154 156 158 156 153 155 156 158 157
-- 165 <90
-- worker thread times 279 275 275 271 274 273 271 275 256 274 274 274 274 273 273 273 275 270 274 274 275 273 276 275 273 273 269 273 272 271 270
-- 284 <89
-- worker thread times 996 996 989 993 995 998 995 990 994 993 990 996 995 997 990 992 989 992 987 993 991 991 991 986 987 991 990 986 994 992 1000
-- 1005 <88
-- worker thread times 8281 8268 8275 8279 8286 8278 8291 8294 8269 8296 8282 8296 8300 8292 8266 8277 8298 8296 8300 8306 8300 8277 8298 8292 8303 8271 8297 8297 8298 8302 8274
-- 8312 <87
-- worker thread times 31403 31384 31377 31402 31386 31381 31407 31404 31401 31386 31402 31401 31378 31383 31382 31403 31382 31408 31385 31376 31386 31404 31382 31400 31408 31393 31406 31393 31377 31409 31416
-- 31421 <86
-- worker thread times 58612 58612 58611 58613 58612 58614 58611 58611 58613 58613 58607 58612 58611 58609 58611 58610 58615 58615 58611 58613 58613 58614 58609 58610 58609 58614 58609 58610 58608 58609 58616
-- 58623 <85
false 2693229 aborted

100002 7 6 7 6 7 10 8 7 28 92 165 284 1005 8312 31421 58623
FAIL0=7 FAIL1=6 FAIL10=165 FAIL11=284 FAIL12=1005 FAIL13=8312 FAIL14=31421 FAIL15=58623 FAIL2=7 FAIL3=6 FAIL4=7 FAIL5=10 FAIL6=8 FAIL7=7 FAIL8=28 FAIL9=92 
