-- 10 <100
-- worker thread times 5 5 5 4 4 1 4 6 5 5 3 5 5 6 5 5 6 5 5 6 6 6 5 5 5 6 5 5 6 7 5
-- 10 <99
-- worker thread times 6 5 5 6 6 5 5 6 0 5 6 5 5 6 5 5 5 5 0 5 5 5 5 5 0 5 5 6 5 5 5
-- 10 <98
-- worker thread times 6 5 5 5 5 5 5 5 6 6 6 6 6 5 0 5 5 5 0 0 5 5 5 5 5 5 5 6 5 5 0
-- 10 <97
-- worker thread times 6 5 5 6 6 5 6 5 5 5 6 0 6 5 5 5 5 5 5 5 5 5 5 5 0 6 5 5 5 5 5
-- 10 <96
-- worker thread times 5 2 5 5 5 5 5 0 5 5 5 5 5 5 5 5 5 5 0 5 6 6 6 6 6 6 6 6 6 6 6
-- 12 <95
-- worker thread times 7 7 7 0 7 0 0 0 0 0 0 0 0 7 7 7 0 0 6 7 7 0 0 6 7 7 6 0 7 6 6
-- worker thread times 0 0 0 10 10 10 8 0 10 9 0 10 9 0 10 0 0 0 10 0 0 10 0 0 8 10 10 9 0 0 0
-- 17 <94
-- worker thread times 0 5 5 0 6 6 5 5 5 6 5 5 5 5 4 5 5 6 6 5 5 5 5 5 5 5 5 5 5 5 5
-- 12 <93
-- worker thread times 12 10 9 9 11 4 10 10 9 9 5 5 10 0 9 9 6 0 6 9 6 4 4 9 5 10 9 9 9 9 6
-- 17 <92
-- worker thread times 14 13 15 14 16 10 15 5 14 15 10 15 15 15 15 14 15 15 10 14 14 15 13 15 15 14 15 10 10 15 15
-- 24 <91
-- worker thread times 11 23 8 23 23 10 4 23 18 16 16 24 23 17 16 24 10 24 23 17 24 8 20 19 13 10 10 24 17 12 23
-- 35 <90
-- worker thread times 26 22 26 27 26 21 26 26 26 21 27 14 20 27 27 26 21 21 27 26 27 21 20 21 21 16 27 17 21 26 21
-- 37 <89
-- worker thread times 19 33 31 33 15 9 33 33 33 31 32 33 19 32 27 20 31 25 25 26 33 26 16 31 32 21 33 32 26 26 25
-- 43 <88
-- worker thread times 34 33 28 33 34 33 34 34 36 33 33 34 34 34 21 34 28 33 33 34 28 33 33 34 34 29 28 33 33 33 33
-- 46 <87
-- worker thread times 35 29 36 42 43 30 33 41 33 37 37 38 36 42 36 44 44 29 35 29 36 33 36 30 42 42 43 34 36 35 44
-- 56 <86
-- worker thread times 42 39 25 30 41 41 30 30 31 40 41 42 21 40 42 41 36 35 41 41 40 35 39 35 36 40 40 42 41 41 41
-- 54 <85
-- worker thread times 43 37 50 50 52 40 42 45 33 50 43 50 46 45 44 44 43 43 50 44 51 51 50 45 46 37 51 51 51 46 51
-- 65 <84
-- worker thread times 47 42 48 46 47 48 49 48 48 48 47 32 46 47 41 46 47 47 47 44 48 48 44 48 48 44 48 47 47 47 48
-- 62 <83
-- worker thread times 51 47 52 52 58 51 59 51 58 58 57 59 52 58 51 49 66 53 60 59 51 59 47 51 57 57 59 59 51 57 67
-- 76 <82
-- worker thread times 64 65 66 66 68 64 64 61 63 65 65 66 67 58 66 66 66 66 68 67 66 50 66 63 67 64 66 67 76 65 77
-- 86 <81
-- worker thread times 73 86 78 78 85 84 82 83 83 83 78 83 77 84 82 84 84 84 83 84 84 81 82 76 85 78 84 87 91 96 98
-- 106 <80
-- worker thread times 111 111 110 111 111 111 110 110 111 110 105 111 103 105 111 111 111 106 105 111 125 118 111 110 110 109 111 111 126 126 126
-- 135 <79
-- worker thread times 133 129 146 127 129 131 134 130 134 135 131 126 130 136 130 134 132 144 135 134 129 147 134 145 131 141 127 133 134 134 119
-- 155 <78
-- worker thread times 188 166 185 167 159 167 167 163 164 164 165 167 165 162 165 163 177 164 185 185 162 166 165 164 165 163 183 165 165 155 164
-- 198 <77
-- worker thread times 194 211 188 195 194 179 194 192 195 217 193 195 194 194 218 205 193 192 193 218 194 189 194 210 193 220 192 212 202 193 196
-- 229 <76
-- worker thread times 228 232 254 258 257 232 230 230 258 232 227 233 256 228 229 234 226 222 232 229 228 255 258 259 257 231 230 230 260 229 259
-- 271 <75
-- worker thread times 315 342 319 317 324 344 343 324 310 311 315 334 316 312 317 320 341 313 305 339 342 306 334 337 314 312 336 323 319 319 317
-- 353 <74
-- worker thread times 297 337 298 291 318 322 337 338 298 327 321 298 321 340 301 299 326 321 320 322 341 294 339 297 336 319 332 297 299 294 298
-- 349 <73
-- worker thread times 830 791 797 805 799 817 793 816 806 792 799 801 799 812 806 830 819 807 794 823 797 822 812 824 813 806 799 798 808 799 807
-- 839 <72
-- worker thread times 1956 1950 1940 1938 1943 1953 1951 1948 1941 1937 1952 1951 1949 1953 1940 1940 1944 1956 1960 1940 1948 1956 1958 1956 1933 1953 1942 1965 1949 1958 1951
-- 1974 <71
-- worker thread times 3535 3533 3534 3529 3537 3539 3539 3531 3538 3539 3539 3538 3539 3541 3538 3549 3538 3539 3532 3535 3525 3540 3533 3537 3540 3539 3534 3539 3546 3547 3553
-- 3560 <70
-- worker thread times 9150 9153 9153 9155 9152 9148 9155 9150 9152 9153 9152 9147 9153 9155 9149 9151 9155 9147 9150 9156 9151 9154 9147 9151 9152 9157 9153 9151 9154 9152 9154
-- 9176 <69
-- worker thread times 19525 19523 19527 19523 19522 19524 19525 19518 19522 19525 19517 19520 19523 19520 19524 19515 19526 19524 19524 19524 19526 19523 19523 19535 19517 19517 19523 19525 19522 19523 19524
-- 19543 <68
-- worker thread times 40428 40433 40436 40434 40432 40436 40435 40433 40432 40434 40435 40436 40432 40426 40448 40437 40440 40430 40434 40442 40441 40427 40441 40435 40432 40441 40433 40435 40440 40437 40439
-- 40456 <67
-- worker thread times 21924 21923 21922 21920 21924 21924 21924 21923 21926 21924 21925 21922 21924 21925 21923 21924 21925 21920 21918 21923 21922 21921 21926 21924 21924 21917 21924 21917 21922 21925 21926
-- 21935 <66
false 1027748 aborted

100005 10 10 10 10 10 12 17 12 17 24 35 37 43 46 56 54 65 62 76 86 106 135 155 198 229 271 353 349 839 1974 3560 9176 19543 40456 21935
FAIL0=10 FAIL1=10 FAIL10=35 FAIL11=37 FAIL12=43 FAIL13=46 FAIL14=56 FAIL15=54 FAIL16=65 FAIL17=62 FAIL18=76 FAIL19=86 FAIL2=10 FAIL20=106 FAIL21=135 FAIL22=155 FAIL23=198 FAIL24=229 FAIL25=271 FAIL26=353 FAIL27=349 FAIL28=839 FAIL29=1974 FAIL3=10 FAIL30=3560 FAIL31=9176 FAIL32=19543 FAIL33=40456 FAIL34=21935 FAIL4=10 FAIL5=12 FAIL6=17 FAIL7=12 FAIL8=17 FAIL9=24 
