-- 65 <100
-- worker thread times 51 51 51 49 51 51 51 49 51 51 52 51 53 52 54 52 55 55 53 55 55 55 55 55 55 51 57 54 52 57 55
-- 65 <99
-- worker thread times 49 50 50 37 50 47 50 41 42 50 54 42 45 54 55 55 54 46 46 54 43 46 54 54 28 45 47 47 47 57 57
-- 61 <98
-- worker thread times 43 46 47 53 53 45 53 38 50 56 51 50 50 56 50 41 43 50 52 52 53 56 50 47 52 53 50 53 45 41 50
-- 75 <97
-- worker thread times 52 61 28 42 60 29 60 42 42 44 63 47 46 44 47 65 65 65 65 47 52 49 36 35 38 66 55 55 49 44 67
-- 63 <96
-- worker thread times 55 48 48 48 48 48 48 41 41 41 49 50 41 48 52 42 53 33 49 46 52 48 54 39 53 46 39 46 55 40 55
-- 69 <95
-- worker thread times 27 48 0 43 34 31 55 48 46 48 36 45 43 41 41 58 52 58 46 59 50 56 31 52 62 37 62 51 62 32 40
-- 66 <94
-- worker thread times 48 49 36 51 36 51 41 41 53 46 42 38 41 55 36 56 44 46 57 46 54 57 45 57 57 50 50 36 34 43 32
-- 66 <93
-- worker thread times 59 39 41 51 36 39 41 29 54 17 54 55 45 52 46 42 55 47 50 56 56 51 51 43 57 57 35 46 45 35 49
-- worker thread times 136 120 115 116 126 123 111 120 111 136 123 114 123 138 119 120 137 131 134 136 140 138 120 121 111 135 119 127 124 126 119
-- 155 <92
-- worker thread times 254 268 254 262 264 250 263 254 254 267 267 263 251 254 254 250 270 250 262 259 267 243 268 243 249 252 240 254 263 262 264
-- 285 <91
-- worker thread times 571 562 560 577 538 553 570 555 554 563 555 561 545 546 562 570 562 575 573 566 574 564 570 572 556 538 570 547 576 576 577
-- 594 <90
-- worker thread times 1194 1196 1191 1210 1190 1204 1191 1189 1182 1190 1198 1195 1195 1183 1198 1196 1191 1190 1204 1202 1192 1180 1192 1193 1205 1202 1205 1203 1207 1203 1191
-- 1231 <89
-- worker thread times 3029 3026 3034 3037 3029 3029 3037 3021 3023 3033 3020 3036 3029 3021 3033 3024 3030 3030 3029 3030 3030 3029 3035 3034 3032 3030 3031 3021 3033 3029 3021
-- 3058 <88
-- worker thread times 11166 11162 11163 11159 11167 11167 11161 11153 11163 11163 11167 11153 11154 11168 11158 11167 11160 11161 11162 11162 11166 11168 11166 11163 11167 11165 11163 11164 11165 11165 11166
-- 11189 <87
-- worker thread times 32147 32132 32147 32135 32140 32144 32146 32150 32139 32137 32132 32138 32138 32138 32142 32143 32147 32126 32154 32151 32153 32146 32148 32124 32144 32134 32148 32137 32147 32141 32143
-- 32180 <86
-- worker thread times 50703 50709 50705 50699 50690 50708 50706 50701 50707 50707 50700 50699 50711 50707 50712 50706 50705 50712 50706 50700 50705 50704 50699 50701 50704 50707 50701 50711 50709 50699 50714
-- 50730 <85
false 951309 aborted

100010 65 65 61 75 63 69 66 66 155 285 594 1231 3058 11189 32180 50730
FAIL0=65 FAIL1=65 FAIL10=594 FAIL11=1231 FAIL12=3058 FAIL13=11189 FAIL14=32180 FAIL15=50730 FAIL2=61 FAIL3=75 FAIL4=63 FAIL5=69 FAIL6=66 FAIL7=66 FAIL8=155 FAIL9=285 
