-- 6 <100
-- worker thread times 3 3 3 0 0 0 0 0 0 0 3 3 3 3 3 0 0 0 0 0 3 3 0 0 3 0 3 0 3 0 3
-- 5 <99
-- worker thread times 2 2 2 2 2 2 2 0 2 0 0 0 0 0 0 0 2 2 2 2 2 0 0 2 2 2 2 2 2 2 2
-- 5 <98
-- worker thread times 0 0 1 1 2 2 2 1 1 1 1 2 0 1 1 1 1 1 1 1 1 1 1 1 1 1 1 0 1 1 1
-- 4 <97
-- worker thread times 1 0 1 1 1 1 1 1 1 0 1 1 1 1 1 1 1 0 2 2 2 0 2 2 2 2 2 2 2 2 2
-- 4 <96
-- worker thread times 2 2 1 1 1 1 0 1 1 1 1 1 1 1 1 1 1 1 1 2 0 1 1 1 2 1 2 1 1 1 1
-- 5 <95
-- worker thread times 2 2 0 2 0 2 2 0 2 0 0 0 2 2 2 2 2 0 2 2 0 2 2 0 0 2 2 0 2 2 2
-- 6 <94
-- worker thread times 0 2 2 0 0 0 0 0 0 0 2 0 2 0 2 2 2 2 2 2 2 2 2 0 0 0 0 2 2 2 2
-- 5 <93
-- worker thread times 1 0 1 1 1 0 0 1 0 0 0 1 2 2 2 2 2 2 2 2 2 2 0 2 2 0 1 2 2 2 2
-- worker thread times 2 2 2 0 2 0 4 3 2 3 1 2 2 2 3 3 2 3 2 2 3 3 2 4 4 2 3 2 2 4 3
-- 9 <92
-- worker thread times 3 4 5 4 5 4 3 4 4 6 5 5 6 5 4 6 4 5 4 4 6 3 2 3 3 7 3 2 4 1 8
-- 13 <91
-- worker thread times 19 10 23 15 22 22 20 20 21 20 20 24 15 21 23 17 22 5 17 17 23 21 20 22 24 24 15 18 20 17 23
-- 30 <90
-- worker thread times 68 65 59 65 64 61 69 68 65 67 66 66 65 68 67 67 67 67 63 68 62 63 62 67 70 65 59 66 70 64 58
-- 77 <89
-- worker thread times 191 189 189 193 194 184 194 185 189 185 193 191 188 192 193 195 191 192 193 189 192 195 194 192 193 190 192 189 190 191 189
-- 204 <88
-- worker thread times 515 511 507 509 510 509 504 511 510 514 510 508 513 510 508 508 510 513 511 506 503 512 511 509 514 509 512 512 514 502 508
-- 525 <87
-- worker thread times 1259 1260 1261 1254 1259 1260 1259 1260 1257 1258 1261 1257 1264 1259 1262 1261 1260 1258 1259 1248 1260 1259 1259 1260 1259 1259 1259 1266 1258 1257 1261
-- 1274 <86
-- worker thread times 2938 2943 2937 2936 2937 2929 2935 2933 2939 2937 2936 2934 2928 2938 2938 2931 2936 2928 2936 2938 2927 2938 2937 2934 2935 2938 2938 2935 2936 2931 2937
-- 2952 <85
-- worker thread times 6356 6359 6359 6359 6358 6362 6358 6360 6362 6357 6358 6365 6359 6357 6357 6361 6364 6363 6362 6364 6357 6357 6355 6358 6360 6365 6361 6362 6362 6365 6358
-- 6377 <84
-- worker thread times 13062 13060 13056 13061 13063 13064 13062 13059 13056 13061 13058 13060 13062 13058 13059 13060 13056 13064 13060 13057 13059 13059 13058 13063 13058 13061 13061 13065 13060 13062 13056
-- 13077 <83
-- worker thread times 26577 26577 26575 26568 26572 26573 26568 26572 26570 26568 26570 26573 26571 26571 26572 26568 26570 26570 26575 26572 26571 26571 26571 26572 26574 26571 26573 26567 26579 26572 26566
-- 26590 <82
-- worker thread times 48804 48805 48803 48811 48804 48803 48804 48805 48806 48807 48800 48805 48806 48804 48803 48802 48806 48809 48808 48803 48802 48805 48805 48801 48806 48804 48805 48805 48797 48805 48803
-- 48819 <81
false 5901348 aborted

100003 6 5 5 4 4 5 6 5 9 13 30 77 204 525 1274 2952 6377 13077 26590 48819
FAIL0=6 FAIL1=5 FAIL10=30 FAIL11=77 FAIL12=204 FAIL13=525 FAIL14=1274 FAIL15=2952 FAIL16=6377 FAIL17=13077 FAIL18=26590 FAIL19=48819 FAIL2=5 FAIL3=4 FAIL4=4 FAIL5=5 FAIL6=6 FAIL7=5 FAIL8=9 FAIL9=13 
