-- worker thread times 112 115 107 107 115 115 107 111 111 107 111 111 107 107 111 107 111 111 106 110 110 109 107 111 111 111 111 111 107 115 107
-- 126 <100
-- worker thread times 156 149 156 145 152 152 153 152 149 153 160 154 160 155 137 157 156 154 152 146 159 153 146 153 153 155 161 160 156 145 156
-- 172 <99
-- worker thread times 226 239 238 227 223 225 189 235 238 191 198 221 220 214 220 197 224 214 193 220 227 225 223 189 235 220 211 236 228 225 227
-- 253 <98
-- worker thread times 272 283 280 272 272 282 278 282 269 274 274 282 270 267 278 286 271 286 263 282 276 287 287 271 278 269 273 286 277 282 283
-- 300 <97
-- worker thread times 318 308 312 329 330 322 331 349 341 349 341 334 348 335 326 337 349 312 353 354 346 338 328 340 335 336 339 353 337 340 311
-- 370 <96
-- worker thread times 380 386 391 389 379 390 385 392 381 384 381 394 389 382 381 390 392 392 389 371 396 381 397 388 389 391 384 392 393 393 395
-- 414 <95
-- worker thread times 440 436 417 452 454 452 453 449 445 445 444 442 443 440 450 446 447 449 449 441 435 444 431 445 445 449 445 429 450 448 452
-- 472 <94
-- worker thread times 491 504 497 489 495 501 497 501 496 500 499 500 489 496 487 497 501 500 496 500 497 503 503 498 501 489 496 486 499 492 501
-- 524 <93
-- worker thread times 566 536 562 552 560 557 558 551 563 553 559 554 555 563 561 562 566 562 555 554 561 552 541 564 561 552 552 553 563 564 557
-- 587 <92
-- worker thread times 614 615 603 610 604 601 605 614 605 612 612 604 609 608 606 598 618 617 594 590 618 617 612 614 606 618 614 616 609 605 613
-- 640 <91
-- worker thread times 663 679 673 673 672 664 662 671 674 678 678 671 669 661 675 657 661 668 673 667 672 673 672 663 675 677 674 664 672 674 677
-- 700 <90
-- worker thread times 737 731 735 728 734 730 725 738 733 733 728 731 732 732 735 731 727 725 733 731 732 732 732 723 734 724 738 734 738 728 732
-- 764 <89
-- worker thread times 774 791 754 784 792 791 790 774 773 768 795 771 792 782 771 780 792 791 754 783 774 785 793 782 773 791 793 792 794 786 781
-- 823 <88
-- worker thread times 833 840 830 834 839 832 846 831 839 843 829 844 832 842 819 842 836 836 827 833 847 846 849 847 833 833 832 835 833 845 828
-- 877 <87
-- worker thread times 893 875 888 886 882 895 892 893 888 878 874 880 882 882 883 868 850 896 879 875 869 885 885 886 885 886 878 878 885 885 880
-- 930 <86
-- worker thread times 928 933 939 946 935 932 919 926 951 937 905 935 930 943 928 947 924 924 937 947 946 936 948 938 943 944 929 938 929 922 946
-- 984 <85
-- worker thread times 1000 984 987 982 989 995 1002 981 962 975 978 1003 986 997 999 1000 1002 983 988 992 989 971 995 973 989 965 991 981 977 984 997
-- 1043 <84
-- worker thread times 1072 1086 1064 1062 1056 1058 1073 1074 1073 1067 1081 1073 1044 1071 1032 989 1082 1014 1071 1076 1037 1047 1078 1066 1062 1062 1082 1048 1076 1072 1060
-- 1130 <83
-- worker thread times 1131 1114 1118 1126 1109 1128 1102 1130 1121 1116 1130 1096 1104 1116 1130 1124 1130 1128 1117 1127 1127 1127 1122 1128 1129 1128 1132 1125 1125 1126 1125
-- 1172 <82
-- worker thread times 1183 1195 1182 1165 1186 1195 1186 1176 1192 1179 1193 1176 1166 1175 1170 1195 1195 1182 1190 1180 1187 1198 1191 1176 1196 1178 1192 1192 1174 1183 1175
-- 1242 <81
-- worker thread times 1252 1241 1244 1243 1245 1224 1251 1237 1251 1243 1237 1240 1244 1244 1244 1245 1242 1246 1247 1250 1246 1248 1245 1225 1249 1247 1248 1245 1233 1248 1247
-- 1300 <80
-- worker thread times 1292 1302 1289 1294 1295 1295 1302 1301 1292 1292 1296 1291 1295 1291 1298 1292 1296 1295 1294 1287 1286 1296 1296 1302 1303 1301 1287 1295 1297 1289 1293
-- 1353 <79
-- worker thread times 1349 1348 1329 1330 1339 1351 1352 1339 1342 1340 1353 1326 1333 1349 1340 1331 1341 1340 1347 1350 1341 1351 1342 1343 1331 1334 1350 1341 1348 1343 1319
-- 1404 <78
-- worker thread times 35101 35098 35093 35098 35105 35105 35098 35106 35093 35099 35088 35097 35089 35094 35105 35102 35095 35097 35098 35094 35110 35107 35104 35094 35110 35106 35103 35098 35102 35100 35109
-- 35134 <77
-- worker thread times 47193 47186 47186 47191 47188 47188 47193 47185 47186 47192 47190 47190 47189 47189 47187 47191 47190 47190 47189 47195 47191 47191 47189 47185 47189 47191 47190 47193 47187 47191 47189
-- 47215 <76
false 717091 aborted

100015 126 172 253 300 370 414 472 524 587 640 700 764 823 877 930 984 1043 1130 1172 1242 1300 1353 1404 35134 47215
FAIL0=126 FAIL1=172 FAIL10=700 FAIL11=764 FAIL12=823 FAIL13=877 FAIL14=930 FAIL15=984 FAIL16=1043 FAIL17=1130 FAIL18=1172 FAIL19=1242 FAIL2=253 FAIL20=1300 FAIL21=1353 FAIL22=1404 FAIL23=35134 FAIL24=47215 FAIL3=300 FAIL4=370 FAIL5=414 FAIL6=472 FAIL7=524 FAIL8=587 FAIL9=640 
