-- worker thread times 3 4 4 4 3 3 3 2 2 3 3 3 3 0 3 3 0 0 2 2 3 3 4 0 3 3 3 2 3 3 0
-- 8 <100
-- worker thread times 7 2 7 2 7 2 6 2 2 5 0 2 6 2 0 5 5 6 2 5 4 2 3 7 4 7 4 2 7 7 2
-- 12 <99
-- worker thread times 3 7 8 7 8 7 4 4 5 0 2 7 6 6 5 4 2 5 2 7 5 6 5 7 3 7 7 5 6 5 3
-- 13 <98
-- worker thread times 7 5 7 7 8 7 9 7 5 8 8 9 6 3 5 7 2 4 9 5 3 8 8 8 2 4 8 1 8 4 7
-- 15 <97
-- worker thread times 6 4 7 6 7 8 6 6 7 7 8 5 7 8 3 0 7 7 5 7 8 8 7 6 7 9 8 6 7 9 5
-- 17 <96
-- worker thread times 7 11 7 7 7 8 0 8 9 9 8 10 9 9 9 8 7 10 8 10 8 7 7 10 10 6 1 8 9 7 8
-- 18 <95
-- worker thread times 9 10 11 10 4 5 5 6 10 4 10 10 6 6 11 10 9 10 6 10 10 7 6 6 2 10 6 10 10 10 10
-- 21 <94
-- worker thread times 10 8 13 10 14 13 11 13 9 7 9 14 3 8 9 9 7 12 12 13 14 9 8 3 7 14 13 9 13 4 13
-- 24 <93
-- worker thread times 9 17 18 10 7 7 4 16 8 10 10 9 12 11 16 9 10 17 17 17 16 17 10 18 18 6 10 10 16 12 10
-- 27 <92
-- worker thread times 9 11 12 12 12 11 12 10 13 11 12 12 13 11 2 13 11 10 12 12 12 11 12 10 12 12 11 13 12 12 11
-- 25 <91
-- worker thread times 15 12 16 15 14 16 13 13 13 13 13 13 10 13 4 14 16 15 10 7 13 15 14 13 14 12 15 5 12 15 13
-- 29 <90
-- worker thread times 13 13 5 15 15 15 15 13 13 13 13 15 13 12 13 15 15 15 11 15 13 15 6 15 15 15 15 13 16 15 11
-- 28 <89
-- worker thread times 20 14 19 14 18 18 14 17 19 12 13 18 13 11 17 14 13 18 18 9 8 8 13 13 18 14 17 14 14 17 13
-- 34 <88
-- worker thread times 15 16 16 16 16 15 15 16 16 15 13 15 15 13 15 12 15 10 15 15 15 15 16 15 16 15 15 15 15 15 15
-- 32 <87
-- worker thread times 19 18 22 18 15 19 21 20 21 20 20 19 7 20 15 21 21 18 17 9 16 21 21 20 21 18 22 12 8 20 14
-- 35 <86
-- worker thread times 16 15 21 21 10 16 16 21 22 14 13 21 21 15 17 20 16 18 18 13 21 13 16 22 22 20 11 16 16 21 22
-- 38 <85
-- worker thread times 21 21 20 20 22 21 23 19 23 20 14 19 17 21 21 20 22 22 21 15 20 21 22 22 22 20 19 9 23 19 19
-- 37 <84
-- worker thread times 25 25 20 21 25 23 11 23 22 14 13 13 19 11 24 15 22 26 23 23 23 23 24 22 22 13 22 20 23 22 24
-- 39 <83
-- worker thread times 21 20 18 19 20 20 19 21 15 20 21 21 20 20 19 20 20 21 21 21 20 19 21 19 21 20 19 20 19 20 17
-- 38 <82
-- worker thread times 22 24 21 22 22 22 23 21 22 22 22 23 14 20 21 19 22 22 23 23 21 14 22 22 23 23 20 22 21 22 22
-- 40 <81
-- worker thread times 18 19 20 22 21 25 24 27 27 26 20 22 21 27 22 21 15 27 27 30 23 22 22 27 22 15 21 28 20 20 26
-- 46 <80
-- worker thread times 24 27 22 26 25 26 21 26 24 24 26 26 16 23 29 26 23 22 16 26 25 16 15 18 25 25 24 28 25 27 24
-- 44 <79
-- worker thread times 25 23 27 26 19 26 30 28 30 28 28 21 26 25 24 21 27 29 28 27 30 25 29 23 24 28 28 24 21 28 21
-- 47 <78
-- worker thread times 27 28 26 26 27 17 24 25 27 24 20 27 26 25 28 26 25 27 24 27 26 26 27 25 28 27 28 28 28 21 22
-- 47 <77
-- worker thread times 28 31 23 24 30 30 31 25 31 24 31 28 29 29 30 28 30 29 21 28 27 30 23 30 15 20 22 29 31 23 29
-- 47 <76
-- worker thread times 29 29 29 29 29 27 30 28 23 30 29 29 29 28 29 29 26 29 30 29 28 19 28 35 26 34 28 23 30 30 30
-- 49 <75
-- worker thread times 34 32 36 33 28 25 26 34 34 31 31 31 32 26 31 34 34 32 30 32 16 32 33 34 27 29 28 28 33 26 28
-- 52 <74
-- worker thread times 25 34 32 33 34 34 32 36 33 26 35 34 34 31 18 35 23 30 32 33 33 34 34 33 32 34 34 31 33 31 33
-- 54 <73
-- worker thread times 31 31 32 34 36 27 33 29 31 27 35 32 32 35 32 31 34 32 30 20 35 30 28 29 30 37 35 35 26 20 34
-- 54 <72
-- worker thread times 34 35 35 32 35 31 27 36 27 34 34 34 36 33 32 29 36 36 35 30 28 34 31 36 36 36 36 34 35 35 36
-- 57 <71
-- worker thread times 33 34 32 33 33 32 31 33 26 33 35 34 32 32 34 35 35 27 33 30 34 35 31 31 30 30 33 32 27 34 32
-- 56 <70
-- worker thread times 40 32 36 38 28 26 40 38 38 34 39 36 38 36 39 40 39 37 39 38 39 36 38 28 38 33 37 38 37 37 39
-- 62 <69
-- worker thread times 37 39 37 36 28 37 38 36 39 37 37 31 37 32 33 27 33 35 37 34 26 33 40 39 37 29 36 36 36 37 23
-- 60 <68
-- worker thread times 37 36 33 36 37 34 36 36 38 36 38 39 36 37 38 35 37 36 36 39 34 39 35 38 36 37 39 37 37 39 34
-- 61 <67
-- worker thread times 41 39 32 32 35 39 35 36 36 37 37 40 37 29 32 40 37 39 41 39 30 42 38 39 37 39 40 39 41 36 30
-- 63 <66
-- worker thread times 39 40 28 37 41 38 41 38 36 40 40 40 39 37 38 40 39 39 30 38 39 32 42 40 41 39 36 40 40 40 38
-- 62 <65
-- worker thread times 41 43 37 42 40 36 40 36 39 39 37 39 39 39 37 42 38 43 40 40 40 43 32 40 38 38 40 40 43 41 38
-- 65 <64
-- worker thread times 36 38 38 42 40 38 38 39 39 39 40 38 37 39 35 39 40 39 41 41 41 39 39 39 41 40 41 38 39 38 41
-- 66 <63
-- worker thread times 45 44 35 43 36 42 45 41 43 45 45 42 46 45 45 45 43 38 44 40 46 43 44 43 41 41 46 46 38 45 45
-- 69 <62
-- worker thread times 47 46 44 46 37 47 46 48 47 45 45 45 45 45 45 47 46 43 44 48 46 48 36 44 47 32 33 47 46 46 46
-- 70 <61
-- worker thread times 48 49 44 48 46 40 40 48 37 48 36 48 47 48 45 45 47 46 45 47 40 47 45 47 42 36 48 47 36 47 48
-- 70 <60
-- worker thread times 41 44 44 42 43 44 43 46 42 43 45 43 46 45 46 41 43 48 44 46 43 45 45 45 41 44 44 44 43 43 45
-- 71 <59
-- worker thread times 43 44 45 42 42 46 45 43 46 43 42 44 44 45 43 44 43 45 44 45 44 44 42 41 43 44 44 44 45 45 44
-- 73 <58
-- worker thread times 48 47 46 46 37 45 48 39 42 43 45 49 46 47 43 46 49 46 48 46 43 46 39 45 44 46 46 48 48 38 45
-- 75 <57
-- worker thread times 50 43 49 50 49 49 51 49 49 49 33 49 36 48 48 48 49 49 50 48 50 37 48 50 50 47 48 47 46 50 49
-- 78 <56
-- worker thread times 43 46 43 46 48 39 45 43 46 43 38 46 45 46 43 48 44 47 47 43 47 46 48 40 45 47 47 46 36 47 44
-- 81 <55
-- worker thread times 43 51 49 54 52 53 44 54 54 52 50 50 53 51 53 38 51 54 46 52 51 43 51 54 49 50 52 54 53 52 51
-- 80 <54
-- worker thread times 53 46 53 54 41 55 46 52 51 53 51 58 49 52 54 52 53 56 54 51 51 39 54 51 52 51 56 52 55 56 55
-- 83 <53
-- worker thread times 51 43 53 51 51 49 51 52 45 52 39 47 49 48 50 51 53 48 52 54 54 50 52 52 51 52 47 51 49 51 53
-- 84 <52
-- worker thread times 53 51 55 52 55 53 51 53 52 49 43 52 55 52 52 55 54 54 51 55 49 53 54 48 50 45 55 52 52 54 53
-- 86 <51
-- worker thread times 54 60 58 52 58 60 61 52 55 59 61 62 58 62 58 59 62 56 46 40 62 43 56 55 62 61 60 47 56 48 57
-- 88 <50
-- worker thread times 56 55 51 54 58 57 56 52 54 56 52 56 44 54 57 57 51 48 51 57 56 50 45 51 54 52 58 58 47 49 54
-- 90 <49
-- worker thread times 47 44 51 51 52 49 50 52 53 50 50 49 51 46 49 53 51 54 48 52 51 52 49 48 53 46 47 52 51 45 42
-- 88 <48
-- worker thread times 51 52 52 50 44 53 50 52 50 52 49 52 54 51 51 50 47 49 40 53 42 52 52 53 53 51 50 53 53 59 50
-- 90 <47
-- worker thread times 58 55 57 59 55 57 59 59 58 59 47 58 47 58 57 51 55 60 57 58 43 45 59 63 53 60 56 57 57 56 54
-- 94 <46
-- worker thread times 60 52 60 56 53 56 46 49 57 55 60 56 54 55 55 59 46 56 56 58 58 56 60 56 58 50 61 57 57 56 61
-- 95 <45
-- worker thread times 53 55 54 57 56 55 56 57 54 56 49 57 43 57 56 56 54 54 55 53 55 56 57 52 56 57 52 58 56 58 39
-- 98 <44
-- worker thread times 55 56 56 55 52 59 58 36 55 54 54 59 57 57 60 55 54 58 53 54 53 53 59 54 57 54 56 55 53 51 54
-- 99 <43
-- worker thread times 54 55 53 56 46 56 51 47 56 47 45 53 52 41 58 53 50 52 58 52 51 53 51 43 48 54 54 55 54 52 51
-- 102 <42
-- worker thread times 54 53 54 48 50 53 57 53 54 53 55 54 57 54 53 39 51 49 55 53 53 58 56 48 57 48 57 53 54 56 56
-- 100 <41
-- worker thread times 57 56 58 57 54 40 43 57 55 46 58 59 53 55 55 57 56 53 48 60 54 56 50 59 59 60 54 57 48 53 59
-- 102 <40
-- worker thread times 62 49 54 60 55 57 58 57 53 56 59 49 59 58 56 58 57 59 52 58 56 58 54 50 55 59 59 60 57 60 44
-- 102 <39
-- worker thread times 55 57 53 52 55 56 55 56 57 57 57 54 54 57 56 46 59 58 54 42 52 57 53 55 53 58 56 55 50 56 51
-- 105 <38
-- worker thread times 55 53 54 52 56 55 57 52 54 54 59 59 55 57 52 54 54 54 53 58 54 51 58 54 46 58 56 53 57 54 58
-- 108 <37
-- worker thread times 58 56 54 55 56 54 54 58 55 55 55 56 59 59 53 57 56 55 56 55 56 54 56 46 57 56 58 56 56 53 57
-- 109 <36
-- worker thread times 59 57 58 56 55 59 60 58 59 56 61 57 57 60 43 47 55 47 38 61 58 59 62 59 60 58 60 58 60 63 61
-- 109 <35
-- worker thread times 61 56 52 63 65 64 63 53 54 52 60 50 64 54 47 62 54 49 62 62 44 45 55 55 61 63 61 64 63 62 52
-- 112 <34
-- worker thread times 57 56 53 53 50 56 59 60 56 57 61 62 56 56 49 59 58 61 62 59 60 62 62 58 56 60 59 61 60 62 49
-- 116 <33
-- worker thread times 63 60 60 61 60 60 57 62 59 61 59 47 60 61 55 58 61 58 61 60 60 55 56 50 63 61 54 58 62 62 53
-- 115 <32
-- worker thread times 61 60 59 62 59 61 62 47 62 60 47 48 60 63 58 58 62 53 59 63 62 58 62 60 59 63 63 61 60 58 51
-- 116 <31
-- worker thread times 58 59 59 56 56 50 51 60 62 57 61 61 59 59 61 58 55 63 59 59 58 58 59 61 50 60 59 57 54 60 58
-- 119 <30
-- worker thread times 59 47 58 60 59 50 52 58 55 46 59 58 60 62 60 53 61 57 53 59 58 58 57 56 57 59 57 64 59 62 52
-- 121 <29
-- worker thread times 48 62 60 63 65 53 63 60 62 64 63 60 64 62 64 61 64 59 60 63 65 63 61 62 63 63 62 61 64 64 63
-- 122 <28
-- worker thread times 160 219 209 168 255 277 185 240 213 238 212 123 245 182 179 192 189 240 216 250 168 193 222 174 236 179 221 208 240 222 142
-- 332 <27
-- worker thread times 612 599 588 630 525 589 535 531 594 571 584 501 623 603 637 534 616 545 605 618 622 518 643 553 611 565 606 615 578 565 591
-- 725 <26
-- worker thread times 976 992 1012 1000 1005 993 969 1000 998 1017 1013 999 977 1019 1033 992 1001 996 1022 1003 987 982 983 1005 918 1003 972 1024 1026 1017 962
-- 1132 <25
-- worker thread times 2350 2331 2375 2335 2383 2316 2364 2315 2318 2328 2347 2340 2336 2306 2305 2307 2362 2375 2327 2353 2343 2329 2359 2373 2326 2322 2361 2361 2390 2347 2350
-- 2436 <24
-- worker thread times 3303 3291 3283 3301 3274 3290 3290 3317 3286 3307 3292 3308 3283 3270 3279 3288 3312 3269 3294 3276 3267 3325 3277 3277 3315 3282 3314 3287 3311 3294 3316
-- 3382 <23
-- worker thread times 5873 5871 5861 5871 5868 5860 5868 5871 5874 5862 5860 5861 5875 5863 5871 5866 5860 5875 5872 5864 5872 5873 5861 5869 5856 5866 5875 5864 5871 5862 5878
-- 5926 <22
-- worker thread times 8214 8209 8216 8206 8215 8214 8213 8218 8211 8209 8213 8215 8209 8212 8207 8208 8204 8208 8203 8210 8214 8212 8209 8213 8209 8208 8212 8205 8208 8214 8209
-- 8267 <21
-- worker thread times 12479 12476 12487 12483 12479 12491 12480 12482 12482 12481 12483 12480 12491 12488 12485 12476 12482 12483 12485 12486 12489 12487 12488 12482 12480 12478 12484 12482 12484 12490 12482
-- 12540 <20
-- worker thread times 16472 16465 16476 16476 16470 16477 16471 16474 16473 16472 16473 16464 16469 16470 16470 16475 16474 16474 16475 16472 16465 16477 16477 16478 16475 16473 16475 16470 16470 16466 16475
-- 16530 <19
-- worker thread times 21001 20994 20991 20995 20994 20988 21000 21001 20998 20995 20997 20993 20997 21003 20999 21007 21005 21002 21003 20999 20999 21001 20992 20997 20999 20991 20996 21000 21001 20997 21002
-- 21057 <18
-- worker thread times 22751 22744 22743 22751 22741 22753 22744 22750 22744 22747 22750 22749 22752 22747 22743 22750 22746 22747 22748 22751 22747 22745 22746 22752 22748 22747 22743 22746 22747 22745 22748
-- 22789 <17
false 1726227 aborted

100013 8 12 13 15 17 18 21 24 27 25 29 28 34 32 35 38 37 39 38 40 46 44 47 47 47 49 52 54 54 57 56 62 60 61 63 62 65 66 69 70 70 71 73 75 78 81 80 83 84 86 88 90 88 90 94 95 98 99 102 100 102 102 105 108 109 109 112 116 115 116 119 121 122 332 725 1132 2436 3382 5926 8267 12540 16530 21057 22789
FAIL0=8 FAIL1=12 FAIL10=29 FAIL11=28 FAIL12=34 FAIL13=32 FAIL14=35 FAIL15=38 FAIL16=37 FAIL17=39 FAIL18=38 FAIL19=40 FAIL2=13 FAIL20=46 FAIL21=44 FAIL22=47 FAIL23=47 FAIL24=47 FAIL25=49 FAIL26=52 FAIL27=54 FAIL28=54 FAIL29=57 FAIL3=15 FAIL30=56 FAIL31=62 FAIL32=60 FAIL33=61 FAIL34=63 FAIL35=62 FAIL36=65 FAIL37=66 FAIL38=69 FAIL39=70 FAIL4=17 FAIL40=70 FAIL41=71 FAIL42=73 FAIL43=75 FAIL44=78 FAIL45=81 FAIL46=80 FAIL47=83 FAIL48=84 FAIL49=86 FAIL5=18 FAIL50=88 FAIL51=90 FAIL52=88 FAIL53=90 FAIL54=94 FAIL55=95 FAIL56=98 FAIL57=99 FAIL58=102 FAIL59=100 FAIL6=21 FAIL60=102 FAIL61=102 FAIL62=105 FAIL63=108 FAIL64=109 FAIL65=109 FAIL66=112 FAIL67=116 FAIL68=115 FAIL69=116 FAIL7=24 FAIL70=119 FAIL71=121 FAIL72=122 FAIL73=332 FAIL74=725 FAIL75=1132 FAIL76=2436 FAIL77=3382 FAIL78=5926 FAIL79=8267 FAIL8=27 FAIL80=12540 FAIL81=16530 FAIL82=21057 FAIL83=22789 FAIL9=25 
