-- worker thread times 3 5 4 5 4 5 4 2 2 5 5 4 5 5 2 0 1 5 0 4 2 5 5 4 2 5 2 5 5 5 5
-- 11 <100
-- worker thread times 8 8 7 8 6 7 8 0 7 7 8 7 5 7 8 7 8 6 8 7 7 7 6 7 8 7 7 6 5 5 8
-- 14 <99
-- worker thread times 9 10 11 9 12 4 10 11 11 11 0 11 9 6 11 11 11 13 10 10 11 12 11 11 11 10 7 10 0 12 12
-- 18 <98
-- worker thread times 14 14 11 14 14 11 14 14 11 8 16 15 11 14 11 3 15 11 14 11 11 14 14 8 8 8 11 3 12 5 15
-- 25 <97
-- worker thread times 16 15 12 15 16 9 16 16 6 14 18 7 16 16 15 16 16 9 16 12 16 7 17 20 13 16 16 15 16 22 12
-- 28 <96
-- worker thread times 17 20 20 14 12 8 27 18 17 20 20 13 27 16 20 20 17 17 14 14 14 17 17 15 21 18 22 18 20 14 25
-- 34 <95
-- worker thread times 28 16 22 19 33 15 22 22 19 19 23 23 23 23 24 30 23 23 24 19 28 15 21 23 22 22 23 11 22 29 11
-- 41 <94
-- worker thread times 31 24 22 23 13 26 23 33 34 12 17 24 13 24 24 21 24 23 24 36 25 23 36 18 25 25 23 23 21 23 39
-- 44 <93
-- worker thread times 22 30 31 35 27 27 29 51 30 26 45 27 49 30 45 36 29 49 30 30 51 17 28 49 52 53 29 23 41 52 40
-- 65 <92
-- worker thread times 58 31 23 51 58 30 29 42 62 60 29 32 27 24 27 55 26 34 28 39 56 27 44 64 29 28 61 50 50 53 42
-- 72 <91
-- worker thread times 45 52 65 74 74 72 75 52 65 89 80 46 40 88 82 55 70 45 42 79 68 63 57 62 52 52 40 83 84 44 67
-- 103 <90
-- worker thread times 57 78 53 84 78 112 62 92 80 51 46 77 98 95 85 101 93 52 80 60 88 83 95 87 57 84 95 73 67 79 44
-- 120 <89
-- worker thread times 97 93 68 92 63 111 90 103 119 68 79 89 94 80 92 99 82 116 113 93 90 54 108 88 70 90 105 95 71 97 97
-- 134 <88
-- worker thread times 111 116 120 108 92 116 106 106 110 103 84 114 96 77 124 131 113 75 111 90 78 114 125 106 74 92 95 106 113 118 96
-- 144 <87
-- worker thread times 119 92 153 154 142 118 149 143 159 149 93 135 137 149 129 125 115 140 152 120 98 151 131 76 143 136 144 130 117 118 145
-- 184 <86
-- worker thread times 159 173 113 157 165 189 158 178 112 170 151 145 196 173 114 165 190 167 113 157 175 168 170 172 169 167 181 158 173 163 179
-- 215 <85
-- worker thread times 180 169 224 180 162 171 193 181 179 209 197 198 201 208 204 179 147 205 181 159 130 152 178 160 181 200 190 162 154 163 190
-- 238 <84
-- worker thread times 214 220 179 225 215 186 210 213 205 243 237 193 187 186 164 215 214 175 188 222 224 183 227 181 171 223 229 209 221 235 248
-- 274 <83
-- worker thread times 220 256 218 258 233 224 186 187 219 250 250 251 223 199 205 207 211 249 252 243 203 198 235 235 236 218 245 199 251 219 218
-- 291 <82
-- worker thread times 284 253 246 276 207 230 272 246 218 260 264 255 215 247 254 233 222 222 221 241 270 258 208 270 271 250 241 213 263 263 210
-- 312 <81
-- worker thread times 280 275 289 261 281 293 288 287 244 274 313 258 234 304 290 301 298 322 287 246 272 293 318 245 292 311 294 292 275 293 253
-- 354 <80
-- worker thread times 298 329 294 328 317 272 255 307 306 293 321 341 321 300 293 318 312 310 305 302 332 258 289 318 304 278 280 344 327 305 304
-- 374 <79
-- worker thread times 309 324 342 305 342 302 325 330 376 372 302 340 321 371 338 289 317 355 356 309 319 345 316 301 339 318 335 361 339 341 318
-- 403 <78
-- worker thread times 386 381 320 386 365 368 354 338 386 328 352 400 395 399 355 383 358 327 417 374 384 355 314 355 348 379 386 355 356 363 375
-- 446 <77
-- worker thread times 360 364 369 361 438 417 386 417 390 384 380 313 362 396 369 366 388 345 362 400 387 391 358 340 379 411 369 346 392 381 393
-- 458 <76
-- worker thread times 474 466 450 447 436 447 471 405 424 444 426 386 449 440 392 404 435 418 436 430 412 388 455 415 448 367 374 424 354 418 416
-- 510 <75
-- worker thread times 475 440 464 453 468 430 442 516 440 478 423 465 483 483 490 482 444 492 448 441 455 450 442 421 474 470 487 477 455 480 464
-- 550 <74
-- worker thread times 608 618 577 578 567 609 611 588 635 613 574 591 602 589 571 606 605 606 584 621 623 578 555 592 566 625 589 587 616 609 619
-- 676 <73
-- worker thread times 720 720 702 734 717 730 756 713 745 728 755 725 686 715 720 724 755 738 736 753 736 732 710 709 715 724 691 713 732 710 667
-- 803 <72
-- worker thread times 801 799 785 816 752 776 791 812 820 794 811 797 797 794 804 765 793 767 799 807 788 768 793 783 850 758 791 775 769 807 814
-- 872 <71
-- worker thread times 863 846 830 836 849 811 818 805 824 825 847 794 840 846 853 823 800 833 861 832 867 794 823 831 839 795 823 864 845 815 865
-- 911 <70
-- worker thread times 858 862 883 858 830 866 872 896 905 866 844 851 845 878 852 895 884 870 849 863 872 849 862 900 875 811 870 851 885 892 868
-- 947 <69
-- worker thread times 921 943 934 896 907 919 904 926 928 901 922 934 931 923 928 910 927 922 925 920 911 878 889 895 933 909 933 943 954 886 945
-- 1007 <68
-- worker thread times 993 957 995 992 995 993 975 992 966 1011 994 1007 956 1008 977 978 1018 978 1013 988 977 920 1023 966 1023 1006 965 967 979 955 1001
-- 1075 <67
-- worker thread times 1092 1059 1059 1015 1092 1007 1004 1064 1053 993 1059 1025 1034 1017 1031 1052 1061 1053 1038 1063 1059 1062 1049 1062 980 1018 1027 995 1039 1053 1069
-- 1131 <66
-- worker thread times 1057 1120 1077 1122 1102 1095 1115 1101 1115 1040 1071 1140 1113 1125 1110 1138 1136 1126 1152 1095 1118 1111 1112 1085 1115 1080 1094 1158 1105 1120 1113
-- 1200 <65
-- worker thread times 1238 1200 1186 1197 1167 1191 1159 1156 1202 1202 1201 1190 1179 1170 1161 1158 1220 1160 1175 1162 1197 1200 1162 1183 1216 1159 1189 1198 1187 1161 1194
-- 1282 <64
-- worker thread times 1384 1439 1445 1432 1397 1407 1418 1387 1435 1395 1425 1391 1363 1395 1383 1374 1404 1415 1396 1418 1410 1384 1405 1399 1412 1414 1433 1418 1424 1427 1405
-- 1492 <63
-- worker thread times 1475 1512 1461 1436 1506 1470 1468 1501 1455 1472 1424 1481 1494 1456 1487 1473 1472 1475 1453 1473 1480 1499 1467 1482 1482 1509 1481 1457 1457 1505 1488
-- 1562 <62
-- worker thread times 1581 1501 1564 1548 1575 1554 1542 1566 1567 1554 1535 1555 1564 1550 1546 1546 1543 1505 1561 1496 1550 1554 1526 1563 1537 1538 1558 1532 1559 1573 1538
-- 1633 <61
-- worker thread times 1612 1626 1599 1631 1628 1619 1637 1607 1624 1593 1613 1627 1646 1625 1623 1650 1597 1647 1628 1625 1577 1617 1611 1611 1628 1626 1572 1617 1615 1615 1620
-- 1707 <60
-- worker thread times 1697 1697 1685 1679 1651 1711 1677 1676 1661 1677 1682 1684 1693 1721 1720 1675 1677 1713 1705 1695 1692 1694 1652 1693 1669 1672 1713 1687 1736 1676 1705
-- 1783 <59
-- worker thread times 1789 1736 1784 1741 1802 1767 1758 1800 1779 1808 1803 1750 1751 1773 1770 1732 1793 1748 1786 1698 1767 1741 1814 1758 1795 1757 1771 1743 1787 1760 1756
-- 1864 <58
-- worker thread times 1862 1871 1860 1853 1833 1803 1824 1856 1843 1860 1838 1860 1840 1822 1827 1838 1836 1850 1834 1851 1810 1844 1865 1870 1840 1849 1817 1848 1851 1819 1870
-- 1937 <57
-- worker thread times 2129 2116 2112 2108 2094 2099 2048 2130 2128 2096 2126 2112 2107 2127 2095 2122 2057 2113 2090 2133 2096 2118 2144 2114 2101 2097 2131 2094 2107 2127 2099
-- 2199 <56
-- worker thread times 2187 2214 2188 2232 2195 2170 2195 2208 2146 2208 2207 2196 2210 2181 2206 2182 2198 2221 2180 2188 2230 2212 2197 2194 2221 2194 2206 2179 2173 2198 2193
-- 2286 <55
-- worker thread times 2262 2274 2264 2266 2269 2296 2270 2298 2279 2279 2269 2270 2246 2238 2244 2225 2252 2262 2257 2261 2237 2249 2266 2253 2253 2269 2260 2229 2240 2264 2264
-- 2355 <54
-- worker thread times 2291 2308 2330 2326 2324 2302 2311 2341 2324 2328 2290 2303 2338 2340 2321 2337 2332 2334 2305 2316 2299 2357 2331 2301 2327 2328 2332 2325 2324 2339 2297
-- 2417 <53
-- worker thread times 2434 2417 2418 2418 2431 2440 2452 2442 2408 2468 2451 2422 2429 2435 2429 2456 2379 2444 2436 2428 2431 2409 2442 2407 2416 2434 2395 2431 2431 2437 2410
-- 2523 <52
-- worker thread times 2714 2739 2721 2711 2714 2699 2693 2704 2687 2700 2692 2724 2716 2728 2724 2717 2689 2728 2682 2724 2731 2716 2722 2683 2717 2730 2723 2706 2678 2714 2710
-- 2802 <51
-- worker thread times 3016 3026 3001 3020 3005 2983 2980 3006 3030 3003 2985 2999 3014 2988 2994 3015 2992 3034 3016 3008 2998 3004 3013 3010 3006 3002 2968 2984 3023 3022 2983
-- 3094 <50
-- worker thread times 3320 3300 3300 3320 3338 3326 3288 3280 3315 3249 3350 3312 3256 3356 3290 3324 3339 3344 3314 3317 3312 3321 3335 3320 3326 3330 3286 3316 3292 3300 3327
-- 3403 <49
-- worker thread times 3615 3639 3595 3641 3644 3654 3599 3612 3630 3612 3607 3641 3653 3642 3638 3598 3617 3572 3610 3616 3589 3637 3606 3632 3613 3630 3626 3595 3618 3637 3630
-- 3709 <48
-- worker thread times 3745 3744 3707 3751 3720 3761 3756 3773 3738 3744 3748 3756 3757 3752 3743 3755 3701 3728 3757 3766 3752 3719 3713 3729 3729 3735 3735 3773 3768 3722 3738
-- 3830 <47
-- worker thread times 3898 3814 3852 3871 3856 3878 3872 3884 3854 3864 3858 3882 3860 3826 3878 3877 3876 3901 3827 3861 3844 3851 3891 3844 3872 3831 3863 3879 3870 3853 3856
-- 3955 <46
-- worker thread times 4153 4186 4193 4187 4132 4202 4204 4168 4175 4139 4153 4150 4193 4179 4158 4136 4180 4187 4182 4162 4183 4140 4174 4175 4181 4163 4168 4160 4201 4137 4166
-- 4264 <45
-- worker thread times 4530 4564 4538 4574 4530 4555 4538 4528 4569 4554 4529 4508 4511 4544 4541 4539 4529 4561 4528 4566 4529 4533 4583 4524 4556 4541 4551 4543 4550 4531 4571
-- 4635 <44
-- worker thread times 4626 4653 4675 4650 4657 4600 4653 4659 4656 4660 4653 4653 4686 4682 4660 4648 4621 4667 4648 4659 4669 4622 4651 4675 4668 4650 4665 4680 4624 4667 4652
-- 4746 <43
-- worker thread times 4835 4807 4775 4799 4854 4818 4836 4804 4826 4817 4867 4845 4842 4855 4849 4823 4815 4773 4828 4867 4811 4838 4848 4857 4838 4839 4837 4849 4791 4874 4827
-- 4927 <42
-- worker thread times 5204 5172 5138 5179 5191 5191 5164 5144 5194 5174 5157 5199 5172 5206 5191 5179 5193 5194 5205 5189 5180 5180 5153 5158 5176 5183 5181 5180 5165 5229 5202
-- 5273 <41
-- worker thread times 5517 5523 5533 5527 5539 5521 5537 5528 5540 5548 5510 5525 5506 5530 5502 5545 5491 5538 5523 5510 5533 5486 5524 5530 5515 5528 5514 5492 5485 5502 5542
-- 5605 <40
-- worker thread times 6105 6102 6132 6132 6119 6100 6113 6114 6113 6102 6119 6120 6119 6127 6111 6117 6103 6115 6127 6111 6114 6088 6116 6121 6098 6103 6103 6108 6119 6123 6116
-- 6191 <39
-- worker thread times 4369 4370 4362 4368 4374 4380 4358 4382 4366 4366 4364 4362 4366 4363 4355 4371 4365 4369 4376 4376 4368 4366 4372 4370 4366 4376 4367 4354 4366 4378 4374
-- 4405 <38
false 437860 aborted

100010 11 14 18 25 28 34 41 44 65 72 103 120 134 144 184 215 238 274 291 312 354 374 403 446 458 510 550 676 803 872 911 947 1007 1075 1131 1200 1282 1492 1562 1633 1707 1783 1864 1937 2199 2286 2355 2417 2523 2802 3094 3403 3709 3830 3955 4264 4635 4746 4927 5273 5605 6191 4405
FAIL0=11 FAIL1=14 FAIL10=103 FAIL11=120 FAIL12=134 FAIL13=144 FAIL14=184 FAIL15=215 FAIL16=238 FAIL17=274 FAIL18=291 FAIL19=312 FAIL2=18 FAIL20=354 FAIL21=374 FAIL22=403 FAIL23=446 FAIL24=458 FAIL25=510 FAIL26=550 FAIL27=676 FAIL28=803 FAIL29=872 FAIL3=25 FAIL30=911 FAIL31=947 FAIL32=1007 FAIL33=1075 FAIL34=1131 FAIL35=1200 FAIL36=1282 FAIL37=1492 FAIL38=1562 FAIL39=1633 FAIL4=28 FAIL40=1707 FAIL41=1783 FAIL42=1864 FAIL43=1937 FAIL44=2199 FAIL45=2286 FAIL46=2355 FAIL47=2417 FAIL48=2523 FAIL49=2802 FAIL5=34 FAIL50=3094 FAIL51=3403 FAIL52=3709 FAIL53=3830 FAIL54=3955 FAIL55=4264 FAIL56=4635 FAIL57=4746 FAIL58=4927 FAIL59=5273 FAIL6=41 FAIL60=5605 FAIL61=6191 FAIL62=4405 FAIL7=44 FAIL8=65 FAIL9=72 
