-- worker thread times 0 0 0 1 0 0 1 1 1 1 1 1 1 0 1 1 0 0 1 0 0 0 0 0 0 1 1 0 0 1 1
-- 5 <120
-- worker thread times 8 5 4 3 4 7 6 4 3 4 4 4 3 6 2 3 3 5 5 6 6 6 3 6 2 6 3 3 2 4 3
-- 11 <119
-- worker thread times 27 32 34 29 32 28 32 31 33 31 27 31 33 32 33 18 31 28 32 34 34 25 31 7 32 33 31 33 34 20 36
-- 40 <118
-- worker thread times 76 71 74 75 74 73 74 72 76 74 74 68 73 73 74 72 70 69 73 76 75 74 65 72 72 73 71 74 73 73 67
-- 81 <117
-- worker thread times 135 138 138 143 139 124 143 143 142 141 128 138 143 140 141 143 141 142 143 141 141 139 138 143 141 135 140 142 141 141 146
-- 150 <116
-- worker thread times 236 250 240 240 242 245 243 244 240 237 235 246 244 240 244 246 239 241 235 247 243 246 244 247 237 242 243 240 244 239 246
-- 255 <115
-- worker thread times 1132 1125 1126 1118 1120 1121 1119 1128 1122 1122 1123 1119 1125 1118 1125 1125 1127 1122 1129 1120 1131 1120 1116 1122 1121 1125 1116 1114 1122 1124 1121
-- 1136 <114
-- worker thread times 2135 2129 2122 2123 2131 2124 2124 2132 2124 2124 2121 2120 2130 2126 2128 2125 2127 2121 2131 2134 2127 2126 2126 2123 2136 2131 2128 2125 2129 2128 2137
-- 2141 <113
-- worker thread times 4830 4819 4837 4836 4823 4835 4832 4845 4845 4832 4835 4822 4825 4839 4822 4830 4835 4832 4829 4840 4825 4836 4840 4829 4823 4820 4829 4830 4832 4824 4828
-- 4849 <112
-- worker thread times 10683 10671 10671 10656 10676 10669 10666 10679 10672 10661 10667 10673 10670 10667 10680 10670 10675 10673 10682 10670 10674 10665 10677 10672 10669 10656 10669 10665 10664 10674 10684
-- 10688 <111
-- worker thread times 21629 21641 21628 21628 21625 21626 21625 21622 21630 21619 21630 21620 21627 21624 21622 21628 21623 21628 21618 21630 21633 21624 21632 21620 21631 21643 21632 21617 21637 21628 21622
-- 21648 <110
-- worker thread times 45551 45529 45551 45518 45539 45530 45544 45528 45532 45535 45523 45538 45537 45537 45516 45524 45530 45536 45514 45520 45536 45536 45550 45523 45539 45540 45541 45551 45534 45552 45532
-- 45557 <109
-- worker thread times 13430 13430 13431 13419 13431 13431 13431 13430 13430 13431 13431 13430 13415 13430 13411 13431 13423 13430 13423 13431 13428 13431 13430 13431 13423 13431 13428 13431 13430 13430 13431
-- 13436 <108
false 4084920 aborted

100002 5 11 40 81 150 255 1136 2141 4849 10688 21648 45557 13436
FAIL0=5 FAIL1=11 FAIL10=21648 FAIL11=45557 FAIL12=13436 FAIL2=40 FAIL3=81 FAIL4=150 FAIL5=255 FAIL6=1136 FAIL7=2141 FAIL8=4849 FAIL9=10688 
