-- worker thread times 2 2 2 2 2 4 2 4 2 2 4 4 2 2 4 4 0 4 4 4 4 4 2 4 0 2 4 4 4 4 4
-- 9 <120
-- worker thread times 4 4 2 4 2 4 3 4 2 4 2 4 2 2 2 4 4 4 4 4 4 2 2 2 4 4 4 4 4 4 2
-- 10 <119
-- worker thread times 4 5 5 4 5 4 4 4 5 4 4 4 5 5 2 4 5 4 3 4 5 4 4 4 1 0 4 5 4 2 4
-- 11 <118
-- worker thread times 5 5 5 5 5 5 5 5 5 0 5 5 6 5 5 6 5 5 5 5 5 1 5 5 4 5 5 5 5 5 5
-- 13 <117
-- worker thread times 8 4 4 6 6 6 6 8 5 8 8 8 8 0 4 6 6 6 6 6 8 6 8 8 6 0 6 8 6 4 8
-- 16 <116
-- worker thread times 8 7 6 7 8 7 7 7 8 7 7 7 7 4 7 7 6 7 7 7 8 7 8 4 5 6 7 8 2 7 7
-- 17 <115
-- worker thread times 9 7 8 10 9 6 8 8 8 9 7 9 3 10 2 10 8 10 10 9 8 8 9 8 8 9 9 10 6 4 7
-- 19 <114
-- worker thread times 83 86 82 85 83 84 86 85 84 84 84 83 83 84 85 84 82 83 85 84 76 84 85 85 74 84 84 83 85 84 85
-- 94 <113
-- worker thread times 260 265 262 262 262 265 266 262 263 262 265 263 266 265 261 263 263 266 261 261 264 255 265 265 266 266 265 264 260 265 266
-- 274 <112
-- worker thread times 597 595 597 596 596 596 596 595 596 596 596 597 596 595 598 596 596 596 595 596 595 595 597 595 596 596 595 595 596 595 595
-- 604 <111
-- worker thread times 1098 1097 1096 1097 1097 1097 1100 1097 1098 1096 1098 1100 1097 1097 1100 1100 1099 1098 1095 1097 1100 1098 1097 1098 1096 1097 1097 1098 1099 1098 1098
-- 1107 <110
-- worker thread times 2497 2495 2497 2495 2498 2496 2494 2496 2496 2497 2493 2494 2493 2493 2495 2494 2496 2494 2496 2494 2495 2493 2496 2494 2496 2495 2495 2496 2497 2495 2496
-- 2505 <109
-- worker thread times 5879 5877 5875 5872 5876 5876 5877 5875 5879 5876 5880 5875 5878 5879 5877 5875 5877 5878 5871 5874 5877 5879 5879 5877 5876 5878 5880 5873 5877 5878 5877
-- 5889 <108
-- worker thread times 12329 12331 12327 12327 12329 12329 12333 12328 12330 12328 12327 12325 12330 12327 12330 12329 12326 12325 12327 12327 12327 12332 12328 12326 12330 12331 12331 12327 12330 12326 12330
-- 12341 <107
-- worker thread times 25332 25334 25328 25331 25330 25329 25328 25322 25328 25324 25328 25329 25321 25324 25329 25331 25317 25328 25330 25328 25330 25328 25332 25330 25328 25329 25328 25331 25327 25329 25326
-- 25341 <106
-- worker thread times 51735 51730 51729 51732 51730 51732 51734 51730 51730 51734 51734 51731 51731 51734 51733 51734 51729 51731 51730 51730 51730 51734 51731 51731 51732 51735 51731 51730 51731 51734 51731
-- 51743 <105
false 6336375 aborted

100003 9 10 11 13 16 17 19 94 274 604 1107 2505 5889 12341 25341 51743
FAIL0=9 FAIL1=10 FAIL10=1107 FAIL11=2505 FAIL12=5889 FAIL13=12341 FAIL14=25341 FAIL15=51743 FAIL2=11 FAIL3=13 FAIL4=16 FAIL5=17 FAIL6=19 FAIL7=94 FAIL8=274 FAIL9=604 
