-- worker thread times 4 6 4 6 4 4 4 5 6 6 4 4 6 6 6 6 5 6 4 2 4 6 7 4 7 6 6 4 4 7 6
-- 15 <10
-- worker thread times 5 8 10 7 9 4 7 10 8 7 8 9 6 10 10 7 8 8 10 10 9 10 12 8 8 11 5 6 6 12 4
-- 19 <9
-- worker thread times 21 23 25 23 22 21 20 22 23 23 22 22 24 23 22 23 23 21 21 22 23 21 19 22 24 20 22 25 24 22 24
-- 34 <8
-- worker thread times 65 64 66 65 65 63 68 65 66 64 64 65 64 66 65 65 64 66 64 65 66 65 66 66 64 64 66 64 65 66 67
-- 76 <7
-- worker thread times 127 126 128 124 126 126 126 126 129 126 127 126 125 127 125 126 128 124 128 129 127 128 126 124 125 126 129 126 124 128 129
-- 140 <6
-- worker thread times 197 196 196 196 198 195 194 198 195 196 194 199 194 194 195 194 193 195 198 196 194 198 194 194 196 195 192 197 194 195 196
-- 210 <5
-- worker thread times 259 258 261 261 264 260 260 260 264 260 262 261 263 261 264 263 260 262 261 260 260 260 259 260 260 264 261 261 260 261 263
-- 276 <4
-- worker thread times 337 336 339 336 339 340 341 338 337 341 337 336 337 336 335 338 336 336 340 336 339 335 337 337 339 338 338 339 341 341 340
-- 353 <3
-- worker thread times 7 4 5 4 4 3 4 5 4 0 0 0 1 3 2 2 2 2 3 2 2 0 6 3 1 5 1 4 6 2 0
true 198430
(0 -> 114) (1 -> -1) (2 -> -1) (3 -> -1) (4 -> -1) (5 -> -1) (6 -> -1) (7 -> -1) (8 -> -1) (9 -> 139) 
1145 15 19 34 76 140 210 276 353 12
EXCEPT=8 FAIL0=15 FAIL1=19 FAIL2=34 FAIL3=76 FAIL4=140 FAIL5=210 FAIL6=276 FAIL7=353 SIZE=2 
