-- worker thread times 0 0 0 0 0 0 0 0 0 0 0 1 0 0 0 0 0 0 0 0 0 0 0 0 1 0 1 0 0 1 1
-- 4 <10
-- worker thread times 1 1 0 1 1 2 1 1 1 1 2 2 2 1 2 1 1 2 1 2 1 1 2 1 1 2 1 2 1 2 3
-- 6 <9
-- worker thread times 4 4 4 5 4 3 4 4 3 5 5 4 5 4 5 4 4 5 4 4 4 4 4 5 3 5 5 4 4 4 6
-- 9 <8
-- worker thread times 8 9 9 8 8 8 7 9 10 9 9 9 9 9 8 8 9 9 10 8 8 10 9 12 9 9 9 9 9 8 9
-- 15 <7
-- worker thread times 15 15 15 15 15 15 14 15 16 14 14 14 15 14 14 14 14 14 15 15 16 16 15 14 15 15 15 15 14 15 18
-- 21 <6
-- worker thread times 23 23 24 24 24 22 24 22 24 24 23 24 24 23 23 23 22 24 23 24 24 23 24 24 23 27 23 22 23 23 22
-- 30 <5
-- worker thread times 40 37 37 35 35 36 34 36 35 38 35 36 36 36 35 35 36 35 35 35 36 37 35 36 35 35 35 36 37 36 36
-- 43 <4
-- worker thread times 57 53 50 53 53 51 52 53 52 52 52 51 51 53 52 50 51 50 51 52 53 53 52 52 52 51 52 52 51 52 50
-- 60 <3
-- worker thread times 1 1 0 1 0 0 0 1 1 1 0 1 1 0 0 1 1 0 0 0 0 0 1 0 1 0 1 0 0 0 0
true 23346
(0 -> 13) (1 -> -1) (2 -> -1) (3 -> -1) (4 -> -1) (5 -> -1) (6 -> -1) (7 -> -1) (8 -> -1) (9 -> 232) 
197 4 6 9 15 21 30 43 60 4
EXCEPT=8 FAIL0=4 FAIL1=6 FAIL2=9 FAIL3=15 FAIL4=21 FAIL5=30 FAIL6=43 FAIL7=60 SIZE=2 
