-- worker thread times 43 43 41 41 42 41 17 41 29 43 43 41 32 43 44 26 41 43 42 29 44 43 44 43 42 43 28 39 42 43 41
-- 52 <128
-- worker thread times 62 61 62 64 54 62 56 65 60 62 65 64 63 65 63 63 59 55 29 48 62 57 51 64 67 49 51 52 63 64 36
-- 75 <127
-- worker thread times 81 82 80 80 79 80 80 81 81 77 80 81 80 80 80 81 80 79 83 81 82 84 79 79 83 83 82 82 84 83 82
-- 93 <126
-- worker thread times 103 101 101 103 67 102 103 88 103 101 78 104 103 102 102 85 82 104 103 103 103 101 100 103 103 104 103 93 103 93 102
-- 116 <125
-- worker thread times 126 106 119 124 97 111 120 103 88 125 126 126 121 118 107 108 125 113 128 121 100 108 109 119 102 118 110 128 119 103 102
-- 139 <124
-- worker thread times 144 130 126 143 139 136 143 141 128 143 141 127 143 140 141 144 143 142 145 140 140 144 140 144 144 139 142 119 143 140 145
-- 157 <123
-- worker thread times 146 158 158 154 156 155 157 145 158 156 160 147 159 157 158 159 151 161 160 157 161 160 156 160 158 141 159 138 161 157 159
-- 174 <122
-- worker thread times 197 195 194 173 197 179 189 155 179 196 182 177 162 156 155 173 171 177 171 174 192 197 176 172 183 173 197 180 180 171 171
-- 213 <121
-- worker thread times 196 197 198 200 200 200 199 200 198 186 197 194 196 198 184 199 199 199 198 185 200 182 199 200 200 195 198 190 200 197 198
-- 215 <120
-- worker thread times 208 204 221 218 223 220 201 218 224 206 199 224 208 223 207 208 201 219 222 207 219 223 206 203 221 223 225 219 224 209 199
-- 240 <119
-- worker thread times 244 245 245 243 241 217 243 227 243 244 244 244 247 243 245 236 246 241 244 242 246 245 246 219 246 246 243 245 242 226 229
-- 262 <118
-- worker thread times 255 260 255 236 257 257 259 252 249 255 257 257 258 259 259 248 241 259 260 263 251 257 263 242 260 258 260 257 252 254 242
-- 278 <117
-- worker thread times 278 278 265 277 278 274 263 278 279 261 267 279 258 267 279 268 253 280 264 266 264 263 265 266 266 280 263 277 270 282 270
-- 301 <116
-- worker thread times 301 263 294 299 279 302 300 297 299 298 303 300 281 300 278 286 298 280 300 298 287 286 290 278 300 268 301 283 299 296 279
-- 321 <115
-- worker thread times 313 291 309 313 315 314 303 313 293 315 314 316 314 297 313 311 314 312 313 315 313 314 312 315 292 315 296 314 317 315 312
-- 336 <114
-- worker thread times 334 335 323 335 336 334 337 334 336 321 334 324 324 334 337 337 322 339 324 326 337 337 323 322 313 323 324 336 322 338 336
-- 358 <113
-- worker thread times 615 614 612 614 616 614 612 615 614 614 614 615 615 615 599 612 614 616 612 612 614 602 610 613 615 617 616 616 614 606 610
-- 639 <112
-- worker thread times 2054 2039 2072 2066 2056 2068 2054 2069 2071 2052 2073 2072 2074 2069 2068 2070 2070 2068 2072 2070 2072 2071 2054 2073 2067 2070 2069 2072 2068 2054 2055
-- 2102 <111
-- worker thread times 12004 11991 12004 12005 11984 12003 12001 12004 12003 12004 12003 11985 11991 12000 12004 12002 12003 12002 12005 12003 12003 11970 12005 12006 12001 12000 11985 12003 12007 12003 12000
-- 12030 <110
-- worker thread times 78151 78152 78154 78154 78115 78152 78154 78154 78148 78154 78145 78152 78156 78154 78152 78149 78146 78151 78149 78156 78156 78156 78136 78149 78150 78158 78135 78147 78154 78149 78153
-- 78185 <109
-- worker thread times 3677 3680 3673 3664 3670 3665 3663 3678 3668 3679 3678 3668 3669 3655 3678 3668 3671 3680 3679 3668 3674 3677 3670 3656 3676 3671 3671 3675 3664 3668 3673
-- 3692 <108
false 1999814 aborted

100007 52 75 93 116 139 157 174 213 215 240 262 278 301 321 336 358 639 2102 12030 78185 3692
FAIL0=52 FAIL1=75 FAIL10=262 FAIL11=278 FAIL12=301 FAIL13=321 FAIL14=336 FAIL15=358 FAIL16=639 FAIL17=2102 FAIL18=12030 FAIL19=78185 FAIL2=93 FAIL20=3692 FAIL3=116 FAIL4=139 FAIL5=157 FAIL6=174 FAIL7=213 FAIL8=215 FAIL9=240 
