-- 24 <128
-- worker thread times 18 15 16 16 16 17 16 3 3 17 18 18 18 18 18 18 17 17 18 17 17 2 18 15 19 19 18 11 19 19 18
-- 24 <127
-- worker thread times 18 17 19 18 18 18 18 19 18 19 17 17 18 17 1 1 0 2 1 13 18 16 13 17 16 16 17 17 16 17 17
-- 25 <126
-- worker thread times 16 6 9 17 19 19 19 18 11 17 19 18 19 18 18 6 18 19 19 1 1 1 11 6 19 18 7 20 8 11 20
-- 22 <125
-- worker thread times 1 1 2 1 1 15 14 14 16 16 15 15 15 14 16 15 16 16 16 16 16 2 16 15 13 17 17 15 17 17 13
-- 22 <124
-- worker thread times 14 16 17 16 16 15 17 17 15 16 16 13 16 0 16 15 14 15 14 16 12 15 15 14 14 15 17 15 15 16 14
-- 22 <123
-- worker thread times 18 19 15 16 15 16 15 12 15 17 17 15 16 17 16 17 16 18 17 17 19 16 16 15 17 16 17 17 17 19 15
-- 28 <122
-- worker thread times 8 20 10 21 24 23 24 21 6 22 7 5 22 6 9 19 20 20 23 20 23 21 23 20 21 23 21 21 23 24 21
-- 31 <121
-- worker thread times 8 0 7 21 16 22 2 0 22 23 6 0 25 17 13 18 11 23 25 24 23 9 23 25 13 23 26 23 23 9 24
-- 24 <120
-- worker thread times 3 18 18 18 4 19 19 20 15 16 17 16 11 2 18 17 18 17 17 17 19 17 13 18 19 4 18 18 4 16 1
-- worker thread times 32 34 17 32 32 30 33 26 31 32 16 30 30 32 32 31 30 33 31 16 31 30 31 31 32 33 21 16 6 17 17
-- 42 <119
-- worker thread times 49 33 32 40 27 45 45 45 33 33 47 47 45 47 46 47 29 46 42 45 40 47 46 41 41 48 46 20 45 46 32
-- 58 <118
-- worker thread times 62 58 60 41 43 59 58 48 59 31 42 58 59 58 46 57 43 57 55 57 42 57 57 60 59 56 59 58 58 59 43
-- 72 <117
-- worker thread times 66 72 72 68 68 70 68 69 69 67 67 69 69 69 54 67 70 67 67 68 68 66 68 68 70 67 67 54 68 68 70
-- 81 <116
-- worker thread times 87 87 85 84 82 67 84 68 75 77 83 66 84 82 84 82 69 85 85 76 84 83 82 84 83 86 83 81 84 70 82
-- 98 <115
-- worker thread times 85 75 73 103 90 94 106 88 91 105 86 92 64 92 73 77 87 104 79 105 85 91 96 104 104 104 104 103 93 86 84
-- 118 <114
-- worker thread times 120 115 112 120 93 116 106 102 118 114 115 116 109 101 114 112 114 86 101 116 115 115 102 115 94 99 114 115 93 101 114
-- 131 <113
-- worker thread times 133 140 131 140 137 135 134 133 121 133 108 135 120 132 133 133 120 132 133 120 132 121 135 131 131 132 121 132 132 132 143
-- 152 <112
-- worker thread times 141 159 145 149 140 133 149 153 155 151 134 151 132 132 147 135 148 131 149 136 147 141 132 148 131 150 148 133 143 148 148
-- 169 <111
-- worker thread times 177 167 173 163 152 166 158 166 142 167 164 166 164 164 147 151 157 139 165 147 133 165 163 147 154 165 166 156 166 168 156
-- 186 <110
-- worker thread times 190 186 182 170 186 189 164 184 171 180 165 179 144 180 180 159 172 180 179 177 163 164 178 164 160 164 181 179 182 155 160
-- 200 <109
-- worker thread times 212 211 189 191 198 185 193 202 206 196 199 199 188 197 195 196 199 197 199 196 198 199 198 197 198 176 199 195 197 201 194
-- 223 <108
-- worker thread times 229 218 227 223 223 222 209 217 214 211 217 215 204 213 216 215 215 217 215 203 215 216 214 215 215 216 215 208 216 218 226
-- 240 <107
-- worker thread times 258 255 256 250 249 249 242 243 242 242 240 240 243 244 243 239 241 242 241 240 235 241 242 241 229 244 242 243 250 250 258
-- 270 <106
-- worker thread times 301 297 283 297 294 293 277 289 283 274 273 284 281 286 284 276 285 281 270 279 283 281 284 283 254 280 282 271 267 283 285
-- 311 <105
-- worker thread times 375 362 358 371 368 346 360 356 356 356 343 344 354 351 341 343 331 344 354 355 353 354 343 355 345 354 363 349 366 356 369
-- 387 <104
-- worker thread times 463 475 472 470 449 468 442 457 460 454 456 460 450 447 455 439 457 428 449 438 455 450 445 435 443 453 431 441 441 451 449
-- 486 <103
-- worker thread times 685 683 665 677 656 678 677 666 660 656 662 658 662 663 660 655 655 642 650 641 657 647 659 653 653 653 646 651 655 640 656
-- 696 <102
-- worker thread times 1063 1060 1058 1053 1033 1041 1045 1033 1045 1046 1025 1032 1027 1031 1039 1038 1029 1031 1031 1033 1037 1031 1027 1029 1040 1011 1034 1036 1049 1063 1040
-- 1074 <101
-- worker thread times 1780 1777 1774 1748 1753 1722 1742 1718 1736 1760 1751 1720 1746 1743 1736 1730 1727 1731 1722 1726 1753 1743 1731 1723 1728 1729 1735 1720 1723 1748 1723
-- 1790 <100
-- worker thread times 3213 3209 3198 3190 3180 3163 3189 3174 3186 3175 3192 3186 3181 3192 3187 3183 3166 3187 3183 3174 3191 3185 3180 3163 3190 3187 3181 3186 3186 3188 3154
-- 3224 <99
-- worker thread times 6112 6077 6084 6095 6079 6073 6093 6092 6075 6085 6085 6064 6092 6074 6086 6083 6088 6088 6065 6066 6094 6095 6052 6067 6084 6083 6080 6065 6096 6069 6093
-- 6123 <98
-- worker thread times 12346 12332 12308 12306 12323 12313 12298 12304 12324 12319 12324 12323 12310 12317 12327 12317 12291 12305 12324 12296 12321 12320 12322 12317 12305 12303 12327 12322 12295 12323 12327
-- 12357 <97
-- worker thread times 26910 26883 26885 26886 26877 26894 26867 26878 26887 26888 26884 26893 26882 26870 26883 26889 26881 26888 26881 26875 26888 26873 26879 26868 26877 26886 26885 26879 26876 26896 26866
-- 26921 <96
-- worker thread times 44321 44267 44303 44307 44303 44299 44302 44309 44310 44305 44275 44306 44286 44300 44302 44289 44286 44310 44294 44311 44271 44305 44298 44278 44304 44311 44289 44309 44306 44310 44277
-- 44332 <95
false 2823648 aborted

100014 24 24 25 22 22 22 28 31 24 42 58 72 81 98 118 131 152 169 186 200 223 240 270 311 387 486 696 1074 1790 3224 6123 12357 26921 44332
FAIL0=24 FAIL1=24 FAIL10=58 FAIL11=72 FAIL12=81 FAIL13=98 FAIL14=118 FAIL15=131 FAIL16=152 FAIL17=169 FAIL18=186 FAIL19=200 FAIL2=25 FAIL20=223 FAIL21=240 FAIL22=270 FAIL23=311 FAIL24=387 FAIL25=486 FAIL26=696 FAIL27=1074 FAIL28=1790 FAIL29=3224 FAIL3=22 FAIL30=6123 FAIL31=12357 FAIL32=26921 FAIL33=44332 FAIL4=22 FAIL5=22 FAIL6=28 FAIL7=31 FAIL8=24 FAIL9=42 
