-- 21 <128
-- worker thread times 14 14 11 2 1 14 14 11 14 14 14 14 13 14 14 5 1 5 15 14 14 12 14 13 13 15 14 14 6 16 15
-- 21 <127
-- worker thread times 11 14 10 15 15 15 15 14 14 12 11 15 15 12 1 10 1 11 11 15 15 16 16 15 16 15 4 15 2 2 17
-- 18 <126
-- worker thread times 13 13 14 12 12 12 12 12 10 11 2 11 12 12 13 13 12 13 13 12 2 13 13 13 14 14 14 14 14 13 14
-- worker thread times 11 28 24 23 20 17 29 13 31 25 29 21 30 20 19 19 23 17 29 19 18 25 18 31 17 17 24 24 31 24 33
-- 42 <125
-- worker thread times 47 46 34 45 45 47 48 40 39 46 49 44 18 36 32 48 34 33 33 19 47 40 36 46 45 46 49 35 47 37 48
-- 57 <124
-- worker thread times 67 82 73 75 75 65 49 74 74 58 62 60 77 63 74 69 72 78 73 66 63 68 73 56 75 73 63 65 63 70 70
-- 88 <123
-- worker thread times 99 100 101 89 87 104 92 101 99 95 101 99 92 99 95 103 95 97 103 99 102 96 97 88 101 100 102 100 92 99 86
-- 114 <122
-- worker thread times 147 151 136 136 147 147 151 147 148 152 148 146 145 133 133 132 142 147 136 132 148 135 148 148 147 135 151 149 140 133 150
-- 163 <121
-- worker thread times 247 244 228 225 219 245 228 226 240 218 241 241 226 238 228 242 227 247 228 224 229 238 243 227 211 228 226 241 217 243 215
-- 259 <120
-- worker thread times 331 325 326 330 330 324 327 317 329 329 333 332 331 330 318 330 326 328 327 330 314 330 321 327 324 333 329 326 325 325 331
-- 346 <119
-- worker thread times 523 536 530 519 535 531 531 531 520 528 533 532 521 531 519 518 529 534 523 529 519 531 523 532 513 526 514 516 531 520 534
-- 549 <118
-- worker thread times 828 825 822 822 825 820 822 823 820 824 825 801 805 823 803 822 808 814 823 806 802 818 794 823 825 794 812 813 822 812 825
-- 842 <117
-- worker thread times 1274 1271 1274 1285 1282 1287 1285 1272 1280 1269 1269 1270 1269 1271 1269 1272 1269 1272 1287 1265 1289 1288 1271 1266 1276 1289 1276 1269 1276 1272 1272
-- 1307 <116
-- worker thread times 1960 1958 1958 1955 1952 1944 1952 1950 1955 1947 1950 1956 1951 1955 1953 1958 1954 1951 1952 1954 1947 1956 1957 1952 1950 1957 1962 1960 1961 1956 1939
-- 1977 <115
-- worker thread times 3088 3074 3090 3087 3089 3087 3080 3085 3084 3082 3092 3087 3085 3075 3084 3090 3088 3087 3085 3091 3079 3085 3071 3083 3074 3074 3084 3087 3086 3079 3088
-- 3108 <114
-- worker thread times 4697 4701 4698 4694 4696 4698 4703 4694 4685 4701 4697 4689 4695 4689 4701 4695 4695 4705 4683 4689 4700 4697 4683 4683 4696 4696 4703 4694 4700 4698 4699
-- 4723 <113
-- worker thread times 7117 7139 7126 7136 7131 7130 7136 7134 7132 7135 7142 7128 7135 7120 7134 7132 7120 7134 7136 7137 7132 7130 7114 7137 7119 7125 7137 7135 7129 7132 7142
-- 7161 <112
-- worker thread times 10771 10774 10783 10783 10779 10775 10768 10779 10782 10781 10768 10779 10778 10785 10776 10777 10779 10780 10781 10783 10781 10782 10780 10782 10784 10784 10781 10784 10783 10780 10781
-- 10805 <111
-- worker thread times 16380 16387 16359 16377 16388 16354 16381 16383 16384 16383 16390 16390 16355 16385 16392 16388 16384 16351 16382 16383 16368 16384 16359 16385 16389 16386 16388 16389 16380 16388 16389
-- 16411 <110
-- worker thread times 24892 24884 24899 24886 24878 24900 24880 24891 24893 24882 24886 24882 24882 24890 24885 24888 24895 24877 24899 24884 24895 24892 24893 24886 24902 24897 24887 24899 24891 24891 24893
-- 24920 <109
-- worker thread times 27028 27031 27032 27030 27029 27030 27032 27032 27033 27032 27033 27033 27033 27033 27030 27031 27031 27034 27031 27030 27033 27031 27027 27033 27028 27033 27033 27030 27032 27032 27027
-- 27046 <108
false 2109227 aborted

100007 21 21 18 42 57 88 114 163 259 346 549 842 1307 1977 3108 4723 7161 10805 16411 24920 27046
FAIL0=21 FAIL1=21 FAIL10=549 FAIL11=842 FAIL12=1307 FAIL13=1977 FAIL14=3108 FAIL15=4723 FAIL16=7161 FAIL17=10805 FAIL18=16411 FAIL19=24920 FAIL2=18 FAIL20=27046 FAIL3=42 FAIL4=57 FAIL5=88 FAIL6=114 FAIL7=163 FAIL8=259 FAIL9=346 
