-- 12 <128
-- worker thread times 8 7 7 8 8 7 7 7 8 7 7 7 7 6 6 6 0 0 0 0 1 0 1 7 6 7 7 7 8 8 8
-- 12 <127
-- worker thread times 7 7 7 7 7 7 7 7 5 8 8 8 8 0 0 8 0 0 6 6 6 7 7 0 8 7 7 0 6 8 7
-- 12 <126
-- worker thread times 8 7 7 7 7 8 3 8 7 8 8 8 8 8 8 8 7 0 0 0 0 8 7 0 0 8 7 0 7 7 8
-- worker thread times 15 7 15 15 7 8 9 7 7 15 15 15 15 15 7 7 7 15 6 7 7 9 15 15 16 16 12 15 15 13 15
-- 23 <125
-- worker thread times 25 10 25 25 25 18 24 24 24 25 24 25 24 25 24 24 18 24 25 10 10 10 10 10 10 9 10 10 10 8 24
-- 32 <124
-- worker thread times 24 28 28 28 28 24 27 8 28 24 28 26 28 24 16 24 23 26 23 21 21 24 28 28 24 27 28 28 23 10 25
-- 39 <123
-- worker thread times 31 33 32 24 31 32 32 32 26 31 26 31 32 32 32 31 31 33 32 32 32 31 32 32 31 31 32 31 32 31 32
-- 42 <122
-- worker thread times 45 35 33 33 33 44 45 37 30 27 36 30 44 33 33 33 45 33 44 44 33 37 23 33 40 27 37 33 37 33 45
-- 55 <121
-- worker thread times 43 40 48 48 40 49 46 45 49 48 18 48 49 49 48 33 47 40 41 49 46 48 48 40 49 37 48 41 48 49 35
-- 59 <120
-- worker thread times 52 33 51 52 51 52 41 52 52 52 45 51 52 26 45 45 52 51 52 52 52 52 51 51 52 51 51 51 51 51 33
-- 63 <119
-- worker thread times 56 55 55 57 55 47 54 54 55 55 56 56 51 56 55 55 56 55 56 56 48 55 48 57 55 56 57 55 55 55 56
-- 68 <118
-- worker thread times 62 56 62 62 62 62 63 57 58 62 63 63 62 62 65 63 64 63 64 63 64 50 61 61 63 55 65 64 64 63 57
-- 76 <117
-- worker thread times 62 65 65 62 69 71 61 65 50 70 68 71 65 70 72 61 71 64 64 71 68 65 71 62 64 64 65 70 68 62 64
-- 85 <116
-- worker thread times 6722 6729 6720 6724 6721 6729 6697 6688 6672 6720 6721 6713 6724 6727 6717 6722 6723 6707 6720 6673 6694 6676 6723 6731 6723 6720 6723 6726 6720 6731 6733
-- 6744 <115
-- worker thread times 34683 34686 34676 34686 34685 34629 34683 34658 34679 34684 34679 34655 34682 34680 34624 34677 34681 34677 34683 34678 34635 34679 34636 34683 34685 34685 34659 34652 34684 34685 34690
-- 34700 <114
-- worker thread times 57958 57959 57948 57948 57946 57949 57948 57947 57950 57948 57958 57948 57959 57958 57952 57952 57949 57949 57958 57947 57947 57952 57950 57958 57958 57944 57958 57958 57952 57952 57953
-- 57967 <113
false 2407306 aborted

100004 12 12 12 23 32 39 42 55 59 63 68 76 85 6744 34700 57967
FAIL0=12 FAIL1=12 FAIL10=68 FAIL11=76 FAIL12=85 FAIL13=6744 FAIL14=34700 FAIL15=57967 FAIL2=12 FAIL3=23 FAIL4=32 FAIL5=39 FAIL6=42 FAIL7=55 FAIL8=59 FAIL9=63 
