-- 7 <128
-- worker thread times 0 0 0 0 0 4 0 0 0 4 0 0 0 0 4 4 4 4 4 4 0 0 4 0 0 0 4 4 0 0 0
-- 5 <127
-- worker thread times 2 2 2 2 2 2 2 2 2 2 0 0 2 2 0 0 0 2 0 2 2 2 2 2 0 0 2 2 0 2 2
-- 5 <126
-- worker thread times 2 1 1 1 1 1 1 0 2 2 2 2 2 2 2 2 2 2 0 1 1 1 2 0 0 2 0 2 2 1 2
-- worker thread times 3 4 4 4 2 2 3 4 3 4 1 3 4 3 1 3 3 2 4 3 2 4 4 3 3 2 3 1 4 4 2
-- 8 <125
-- worker thread times 0 2 4 0 3 2 5 4 3 5 5 4 5 5 3 4 5 5 5 3 5 3 5 3 3 4 5 4 3 1 4
-- 11 <124
-- worker thread times 5 6 3 4 3 6 4 2 5 5 1 2 5 7 6 6 6 6 3 5 6 5 3 4 5 5 5 5 3 5 5
-- 12 <123
-- worker thread times 7 7 5 1 5 2 4 5 5 5 7 5 5 5 5 6 5 5 5 7 7 7 4 5 5 7 7 2 7 5 5
-- 15 <122
-- worker thread times 8 7 6 10 9 9 8 9 2 10 5 10 2 2 9 7 7 7 8 10 10 10 9 11 5 8 8 9 9 3 0
-- 17 <121
-- worker thread times 10 17 4 9 7 7 12 9 5 12 4 16 7 8 11 9 7 9 0 13 16 13 12 17 9 12 16 11 6 15 9
-- 22 <120
-- worker thread times 8 8 10 10 9 2 10 10 10 10 7 11 10 12 9 9 7 9 10 7 9 10 8 10 11 10 3 7 3 10 3
-- 21 <119
-- worker thread times 11 6 11 11 9 9 10 11 12 14 8 11 8 11 10 11 10 9 8 9 9 4 10 11 9 12 11 11 12 11 11
-- 22 <118
-- worker thread times 8 12 9 12 7 10 9 12 12 12 10 12 12 12 10 9 3 12 12 12 12 10 3 11 12 12 12 12 10 12 4
-- 23 <117
-- worker thread times 11 11 13 13 7 10 13 11 9 13 13 14 13 9 2 11 11 11 4 13 13 13 14 13 9 13 11 11 9 8 11
-- 25 <116
-- worker thread times 13 11 12 12 13 13 11 12 13 14 14 11 14 12 6 12 12 13 12 14 11 11 12 13 13 11 11 12 12 7 12
-- 26 <115
-- worker thread times 10 12 12 14 11 12 15 13 14 12 14 14 15 14 11 11 15 12 15 15 15 15 15 14 15 13 13 14 14 14 6
-- 27 <114
-- worker thread times 16 15 9 15 16 16 15 14 14 14 13 15 18 16 5 15 15 13 15 15 15 15 15 14 15 14 16 16 14 16 14
-- 29 <113
-- worker thread times 18 17 15 9 19 17 17 18 18 18 16 17 15 18 17 18 18 17 8 18 16 18 17 16 18 18 17 18 17 6 17
-- 31 <112
-- worker thread times 18 21 15 18 17 17 15 15 17 16 14 17 17 17 17 17 15 16 17 15 17 17 17 16 15 17 17 16 17 13 17
-- 32 <111
-- worker thread times 17 19 21 17 20 17 16 18 23 17 17 15 20 19 20 19 20 20 17 18 19 18 16 16 19 9 14 10 20 18 17
-- 35 <110
-- worker thread times 565 566 567 568 568 568 566 565 569 568 566 568 568 566 566 564 565 566 566 566 566 565 566 566 566 569 566 565 566 566 565
-- 580 <109
-- worker thread times 626 625 627 624 627 625 628 625 625 627 626 626 626 627 625 624 626 626 628 626 628 625 624 624 625 623 623 624 625 627 623
-- 641 <108
-- worker thread times 1007 1010 1010 1006 1008 1007 1007 1011 1009 1010 1009 1005 1007 1010 1009 1010 1009 1012 1012 1014 1011 1005 1014 1009 1013 1010 1008 1007 1011 1010 1008
-- 1026 <107
-- worker thread times 1504 1502 1501 1500 1499 1501 1502 1504 1497 1498 1501 1503 1502 1500 1501 1501 1500 1497 1496 1494 1504 1499 1499 1499 1499 1503 1493 1504 1501 1501 1499
-- 1517 <106
-- worker thread times 1906 1896 1897 1904 1901 1897 1897 1903 1903 1900 1894 1896 1901 1900 1903 1901 1895 1896 1899 1899 1903 1902 1901 1901 1906 1899 1901 1897 1901 1902 1900
-- 1917 <105
-- worker thread times 2333 2334 2334 2331 2334 2334 2334 2334 2336 2331 2337 2334 2331 2331 2329 2332 2335 2333 2331 2335 2333 2337 2333 2337 2329 2332 2330 2333 2333 2329 2331
-- 2349 <104
-- worker thread times 5136 5137 5132 5134 5131 5138 5131 5133 5140 5136 5131 5138 5133 5137 5136 5132 5139 5139 5134 5139 5138 5138 5132 5138 5137 5134 5135 5138 5136 5138 5139
-- 5152 <103
-- worker thread times 8192 8191 8191 8193 8193 8190 8186 8188 8190 8187 8189 8189 8190 8191 8191 8191 8196 8195 8193 8193 8192 8191 8191 8195 8191 8189 8190 8195 8194 8194 8193
-- 8210 <102
-- worker thread times 13799 13804 13800 13800 13801 13804 13803 13801 13797 13802 13804 13799 13802 13801 13802 13799 13800 13801 13801 13804 13802 13801 13800 13801 13804 13801 13798 13801 13801 13802 13799
-- 13818 <101
-- worker thread times 26244 26243 26242 26242 26240 26239 26245 26245 26243 26240 26243 26243 26242 26244 26243 26239 26242 26243 26240 26244 26240 26245 26239 26245 26243 26239 26245 26239 26239 26242 26239
-- 26260 <100
-- worker thread times 38131 38128 38129 38130 38130 38130 38132 38132 38130 38131 38130 38133 38133 38130 38131 38130 38132 38128 38131 38131 38131 38130 38131 38129 38131 38134 38131 38130 38132 38130 38131
-- 38144 <99
false 2892410 aborted

100004 7 5 5 8 11 12 15 17 22 21 22 23 25 26 27 29 31 32 35 580 641 1026 1517 1917 2349 5152 8210 13818 26260 38144
FAIL0=7 FAIL1=5 FAIL10=22 FAIL11=23 FAIL12=25 FAIL13=26 FAIL14=27 FAIL15=29 FAIL16=31 FAIL17=32 FAIL18=35 FAIL19=580 FAIL2=5 FAIL20=641 FAIL21=1026 FAIL22=1517 FAIL23=1917 FAIL24=2349 FAIL25=5152 FAIL26=8210 FAIL27=13818 FAIL28=26260 FAIL29=38144 FAIL3=8 FAIL4=11 FAIL5=12 FAIL6=15 FAIL7=17 FAIL8=22 FAIL9=21 
