-- worker thread times 149 149 149 149 148 148 149 157 156 155 155 155 147 149 156 155 156 155 156 157 156 147 148 156 155 155 155 156 149 149 149
-- 170 <128
-- worker thread times 222 233 209 219 226 213 221 220 210 221 219 216 216 219 224 213 224 222 226 211 225 206 213 217 222 220 225 216 219 213 218
-- 244 <127
-- worker thread times 331 337 315 332 322 333 326 335 334 313 314 336 332 317 322 321 325 313 319 315 322 325 334 333 324 332 327 314 331 336 340
-- 353 <126
-- worker thread times 453 472 465 461 455 461 446 463 458 432 462 450 451 457 454 467 470 458 454 452 462 452 464 456 436 472 442 458 462 441 473
-- 494 <125
-- worker thread times 691 683 679 672 678 691 683 691 692 688 681 672 682 688 692 685 674 683 685 690 682 688 685 688 687 681 684 683 673 680 690
-- 710 <124
-- worker thread times 1179 1171 1154 1165 1167 1150 1162 1153 1153 1164 1165 1166 1154 1164 1161 1160 1166 1157 1172 1163 1167 1162 1167 1170 1166 1166 1156 1161 1159 1166 1160
-- 1194 <123
-- worker thread times 2110 2114 2096 2103 2110 2096 2096 2106 2098 2105 2099 2106 2102 2107 2090 2102 2101 2092 2104 2098 2113 2101 2083 2106 2108 2089 2107 2098 2105 2102 2106
-- 2136 <122
-- worker thread times 4080 4068 4060 4058 4053 4050 4057 4060 4059 4064 4056 4052 4059 4065 4055 4054 4058 4058 4052 4061 4064 4065 4053 4061 4058 4064 4042 4053 4056 4067 4067
-- 4090 <121
-- worker thread times 8182 8167 8164 8165 8167 8175 8180 8167 8166 8171 8161 8177 8158 8161 8165 8181 8157 8159 8174 8184 8179 8161 8166 8181 8162 8179 8174 8174 8181 8177 8184
-- 8209 <120
-- worker thread times 16815 16811 16782 16798 16779 16799 16805 16786 16801 16771 16792 16792 16790 16775 16783 16779 16784 16786 16764 16775 16800 16802 16786 16804 16802 16780 16790 16800 16779 16778 16803
-- 16831 <119
-- worker thread times 34841 34822 34825 34827 34831 34821 34823 34829 34828 34826 34813 34829 34829 34814 34825 34807 34808 34823 34813 34824 34831 34814 34831 34821 34824 34810 34830 34831 34813 34831 34835
-- 34863 <118
-- worker thread times 30642 30640 30642 30643 30635 30631 30646 30648 30643 30645 30643 30636 30649 30643 30642 30636 30640 30643 30630 30639 30647 30640 30648 30646 30637 30640 30638 30638 30642 30639 30632
-- 30671 <117
false 829451 aborted

100015 170 244 353 494 710 1194 2136 4090 8209 16831 34863 30671
FAIL0=170 FAIL1=244 FAIL10=34863 FAIL11=30671 FAIL2=353 FAIL3=494 FAIL4=710 FAIL5=1194 FAIL6=2136 FAIL7=4090 FAIL8=8209 FAIL9=16831 
