-- worker thread times 1 1 3 3 0 3 3 3 3 3 3 3 4 3 3 3 4 4 3 3 4 1 4 4 2 3 1 3 3 4 4
-- 9 <128
-- worker thread times 1 3 3 8 5 6 6 2 3 3 6 1 6 3 6 8 3 3 8 3 3 5 6 3 3 3 3 1 3 3 1
-- 14 <127
-- worker thread times 5 5 5 1 5 3 5 5 5 5 4 5 5 5 5 4 3 3 5 5 5 5 5 5 5 5 6 5 5 2 5
-- 12 <126
-- worker thread times 6 4 6 6 6 8 6 7 6 3 4 7 4 7 7 4 5 7 6 0 6 4 6 7 3 3 3 4 8 5 7
-- 15 <125
-- worker thread times 6 10 8 10 8 6 10 7 6 9 12 13 10 7 12 6 7 0 9 11 10 6 0 11 4 9 12 13 14 10 6
-- 19 <124
-- worker thread times 8 6 9 8 8 8 9 8 8 8 8 8 2 7 8 8 8 8 6 8 9 7 7 8 8 8 8 7 9 8 8
-- 17 <123
-- worker thread times 10 7 10 10 7 10 10 10 10 10 7 10 7 10 7 7 10 10 10 11 6 10 7 11 10 10 10 5 0 10 14
-- 20 <122
-- worker thread times 14 13 3 15 11 9 0 11 6 11 11 11 12 11 4 11 4 11 14 14 10 10 10 9 11 4 9 11 10 15 15
-- 25 <121
-- worker thread times 10 12 11 11 9 11 11 9 2 10 11 11 4 11 11 12 4 11 11 11 11 9 11 11 10 11 12 12 9 12 11
-- 23 <120
-- worker thread times 13 12 4 10 12 12 12 13 12 12 12 12 11 9 13 10 4 12 12 12 17 12 12 12 12 15 12 11 12 13 12
-- 25 <119
-- worker thread times 3 11 13 9 13 8 13 12 13 13 13 12 11 13 11 13 11 13 11 13 13 13 13 11 11 13 13 14 13 13 12
-- 25 <118
-- worker thread times 13 25 25 17 20 17 19 17 19 28 29 15 29 24 17 21 19 21 18 21 27 28 19 28 26 28 19 17 21 27 19
-- 38 <117
-- worker thread times 33 34 31 28 37 23 26 31 29 20 32 32 28 23 34 29 29 33 33 31 32 32 32 31 16 16 16 18 30 32 27
-- 46 <116
-- worker thread times 65 74 71 68 69 66 71 70 77 74 61 70 67 64 73 72 64 71 71 61 68 68 66 65 73 67 69 65 68 72 71
-- 85 <115
-- worker thread times 234 240 234 239 229 242 223 237 227 240 227 228 240 244 233 228 241 234 236 243 242 241 243 234 233 236 239 227 239 229 234
-- 255 <114
-- worker thread times 629 626 625 634 624 626 621 621 627 621 626 631 631 628 623 626 628 626 621 623 631 623 628 618 622 627 629 625 634 622 631
-- 648 <113
-- worker thread times 1745 1744 1749 1743 1747 1751 1749 1742 1748 1745 1744 1744 1742 1744 1750 1744 1746 1746 1748 1748 1738 1746 1741 1741 1742 1753 1750 1746 1756 1757 1747
-- 1764 <112
-- worker thread times 4987 4988 4986 4988 4977 4984 4986 4976 4976 4986 4991 4981 4981 4982 4990 4990 4982 4989 4984 4970 4983 4980 4981 4981 4993 4983 4987 4989 4993 4988 4990
-- 5005 <111
-- worker thread times 15177 15185 15173 15178 15173 15189 15181 15182 15169 15178 15182 15177 15182 15179 15189 15182 15186 15169 15174 15169 15179 15178 15174 15180 15178 15185 15179 15180 15172 15183 15177
-- 15203 <110
-- worker thread times 47453 47445 47443 47442 47434 47438 47452 47443 47453 47441 47447 47440 47444 47432 47448 47445 47443 47444 47443 47441 47444 47452 47447 47443 47438 47442 47450 47451 47445 47442 47439
-- 47464 <109
-- worker thread times 29273 29274 29271 29274 29273 29274 29273 29273 29270 29270 29273 29271 29274 29269 29270 29271 29271 29274 29274 29271 29273 29272 29269 29273 29271 29273 29274 29273 29270 29273 29274
-- 29280 <108
false 3989845 aborted

100003 9 14 12 15 19 17 20 25 23 25 25 38 46 85 255 648 1764 5005 15203 47464 29280
FAIL0=9 FAIL1=14 FAIL10=25 FAIL11=38 FAIL12=46 FAIL13=85 FAIL14=255 FAIL15=648 FAIL16=1764 FAIL17=5005 FAIL18=15203 FAIL19=47464 FAIL2=12 FAIL20=29280 FAIL3=15 FAIL4=19 FAIL5=17 FAIL6=20 FAIL7=25 FAIL8=23 FAIL9=25 
