-- worker thread times 8 7 7 4 8 4 8 3 0 7 4 8 8 7 7 7 9 7 9 9 7 5 4 6 7 3 6 8 7 3 5
-- 15 <128
-- worker thread times 17 17 19 20 18 15 19 16 19 19 19 16 15 20 16 19 17 15 14 18 19 19 17 19 21 15 17 14 19 14 18
-- 28 <127
-- worker thread times 38 35 38 36 36 33 37 20 38 35 33 37 36 30 38 35 37 36 22 38 36 37 30 35 34 33 33 28 36 30 35
-- 44 <126
-- worker thread times 57 46 63 60 54 60 60 60 62 62 57 57 61 56 57 58 66 62 56 60 61 61 61 61 56 61 55 58 56 58 54
-- 76 <125
-- worker thread times 91 99 107 98 96 99 98 98 91 103 98 104 94 104 103 101 98 100 96 101 107 107 96 104 93 97 100 99 95 95 103
-- 116 <124
-- worker thread times 179 175 168 173 170 173 170 167 166 175 172 170 173 170 171 166 170 167 170 172 175 166 175 172 170 166 167 171 175 174 176
-- 186 <123
-- worker thread times 359 372 373 371 365 373 369 372 369 366 363 369 366 368 366 365 366 362 366 363 375 366 372 369 366 367 366 366 372 364 364
-- 386 <122
-- worker thread times 1356 1358 1345 1358 1353 1355 1355 1351 1345 1343 1344 1353 1359 1345 1346 1345 1344 1351 1347 1350 1350 1361 1354 1351 1347 1341 1349 1348 1346 1353 1363
-- 1370 <121
-- worker thread times 6268 6262 6264 6256 6260 6265 6269 6260 6259 6260 6268 6263 6265 6264 6261 6261 6260 6263 6262 6262 6268 6256 6261 6263 6273 6263 6264 6252 6259 6261 6257
-- 6282 <120
-- worker thread times 21549 21538 21541 21540 21541 21544 21541 21536 21537 21540 21530 21538 21540 21542 21541 21539 21533 21536 21540 21541 21533 21542 21538 21534 21539 21544 21535 21541 21539 21537 21532
-- 21560 <119
-- worker thread times 65154 65146 65146 65146 65153 65143 65148 65144 65140 65148 65139 65149 65141 65142 65145 65150 65149 65148 65145 65139 65151 65150 65146 65146 65139 65145 65146 65147 65145 65145 65154
-- 65166 <118
-- worker thread times 4754 4754 4755 4754 4753 4754 4751 4755 4754 4757 4757 4754 4758 4754 4753 4755 4758 4752 4751 4758 4754 4757 4754 4754 4754 4754 4754 4748 4754 4759 4758
-- 4766 <117
false 3543082 aborted

100003 15 28 44 76 116 186 386 1370 6282 21560 65166 4766
FAIL0=15 FAIL1=28 FAIL10=65166 FAIL11=4766 FAIL2=44 FAIL3=76 FAIL4=116 FAIL5=186 FAIL6=386 FAIL7=1370 FAIL8=6282 FAIL9=21560 
