-- worker thread times 7 8 7 4 0 7 4 0 7 7 7 4 7 4 7 7 7 8 8 4 8 7 8 8 4 4 7 7 7 7 7
-- 13 <128
-- worker thread times 14 13 13 12 13 9 13 13 12 12 13 8 12 14 0 11 12 10 8 13 12 13 9 4 13 12 12 13 12 12 13
-- 19 <127
-- worker thread times 22 26 21 9 23 26 20 21 26 26 22 22 26 21 21 27 26 26 17 26 26 13 26 26 26 25 26 21 18 16 25
-- 33 <126
-- worker thread times 41 40 41 37 37 33 41 40 38 37 39 41 22 36 21 35 42 42 40 42 37 41 41 37 41 41 38 41 41 38 34
-- 50 <125
-- worker thread times 63 61 58 63 60 60 57 63 57 57 63 64 63 62 63 64 63 65 65 59 57 56 59 53 59 47 54 58 57 59 61
-- 72 <124
-- worker thread times 119 119 117 110 119 117 117 118 118 119 119 117 117 115 117 109 118 118 119 115 117 114 116 118 118 119 118 114 117 118 114
-- 127 <123
-- worker thread times 218 218 214 216 218 216 217 218 215 214 218 217 218 213 218 219 220 218 218 213 215 215 218 218 213 218 218 218 218 216 217
-- 228 <122
-- worker thread times 406 403 402 407 405 406 403 403 407 406 405 404 402 401 402 400 405 403 407 407 406 407 409 399 401 399 398 405 403 399 407
-- 417 <121
-- worker thread times 643 648 648 645 648 648 644 648 648 648 643 646 643 649 647 651 644 649 645 643 644 643 643 650 650 649 649 641 645 640 649
-- 661 <120
-- worker thread times 1070 1065 1065 1069 1069 1068 1061 1065 1069 1065 1060 1065 1063 1065 1068 1067 1068 1064 1069 1064 1065 1066 1066 1068 1069 1066 1065 1062 1063 1063 1064
-- 1079 <119
-- worker thread times 1939 1938 1938 1937 1937 1938 1936 1937 1936 1936 1939 1937 1936 1935 1937 1933 1939 1935 1940 1937 1938 1938 1939 1939 1937 1938 1938 1936 1937 1935 1940
-- 1951 <118
-- worker thread times 3746 3745 3747 3748 3745 3745 3744 3745 3744 3744 3745 3744 3745 3745 3743 3745 3744 3748 3744 3746 3746 3746 3745 3743 3741 3745 3743 3747 3743 3745 3741
-- 3758 <117
-- worker thread times 7500 7499 7496 7496 7497 7497 7497 7497 7495 7496 7495 7496 7491 7496 7499 7496 7496 7501 7497 7497 7494 7499 7498 7496 7497 7497 7496 7496 7500 7496 7495
-- 7513 <116
-- worker thread times 13381 13376 13375 13377 13375 13382 13375 13380 13380 13376 13377 13377 13377 13377 13380 13377 13377 13380 13379 13382 13375 13378 13374 13379 13380 13375 13376 13378 13377 13380 13380
-- 13393 <115
-- worker thread times 23576 23567 23564 23573 23565 23574 23573 23568 23566 23570 23567 23571 23567 23569 23578 23569 23572 23570 23572 23570 23567 23571 23576 23573 23568 23574 23564 23577 23568 23570 23572
-- 23589 <114
-- worker thread times 42302 42305 42300 42304 42301 42301 42302 42299 42298 42303 42303 42304 42298 42304 42304 42300 42301 42305 42303 42304 42301 42301 42304 42307 42303 42299 42303 42304 42301 42302 42303
-- 42321 <113
-- worker thread times 4756 4761 4762 4761 4760 4762 4761 4762 4762 4763 4761 4762 4761 4762 4763 4762 4761 4761 4762 4761 4761 4762 4761 4762 4762 4760 4758 4761 4762 4763 4761
-- 4769 <112
false 3247501 aborted

100003 13 19 33 50 72 127 228 417 661 1079 1951 3758 7513 13393 23589 42321 4769
FAIL0=13 FAIL1=19 FAIL10=1951 FAIL11=3758 FAIL12=7513 FAIL13=13393 FAIL14=23589 FAIL15=42321 FAIL16=4769 FAIL2=33 FAIL3=50 FAIL4=72 FAIL5=127 FAIL6=228 FAIL7=417 FAIL8=661 FAIL9=1079 
