-- worker thread times 0 0 0 0 0 0 0 0 0 0 0 0 0 0 0 0 0 0 0 0 0 0 0 0 0 0 0 0 0 0 0
-- 3 <20
-- worker thread times 0 0 0 0 0 0 0 0 0 0 0 0 0 0 0 0 0 0 0 0 0 0 0 0 0 0 0 0 0 0 0
-- 2 <19
-- worker thread times 0 0 0 0 0 0 0 0 0 1 0 0 0 0 0 0 0 0 0 0 0 0 0 0 0 1 0 0 0 0 1
-- 3 <18
-- worker thread times 0 0 1 2 1 2 2 0 0 0 0 0 2 1 0 1 0 2 0 1 1 2 2 0 1 0 0 2 2 0 3
-- 5 <17
-- worker thread times 6 5 2 4 3 4 4 3 3 4 3 5 4 4 2 2 1 4 3 3 2 2 3 2 3 5 4 5 2 2 3
-- 8 <16
-- worker thread times 13 11 10 9 12 11 11 9 9 11 10 14 10 9 9 12 10 9 10 9 9 12 7 8 11 11 11 12 13 9 11
-- 17 <15
-- worker thread times 29 26 28 28 29 27 29 24 26 27 26 26 25 26 28 26 28 29 25 26 27 27 29 28 27 27 26 27 29 27 22
-- 36 <14
-- worker thread times 57 57 57 57 60 55 58 56 54 57 60 57 56 50 54 57 57 58 55 56 53 56 56 56 57 57 58 56 55 54 55
-- 66 <13
-- worker thread times 160 157 155 156 158 154 162 160 160 150 160 156 157 160 155 160 153 156 157 152 156 150 154 162 155 156 154 161 158 154 162
-- 168 <12
-- worker thread times 2 1 1 2 2 1 0 1 2 0 1 1 1 0 1 1 1 2 1 1 1 1 2 1 1 2 2 1 1 1 1
true 43843
(0 -> 22) (1 -> 20) (2 -> 9) (3 -> 11) (4 -> 18) (5 -> 27) (6 -> 28) (7 -> 33) (8 -> 36) (9 -> 16) (10 -> -1) (11 -> -1) (12 -> -1) (13 -> -1) (14 -> -1) (15 -> -1) (16 -> -1) (17 -> -1) (18 -> -1) (19 -> 19) 
317 3 2 3 5 8 17 36 66 168 4
EXCEPT=9 FAIL0=3 FAIL1=2 FAIL2=3 FAIL3=5 FAIL4=8 FAIL5=17 FAIL6=36 FAIL7=66 FAIL8=168 SIZE=11 
