-- worker thread times 1 1 1 0 1 1 0 0 1 1 0 1 1 0 0 1 0 1 0 0 1 1 0 0 1 0 1 1 0 0 2
-- 6 <20
-- worker thread times 10 10 9 8 9 11 9 10 10 10 9 8 8 10 10 10 8 10 10 10 10 10 9 9 8 10 9 8 10 10 11
-- 16 <19
-- worker thread times 52 52 51 51 52 51 50 52 51 52 50 50 51 51 52 50 52 50 52 51 52 51 53 50 50 52 51 50 50 51 52
-- 58 <18
-- worker thread times 161 163 161 162 163 161 164 161 161 162 162 163 160 162 161 161 162 162 161 163 160 164 160 163 162 161 160 161 160 160 163
-- 168 <17
-- worker thread times 374 373 371 374 373 374 372 376 374 370 371 371 372 374 371 369 371 375 372 373 375 373 372 373 374 371 370 371 375 370 376
-- 381 <16
-- worker thread times 680 680 682 683 682 680 681 680 682 680 680 681 681 681 682 683 683 679 683 680 682 683 680 682 683 682 681 680 680 683 683
-- 690 <15
-- worker thread times 1072 1071 1069 1068 1069 1071 1070 1069 1068 1070 1070 1070 1071 1069 1069 1070 1068 1070 1068 1069 1069 1071 1070 1068 1070 1071 1070 1071 1072 1069 1069
-- 1080 <14
-- worker thread times 1586 1586 1586 1583 1586 1584 1587 1585 1586 1586 1586 1584 1585 1582 1583 1586 1586 1583 1585 1586 1586 1586 1583 1586 1586 1585 1586 1586 1585 1588 1588
-- 1595 <13
-- worker thread times 2295 2292 2297 2291 2294 2295 2293 2290 2293 2294 2292 2293 2295 2293 2295 2295 2296 2293 2295 2297 2291 2295 2297 2295 2293 2293 2296 2295 2295 2295 2293
-- 2305 <12
-- worker thread times 3 2 2 1 2 2 2 2 2 2 2 3 2 1 2 2 0 0 2 2 2 1 0 2 1 2 1 3 1 1 1
true 1111555
(0 -> 3) (1 -> 44) (2 -> 99) (3 -> 185) (4 -> 199) (5 -> 206) (6 -> 208) (7 -> 305) (8 -> 380) (9 -> 431) (10 -> -1) (11 -> -1) (12 -> -1) (13 -> -1) (14 -> -1) (15 -> -1) (16 -> -1) (17 -> -1) (18 -> -1) (19 -> 179) 
6310 6 16 58 168 381 690 1080 1595 2305 7
EXCEPT=9 FAIL0=6 FAIL1=16 FAIL2=58 FAIL3=168 FAIL4=381 FAIL5=690 FAIL6=1080 FAIL7=1595 FAIL8=2305 SIZE=11 
