-- worker thread times 32 26 31 30 28 30 31 31 27 32 29 32 29 30 28 29 29 28 29 29 28 30 30 30 30 31 32 29 31 27 32
-- 35 <20
-- worker thread times 127 127 128 127 129 127 127 127 128 128 130 130 127 128 130 127 128 129 128 127 127 129 126 127 128 128 130 128 130 129 127
-- 133 <19
-- worker thread times 354 353 352 354 355 352 352 355 355 351 354 351 355 355 353 354 352 352 354 353 355 355 353 354 355 354 354 353 354 352 356
-- 360 <18
-- worker thread times 784 780 785 785 783 782 782 783 781 778 781 783 783 783 782 779 782 784 781 780 782 781 782 781 782 784 781 785 785 784 784
-- 789 <17
-- worker thread times 1532 1535 1534 1531 1533 1531 1533 1531 1530 1535 1530 1533 1531 1530 1532 1533 1532 1531 1532 1534 1533 1535 1534 1531 1533 1533 1532 1532 1534 1532 1535
-- 1539 <16
-- worker thread times 2800 2802 2799 2802 2799 2801 2800 2800 2799 2799 2801 2802 2801 2801 2799 2802 2800 2800 2802 2797 2801 2801 2801 2799 2804 2801 2800 2802 2800 2801 2803
-- 2809 <15
-- worker thread times 4866 4863 4864 4864 4865 4863 4865 4864 4863 4863 4862 4861 4865 4862 4864 4863 4865 4864 4863 4864 4864 4864 4861 4864 4862 4863 4860 4864 4864 4862 4866
-- 4872 <14
-- worker thread times 8158 8157 8160 8158 8155 8157 8156 8158 8156 8157 8160 8159 8159 8159 8157 8157 8160 8155 8156 8156 8158 8158 8161 8155 8160 8159 8160 8159 8158 8157 8160
-- 8167 <13
-- worker thread times 13515 13514 13513 13512 13514 13513 13512 13512 13512 13515 13514 13510 13516 13509 13511 13511 13511 13511 13514 13517 13514 13507 13516 13513 13512 13512 13511 13512 13515 13514 13515
-- 13523 <12
-- worker thread times 23954 23945 23946 23944 23955 23959 23966 23956 23956 23956 23958 23953 23945 23961 23942 23952 23950 23945 23951 23963 23943 23961 23952 23947 23951 23946 23948 23962 23957 23943 23965
-- 23973 <11
-- worker thread times 43794 43793 43794 43794 43794 43794 43793 43793 43794 43793 43793 43794 43793 43794 43793 43793 43794 43793 43793 43793 43793 43793 43793 43793 43794 43794 43794 43794 43794 43794 43794
-- 43797 <10
false 18682775 aborted

100003 35 133 360 789 1539 2809 4872 8167 13523 23973 43797
FAIL0=35 FAIL1=133 FAIL10=43797 FAIL2=360 FAIL3=789 FAIL4=1539 FAIL5=2809 FAIL6=4872 FAIL7=8167 FAIL8=13523 FAIL9=23973 
