-- worker thread times 58 32 67 50 59 81 83 50 55 58 39 36 45 45 34 65 41 33 44 44 44 60 81 47 31 77 33 59 42 65 46
-- 94 <199
-- worker thread times 88 87 86 86 91 86 89 89 87 90 87 87 73 87 89 85 87 71 88 89 87 86 88 86 88 88 89 91 77 85 85
-- 101 <198
-- worker thread times 140 134 133 127 107 111 132 106 132 136 122 134 120 133 133 134 139 137 116 133 135 134 133 133 135 135 131 134 114 132 135
-- 149 <197
-- worker thread times 184 179 180 175 183 176 177 168 177 165 178 179 181 180 184 182 177 171 179 178 166 180 178 180 164 177 178 179 181 172 186
-- 195 <196
-- worker thread times 239 246 247 253 251 247 244 248 244 240 245 246 242 246 246 249 248 248 244 245 258 246 253 239 254 251 249 249 248 246 248
-- 268 <195
-- worker thread times 1935 1917 1932 1924 1911 1930 1933 1918 1945 1906 1941 1924 1935 1935 1939 1911 1941 1926 1922 1914 1932 1934 1926 1938 1941 1927 1923 1940 1947 1930 1917
-- 1963 <194
-- worker thread times 6989 7007 7004 6994 7006 7004 6981 7003 7000 7000 6976 6995 6987 6999 7001 7000 6973 6999 7000 7000 6999 6987 6974 7003 6987 6998 6996 6999 6958 6982 7010
-- 7023 <193
-- worker thread times 19610 19601 19605 19611 19614 19613 19611 19608 19615 19612 19614 19612 19610 19598 19602 19612 19611 19604 19612 19614 19613 19615 19617 19614 19612 19613 19612 19610 19611 19592 19615
-- 19628 <192
-- worker thread times 56447 56453 56450 56446 56448 56447 56447 56445 56446 56447 56444 56445 56449 56449 56446 56445 56443 56446 56445 56448 56446 56449 56439 56442 56447 56444 56448 56446 56445 56438 56452
-- 56467 <191
-- worker thread times 14092 14089 14091 14094 14094 14087 14091 14088 14088 14094 14089 14094 14089 14094 14090 14086 14095 14094 14092 14089 14093 14092 14091 14091 14093 14091 14089 14092 14094 14093 14091
-- 14102 <190
false 1798646 aborted

100005 94 101 149 195 268 1963 7023 19628 56467 14102
FAIL0=94 FAIL1=101 FAIL2=149 FAIL3=195 FAIL4=268 FAIL5=1963 FAIL6=7023 FAIL7=19628 FAIL8=56467 FAIL9=14102 
