-- worker thread times 51 50 28 41 39 40 40 51 27 13 52 27 26 26 44 26 14 27 27 53 27 28 53 37 52 51 38 29 51 30 39
-- 60 <199
-- worker thread times 53 68 66 68 68 67 43 67 68 68 32 67 41 67 67 66 67 68 53 69 68 68 68 54 36 68 58 68 67 65 69
-- 78 <198
-- worker thread times 89 89 89 88 89 91 89 90 88 63 77 90 89 90 90 76 91 91 91 85 91 71 61 90 90 90 77 89 91 65 89
-- 101 <197
-- worker thread times 110 110 109 109 89 80 109 110 108 88 110 111 111 88 96 86 110 110 111 109 110 103 109 109 110 108 110 108 109 112 82
-- 121 <196
-- worker thread times 135 136 137 116 130 109 122 129 134 131 136 131 131 130 126 125 125 139 136 131 130 104 122 137 136 116 135 132 131 131 139
-- 150 <195
-- worker thread times 217 212 192 211 211 216 215 195 218 203 210 216 218 204 219 211 219 220 219 215 218 211 208 217 220 217 216 216 216 207 194
-- 231 <194
-- worker thread times 2886 2882 2876 2876 2870 2879 2880 2878 2869 2878 2881 2881 2872 2878 2881 2864 2883 2864 2873 2875 2882 2876 2881 2881 2882 2878 2880 2881 2875 2878 2881
-- 2894 <193
-- worker thread times 15867 15856 15857 15863 15856 15862 15857 15859 15841 15854 15862 15842 15864 15859 15864 15851 15857 15850 15866 15857 15861 15857 15858 15857 15863 15855 15861 15858 15862 15861 15865
-- 15877 <192
-- worker thread times 54951 54952 54944 54940 54944 54948 54948 54946 54946 54925 54939 54932 54941 54944 54951 54941 54943 54945 54948 54947 54944 54940 54942 54948 54949 54949 54949 54945 54939 54940 54949
-- 54963 <191
-- worker thread times 25502 25502 25505 25506 25505 25504 25506 25503 25505 25504 25505 25506 25506 25502 25505 25506 25491 25506 25501 25506 25504 25492 25503 25506 25505 25502 25505 25506 25506 25502 25500
-- 25515 <190
false 2255777 aborted

100004 60 78 101 121 150 231 2894 15877 54963 25515
FAIL0=60 FAIL1=78 FAIL2=101 FAIL3=121 FAIL4=150 FAIL5=231 FAIL6=2894 FAIL7=15877 FAIL8=54963 FAIL9=25515 
