-- worker thread times 3 2 2 1 2 3 1 1 0 2 3 2 2 1 1 1 1 2 3 1 2 2 2 2 2 3 2 2 2 1 2
-- 9 <49
-- worker thread times 1 6 1 5 4 4 4 4 3 5 3 5 4 4 5 4 5 5 1 4 5 5 4 4 4 1 5 5 1 4 5
-- 11 <48
-- worker thread times 6 5 7 3 7 6 4 3 4 2 6 7 6 5 1 5 7 6 5 6 6 5 5 7 5 6 8 7 9 8 9
-- 15 <47
-- worker thread times 15 15 11 11 15 12 13 11 6 14 14 12 13 9 8 5 15 11 10 12 12 13 11 10 9 12 7 11 14 9 11
-- 23 <46
-- worker thread times 43 39 36 43 33 42 39 42 39 41 38 39 37 37 36 36 39 36 36 39 36 35 36 37 40 37 36 38 37 39 40
-- 52 <45
-- worker thread times 153 147 152 144 146 146 147 144 149 145 146 147 145 148 146 148 145 145 148 147 147 144 149 150 147 148 146 148 148 145 150
-- 160 <44
-- worker thread times 3168 3165 3166 3160 3161 3159 3164 3161 3160 3159 3161 3158 3161 3164 3163 3167 3163 3163 3166 3161 3162 3160 3164 3159 3160 3162 3163 3160 3159 3164 3164
-- 3176 <43
-- worker thread times 19197 19192 19196 19194 19200 19200 19197 19198 19196 19202 19198 19194 19203 19200 19199 19202 19193 19195 19200 19195 19196 19199 19196 19197 19192 19197 19198 19198 19196 19203 19205
-- 19212 <42
-- worker thread times 74286 74289 74288 74286 74292 74287 74292 74291 74288 74286 74292 74281 74289 74290 74288 74291 74289 74285 74284 74284 74288 74290 74293 74283 74285 74287 74290 74289 74288 74292 74295
-- 74304 <41
-- worker thread times 3029 3027 3029 3028 3027 3028 3028 3027 3027 3027 3028 3028 3028 3027 3028 3028 3028 3028 3029 3029 3028 3028 3029 3027 3028 3028 3029 3027 3027 3028 3029
-- 3034 <40
false 2627411 aborted

100002 9 11 15 23 52 160 3176 19212 74304 3034
FAIL0=9 FAIL1=11 FAIL2=15 FAIL3=23 FAIL4=52 FAIL5=160 FAIL6=3176 FAIL7=19212 FAIL8=74304 FAIL9=3034 
