-- 60 31
-- 60 32
-- 60 33
-- 63 34
-- 63 35
-- 63 36
-- 63 37
-- 64 41
-- 68 42
-- 68 43
-- 92 44
-- 127 45
-- 127 46
-- 127 47
-- 129 48
-- 133 49
-- 149 52
true 1255234 52
(1 -> 62) (3 -> 42) (4 -> 58) (6 -> 52) (7 -> 63) (8 -> 69) (10 -> 35) (11 -> 5) (12 -> 46) (14 -> 8) (16 -> 67) (18 -> 44) (19 -> 75) (20 -> 16) (23 -> 68) (24 -> 2) (26 -> 34) (28 -> 79) (31 -> 78) (34 -> 87) (35 -> 1) (38 -> 59) (43 -> 19) (44 -> 48) (48 -> 3) (50 -> 39) (51 -> 82) (52 -> 0) (56 -> 51) (57 -> 74) (59 -> 66) (60 -> 38) (61 -> 88) (62 -> 76) (65 -> 31) (66 -> 11) (67 -> 25) (68 -> 85) (70 -> 13) (72 -> 70) (75 -> 49) (76 -> 14) (77 -> 80) (79 -> 24) (80 -> 45) (81 -> 15) (82 -> 41) (85 -> 6) (86 -> 7) (87 -> 50) (88 -> 18) (89 -> 73) 
636
